[5.326s] Invoking command in '/home/yahboom/Desktop/S26_RobotProgramming_Crystal/Final_project/src/path_planning': PYTHONPATH=/home/yahboom/Desktop/S26_RobotProgramming_Crystal/Final_project/build/path_planning/prefix_override:/home/yahboom/Desktop/S26_RobotProgramming_Crystal/Final_project/install/path_planning/lib/python3.10/site-packages:${PYTHONPATH} /usr/bin/python3 -W ignore:setup.py install is deprecated setup.py egg_info --egg-base ../../build/path_planning build --build-base /home/yahboom/Desktop/S26_RobotProgramming_Crystal/Final_project/build/path_planning/build install --record /home/yahboom/Desktop/S26_RobotProgramming_Crystal/Final_project/build/path_planning/install.log --single-version-externally-managed install_data
[6.240s] running egg_info
[6.244s] writing ../../build/path_planning/path_planning.egg-info/PKG-INFO
[6.248s] writing dependency_links to ../../build/path_planning/path_planning.egg-info/dependency_links.txt
[6.248s] writing entry points to ../../build/path_planning/path_planning.egg-info/entry_points.txt
[6.248s] writing requirements to ../../build/path_planning/path_planning.egg-info/requires.txt
[6.249s] writing top-level names to ../../build/path_planning/path_planning.egg-info/top_level.txt
[6.260s] reading manifest file '../../build/path_planning/path_planning.egg-info/SOURCES.txt'
[6.264s] writing manifest file '../../build/path_planning/path_planning.egg-info/SOURCES.txt'
[6.264s] running build
[6.264s] running build_py
[6.264s] running install
[6.266s] running install_lib
[6.270s] running install_data
[6.270s] running install_egg_info
[6.278s] removing '/home/yahboom/Desktop/S26_RobotProgramming_Crystal/Final_project/install/path_planning/lib/python3.10/site-packages/path_planning-0.0.0-py3.10.egg-info' (and everything under it)
[6.278s] Copying ../../build/path_planning/path_planning.egg-info to /home/yahboom/Desktop/S26_RobotProgramming_Crystal/Final_project/install/path_planning/lib/python3.10/site-packages/path_planning-0.0.0-py3.10.egg-info
[6.283s] running install_scripts
[6.352s] writing list of installed files to '/home/yahboom/Desktop/S26_RobotProgramming_Crystal/Final_project/build/path_planning/install.log'
[6.412s] Invoked command in '/home/yahboom/Desktop/S26_RobotProgramming_Crystal/Final_project/src/path_planning' returned '0': PYTHONPATH=/home/yahboom/Desktop/S26_RobotProgramming_Crystal/Final_project/build/path_planning/prefix_override:/home/yahboom/Desktop/S26_RobotProgramming_Crystal/Final_project/install/path_planning/lib/python3.10/site-packages:${PYTHONPATH} /usr/bin/python3 -W ignore:setup.py install is deprecated setup.py egg_info --egg-base ../../build/path_planning build --build-base /home/yahboom/Desktop/S26_RobotProgramming_Crystal/Final_project/build/path_planning/build install --record /home/yahboom/Desktop/S26_RobotProgramming_Crystal/Final_project/build/path_planning/install.log --single-version-externally-managed install_data
