[1.016s] Invoking command in '/home/yahboom/Desktop/lec9/intro_ws/src/python_parameters': PYTHONPATH=/home/yahboom/Desktop/lec9/intro_ws/build/python_parameters/prefix_override:/home/yahboom/Desktop/lec9/intro_ws/install/python_parameters/lib/python3.10/site-packages:${PYTHONPATH} /usr/bin/python3 -W ignore:setup.py install is deprecated setup.py egg_info --egg-base ../../build/python_parameters build --build-base /home/yahboom/Desktop/lec9/intro_ws/build/python_parameters/build install --record /home/yahboom/Desktop/lec9/intro_ws/build/python_parameters/install.log --single-version-externally-managed install_data
[1.390s] running egg_info
[1.390s] creating ../../build/python_parameters/python_parameters.egg-info
[1.391s] writing ../../build/python_parameters/python_parameters.egg-info/PKG-INFO
[1.391s] writing dependency_links to ../../build/python_parameters/python_parameters.egg-info/dependency_links.txt
[1.391s] writing entry points to ../../build/python_parameters/python_parameters.egg-info/entry_points.txt
[1.391s] writing requirements to ../../build/python_parameters/python_parameters.egg-info/requires.txt
[1.393s] writing top-level names to ../../build/python_parameters/python_parameters.egg-info/top_level.txt
[1.394s] writing manifest file '../../build/python_parameters/python_parameters.egg-info/SOURCES.txt'
[1.397s] reading manifest file '../../build/python_parameters/python_parameters.egg-info/SOURCES.txt'
[1.398s] writing manifest file '../../build/python_parameters/python_parameters.egg-info/SOURCES.txt'
[1.398s] running build
[1.398s] running build_py
[1.398s] creating /home/yahboom/Desktop/lec9/intro_ws/build/python_parameters/build
[1.398s] creating /home/yahboom/Desktop/lec9/intro_ws/build/python_parameters/build/lib
[1.399s] creating /home/yahboom/Desktop/lec9/intro_ws/build/python_parameters/build/lib/python_parameters
[1.399s] copying python_parameters/__init__.py -> /home/yahboom/Desktop/lec9/intro_ws/build/python_parameters/build/lib/python_parameters
[1.399s] copying python_parameters/minimal_param_node.py -> /home/yahboom/Desktop/lec9/intro_ws/build/python_parameters/build/lib/python_parameters
[1.399s] running install
[1.400s] running install_lib
[1.400s] creating /home/yahboom/Desktop/lec9/intro_ws/install/python_parameters/lib/python3.10/site-packages/python_parameters
[1.400s] copying /home/yahboom/Desktop/lec9/intro_ws/build/python_parameters/build/lib/python_parameters/__init__.py -> /home/yahboom/Desktop/lec9/intro_ws/install/python_parameters/lib/python3.10/site-packages/python_parameters
[1.400s] copying /home/yahboom/Desktop/lec9/intro_ws/build/python_parameters/build/lib/python_parameters/minimal_param_node.py -> /home/yahboom/Desktop/lec9/intro_ws/install/python_parameters/lib/python3.10/site-packages/python_parameters
[1.402s] byte-compiling /home/yahboom/Desktop/lec9/intro_ws/install/python_parameters/lib/python3.10/site-packages/python_parameters/__init__.py to __init__.cpython-310.pyc
[1.402s] byte-compiling /home/yahboom/Desktop/lec9/intro_ws/install/python_parameters/lib/python3.10/site-packages/python_parameters/minimal_param_node.py to minimal_param_node.cpython-310.pyc
[1.402s] running install_data
[1.402s] creating /home/yahboom/Desktop/lec9/intro_ws/install/python_parameters/share/ament_index
[1.403s] creating /home/yahboom/Desktop/lec9/intro_ws/install/python_parameters/share/ament_index/resource_index
[1.403s] creating /home/yahboom/Desktop/lec9/intro_ws/install/python_parameters/share/ament_index/resource_index/packages
[1.403s] copying resource/python_parameters -> /home/yahboom/Desktop/lec9/intro_ws/install/python_parameters/share/ament_index/resource_index/packages
[1.403s] copying package.xml -> /home/yahboom/Desktop/lec9/intro_ws/install/python_parameters/share/python_parameters
[1.403s] creating /home/yahboom/Desktop/lec9/intro_ws/install/python_parameters/share/python_parameters/launch
[1.403s] copying launch/run_multi_launch.py -> /home/yahboom/Desktop/lec9/intro_ws/install/python_parameters/share/python_parameters/launch
[1.403s] running install_egg_info
[1.406s] Copying ../../build/python_parameters/python_parameters.egg-info to /home/yahboom/Desktop/lec9/intro_ws/install/python_parameters/lib/python3.10/site-packages/python_parameters-0.0.0-py3.10.egg-info
[1.408s] running install_scripts
[1.440s] Installing minimal_param_node script to /home/yahboom/Desktop/lec9/intro_ws/install/python_parameters/lib/python_parameters
[1.440s] writing list of installed files to '/home/yahboom/Desktop/lec9/intro_ws/build/python_parameters/install.log'
[1.764s] Invoked command in '/home/yahboom/Desktop/lec9/intro_ws/src/python_parameters' returned '0': PYTHONPATH=/home/yahboom/Desktop/lec9/intro_ws/build/python_parameters/prefix_override:/home/yahboom/Desktop/lec9/intro_ws/install/python_parameters/lib/python3.10/site-packages:${PYTHONPATH} /usr/bin/python3 -W ignore:setup.py install is deprecated setup.py egg_info --egg-base ../../build/python_parameters build --build-base /home/yahboom/Desktop/lec9/intro_ws/build/python_parameters/build install --record /home/yahboom/Desktop/lec9/intro_ws/build/python_parameters/install.log --single-version-externally-managed install_data
