[0.043s] Invoking command in '/home/yahboom/roscourse_ws/src/build/turtle_interfaces': CMAKE_PREFIX_PATH=${CMAKE_PREFIX_PATH}:/home/yahboom/cartoros2/install/yahboomcar_nav:/home/yahboom/cartoros2/install/yahboomcar_ctrl:/home/yahboom/cartoros2/install/yahboom_visual:/home/yahboom/cartoros2/install/yahboom_dog_joint_state:/home/yahboom/cartoros2/install/yahboom_description:/home/yahboom/cartoros2/install/yahboom_color_identify_server:/home/yahboom/cartoros2/install/yahboom_bringup:/home/yahboom/cartoros2/install/yahboom_base:/home/yahboom/cartoros2/install/yahboom_app_save_map:/home/yahboom/cartoros2/install/update_map:/home/yahboom/cartoros2/install/rosboard:/home/yahboom/cartoros2/install/path_planner_server:/home/yahboom/cartoros2/install/nav2_simple_commander:/home/yahboom/cartoros2/install/nav2_gazebo_spawner:/home/yahboom/cartoros2/install/localization_server:/home/yahboom/cartoros2/install/laserscan_to_point_pulisher:/home/yahboom/yahboomcar_ws/install/yahboom_dog_example:/opt/ros/humble /usr/bin/cmake /home/yahboom/roscourse_ws/src/turtle_interfaces -DCMAKE_INSTALL_PREFIX=/home/yahboom/roscourse_ws/src/install/turtle_interfaces
[0.339s] -- The C compiler identification is GNU 11.4.0
[0.339s] -- The CXX compiler identification is GNU 11.4.0
[0.339s] -- Detecting C compiler ABI info
[0.371s] -- Detecting C compiler ABI info - done
[0.375s] -- Check for working C compiler: /usr/bin/cc - skipped
[0.376s] -- Detecting C compile features
[0.377s] -- Detecting C compile features - done
[0.380s] -- Detecting CXX compiler ABI info
[0.517s] -- Detecting CXX compiler ABI info - done
[0.522s] -- Check for working CXX compiler: /usr/bin/c++ - skipped
[0.523s] -- Detecting CXX compile features
[0.523s] -- Detecting CXX compile features - done
[0.541s] -- Found ament_cmake: 1.3.8 (/opt/ros/humble/share/ament_cmake/cmake)
[0.789s] -- Found Python3: /usr/bin/python3 (found version "3.10.12") found components: Interpreter 
[1.099s] -- Found ament_lint_auto: 0.12.10 (/opt/ros/humble/share/ament_lint_auto/cmake)
[1.296s] -- Found geometry_msgs: 4.2.3 (/opt/ros/humble/share/geometry_msgs/cmake)
[1.456s] -- Found rosidl_generator_c: 3.1.5 (/opt/ros/humble/share/rosidl_generator_c/cmake)
[1.485s] -- Found rosidl_adapter: 3.1.5 (/opt/ros/humble/share/rosidl_adapter/cmake)
[1.516s] -- Found rosidl_generator_cpp: 3.1.5 (/opt/ros/humble/share/rosidl_generator_cpp/cmake)
[1.556s] -- Using all available rosidl_typesupport_c: rosidl_typesupport_fastrtps_c;rosidl_typesupport_introspection_c
[1.611s] -- Using all available rosidl_typesupport_cpp: rosidl_typesupport_fastrtps_cpp;rosidl_typesupport_introspection_cpp
[1.745s] -- Found rosidl_default_generators: 1.2.0 (/opt/ros/humble/share/rosidl_default_generators/cmake)
[2.045s] -- Found ament_cmake_ros: 0.10.0 (/opt/ros/humble/share/ament_cmake_ros/cmake)
[2.621s] -- Using all available rosidl_typesupport_c: rosidl_typesupport_fastrtps_c;rosidl_typesupport_introspection_c
[2.812s] -- Using all available rosidl_typesupport_cpp: rosidl_typesupport_fastrtps_cpp;rosidl_typesupport_introspection_cpp
[2.845s] -- Found PythonInterp: /usr/bin/python3 (found suitable version "3.10.12", minimum required is "3.6") 
[2.859s] -- Found python_cmake_module: 0.10.0 (/opt/ros/humble/share/python_cmake_module/cmake)
[2.930s] -- Found PythonLibs: /usr/lib/x86_64-linux-gnu/libpython3.10.so (found suitable version "3.10.12", minimum required is "3.5") 
[2.930s] -- Using PYTHON_EXECUTABLE: /usr/bin/python3
[2.931s] -- Using PYTHON_INCLUDE_DIRS: /usr/include/python3.10
[2.931s] -- Using PYTHON_LIBRARIES: /usr/lib/x86_64-linux-gnu/libpython3.10.so
[2.960s] -- Found PythonExtra: .so  
[3.081s] -- Added test 'lint_cmake' to check CMake code style
[3.084s] -- Added test 'xmllint' to check XML markup files
[3.092s] -- Configuring done
[3.132s] -- Generating done
[3.136s] -- Build files have been written to: /home/yahboom/roscourse_ws/src/build/turtle_interfaces
[3.148s] Invoked command in '/home/yahboom/roscourse_ws/src/build/turtle_interfaces' returned '0': CMAKE_PREFIX_PATH=${CMAKE_PREFIX_PATH}:/home/yahboom/cartoros2/install/yahboomcar_nav:/home/yahboom/cartoros2/install/yahboomcar_ctrl:/home/yahboom/cartoros2/install/yahboom_visual:/home/yahboom/cartoros2/install/yahboom_dog_joint_state:/home/yahboom/cartoros2/install/yahboom_description:/home/yahboom/cartoros2/install/yahboom_color_identify_server:/home/yahboom/cartoros2/install/yahboom_bringup:/home/yahboom/cartoros2/install/yahboom_base:/home/yahboom/cartoros2/install/yahboom_app_save_map:/home/yahboom/cartoros2/install/update_map:/home/yahboom/cartoros2/install/rosboard:/home/yahboom/cartoros2/install/path_planner_server:/home/yahboom/cartoros2/install/nav2_simple_commander:/home/yahboom/cartoros2/install/nav2_gazebo_spawner:/home/yahboom/cartoros2/install/localization_server:/home/yahboom/cartoros2/install/laserscan_to_point_pulisher:/home/yahboom/yahboomcar_ws/install/yahboom_dog_example:/opt/ros/humble /usr/bin/cmake /home/yahboom/roscourse_ws/src/turtle_interfaces -DCMAKE_INSTALL_PREFIX=/home/yahboom/roscourse_ws/src/install/turtle_interfaces
[3.150s] Invoking command in '/home/yahboom/roscourse_ws/src/build/turtle_interfaces': CMAKE_PREFIX_PATH=${CMAKE_PREFIX_PATH}:/home/yahboom/cartoros2/install/yahboomcar_nav:/home/yahboom/cartoros2/install/yahboomcar_ctrl:/home/yahboom/cartoros2/install/yahboom_visual:/home/yahboom/cartoros2/install/yahboom_dog_joint_state:/home/yahboom/cartoros2/install/yahboom_description:/home/yahboom/cartoros2/install/yahboom_color_identify_server:/home/yahboom/cartoros2/install/yahboom_bringup:/home/yahboom/cartoros2/install/yahboom_base:/home/yahboom/cartoros2/install/yahboom_app_save_map:/home/yahboom/cartoros2/install/update_map:/home/yahboom/cartoros2/install/rosboard:/home/yahboom/cartoros2/install/path_planner_server:/home/yahboom/cartoros2/install/nav2_simple_commander:/home/yahboom/cartoros2/install/nav2_gazebo_spawner:/home/yahboom/cartoros2/install/localization_server:/home/yahboom/cartoros2/install/laserscan_to_point_pulisher:/home/yahboom/yahboomcar_ws/install/yahboom_dog_example:/opt/ros/humble /usr/bin/cmake --build /home/yahboom/roscourse_ws/src/build/turtle_interfaces -- -j4 -l4
[3.237s] [  2%] [34m[1mGenerating C code for ROS interfaces[0m
[3.261s] [  4%] [34m[1mGenerating C++ code for ROS interfaces[0m
[3.279s] [  4%] Built target ament_cmake_python_copy_turtle_interfaces
[3.600s] running egg_info
[3.600s] creating turtle_interfaces.egg-info
[3.600s] writing turtle_interfaces.egg-info/PKG-INFO
[3.602s] writing dependency_links to turtle_interfaces.egg-info/dependency_links.txt
[3.602s] writing top-level names to turtle_interfaces.egg-info/top_level.txt
[3.602s] writing manifest file 'turtle_interfaces.egg-info/SOURCES.txt'
[3.602s] reading manifest file 'turtle_interfaces.egg-info/SOURCES.txt'
[3.603s] writing manifest file 'turtle_interfaces.egg-info/SOURCES.txt'
[3.644s] [  4%] Built target ament_cmake_python_build_turtle_interfaces_egg
[3.716s] [  4%] Built target turtle_interfaces__cpp
[3.742s] [  6%] [34m[1mGenerating C++ type support for eProsima Fast-RTPS[0m
[3.742s] [  8%] [34m[1mGenerating C++ type support dispatch for ROS interfaces[0m
[3.742s] [ 10%] [34m[1mGenerating C++ introspection for ROS interfaces[0m
[3.764s] [ 12%] [32mBuilding C object CMakeFiles/turtle_interfaces__rosidl_generator_c.dir/rosidl_generator_c/turtle_interfaces/msg/detail/turtle_msg__functions.c.o[0m
[3.839s] [ 14%] [32mBuilding C object CMakeFiles/turtle_interfaces__rosidl_generator_c.dir/rosidl_generator_c/turtle_interfaces/srv/detail/set_pose__functions.c.o[0m
[3.921s] [ 17%] [32mBuilding C object CMakeFiles/turtle_interfaces__rosidl_generator_c.dir/rosidl_generator_c/turtle_interfaces/srv/detail/set_color__functions.c.o[0m
[4.005s] [ 19%] [32m[1mLinking C shared library libturtle_interfaces__rosidl_generator_c.so[0m
[4.079s] [ 19%] Built target turtle_interfaces__rosidl_generator_c
[4.087s] [ 21%] [32mBuilding CXX object CMakeFiles/turtle_interfaces__rosidl_typesupport_cpp.dir/rosidl_typesupport_cpp/turtle_interfaces/msg/turtle_msg__type_support.cpp.o[0m
[4.136s] [ 23%] [34m[1mGenerating C type support for eProsima Fast-RTPS[0m
[4.160s] [ 25%] [32mBuilding CXX object CMakeFiles/turtle_interfaces__rosidl_typesupport_introspection_cpp.dir/rosidl_typesupport_introspection_cpp/turtle_interfaces/msg/detail/turtle_msg__type_support.cpp.o[0m
[4.191s] [ 27%] [32mBuilding CXX object CMakeFiles/turtle_interfaces__rosidl_typesupport_fastrtps_cpp.dir/rosidl_typesupport_fastrtps_cpp/turtle_interfaces/msg/detail/dds_fastrtps/turtle_msg__type_support.cpp.o[0m
[4.396s] [ 29%] [32mBuilding CXX object CMakeFiles/turtle_interfaces__rosidl_typesupport_cpp.dir/rosidl_typesupport_cpp/turtle_interfaces/srv/set_pose__type_support.cpp.o[0m
[4.635s] [ 31%] [32mBuilding CXX object CMakeFiles/turtle_interfaces__rosidl_typesupport_fastrtps_c.dir/rosidl_typesupport_fastrtps_c/turtle_interfaces/msg/detail/turtle_msg__type_support_c.cpp.o[0m
[4.645s] [ 34%] [32mBuilding CXX object CMakeFiles/turtle_interfaces__rosidl_typesupport_introspection_cpp.dir/rosidl_typesupport_introspection_cpp/turtle_interfaces/srv/detail/set_pose__type_support.cpp.o[0m
[4.681s] [ 36%] [32mBuilding CXX object CMakeFiles/turtle_interfaces__rosidl_typesupport_fastrtps_cpp.dir/rosidl_typesupport_fastrtps_cpp/turtle_interfaces/srv/detail/dds_fastrtps/set_pose__type_support.cpp.o[0m
[4.702s] [ 38%] [32mBuilding CXX object CMakeFiles/turtle_interfaces__rosidl_typesupport_cpp.dir/rosidl_typesupport_cpp/turtle_interfaces/srv/set_color__type_support.cpp.o[0m
[5.009s] [ 42%] [32m[1mLinking CXX shared library libturtle_interfaces__rosidl_typesupport_cpp.so[0m
[5.009s] [ 42%] [32mBuilding CXX object CMakeFiles/turtle_interfaces__rosidl_typesupport_fastrtps_c.dir/rosidl_typesupport_fastrtps_c/turtle_interfaces/srv/detail/set_pose__type_support_c.cpp.o[0m
[5.090s] [ 42%] Built target turtle_interfaces__rosidl_typesupport_cpp
[5.095s] [ 44%] [32mBuilding CXX object CMakeFiles/turtle_interfaces__rosidl_typesupport_introspection_cpp.dir/rosidl_typesupport_introspection_cpp/turtle_interfaces/srv/detail/set_color__type_support.cpp.o[0m
[5.108s] [ 46%] [32mBuilding CXX object CMakeFiles/turtle_interfaces__rosidl_typesupport_fastrtps_cpp.dir/rosidl_typesupport_fastrtps_cpp/turtle_interfaces/srv/detail/dds_fastrtps/set_color__type_support.cpp.o[0m
[5.112s] [ 48%] [32mBuilding CXX object CMakeFiles/turtle_interfaces__rosidl_typesupport_fastrtps_c.dir/rosidl_typesupport_fastrtps_c/turtle_interfaces/srv/detail/set_color__type_support_c.cpp.o[0m
[5.424s] [ 51%] [34m[1mGenerating C introspection for ROS interfaces[0m
[5.513s] [ 53%] [32m[1mLinking CXX shared library libturtle_interfaces__rosidl_typesupport_fastrtps_c.so[0m
[5.528s] [ 55%] [32m[1mLinking CXX shared library libturtle_interfaces__rosidl_typesupport_fastrtps_cpp.so[0m
[5.559s] [ 57%] [32m[1mLinking CXX shared library libturtle_interfaces__rosidl_typesupport_introspection_cpp.so[0m
[5.634s] [ 57%] Built target turtle_interfaces__rosidl_typesupport_fastrtps_c
[5.660s] [ 59%] [34m[1mGenerating C type support dispatch for ROS interfaces[0m
[5.664s] [ 59%] Built target turtle_interfaces__rosidl_typesupport_fastrtps_cpp
[5.672s] [ 59%] Built target turtle_interfaces__rosidl_typesupport_introspection_cpp
[5.836s] [ 63%] [32mBuilding C object CMakeFiles/turtle_interfaces__rosidl_typesupport_introspection_c.dir/rosidl_typesupport_introspection_c/turtle_interfaces/msg/detail/turtle_msg__type_support.c.o[0m
[5.836s] [ 63%] [32mBuilding C object CMakeFiles/turtle_interfaces__rosidl_typesupport_introspection_c.dir/rosidl_typesupport_introspection_c/turtle_interfaces/srv/detail/set_pose__type_support.c.o[0m
[5.836s] [ 65%] [32mBuilding C object CMakeFiles/turtle_interfaces__rosidl_typesupport_introspection_c.dir/rosidl_typesupport_introspection_c/turtle_interfaces/srv/detail/set_color__type_support.c.o[0m
[5.896s] [ 68%] [32m[1mLinking C shared library libturtle_interfaces__rosidl_typesupport_introspection_c.so[0m
[5.961s] [ 74%] [32mBuilding CXX object CMakeFiles/turtle_interfaces__rosidl_typesupport_c.dir/rosidl_typesupport_c/turtle_interfaces/msg/turtle_msg__type_support.cpp.o[0m
[5.962s] [ 74%] [32mBuilding CXX object CMakeFiles/turtle_interfaces__rosidl_typesupport_c.dir/rosidl_typesupport_c/turtle_interfaces/srv/set_pose__type_support.cpp.o[0m
[5.962s] [ 74%] [32mBuilding CXX object CMakeFiles/turtle_interfaces__rosidl_typesupport_c.dir/rosidl_typesupport_c/turtle_interfaces/srv/set_color__type_support.cpp.o[0m
[5.964s] [ 74%] Built target turtle_interfaces__rosidl_typesupport_introspection_c
[6.014s] [ 76%] [32m[1mLinking CXX shared library libturtle_interfaces__rosidl_typesupport_c.so[0m
[6.085s] [ 76%] Built target turtle_interfaces__rosidl_typesupport_c
[6.134s] [ 76%] Built target turtle_interfaces
[6.183s] [ 78%] [34m[1mGenerating Python code for ROS interfaces[0m
[6.699s] [ 78%] Built target turtle_interfaces__py
[6.750s] [ 85%] [32mBuilding C object CMakeFiles/turtle_interfaces__rosidl_generator_py.dir/rosidl_generator_py/turtle_interfaces/srv/_set_color_s.c.o[0m
[6.750s] [ 85%] [32mBuilding C object CMakeFiles/turtle_interfaces__rosidl_generator_py.dir/rosidl_generator_py/turtle_interfaces/msg/_turtle_msg_s.c.o[0m
[6.750s] [ 85%] [32mBuilding C object CMakeFiles/turtle_interfaces__rosidl_generator_py.dir/rosidl_generator_py/turtle_interfaces/srv/_set_pose_s.c.o[0m
[6.869s] [ 87%] [32m[1mLinking C shared library rosidl_generator_py/turtle_interfaces/libturtle_interfaces__rosidl_generator_py.so[0m
[6.942s] [ 87%] Built target turtle_interfaces__rosidl_generator_py
[6.989s] [ 93%] [32mBuilding C object CMakeFiles/turtle_interfaces__rosidl_typesupport_fastrtps_c__pyext.dir/rosidl_generator_py/turtle_interfaces/_turtle_interfaces_s.ep.rosidl_typesupport_fastrtps_c.c.o[0m
[6.989s] [ 93%] [32mBuilding C object CMakeFiles/turtle_interfaces__rosidl_typesupport_introspection_c__pyext.dir/rosidl_generator_py/turtle_interfaces/_turtle_interfaces_s.ep.rosidl_typesupport_introspection_c.c.o[0m
[6.989s] [ 93%] [32mBuilding C object CMakeFiles/turtle_interfaces__rosidl_typesupport_c__pyext.dir/rosidl_generator_py/turtle_interfaces/_turtle_interfaces_s.ep.rosidl_typesupport_c.c.o[0m
[7.117s] [100%] [32m[1mLinking C shared library rosidl_generator_py/turtle_interfaces/turtle_interfaces_s__rosidl_typesupport_c.cpython-310-x86_64-linux-gnu.so[0m
[7.117s] [100%] [32m[1mLinking C shared library rosidl_generator_py/turtle_interfaces/turtle_interfaces_s__rosidl_typesupport_fastrtps_c.cpython-310-x86_64-linux-gnu.so[0m
[7.117s] [100%] [32m[1mLinking C shared library rosidl_generator_py/turtle_interfaces/turtle_interfaces_s__rosidl_typesupport_introspection_c.cpython-310-x86_64-linux-gnu.so[0m
[7.186s] [100%] Built target turtle_interfaces__rosidl_typesupport_introspection_c__pyext
[7.186s] [100%] Built target turtle_interfaces__rosidl_typesupport_c__pyext
[7.186s] [100%] Built target turtle_interfaces__rosidl_typesupport_fastrtps_c__pyext
[7.209s] Invoked command in '/home/yahboom/roscourse_ws/src/build/turtle_interfaces' returned '0': CMAKE_PREFIX_PATH=${CMAKE_PREFIX_PATH}:/home/yahboom/cartoros2/install/yahboomcar_nav:/home/yahboom/cartoros2/install/yahboomcar_ctrl:/home/yahboom/cartoros2/install/yahboom_visual:/home/yahboom/cartoros2/install/yahboom_dog_joint_state:/home/yahboom/cartoros2/install/yahboom_description:/home/yahboom/cartoros2/install/yahboom_color_identify_server:/home/yahboom/cartoros2/install/yahboom_bringup:/home/yahboom/cartoros2/install/yahboom_base:/home/yahboom/cartoros2/install/yahboom_app_save_map:/home/yahboom/cartoros2/install/update_map:/home/yahboom/cartoros2/install/rosboard:/home/yahboom/cartoros2/install/path_planner_server:/home/yahboom/cartoros2/install/nav2_simple_commander:/home/yahboom/cartoros2/install/nav2_gazebo_spawner:/home/yahboom/cartoros2/install/localization_server:/home/yahboom/cartoros2/install/laserscan_to_point_pulisher:/home/yahboom/yahboomcar_ws/install/yahboom_dog_example:/opt/ros/humble /usr/bin/cmake --build /home/yahboom/roscourse_ws/src/build/turtle_interfaces -- -j4 -l4
[7.582s] Invoking command in '/home/yahboom/roscourse_ws/src/build/turtle_interfaces': CMAKE_PREFIX_PATH=${CMAKE_PREFIX_PATH}:/home/yahboom/cartoros2/install/yahboomcar_nav:/home/yahboom/cartoros2/install/yahboomcar_ctrl:/home/yahboom/cartoros2/install/yahboom_visual:/home/yahboom/cartoros2/install/yahboom_dog_joint_state:/home/yahboom/cartoros2/install/yahboom_description:/home/yahboom/cartoros2/install/yahboom_color_identify_server:/home/yahboom/cartoros2/install/yahboom_bringup:/home/yahboom/cartoros2/install/yahboom_base:/home/yahboom/cartoros2/install/yahboom_app_save_map:/home/yahboom/cartoros2/install/update_map:/home/yahboom/cartoros2/install/rosboard:/home/yahboom/cartoros2/install/path_planner_server:/home/yahboom/cartoros2/install/nav2_simple_commander:/home/yahboom/cartoros2/install/nav2_gazebo_spawner:/home/yahboom/cartoros2/install/localization_server:/home/yahboom/cartoros2/install/laserscan_to_point_pulisher:/home/yahboom/yahboomcar_ws/install/yahboom_dog_example:/opt/ros/humble /usr/bin/cmake --install /home/yahboom/roscourse_ws/src/build/turtle_interfaces
[7.599s] -- Install configuration: ""
[7.599s] -- Installing: /home/yahboom/roscourse_ws/src/install/turtle_interfaces/share/ament_index/resource_index/rosidl_interfaces/turtle_interfaces
[7.599s] -- Installing: /home/yahboom/roscourse_ws/src/install/turtle_interfaces/include/turtle_interfaces/turtle_interfaces
[7.599s] -- Installing: /home/yahboom/roscourse_ws/src/install/turtle_interfaces/include/turtle_interfaces/turtle_interfaces/srv
[7.600s] -- Installing: /home/yahboom/roscourse_ws/src/install/turtle_interfaces/include/turtle_interfaces/turtle_interfaces/srv/detail
[7.600s] -- Installing: /home/yahboom/roscourse_ws/src/install/turtle_interfaces/include/turtle_interfaces/turtle_interfaces/srv/detail/set_color__type_support.h
[7.600s] -- Installing: /home/yahboom/roscourse_ws/src/install/turtle_interfaces/include/turtle_interfaces/turtle_interfaces/srv/detail/set_color__functions.h
[7.600s] -- Installing: /home/yahboom/roscourse_ws/src/install/turtle_interfaces/include/turtle_interfaces/turtle_interfaces/srv/detail/set_pose__functions.h
[7.600s] -- Installing: /home/yahboom/roscourse_ws/src/install/turtle_interfaces/include/turtle_interfaces/turtle_interfaces/srv/detail/set_color__functions.c
[7.600s] -- Installing: /home/yahboom/roscourse_ws/src/install/turtle_interfaces/include/turtle_interfaces/turtle_interfaces/srv/detail/set_pose__struct.h
[7.601s] -- Installing: /home/yahboom/roscourse_ws/src/install/turtle_interfaces/include/turtle_interfaces/turtle_interfaces/srv/detail/set_pose__type_support.h
[7.601s] -- Installing: /home/yahboom/roscourse_ws/src/install/turtle_interfaces/include/turtle_interfaces/turtle_interfaces/srv/detail/set_color__struct.h
[7.601s] -- Installing: /home/yahboom/roscourse_ws/src/install/turtle_interfaces/include/turtle_interfaces/turtle_interfaces/srv/detail/set_pose__functions.c
[7.601s] -- Installing: /home/yahboom/roscourse_ws/src/install/turtle_interfaces/include/turtle_interfaces/turtle_interfaces/srv/set_pose.h
[7.601s] -- Installing: /home/yahboom/roscourse_ws/src/install/turtle_interfaces/include/turtle_interfaces/turtle_interfaces/srv/set_color.h
[7.601s] -- Installing: /home/yahboom/roscourse_ws/src/install/turtle_interfaces/include/turtle_interfaces/turtle_interfaces/msg
[7.601s] -- Installing: /home/yahboom/roscourse_ws/src/install/turtle_interfaces/include/turtle_interfaces/turtle_interfaces/msg/detail
[7.601s] -- Installing: /home/yahboom/roscourse_ws/src/install/turtle_interfaces/include/turtle_interfaces/turtle_interfaces/msg/detail/turtle_msg__functions.c
[7.602s] -- Installing: /home/yahboom/roscourse_ws/src/install/turtle_interfaces/include/turtle_interfaces/turtle_interfaces/msg/detail/turtle_msg__type_support.h
[7.602s] -- Installing: /home/yahboom/roscourse_ws/src/install/turtle_interfaces/include/turtle_interfaces/turtle_interfaces/msg/detail/turtle_msg__functions.h
[7.602s] -- Installing: /home/yahboom/roscourse_ws/src/install/turtle_interfaces/include/turtle_interfaces/turtle_interfaces/msg/detail/turtle_msg__struct.h
[7.602s] -- Installing: /home/yahboom/roscourse_ws/src/install/turtle_interfaces/include/turtle_interfaces/turtle_interfaces/msg/turtle_msg.h
[7.602s] -- Installing: /home/yahboom/roscourse_ws/src/install/turtle_interfaces/include/turtle_interfaces/turtle_interfaces/msg/rosidl_generator_c__visibility_control.h
[7.603s] -- Installing: /home/yahboom/roscourse_ws/src/install/turtle_interfaces/share/turtle_interfaces/environment/library_path.sh
[7.603s] -- Installing: /home/yahboom/roscourse_ws/src/install/turtle_interfaces/share/turtle_interfaces/environment/library_path.dsv
[7.603s] -- Installing: /home/yahboom/roscourse_ws/src/install/turtle_interfaces/lib/libturtle_interfaces__rosidl_generator_c.so
[7.604s] -- Set runtime path of "/home/yahboom/roscourse_ws/src/install/turtle_interfaces/lib/libturtle_interfaces__rosidl_generator_c.so" to ""
[7.604s] -- Up-to-date: /home/yahboom/roscourse_ws/src/install/turtle_interfaces/include/turtle_interfaces/turtle_interfaces
[7.604s] -- Up-to-date: /home/yahboom/roscourse_ws/src/install/turtle_interfaces/include/turtle_interfaces/turtle_interfaces/srv
[7.604s] -- Up-to-date: /home/yahboom/roscourse_ws/src/install/turtle_interfaces/include/turtle_interfaces/turtle_interfaces/srv/detail
[7.605s] -- Installing: /home/yahboom/roscourse_ws/src/install/turtle_interfaces/include/turtle_interfaces/turtle_interfaces/srv/detail/set_color__rosidl_typesupport_fastrtps_c.h
[7.605s] -- Installing: /home/yahboom/roscourse_ws/src/install/turtle_interfaces/include/turtle_interfaces/turtle_interfaces/srv/detail/set_pose__rosidl_typesupport_fastrtps_c.h
[7.605s] -- Up-to-date: /home/yahboom/roscourse_ws/src/install/turtle_interfaces/include/turtle_interfaces/turtle_interfaces/msg
[7.605s] -- Up-to-date: /home/yahboom/roscourse_ws/src/install/turtle_interfaces/include/turtle_interfaces/turtle_interfaces/msg/detail
[7.605s] -- Installing: /home/yahboom/roscourse_ws/src/install/turtle_interfaces/include/turtle_interfaces/turtle_interfaces/msg/detail/turtle_msg__rosidl_typesupport_fastrtps_c.h
[7.605s] -- Installing: /home/yahboom/roscourse_ws/src/install/turtle_interfaces/include/turtle_interfaces/turtle_interfaces/msg/rosidl_typesupport_fastrtps_c__visibility_control.h
[7.605s] -- Installing: /home/yahboom/roscourse_ws/src/install/turtle_interfaces/lib/libturtle_interfaces__rosidl_typesupport_fastrtps_c.so
[7.606s] -- Set runtime path of "/home/yahboom/roscourse_ws/src/install/turtle_interfaces/lib/libturtle_interfaces__rosidl_typesupport_fastrtps_c.so" to ""
[7.606s] -- Up-to-date: /home/yahboom/roscourse_ws/src/install/turtle_interfaces/include/turtle_interfaces/turtle_interfaces
[7.606s] -- Up-to-date: /home/yahboom/roscourse_ws/src/install/turtle_interfaces/include/turtle_interfaces/turtle_interfaces/srv
[7.606s] -- Installing: /home/yahboom/roscourse_ws/src/install/turtle_interfaces/include/turtle_interfaces/turtle_interfaces/srv/set_pose.hpp
[7.606s] -- Up-to-date: /home/yahboom/roscourse_ws/src/install/turtle_interfaces/include/turtle_interfaces/turtle_interfaces/srv/detail
[7.606s] -- Installing: /home/yahboom/roscourse_ws/src/install/turtle_interfaces/include/turtle_interfaces/turtle_interfaces/srv/detail/set_color__struct.hpp
[7.606s] -- Installing: /home/yahboom/roscourse_ws/src/install/turtle_interfaces/include/turtle_interfaces/turtle_interfaces/srv/detail/set_color__builder.hpp
[7.606s] -- Installing: /home/yahboom/roscourse_ws/src/install/turtle_interfaces/include/turtle_interfaces/turtle_interfaces/srv/detail/set_pose__traits.hpp
[7.607s] -- Installing: /home/yahboom/roscourse_ws/src/install/turtle_interfaces/include/turtle_interfaces/turtle_interfaces/srv/detail/set_color__traits.hpp
[7.607s] -- Installing: /home/yahboom/roscourse_ws/src/install/turtle_interfaces/include/turtle_interfaces/turtle_interfaces/srv/detail/set_pose__builder.hpp
[7.607s] -- Installing: /home/yahboom/roscourse_ws/src/install/turtle_interfaces/include/turtle_interfaces/turtle_interfaces/srv/detail/set_pose__struct.hpp
[7.607s] -- Installing: /home/yahboom/roscourse_ws/src/install/turtle_interfaces/include/turtle_interfaces/turtle_interfaces/srv/set_color.hpp
[7.607s] -- Up-to-date: /home/yahboom/roscourse_ws/src/install/turtle_interfaces/include/turtle_interfaces/turtle_interfaces/msg
[7.607s] -- Up-to-date: /home/yahboom/roscourse_ws/src/install/turtle_interfaces/include/turtle_interfaces/turtle_interfaces/msg/detail
[7.608s] -- Installing: /home/yahboom/roscourse_ws/src/install/turtle_interfaces/include/turtle_interfaces/turtle_interfaces/msg/detail/turtle_msg__traits.hpp
[7.608s] -- Installing: /home/yahboom/roscourse_ws/src/install/turtle_interfaces/include/turtle_interfaces/turtle_interfaces/msg/detail/turtle_msg__struct.hpp
[7.608s] -- Installing: /home/yahboom/roscourse_ws/src/install/turtle_interfaces/include/turtle_interfaces/turtle_interfaces/msg/detail/turtle_msg__builder.hpp
[7.608s] -- Installing: /home/yahboom/roscourse_ws/src/install/turtle_interfaces/include/turtle_interfaces/turtle_interfaces/msg/turtle_msg.hpp
[7.608s] -- Up-to-date: /home/yahboom/roscourse_ws/src/install/turtle_interfaces/include/turtle_interfaces/turtle_interfaces
[7.608s] -- Up-to-date: /home/yahboom/roscourse_ws/src/install/turtle_interfaces/include/turtle_interfaces/turtle_interfaces/srv
[7.608s] -- Up-to-date: /home/yahboom/roscourse_ws/src/install/turtle_interfaces/include/turtle_interfaces/turtle_interfaces/srv/detail
[7.608s] -- Installing: /home/yahboom/roscourse_ws/src/install/turtle_interfaces/include/turtle_interfaces/turtle_interfaces/srv/detail/set_color__rosidl_typesupport_fastrtps_cpp.hpp
[7.609s] -- Installing: /home/yahboom/roscourse_ws/src/install/turtle_interfaces/include/turtle_interfaces/turtle_interfaces/srv/detail/set_pose__rosidl_typesupport_fastrtps_cpp.hpp
[7.609s] -- Installing: /home/yahboom/roscourse_ws/src/install/turtle_interfaces/include/turtle_interfaces/turtle_interfaces/srv/detail/dds_fastrtps
[7.609s] -- Up-to-date: /home/yahboom/roscourse_ws/src/install/turtle_interfaces/include/turtle_interfaces/turtle_interfaces/msg
[7.609s] -- Up-to-date: /home/yahboom/roscourse_ws/src/install/turtle_interfaces/include/turtle_interfaces/turtle_interfaces/msg/detail
[7.609s] -- Installing: /home/yahboom/roscourse_ws/src/install/turtle_interfaces/include/turtle_interfaces/turtle_interfaces/msg/detail/turtle_msg__rosidl_typesupport_fastrtps_cpp.hpp
[7.609s] -- Installing: /home/yahboom/roscourse_ws/src/install/turtle_interfaces/include/turtle_interfaces/turtle_interfaces/msg/detail/dds_fastrtps
[7.609s] -- Installing: /home/yahboom/roscourse_ws/src/install/turtle_interfaces/include/turtle_interfaces/turtle_interfaces/msg/rosidl_typesupport_fastrtps_cpp__visibility_control.h
[7.609s] -- Installing: /home/yahboom/roscourse_ws/src/install/turtle_interfaces/lib/libturtle_interfaces__rosidl_typesupport_fastrtps_cpp.so
[7.610s] -- Set runtime path of "/home/yahboom/roscourse_ws/src/install/turtle_interfaces/lib/libturtle_interfaces__rosidl_typesupport_fastrtps_cpp.so" to ""
[7.610s] -- Up-to-date: /home/yahboom/roscourse_ws/src/install/turtle_interfaces/include/turtle_interfaces/turtle_interfaces
[7.610s] -- Up-to-date: /home/yahboom/roscourse_ws/src/install/turtle_interfaces/include/turtle_interfaces/turtle_interfaces/srv
[7.610s] -- Up-to-date: /home/yahboom/roscourse_ws/src/install/turtle_interfaces/include/turtle_interfaces/turtle_interfaces/srv/detail
[7.610s] -- Installing: /home/yahboom/roscourse_ws/src/install/turtle_interfaces/include/turtle_interfaces/turtle_interfaces/srv/detail/set_color__type_support.c
[7.610s] -- Installing: /home/yahboom/roscourse_ws/src/install/turtle_interfaces/include/turtle_interfaces/turtle_interfaces/srv/detail/set_pose__rosidl_typesupport_introspection_c.h
[7.610s] -- Installing: /home/yahboom/roscourse_ws/src/install/turtle_interfaces/include/turtle_interfaces/turtle_interfaces/srv/detail/set_pose__type_support.c
[7.611s] -- Installing: /home/yahboom/roscourse_ws/src/install/turtle_interfaces/include/turtle_interfaces/turtle_interfaces/srv/detail/set_color__rosidl_typesupport_introspection_c.h
[7.611s] -- Up-to-date: /home/yahboom/roscourse_ws/src/install/turtle_interfaces/include/turtle_interfaces/turtle_interfaces/msg
[7.611s] -- Up-to-date: /home/yahboom/roscourse_ws/src/install/turtle_interfaces/include/turtle_interfaces/turtle_interfaces/msg/detail
[7.611s] -- Installing: /home/yahboom/roscourse_ws/src/install/turtle_interfaces/include/turtle_interfaces/turtle_interfaces/msg/detail/turtle_msg__rosidl_typesupport_introspection_c.h
[7.611s] -- Installing: /home/yahboom/roscourse_ws/src/install/turtle_interfaces/include/turtle_interfaces/turtle_interfaces/msg/detail/turtle_msg__type_support.c
[7.611s] -- Installing: /home/yahboom/roscourse_ws/src/install/turtle_interfaces/include/turtle_interfaces/turtle_interfaces/msg/rosidl_typesupport_introspection_c__visibility_control.h
[7.611s] -- Installing: /home/yahboom/roscourse_ws/src/install/turtle_interfaces/lib/libturtle_interfaces__rosidl_typesupport_introspection_c.so
[7.612s] -- Set runtime path of "/home/yahboom/roscourse_ws/src/install/turtle_interfaces/lib/libturtle_interfaces__rosidl_typesupport_introspection_c.so" to ""
[7.612s] -- Installing: /home/yahboom/roscourse_ws/src/install/turtle_interfaces/lib/libturtle_interfaces__rosidl_typesupport_c.so
[7.612s] -- Set runtime path of "/home/yahboom/roscourse_ws/src/install/turtle_interfaces/lib/libturtle_interfaces__rosidl_typesupport_c.so" to ""
[7.613s] -- Up-to-date: /home/yahboom/roscourse_ws/src/install/turtle_interfaces/include/turtle_interfaces/turtle_interfaces
[7.613s] -- Up-to-date: /home/yahboom/roscourse_ws/src/install/turtle_interfaces/include/turtle_interfaces/turtle_interfaces/srv
[7.613s] -- Up-to-date: /home/yahboom/roscourse_ws/src/install/turtle_interfaces/include/turtle_interfaces/turtle_interfaces/srv/detail
[7.613s] -- Installing: /home/yahboom/roscourse_ws/src/install/turtle_interfaces/include/turtle_interfaces/turtle_interfaces/srv/detail/set_color__type_support.cpp
[7.613s] -- Installing: /home/yahboom/roscourse_ws/src/install/turtle_interfaces/include/turtle_interfaces/turtle_interfaces/srv/detail/set_pose__rosidl_typesupport_introspection_cpp.hpp
[7.613s] -- Installing: /home/yahboom/roscourse_ws/src/install/turtle_interfaces/include/turtle_interfaces/turtle_interfaces/srv/detail/set_pose__type_support.cpp
[7.613s] -- Installing: /home/yahboom/roscourse_ws/src/install/turtle_interfaces/include/turtle_interfaces/turtle_interfaces/srv/detail/set_color__rosidl_typesupport_introspection_cpp.hpp
[7.613s] -- Up-to-date: /home/yahboom/roscourse_ws/src/install/turtle_interfaces/include/turtle_interfaces/turtle_interfaces/msg
[7.613s] -- Up-to-date: /home/yahboom/roscourse_ws/src/install/turtle_interfaces/include/turtle_interfaces/turtle_interfaces/msg/detail
[7.613s] -- Installing: /home/yahboom/roscourse_ws/src/install/turtle_interfaces/include/turtle_interfaces/turtle_interfaces/msg/detail/turtle_msg__type_support.cpp
[7.613s] -- Installing: /home/yahboom/roscourse_ws/src/install/turtle_interfaces/include/turtle_interfaces/turtle_interfaces/msg/detail/turtle_msg__rosidl_typesupport_introspection_cpp.hpp
[7.614s] -- Installing: /home/yahboom/roscourse_ws/src/install/turtle_interfaces/lib/libturtle_interfaces__rosidl_typesupport_introspection_cpp.so
[7.614s] -- Set runtime path of "/home/yahboom/roscourse_ws/src/install/turtle_interfaces/lib/libturtle_interfaces__rosidl_typesupport_introspection_cpp.so" to ""
[7.614s] -- Installing: /home/yahboom/roscourse_ws/src/install/turtle_interfaces/lib/libturtle_interfaces__rosidl_typesupport_cpp.so
[7.615s] -- Set runtime path of "/home/yahboom/roscourse_ws/src/install/turtle_interfaces/lib/libturtle_interfaces__rosidl_typesupport_cpp.so" to ""
[7.615s] -- Installing: /home/yahboom/roscourse_ws/src/install/turtle_interfaces/share/turtle_interfaces/environment/pythonpath.sh
[7.615s] -- Installing: /home/yahboom/roscourse_ws/src/install/turtle_interfaces/share/turtle_interfaces/environment/pythonpath.dsv
[7.615s] -- Installing: /home/yahboom/roscourse_ws/src/install/turtle_interfaces/local/lib/python3.10/dist-packages/turtle_interfaces-0.0.0-py3.10.egg-info
[7.615s] -- Installing: /home/yahboom/roscourse_ws/src/install/turtle_interfaces/local/lib/python3.10/dist-packages/turtle_interfaces-0.0.0-py3.10.egg-info/top_level.txt
[7.615s] -- Installing: /home/yahboom/roscourse_ws/src/install/turtle_interfaces/local/lib/python3.10/dist-packages/turtle_interfaces-0.0.0-py3.10.egg-info/PKG-INFO
[7.615s] -- Installing: /home/yahboom/roscourse_ws/src/install/turtle_interfaces/local/lib/python3.10/dist-packages/turtle_interfaces-0.0.0-py3.10.egg-info/dependency_links.txt
[7.616s] -- Installing: /home/yahboom/roscourse_ws/src/install/turtle_interfaces/local/lib/python3.10/dist-packages/turtle_interfaces-0.0.0-py3.10.egg-info/SOURCES.txt
[7.616s] -- Installing: /home/yahboom/roscourse_ws/src/install/turtle_interfaces/local/lib/python3.10/dist-packages/turtle_interfaces
[7.616s] -- Installing: /home/yahboom/roscourse_ws/src/install/turtle_interfaces/local/lib/python3.10/dist-packages/turtle_interfaces/libturtle_interfaces__rosidl_generator_py.so
[7.616s] -- Installing: /home/yahboom/roscourse_ws/src/install/turtle_interfaces/local/lib/python3.10/dist-packages/turtle_interfaces/_turtle_interfaces_s.ep.rosidl_typesupport_c.c
[7.616s] -- Installing: /home/yahboom/roscourse_ws/src/install/turtle_interfaces/local/lib/python3.10/dist-packages/turtle_interfaces/srv
[7.616s] -- Installing: /home/yahboom/roscourse_ws/src/install/turtle_interfaces/local/lib/python3.10/dist-packages/turtle_interfaces/srv/_set_color.py
[7.617s] -- Installing: /home/yahboom/roscourse_ws/src/install/turtle_interfaces/local/lib/python3.10/dist-packages/turtle_interfaces/srv/_set_pose_s.c
[7.617s] -- Installing: /home/yahboom/roscourse_ws/src/install/turtle_interfaces/local/lib/python3.10/dist-packages/turtle_interfaces/srv/__init__.py
[7.617s] -- Installing: /home/yahboom/roscourse_ws/src/install/turtle_interfaces/local/lib/python3.10/dist-packages/turtle_interfaces/srv/_set_color_s.c
[7.617s] -- Installing: /home/yahboom/roscourse_ws/src/install/turtle_interfaces/local/lib/python3.10/dist-packages/turtle_interfaces/srv/_set_pose.py
[7.617s] -- Installing: /home/yahboom/roscourse_ws/src/install/turtle_interfaces/local/lib/python3.10/dist-packages/turtle_interfaces/turtle_interfaces_s__rosidl_typesupport_introspection_c.cpython-310-x86_64-linux-gnu.so
[7.618s] -- Installing: /home/yahboom/roscourse_ws/src/install/turtle_interfaces/local/lib/python3.10/dist-packages/turtle_interfaces/__init__.py
[7.618s] -- Installing: /home/yahboom/roscourse_ws/src/install/turtle_interfaces/local/lib/python3.10/dist-packages/turtle_interfaces/turtle_interfaces_s__rosidl_typesupport_fastrtps_c.cpython-310-x86_64-linux-gnu.so
[7.618s] -- Installing: /home/yahboom/roscourse_ws/src/install/turtle_interfaces/local/lib/python3.10/dist-packages/turtle_interfaces/_turtle_interfaces_s.ep.rosidl_typesupport_introspection_c.c
[7.618s] -- Installing: /home/yahboom/roscourse_ws/src/install/turtle_interfaces/local/lib/python3.10/dist-packages/turtle_interfaces/msg
[7.618s] -- Installing: /home/yahboom/roscourse_ws/src/install/turtle_interfaces/local/lib/python3.10/dist-packages/turtle_interfaces/msg/_turtle_msg.py
[7.618s] -- Installing: /home/yahboom/roscourse_ws/src/install/turtle_interfaces/local/lib/python3.10/dist-packages/turtle_interfaces/msg/__init__.py
[7.619s] -- Installing: /home/yahboom/roscourse_ws/src/install/turtle_interfaces/local/lib/python3.10/dist-packages/turtle_interfaces/msg/_turtle_msg_s.c
[7.619s] -- Installing: /home/yahboom/roscourse_ws/src/install/turtle_interfaces/local/lib/python3.10/dist-packages/turtle_interfaces/turtle_interfaces_s__rosidl_typesupport_c.cpython-310-x86_64-linux-gnu.so
[7.619s] -- Installing: /home/yahboom/roscourse_ws/src/install/turtle_interfaces/local/lib/python3.10/dist-packages/turtle_interfaces/_turtle_interfaces_s.ep.rosidl_typesupport_fastrtps_c.c
[7.670s] Listing '/home/yahboom/roscourse_ws/src/install/turtle_interfaces/local/lib/python3.10/dist-packages/turtle_interfaces'...
[7.670s] Compiling '/home/yahboom/roscourse_ws/src/install/turtle_interfaces/local/lib/python3.10/dist-packages/turtle_interfaces/__init__.py'...
[7.670s] Listing '/home/yahboom/roscourse_ws/src/install/turtle_interfaces/local/lib/python3.10/dist-packages/turtle_interfaces/msg'...
[7.670s] Compiling '/home/yahboom/roscourse_ws/src/install/turtle_interfaces/local/lib/python3.10/dist-packages/turtle_interfaces/msg/__init__.py'...
[7.670s] Compiling '/home/yahboom/roscourse_ws/src/install/turtle_interfaces/local/lib/python3.10/dist-packages/turtle_interfaces/msg/_turtle_msg.py'...
[7.670s] Listing '/home/yahboom/roscourse_ws/src/install/turtle_interfaces/local/lib/python3.10/dist-packages/turtle_interfaces/srv'...
[7.670s] Compiling '/home/yahboom/roscourse_ws/src/install/turtle_interfaces/local/lib/python3.10/dist-packages/turtle_interfaces/srv/__init__.py'...
[7.670s] Compiling '/home/yahboom/roscourse_ws/src/install/turtle_interfaces/local/lib/python3.10/dist-packages/turtle_interfaces/srv/_set_color.py'...
[7.670s] Compiling '/home/yahboom/roscourse_ws/src/install/turtle_interfaces/local/lib/python3.10/dist-packages/turtle_interfaces/srv/_set_pose.py'...
[7.674s] -- Installing: /home/yahboom/roscourse_ws/src/install/turtle_interfaces/local/lib/python3.10/dist-packages/turtle_interfaces/turtle_interfaces_s__rosidl_typesupport_fastrtps_c.cpython-310-x86_64-linux-gnu.so
[7.674s] -- Set runtime path of "/home/yahboom/roscourse_ws/src/install/turtle_interfaces/local/lib/python3.10/dist-packages/turtle_interfaces/turtle_interfaces_s__rosidl_typesupport_fastrtps_c.cpython-310-x86_64-linux-gnu.so" to ""
[7.674s] -- Installing: /home/yahboom/roscourse_ws/src/install/turtle_interfaces/local/lib/python3.10/dist-packages/turtle_interfaces/turtle_interfaces_s__rosidl_typesupport_introspection_c.cpython-310-x86_64-linux-gnu.so
[7.675s] -- Set runtime path of "/home/yahboom/roscourse_ws/src/install/turtle_interfaces/local/lib/python3.10/dist-packages/turtle_interfaces/turtle_interfaces_s__rosidl_typesupport_introspection_c.cpython-310-x86_64-linux-gnu.so" to ""
[7.675s] -- Installing: /home/yahboom/roscourse_ws/src/install/turtle_interfaces/local/lib/python3.10/dist-packages/turtle_interfaces/turtle_interfaces_s__rosidl_typesupport_c.cpython-310-x86_64-linux-gnu.so
[7.675s] -- Set runtime path of "/home/yahboom/roscourse_ws/src/install/turtle_interfaces/local/lib/python3.10/dist-packages/turtle_interfaces/turtle_interfaces_s__rosidl_typesupport_c.cpython-310-x86_64-linux-gnu.so" to ""
[7.676s] -- Installing: /home/yahboom/roscourse_ws/src/install/turtle_interfaces/lib/libturtle_interfaces__rosidl_generator_py.so
[7.676s] -- Set runtime path of "/home/yahboom/roscourse_ws/src/install/turtle_interfaces/lib/libturtle_interfaces__rosidl_generator_py.so" to ""
[7.676s] -- Installing: /home/yahboom/roscourse_ws/src/install/turtle_interfaces/share/turtle_interfaces/msg/TurtleMsg.idl
[7.676s] -- Installing: /home/yahboom/roscourse_ws/src/install/turtle_interfaces/share/turtle_interfaces/srv/SetPose.idl
[7.677s] -- Installing: /home/yahboom/roscourse_ws/src/install/turtle_interfaces/share/turtle_interfaces/srv/SetColor.idl
[7.677s] -- Installing: /home/yahboom/roscourse_ws/src/install/turtle_interfaces/share/turtle_interfaces/msg/TurtleMsg.msg
[7.677s] -- Installing: /home/yahboom/roscourse_ws/src/install/turtle_interfaces/share/turtle_interfaces/srv/SetPose.srv
[7.677s] -- Installing: /home/yahboom/roscourse_ws/src/install/turtle_interfaces/share/turtle_interfaces/srv/SetPose_Request.msg
[7.677s] -- Installing: /home/yahboom/roscourse_ws/src/install/turtle_interfaces/share/turtle_interfaces/srv/SetPose_Response.msg
[7.678s] -- Installing: /home/yahboom/roscourse_ws/src/install/turtle_interfaces/share/turtle_interfaces/srv/SetColor.srv
[7.678s] -- Installing: /home/yahboom/roscourse_ws/src/install/turtle_interfaces/share/turtle_interfaces/srv/SetColor_Request.msg
[7.678s] -- Installing: /home/yahboom/roscourse_ws/src/install/turtle_interfaces/share/turtle_interfaces/srv/SetColor_Response.msg
[7.678s] -- Installing: /home/yahboom/roscourse_ws/src/install/turtle_interfaces/share/ament_index/resource_index/package_run_dependencies/turtle_interfaces
[7.678s] -- Installing: /home/yahboom/roscourse_ws/src/install/turtle_interfaces/share/ament_index/resource_index/parent_prefix_path/turtle_interfaces
[7.679s] -- Installing: /home/yahboom/roscourse_ws/src/install/turtle_interfaces/share/turtle_interfaces/environment/ament_prefix_path.sh
[7.679s] -- Installing: /home/yahboom/roscourse_ws/src/install/turtle_interfaces/share/turtle_interfaces/environment/ament_prefix_path.dsv
[7.679s] -- Installing: /home/yahboom/roscourse_ws/src/install/turtle_interfaces/share/turtle_interfaces/environment/path.sh
[7.679s] -- Installing: /home/yahboom/roscourse_ws/src/install/turtle_interfaces/share/turtle_interfaces/environment/path.dsv
[7.679s] -- Installing: /home/yahboom/roscourse_ws/src/install/turtle_interfaces/share/turtle_interfaces/local_setup.bash
[7.679s] -- Installing: /home/yahboom/roscourse_ws/src/install/turtle_interfaces/share/turtle_interfaces/local_setup.sh
[7.680s] -- Installing: /home/yahboom/roscourse_ws/src/install/turtle_interfaces/share/turtle_interfaces/local_setup.zsh
[7.680s] -- Installing: /home/yahboom/roscourse_ws/src/install/turtle_interfaces/share/turtle_interfaces/local_setup.dsv
[7.680s] -- Installing: /home/yahboom/roscourse_ws/src/install/turtle_interfaces/share/turtle_interfaces/package.dsv
[7.680s] -- Installing: /home/yahboom/roscourse_ws/src/install/turtle_interfaces/share/ament_index/resource_index/packages/turtle_interfaces
[7.681s] -- Installing: /home/yahboom/roscourse_ws/src/install/turtle_interfaces/share/turtle_interfaces/cmake/export_turtle_interfaces__rosidl_generator_cExport.cmake
[7.681s] -- Installing: /home/yahboom/roscourse_ws/src/install/turtle_interfaces/share/turtle_interfaces/cmake/export_turtle_interfaces__rosidl_generator_cExport-noconfig.cmake
[7.681s] -- Installing: /home/yahboom/roscourse_ws/src/install/turtle_interfaces/share/turtle_interfaces/cmake/export_turtle_interfaces__rosidl_typesupport_fastrtps_cExport.cmake
[7.681s] -- Installing: /home/yahboom/roscourse_ws/src/install/turtle_interfaces/share/turtle_interfaces/cmake/export_turtle_interfaces__rosidl_typesupport_fastrtps_cExport-noconfig.cmake
[7.681s] -- Installing: /home/yahboom/roscourse_ws/src/install/turtle_interfaces/share/turtle_interfaces/cmake/export_turtle_interfaces__rosidl_generator_cppExport.cmake
[7.682s] -- Installing: /home/yahboom/roscourse_ws/src/install/turtle_interfaces/share/turtle_interfaces/cmake/export_turtle_interfaces__rosidl_typesupport_fastrtps_cppExport.cmake
[7.682s] -- Installing: /home/yahboom/roscourse_ws/src/install/turtle_interfaces/share/turtle_interfaces/cmake/export_turtle_interfaces__rosidl_typesupport_fastrtps_cppExport-noconfig.cmake
[7.682s] -- Installing: /home/yahboom/roscourse_ws/src/install/turtle_interfaces/share/turtle_interfaces/cmake/turtle_interfaces__rosidl_typesupport_introspection_cExport.cmake
[7.682s] -- Installing: /home/yahboom/roscourse_ws/src/install/turtle_interfaces/share/turtle_interfaces/cmake/turtle_interfaces__rosidl_typesupport_introspection_cExport-noconfig.cmake
[7.683s] -- Installing: /home/yahboom/roscourse_ws/src/install/turtle_interfaces/share/turtle_interfaces/cmake/turtle_interfaces__rosidl_typesupport_cExport.cmake
[7.683s] -- Installing: /home/yahboom/roscourse_ws/src/install/turtle_interfaces/share/turtle_interfaces/cmake/turtle_interfaces__rosidl_typesupport_cExport-noconfig.cmake
[7.683s] -- Installing: /home/yahboom/roscourse_ws/src/install/turtle_interfaces/share/turtle_interfaces/cmake/turtle_interfaces__rosidl_typesupport_introspection_cppExport.cmake
[7.684s] -- Installing: /home/yahboom/roscourse_ws/src/install/turtle_interfaces/share/turtle_interfaces/cmake/turtle_interfaces__rosidl_typesupport_introspection_cppExport-noconfig.cmake
[7.684s] -- Installing: /home/yahboom/roscourse_ws/src/install/turtle_interfaces/share/turtle_interfaces/cmake/turtle_interfaces__rosidl_typesupport_cppExport.cmake
[7.684s] -- Installing: /home/yahboom/roscourse_ws/src/install/turtle_interfaces/share/turtle_interfaces/cmake/turtle_interfaces__rosidl_typesupport_cppExport-noconfig.cmake
[7.684s] -- Installing: /home/yahboom/roscourse_ws/src/install/turtle_interfaces/share/turtle_interfaces/cmake/export_turtle_interfaces__rosidl_generator_pyExport.cmake
[7.684s] -- Installing: /home/yahboom/roscourse_ws/src/install/turtle_interfaces/share/turtle_interfaces/cmake/export_turtle_interfaces__rosidl_generator_pyExport-noconfig.cmake
[7.684s] -- Installing: /home/yahboom/roscourse_ws/src/install/turtle_interfaces/share/turtle_interfaces/cmake/rosidl_cmake-extras.cmake
[7.684s] -- Installing: /home/yahboom/roscourse_ws/src/install/turtle_interfaces/share/turtle_interfaces/cmake/ament_cmake_export_dependencies-extras.cmake
[7.684s] -- Installing: /home/yahboom/roscourse_ws/src/install/turtle_interfaces/share/turtle_interfaces/cmake/ament_cmake_export_include_directories-extras.cmake
[7.685s] -- Installing: /home/yahboom/roscourse_ws/src/install/turtle_interfaces/share/turtle_interfaces/cmake/ament_cmake_export_libraries-extras.cmake
[7.685s] -- Installing: /home/yahboom/roscourse_ws/src/install/turtle_interfaces/share/turtle_interfaces/cmake/ament_cmake_export_targets-extras.cmake
[7.685s] -- Installing: /home/yahboom/roscourse_ws/src/install/turtle_interfaces/share/turtle_interfaces/cmake/rosidl_cmake_export_typesupport_targets-extras.cmake
[7.685s] -- Installing: /home/yahboom/roscourse_ws/src/install/turtle_interfaces/share/turtle_interfaces/cmake/rosidl_cmake_export_typesupport_libraries-extras.cmake
[7.685s] -- Installing: /home/yahboom/roscourse_ws/src/install/turtle_interfaces/share/turtle_interfaces/cmake/turtle_interfacesConfig.cmake
[7.685s] -- Installing: /home/yahboom/roscourse_ws/src/install/turtle_interfaces/share/turtle_interfaces/cmake/turtle_interfacesConfig-version.cmake
[7.686s] -- Installing: /home/yahboom/roscourse_ws/src/install/turtle_interfaces/share/turtle_interfaces/package.xml
[7.689s] Invoked command in '/home/yahboom/roscourse_ws/src/build/turtle_interfaces' returned '0': CMAKE_PREFIX_PATH=${CMAKE_PREFIX_PATH}:/home/yahboom/cartoros2/install/yahboomcar_nav:/home/yahboom/cartoros2/install/yahboomcar_ctrl:/home/yahboom/cartoros2/install/yahboom_visual:/home/yahboom/cartoros2/install/yahboom_dog_joint_state:/home/yahboom/cartoros2/install/yahboom_description:/home/yahboom/cartoros2/install/yahboom_color_identify_server:/home/yahboom/cartoros2/install/yahboom_bringup:/home/yahboom/cartoros2/install/yahboom_base:/home/yahboom/cartoros2/install/yahboom_app_save_map:/home/yahboom/cartoros2/install/update_map:/home/yahboom/cartoros2/install/rosboard:/home/yahboom/cartoros2/install/path_planner_server:/home/yahboom/cartoros2/install/nav2_simple_commander:/home/yahboom/cartoros2/install/nav2_gazebo_spawner:/home/yahboom/cartoros2/install/localization_server:/home/yahboom/cartoros2/install/laserscan_to_point_pulisher:/home/yahboom/yahboomcar_ws/install/yahboom_dog_example:/opt/ros/humble /usr/bin/cmake --install /home/yahboom/roscourse_ws/src/build/turtle_interfaces
