[1.498s] Invoking command in '/home/yahboom/Desktop/S26_RobotProgramming_Crystal/Lab4/Lab/roscourse_ws/src/teleop_twist_keyboard': PYTHONPATH=/home/yahboom/Desktop/S26_RobotProgramming_Crystal/Lab4/Lab/roscourse_ws/build/teleop_twist_keyboard/prefix_override:/home/yahboom/Desktop/S26_RobotProgramming_Crystal/Lab4/Lab/roscourse_ws/install/teleop_twist_keyboard/lib/python3.10/site-packages:${PYTHONPATH} /usr/bin/python3 -W ignore:setup.py install is deprecated setup.py egg_info --egg-base ../../build/teleop_twist_keyboard build --build-base /home/yahboom/Desktop/S26_RobotProgramming_Crystal/Lab4/Lab/roscourse_ws/build/teleop_twist_keyboard/build install --record /home/yahboom/Desktop/S26_RobotProgramming_Crystal/Lab4/Lab/roscourse_ws/build/teleop_twist_keyboard/install.log --single-version-externally-managed install_data
[1.893s] running egg_info
[1.894s] writing ../../build/teleop_twist_keyboard/teleop_twist_keyboard.egg-info/PKG-INFO
[1.895s] writing dependency_links to ../../build/teleop_twist_keyboard/teleop_twist_keyboard.egg-info/dependency_links.txt
[1.896s] writing entry points to ../../build/teleop_twist_keyboard/teleop_twist_keyboard.egg-info/entry_points.txt
[1.896s] writing requirements to ../../build/teleop_twist_keyboard/teleop_twist_keyboard.egg-info/requires.txt
[1.896s] writing top-level names to ../../build/teleop_twist_keyboard/teleop_twist_keyboard.egg-info/top_level.txt
[1.898s] reading manifest file '../../build/teleop_twist_keyboard/teleop_twist_keyboard.egg-info/SOURCES.txt'
[1.898s] adding license file 'LICENSE'
[1.899s] writing manifest file '../../build/teleop_twist_keyboard/teleop_twist_keyboard.egg-info/SOURCES.txt'
[1.899s] running build
[1.899s] running build_py
[1.900s] running install
[1.900s] running install_lib
[1.902s] running install_data
[1.902s] running install_egg_info
[1.905s] removing '/home/yahboom/Desktop/S26_RobotProgramming_Crystal/Lab4/Lab/roscourse_ws/install/teleop_twist_keyboard/lib/python3.10/site-packages/teleop_twist_keyboard-2.4.1-py3.10.egg-info' (and everything under it)
[1.905s] Copying ../../build/teleop_twist_keyboard/teleop_twist_keyboard.egg-info to /home/yahboom/Desktop/S26_RobotProgramming_Crystal/Lab4/Lab/roscourse_ws/install/teleop_twist_keyboard/lib/python3.10/site-packages/teleop_twist_keyboard-2.4.1-py3.10.egg-info
[1.906s] running install_scripts
[1.938s] Installing teleop_twist_keyboard script to /home/yahboom/Desktop/S26_RobotProgramming_Crystal/Lab4/Lab/roscourse_ws/install/teleop_twist_keyboard/lib/teleop_twist_keyboard
[1.938s] writing list of installed files to '/home/yahboom/Desktop/S26_RobotProgramming_Crystal/Lab4/Lab/roscourse_ws/build/teleop_twist_keyboard/install.log'
[2.118s] Invoked command in '/home/yahboom/Desktop/S26_RobotProgramming_Crystal/Lab4/Lab/roscourse_ws/src/teleop_twist_keyboard' returned '0': PYTHONPATH=/home/yahboom/Desktop/S26_RobotProgramming_Crystal/Lab4/Lab/roscourse_ws/build/teleop_twist_keyboard/prefix_override:/home/yahboom/Desktop/S26_RobotProgramming_Crystal/Lab4/Lab/roscourse_ws/install/teleop_twist_keyboard/lib/python3.10/site-packages:${PYTHONPATH} /usr/bin/python3 -W ignore:setup.py install is deprecated setup.py egg_info --egg-base ../../build/teleop_twist_keyboard build --build-base /home/yahboom/Desktop/S26_RobotProgramming_Crystal/Lab4/Lab/roscourse_ws/build/teleop_twist_keyboard/build install --record /home/yahboom/Desktop/S26_RobotProgramming_Crystal/Lab4/Lab/roscourse_ws/build/teleop_twist_keyboard/install.log --single-version-externally-managed install_data
