[0.954s] Invoking command in '/home/yahboom/Desktop/S26_RobotProgramming_Crystal/lab4/Ferrara/roscourse_ws/build/webcam': PYTHONPATH=/home/yahboom/Desktop/S26_RobotProgramming_Crystal/lab4/Ferrara/roscourse_ws/build/webcam/prefix_override:/home/yahboom/Desktop/S26_RobotProgramming_Crystal/lab4/Ferrara/roscourse_ws/install/webcam/lib/python3.10/site-packages:${PYTHONPATH} /usr/bin/python3 -W ignore:setup.py install is deprecated setup.py develop --editable --build-directory /home/yahboom/Desktop/S26_RobotProgramming_Crystal/lab4/Ferrara/roscourse_ws/build/webcam/build --no-deps symlink_data
[1.245s] running develop
[1.245s] /usr/lib/python3/dist-packages/setuptools/command/easy_install.py:158: EasyInstallDeprecationWarning: easy_install command is deprecated. Use build and pip and other standards-based tools.
[1.245s]   warnings.warn(
[1.419s] running egg_info
[1.419s] creating webcam.egg-info
[1.419s] writing webcam.egg-info/PKG-INFO
[1.420s] writing dependency_links to webcam.egg-info/dependency_links.txt
[1.420s] writing entry points to webcam.egg-info/entry_points.txt
[1.420s] writing requirements to webcam.egg-info/requires.txt
[1.420s] writing top-level names to webcam.egg-info/top_level.txt
[1.421s] writing manifest file 'webcam.egg-info/SOURCES.txt'
[1.422s] reading manifest file 'webcam.egg-info/SOURCES.txt'
[1.423s] writing manifest file 'webcam.egg-info/SOURCES.txt'
[1.424s] running build_ext
[1.425s] Creating /home/yahboom/Desktop/S26_RobotProgramming_Crystal/lab4/Ferrara/roscourse_ws/install/webcam/lib/python3.10/site-packages/webcam.egg-link (link to .)
[1.425s] Installing webcam_pub script to /home/yahboom/Desktop/S26_RobotProgramming_Crystal/lab4/Ferrara/roscourse_ws/install/webcam/lib/webcam
[1.426s] Installing webcam_sub script to /home/yahboom/Desktop/S26_RobotProgramming_Crystal/lab4/Ferrara/roscourse_ws/install/webcam/lib/webcam
[1.426s] 
[1.426s] Installed /home/yahboom/Desktop/S26_RobotProgramming_Crystal/lab4/Ferrara/roscourse_ws/build/webcam
[1.426s] running symlink_data
[1.426s] creating /home/yahboom/Desktop/S26_RobotProgramming_Crystal/lab4/Ferrara/roscourse_ws/install/webcam/share/ament_index
[1.426s] creating /home/yahboom/Desktop/S26_RobotProgramming_Crystal/lab4/Ferrara/roscourse_ws/install/webcam/share/ament_index/resource_index
[1.426s] creating /home/yahboom/Desktop/S26_RobotProgramming_Crystal/lab4/Ferrara/roscourse_ws/install/webcam/share/ament_index/resource_index/packages
[1.426s] symbolically linking /home/yahboom/Desktop/S26_RobotProgramming_Crystal/lab4/Ferrara/roscourse_ws/build/webcam/resource/webcam -> /home/yahboom/Desktop/S26_RobotProgramming_Crystal/lab4/Ferrara/roscourse_ws/install/webcam/share/ament_index/resource_index/packages
[1.426s] symbolically linking /home/yahboom/Desktop/S26_RobotProgramming_Crystal/lab4/Ferrara/roscourse_ws/build/webcam/package.xml -> /home/yahboom/Desktop/S26_RobotProgramming_Crystal/lab4/Ferrara/roscourse_ws/install/webcam/share/webcam
[1.465s] Invoked command in '/home/yahboom/Desktop/S26_RobotProgramming_Crystal/lab4/Ferrara/roscourse_ws/build/webcam' returned '0': PYTHONPATH=/home/yahboom/Desktop/S26_RobotProgramming_Crystal/lab4/Ferrara/roscourse_ws/build/webcam/prefix_override:/home/yahboom/Desktop/S26_RobotProgramming_Crystal/lab4/Ferrara/roscourse_ws/install/webcam/lib/python3.10/site-packages:${PYTHONPATH} /usr/bin/python3 -W ignore:setup.py install is deprecated setup.py develop --editable --build-directory /home/yahboom/Desktop/S26_RobotProgramming_Crystal/lab4/Ferrara/roscourse_ws/build/webcam/build --no-deps symlink_data
