[0.648s] Invoking command in '/home/yahboom/Desktop/S26_RobotProgramming_Crystal/lab7/Ebinger/roscourse_sim_ws/src/my_robot': PYTHONPATH=/home/yahboom/Desktop/S26_RobotProgramming_Crystal/lab7/Ebinger/roscourse_sim_ws/build/my_robot/prefix_override:/home/yahboom/Desktop/S26_RobotProgramming_Crystal/lab7/Ebinger/roscourse_sim_ws/install/my_robot/lib/python3.10/site-packages:${PYTHONPATH} /usr/bin/python3 -W ignore:setup.py install is deprecated setup.py egg_info --egg-base ../../build/my_robot build --build-base /home/yahboom/Desktop/S26_RobotProgramming_Crystal/lab7/Ebinger/roscourse_sim_ws/build/my_robot/build install --record /home/yahboom/Desktop/S26_RobotProgramming_Crystal/lab7/Ebinger/roscourse_sim_ws/build/my_robot/install.log --single-version-externally-managed install_data
[0.915s] running egg_info
[0.916s] writing ../../build/my_robot/my_robot.egg-info/PKG-INFO
[0.916s] writing dependency_links to ../../build/my_robot/my_robot.egg-info/dependency_links.txt
[0.917s] writing entry points to ../../build/my_robot/my_robot.egg-info/entry_points.txt
[0.917s] writing requirements to ../../build/my_robot/my_robot.egg-info/requires.txt
[0.917s] writing top-level names to ../../build/my_robot/my_robot.egg-info/top_level.txt
[0.918s] reading manifest file '../../build/my_robot/my_robot.egg-info/SOURCES.txt'
[0.919s] writing manifest file '../../build/my_robot/my_robot.egg-info/SOURCES.txt'
[0.919s] running build
[0.919s] running build_py
[0.919s] running install
[0.920s] running install_lib
[0.920s] running install_data
[0.921s] copying urdf/my_robot.urdf.xacro -> /home/yahboom/Desktop/S26_RobotProgramming_Crystal/lab7/Ebinger/roscourse_sim_ws/install/my_robot/share/my_robot
[0.921s] running install_egg_info
[0.922s] removing '/home/yahboom/Desktop/S26_RobotProgramming_Crystal/lab7/Ebinger/roscourse_sim_ws/install/my_robot/lib/python3.10/site-packages/my_robot-0.0.0-py3.10.egg-info' (and everything under it)
[0.922s] Copying ../../build/my_robot/my_robot.egg-info to /home/yahboom/Desktop/S26_RobotProgramming_Crystal/lab7/Ebinger/roscourse_sim_ws/install/my_robot/lib/python3.10/site-packages/my_robot-0.0.0-py3.10.egg-info
[0.923s] running install_scripts
[0.941s] writing list of installed files to '/home/yahboom/Desktop/S26_RobotProgramming_Crystal/lab7/Ebinger/roscourse_sim_ws/build/my_robot/install.log'
[0.957s] Invoked command in '/home/yahboom/Desktop/S26_RobotProgramming_Crystal/lab7/Ebinger/roscourse_sim_ws/src/my_robot' returned '0': PYTHONPATH=/home/yahboom/Desktop/S26_RobotProgramming_Crystal/lab7/Ebinger/roscourse_sim_ws/build/my_robot/prefix_override:/home/yahboom/Desktop/S26_RobotProgramming_Crystal/lab7/Ebinger/roscourse_sim_ws/install/my_robot/lib/python3.10/site-packages:${PYTHONPATH} /usr/bin/python3 -W ignore:setup.py install is deprecated setup.py egg_info --egg-base ../../build/my_robot build --build-base /home/yahboom/Desktop/S26_RobotProgramming_Crystal/lab7/Ebinger/roscourse_sim_ws/build/my_robot/build install --record /home/yahboom/Desktop/S26_RobotProgramming_Crystal/lab7/Ebinger/roscourse_sim_ws/build/my_robot/install.log --single-version-externally-managed install_data
