[0.905s] Invoking command in '/home/yahboom/ICA_ws/build/turtle_interfaces': CMAKE_PREFIX_PATH=${CMAKE_PREFIX_PATH}:/home/yahboom/ICA_ws/install/python_parameters:/home/yahboom/cartoros2/install/yahboomcar_nav:/home/yahboom/cartoros2/install/yahboomcar_ctrl:/home/yahboom/cartoros2/install/yahboom_visual:/home/yahboom/cartoros2/install/yahboom_dog_joint_state:/home/yahboom/cartoros2/install/yahboom_description:/home/yahboom/cartoros2/install/yahboom_color_identify_server:/home/yahboom/cartoros2/install/yahboom_bringup:/home/yahboom/cartoros2/install/yahboom_base:/home/yahboom/cartoros2/install/yahboom_app_save_map:/home/yahboom/cartoros2/install/update_map:/home/yahboom/cartoros2/install/rosboard:/home/yahboom/cartoros2/install/path_planner_server:/home/yahboom/cartoros2/install/nav2_simple_commander:/home/yahboom/cartoros2/install/nav2_gazebo_spawner:/home/yahboom/cartoros2/install/localization_server:/home/yahboom/cartoros2/install/laserscan_to_point_pulisher:/home/yahboom/yahboomcar_ws/install/yahboom_dog_example:/opt/ros/humble /usr/bin/cmake --build /home/yahboom/ICA_ws/build/turtle_interfaces -- -j4 -l4
[1.162s] [35m[1mConsolidate compiler generated dependencies of target turtle_interfaces__rosidl_generator_c[0m
[1.233s] [  2%] Built target turtle_interfaces__cpp
[1.279s] [  2%] Built target ament_cmake_python_copy_turtle_interfaces
[1.282s] [ 12%] Built target turtle_interfaces__rosidl_generator_c
[1.324s] [35m[1mConsolidate compiler generated dependencies of target turtle_interfaces__rosidl_typesupport_fastrtps_cpp[0m
[1.327s] [35m[1mConsolidate compiler generated dependencies of target turtle_interfaces__rosidl_typesupport_cpp[0m
[1.372s] [35m[1mConsolidate compiler generated dependencies of target turtle_interfaces__rosidl_typesupport_introspection_cpp[0m
[1.459s] [ 23%] Built target turtle_interfaces__rosidl_typesupport_cpp
[1.468s] [ 34%] Built target turtle_interfaces__rosidl_typesupport_fastrtps_cpp
[1.469s] [ 44%] Built target turtle_interfaces__rosidl_typesupport_introspection_cpp
[1.532s] [35m[1mConsolidate compiler generated dependencies of target turtle_interfaces__rosidl_typesupport_fastrtps_c[0m
[1.543s] [35m[1mConsolidate compiler generated dependencies of target turtle_interfaces__rosidl_typesupport_introspection_c[0m
[1.618s] [35m[1mConsolidate compiler generated dependencies of target turtle_interfaces__rosidl_typesupport_c[0m
[1.686s] [ 55%] Built target turtle_interfaces__rosidl_typesupport_fastrtps_c
[1.704s] [ 65%] Built target turtle_interfaces__rosidl_typesupport_introspection_c
[1.728s] [ 76%] Built target turtle_interfaces__rosidl_typesupport_c
[1.846s] [ 76%] Built target turtle_interfaces
[1.972s] [ 78%] Built target turtle_interfaces__py
[2.039s] [35m[1mConsolidate compiler generated dependencies of target turtle_interfaces__rosidl_generator_py[0m
[2.114s] [ 87%] Built target turtle_interfaces__rosidl_generator_py
[2.210s] [35m[1mConsolidate compiler generated dependencies of target turtle_interfaces__rosidl_typesupport_introspection_c__pyext[0m
[2.252s] [35m[1mConsolidate compiler generated dependencies of target turtle_interfaces__rosidl_typesupport_c__pyext[0m
[2.253s] [35m[1mConsolidate compiler generated dependencies of target turtle_interfaces__rosidl_typesupport_fastrtps_c__pyext[0m
[2.301s] running egg_info
[2.302s] writing turtle_interfaces.egg-info/PKG-INFO
[2.305s] writing dependency_links to turtle_interfaces.egg-info/dependency_links.txt
[2.305s] writing top-level names to turtle_interfaces.egg-info/top_level.txt
[2.313s] reading manifest file 'turtle_interfaces.egg-info/SOURCES.txt'
[2.320s] writing manifest file 'turtle_interfaces.egg-info/SOURCES.txt'
[2.350s] [ 91%] Built target turtle_interfaces__rosidl_typesupport_c__pyext
[2.362s] [ 95%] Built target turtle_interfaces__rosidl_typesupport_fastrtps_c__pyext
[2.370s] [100%] Built target turtle_interfaces__rosidl_typesupport_introspection_c__pyext
[2.410s] [100%] Built target ament_cmake_python_build_turtle_interfaces_egg
[2.464s] Invoked command in '/home/yahboom/ICA_ws/build/turtle_interfaces' returned '0': CMAKE_PREFIX_PATH=${CMAKE_PREFIX_PATH}:/home/yahboom/ICA_ws/install/python_parameters:/home/yahboom/cartoros2/install/yahboomcar_nav:/home/yahboom/cartoros2/install/yahboomcar_ctrl:/home/yahboom/cartoros2/install/yahboom_visual:/home/yahboom/cartoros2/install/yahboom_dog_joint_state:/home/yahboom/cartoros2/install/yahboom_description:/home/yahboom/cartoros2/install/yahboom_color_identify_server:/home/yahboom/cartoros2/install/yahboom_bringup:/home/yahboom/cartoros2/install/yahboom_base:/home/yahboom/cartoros2/install/yahboom_app_save_map:/home/yahboom/cartoros2/install/update_map:/home/yahboom/cartoros2/install/rosboard:/home/yahboom/cartoros2/install/path_planner_server:/home/yahboom/cartoros2/install/nav2_simple_commander:/home/yahboom/cartoros2/install/nav2_gazebo_spawner:/home/yahboom/cartoros2/install/localization_server:/home/yahboom/cartoros2/install/laserscan_to_point_pulisher:/home/yahboom/yahboomcar_ws/install/yahboom_dog_example:/opt/ros/humble /usr/bin/cmake --build /home/yahboom/ICA_ws/build/turtle_interfaces -- -j4 -l4
[3.434s] Invoking command in '/home/yahboom/ICA_ws/build/turtle_interfaces': CMAKE_PREFIX_PATH=${CMAKE_PREFIX_PATH}:/home/yahboom/ICA_ws/install/python_parameters:/home/yahboom/cartoros2/install/yahboomcar_nav:/home/yahboom/cartoros2/install/yahboomcar_ctrl:/home/yahboom/cartoros2/install/yahboom_visual:/home/yahboom/cartoros2/install/yahboom_dog_joint_state:/home/yahboom/cartoros2/install/yahboom_description:/home/yahboom/cartoros2/install/yahboom_color_identify_server:/home/yahboom/cartoros2/install/yahboom_bringup:/home/yahboom/cartoros2/install/yahboom_base:/home/yahboom/cartoros2/install/yahboom_app_save_map:/home/yahboom/cartoros2/install/update_map:/home/yahboom/cartoros2/install/rosboard:/home/yahboom/cartoros2/install/path_planner_server:/home/yahboom/cartoros2/install/nav2_simple_commander:/home/yahboom/cartoros2/install/nav2_gazebo_spawner:/home/yahboom/cartoros2/install/localization_server:/home/yahboom/cartoros2/install/laserscan_to_point_pulisher:/home/yahboom/yahboomcar_ws/install/yahboom_dog_example:/opt/ros/humble /usr/bin/cmake --install /home/yahboom/ICA_ws/build/turtle_interfaces
[3.474s] -- Install configuration: ""
[3.475s] -- Up-to-date: /home/yahboom/ICA_ws/install/turtle_interfaces/share/ament_index/resource_index/rosidl_interfaces/turtle_interfaces
[3.476s] -- Up-to-date: /home/yahboom/ICA_ws/install/turtle_interfaces/include/turtle_interfaces/turtle_interfaces
[3.476s] -- Up-to-date: /home/yahboom/ICA_ws/install/turtle_interfaces/include/turtle_interfaces/turtle_interfaces/action
[3.476s] -- Up-to-date: /home/yahboom/ICA_ws/install/turtle_interfaces/include/turtle_interfaces/turtle_interfaces/action/detail
[3.476s] -- Up-to-date: /home/yahboom/ICA_ws/install/turtle_interfaces/include/turtle_interfaces/turtle_interfaces/action/detail/make_square__struct.h
[3.477s] -- Up-to-date: /home/yahboom/ICA_ws/install/turtle_interfaces/include/turtle_interfaces/turtle_interfaces/action/detail/make_square__type_support.h
[3.477s] -- Up-to-date: /home/yahboom/ICA_ws/install/turtle_interfaces/include/turtle_interfaces/turtle_interfaces/action/detail/make_square__functions.c
[3.477s] -- Up-to-date: /home/yahboom/ICA_ws/install/turtle_interfaces/include/turtle_interfaces/turtle_interfaces/action/detail/make_square__functions.h
[3.477s] -- Up-to-date: /home/yahboom/ICA_ws/install/turtle_interfaces/include/turtle_interfaces/turtle_interfaces/action/make_square.h
[3.477s] -- Up-to-date: /home/yahboom/ICA_ws/install/turtle_interfaces/include/turtle_interfaces/turtle_interfaces/srv
[3.477s] -- Up-to-date: /home/yahboom/ICA_ws/install/turtle_interfaces/include/turtle_interfaces/turtle_interfaces/srv/set_colors.h
[3.478s] -- Up-to-date: /home/yahboom/ICA_ws/install/turtle_interfaces/include/turtle_interfaces/turtle_interfaces/srv/detail
[3.478s] -- Up-to-date: /home/yahboom/ICA_ws/install/turtle_interfaces/include/turtle_interfaces/turtle_interfaces/srv/detail/set_colors__struct.h
[3.478s] -- Up-to-date: /home/yahboom/ICA_ws/install/turtle_interfaces/include/turtle_interfaces/turtle_interfaces/srv/detail/set_colors__type_support.h
[3.478s] -- Up-to-date: /home/yahboom/ICA_ws/install/turtle_interfaces/include/turtle_interfaces/turtle_interfaces/srv/detail/set_colors__functions.c
[3.478s] -- Up-to-date: /home/yahboom/ICA_ws/install/turtle_interfaces/include/turtle_interfaces/turtle_interfaces/srv/detail/set_colors__functions.h
[3.479s] -- Up-to-date: /home/yahboom/ICA_ws/install/turtle_interfaces/include/turtle_interfaces/turtle_interfaces/msg
[3.479s] -- Up-to-date: /home/yahboom/ICA_ws/install/turtle_interfaces/include/turtle_interfaces/turtle_interfaces/msg/detail
[3.480s] -- Up-to-date: /home/yahboom/ICA_ws/install/turtle_interfaces/include/turtle_interfaces/turtle_interfaces/msg/detail/turtle_pose__functions.c
[3.480s] -- Up-to-date: /home/yahboom/ICA_ws/install/turtle_interfaces/include/turtle_interfaces/turtle_interfaces/msg/detail/turtle_pose__functions.h
[3.480s] -- Up-to-date: /home/yahboom/ICA_ws/install/turtle_interfaces/include/turtle_interfaces/turtle_interfaces/msg/detail/turtle_pose__struct.h
[3.480s] -- Up-to-date: /home/yahboom/ICA_ws/install/turtle_interfaces/include/turtle_interfaces/turtle_interfaces/msg/detail/turtle_pose__type_support.h
[3.480s] -- Up-to-date: /home/yahboom/ICA_ws/install/turtle_interfaces/include/turtle_interfaces/turtle_interfaces/msg/turtle_pose.h
[3.480s] -- Up-to-date: /home/yahboom/ICA_ws/install/turtle_interfaces/include/turtle_interfaces/turtle_interfaces/msg/rosidl_generator_c__visibility_control.h
[3.480s] -- Up-to-date: /home/yahboom/ICA_ws/install/turtle_interfaces/share/turtle_interfaces/environment/library_path.sh
[3.481s] -- Up-to-date: /home/yahboom/ICA_ws/install/turtle_interfaces/share/turtle_interfaces/environment/library_path.dsv
[3.481s] -- Up-to-date: /home/yahboom/ICA_ws/install/turtle_interfaces/lib/libturtle_interfaces__rosidl_generator_c.so
[3.481s] -- Up-to-date: /home/yahboom/ICA_ws/install/turtle_interfaces/include/turtle_interfaces/turtle_interfaces
[3.481s] -- Up-to-date: /home/yahboom/ICA_ws/install/turtle_interfaces/include/turtle_interfaces/turtle_interfaces/action
[3.482s] -- Up-to-date: /home/yahboom/ICA_ws/install/turtle_interfaces/include/turtle_interfaces/turtle_interfaces/action/detail
[3.482s] -- Up-to-date: /home/yahboom/ICA_ws/install/turtle_interfaces/include/turtle_interfaces/turtle_interfaces/action/detail/make_square__rosidl_typesupport_fastrtps_c.h
[3.482s] -- Up-to-date: /home/yahboom/ICA_ws/install/turtle_interfaces/include/turtle_interfaces/turtle_interfaces/srv
[3.482s] -- Up-to-date: /home/yahboom/ICA_ws/install/turtle_interfaces/include/turtle_interfaces/turtle_interfaces/srv/detail
[3.482s] -- Up-to-date: /home/yahboom/ICA_ws/install/turtle_interfaces/include/turtle_interfaces/turtle_interfaces/srv/detail/set_colors__rosidl_typesupport_fastrtps_c.h
[3.483s] -- Up-to-date: /home/yahboom/ICA_ws/install/turtle_interfaces/include/turtle_interfaces/turtle_interfaces/msg
[3.483s] -- Up-to-date: /home/yahboom/ICA_ws/install/turtle_interfaces/include/turtle_interfaces/turtle_interfaces/msg/detail
[3.483s] -- Up-to-date: /home/yahboom/ICA_ws/install/turtle_interfaces/include/turtle_interfaces/turtle_interfaces/msg/detail/turtle_pose__rosidl_typesupport_fastrtps_c.h
[3.483s] -- Up-to-date: /home/yahboom/ICA_ws/install/turtle_interfaces/include/turtle_interfaces/turtle_interfaces/msg/rosidl_typesupport_fastrtps_c__visibility_control.h
[3.484s] -- Up-to-date: /home/yahboom/ICA_ws/install/turtle_interfaces/lib/libturtle_interfaces__rosidl_typesupport_fastrtps_c.so
[3.484s] -- Up-to-date: /home/yahboom/ICA_ws/install/turtle_interfaces/include/turtle_interfaces/turtle_interfaces
[3.484s] -- Up-to-date: /home/yahboom/ICA_ws/install/turtle_interfaces/include/turtle_interfaces/turtle_interfaces/action
[3.484s] -- Up-to-date: /home/yahboom/ICA_ws/install/turtle_interfaces/include/turtle_interfaces/turtle_interfaces/action/detail
[3.484s] -- Up-to-date: /home/yahboom/ICA_ws/install/turtle_interfaces/include/turtle_interfaces/turtle_interfaces/action/detail/make_square__type_support.c
[3.485s] -- Up-to-date: /home/yahboom/ICA_ws/install/turtle_interfaces/include/turtle_interfaces/turtle_interfaces/action/detail/make_square__rosidl_typesupport_introspection_c.h
[3.485s] -- Up-to-date: /home/yahboom/ICA_ws/install/turtle_interfaces/include/turtle_interfaces/turtle_interfaces/srv
[3.485s] -- Up-to-date: /home/yahboom/ICA_ws/install/turtle_interfaces/include/turtle_interfaces/turtle_interfaces/srv/detail
[3.486s] -- Up-to-date: /home/yahboom/ICA_ws/install/turtle_interfaces/include/turtle_interfaces/turtle_interfaces/srv/detail/set_colors__type_support.c
[3.486s] -- Up-to-date: /home/yahboom/ICA_ws/install/turtle_interfaces/include/turtle_interfaces/turtle_interfaces/srv/detail/set_colors__rosidl_typesupport_introspection_c.h
[3.486s] -- Up-to-date: /home/yahboom/ICA_ws/install/turtle_interfaces/include/turtle_interfaces/turtle_interfaces/msg
[3.486s] -- Up-to-date: /home/yahboom/ICA_ws/install/turtle_interfaces/include/turtle_interfaces/turtle_interfaces/msg/detail
[3.486s] -- Up-to-date: /home/yahboom/ICA_ws/install/turtle_interfaces/include/turtle_interfaces/turtle_interfaces/msg/detail/turtle_pose__rosidl_typesupport_introspection_c.h
[3.487s] -- Up-to-date: /home/yahboom/ICA_ws/install/turtle_interfaces/include/turtle_interfaces/turtle_interfaces/msg/detail/turtle_pose__type_support.c
[3.487s] -- Up-to-date: /home/yahboom/ICA_ws/install/turtle_interfaces/include/turtle_interfaces/turtle_interfaces/msg/rosidl_typesupport_introspection_c__visibility_control.h
[3.487s] -- Up-to-date: /home/yahboom/ICA_ws/install/turtle_interfaces/lib/libturtle_interfaces__rosidl_typesupport_introspection_c.so
[3.487s] -- Up-to-date: /home/yahboom/ICA_ws/install/turtle_interfaces/lib/libturtle_interfaces__rosidl_typesupport_c.so
[3.487s] -- Up-to-date: /home/yahboom/ICA_ws/install/turtle_interfaces/include/turtle_interfaces/turtle_interfaces
[3.487s] -- Up-to-date: /home/yahboom/ICA_ws/install/turtle_interfaces/include/turtle_interfaces/turtle_interfaces/action
[3.487s] -- Up-to-date: /home/yahboom/ICA_ws/install/turtle_interfaces/include/turtle_interfaces/turtle_interfaces/action/detail
[3.488s] -- Up-to-date: /home/yahboom/ICA_ws/install/turtle_interfaces/include/turtle_interfaces/turtle_interfaces/action/detail/make_square__builder.hpp
[3.488s] -- Up-to-date: /home/yahboom/ICA_ws/install/turtle_interfaces/include/turtle_interfaces/turtle_interfaces/action/detail/make_square__traits.hpp
[3.488s] -- Up-to-date: /home/yahboom/ICA_ws/install/turtle_interfaces/include/turtle_interfaces/turtle_interfaces/action/detail/make_square__struct.hpp
[3.489s] -- Up-to-date: /home/yahboom/ICA_ws/install/turtle_interfaces/include/turtle_interfaces/turtle_interfaces/action/make_square.hpp
[3.489s] -- Up-to-date: /home/yahboom/ICA_ws/install/turtle_interfaces/include/turtle_interfaces/turtle_interfaces/srv
[3.489s] -- Up-to-date: /home/yahboom/ICA_ws/install/turtle_interfaces/include/turtle_interfaces/turtle_interfaces/srv/detail
[3.489s] -- Up-to-date: /home/yahboom/ICA_ws/install/turtle_interfaces/include/turtle_interfaces/turtle_interfaces/srv/detail/set_colors__builder.hpp
[3.490s] -- Up-to-date: /home/yahboom/ICA_ws/install/turtle_interfaces/include/turtle_interfaces/turtle_interfaces/srv/detail/set_colors__traits.hpp
[3.490s] -- Up-to-date: /home/yahboom/ICA_ws/install/turtle_interfaces/include/turtle_interfaces/turtle_interfaces/srv/detail/set_colors__struct.hpp
[3.490s] -- Up-to-date: /home/yahboom/ICA_ws/install/turtle_interfaces/include/turtle_interfaces/turtle_interfaces/srv/set_colors.hpp
[3.490s] -- Up-to-date: /home/yahboom/ICA_ws/install/turtle_interfaces/include/turtle_interfaces/turtle_interfaces/msg
[3.490s] -- Up-to-date: /home/yahboom/ICA_ws/install/turtle_interfaces/include/turtle_interfaces/turtle_interfaces/msg/detail
[3.490s] -- Up-to-date: /home/yahboom/ICA_ws/install/turtle_interfaces/include/turtle_interfaces/turtle_interfaces/msg/detail/turtle_pose__builder.hpp
[3.490s] -- Up-to-date: /home/yahboom/ICA_ws/install/turtle_interfaces/include/turtle_interfaces/turtle_interfaces/msg/detail/turtle_pose__traits.hpp
[3.491s] -- Up-to-date: /home/yahboom/ICA_ws/install/turtle_interfaces/include/turtle_interfaces/turtle_interfaces/msg/detail/turtle_pose__struct.hpp
[3.491s] -- Up-to-date: /home/yahboom/ICA_ws/install/turtle_interfaces/include/turtle_interfaces/turtle_interfaces/msg/turtle_pose.hpp
[3.491s] -- Up-to-date: /home/yahboom/ICA_ws/install/turtle_interfaces/include/turtle_interfaces/turtle_interfaces
[3.491s] -- Up-to-date: /home/yahboom/ICA_ws/install/turtle_interfaces/include/turtle_interfaces/turtle_interfaces/action
[3.492s] -- Up-to-date: /home/yahboom/ICA_ws/install/turtle_interfaces/include/turtle_interfaces/turtle_interfaces/action/detail
[3.492s] -- Up-to-date: /home/yahboom/ICA_ws/install/turtle_interfaces/include/turtle_interfaces/turtle_interfaces/action/detail/make_square__rosidl_typesupport_fastrtps_cpp.hpp
[3.492s] -- Up-to-date: /home/yahboom/ICA_ws/install/turtle_interfaces/include/turtle_interfaces/turtle_interfaces/action/detail/dds_fastrtps
[3.492s] -- Up-to-date: /home/yahboom/ICA_ws/install/turtle_interfaces/include/turtle_interfaces/turtle_interfaces/srv
[3.493s] -- Up-to-date: /home/yahboom/ICA_ws/install/turtle_interfaces/include/turtle_interfaces/turtle_interfaces/srv/detail
[3.493s] -- Up-to-date: /home/yahboom/ICA_ws/install/turtle_interfaces/include/turtle_interfaces/turtle_interfaces/srv/detail/set_colors__rosidl_typesupport_fastrtps_cpp.hpp
[3.493s] -- Up-to-date: /home/yahboom/ICA_ws/install/turtle_interfaces/include/turtle_interfaces/turtle_interfaces/srv/detail/dds_fastrtps
[3.494s] -- Up-to-date: /home/yahboom/ICA_ws/install/turtle_interfaces/include/turtle_interfaces/turtle_interfaces/msg
[3.494s] -- Up-to-date: /home/yahboom/ICA_ws/install/turtle_interfaces/include/turtle_interfaces/turtle_interfaces/msg/detail
[3.494s] -- Up-to-date: /home/yahboom/ICA_ws/install/turtle_interfaces/include/turtle_interfaces/turtle_interfaces/msg/detail/dds_fastrtps
[3.494s] -- Up-to-date: /home/yahboom/ICA_ws/install/turtle_interfaces/include/turtle_interfaces/turtle_interfaces/msg/detail/turtle_pose__rosidl_typesupport_fastrtps_cpp.hpp
[3.495s] -- Up-to-date: /home/yahboom/ICA_ws/install/turtle_interfaces/include/turtle_interfaces/turtle_interfaces/msg/rosidl_typesupport_fastrtps_cpp__visibility_control.h
[3.495s] -- Up-to-date: /home/yahboom/ICA_ws/install/turtle_interfaces/lib/libturtle_interfaces__rosidl_typesupport_fastrtps_cpp.so
[3.495s] -- Up-to-date: /home/yahboom/ICA_ws/install/turtle_interfaces/include/turtle_interfaces/turtle_interfaces
[3.495s] -- Up-to-date: /home/yahboom/ICA_ws/install/turtle_interfaces/include/turtle_interfaces/turtle_interfaces/action
[3.495s] -- Up-to-date: /home/yahboom/ICA_ws/install/turtle_interfaces/include/turtle_interfaces/turtle_interfaces/action/detail
[3.496s] -- Up-to-date: /home/yahboom/ICA_ws/install/turtle_interfaces/include/turtle_interfaces/turtle_interfaces/action/detail/make_square__rosidl_typesupport_introspection_cpp.hpp
[3.496s] -- Up-to-date: /home/yahboom/ICA_ws/install/turtle_interfaces/include/turtle_interfaces/turtle_interfaces/action/detail/make_square__type_support.cpp
[3.496s] -- Up-to-date: /home/yahboom/ICA_ws/install/turtle_interfaces/include/turtle_interfaces/turtle_interfaces/srv
[3.496s] -- Up-to-date: /home/yahboom/ICA_ws/install/turtle_interfaces/include/turtle_interfaces/turtle_interfaces/srv/detail
[3.497s] -- Up-to-date: /home/yahboom/ICA_ws/install/turtle_interfaces/include/turtle_interfaces/turtle_interfaces/srv/detail/set_colors__type_support.cpp
[3.497s] -- Up-to-date: /home/yahboom/ICA_ws/install/turtle_interfaces/include/turtle_interfaces/turtle_interfaces/srv/detail/set_colors__rosidl_typesupport_introspection_cpp.hpp
[3.497s] -- Up-to-date: /home/yahboom/ICA_ws/install/turtle_interfaces/include/turtle_interfaces/turtle_interfaces/msg
[3.497s] -- Up-to-date: /home/yahboom/ICA_ws/install/turtle_interfaces/include/turtle_interfaces/turtle_interfaces/msg/detail
[3.497s] -- Up-to-date: /home/yahboom/ICA_ws/install/turtle_interfaces/include/turtle_interfaces/turtle_interfaces/msg/detail/turtle_pose__rosidl_typesupport_introspection_cpp.hpp
[3.497s] -- Up-to-date: /home/yahboom/ICA_ws/install/turtle_interfaces/include/turtle_interfaces/turtle_interfaces/msg/detail/turtle_pose__type_support.cpp
[3.498s] -- Up-to-date: /home/yahboom/ICA_ws/install/turtle_interfaces/lib/libturtle_interfaces__rosidl_typesupport_introspection_cpp.so
[3.498s] -- Up-to-date: /home/yahboom/ICA_ws/install/turtle_interfaces/lib/libturtle_interfaces__rosidl_typesupport_cpp.so
[3.498s] -- Up-to-date: /home/yahboom/ICA_ws/install/turtle_interfaces/share/turtle_interfaces/environment/pythonpath.sh
[3.498s] -- Up-to-date: /home/yahboom/ICA_ws/install/turtle_interfaces/share/turtle_interfaces/environment/pythonpath.dsv
[3.498s] -- Up-to-date: /home/yahboom/ICA_ws/install/turtle_interfaces/local/lib/python3.10/dist-packages/turtle_interfaces-0.0.0-py3.10.egg-info
[3.498s] -- Installing: /home/yahboom/ICA_ws/install/turtle_interfaces/local/lib/python3.10/dist-packages/turtle_interfaces-0.0.0-py3.10.egg-info/top_level.txt
[3.498s] -- Installing: /home/yahboom/ICA_ws/install/turtle_interfaces/local/lib/python3.10/dist-packages/turtle_interfaces-0.0.0-py3.10.egg-info/PKG-INFO
[3.498s] -- Installing: /home/yahboom/ICA_ws/install/turtle_interfaces/local/lib/python3.10/dist-packages/turtle_interfaces-0.0.0-py3.10.egg-info/dependency_links.txt
[3.498s] -- Installing: /home/yahboom/ICA_ws/install/turtle_interfaces/local/lib/python3.10/dist-packages/turtle_interfaces-0.0.0-py3.10.egg-info/SOURCES.txt
[3.499s] -- Up-to-date: /home/yahboom/ICA_ws/install/turtle_interfaces/local/lib/python3.10/dist-packages/turtle_interfaces
[3.499s] -- Up-to-date: /home/yahboom/ICA_ws/install/turtle_interfaces/local/lib/python3.10/dist-packages/turtle_interfaces/libturtle_interfaces__rosidl_generator_py.so
[3.499s] -- Up-to-date: /home/yahboom/ICA_ws/install/turtle_interfaces/local/lib/python3.10/dist-packages/turtle_interfaces/action
[3.499s] -- Up-to-date: /home/yahboom/ICA_ws/install/turtle_interfaces/local/lib/python3.10/dist-packages/turtle_interfaces/action/_make_square.py
[3.499s] -- Up-to-date: /home/yahboom/ICA_ws/install/turtle_interfaces/local/lib/python3.10/dist-packages/turtle_interfaces/action/__init__.py
[3.499s] -- Up-to-date: /home/yahboom/ICA_ws/install/turtle_interfaces/local/lib/python3.10/dist-packages/turtle_interfaces/action/_make_square_s.c
[3.499s] -- Up-to-date: /home/yahboom/ICA_ws/install/turtle_interfaces/local/lib/python3.10/dist-packages/turtle_interfaces/_turtle_interfaces_s.ep.rosidl_typesupport_c.c
[3.499s] -- Up-to-date: /home/yahboom/ICA_ws/install/turtle_interfaces/local/lib/python3.10/dist-packages/turtle_interfaces/srv
[3.499s] -- Up-to-date: /home/yahboom/ICA_ws/install/turtle_interfaces/local/lib/python3.10/dist-packages/turtle_interfaces/srv/__init__.py
[3.499s] -- Up-to-date: /home/yahboom/ICA_ws/install/turtle_interfaces/local/lib/python3.10/dist-packages/turtle_interfaces/srv/_set_colors.py
[3.500s] -- Up-to-date: /home/yahboom/ICA_ws/install/turtle_interfaces/local/lib/python3.10/dist-packages/turtle_interfaces/srv/_set_colors_s.c
[3.500s] -- Up-to-date: /home/yahboom/ICA_ws/install/turtle_interfaces/local/lib/python3.10/dist-packages/turtle_interfaces/turtle_interfaces_s__rosidl_typesupport_introspection_c.cpython-310-x86_64-linux-gnu.so
[3.500s] -- Up-to-date: /home/yahboom/ICA_ws/install/turtle_interfaces/local/lib/python3.10/dist-packages/turtle_interfaces/__init__.py
[3.500s] -- Up-to-date: /home/yahboom/ICA_ws/install/turtle_interfaces/local/lib/python3.10/dist-packages/turtle_interfaces/turtle_interfaces_s__rosidl_typesupport_fastrtps_c.cpython-310-x86_64-linux-gnu.so
[3.500s] -- Up-to-date: /home/yahboom/ICA_ws/install/turtle_interfaces/local/lib/python3.10/dist-packages/turtle_interfaces/_turtle_interfaces_s.ep.rosidl_typesupport_introspection_c.c
[3.500s] -- Up-to-date: /home/yahboom/ICA_ws/install/turtle_interfaces/local/lib/python3.10/dist-packages/turtle_interfaces/msg
[3.500s] -- Up-to-date: /home/yahboom/ICA_ws/install/turtle_interfaces/local/lib/python3.10/dist-packages/turtle_interfaces/msg/_turtle_pose.py
[3.500s] -- Up-to-date: /home/yahboom/ICA_ws/install/turtle_interfaces/local/lib/python3.10/dist-packages/turtle_interfaces/msg/__init__.py
[3.501s] -- Up-to-date: /home/yahboom/ICA_ws/install/turtle_interfaces/local/lib/python3.10/dist-packages/turtle_interfaces/msg/_turtle_pose_s.c
[3.501s] -- Up-to-date: /home/yahboom/ICA_ws/install/turtle_interfaces/local/lib/python3.10/dist-packages/turtle_interfaces/turtle_interfaces_s__rosidl_typesupport_c.cpython-310-x86_64-linux-gnu.so
[3.501s] -- Up-to-date: /home/yahboom/ICA_ws/install/turtle_interfaces/local/lib/python3.10/dist-packages/turtle_interfaces/_turtle_interfaces_s.ep.rosidl_typesupport_fastrtps_c.c
[3.621s] Listing '/home/yahboom/ICA_ws/install/turtle_interfaces/local/lib/python3.10/dist-packages/turtle_interfaces'...
[3.622s] Listing '/home/yahboom/ICA_ws/install/turtle_interfaces/local/lib/python3.10/dist-packages/turtle_interfaces/action'...
[3.622s] Listing '/home/yahboom/ICA_ws/install/turtle_interfaces/local/lib/python3.10/dist-packages/turtle_interfaces/msg'...
[3.622s] Listing '/home/yahboom/ICA_ws/install/turtle_interfaces/local/lib/python3.10/dist-packages/turtle_interfaces/srv'...
[3.630s] -- Up-to-date: /home/yahboom/ICA_ws/install/turtle_interfaces/local/lib/python3.10/dist-packages/turtle_interfaces/turtle_interfaces_s__rosidl_typesupport_fastrtps_c.cpython-310-x86_64-linux-gnu.so
[3.632s] -- Up-to-date: /home/yahboom/ICA_ws/install/turtle_interfaces/local/lib/python3.10/dist-packages/turtle_interfaces/turtle_interfaces_s__rosidl_typesupport_introspection_c.cpython-310-x86_64-linux-gnu.so
[3.633s] -- Up-to-date: /home/yahboom/ICA_ws/install/turtle_interfaces/local/lib/python3.10/dist-packages/turtle_interfaces/turtle_interfaces_s__rosidl_typesupport_c.cpython-310-x86_64-linux-gnu.so
[3.633s] -- Up-to-date: /home/yahboom/ICA_ws/install/turtle_interfaces/lib/libturtle_interfaces__rosidl_generator_py.so
[3.634s] -- Up-to-date: /home/yahboom/ICA_ws/install/turtle_interfaces/share/turtle_interfaces/msg/TurtlePose.idl
[3.635s] -- Up-to-date: /home/yahboom/ICA_ws/install/turtle_interfaces/share/turtle_interfaces/srv/SetColors.idl
[3.635s] -- Up-to-date: /home/yahboom/ICA_ws/install/turtle_interfaces/share/turtle_interfaces/action/MakeSquare.idl
[3.635s] -- Up-to-date: /home/yahboom/ICA_ws/install/turtle_interfaces/share/turtle_interfaces/msg/TurtlePose.msg
[3.635s] -- Up-to-date: /home/yahboom/ICA_ws/install/turtle_interfaces/share/turtle_interfaces/srv/SetColors.srv
[3.636s] -- Up-to-date: /home/yahboom/ICA_ws/install/turtle_interfaces/share/turtle_interfaces/srv/SetColors_Request.msg
[3.637s] -- Up-to-date: /home/yahboom/ICA_ws/install/turtle_interfaces/share/turtle_interfaces/srv/SetColors_Response.msg
[3.638s] -- Up-to-date: /home/yahboom/ICA_ws/install/turtle_interfaces/share/turtle_interfaces/action/MakeSquare.action
[3.638s] -- Up-to-date: /home/yahboom/ICA_ws/install/turtle_interfaces/share/ament_index/resource_index/package_run_dependencies/turtle_interfaces
[3.638s] -- Up-to-date: /home/yahboom/ICA_ws/install/turtle_interfaces/share/ament_index/resource_index/parent_prefix_path/turtle_interfaces
[3.639s] -- Up-to-date: /home/yahboom/ICA_ws/install/turtle_interfaces/share/turtle_interfaces/environment/ament_prefix_path.sh
[3.639s] -- Up-to-date: /home/yahboom/ICA_ws/install/turtle_interfaces/share/turtle_interfaces/environment/ament_prefix_path.dsv
[3.640s] -- Up-to-date: /home/yahboom/ICA_ws/install/turtle_interfaces/share/turtle_interfaces/environment/path.sh
[3.641s] -- Up-to-date: /home/yahboom/ICA_ws/install/turtle_interfaces/share/turtle_interfaces/environment/path.dsv
[3.641s] -- Up-to-date: /home/yahboom/ICA_ws/install/turtle_interfaces/share/turtle_interfaces/local_setup.bash
[3.641s] -- Up-to-date: /home/yahboom/ICA_ws/install/turtle_interfaces/share/turtle_interfaces/local_setup.sh
[3.641s] -- Up-to-date: /home/yahboom/ICA_ws/install/turtle_interfaces/share/turtle_interfaces/local_setup.zsh
[3.641s] -- Up-to-date: /home/yahboom/ICA_ws/install/turtle_interfaces/share/turtle_interfaces/local_setup.dsv
[3.642s] -- Installing: /home/yahboom/ICA_ws/install/turtle_interfaces/share/turtle_interfaces/package.dsv
[3.643s] -- Up-to-date: /home/yahboom/ICA_ws/install/turtle_interfaces/share/ament_index/resource_index/packages/turtle_interfaces
[3.643s] -- Up-to-date: /home/yahboom/ICA_ws/install/turtle_interfaces/share/turtle_interfaces/cmake/export_turtle_interfaces__rosidl_generator_cExport.cmake
[3.643s] -- Up-to-date: /home/yahboom/ICA_ws/install/turtle_interfaces/share/turtle_interfaces/cmake/export_turtle_interfaces__rosidl_generator_cExport-noconfig.cmake
[3.643s] -- Up-to-date: /home/yahboom/ICA_ws/install/turtle_interfaces/share/turtle_interfaces/cmake/export_turtle_interfaces__rosidl_typesupport_fastrtps_cExport.cmake
[3.643s] -- Up-to-date: /home/yahboom/ICA_ws/install/turtle_interfaces/share/turtle_interfaces/cmake/export_turtle_interfaces__rosidl_typesupport_fastrtps_cExport-noconfig.cmake
[3.644s] -- Up-to-date: /home/yahboom/ICA_ws/install/turtle_interfaces/share/turtle_interfaces/cmake/turtle_interfaces__rosidl_typesupport_introspection_cExport.cmake
[3.644s] -- Up-to-date: /home/yahboom/ICA_ws/install/turtle_interfaces/share/turtle_interfaces/cmake/turtle_interfaces__rosidl_typesupport_introspection_cExport-noconfig.cmake
[3.644s] -- Up-to-date: /home/yahboom/ICA_ws/install/turtle_interfaces/share/turtle_interfaces/cmake/turtle_interfaces__rosidl_typesupport_cExport.cmake
[3.644s] -- Up-to-date: /home/yahboom/ICA_ws/install/turtle_interfaces/share/turtle_interfaces/cmake/turtle_interfaces__rosidl_typesupport_cExport-noconfig.cmake
[3.644s] -- Up-to-date: /home/yahboom/ICA_ws/install/turtle_interfaces/share/turtle_interfaces/cmake/export_turtle_interfaces__rosidl_generator_cppExport.cmake
[3.644s] -- Up-to-date: /home/yahboom/ICA_ws/install/turtle_interfaces/share/turtle_interfaces/cmake/export_turtle_interfaces__rosidl_typesupport_fastrtps_cppExport.cmake
[3.645s] -- Up-to-date: /home/yahboom/ICA_ws/install/turtle_interfaces/share/turtle_interfaces/cmake/export_turtle_interfaces__rosidl_typesupport_fastrtps_cppExport-noconfig.cmake
[3.645s] -- Up-to-date: /home/yahboom/ICA_ws/install/turtle_interfaces/share/turtle_interfaces/cmake/turtle_interfaces__rosidl_typesupport_introspection_cppExport.cmake
[3.645s] -- Up-to-date: /home/yahboom/ICA_ws/install/turtle_interfaces/share/turtle_interfaces/cmake/turtle_interfaces__rosidl_typesupport_introspection_cppExport-noconfig.cmake
[3.645s] -- Up-to-date: /home/yahboom/ICA_ws/install/turtle_interfaces/share/turtle_interfaces/cmake/turtle_interfaces__rosidl_typesupport_cppExport.cmake
[3.645s] -- Up-to-date: /home/yahboom/ICA_ws/install/turtle_interfaces/share/turtle_interfaces/cmake/turtle_interfaces__rosidl_typesupport_cppExport-noconfig.cmake
[3.645s] -- Up-to-date: /home/yahboom/ICA_ws/install/turtle_interfaces/share/turtle_interfaces/cmake/export_turtle_interfaces__rosidl_generator_pyExport.cmake
[3.645s] -- Up-to-date: /home/yahboom/ICA_ws/install/turtle_interfaces/share/turtle_interfaces/cmake/export_turtle_interfaces__rosidl_generator_pyExport-noconfig.cmake
[3.645s] -- Up-to-date: /home/yahboom/ICA_ws/install/turtle_interfaces/share/turtle_interfaces/cmake/rosidl_cmake-extras.cmake
[3.645s] -- Up-to-date: /home/yahboom/ICA_ws/install/turtle_interfaces/share/turtle_interfaces/cmake/ament_cmake_export_dependencies-extras.cmake
[3.645s] -- Up-to-date: /home/yahboom/ICA_ws/install/turtle_interfaces/share/turtle_interfaces/cmake/ament_cmake_export_include_directories-extras.cmake
[3.645s] -- Up-to-date: /home/yahboom/ICA_ws/install/turtle_interfaces/share/turtle_interfaces/cmake/ament_cmake_export_libraries-extras.cmake
[3.645s] -- Up-to-date: /home/yahboom/ICA_ws/install/turtle_interfaces/share/turtle_interfaces/cmake/ament_cmake_export_targets-extras.cmake
[3.646s] -- Up-to-date: /home/yahboom/ICA_ws/install/turtle_interfaces/share/turtle_interfaces/cmake/rosidl_cmake_export_typesupport_targets-extras.cmake
[3.646s] -- Up-to-date: /home/yahboom/ICA_ws/install/turtle_interfaces/share/turtle_interfaces/cmake/rosidl_cmake_export_typesupport_libraries-extras.cmake
[3.646s] -- Up-to-date: /home/yahboom/ICA_ws/install/turtle_interfaces/share/turtle_interfaces/cmake/turtle_interfacesConfig.cmake
[3.646s] -- Up-to-date: /home/yahboom/ICA_ws/install/turtle_interfaces/share/turtle_interfaces/cmake/turtle_interfacesConfig-version.cmake
[3.646s] -- Up-to-date: /home/yahboom/ICA_ws/install/turtle_interfaces/share/turtle_interfaces/package.xml
[3.689s] Invoked command in '/home/yahboom/ICA_ws/build/turtle_interfaces' returned '0': CMAKE_PREFIX_PATH=${CMAKE_PREFIX_PATH}:/home/yahboom/ICA_ws/install/python_parameters:/home/yahboom/cartoros2/install/yahboomcar_nav:/home/yahboom/cartoros2/install/yahboomcar_ctrl:/home/yahboom/cartoros2/install/yahboom_visual:/home/yahboom/cartoros2/install/yahboom_dog_joint_state:/home/yahboom/cartoros2/install/yahboom_description:/home/yahboom/cartoros2/install/yahboom_color_identify_server:/home/yahboom/cartoros2/install/yahboom_bringup:/home/yahboom/cartoros2/install/yahboom_base:/home/yahboom/cartoros2/install/yahboom_app_save_map:/home/yahboom/cartoros2/install/update_map:/home/yahboom/cartoros2/install/rosboard:/home/yahboom/cartoros2/install/path_planner_server:/home/yahboom/cartoros2/install/nav2_simple_commander:/home/yahboom/cartoros2/install/nav2_gazebo_spawner:/home/yahboom/cartoros2/install/localization_server:/home/yahboom/cartoros2/install/laserscan_to_point_pulisher:/home/yahboom/yahboomcar_ws/install/yahboom_dog_example:/opt/ros/humble /usr/bin/cmake --install /home/yahboom/ICA_ws/build/turtle_interfaces
