[0.997s] Invoking command in '/home/yahboom/Desktop/S26_RobotProgramming_Crystal/lab4/Ebinger/roscourse_ws/src/teleop_twist_keyboard': PYTHONPATH=/home/yahboom/Desktop/S26_RobotProgramming_Crystal/lab4/Ebinger/roscourse_ws/build/teleop_twist_keyboard/prefix_override:/home/yahboom/Desktop/S26_RobotProgramming_Crystal/lab4/Ebinger/roscourse_ws/install/teleop_twist_keyboard/lib/python3.10/site-packages:${PYTHONPATH} /usr/bin/python3 -W ignore:setup.py install is deprecated setup.py egg_info --egg-base ../../build/teleop_twist_keyboard build --build-base /home/yahboom/Desktop/S26_RobotProgramming_Crystal/lab4/Ebinger/roscourse_ws/build/teleop_twist_keyboard/build install --record /home/yahboom/Desktop/S26_RobotProgramming_Crystal/lab4/Ebinger/roscourse_ws/build/teleop_twist_keyboard/install.log --single-version-externally-managed install_data
[1.248s] running egg_info
[1.248s] writing ../../build/teleop_twist_keyboard/teleop_twist_keyboard.egg-info/PKG-INFO
[1.248s] writing dependency_links to ../../build/teleop_twist_keyboard/teleop_twist_keyboard.egg-info/dependency_links.txt
[1.249s] writing entry points to ../../build/teleop_twist_keyboard/teleop_twist_keyboard.egg-info/entry_points.txt
[1.249s] writing requirements to ../../build/teleop_twist_keyboard/teleop_twist_keyboard.egg-info/requires.txt
[1.249s] writing top-level names to ../../build/teleop_twist_keyboard/teleop_twist_keyboard.egg-info/top_level.txt
[1.251s] reading manifest file '../../build/teleop_twist_keyboard/teleop_twist_keyboard.egg-info/SOURCES.txt'
[1.251s] adding license file 'LICENSE'
[1.252s] writing manifest file '../../build/teleop_twist_keyboard/teleop_twist_keyboard.egg-info/SOURCES.txt'
[1.252s] running build
[1.252s] running build_py
[1.252s] copying teleop_twist_keyboard.py -> /home/yahboom/Desktop/S26_RobotProgramming_Crystal/lab4/Ebinger/roscourse_ws/build/teleop_twist_keyboard/build/lib
[1.252s] running install
[1.252s] running install_lib
[1.253s] copying /home/yahboom/Desktop/S26_RobotProgramming_Crystal/lab4/Ebinger/roscourse_ws/build/teleop_twist_keyboard/build/lib/teleop_twist_keyboard.py -> /home/yahboom/Desktop/S26_RobotProgramming_Crystal/lab4/Ebinger/roscourse_ws/install/teleop_twist_keyboard/lib/python3.10/site-packages
[1.254s] byte-compiling /home/yahboom/Desktop/S26_RobotProgramming_Crystal/lab4/Ebinger/roscourse_ws/install/teleop_twist_keyboard/lib/python3.10/site-packages/teleop_twist_keyboard.py to teleop_twist_keyboard.cpython-310.pyc
[1.255s] running install_data
[1.255s] running install_egg_info
[1.256s] removing '/home/yahboom/Desktop/S26_RobotProgramming_Crystal/lab4/Ebinger/roscourse_ws/install/teleop_twist_keyboard/lib/python3.10/site-packages/teleop_twist_keyboard-2.4.1-py3.10.egg-info' (and everything under it)
[1.256s] Copying ../../build/teleop_twist_keyboard/teleop_twist_keyboard.egg-info to /home/yahboom/Desktop/S26_RobotProgramming_Crystal/lab4/Ebinger/roscourse_ws/install/teleop_twist_keyboard/lib/python3.10/site-packages/teleop_twist_keyboard-2.4.1-py3.10.egg-info
[1.257s] running install_scripts
[1.275s] Installing teleop_twist_keyboard script to /home/yahboom/Desktop/S26_RobotProgramming_Crystal/lab4/Ebinger/roscourse_ws/install/teleop_twist_keyboard/lib/teleop_twist_keyboard
[1.275s] writing list of installed files to '/home/yahboom/Desktop/S26_RobotProgramming_Crystal/lab4/Ebinger/roscourse_ws/build/teleop_twist_keyboard/install.log'
[1.293s] Invoked command in '/home/yahboom/Desktop/S26_RobotProgramming_Crystal/lab4/Ebinger/roscourse_ws/src/teleop_twist_keyboard' returned '0': PYTHONPATH=/home/yahboom/Desktop/S26_RobotProgramming_Crystal/lab4/Ebinger/roscourse_ws/build/teleop_twist_keyboard/prefix_override:/home/yahboom/Desktop/S26_RobotProgramming_Crystal/lab4/Ebinger/roscourse_ws/install/teleop_twist_keyboard/lib/python3.10/site-packages:${PYTHONPATH} /usr/bin/python3 -W ignore:setup.py install is deprecated setup.py egg_info --egg-base ../../build/teleop_twist_keyboard build --build-base /home/yahboom/Desktop/S26_RobotProgramming_Crystal/lab4/Ebinger/roscourse_ws/build/teleop_twist_keyboard/build install --record /home/yahboom/Desktop/S26_RobotProgramming_Crystal/lab4/Ebinger/roscourse_ws/build/teleop_twist_keyboard/install.log --single-version-externally-managed install_data
