[0.914s] Invoking command in '/home/yahboom/roscourse_ws/src/python_turtle': PYTHONPATH=/home/yahboom/roscourse_ws/src/python_turtle/build/python_turtle/prefix_override:/home/yahboom/roscourse_ws/src/python_turtle/install/python_turtle/lib/python3.10/site-packages:${PYTHONPATH} /usr/bin/python3 -W ignore:setup.py install is deprecated setup.py egg_info --egg-base build/python_turtle build --build-base /home/yahboom/roscourse_ws/src/python_turtle/build/python_turtle/build install --record /home/yahboom/roscourse_ws/src/python_turtle/build/python_turtle/install.log --single-version-externally-managed install_data
[1.184s] running egg_info
[1.184s] creating build/python_turtle/python_turtle.egg-info
[1.184s] writing build/python_turtle/python_turtle.egg-info/PKG-INFO
[1.185s] writing dependency_links to build/python_turtle/python_turtle.egg-info/dependency_links.txt
[1.185s] writing entry points to build/python_turtle/python_turtle.egg-info/entry_points.txt
[1.185s] writing requirements to build/python_turtle/python_turtle.egg-info/requires.txt
[1.185s] writing top-level names to build/python_turtle/python_turtle.egg-info/top_level.txt
[1.185s] writing manifest file 'build/python_turtle/python_turtle.egg-info/SOURCES.txt'
[1.186s] reading manifest file 'build/python_turtle/python_turtle.egg-info/SOURCES.txt'
[1.187s] writing manifest file 'build/python_turtle/python_turtle.egg-info/SOURCES.txt'
[1.188s] running build
[1.188s] running build_py
[1.188s] creating /home/yahboom/roscourse_ws/src/python_turtle/build/python_turtle/build
[1.188s] creating /home/yahboom/roscourse_ws/src/python_turtle/build/python_turtle/build/lib
[1.188s] creating /home/yahboom/roscourse_ws/src/python_turtle/build/python_turtle/build/lib/python_turtle
[1.188s] copying python_turtle/__init__.py -> /home/yahboom/roscourse_ws/src/python_turtle/build/python_turtle/build/lib/python_turtle
[1.188s] running install
[1.189s] running install_lib
[1.189s] creating /home/yahboom/roscourse_ws/src/python_turtle/install/python_turtle/lib/python3.10/site-packages/python_turtle
[1.189s] copying /home/yahboom/roscourse_ws/src/python_turtle/build/python_turtle/build/lib/python_turtle/__init__.py -> /home/yahboom/roscourse_ws/src/python_turtle/install/python_turtle/lib/python3.10/site-packages/python_turtle
[1.190s] byte-compiling /home/yahboom/roscourse_ws/src/python_turtle/install/python_turtle/lib/python3.10/site-packages/python_turtle/__init__.py to __init__.cpython-310.pyc
[1.190s] running install_data
[1.191s] creating /home/yahboom/roscourse_ws/src/python_turtle/install/python_turtle/share/ament_index
[1.191s] creating /home/yahboom/roscourse_ws/src/python_turtle/install/python_turtle/share/ament_index/resource_index
[1.191s] creating /home/yahboom/roscourse_ws/src/python_turtle/install/python_turtle/share/ament_index/resource_index/packages
[1.191s] copying resource/python_turtle -> /home/yahboom/roscourse_ws/src/python_turtle/install/python_turtle/share/ament_index/resource_index/packages
[1.191s] copying package.xml -> /home/yahboom/roscourse_ws/src/python_turtle/install/python_turtle/share/python_turtle
[1.191s] running install_egg_info
[1.193s] Copying build/python_turtle/python_turtle.egg-info to /home/yahboom/roscourse_ws/src/python_turtle/install/python_turtle/lib/python3.10/site-packages/python_turtle-0.0.0-py3.10.egg-info
[1.194s] running install_scripts
[1.215s] Installing turtlebot_client script to /home/yahboom/roscourse_ws/src/python_turtle/install/python_turtle/lib/python_turtle
[1.215s] Installing turtlebot_server script to /home/yahboom/roscourse_ws/src/python_turtle/install/python_turtle/lib/python_turtle
[1.216s] writing list of installed files to '/home/yahboom/roscourse_ws/src/python_turtle/build/python_turtle/install.log'
[1.243s] Invoked command in '/home/yahboom/roscourse_ws/src/python_turtle' returned '0': PYTHONPATH=/home/yahboom/roscourse_ws/src/python_turtle/build/python_turtle/prefix_override:/home/yahboom/roscourse_ws/src/python_turtle/install/python_turtle/lib/python3.10/site-packages:${PYTHONPATH} /usr/bin/python3 -W ignore:setup.py install is deprecated setup.py egg_info --egg-base build/python_turtle build --build-base /home/yahboom/roscourse_ws/src/python_turtle/build/python_turtle/build install --record /home/yahboom/roscourse_ws/src/python_turtle/build/python_turtle/install.log --single-version-externally-managed install_data
