[0.773s] Invoking command in '/home/yahboom/roscourse_ws/src/build/webcam': PYTHONPATH=/home/yahboom/roscourse_ws/src/build/webcam/prefix_override:/home/yahboom/roscourse_ws/src/install/webcam/lib/python3.10/site-packages:${PYTHONPATH} /usr/bin/python3 -W ignore:setup.py install is deprecated setup.py develop --editable --build-directory /home/yahboom/roscourse_ws/src/build/webcam/build --no-deps symlink_data
[1.055s] running develop
[1.068s] /usr/lib/python3/dist-packages/setuptools/command/easy_install.py:158: EasyInstallDeprecationWarning: easy_install command is deprecated. Use build and pip and other standards-based tools.
[1.068s]   warnings.warn(
[1.245s] running egg_info
[1.245s] creating webcam.egg-info
[1.245s] writing webcam.egg-info/PKG-INFO
[1.246s] writing dependency_links to webcam.egg-info/dependency_links.txt
[1.246s] writing entry points to webcam.egg-info/entry_points.txt
[1.246s] writing requirements to webcam.egg-info/requires.txt
[1.246s] writing top-level names to webcam.egg-info/top_level.txt
[1.247s] writing manifest file 'webcam.egg-info/SOURCES.txt'
[1.248s] reading manifest file 'webcam.egg-info/SOURCES.txt'
[1.249s] writing manifest file 'webcam.egg-info/SOURCES.txt'
[1.252s] running build_ext
[1.252s] Creating /home/yahboom/roscourse_ws/src/install/webcam/lib/python3.10/site-packages/webcam.egg-link (link to .)
[1.253s] Installing webcam_pub script to /home/yahboom/roscourse_ws/src/install/webcam/lib/webcam
[1.253s] Installing webcam_sub script to /home/yahboom/roscourse_ws/src/install/webcam/lib/webcam
[1.253s] 
[1.253s] Installed /home/yahboom/roscourse_ws/src/build/webcam
[1.253s] running symlink_data
[1.253s] creating /home/yahboom/roscourse_ws/src/install/webcam/share/ament_index
[1.253s] creating /home/yahboom/roscourse_ws/src/install/webcam/share/ament_index/resource_index
[1.253s] creating /home/yahboom/roscourse_ws/src/install/webcam/share/ament_index/resource_index/packages
[1.254s] symbolically linking /home/yahboom/roscourse_ws/src/build/webcam/resource/webcam -> /home/yahboom/roscourse_ws/src/install/webcam/share/ament_index/resource_index/packages
[1.254s] symbolically linking /home/yahboom/roscourse_ws/src/build/webcam/package.xml -> /home/yahboom/roscourse_ws/src/install/webcam/share/webcam
[1.283s] Invoked command in '/home/yahboom/roscourse_ws/src/build/webcam' returned '0': PYTHONPATH=/home/yahboom/roscourse_ws/src/build/webcam/prefix_override:/home/yahboom/roscourse_ws/src/install/webcam/lib/python3.10/site-packages:${PYTHONPATH} /usr/bin/python3 -W ignore:setup.py install is deprecated setup.py develop --editable --build-directory /home/yahboom/roscourse_ws/src/build/webcam/build --no-deps symlink_data
