[0.710s] Invoking command in '/home/yahboom/roscourse_sim_ws/src/my_robot': PYTHONPATH=/home/yahboom/roscourse_sim_ws/build/my_robot/prefix_override:/home/yahboom/roscourse_sim_ws/install/my_robot/lib/python3.10/site-packages:${PYTHONPATH} /usr/bin/python3 -W ignore:setup.py install is deprecated setup.py egg_info --egg-base ../../build/my_robot build --build-base /home/yahboom/roscourse_sim_ws/build/my_robot/build install --record /home/yahboom/roscourse_sim_ws/build/my_robot/install.log --single-version-externally-managed install_data
[0.989s] running egg_info
[0.990s] writing ../../build/my_robot/my_robot.egg-info/PKG-INFO
[1.002s] writing dependency_links to ../../build/my_robot/my_robot.egg-info/dependency_links.txt
[1.003s] writing entry points to ../../build/my_robot/my_robot.egg-info/entry_points.txt
[1.003s] writing requirements to ../../build/my_robot/my_robot.egg-info/requires.txt
[1.004s] writing top-level names to ../../build/my_robot/my_robot.egg-info/top_level.txt
[1.006s] reading manifest file '../../build/my_robot/my_robot.egg-info/SOURCES.txt'
[1.006s] writing manifest file '../../build/my_robot/my_robot.egg-info/SOURCES.txt'
[1.007s] running build
[1.007s] running build_py
[1.007s] running install
[1.007s] running install_lib
[1.009s] running install_data
[1.009s] running install_egg_info
[1.011s] removing '/home/yahboom/roscourse_sim_ws/install/my_robot/lib/python3.10/site-packages/my_robot-0.0.0-py3.10.egg-info' (and everything under it)
[1.011s] Copying ../../build/my_robot/my_robot.egg-info to /home/yahboom/roscourse_sim_ws/install/my_robot/lib/python3.10/site-packages/my_robot-0.0.0-py3.10.egg-info
[1.012s] running install_scripts
[1.034s] writing list of installed files to '/home/yahboom/roscourse_sim_ws/build/my_robot/install.log'
[1.062s] Invoked command in '/home/yahboom/roscourse_sim_ws/src/my_robot' returned '0': PYTHONPATH=/home/yahboom/roscourse_sim_ws/build/my_robot/prefix_override:/home/yahboom/roscourse_sim_ws/install/my_robot/lib/python3.10/site-packages:${PYTHONPATH} /usr/bin/python3 -W ignore:setup.py install is deprecated setup.py egg_info --egg-base ../../build/my_robot build --build-base /home/yahboom/roscourse_sim_ws/build/my_robot/build install --record /home/yahboom/roscourse_sim_ws/build/my_robot/install.log --single-version-externally-managed install_data
