[1.147s] Invoking command in '/home/yahboom/Desktop/S26_RobotProgramming_Crystal/lab4/Ebinger/roscourse_ws/src/teleop_twist_keyboard': PYTHONPATH=/home/yahboom/Desktop/S26_RobotProgramming_Crystal/lab4/Ebinger/roscourse_ws/build/teleop_twist_keyboard/prefix_override:/home/yahboom/Desktop/S26_RobotProgramming_Crystal/lab4/Ebinger/roscourse_ws/install/teleop_twist_keyboard/lib/python3.10/site-packages:${PYTHONPATH} /usr/bin/python3 -W ignore:setup.py install is deprecated setup.py egg_info --egg-base ../../build/teleop_twist_keyboard build --build-base /home/yahboom/Desktop/S26_RobotProgramming_Crystal/lab4/Ebinger/roscourse_ws/build/teleop_twist_keyboard/build install --record /home/yahboom/Desktop/S26_RobotProgramming_Crystal/lab4/Ebinger/roscourse_ws/build/teleop_twist_keyboard/install.log --single-version-externally-managed install_data
[1.501s] running egg_info
[1.502s] writing ../../build/teleop_twist_keyboard/teleop_twist_keyboard.egg-info/PKG-INFO
[1.502s] writing dependency_links to ../../build/teleop_twist_keyboard/teleop_twist_keyboard.egg-info/dependency_links.txt
[1.503s] writing entry points to ../../build/teleop_twist_keyboard/teleop_twist_keyboard.egg-info/entry_points.txt
[1.503s] writing requirements to ../../build/teleop_twist_keyboard/teleop_twist_keyboard.egg-info/requires.txt
[1.503s] writing top-level names to ../../build/teleop_twist_keyboard/teleop_twist_keyboard.egg-info/top_level.txt
[1.504s] reading manifest file '../../build/teleop_twist_keyboard/teleop_twist_keyboard.egg-info/SOURCES.txt'
[1.505s] adding license file 'LICENSE'
[1.505s] writing manifest file '../../build/teleop_twist_keyboard/teleop_twist_keyboard.egg-info/SOURCES.txt'
[1.506s] running build
[1.506s] running build_py
[1.506s] running install
[1.506s] running install_lib
[1.507s] running install_data
[1.508s] running install_egg_info
[1.510s] removing '/home/yahboom/Desktop/S26_RobotProgramming_Crystal/lab4/Ebinger/roscourse_ws/install/teleop_twist_keyboard/lib/python3.10/site-packages/teleop_twist_keyboard-2.4.1-py3.10.egg-info' (and everything under it)
[1.510s] Copying ../../build/teleop_twist_keyboard/teleop_twist_keyboard.egg-info to /home/yahboom/Desktop/S26_RobotProgramming_Crystal/lab4/Ebinger/roscourse_ws/install/teleop_twist_keyboard/lib/python3.10/site-packages/teleop_twist_keyboard-2.4.1-py3.10.egg-info
[1.511s] running install_scripts
[1.547s] Installing teleop_twist_keyboard script to /home/yahboom/Desktop/S26_RobotProgramming_Crystal/lab4/Ebinger/roscourse_ws/install/teleop_twist_keyboard/lib/teleop_twist_keyboard
[1.547s] writing list of installed files to '/home/yahboom/Desktop/S26_RobotProgramming_Crystal/lab4/Ebinger/roscourse_ws/build/teleop_twist_keyboard/install.log'
[1.572s] Invoked command in '/home/yahboom/Desktop/S26_RobotProgramming_Crystal/lab4/Ebinger/roscourse_ws/src/teleop_twist_keyboard' returned '0': PYTHONPATH=/home/yahboom/Desktop/S26_RobotProgramming_Crystal/lab4/Ebinger/roscourse_ws/build/teleop_twist_keyboard/prefix_override:/home/yahboom/Desktop/S26_RobotProgramming_Crystal/lab4/Ebinger/roscourse_ws/install/teleop_twist_keyboard/lib/python3.10/site-packages:${PYTHONPATH} /usr/bin/python3 -W ignore:setup.py install is deprecated setup.py egg_info --egg-base ../../build/teleop_twist_keyboard build --build-base /home/yahboom/Desktop/S26_RobotProgramming_Crystal/lab4/Ebinger/roscourse_ws/build/teleop_twist_keyboard/build install --record /home/yahboom/Desktop/S26_RobotProgramming_Crystal/lab4/Ebinger/roscourse_ws/build/teleop_twist_keyboard/install.log --single-version-externally-managed install_data
