[8.563s] Invoking command in '/home/yahboom/Desktop/S26_RobotProgramming_Crystal/Final_project/src/raspbot_drive_control': PYTHONPATH=/home/yahboom/Desktop/S26_RobotProgramming_Crystal/Final_project/build/raspbot_drive_control/prefix_override:/home/yahboom/Desktop/S26_RobotProgramming_Crystal/Final_project/install/raspbot_drive_control/lib/python3.10/site-packages:${PYTHONPATH} /usr/bin/python3 -W ignore:setup.py install is deprecated setup.py egg_info --egg-base ../../build/raspbot_drive_control build --build-base /home/yahboom/Desktop/S26_RobotProgramming_Crystal/Final_project/build/raspbot_drive_control/build install --record /home/yahboom/Desktop/S26_RobotProgramming_Crystal/Final_project/build/raspbot_drive_control/install.log --single-version-externally-managed
[9.680s] running egg_info
[9.681s] writing ../../build/raspbot_drive_control/raspbot_drive_control.egg-info/PKG-INFO
[9.685s] writing dependency_links to ../../build/raspbot_drive_control/raspbot_drive_control.egg-info/dependency_links.txt
[9.687s] writing entry points to ../../build/raspbot_drive_control/raspbot_drive_control.egg-info/entry_points.txt
[9.689s] writing requirements to ../../build/raspbot_drive_control/raspbot_drive_control.egg-info/requires.txt
[9.693s] writing top-level names to ../../build/raspbot_drive_control/raspbot_drive_control.egg-info/top_level.txt
[9.698s] reading manifest file '../../build/raspbot_drive_control/raspbot_drive_control.egg-info/SOURCES.txt'
[9.700s] writing manifest file '../../build/raspbot_drive_control/raspbot_drive_control.egg-info/SOURCES.txt'
[9.703s] running build
[9.703s] running build_py
[9.705s] copying raspbot_drive_control/object_drive_controller.py -> /home/yahboom/Desktop/S26_RobotProgramming_Crystal/Final_project/build/raspbot_drive_control/build/lib/raspbot_drive_control
[9.705s] running install
[9.706s] running install_lib
[9.710s] copying /home/yahboom/Desktop/S26_RobotProgramming_Crystal/Final_project/build/raspbot_drive_control/build/lib/raspbot_drive_control/object_drive_controller.py -> /home/yahboom/Desktop/S26_RobotProgramming_Crystal/Final_project/install/raspbot_drive_control/lib/python3.10/site-packages/raspbot_drive_control
[9.711s] byte-compiling /home/yahboom/Desktop/S26_RobotProgramming_Crystal/Final_project/install/raspbot_drive_control/lib/python3.10/site-packages/raspbot_drive_control/object_drive_controller.py to object_drive_controller.cpython-310.pyc
[9.713s] running install_egg_info
[9.719s] removing '/home/yahboom/Desktop/S26_RobotProgramming_Crystal/Final_project/install/raspbot_drive_control/lib/python3.10/site-packages/raspbot_drive_control-0.0.1-py3.10.egg-info' (and everything under it)
[9.722s] Copying ../../build/raspbot_drive_control/raspbot_drive_control.egg-info to /home/yahboom/Desktop/S26_RobotProgramming_Crystal/Final_project/install/raspbot_drive_control/lib/python3.10/site-packages/raspbot_drive_control-0.0.1-py3.10.egg-info
[9.723s] running install_scripts
[9.795s] Installing object_drive_controller script to /home/yahboom/Desktop/S26_RobotProgramming_Crystal/Final_project/install/raspbot_drive_control/lib/raspbot_drive_control
[9.795s] writing list of installed files to '/home/yahboom/Desktop/S26_RobotProgramming_Crystal/Final_project/build/raspbot_drive_control/install.log'
[9.859s] Invoked command in '/home/yahboom/Desktop/S26_RobotProgramming_Crystal/Final_project/src/raspbot_drive_control' returned '0': PYTHONPATH=/home/yahboom/Desktop/S26_RobotProgramming_Crystal/Final_project/build/raspbot_drive_control/prefix_override:/home/yahboom/Desktop/S26_RobotProgramming_Crystal/Final_project/install/raspbot_drive_control/lib/python3.10/site-packages:${PYTHONPATH} /usr/bin/python3 -W ignore:setup.py install is deprecated setup.py egg_info --egg-base ../../build/raspbot_drive_control build --build-base /home/yahboom/Desktop/S26_RobotProgramming_Crystal/Final_project/build/raspbot_drive_control/build install --record /home/yahboom/Desktop/S26_RobotProgramming_Crystal/Final_project/build/raspbot_drive_control/install.log --single-version-externally-managed
