[0.600s] Invoking command in '/home/yahboom/Desktop/S26_RobotProgramming_Crystal/lab3/Ebinger/roscourse_ws/src/webcam': PYTHONPATH=/home/yahboom/Desktop/S26_RobotProgramming_Crystal/lab3/Ebinger/roscourse_ws/build/webcam/prefix_override:/home/yahboom/Desktop/S26_RobotProgramming_Crystal/lab3/Ebinger/roscourse_ws/install/webcam/lib/python3.10/site-packages:${PYTHONPATH} /usr/bin/python3 -W ignore:setup.py install is deprecated setup.py egg_info --egg-base ../../build/webcam build --build-base /home/yahboom/Desktop/S26_RobotProgramming_Crystal/lab3/Ebinger/roscourse_ws/build/webcam/build install --record /home/yahboom/Desktop/S26_RobotProgramming_Crystal/lab3/Ebinger/roscourse_ws/build/webcam/install.log --single-version-externally-managed install_data
[0.816s] running egg_info
[0.816s] writing ../../build/webcam/webcam.egg-info/PKG-INFO
[0.816s] writing dependency_links to ../../build/webcam/webcam.egg-info/dependency_links.txt
[0.817s] writing entry points to ../../build/webcam/webcam.egg-info/entry_points.txt
[0.817s] writing requirements to ../../build/webcam/webcam.egg-info/requires.txt
[0.817s] writing top-level names to ../../build/webcam/webcam.egg-info/top_level.txt
[0.818s] reading manifest file '../../build/webcam/webcam.egg-info/SOURCES.txt'
[0.819s] writing manifest file '../../build/webcam/webcam.egg-info/SOURCES.txt'
[0.819s] running build
[0.819s] running build_py
[0.819s] running install
[0.820s] running install_lib
[0.821s] running install_data
[0.821s] running install_egg_info
[0.822s] removing '/home/yahboom/Desktop/S26_RobotProgramming_Crystal/lab3/Ebinger/roscourse_ws/install/webcam/lib/python3.10/site-packages/webcam-0.0.0-py3.10.egg-info' (and everything under it)
[0.822s] Copying ../../build/webcam/webcam.egg-info to /home/yahboom/Desktop/S26_RobotProgramming_Crystal/lab3/Ebinger/roscourse_ws/install/webcam/lib/python3.10/site-packages/webcam-0.0.0-py3.10.egg-info
[0.823s] running install_scripts
[0.841s] Installing webcam_pub script to /home/yahboom/Desktop/S26_RobotProgramming_Crystal/lab3/Ebinger/roscourse_ws/install/webcam/lib/webcam
[0.841s] Installing webcam_sub script to /home/yahboom/Desktop/S26_RobotProgramming_Crystal/lab3/Ebinger/roscourse_ws/install/webcam/lib/webcam
[0.842s] writing list of installed files to '/home/yahboom/Desktop/S26_RobotProgramming_Crystal/lab3/Ebinger/roscourse_ws/build/webcam/install.log'
[0.858s] Invoked command in '/home/yahboom/Desktop/S26_RobotProgramming_Crystal/lab3/Ebinger/roscourse_ws/src/webcam' returned '0': PYTHONPATH=/home/yahboom/Desktop/S26_RobotProgramming_Crystal/lab3/Ebinger/roscourse_ws/build/webcam/prefix_override:/home/yahboom/Desktop/S26_RobotProgramming_Crystal/lab3/Ebinger/roscourse_ws/install/webcam/lib/python3.10/site-packages:${PYTHONPATH} /usr/bin/python3 -W ignore:setup.py install is deprecated setup.py egg_info --egg-base ../../build/webcam build --build-base /home/yahboom/Desktop/S26_RobotProgramming_Crystal/lab3/Ebinger/roscourse_ws/build/webcam/build install --record /home/yahboom/Desktop/S26_RobotProgramming_Crystal/lab3/Ebinger/roscourse_ws/build/webcam/install.log --single-version-externally-managed install_data
