[0.021s] Invoking command in '/home/yahboom/Desktop/lec9/intro_ws/build/turtle_interfaces': CMAKE_PREFIX_PATH=${CMAKE_PREFIX_PATH}:/home/yahboom/cartoros2/install/yahboomcar_nav:/home/yahboom/cartoros2/install/yahboomcar_ctrl:/home/yahboom/cartoros2/install/yahboom_visual:/home/yahboom/cartoros2/install/yahboom_dog_joint_state:/home/yahboom/cartoros2/install/yahboom_description:/home/yahboom/cartoros2/install/yahboom_color_identify_server:/home/yahboom/cartoros2/install/yahboom_bringup:/home/yahboom/cartoros2/install/yahboom_base:/home/yahboom/cartoros2/install/yahboom_app_save_map:/home/yahboom/cartoros2/install/update_map:/home/yahboom/cartoros2/install/rosboard:/home/yahboom/cartoros2/install/path_planner_server:/home/yahboom/cartoros2/install/nav2_simple_commander:/home/yahboom/cartoros2/install/nav2_gazebo_spawner:/home/yahboom/cartoros2/install/localization_server:/home/yahboom/cartoros2/install/laserscan_to_point_pulisher:/home/yahboom/yahboomcar_ws/install/yahboom_dog_example:/opt/ros/humble /usr/bin/cmake /home/yahboom/Desktop/lec9/intro_ws/src/turtle_interfaces -DCMAKE_INSTALL_PREFIX=/home/yahboom/Desktop/lec9/intro_ws/install/turtle_interfaces
[0.204s] -- The C compiler identification is GNU 11.4.0
[0.320s] -- The CXX compiler identification is GNU 11.4.0
[0.330s] -- Detecting C compiler ABI info
[0.480s] -- Detecting C compiler ABI info - done
[0.489s] -- Check for working C compiler: /usr/bin/cc - skipped
[0.490s] -- Detecting C compile features
[0.491s] -- Detecting C compile features - done
[0.495s] -- Detecting CXX compiler ABI info
[0.632s] -- Detecting CXX compiler ABI info - done
[0.639s] -- Check for working CXX compiler: /usr/bin/c++ - skipped
[0.639s] -- Detecting CXX compile features
[0.640s] -- Detecting CXX compile features - done
[0.659s] -- Found ament_cmake: 1.3.8 (/opt/ros/humble/share/ament_cmake/cmake)
[0.901s] -- Found Python3: /usr/bin/python3 (found version "3.10.12") found components: Interpreter 
[1.153s] -- Found rosidl_default_generators: 1.2.0 (/opt/ros/humble/share/rosidl_default_generators/cmake)
[1.195s] -- Using all available rosidl_typesupport_c: rosidl_typesupport_fastrtps_c;rosidl_typesupport_introspection_c
[1.233s] -- Found rosidl_adapter: 3.1.5 (/opt/ros/humble/share/rosidl_adapter/cmake)
[1.349s] -- Using all available rosidl_typesupport_cpp: rosidl_typesupport_fastrtps_cpp;rosidl_typesupport_introspection_cpp
[1.982s] -- Found ament_cmake_ros: 0.10.0 (/opt/ros/humble/share/ament_cmake_ros/cmake)
[2.275s] -- Using all available rosidl_typesupport_c: rosidl_typesupport_fastrtps_c;rosidl_typesupport_introspection_c
[2.629s] -- Using all available rosidl_typesupport_cpp: rosidl_typesupport_fastrtps_cpp;rosidl_typesupport_introspection_cpp
[2.659s] -- Found PythonInterp: /usr/bin/python3 (found suitable version "3.10.12", minimum required is "3.6") 
[2.670s] -- Found python_cmake_module: 0.10.0 (/opt/ros/humble/share/python_cmake_module/cmake)
[2.711s] -- Found PythonLibs: /usr/lib/x86_64-linux-gnu/libpython3.10.so (found suitable version "3.10.12", minimum required is "3.5") 
[2.711s] -- Using PYTHON_EXECUTABLE: /usr/bin/python3
[2.712s] -- Using PYTHON_INCLUDE_DIRS: /usr/include/python3.10
[2.712s] -- Using PYTHON_LIBRARIES: /usr/lib/x86_64-linux-gnu/libpython3.10.so
[2.744s] -- Found PythonExtra: .so  
[2.891s] -- Found ament_lint_auto: 0.12.10 (/opt/ros/humble/share/ament_lint_auto/cmake)
[2.960s] -- Added test 'lint_cmake' to check CMake code style
[2.962s] -- Added test 'xmllint' to check XML markup files
[2.970s] -- Configuring done
[3.032s] -- Generating done
[3.037s] -- Build files have been written to: /home/yahboom/Desktop/lec9/intro_ws/build/turtle_interfaces
[3.047s] Invoked command in '/home/yahboom/Desktop/lec9/intro_ws/build/turtle_interfaces' returned '0': CMAKE_PREFIX_PATH=${CMAKE_PREFIX_PATH}:/home/yahboom/cartoros2/install/yahboomcar_nav:/home/yahboom/cartoros2/install/yahboomcar_ctrl:/home/yahboom/cartoros2/install/yahboom_visual:/home/yahboom/cartoros2/install/yahboom_dog_joint_state:/home/yahboom/cartoros2/install/yahboom_description:/home/yahboom/cartoros2/install/yahboom_color_identify_server:/home/yahboom/cartoros2/install/yahboom_bringup:/home/yahboom/cartoros2/install/yahboom_base:/home/yahboom/cartoros2/install/yahboom_app_save_map:/home/yahboom/cartoros2/install/update_map:/home/yahboom/cartoros2/install/rosboard:/home/yahboom/cartoros2/install/path_planner_server:/home/yahboom/cartoros2/install/nav2_simple_commander:/home/yahboom/cartoros2/install/nav2_gazebo_spawner:/home/yahboom/cartoros2/install/localization_server:/home/yahboom/cartoros2/install/laserscan_to_point_pulisher:/home/yahboom/yahboomcar_ws/install/yahboom_dog_example:/opt/ros/humble /usr/bin/cmake /home/yahboom/Desktop/lec9/intro_ws/src/turtle_interfaces -DCMAKE_INSTALL_PREFIX=/home/yahboom/Desktop/lec9/intro_ws/install/turtle_interfaces
[3.049s] Invoking command in '/home/yahboom/Desktop/lec9/intro_ws/build/turtle_interfaces': CMAKE_PREFIX_PATH=${CMAKE_PREFIX_PATH}:/home/yahboom/cartoros2/install/yahboomcar_nav:/home/yahboom/cartoros2/install/yahboomcar_ctrl:/home/yahboom/cartoros2/install/yahboom_visual:/home/yahboom/cartoros2/install/yahboom_dog_joint_state:/home/yahboom/cartoros2/install/yahboom_description:/home/yahboom/cartoros2/install/yahboom_color_identify_server:/home/yahboom/cartoros2/install/yahboom_bringup:/home/yahboom/cartoros2/install/yahboom_base:/home/yahboom/cartoros2/install/yahboom_app_save_map:/home/yahboom/cartoros2/install/update_map:/home/yahboom/cartoros2/install/rosboard:/home/yahboom/cartoros2/install/path_planner_server:/home/yahboom/cartoros2/install/nav2_simple_commander:/home/yahboom/cartoros2/install/nav2_gazebo_spawner:/home/yahboom/cartoros2/install/localization_server:/home/yahboom/cartoros2/install/laserscan_to_point_pulisher:/home/yahboom/yahboomcar_ws/install/yahboom_dog_example:/opt/ros/humble /usr/bin/cmake --build /home/yahboom/Desktop/lec9/intro_ws/build/turtle_interfaces -- -j4 -l4
[3.144s] [  2%] [34m[1mGenerating C code for ROS interfaces[0m
[3.167s] [  4%] [34m[1mGenerating C++ code for ROS interfaces[0m
[3.186s] [  4%] Built target ament_cmake_python_copy_turtle_interfaces
[3.695s] running egg_info
[3.695s] creating turtle_interfaces.egg-info
[3.697s] writing turtle_interfaces.egg-info/PKG-INFO
[3.697s] writing dependency_links to turtle_interfaces.egg-info/dependency_links.txt
[3.698s] writing top-level names to turtle_interfaces.egg-info/top_level.txt
[3.700s] writing manifest file 'turtle_interfaces.egg-info/SOURCES.txt'
[3.706s] reading manifest file 'turtle_interfaces.egg-info/SOURCES.txt'
[3.706s] writing manifest file 'turtle_interfaces.egg-info/SOURCES.txt'
[3.742s] [  4%] Built target ament_cmake_python_build_turtle_interfaces_egg
[4.084s] [  4%] Built target turtle_interfaces__cpp
[4.107s] [  6%] [34m[1mGenerating C++ type support dispatch for ROS interfaces[0m
[4.107s] [  8%] [34m[1mGenerating C++ introspection for ROS interfaces[0m
[4.108s] [ 10%] [34m[1mGenerating C++ type support for eProsima Fast-RTPS[0m
[4.114s] [ 12%] [32mBuilding C object CMakeFiles/turtle_interfaces__rosidl_generator_c.dir/rosidl_generator_c/turtle_interfaces/msg/detail/turtle_pose__functions.c.o[0m
[4.198s] [ 14%] [32mBuilding C object CMakeFiles/turtle_interfaces__rosidl_generator_c.dir/rosidl_generator_c/turtle_interfaces/srv/detail/set_colors__functions.c.o[0m
[4.275s] [ 17%] [32mBuilding C object CMakeFiles/turtle_interfaces__rosidl_generator_c.dir/rosidl_generator_c/turtle_interfaces/action/detail/make_square__functions.c.o[0m
[4.452s] [ 19%] [32m[1mLinking C shared library libturtle_interfaces__rosidl_generator_c.so[0m
[4.541s] [ 19%] Built target turtle_interfaces__rosidl_generator_c
[4.592s] [ 21%] [34m[1mGenerating C type support for eProsima Fast-RTPS[0m
[4.779s] [ 23%] [32mBuilding CXX object CMakeFiles/turtle_interfaces__rosidl_typesupport_cpp.dir/rosidl_typesupport_cpp/turtle_interfaces/msg/turtle_pose__type_support.cpp.o[0m
[4.938s] [ 25%] [32mBuilding CXX object CMakeFiles/turtle_interfaces__rosidl_typesupport_introspection_cpp.dir/rosidl_typesupport_introspection_cpp/turtle_interfaces/msg/detail/turtle_pose__type_support.cpp.o[0m
[5.105s] [ 27%] [32mBuilding CXX object CMakeFiles/turtle_interfaces__rosidl_typesupport_fastrtps_cpp.dir/rosidl_typesupport_fastrtps_cpp/turtle_interfaces/msg/detail/dds_fastrtps/turtle_pose__type_support.cpp.o[0m
[5.382s] [ 29%] [32mBuilding CXX object CMakeFiles/turtle_interfaces__rosidl_typesupport_cpp.dir/rosidl_typesupport_cpp/turtle_interfaces/srv/set_colors__type_support.cpp.o[0m
[5.488s] [ 31%] [32mBuilding CXX object CMakeFiles/turtle_interfaces__rosidl_typesupport_fastrtps_c.dir/rosidl_typesupport_fastrtps_c/turtle_interfaces/msg/detail/turtle_pose__type_support_c.cpp.o[0m
[5.951s] [ 34%] [32mBuilding CXX object CMakeFiles/turtle_interfaces__rosidl_typesupport_introspection_cpp.dir/rosidl_typesupport_introspection_cpp/turtle_interfaces/srv/detail/set_colors__type_support.cpp.o[0m
[6.175s] [ 36%] [32mBuilding CXX object CMakeFiles/turtle_interfaces__rosidl_typesupport_cpp.dir/rosidl_typesupport_cpp/turtle_interfaces/action/make_square__type_support.cpp.o[0m
[6.239s] [ 38%] [32mBuilding CXX object CMakeFiles/turtle_interfaces__rosidl_typesupport_fastrtps_cpp.dir/rosidl_typesupport_fastrtps_cpp/turtle_interfaces/srv/detail/dds_fastrtps/set_colors__type_support.cpp.o[0m
[6.462s] [ 40%] [32mBuilding CXX object CMakeFiles/turtle_interfaces__rosidl_typesupport_fastrtps_c.dir/rosidl_typesupport_fastrtps_c/turtle_interfaces/srv/detail/set_colors__type_support_c.cpp.o[0m
[6.540s] [ 42%] [32mBuilding CXX object CMakeFiles/turtle_interfaces__rosidl_typesupport_introspection_cpp.dir/rosidl_typesupport_introspection_cpp/turtle_interfaces/action/detail/make_square__type_support.cpp.o[0m
[6.817s] [ 44%] [32mBuilding CXX object CMakeFiles/turtle_interfaces__rosidl_typesupport_fastrtps_cpp.dir/rosidl_typesupport_fastrtps_cpp/turtle_interfaces/action/detail/dds_fastrtps/make_square__type_support.cpp.o[0m
[6.929s] [ 46%] [32m[1mLinking CXX shared library libturtle_interfaces__rosidl_typesupport_cpp.so[0m
[7.023s] [ 46%] Built target turtle_interfaces__rosidl_typesupport_cpp
[7.029s] [ 48%] [32mBuilding CXX object CMakeFiles/turtle_interfaces__rosidl_typesupport_fastrtps_c.dir/rosidl_typesupport_fastrtps_c/turtle_interfaces/action/detail/make_square__type_support_c.cpp.o[0m
[7.055s] [ 51%] [34m[1mGenerating C introspection for ROS interfaces[0m
[7.690s] [ 53%] [32m[1mLinking CXX shared library libturtle_interfaces__rosidl_typesupport_introspection_cpp.so[0m
[7.717s] [ 55%] [32m[1mLinking CXX shared library libturtle_interfaces__rosidl_typesupport_fastrtps_cpp.so[0m
[7.833s] [ 55%] Built target turtle_interfaces__rosidl_typesupport_introspection_cpp
[7.868s] [ 55%] Built target turtle_interfaces__rosidl_typesupport_fastrtps_cpp
[7.878s] [ 57%] [34m[1mGenerating C type support dispatch for ROS interfaces[0m
[7.901s] [ 59%] [32m[1mLinking CXX shared library libturtle_interfaces__rosidl_typesupport_fastrtps_c.so[0m
[7.924s] [ 61%] [32mBuilding C object CMakeFiles/turtle_interfaces__rosidl_typesupport_introspection_c.dir/rosidl_typesupport_introspection_c/turtle_interfaces/msg/detail/turtle_pose__type_support.c.o[0m
[7.924s] [ 63%] [32mBuilding C object CMakeFiles/turtle_interfaces__rosidl_typesupport_introspection_c.dir/rosidl_typesupport_introspection_c/turtle_interfaces/srv/detail/set_colors__type_support.c.o[0m
[7.979s] [ 65%] [32mBuilding C object CMakeFiles/turtle_interfaces__rosidl_typesupport_introspection_c.dir/rosidl_typesupport_introspection_c/turtle_interfaces/action/detail/make_square__type_support.c.o[0m
[8.038s] [ 65%] Built target turtle_interfaces__rosidl_typesupport_fastrtps_c
[8.058s] [ 68%] [32m[1mLinking C shared library libturtle_interfaces__rosidl_typesupport_introspection_c.so[0m
[8.117s] [ 68%] Built target turtle_interfaces__rosidl_typesupport_introspection_c
[8.358s] [ 74%] [32mBuilding CXX object CMakeFiles/turtle_interfaces__rosidl_typesupport_c.dir/rosidl_typesupport_c/turtle_interfaces/srv/set_colors__type_support.cpp.o[0m
[8.358s] [ 74%] [32mBuilding CXX object CMakeFiles/turtle_interfaces__rosidl_typesupport_c.dir/rosidl_typesupport_c/turtle_interfaces/action/make_square__type_support.cpp.o[0m
[8.359s] [ 74%] [32mBuilding CXX object CMakeFiles/turtle_interfaces__rosidl_typesupport_c.dir/rosidl_typesupport_c/turtle_interfaces/msg/turtle_pose__type_support.cpp.o[0m
[8.429s] [ 76%] [32m[1mLinking CXX shared library libturtle_interfaces__rosidl_typesupport_c.so[0m
[8.495s] [ 76%] Built target turtle_interfaces__rosidl_typesupport_c
[8.533s] [ 76%] Built target turtle_interfaces
[8.561s] [ 78%] [34m[1mGenerating Python code for ROS interfaces[0m
[9.686s] [ 78%] Built target turtle_interfaces__py
[9.737s] [ 85%] [32mBuilding C object CMakeFiles/turtle_interfaces__rosidl_generator_py.dir/rosidl_generator_py/turtle_interfaces/srv/_set_colors_s.c.o[0m
[9.738s] [ 85%] [32mBuilding C object CMakeFiles/turtle_interfaces__rosidl_generator_py.dir/rosidl_generator_py/turtle_interfaces/msg/_turtle_pose_s.c.o[0m
[9.738s] [ 85%] [32mBuilding C object CMakeFiles/turtle_interfaces__rosidl_generator_py.dir/rosidl_generator_py/turtle_interfaces/action/_make_square_s.c.o[0m
[9.929s] [ 87%] [32m[1mLinking C shared library rosidl_generator_py/turtle_interfaces/libturtle_interfaces__rosidl_generator_py.so[0m
[9.997s] [ 87%] Built target turtle_interfaces__rosidl_generator_py
[10.042s] [ 89%] [32mBuilding C object CMakeFiles/turtle_interfaces__rosidl_typesupport_introspection_c__pyext.dir/rosidl_generator_py/turtle_interfaces/_turtle_interfaces_s.ep.rosidl_typesupport_introspection_c.c.o[0m
[10.043s] [ 93%] [32mBuilding C object CMakeFiles/turtle_interfaces__rosidl_typesupport_c__pyext.dir/rosidl_generator_py/turtle_interfaces/_turtle_interfaces_s.ep.rosidl_typesupport_c.c.o[0m
[10.043s] [ 93%] [32mBuilding C object CMakeFiles/turtle_interfaces__rosidl_typesupport_fastrtps_c__pyext.dir/rosidl_generator_py/turtle_interfaces/_turtle_interfaces_s.ep.rosidl_typesupport_fastrtps_c.c.o[0m
[10.219s] [ 95%] [32m[1mLinking C shared library rosidl_generator_py/turtle_interfaces/turtle_interfaces_s__rosidl_typesupport_c.cpython-310-x86_64-linux-gnu.so[0m
[10.222s] [ 97%] [32m[1mLinking C shared library rosidl_generator_py/turtle_interfaces/turtle_interfaces_s__rosidl_typesupport_fastrtps_c.cpython-310-x86_64-linux-gnu.so[0m
[10.225s] [100%] [32m[1mLinking C shared library rosidl_generator_py/turtle_interfaces/turtle_interfaces_s__rosidl_typesupport_introspection_c.cpython-310-x86_64-linux-gnu.so[0m
[10.304s] [100%] Built target turtle_interfaces__rosidl_typesupport_c__pyext
[10.311s] [100%] Built target turtle_interfaces__rosidl_typesupport_fastrtps_c__pyext
[10.311s] [100%] Built target turtle_interfaces__rosidl_typesupport_introspection_c__pyext
[10.331s] Invoked command in '/home/yahboom/Desktop/lec9/intro_ws/build/turtle_interfaces' returned '0': CMAKE_PREFIX_PATH=${CMAKE_PREFIX_PATH}:/home/yahboom/cartoros2/install/yahboomcar_nav:/home/yahboom/cartoros2/install/yahboomcar_ctrl:/home/yahboom/cartoros2/install/yahboom_visual:/home/yahboom/cartoros2/install/yahboom_dog_joint_state:/home/yahboom/cartoros2/install/yahboom_description:/home/yahboom/cartoros2/install/yahboom_color_identify_server:/home/yahboom/cartoros2/install/yahboom_bringup:/home/yahboom/cartoros2/install/yahboom_base:/home/yahboom/cartoros2/install/yahboom_app_save_map:/home/yahboom/cartoros2/install/update_map:/home/yahboom/cartoros2/install/rosboard:/home/yahboom/cartoros2/install/path_planner_server:/home/yahboom/cartoros2/install/nav2_simple_commander:/home/yahboom/cartoros2/install/nav2_gazebo_spawner:/home/yahboom/cartoros2/install/localization_server:/home/yahboom/cartoros2/install/laserscan_to_point_pulisher:/home/yahboom/yahboomcar_ws/install/yahboom_dog_example:/opt/ros/humble /usr/bin/cmake --build /home/yahboom/Desktop/lec9/intro_ws/build/turtle_interfaces -- -j4 -l4
[10.610s] Invoking command in '/home/yahboom/Desktop/lec9/intro_ws/build/turtle_interfaces': CMAKE_PREFIX_PATH=${CMAKE_PREFIX_PATH}:/home/yahboom/cartoros2/install/yahboomcar_nav:/home/yahboom/cartoros2/install/yahboomcar_ctrl:/home/yahboom/cartoros2/install/yahboom_visual:/home/yahboom/cartoros2/install/yahboom_dog_joint_state:/home/yahboom/cartoros2/install/yahboom_description:/home/yahboom/cartoros2/install/yahboom_color_identify_server:/home/yahboom/cartoros2/install/yahboom_bringup:/home/yahboom/cartoros2/install/yahboom_base:/home/yahboom/cartoros2/install/yahboom_app_save_map:/home/yahboom/cartoros2/install/update_map:/home/yahboom/cartoros2/install/rosboard:/home/yahboom/cartoros2/install/path_planner_server:/home/yahboom/cartoros2/install/nav2_simple_commander:/home/yahboom/cartoros2/install/nav2_gazebo_spawner:/home/yahboom/cartoros2/install/localization_server:/home/yahboom/cartoros2/install/laserscan_to_point_pulisher:/home/yahboom/yahboomcar_ws/install/yahboom_dog_example:/opt/ros/humble /usr/bin/cmake --install /home/yahboom/Desktop/lec9/intro_ws/build/turtle_interfaces
[10.623s] -- Install configuration: ""
[10.624s] -- Installing: /home/yahboom/Desktop/lec9/intro_ws/install/turtle_interfaces/share/ament_index/resource_index/rosidl_interfaces/turtle_interfaces
[10.624s] -- Installing: /home/yahboom/Desktop/lec9/intro_ws/install/turtle_interfaces/include/turtle_interfaces/turtle_interfaces
[10.624s] -- Installing: /home/yahboom/Desktop/lec9/intro_ws/install/turtle_interfaces/include/turtle_interfaces/turtle_interfaces/action
[10.625s] -- Installing: /home/yahboom/Desktop/lec9/intro_ws/install/turtle_interfaces/include/turtle_interfaces/turtle_interfaces/action/detail
[10.625s] -- Installing: /home/yahboom/Desktop/lec9/intro_ws/install/turtle_interfaces/include/turtle_interfaces/turtle_interfaces/action/detail/make_square__struct.h
[10.625s] -- Installing: /home/yahboom/Desktop/lec9/intro_ws/install/turtle_interfaces/include/turtle_interfaces/turtle_interfaces/action/detail/make_square__type_support.h
[10.626s] -- Installing: /home/yahboom/Desktop/lec9/intro_ws/install/turtle_interfaces/include/turtle_interfaces/turtle_interfaces/action/detail/make_square__functions.c
[10.626s] -- Installing: /home/yahboom/Desktop/lec9/intro_ws/install/turtle_interfaces/include/turtle_interfaces/turtle_interfaces/action/detail/make_square__functions.h
[10.626s] -- Installing: /home/yahboom/Desktop/lec9/intro_ws/install/turtle_interfaces/include/turtle_interfaces/turtle_interfaces/action/make_square.h
[10.626s] -- Installing: /home/yahboom/Desktop/lec9/intro_ws/install/turtle_interfaces/include/turtle_interfaces/turtle_interfaces/srv
[10.627s] -- Installing: /home/yahboom/Desktop/lec9/intro_ws/install/turtle_interfaces/include/turtle_interfaces/turtle_interfaces/srv/set_colors.h
[10.627s] -- Installing: /home/yahboom/Desktop/lec9/intro_ws/install/turtle_interfaces/include/turtle_interfaces/turtle_interfaces/srv/detail
[10.627s] -- Installing: /home/yahboom/Desktop/lec9/intro_ws/install/turtle_interfaces/include/turtle_interfaces/turtle_interfaces/srv/detail/set_colors__struct.h
[10.628s] -- Installing: /home/yahboom/Desktop/lec9/intro_ws/install/turtle_interfaces/include/turtle_interfaces/turtle_interfaces/srv/detail/set_colors__type_support.h
[10.629s] -- Installing: /home/yahboom/Desktop/lec9/intro_ws/install/turtle_interfaces/include/turtle_interfaces/turtle_interfaces/srv/detail/set_colors__functions.c
[10.629s] -- Installing: /home/yahboom/Desktop/lec9/intro_ws/install/turtle_interfaces/include/turtle_interfaces/turtle_interfaces/srv/detail/set_colors__functions.h
[10.629s] -- Installing: /home/yahboom/Desktop/lec9/intro_ws/install/turtle_interfaces/include/turtle_interfaces/turtle_interfaces/msg
[10.630s] -- Installing: /home/yahboom/Desktop/lec9/intro_ws/install/turtle_interfaces/include/turtle_interfaces/turtle_interfaces/msg/detail
[10.630s] -- Installing: /home/yahboom/Desktop/lec9/intro_ws/install/turtle_interfaces/include/turtle_interfaces/turtle_interfaces/msg/detail/turtle_pose__functions.c
[10.631s] -- Installing: /home/yahboom/Desktop/lec9/intro_ws/install/turtle_interfaces/include/turtle_interfaces/turtle_interfaces/msg/detail/turtle_pose__functions.h
[10.631s] -- Installing: /home/yahboom/Desktop/lec9/intro_ws/install/turtle_interfaces/include/turtle_interfaces/turtle_interfaces/msg/detail/turtle_pose__struct.h
[10.632s] -- Installing: /home/yahboom/Desktop/lec9/intro_ws/install/turtle_interfaces/include/turtle_interfaces/turtle_interfaces/msg/detail/turtle_pose__type_support.h
[10.632s] -- Installing: /home/yahboom/Desktop/lec9/intro_ws/install/turtle_interfaces/include/turtle_interfaces/turtle_interfaces/msg/turtle_pose.h
[10.632s] -- Installing: /home/yahboom/Desktop/lec9/intro_ws/install/turtle_interfaces/include/turtle_interfaces/turtle_interfaces/msg/rosidl_generator_c__visibility_control.h
[10.633s] -- Installing: /home/yahboom/Desktop/lec9/intro_ws/install/turtle_interfaces/share/turtle_interfaces/environment/library_path.sh
[10.633s] -- Installing: /home/yahboom/Desktop/lec9/intro_ws/install/turtle_interfaces/share/turtle_interfaces/environment/library_path.dsv
[10.633s] -- Installing: /home/yahboom/Desktop/lec9/intro_ws/install/turtle_interfaces/lib/libturtle_interfaces__rosidl_generator_c.so
[10.633s] -- Set runtime path of "/home/yahboom/Desktop/lec9/intro_ws/install/turtle_interfaces/lib/libturtle_interfaces__rosidl_generator_c.so" to ""
[10.634s] -- Up-to-date: /home/yahboom/Desktop/lec9/intro_ws/install/turtle_interfaces/include/turtle_interfaces/turtle_interfaces
[10.634s] -- Up-to-date: /home/yahboom/Desktop/lec9/intro_ws/install/turtle_interfaces/include/turtle_interfaces/turtle_interfaces/action
[10.634s] -- Up-to-date: /home/yahboom/Desktop/lec9/intro_ws/install/turtle_interfaces/include/turtle_interfaces/turtle_interfaces/action/detail
[10.635s] -- Installing: /home/yahboom/Desktop/lec9/intro_ws/install/turtle_interfaces/include/turtle_interfaces/turtle_interfaces/action/detail/make_square__rosidl_typesupport_fastrtps_c.h
[10.635s] -- Up-to-date: /home/yahboom/Desktop/lec9/intro_ws/install/turtle_interfaces/include/turtle_interfaces/turtle_interfaces/srv
[10.635s] -- Up-to-date: /home/yahboom/Desktop/lec9/intro_ws/install/turtle_interfaces/include/turtle_interfaces/turtle_interfaces/srv/detail
[10.635s] -- Installing: /home/yahboom/Desktop/lec9/intro_ws/install/turtle_interfaces/include/turtle_interfaces/turtle_interfaces/srv/detail/set_colors__rosidl_typesupport_fastrtps_c.h
[10.636s] -- Up-to-date: /home/yahboom/Desktop/lec9/intro_ws/install/turtle_interfaces/include/turtle_interfaces/turtle_interfaces/msg
[10.636s] -- Up-to-date: /home/yahboom/Desktop/lec9/intro_ws/install/turtle_interfaces/include/turtle_interfaces/turtle_interfaces/msg/detail
[10.637s] -- Installing: /home/yahboom/Desktop/lec9/intro_ws/install/turtle_interfaces/include/turtle_interfaces/turtle_interfaces/msg/detail/turtle_pose__rosidl_typesupport_fastrtps_c.h
[10.637s] -- Installing: /home/yahboom/Desktop/lec9/intro_ws/install/turtle_interfaces/include/turtle_interfaces/turtle_interfaces/msg/rosidl_typesupport_fastrtps_c__visibility_control.h
[10.637s] -- Installing: /home/yahboom/Desktop/lec9/intro_ws/install/turtle_interfaces/lib/libturtle_interfaces__rosidl_typesupport_fastrtps_c.so
[10.638s] -- Set runtime path of "/home/yahboom/Desktop/lec9/intro_ws/install/turtle_interfaces/lib/libturtle_interfaces__rosidl_typesupport_fastrtps_c.so" to ""
[10.638s] -- Up-to-date: /home/yahboom/Desktop/lec9/intro_ws/install/turtle_interfaces/include/turtle_interfaces/turtle_interfaces
[10.638s] -- Up-to-date: /home/yahboom/Desktop/lec9/intro_ws/install/turtle_interfaces/include/turtle_interfaces/turtle_interfaces/action
[10.638s] -- Up-to-date: /home/yahboom/Desktop/lec9/intro_ws/install/turtle_interfaces/include/turtle_interfaces/turtle_interfaces/action/detail
[10.638s] -- Installing: /home/yahboom/Desktop/lec9/intro_ws/install/turtle_interfaces/include/turtle_interfaces/turtle_interfaces/action/detail/make_square__type_support.c
[10.639s] -- Installing: /home/yahboom/Desktop/lec9/intro_ws/install/turtle_interfaces/include/turtle_interfaces/turtle_interfaces/action/detail/make_square__rosidl_typesupport_introspection_c.h
[10.639s] -- Up-to-date: /home/yahboom/Desktop/lec9/intro_ws/install/turtle_interfaces/include/turtle_interfaces/turtle_interfaces/srv
[10.639s] -- Up-to-date: /home/yahboom/Desktop/lec9/intro_ws/install/turtle_interfaces/include/turtle_interfaces/turtle_interfaces/srv/detail
[10.639s] -- Installing: /home/yahboom/Desktop/lec9/intro_ws/install/turtle_interfaces/include/turtle_interfaces/turtle_interfaces/srv/detail/set_colors__type_support.c
[10.639s] -- Installing: /home/yahboom/Desktop/lec9/intro_ws/install/turtle_interfaces/include/turtle_interfaces/turtle_interfaces/srv/detail/set_colors__rosidl_typesupport_introspection_c.h
[10.640s] -- Up-to-date: /home/yahboom/Desktop/lec9/intro_ws/install/turtle_interfaces/include/turtle_interfaces/turtle_interfaces/msg
[10.640s] -- Up-to-date: /home/yahboom/Desktop/lec9/intro_ws/install/turtle_interfaces/include/turtle_interfaces/turtle_interfaces/msg/detail
[10.641s] -- Installing: /home/yahboom/Desktop/lec9/intro_ws/install/turtle_interfaces/include/turtle_interfaces/turtle_interfaces/msg/detail/turtle_pose__rosidl_typesupport_introspection_c.h
[10.641s] -- Installing: /home/yahboom/Desktop/lec9/intro_ws/install/turtle_interfaces/include/turtle_interfaces/turtle_interfaces/msg/detail/turtle_pose__type_support.c
[10.641s] -- Installing: /home/yahboom/Desktop/lec9/intro_ws/install/turtle_interfaces/include/turtle_interfaces/turtle_interfaces/msg/rosidl_typesupport_introspection_c__visibility_control.h
[10.641s] -- Installing: /home/yahboom/Desktop/lec9/intro_ws/install/turtle_interfaces/lib/libturtle_interfaces__rosidl_typesupport_introspection_c.so
[10.642s] -- Set runtime path of "/home/yahboom/Desktop/lec9/intro_ws/install/turtle_interfaces/lib/libturtle_interfaces__rosidl_typesupport_introspection_c.so" to ""
[10.643s] -- Installing: /home/yahboom/Desktop/lec9/intro_ws/install/turtle_interfaces/lib/libturtle_interfaces__rosidl_typesupport_c.so
[10.643s] -- Set runtime path of "/home/yahboom/Desktop/lec9/intro_ws/install/turtle_interfaces/lib/libturtle_interfaces__rosidl_typesupport_c.so" to ""
[10.643s] -- Up-to-date: /home/yahboom/Desktop/lec9/intro_ws/install/turtle_interfaces/include/turtle_interfaces/turtle_interfaces
[10.643s] -- Up-to-date: /home/yahboom/Desktop/lec9/intro_ws/install/turtle_interfaces/include/turtle_interfaces/turtle_interfaces/action
[10.644s] -- Up-to-date: /home/yahboom/Desktop/lec9/intro_ws/install/turtle_interfaces/include/turtle_interfaces/turtle_interfaces/action/detail
[10.644s] -- Installing: /home/yahboom/Desktop/lec9/intro_ws/install/turtle_interfaces/include/turtle_interfaces/turtle_interfaces/action/detail/make_square__builder.hpp
[10.644s] -- Installing: /home/yahboom/Desktop/lec9/intro_ws/install/turtle_interfaces/include/turtle_interfaces/turtle_interfaces/action/detail/make_square__traits.hpp
[10.644s] -- Installing: /home/yahboom/Desktop/lec9/intro_ws/install/turtle_interfaces/include/turtle_interfaces/turtle_interfaces/action/detail/make_square__struct.hpp
[10.645s] -- Installing: /home/yahboom/Desktop/lec9/intro_ws/install/turtle_interfaces/include/turtle_interfaces/turtle_interfaces/action/make_square.hpp
[10.645s] -- Up-to-date: /home/yahboom/Desktop/lec9/intro_ws/install/turtle_interfaces/include/turtle_interfaces/turtle_interfaces/srv
[10.645s] -- Up-to-date: /home/yahboom/Desktop/lec9/intro_ws/install/turtle_interfaces/include/turtle_interfaces/turtle_interfaces/srv/detail
[10.645s] -- Installing: /home/yahboom/Desktop/lec9/intro_ws/install/turtle_interfaces/include/turtle_interfaces/turtle_interfaces/srv/detail/set_colors__builder.hpp
[10.645s] -- Installing: /home/yahboom/Desktop/lec9/intro_ws/install/turtle_interfaces/include/turtle_interfaces/turtle_interfaces/srv/detail/set_colors__traits.hpp
[10.646s] -- Installing: /home/yahboom/Desktop/lec9/intro_ws/install/turtle_interfaces/include/turtle_interfaces/turtle_interfaces/srv/detail/set_colors__struct.hpp
[10.646s] -- Installing: /home/yahboom/Desktop/lec9/intro_ws/install/turtle_interfaces/include/turtle_interfaces/turtle_interfaces/srv/set_colors.hpp
[10.646s] -- Up-to-date: /home/yahboom/Desktop/lec9/intro_ws/install/turtle_interfaces/include/turtle_interfaces/turtle_interfaces/msg
[10.647s] -- Up-to-date: /home/yahboom/Desktop/lec9/intro_ws/install/turtle_interfaces/include/turtle_interfaces/turtle_interfaces/msg/detail
[10.647s] -- Installing: /home/yahboom/Desktop/lec9/intro_ws/install/turtle_interfaces/include/turtle_interfaces/turtle_interfaces/msg/detail/turtle_pose__builder.hpp
[10.647s] -- Installing: /home/yahboom/Desktop/lec9/intro_ws/install/turtle_interfaces/include/turtle_interfaces/turtle_interfaces/msg/detail/turtle_pose__traits.hpp
[10.647s] -- Installing: /home/yahboom/Desktop/lec9/intro_ws/install/turtle_interfaces/include/turtle_interfaces/turtle_interfaces/msg/detail/turtle_pose__struct.hpp
[10.648s] -- Installing: /home/yahboom/Desktop/lec9/intro_ws/install/turtle_interfaces/include/turtle_interfaces/turtle_interfaces/msg/turtle_pose.hpp
[10.648s] -- Up-to-date: /home/yahboom/Desktop/lec9/intro_ws/install/turtle_interfaces/include/turtle_interfaces/turtle_interfaces
[10.648s] -- Up-to-date: /home/yahboom/Desktop/lec9/intro_ws/install/turtle_interfaces/include/turtle_interfaces/turtle_interfaces/action
[10.649s] -- Up-to-date: /home/yahboom/Desktop/lec9/intro_ws/install/turtle_interfaces/include/turtle_interfaces/turtle_interfaces/action/detail
[10.649s] -- Installing: /home/yahboom/Desktop/lec9/intro_ws/install/turtle_interfaces/include/turtle_interfaces/turtle_interfaces/action/detail/make_square__rosidl_typesupport_fastrtps_cpp.hpp
[10.649s] -- Installing: /home/yahboom/Desktop/lec9/intro_ws/install/turtle_interfaces/include/turtle_interfaces/turtle_interfaces/action/detail/dds_fastrtps
[10.649s] -- Up-to-date: /home/yahboom/Desktop/lec9/intro_ws/install/turtle_interfaces/include/turtle_interfaces/turtle_interfaces/srv
[10.650s] -- Up-to-date: /home/yahboom/Desktop/lec9/intro_ws/install/turtle_interfaces/include/turtle_interfaces/turtle_interfaces/srv/detail
[10.650s] -- Installing: /home/yahboom/Desktop/lec9/intro_ws/install/turtle_interfaces/include/turtle_interfaces/turtle_interfaces/srv/detail/set_colors__rosidl_typesupport_fastrtps_cpp.hpp
[10.650s] -- Installing: /home/yahboom/Desktop/lec9/intro_ws/install/turtle_interfaces/include/turtle_interfaces/turtle_interfaces/srv/detail/dds_fastrtps
[10.650s] -- Up-to-date: /home/yahboom/Desktop/lec9/intro_ws/install/turtle_interfaces/include/turtle_interfaces/turtle_interfaces/msg
[10.651s] -- Up-to-date: /home/yahboom/Desktop/lec9/intro_ws/install/turtle_interfaces/include/turtle_interfaces/turtle_interfaces/msg/detail
[10.651s] -- Installing: /home/yahboom/Desktop/lec9/intro_ws/install/turtle_interfaces/include/turtle_interfaces/turtle_interfaces/msg/detail/dds_fastrtps
[10.651s] -- Installing: /home/yahboom/Desktop/lec9/intro_ws/install/turtle_interfaces/include/turtle_interfaces/turtle_interfaces/msg/detail/turtle_pose__rosidl_typesupport_fastrtps_cpp.hpp
[10.651s] -- Installing: /home/yahboom/Desktop/lec9/intro_ws/install/turtle_interfaces/include/turtle_interfaces/turtle_interfaces/msg/rosidl_typesupport_fastrtps_cpp__visibility_control.h
[10.652s] -- Installing: /home/yahboom/Desktop/lec9/intro_ws/install/turtle_interfaces/lib/libturtle_interfaces__rosidl_typesupport_fastrtps_cpp.so
[10.652s] -- Set runtime path of "/home/yahboom/Desktop/lec9/intro_ws/install/turtle_interfaces/lib/libturtle_interfaces__rosidl_typesupport_fastrtps_cpp.so" to ""
[10.652s] -- Up-to-date: /home/yahboom/Desktop/lec9/intro_ws/install/turtle_interfaces/include/turtle_interfaces/turtle_interfaces
[10.652s] -- Up-to-date: /home/yahboom/Desktop/lec9/intro_ws/install/turtle_interfaces/include/turtle_interfaces/turtle_interfaces/action
[10.652s] -- Up-to-date: /home/yahboom/Desktop/lec9/intro_ws/install/turtle_interfaces/include/turtle_interfaces/turtle_interfaces/action/detail
[10.653s] -- Installing: /home/yahboom/Desktop/lec9/intro_ws/install/turtle_interfaces/include/turtle_interfaces/turtle_interfaces/action/detail/make_square__rosidl_typesupport_introspection_cpp.hpp
[10.653s] -- Installing: /home/yahboom/Desktop/lec9/intro_ws/install/turtle_interfaces/include/turtle_interfaces/turtle_interfaces/action/detail/make_square__type_support.cpp
[10.653s] -- Up-to-date: /home/yahboom/Desktop/lec9/intro_ws/install/turtle_interfaces/include/turtle_interfaces/turtle_interfaces/srv
[10.653s] -- Up-to-date: /home/yahboom/Desktop/lec9/intro_ws/install/turtle_interfaces/include/turtle_interfaces/turtle_interfaces/srv/detail
[10.653s] -- Installing: /home/yahboom/Desktop/lec9/intro_ws/install/turtle_interfaces/include/turtle_interfaces/turtle_interfaces/srv/detail/set_colors__type_support.cpp
[10.654s] -- Installing: /home/yahboom/Desktop/lec9/intro_ws/install/turtle_interfaces/include/turtle_interfaces/turtle_interfaces/srv/detail/set_colors__rosidl_typesupport_introspection_cpp.hpp
[10.654s] -- Up-to-date: /home/yahboom/Desktop/lec9/intro_ws/install/turtle_interfaces/include/turtle_interfaces/turtle_interfaces/msg
[10.654s] -- Up-to-date: /home/yahboom/Desktop/lec9/intro_ws/install/turtle_interfaces/include/turtle_interfaces/turtle_interfaces/msg/detail
[10.654s] -- Installing: /home/yahboom/Desktop/lec9/intro_ws/install/turtle_interfaces/include/turtle_interfaces/turtle_interfaces/msg/detail/turtle_pose__rosidl_typesupport_introspection_cpp.hpp
[10.654s] -- Installing: /home/yahboom/Desktop/lec9/intro_ws/install/turtle_interfaces/include/turtle_interfaces/turtle_interfaces/msg/detail/turtle_pose__type_support.cpp
[10.654s] -- Installing: /home/yahboom/Desktop/lec9/intro_ws/install/turtle_interfaces/lib/libturtle_interfaces__rosidl_typesupport_introspection_cpp.so
[10.655s] -- Set runtime path of "/home/yahboom/Desktop/lec9/intro_ws/install/turtle_interfaces/lib/libturtle_interfaces__rosidl_typesupport_introspection_cpp.so" to ""
[10.655s] -- Installing: /home/yahboom/Desktop/lec9/intro_ws/install/turtle_interfaces/lib/libturtle_interfaces__rosidl_typesupport_cpp.so
[10.655s] -- Set runtime path of "/home/yahboom/Desktop/lec9/intro_ws/install/turtle_interfaces/lib/libturtle_interfaces__rosidl_typesupport_cpp.so" to ""
[10.655s] -- Installing: /home/yahboom/Desktop/lec9/intro_ws/install/turtle_interfaces/share/turtle_interfaces/environment/pythonpath.sh
[10.655s] -- Installing: /home/yahboom/Desktop/lec9/intro_ws/install/turtle_interfaces/share/turtle_interfaces/environment/pythonpath.dsv
[10.656s] -- Installing: /home/yahboom/Desktop/lec9/intro_ws/install/turtle_interfaces/local/lib/python3.10/dist-packages/turtle_interfaces-0.0.0-py3.10.egg-info
[10.656s] -- Installing: /home/yahboom/Desktop/lec9/intro_ws/install/turtle_interfaces/local/lib/python3.10/dist-packages/turtle_interfaces-0.0.0-py3.10.egg-info/top_level.txt
[10.656s] -- Installing: /home/yahboom/Desktop/lec9/intro_ws/install/turtle_interfaces/local/lib/python3.10/dist-packages/turtle_interfaces-0.0.0-py3.10.egg-info/PKG-INFO
[10.656s] -- Installing: /home/yahboom/Desktop/lec9/intro_ws/install/turtle_interfaces/local/lib/python3.10/dist-packages/turtle_interfaces-0.0.0-py3.10.egg-info/dependency_links.txt
[10.656s] -- Installing: /home/yahboom/Desktop/lec9/intro_ws/install/turtle_interfaces/local/lib/python3.10/dist-packages/turtle_interfaces-0.0.0-py3.10.egg-info/SOURCES.txt
[10.656s] -- Installing: /home/yahboom/Desktop/lec9/intro_ws/install/turtle_interfaces/local/lib/python3.10/dist-packages/turtle_interfaces
[10.657s] -- Installing: /home/yahboom/Desktop/lec9/intro_ws/install/turtle_interfaces/local/lib/python3.10/dist-packages/turtle_interfaces/libturtle_interfaces__rosidl_generator_py.so
[10.657s] -- Installing: /home/yahboom/Desktop/lec9/intro_ws/install/turtle_interfaces/local/lib/python3.10/dist-packages/turtle_interfaces/action
[10.657s] -- Installing: /home/yahboom/Desktop/lec9/intro_ws/install/turtle_interfaces/local/lib/python3.10/dist-packages/turtle_interfaces/action/_make_square.py
[10.657s] -- Installing: /home/yahboom/Desktop/lec9/intro_ws/install/turtle_interfaces/local/lib/python3.10/dist-packages/turtle_interfaces/action/__init__.py
[10.658s] -- Installing: /home/yahboom/Desktop/lec9/intro_ws/install/turtle_interfaces/local/lib/python3.10/dist-packages/turtle_interfaces/action/_make_square_s.c
[10.658s] -- Installing: /home/yahboom/Desktop/lec9/intro_ws/install/turtle_interfaces/local/lib/python3.10/dist-packages/turtle_interfaces/_turtle_interfaces_s.ep.rosidl_typesupport_c.c
[10.658s] -- Installing: /home/yahboom/Desktop/lec9/intro_ws/install/turtle_interfaces/local/lib/python3.10/dist-packages/turtle_interfaces/srv
[10.658s] -- Installing: /home/yahboom/Desktop/lec9/intro_ws/install/turtle_interfaces/local/lib/python3.10/dist-packages/turtle_interfaces/srv/__init__.py
[10.658s] -- Installing: /home/yahboom/Desktop/lec9/intro_ws/install/turtle_interfaces/local/lib/python3.10/dist-packages/turtle_interfaces/srv/_set_colors.py
[10.659s] -- Installing: /home/yahboom/Desktop/lec9/intro_ws/install/turtle_interfaces/local/lib/python3.10/dist-packages/turtle_interfaces/srv/_set_colors_s.c
[10.659s] -- Installing: /home/yahboom/Desktop/lec9/intro_ws/install/turtle_interfaces/local/lib/python3.10/dist-packages/turtle_interfaces/turtle_interfaces_s__rosidl_typesupport_introspection_c.cpython-310-x86_64-linux-gnu.so
[10.659s] -- Installing: /home/yahboom/Desktop/lec9/intro_ws/install/turtle_interfaces/local/lib/python3.10/dist-packages/turtle_interfaces/__init__.py
[10.659s] -- Installing: /home/yahboom/Desktop/lec9/intro_ws/install/turtle_interfaces/local/lib/python3.10/dist-packages/turtle_interfaces/turtle_interfaces_s__rosidl_typesupport_fastrtps_c.cpython-310-x86_64-linux-gnu.so
[10.659s] -- Installing: /home/yahboom/Desktop/lec9/intro_ws/install/turtle_interfaces/local/lib/python3.10/dist-packages/turtle_interfaces/_turtle_interfaces_s.ep.rosidl_typesupport_introspection_c.c
[10.659s] -- Installing: /home/yahboom/Desktop/lec9/intro_ws/install/turtle_interfaces/local/lib/python3.10/dist-packages/turtle_interfaces/msg
[10.660s] -- Installing: /home/yahboom/Desktop/lec9/intro_ws/install/turtle_interfaces/local/lib/python3.10/dist-packages/turtle_interfaces/msg/_turtle_pose.py
[10.660s] -- Installing: /home/yahboom/Desktop/lec9/intro_ws/install/turtle_interfaces/local/lib/python3.10/dist-packages/turtle_interfaces/msg/__init__.py
[10.660s] -- Installing: /home/yahboom/Desktop/lec9/intro_ws/install/turtle_interfaces/local/lib/python3.10/dist-packages/turtle_interfaces/msg/_turtle_pose_s.c
[10.660s] -- Installing: /home/yahboom/Desktop/lec9/intro_ws/install/turtle_interfaces/local/lib/python3.10/dist-packages/turtle_interfaces/turtle_interfaces_s__rosidl_typesupport_c.cpython-310-x86_64-linux-gnu.so
[10.660s] -- Installing: /home/yahboom/Desktop/lec9/intro_ws/install/turtle_interfaces/local/lib/python3.10/dist-packages/turtle_interfaces/_turtle_interfaces_s.ep.rosidl_typesupport_fastrtps_c.c
[10.730s] Listing '/home/yahboom/Desktop/lec9/intro_ws/install/turtle_interfaces/local/lib/python3.10/dist-packages/turtle_interfaces'...
[10.731s] Compiling '/home/yahboom/Desktop/lec9/intro_ws/install/turtle_interfaces/local/lib/python3.10/dist-packages/turtle_interfaces/__init__.py'...
[10.731s] Listing '/home/yahboom/Desktop/lec9/intro_ws/install/turtle_interfaces/local/lib/python3.10/dist-packages/turtle_interfaces/action'...
[10.731s] Compiling '/home/yahboom/Desktop/lec9/intro_ws/install/turtle_interfaces/local/lib/python3.10/dist-packages/turtle_interfaces/action/__init__.py'...
[10.731s] Compiling '/home/yahboom/Desktop/lec9/intro_ws/install/turtle_interfaces/local/lib/python3.10/dist-packages/turtle_interfaces/action/_make_square.py'...
[10.731s] Listing '/home/yahboom/Desktop/lec9/intro_ws/install/turtle_interfaces/local/lib/python3.10/dist-packages/turtle_interfaces/msg'...
[10.731s] Compiling '/home/yahboom/Desktop/lec9/intro_ws/install/turtle_interfaces/local/lib/python3.10/dist-packages/turtle_interfaces/msg/__init__.py'...
[10.731s] Compiling '/home/yahboom/Desktop/lec9/intro_ws/install/turtle_interfaces/local/lib/python3.10/dist-packages/turtle_interfaces/msg/_turtle_pose.py'...
[10.731s] Listing '/home/yahboom/Desktop/lec9/intro_ws/install/turtle_interfaces/local/lib/python3.10/dist-packages/turtle_interfaces/srv'...
[10.732s] Compiling '/home/yahboom/Desktop/lec9/intro_ws/install/turtle_interfaces/local/lib/python3.10/dist-packages/turtle_interfaces/srv/__init__.py'...
[10.732s] Compiling '/home/yahboom/Desktop/lec9/intro_ws/install/turtle_interfaces/local/lib/python3.10/dist-packages/turtle_interfaces/srv/_set_colors.py'...
[10.735s] -- Installing: /home/yahboom/Desktop/lec9/intro_ws/install/turtle_interfaces/local/lib/python3.10/dist-packages/turtle_interfaces/turtle_interfaces_s__rosidl_typesupport_fastrtps_c.cpython-310-x86_64-linux-gnu.so
[10.735s] -- Set runtime path of "/home/yahboom/Desktop/lec9/intro_ws/install/turtle_interfaces/local/lib/python3.10/dist-packages/turtle_interfaces/turtle_interfaces_s__rosidl_typesupport_fastrtps_c.cpython-310-x86_64-linux-gnu.so" to ""
[10.736s] -- Installing: /home/yahboom/Desktop/lec9/intro_ws/install/turtle_interfaces/local/lib/python3.10/dist-packages/turtle_interfaces/turtle_interfaces_s__rosidl_typesupport_introspection_c.cpython-310-x86_64-linux-gnu.so
[10.736s] -- Set runtime path of "/home/yahboom/Desktop/lec9/intro_ws/install/turtle_interfaces/local/lib/python3.10/dist-packages/turtle_interfaces/turtle_interfaces_s__rosidl_typesupport_introspection_c.cpython-310-x86_64-linux-gnu.so" to ""
[10.736s] -- Installing: /home/yahboom/Desktop/lec9/intro_ws/install/turtle_interfaces/local/lib/python3.10/dist-packages/turtle_interfaces/turtle_interfaces_s__rosidl_typesupport_c.cpython-310-x86_64-linux-gnu.so
[10.737s] -- Set runtime path of "/home/yahboom/Desktop/lec9/intro_ws/install/turtle_interfaces/local/lib/python3.10/dist-packages/turtle_interfaces/turtle_interfaces_s__rosidl_typesupport_c.cpython-310-x86_64-linux-gnu.so" to ""
[10.737s] -- Installing: /home/yahboom/Desktop/lec9/intro_ws/install/turtle_interfaces/lib/libturtle_interfaces__rosidl_generator_py.so
[10.737s] -- Set runtime path of "/home/yahboom/Desktop/lec9/intro_ws/install/turtle_interfaces/lib/libturtle_interfaces__rosidl_generator_py.so" to ""
[10.737s] -- Installing: /home/yahboom/Desktop/lec9/intro_ws/install/turtle_interfaces/share/turtle_interfaces/msg/TurtlePose.idl
[10.738s] -- Installing: /home/yahboom/Desktop/lec9/intro_ws/install/turtle_interfaces/share/turtle_interfaces/srv/SetColors.idl
[10.738s] -- Installing: /home/yahboom/Desktop/lec9/intro_ws/install/turtle_interfaces/share/turtle_interfaces/action/MakeSquare.idl
[10.738s] -- Installing: /home/yahboom/Desktop/lec9/intro_ws/install/turtle_interfaces/share/turtle_interfaces/msg/TurtlePose.msg
[10.738s] -- Installing: /home/yahboom/Desktop/lec9/intro_ws/install/turtle_interfaces/share/turtle_interfaces/srv/SetColors.srv
[10.738s] -- Installing: /home/yahboom/Desktop/lec9/intro_ws/install/turtle_interfaces/share/turtle_interfaces/srv/SetColors_Request.msg
[10.738s] -- Installing: /home/yahboom/Desktop/lec9/intro_ws/install/turtle_interfaces/share/turtle_interfaces/srv/SetColors_Response.msg
[10.739s] -- Installing: /home/yahboom/Desktop/lec9/intro_ws/install/turtle_interfaces/share/turtle_interfaces/action/MakeSquare.action
[10.739s] -- Installing: /home/yahboom/Desktop/lec9/intro_ws/install/turtle_interfaces/share/ament_index/resource_index/package_run_dependencies/turtle_interfaces
[10.739s] -- Installing: /home/yahboom/Desktop/lec9/intro_ws/install/turtle_interfaces/share/ament_index/resource_index/parent_prefix_path/turtle_interfaces
[10.739s] -- Installing: /home/yahboom/Desktop/lec9/intro_ws/install/turtle_interfaces/share/turtle_interfaces/environment/ament_prefix_path.sh
[10.740s] -- Installing: /home/yahboom/Desktop/lec9/intro_ws/install/turtle_interfaces/share/turtle_interfaces/environment/ament_prefix_path.dsv
[10.740s] -- Installing: /home/yahboom/Desktop/lec9/intro_ws/install/turtle_interfaces/share/turtle_interfaces/environment/path.sh
[10.740s] -- Installing: /home/yahboom/Desktop/lec9/intro_ws/install/turtle_interfaces/share/turtle_interfaces/environment/path.dsv
[10.740s] -- Installing: /home/yahboom/Desktop/lec9/intro_ws/install/turtle_interfaces/share/turtle_interfaces/local_setup.bash
[10.740s] -- Installing: /home/yahboom/Desktop/lec9/intro_ws/install/turtle_interfaces/share/turtle_interfaces/local_setup.sh
[10.740s] -- Installing: /home/yahboom/Desktop/lec9/intro_ws/install/turtle_interfaces/share/turtle_interfaces/local_setup.zsh
[10.741s] -- Installing: /home/yahboom/Desktop/lec9/intro_ws/install/turtle_interfaces/share/turtle_interfaces/local_setup.dsv
[10.741s] -- Installing: /home/yahboom/Desktop/lec9/intro_ws/install/turtle_interfaces/share/turtle_interfaces/package.dsv
[10.741s] -- Installing: /home/yahboom/Desktop/lec9/intro_ws/install/turtle_interfaces/share/ament_index/resource_index/packages/turtle_interfaces
[10.742s] -- Installing: /home/yahboom/Desktop/lec9/intro_ws/install/turtle_interfaces/share/turtle_interfaces/cmake/export_turtle_interfaces__rosidl_generator_cExport.cmake
[10.742s] -- Installing: /home/yahboom/Desktop/lec9/intro_ws/install/turtle_interfaces/share/turtle_interfaces/cmake/export_turtle_interfaces__rosidl_generator_cExport-noconfig.cmake
[10.743s] -- Installing: /home/yahboom/Desktop/lec9/intro_ws/install/turtle_interfaces/share/turtle_interfaces/cmake/export_turtle_interfaces__rosidl_typesupport_fastrtps_cExport.cmake
[10.743s] -- Installing: /home/yahboom/Desktop/lec9/intro_ws/install/turtle_interfaces/share/turtle_interfaces/cmake/export_turtle_interfaces__rosidl_typesupport_fastrtps_cExport-noconfig.cmake
[10.743s] -- Installing: /home/yahboom/Desktop/lec9/intro_ws/install/turtle_interfaces/share/turtle_interfaces/cmake/turtle_interfaces__rosidl_typesupport_introspection_cExport.cmake
[10.744s] -- Installing: /home/yahboom/Desktop/lec9/intro_ws/install/turtle_interfaces/share/turtle_interfaces/cmake/turtle_interfaces__rosidl_typesupport_introspection_cExport-noconfig.cmake
[10.744s] -- Installing: /home/yahboom/Desktop/lec9/intro_ws/install/turtle_interfaces/share/turtle_interfaces/cmake/turtle_interfaces__rosidl_typesupport_cExport.cmake
[10.744s] -- Installing: /home/yahboom/Desktop/lec9/intro_ws/install/turtle_interfaces/share/turtle_interfaces/cmake/turtle_interfaces__rosidl_typesupport_cExport-noconfig.cmake
[10.744s] -- Installing: /home/yahboom/Desktop/lec9/intro_ws/install/turtle_interfaces/share/turtle_interfaces/cmake/export_turtle_interfaces__rosidl_generator_cppExport.cmake
[10.744s] -- Installing: /home/yahboom/Desktop/lec9/intro_ws/install/turtle_interfaces/share/turtle_interfaces/cmake/export_turtle_interfaces__rosidl_typesupport_fastrtps_cppExport.cmake
[10.744s] -- Installing: /home/yahboom/Desktop/lec9/intro_ws/install/turtle_interfaces/share/turtle_interfaces/cmake/export_turtle_interfaces__rosidl_typesupport_fastrtps_cppExport-noconfig.cmake
[10.745s] -- Installing: /home/yahboom/Desktop/lec9/intro_ws/install/turtle_interfaces/share/turtle_interfaces/cmake/turtle_interfaces__rosidl_typesupport_introspection_cppExport.cmake
[10.745s] -- Installing: /home/yahboom/Desktop/lec9/intro_ws/install/turtle_interfaces/share/turtle_interfaces/cmake/turtle_interfaces__rosidl_typesupport_introspection_cppExport-noconfig.cmake
[10.745s] -- Installing: /home/yahboom/Desktop/lec9/intro_ws/install/turtle_interfaces/share/turtle_interfaces/cmake/turtle_interfaces__rosidl_typesupport_cppExport.cmake
[10.745s] -- Installing: /home/yahboom/Desktop/lec9/intro_ws/install/turtle_interfaces/share/turtle_interfaces/cmake/turtle_interfaces__rosidl_typesupport_cppExport-noconfig.cmake
[10.745s] -- Installing: /home/yahboom/Desktop/lec9/intro_ws/install/turtle_interfaces/share/turtle_interfaces/cmake/export_turtle_interfaces__rosidl_generator_pyExport.cmake
[10.745s] -- Installing: /home/yahboom/Desktop/lec9/intro_ws/install/turtle_interfaces/share/turtle_interfaces/cmake/export_turtle_interfaces__rosidl_generator_pyExport-noconfig.cmake
[10.746s] -- Installing: /home/yahboom/Desktop/lec9/intro_ws/install/turtle_interfaces/share/turtle_interfaces/cmake/rosidl_cmake-extras.cmake
[10.746s] -- Installing: /home/yahboom/Desktop/lec9/intro_ws/install/turtle_interfaces/share/turtle_interfaces/cmake/ament_cmake_export_dependencies-extras.cmake
[10.746s] -- Installing: /home/yahboom/Desktop/lec9/intro_ws/install/turtle_interfaces/share/turtle_interfaces/cmake/ament_cmake_export_include_directories-extras.cmake
[10.746s] -- Installing: /home/yahboom/Desktop/lec9/intro_ws/install/turtle_interfaces/share/turtle_interfaces/cmake/ament_cmake_export_libraries-extras.cmake
[10.746s] -- Installing: /home/yahboom/Desktop/lec9/intro_ws/install/turtle_interfaces/share/turtle_interfaces/cmake/ament_cmake_export_targets-extras.cmake
[10.746s] -- Installing: /home/yahboom/Desktop/lec9/intro_ws/install/turtle_interfaces/share/turtle_interfaces/cmake/rosidl_cmake_export_typesupport_targets-extras.cmake
[10.746s] -- Installing: /home/yahboom/Desktop/lec9/intro_ws/install/turtle_interfaces/share/turtle_interfaces/cmake/rosidl_cmake_export_typesupport_libraries-extras.cmake
[10.747s] -- Installing: /home/yahboom/Desktop/lec9/intro_ws/install/turtle_interfaces/share/turtle_interfaces/cmake/turtle_interfacesConfig.cmake
[10.747s] -- Installing: /home/yahboom/Desktop/lec9/intro_ws/install/turtle_interfaces/share/turtle_interfaces/cmake/turtle_interfacesConfig-version.cmake
[10.747s] -- Installing: /home/yahboom/Desktop/lec9/intro_ws/install/turtle_interfaces/share/turtle_interfaces/package.xml
[10.750s] Invoked command in '/home/yahboom/Desktop/lec9/intro_ws/build/turtle_interfaces' returned '0': CMAKE_PREFIX_PATH=${CMAKE_PREFIX_PATH}:/home/yahboom/cartoros2/install/yahboomcar_nav:/home/yahboom/cartoros2/install/yahboomcar_ctrl:/home/yahboom/cartoros2/install/yahboom_visual:/home/yahboom/cartoros2/install/yahboom_dog_joint_state:/home/yahboom/cartoros2/install/yahboom_description:/home/yahboom/cartoros2/install/yahboom_color_identify_server:/home/yahboom/cartoros2/install/yahboom_bringup:/home/yahboom/cartoros2/install/yahboom_base:/home/yahboom/cartoros2/install/yahboom_app_save_map:/home/yahboom/cartoros2/install/update_map:/home/yahboom/cartoros2/install/rosboard:/home/yahboom/cartoros2/install/path_planner_server:/home/yahboom/cartoros2/install/nav2_simple_commander:/home/yahboom/cartoros2/install/nav2_gazebo_spawner:/home/yahboom/cartoros2/install/localization_server:/home/yahboom/cartoros2/install/laserscan_to_point_pulisher:/home/yahboom/yahboomcar_ws/install/yahboom_dog_example:/opt/ros/humble /usr/bin/cmake --install /home/yahboom/Desktop/lec9/intro_ws/build/turtle_interfaces
