[0.691s] Invoking command in '/home/yahboom/roscourse_sim_ws/src/my_robot': PYTHONPATH=/home/yahboom/roscourse_sim_ws/build/my_robot/prefix_override:/home/yahboom/roscourse_sim_ws/install/my_robot/lib/python3.10/site-packages:${PYTHONPATH} /usr/bin/python3 -W ignore:setup.py install is deprecated setup.py egg_info --egg-base ../../build/my_robot build --build-base /home/yahboom/roscourse_sim_ws/build/my_robot/build install --record /home/yahboom/roscourse_sim_ws/build/my_robot/install.log --single-version-externally-managed install_data
[0.955s] running egg_info
[0.955s] writing ../../build/my_robot/my_robot.egg-info/PKG-INFO
[0.966s] writing dependency_links to ../../build/my_robot/my_robot.egg-info/dependency_links.txt
[0.967s] writing entry points to ../../build/my_robot/my_robot.egg-info/entry_points.txt
[0.967s] writing requirements to ../../build/my_robot/my_robot.egg-info/requires.txt
[0.967s] writing top-level names to ../../build/my_robot/my_robot.egg-info/top_level.txt
[0.969s] reading manifest file '../../build/my_robot/my_robot.egg-info/SOURCES.txt'
[0.970s] writing manifest file '../../build/my_robot/my_robot.egg-info/SOURCES.txt'
[0.971s] running build
[0.971s] running build_py
[0.971s] running install
[0.971s] running install_lib
[0.972s] running install_data
[0.973s] running install_egg_info
[0.974s] removing '/home/yahboom/roscourse_sim_ws/install/my_robot/lib/python3.10/site-packages/my_robot-0.0.0-py3.10.egg-info' (and everything under it)
[0.975s] Copying ../../build/my_robot/my_robot.egg-info to /home/yahboom/roscourse_sim_ws/install/my_robot/lib/python3.10/site-packages/my_robot-0.0.0-py3.10.egg-info
[0.976s] running install_scripts
[0.997s] writing list of installed files to '/home/yahboom/roscourse_sim_ws/build/my_robot/install.log'
[1.020s] Invoked command in '/home/yahboom/roscourse_sim_ws/src/my_robot' returned '0': PYTHONPATH=/home/yahboom/roscourse_sim_ws/build/my_robot/prefix_override:/home/yahboom/roscourse_sim_ws/install/my_robot/lib/python3.10/site-packages:${PYTHONPATH} /usr/bin/python3 -W ignore:setup.py install is deprecated setup.py egg_info --egg-base ../../build/my_robot build --build-base /home/yahboom/roscourse_sim_ws/build/my_robot/build install --record /home/yahboom/roscourse_sim_ws/build/my_robot/install.log --single-version-externally-managed install_data
