[1.072s] Invoking command in '/home/yahboom/roscourse_ws/src/webcam': PYTHONPATH=/home/yahboom/roscourse_ws/build/webcam/prefix_override:/home/yahboom/roscourse_ws/install/webcam/lib/python3.10/site-packages:${PYTHONPATH} /usr/bin/python3 -W ignore:setup.py install is deprecated setup.py egg_info --egg-base ../../build/webcam build --build-base /home/yahboom/roscourse_ws/build/webcam/build install --record /home/yahboom/roscourse_ws/build/webcam/install.log --single-version-externally-managed install_data
[1.344s] running egg_info
[1.345s] writing ../../build/webcam/webcam.egg-info/PKG-INFO
[1.345s] writing dependency_links to ../../build/webcam/webcam.egg-info/dependency_links.txt
[1.346s] writing entry points to ../../build/webcam/webcam.egg-info/entry_points.txt
[1.347s] writing requirements to ../../build/webcam/webcam.egg-info/requires.txt
[1.347s] writing top-level names to ../../build/webcam/webcam.egg-info/top_level.txt
[1.350s] reading manifest file '../../build/webcam/webcam.egg-info/SOURCES.txt'
[1.351s] writing manifest file '../../build/webcam/webcam.egg-info/SOURCES.txt'
[1.351s] running build
[1.352s] running build_py
[1.352s] running install
[1.352s] running install_lib
[1.354s] running install_data
[1.354s] running install_egg_info
[1.356s] removing '/home/yahboom/roscourse_ws/install/webcam/lib/python3.10/site-packages/webcam-0.0.0-py3.10.egg-info' (and everything under it)
[1.356s] Copying ../../build/webcam/webcam.egg-info to /home/yahboom/roscourse_ws/install/webcam/lib/python3.10/site-packages/webcam-0.0.0-py3.10.egg-info
[1.357s] running install_scripts
[1.380s] Installing webcam_pub script to /home/yahboom/roscourse_ws/install/webcam/lib/webcam
[1.381s] Installing webcam_sub script to /home/yahboom/roscourse_ws/install/webcam/lib/webcam
[1.381s] writing list of installed files to '/home/yahboom/roscourse_ws/build/webcam/install.log'
[1.424s] Invoked command in '/home/yahboom/roscourse_ws/src/webcam' returned '0': PYTHONPATH=/home/yahboom/roscourse_ws/build/webcam/prefix_override:/home/yahboom/roscourse_ws/install/webcam/lib/python3.10/site-packages:${PYTHONPATH} /usr/bin/python3 -W ignore:setup.py install is deprecated setup.py egg_info --egg-base ../../build/webcam build --build-base /home/yahboom/roscourse_ws/build/webcam/build install --record /home/yahboom/roscourse_ws/build/webcam/install.log --single-version-externally-managed install_data
