[0.830s] Invoking command in '/home/yahboom/roscourse_sim_ws/src/my_robot': PYTHONPATH=/home/yahboom/roscourse_sim_ws/build/my_robot/prefix_override:/home/yahboom/roscourse_sim_ws/install/my_robot/lib/python3.10/site-packages:${PYTHONPATH} /usr/bin/python3 -W ignore:setup.py install is deprecated setup.py egg_info --egg-base ../../build/my_robot build --build-base /home/yahboom/roscourse_sim_ws/build/my_robot/build install --record /home/yahboom/roscourse_sim_ws/build/my_robot/install.log --single-version-externally-managed install_data
[1.185s] running egg_info
[1.186s] writing ../../build/my_robot/my_robot.egg-info/PKG-INFO
[1.187s] writing dependency_links to ../../build/my_robot/my_robot.egg-info/dependency_links.txt
[1.188s] writing entry points to ../../build/my_robot/my_robot.egg-info/entry_points.txt
[1.188s] writing requirements to ../../build/my_robot/my_robot.egg-info/requires.txt
[1.188s] writing top-level names to ../../build/my_robot/my_robot.egg-info/top_level.txt
[1.191s] reading manifest file '../../build/my_robot/my_robot.egg-info/SOURCES.txt'
[1.192s] writing manifest file '../../build/my_robot/my_robot.egg-info/SOURCES.txt'
[1.193s] running build
[1.193s] running build_py
[1.194s] running install
[1.194s] running install_lib
[1.197s] running install_data
[1.198s] copying urdf/my_robot.urdf -> /home/yahboom/roscourse_sim_ws/install/my_robot/share/my_robot
[1.198s] creating /home/yahboom/roscourse_sim_ws/install/my_robot/share/my_robot/launch
[1.198s] copying launch/my_robot_rviz.launch.py -> /home/yahboom/roscourse_sim_ws/install/my_robot/share/my_robot/launch
[1.199s] copying rviz/my_robot.rviz -> /home/yahboom/roscourse_sim_ws/install/my_robot/share/my_robot
[1.199s] running install_egg_info
[1.201s] removing '/home/yahboom/roscourse_sim_ws/install/my_robot/lib/python3.10/site-packages/my_robot-0.0.0-py3.10.egg-info' (and everything under it)
[1.202s] Copying ../../build/my_robot/my_robot.egg-info to /home/yahboom/roscourse_sim_ws/install/my_robot/lib/python3.10/site-packages/my_robot-0.0.0-py3.10.egg-info
[1.203s] running install_scripts
[1.239s] writing list of installed files to '/home/yahboom/roscourse_sim_ws/build/my_robot/install.log'
[1.264s] Invoked command in '/home/yahboom/roscourse_sim_ws/src/my_robot' returned '0': PYTHONPATH=/home/yahboom/roscourse_sim_ws/build/my_robot/prefix_override:/home/yahboom/roscourse_sim_ws/install/my_robot/lib/python3.10/site-packages:${PYTHONPATH} /usr/bin/python3 -W ignore:setup.py install is deprecated setup.py egg_info --egg-base ../../build/my_robot build --build-base /home/yahboom/roscourse_sim_ws/build/my_robot/build install --record /home/yahboom/roscourse_sim_ws/build/my_robot/install.log --single-version-externally-managed install_data
