[0.041s] Invoking command in '/home/yahboom/Desktop/lec9/intro_ws/build/turtle_interfaces': CMAKE_PREFIX_PATH=${CMAKE_PREFIX_PATH}:/home/yahboom/Desktop/lec9/intro_ws/install/python_parameters:/home/yahboom/Desktop/lec9/intro_ws/install/turtle_test:/home/yahboom/cartoros2/install/yahboomcar_nav:/home/yahboom/cartoros2/install/yahboomcar_ctrl:/home/yahboom/cartoros2/install/yahboom_visual:/home/yahboom/cartoros2/install/yahboom_dog_joint_state:/home/yahboom/cartoros2/install/yahboom_description:/home/yahboom/cartoros2/install/yahboom_color_identify_server:/home/yahboom/cartoros2/install/yahboom_bringup:/home/yahboom/cartoros2/install/yahboom_base:/home/yahboom/cartoros2/install/yahboom_app_save_map:/home/yahboom/cartoros2/install/update_map:/home/yahboom/cartoros2/install/rosboard:/home/yahboom/cartoros2/install/path_planner_server:/home/yahboom/cartoros2/install/nav2_simple_commander:/home/yahboom/cartoros2/install/nav2_gazebo_spawner:/home/yahboom/cartoros2/install/localization_server:/home/yahboom/cartoros2/install/laserscan_to_point_pulisher:/home/yahboom/yahboomcar_ws/install/yahboom_dog_example:/opt/ros/humble /usr/bin/cmake --build /home/yahboom/Desktop/lec9/intro_ws/build/turtle_interfaces -- -j4 -l4
[0.136s] [  2%] Built target turtle_interfaces__cpp
[0.137s] [ 12%] Built target turtle_interfaces__rosidl_generator_c
[0.178s] [ 12%] Built target ament_cmake_python_copy_turtle_interfaces
[0.196s] [ 23%] Built target turtle_interfaces__rosidl_typesupport_cpp
[0.202s] [ 34%] Built target turtle_interfaces__rosidl_typesupport_fastrtps_cpp
[0.219s] [ 44%] Built target turtle_interfaces__rosidl_typesupport_introspection_cpp
[0.257s] [ 55%] Built target turtle_interfaces__rosidl_typesupport_fastrtps_c
[0.261s] [ 65%] Built target turtle_interfaces__rosidl_typesupport_c
[0.267s] [ 76%] Built target turtle_interfaces__rosidl_typesupport_introspection_c
[0.320s] [ 76%] Built target turtle_interfaces
[0.369s] [ 78%] Built target turtle_interfaces__py
[0.441s] [ 87%] Built target turtle_interfaces__rosidl_generator_py
[0.486s] [ 91%] Built target turtle_interfaces__rosidl_typesupport_introspection_c__pyext
[0.500s] [ 95%] Built target turtle_interfaces__rosidl_typesupport_c__pyext
[0.503s] [100%] Built target turtle_interfaces__rosidl_typesupport_fastrtps_c__pyext
[0.667s] running egg_info
[0.668s] writing turtle_interfaces.egg-info/PKG-INFO
[0.669s] writing dependency_links to turtle_interfaces.egg-info/dependency_links.txt
[0.669s] writing top-level names to turtle_interfaces.egg-info/top_level.txt
[0.672s] reading manifest file 'turtle_interfaces.egg-info/SOURCES.txt'
[0.673s] writing manifest file 'turtle_interfaces.egg-info/SOURCES.txt'
[0.707s] [100%] Built target ament_cmake_python_build_turtle_interfaces_egg
[0.730s] Invoked command in '/home/yahboom/Desktop/lec9/intro_ws/build/turtle_interfaces' returned '0': CMAKE_PREFIX_PATH=${CMAKE_PREFIX_PATH}:/home/yahboom/Desktop/lec9/intro_ws/install/python_parameters:/home/yahboom/Desktop/lec9/intro_ws/install/turtle_test:/home/yahboom/cartoros2/install/yahboomcar_nav:/home/yahboom/cartoros2/install/yahboomcar_ctrl:/home/yahboom/cartoros2/install/yahboom_visual:/home/yahboom/cartoros2/install/yahboom_dog_joint_state:/home/yahboom/cartoros2/install/yahboom_description:/home/yahboom/cartoros2/install/yahboom_color_identify_server:/home/yahboom/cartoros2/install/yahboom_bringup:/home/yahboom/cartoros2/install/yahboom_base:/home/yahboom/cartoros2/install/yahboom_app_save_map:/home/yahboom/cartoros2/install/update_map:/home/yahboom/cartoros2/install/rosboard:/home/yahboom/cartoros2/install/path_planner_server:/home/yahboom/cartoros2/install/nav2_simple_commander:/home/yahboom/cartoros2/install/nav2_gazebo_spawner:/home/yahboom/cartoros2/install/localization_server:/home/yahboom/cartoros2/install/laserscan_to_point_pulisher:/home/yahboom/yahboomcar_ws/install/yahboom_dog_example:/opt/ros/humble /usr/bin/cmake --build /home/yahboom/Desktop/lec9/intro_ws/build/turtle_interfaces -- -j4 -l4
[0.984s] Invoking command in '/home/yahboom/Desktop/lec9/intro_ws/build/turtle_interfaces': CMAKE_PREFIX_PATH=${CMAKE_PREFIX_PATH}:/home/yahboom/Desktop/lec9/intro_ws/install/python_parameters:/home/yahboom/Desktop/lec9/intro_ws/install/turtle_test:/home/yahboom/cartoros2/install/yahboomcar_nav:/home/yahboom/cartoros2/install/yahboomcar_ctrl:/home/yahboom/cartoros2/install/yahboom_visual:/home/yahboom/cartoros2/install/yahboom_dog_joint_state:/home/yahboom/cartoros2/install/yahboom_description:/home/yahboom/cartoros2/install/yahboom_color_identify_server:/home/yahboom/cartoros2/install/yahboom_bringup:/home/yahboom/cartoros2/install/yahboom_base:/home/yahboom/cartoros2/install/yahboom_app_save_map:/home/yahboom/cartoros2/install/update_map:/home/yahboom/cartoros2/install/rosboard:/home/yahboom/cartoros2/install/path_planner_server:/home/yahboom/cartoros2/install/nav2_simple_commander:/home/yahboom/cartoros2/install/nav2_gazebo_spawner:/home/yahboom/cartoros2/install/localization_server:/home/yahboom/cartoros2/install/laserscan_to_point_pulisher:/home/yahboom/yahboomcar_ws/install/yahboom_dog_example:/opt/ros/humble /usr/bin/cmake --install /home/yahboom/Desktop/lec9/intro_ws/build/turtle_interfaces
[0.996s] -- Install configuration: ""
[0.996s] -- Up-to-date: /home/yahboom/Desktop/lec9/intro_ws/install/turtle_interfaces/share/ament_index/resource_index/rosidl_interfaces/turtle_interfaces
[0.997s] -- Up-to-date: /home/yahboom/Desktop/lec9/intro_ws/install/turtle_interfaces/include/turtle_interfaces/turtle_interfaces
[0.998s] -- Up-to-date: /home/yahboom/Desktop/lec9/intro_ws/install/turtle_interfaces/include/turtle_interfaces/turtle_interfaces/action
[0.998s] -- Up-to-date: /home/yahboom/Desktop/lec9/intro_ws/install/turtle_interfaces/include/turtle_interfaces/turtle_interfaces/action/detail
[0.998s] -- Up-to-date: /home/yahboom/Desktop/lec9/intro_ws/install/turtle_interfaces/include/turtle_interfaces/turtle_interfaces/action/detail/make_square__struct.h
[0.998s] -- Up-to-date: /home/yahboom/Desktop/lec9/intro_ws/install/turtle_interfaces/include/turtle_interfaces/turtle_interfaces/action/detail/make_square__type_support.h
[0.999s] -- Up-to-date: /home/yahboom/Desktop/lec9/intro_ws/install/turtle_interfaces/include/turtle_interfaces/turtle_interfaces/action/detail/make_square__functions.c
[0.999s] -- Up-to-date: /home/yahboom/Desktop/lec9/intro_ws/install/turtle_interfaces/include/turtle_interfaces/turtle_interfaces/action/detail/make_square__functions.h
[0.999s] -- Up-to-date: /home/yahboom/Desktop/lec9/intro_ws/install/turtle_interfaces/include/turtle_interfaces/turtle_interfaces/action/make_square.h
[0.999s] -- Up-to-date: /home/yahboom/Desktop/lec9/intro_ws/install/turtle_interfaces/include/turtle_interfaces/turtle_interfaces/srv
[1.000s] -- Up-to-date: /home/yahboom/Desktop/lec9/intro_ws/install/turtle_interfaces/include/turtle_interfaces/turtle_interfaces/srv/set_colors.h
[1.000s] -- Up-to-date: /home/yahboom/Desktop/lec9/intro_ws/install/turtle_interfaces/include/turtle_interfaces/turtle_interfaces/srv/detail
[1.000s] -- Up-to-date: /home/yahboom/Desktop/lec9/intro_ws/install/turtle_interfaces/include/turtle_interfaces/turtle_interfaces/srv/detail/set_colors__struct.h
[1.000s] -- Up-to-date: /home/yahboom/Desktop/lec9/intro_ws/install/turtle_interfaces/include/turtle_interfaces/turtle_interfaces/srv/detail/set_colors__type_support.h
[1.001s] -- Up-to-date: /home/yahboom/Desktop/lec9/intro_ws/install/turtle_interfaces/include/turtle_interfaces/turtle_interfaces/srv/detail/set_colors__functions.c
[1.001s] -- Up-to-date: /home/yahboom/Desktop/lec9/intro_ws/install/turtle_interfaces/include/turtle_interfaces/turtle_interfaces/srv/detail/set_colors__functions.h
[1.001s] -- Up-to-date: /home/yahboom/Desktop/lec9/intro_ws/install/turtle_interfaces/include/turtle_interfaces/turtle_interfaces/msg
[1.001s] -- Up-to-date: /home/yahboom/Desktop/lec9/intro_ws/install/turtle_interfaces/include/turtle_interfaces/turtle_interfaces/msg/detail
[1.001s] -- Up-to-date: /home/yahboom/Desktop/lec9/intro_ws/install/turtle_interfaces/include/turtle_interfaces/turtle_interfaces/msg/detail/turtle_pose__functions.c
[1.001s] -- Up-to-date: /home/yahboom/Desktop/lec9/intro_ws/install/turtle_interfaces/include/turtle_interfaces/turtle_interfaces/msg/detail/turtle_pose__functions.h
[1.001s] -- Up-to-date: /home/yahboom/Desktop/lec9/intro_ws/install/turtle_interfaces/include/turtle_interfaces/turtle_interfaces/msg/detail/turtle_pose__struct.h
[1.002s] -- Up-to-date: /home/yahboom/Desktop/lec9/intro_ws/install/turtle_interfaces/include/turtle_interfaces/turtle_interfaces/msg/detail/turtle_pose__type_support.h
[1.002s] -- Up-to-date: /home/yahboom/Desktop/lec9/intro_ws/install/turtle_interfaces/include/turtle_interfaces/turtle_interfaces/msg/turtle_pose.h
[1.002s] -- Up-to-date: /home/yahboom/Desktop/lec9/intro_ws/install/turtle_interfaces/include/turtle_interfaces/turtle_interfaces/msg/rosidl_generator_c__visibility_control.h
[1.002s] -- Up-to-date: /home/yahboom/Desktop/lec9/intro_ws/install/turtle_interfaces/share/turtle_interfaces/environment/library_path.sh
[1.002s] -- Up-to-date: /home/yahboom/Desktop/lec9/intro_ws/install/turtle_interfaces/share/turtle_interfaces/environment/library_path.dsv
[1.002s] -- Up-to-date: /home/yahboom/Desktop/lec9/intro_ws/install/turtle_interfaces/lib/libturtle_interfaces__rosidl_generator_c.so
[1.003s] -- Up-to-date: /home/yahboom/Desktop/lec9/intro_ws/install/turtle_interfaces/include/turtle_interfaces/turtle_interfaces
[1.003s] -- Up-to-date: /home/yahboom/Desktop/lec9/intro_ws/install/turtle_interfaces/include/turtle_interfaces/turtle_interfaces/action
[1.003s] -- Up-to-date: /home/yahboom/Desktop/lec9/intro_ws/install/turtle_interfaces/include/turtle_interfaces/turtle_interfaces/action/detail
[1.004s] -- Up-to-date: /home/yahboom/Desktop/lec9/intro_ws/install/turtle_interfaces/include/turtle_interfaces/turtle_interfaces/action/detail/make_square__rosidl_typesupport_fastrtps_c.h
[1.004s] -- Up-to-date: /home/yahboom/Desktop/lec9/intro_ws/install/turtle_interfaces/include/turtle_interfaces/turtle_interfaces/srv
[1.004s] -- Up-to-date: /home/yahboom/Desktop/lec9/intro_ws/install/turtle_interfaces/include/turtle_interfaces/turtle_interfaces/srv/detail
[1.005s] -- Up-to-date: /home/yahboom/Desktop/lec9/intro_ws/install/turtle_interfaces/include/turtle_interfaces/turtle_interfaces/srv/detail/set_colors__rosidl_typesupport_fastrtps_c.h
[1.005s] -- Up-to-date: /home/yahboom/Desktop/lec9/intro_ws/install/turtle_interfaces/include/turtle_interfaces/turtle_interfaces/msg
[1.005s] -- Up-to-date: /home/yahboom/Desktop/lec9/intro_ws/install/turtle_interfaces/include/turtle_interfaces/turtle_interfaces/msg/detail
[1.005s] -- Up-to-date: /home/yahboom/Desktop/lec9/intro_ws/install/turtle_interfaces/include/turtle_interfaces/turtle_interfaces/msg/detail/turtle_pose__rosidl_typesupport_fastrtps_c.h
[1.005s] -- Up-to-date: /home/yahboom/Desktop/lec9/intro_ws/install/turtle_interfaces/include/turtle_interfaces/turtle_interfaces/msg/rosidl_typesupport_fastrtps_c__visibility_control.h
[1.006s] -- Up-to-date: /home/yahboom/Desktop/lec9/intro_ws/install/turtle_interfaces/lib/libturtle_interfaces__rosidl_typesupport_fastrtps_c.so
[1.006s] -- Up-to-date: /home/yahboom/Desktop/lec9/intro_ws/install/turtle_interfaces/include/turtle_interfaces/turtle_interfaces
[1.006s] -- Up-to-date: /home/yahboom/Desktop/lec9/intro_ws/install/turtle_interfaces/include/turtle_interfaces/turtle_interfaces/action
[1.006s] -- Up-to-date: /home/yahboom/Desktop/lec9/intro_ws/install/turtle_interfaces/include/turtle_interfaces/turtle_interfaces/action/detail
[1.006s] -- Up-to-date: /home/yahboom/Desktop/lec9/intro_ws/install/turtle_interfaces/include/turtle_interfaces/turtle_interfaces/action/detail/make_square__type_support.c
[1.007s] -- Up-to-date: /home/yahboom/Desktop/lec9/intro_ws/install/turtle_interfaces/include/turtle_interfaces/turtle_interfaces/action/detail/make_square__rosidl_typesupport_introspection_c.h
[1.007s] -- Up-to-date: /home/yahboom/Desktop/lec9/intro_ws/install/turtle_interfaces/include/turtle_interfaces/turtle_interfaces/srv
[1.007s] -- Up-to-date: /home/yahboom/Desktop/lec9/intro_ws/install/turtle_interfaces/include/turtle_interfaces/turtle_interfaces/srv/detail
[1.007s] -- Up-to-date: /home/yahboom/Desktop/lec9/intro_ws/install/turtle_interfaces/include/turtle_interfaces/turtle_interfaces/srv/detail/set_colors__type_support.c
[1.008s] -- Up-to-date: /home/yahboom/Desktop/lec9/intro_ws/install/turtle_interfaces/include/turtle_interfaces/turtle_interfaces/srv/detail/set_colors__rosidl_typesupport_introspection_c.h
[1.008s] -- Up-to-date: /home/yahboom/Desktop/lec9/intro_ws/install/turtle_interfaces/include/turtle_interfaces/turtle_interfaces/msg
[1.008s] -- Up-to-date: /home/yahboom/Desktop/lec9/intro_ws/install/turtle_interfaces/include/turtle_interfaces/turtle_interfaces/msg/detail
[1.008s] -- Up-to-date: /home/yahboom/Desktop/lec9/intro_ws/install/turtle_interfaces/include/turtle_interfaces/turtle_interfaces/msg/detail/turtle_pose__rosidl_typesupport_introspection_c.h
[1.008s] -- Up-to-date: /home/yahboom/Desktop/lec9/intro_ws/install/turtle_interfaces/include/turtle_interfaces/turtle_interfaces/msg/detail/turtle_pose__type_support.c
[1.008s] -- Up-to-date: /home/yahboom/Desktop/lec9/intro_ws/install/turtle_interfaces/include/turtle_interfaces/turtle_interfaces/msg/rosidl_typesupport_introspection_c__visibility_control.h
[1.009s] -- Up-to-date: /home/yahboom/Desktop/lec9/intro_ws/install/turtle_interfaces/lib/libturtle_interfaces__rosidl_typesupport_introspection_c.so
[1.009s] -- Up-to-date: /home/yahboom/Desktop/lec9/intro_ws/install/turtle_interfaces/lib/libturtle_interfaces__rosidl_typesupport_c.so
[1.009s] -- Up-to-date: /home/yahboom/Desktop/lec9/intro_ws/install/turtle_interfaces/include/turtle_interfaces/turtle_interfaces
[1.009s] -- Up-to-date: /home/yahboom/Desktop/lec9/intro_ws/install/turtle_interfaces/include/turtle_interfaces/turtle_interfaces/action
[1.009s] -- Up-to-date: /home/yahboom/Desktop/lec9/intro_ws/install/turtle_interfaces/include/turtle_interfaces/turtle_interfaces/action/detail
[1.009s] -- Up-to-date: /home/yahboom/Desktop/lec9/intro_ws/install/turtle_interfaces/include/turtle_interfaces/turtle_interfaces/action/detail/make_square__builder.hpp
[1.009s] -- Up-to-date: /home/yahboom/Desktop/lec9/intro_ws/install/turtle_interfaces/include/turtle_interfaces/turtle_interfaces/action/detail/make_square__traits.hpp
[1.009s] -- Up-to-date: /home/yahboom/Desktop/lec9/intro_ws/install/turtle_interfaces/include/turtle_interfaces/turtle_interfaces/action/detail/make_square__struct.hpp
[1.009s] -- Up-to-date: /home/yahboom/Desktop/lec9/intro_ws/install/turtle_interfaces/include/turtle_interfaces/turtle_interfaces/action/make_square.hpp
[1.009s] -- Up-to-date: /home/yahboom/Desktop/lec9/intro_ws/install/turtle_interfaces/include/turtle_interfaces/turtle_interfaces/srv
[1.009s] -- Up-to-date: /home/yahboom/Desktop/lec9/intro_ws/install/turtle_interfaces/include/turtle_interfaces/turtle_interfaces/srv/detail
[1.009s] -- Up-to-date: /home/yahboom/Desktop/lec9/intro_ws/install/turtle_interfaces/include/turtle_interfaces/turtle_interfaces/srv/detail/set_colors__builder.hpp
[1.010s] -- Up-to-date: /home/yahboom/Desktop/lec9/intro_ws/install/turtle_interfaces/include/turtle_interfaces/turtle_interfaces/srv/detail/set_colors__traits.hpp
[1.010s] -- Up-to-date: /home/yahboom/Desktop/lec9/intro_ws/install/turtle_interfaces/include/turtle_interfaces/turtle_interfaces/srv/detail/set_colors__struct.hpp
[1.010s] -- Up-to-date: /home/yahboom/Desktop/lec9/intro_ws/install/turtle_interfaces/include/turtle_interfaces/turtle_interfaces/srv/set_colors.hpp
[1.010s] -- Up-to-date: /home/yahboom/Desktop/lec9/intro_ws/install/turtle_interfaces/include/turtle_interfaces/turtle_interfaces/msg
[1.011s] -- Up-to-date: /home/yahboom/Desktop/lec9/intro_ws/install/turtle_interfaces/include/turtle_interfaces/turtle_interfaces/msg/detail
[1.011s] -- Up-to-date: /home/yahboom/Desktop/lec9/intro_ws/install/turtle_interfaces/include/turtle_interfaces/turtle_interfaces/msg/detail/turtle_pose__builder.hpp
[1.011s] -- Up-to-date: /home/yahboom/Desktop/lec9/intro_ws/install/turtle_interfaces/include/turtle_interfaces/turtle_interfaces/msg/detail/turtle_pose__traits.hpp
[1.011s] -- Up-to-date: /home/yahboom/Desktop/lec9/intro_ws/install/turtle_interfaces/include/turtle_interfaces/turtle_interfaces/msg/detail/turtle_pose__struct.hpp
[1.011s] -- Up-to-date: /home/yahboom/Desktop/lec9/intro_ws/install/turtle_interfaces/include/turtle_interfaces/turtle_interfaces/msg/turtle_pose.hpp
[1.012s] -- Up-to-date: /home/yahboom/Desktop/lec9/intro_ws/install/turtle_interfaces/include/turtle_interfaces/turtle_interfaces
[1.012s] -- Up-to-date: /home/yahboom/Desktop/lec9/intro_ws/install/turtle_interfaces/include/turtle_interfaces/turtle_interfaces/action
[1.012s] -- Up-to-date: /home/yahboom/Desktop/lec9/intro_ws/install/turtle_interfaces/include/turtle_interfaces/turtle_interfaces/action/detail
[1.012s] -- Up-to-date: /home/yahboom/Desktop/lec9/intro_ws/install/turtle_interfaces/include/turtle_interfaces/turtle_interfaces/action/detail/make_square__rosidl_typesupport_fastrtps_cpp.hpp
[1.013s] -- Up-to-date: /home/yahboom/Desktop/lec9/intro_ws/install/turtle_interfaces/include/turtle_interfaces/turtle_interfaces/action/detail/dds_fastrtps
[1.013s] -- Up-to-date: /home/yahboom/Desktop/lec9/intro_ws/install/turtle_interfaces/include/turtle_interfaces/turtle_interfaces/srv
[1.014s] -- Up-to-date: /home/yahboom/Desktop/lec9/intro_ws/install/turtle_interfaces/include/turtle_interfaces/turtle_interfaces/srv/detail
[1.014s] -- Up-to-date: /home/yahboom/Desktop/lec9/intro_ws/install/turtle_interfaces/include/turtle_interfaces/turtle_interfaces/srv/detail/set_colors__rosidl_typesupport_fastrtps_cpp.hpp
[1.014s] -- Up-to-date: /home/yahboom/Desktop/lec9/intro_ws/install/turtle_interfaces/include/turtle_interfaces/turtle_interfaces/srv/detail/dds_fastrtps
[1.014s] -- Up-to-date: /home/yahboom/Desktop/lec9/intro_ws/install/turtle_interfaces/include/turtle_interfaces/turtle_interfaces/msg
[1.014s] -- Up-to-date: /home/yahboom/Desktop/lec9/intro_ws/install/turtle_interfaces/include/turtle_interfaces/turtle_interfaces/msg/detail
[1.015s] -- Up-to-date: /home/yahboom/Desktop/lec9/intro_ws/install/turtle_interfaces/include/turtle_interfaces/turtle_interfaces/msg/detail/dds_fastrtps
[1.015s] -- Up-to-date: /home/yahboom/Desktop/lec9/intro_ws/install/turtle_interfaces/include/turtle_interfaces/turtle_interfaces/msg/detail/turtle_pose__rosidl_typesupport_fastrtps_cpp.hpp
[1.015s] -- Up-to-date: /home/yahboom/Desktop/lec9/intro_ws/install/turtle_interfaces/include/turtle_interfaces/turtle_interfaces/msg/rosidl_typesupport_fastrtps_cpp__visibility_control.h
[1.015s] -- Up-to-date: /home/yahboom/Desktop/lec9/intro_ws/install/turtle_interfaces/lib/libturtle_interfaces__rosidl_typesupport_fastrtps_cpp.so
[1.015s] -- Up-to-date: /home/yahboom/Desktop/lec9/intro_ws/install/turtle_interfaces/include/turtle_interfaces/turtle_interfaces
[1.016s] -- Up-to-date: /home/yahboom/Desktop/lec9/intro_ws/install/turtle_interfaces/include/turtle_interfaces/turtle_interfaces/action
[1.016s] -- Up-to-date: /home/yahboom/Desktop/lec9/intro_ws/install/turtle_interfaces/include/turtle_interfaces/turtle_interfaces/action/detail
[1.016s] -- Up-to-date: /home/yahboom/Desktop/lec9/intro_ws/install/turtle_interfaces/include/turtle_interfaces/turtle_interfaces/action/detail/make_square__rosidl_typesupport_introspection_cpp.hpp
[1.016s] -- Up-to-date: /home/yahboom/Desktop/lec9/intro_ws/install/turtle_interfaces/include/turtle_interfaces/turtle_interfaces/action/detail/make_square__type_support.cpp
[1.017s] -- Up-to-date: /home/yahboom/Desktop/lec9/intro_ws/install/turtle_interfaces/include/turtle_interfaces/turtle_interfaces/srv
[1.017s] -- Up-to-date: /home/yahboom/Desktop/lec9/intro_ws/install/turtle_interfaces/include/turtle_interfaces/turtle_interfaces/srv/detail
[1.017s] -- Up-to-date: /home/yahboom/Desktop/lec9/intro_ws/install/turtle_interfaces/include/turtle_interfaces/turtle_interfaces/srv/detail/set_colors__type_support.cpp
[1.017s] -- Up-to-date: /home/yahboom/Desktop/lec9/intro_ws/install/turtle_interfaces/include/turtle_interfaces/turtle_interfaces/srv/detail/set_colors__rosidl_typesupport_introspection_cpp.hpp
[1.017s] -- Up-to-date: /home/yahboom/Desktop/lec9/intro_ws/install/turtle_interfaces/include/turtle_interfaces/turtle_interfaces/msg
[1.018s] -- Up-to-date: /home/yahboom/Desktop/lec9/intro_ws/install/turtle_interfaces/include/turtle_interfaces/turtle_interfaces/msg/detail
[1.018s] -- Up-to-date: /home/yahboom/Desktop/lec9/intro_ws/install/turtle_interfaces/include/turtle_interfaces/turtle_interfaces/msg/detail/turtle_pose__rosidl_typesupport_introspection_cpp.hpp
[1.018s] -- Up-to-date: /home/yahboom/Desktop/lec9/intro_ws/install/turtle_interfaces/include/turtle_interfaces/turtle_interfaces/msg/detail/turtle_pose__type_support.cpp
[1.018s] -- Up-to-date: /home/yahboom/Desktop/lec9/intro_ws/install/turtle_interfaces/lib/libturtle_interfaces__rosidl_typesupport_introspection_cpp.so
[1.018s] -- Up-to-date: /home/yahboom/Desktop/lec9/intro_ws/install/turtle_interfaces/lib/libturtle_interfaces__rosidl_typesupport_cpp.so
[1.019s] -- Up-to-date: /home/yahboom/Desktop/lec9/intro_ws/install/turtle_interfaces/share/turtle_interfaces/environment/pythonpath.sh
[1.019s] -- Up-to-date: /home/yahboom/Desktop/lec9/intro_ws/install/turtle_interfaces/share/turtle_interfaces/environment/pythonpath.dsv
[1.019s] -- Up-to-date: /home/yahboom/Desktop/lec9/intro_ws/install/turtle_interfaces/local/lib/python3.10/dist-packages/turtle_interfaces-0.0.0-py3.10.egg-info
[1.019s] -- Installing: /home/yahboom/Desktop/lec9/intro_ws/install/turtle_interfaces/local/lib/python3.10/dist-packages/turtle_interfaces-0.0.0-py3.10.egg-info/top_level.txt
[1.020s] -- Installing: /home/yahboom/Desktop/lec9/intro_ws/install/turtle_interfaces/local/lib/python3.10/dist-packages/turtle_interfaces-0.0.0-py3.10.egg-info/PKG-INFO
[1.020s] -- Installing: /home/yahboom/Desktop/lec9/intro_ws/install/turtle_interfaces/local/lib/python3.10/dist-packages/turtle_interfaces-0.0.0-py3.10.egg-info/dependency_links.txt
[1.020s] -- Installing: /home/yahboom/Desktop/lec9/intro_ws/install/turtle_interfaces/local/lib/python3.10/dist-packages/turtle_interfaces-0.0.0-py3.10.egg-info/SOURCES.txt
[1.020s] -- Up-to-date: /home/yahboom/Desktop/lec9/intro_ws/install/turtle_interfaces/local/lib/python3.10/dist-packages/turtle_interfaces
[1.020s] -- Up-to-date: /home/yahboom/Desktop/lec9/intro_ws/install/turtle_interfaces/local/lib/python3.10/dist-packages/turtle_interfaces/libturtle_interfaces__rosidl_generator_py.so
[1.021s] -- Up-to-date: /home/yahboom/Desktop/lec9/intro_ws/install/turtle_interfaces/local/lib/python3.10/dist-packages/turtle_interfaces/action
[1.021s] -- Up-to-date: /home/yahboom/Desktop/lec9/intro_ws/install/turtle_interfaces/local/lib/python3.10/dist-packages/turtle_interfaces/action/_make_square.py
[1.021s] -- Up-to-date: /home/yahboom/Desktop/lec9/intro_ws/install/turtle_interfaces/local/lib/python3.10/dist-packages/turtle_interfaces/action/__init__.py
[1.021s] -- Up-to-date: /home/yahboom/Desktop/lec9/intro_ws/install/turtle_interfaces/local/lib/python3.10/dist-packages/turtle_interfaces/action/_make_square_s.c
[1.021s] -- Up-to-date: /home/yahboom/Desktop/lec9/intro_ws/install/turtle_interfaces/local/lib/python3.10/dist-packages/turtle_interfaces/_turtle_interfaces_s.ep.rosidl_typesupport_c.c
[1.022s] -- Up-to-date: /home/yahboom/Desktop/lec9/intro_ws/install/turtle_interfaces/local/lib/python3.10/dist-packages/turtle_interfaces/srv
[1.022s] -- Up-to-date: /home/yahboom/Desktop/lec9/intro_ws/install/turtle_interfaces/local/lib/python3.10/dist-packages/turtle_interfaces/srv/__init__.py
[1.022s] -- Up-to-date: /home/yahboom/Desktop/lec9/intro_ws/install/turtle_interfaces/local/lib/python3.10/dist-packages/turtle_interfaces/srv/_set_colors.py
[1.022s] -- Up-to-date: /home/yahboom/Desktop/lec9/intro_ws/install/turtle_interfaces/local/lib/python3.10/dist-packages/turtle_interfaces/srv/_set_colors_s.c
[1.023s] -- Up-to-date: /home/yahboom/Desktop/lec9/intro_ws/install/turtle_interfaces/local/lib/python3.10/dist-packages/turtle_interfaces/turtle_interfaces_s__rosidl_typesupport_introspection_c.cpython-310-x86_64-linux-gnu.so
[1.023s] -- Up-to-date: /home/yahboom/Desktop/lec9/intro_ws/install/turtle_interfaces/local/lib/python3.10/dist-packages/turtle_interfaces/__init__.py
[1.025s] -- Up-to-date: /home/yahboom/Desktop/lec9/intro_ws/install/turtle_interfaces/local/lib/python3.10/dist-packages/turtle_interfaces/turtle_interfaces_s__rosidl_typesupport_fastrtps_c.cpython-310-x86_64-linux-gnu.so
[1.027s] -- Up-to-date: /home/yahboom/Desktop/lec9/intro_ws/install/turtle_interfaces/local/lib/python3.10/dist-packages/turtle_interfaces/_turtle_interfaces_s.ep.rosidl_typesupport_introspection_c.c
[1.028s] -- Up-to-date: /home/yahboom/Desktop/lec9/intro_ws/install/turtle_interfaces/local/lib/python3.10/dist-packages/turtle_interfaces/msg
[1.028s] -- Up-to-date: /home/yahboom/Desktop/lec9/intro_ws/install/turtle_interfaces/local/lib/python3.10/dist-packages/turtle_interfaces/msg/_turtle_pose.py
[1.028s] -- Up-to-date: /home/yahboom/Desktop/lec9/intro_ws/install/turtle_interfaces/local/lib/python3.10/dist-packages/turtle_interfaces/msg/__init__.py
[1.028s] -- Up-to-date: /home/yahboom/Desktop/lec9/intro_ws/install/turtle_interfaces/local/lib/python3.10/dist-packages/turtle_interfaces/msg/_turtle_pose_s.c
[1.028s] -- Up-to-date: /home/yahboom/Desktop/lec9/intro_ws/install/turtle_interfaces/local/lib/python3.10/dist-packages/turtle_interfaces/turtle_interfaces_s__rosidl_typesupport_c.cpython-310-x86_64-linux-gnu.so
[1.028s] -- Up-to-date: /home/yahboom/Desktop/lec9/intro_ws/install/turtle_interfaces/local/lib/python3.10/dist-packages/turtle_interfaces/_turtle_interfaces_s.ep.rosidl_typesupport_fastrtps_c.c
[1.078s] Listing '/home/yahboom/Desktop/lec9/intro_ws/install/turtle_interfaces/local/lib/python3.10/dist-packages/turtle_interfaces'...
[1.078s] Listing '/home/yahboom/Desktop/lec9/intro_ws/install/turtle_interfaces/local/lib/python3.10/dist-packages/turtle_interfaces/action'...
[1.078s] Listing '/home/yahboom/Desktop/lec9/intro_ws/install/turtle_interfaces/local/lib/python3.10/dist-packages/turtle_interfaces/msg'...
[1.078s] Listing '/home/yahboom/Desktop/lec9/intro_ws/install/turtle_interfaces/local/lib/python3.10/dist-packages/turtle_interfaces/srv'...
[1.083s] -- Up-to-date: /home/yahboom/Desktop/lec9/intro_ws/install/turtle_interfaces/local/lib/python3.10/dist-packages/turtle_interfaces/turtle_interfaces_s__rosidl_typesupport_fastrtps_c.cpython-310-x86_64-linux-gnu.so
[1.083s] -- Up-to-date: /home/yahboom/Desktop/lec9/intro_ws/install/turtle_interfaces/local/lib/python3.10/dist-packages/turtle_interfaces/turtle_interfaces_s__rosidl_typesupport_introspection_c.cpython-310-x86_64-linux-gnu.so
[1.083s] -- Up-to-date: /home/yahboom/Desktop/lec9/intro_ws/install/turtle_interfaces/local/lib/python3.10/dist-packages/turtle_interfaces/turtle_interfaces_s__rosidl_typesupport_c.cpython-310-x86_64-linux-gnu.so
[1.084s] -- Up-to-date: /home/yahboom/Desktop/lec9/intro_ws/install/turtle_interfaces/lib/libturtle_interfaces__rosidl_generator_py.so
[1.084s] -- Up-to-date: /home/yahboom/Desktop/lec9/intro_ws/install/turtle_interfaces/share/turtle_interfaces/msg/TurtlePose.idl
[1.084s] -- Up-to-date: /home/yahboom/Desktop/lec9/intro_ws/install/turtle_interfaces/share/turtle_interfaces/srv/SetColors.idl
[1.085s] -- Up-to-date: /home/yahboom/Desktop/lec9/intro_ws/install/turtle_interfaces/share/turtle_interfaces/action/MakeSquare.idl
[1.085s] -- Up-to-date: /home/yahboom/Desktop/lec9/intro_ws/install/turtle_interfaces/share/turtle_interfaces/msg/TurtlePose.msg
[1.085s] -- Up-to-date: /home/yahboom/Desktop/lec9/intro_ws/install/turtle_interfaces/share/turtle_interfaces/srv/SetColors.srv
[1.085s] -- Up-to-date: /home/yahboom/Desktop/lec9/intro_ws/install/turtle_interfaces/share/turtle_interfaces/srv/SetColors_Request.msg
[1.085s] -- Up-to-date: /home/yahboom/Desktop/lec9/intro_ws/install/turtle_interfaces/share/turtle_interfaces/srv/SetColors_Response.msg
[1.086s] -- Up-to-date: /home/yahboom/Desktop/lec9/intro_ws/install/turtle_interfaces/share/turtle_interfaces/action/MakeSquare.action
[1.086s] -- Up-to-date: /home/yahboom/Desktop/lec9/intro_ws/install/turtle_interfaces/share/ament_index/resource_index/package_run_dependencies/turtle_interfaces
[1.086s] -- Up-to-date: /home/yahboom/Desktop/lec9/intro_ws/install/turtle_interfaces/share/ament_index/resource_index/parent_prefix_path/turtle_interfaces
[1.086s] -- Up-to-date: /home/yahboom/Desktop/lec9/intro_ws/install/turtle_interfaces/share/turtle_interfaces/environment/ament_prefix_path.sh
[1.086s] -- Up-to-date: /home/yahboom/Desktop/lec9/intro_ws/install/turtle_interfaces/share/turtle_interfaces/environment/ament_prefix_path.dsv
[1.086s] -- Up-to-date: /home/yahboom/Desktop/lec9/intro_ws/install/turtle_interfaces/share/turtle_interfaces/environment/path.sh
[1.086s] -- Up-to-date: /home/yahboom/Desktop/lec9/intro_ws/install/turtle_interfaces/share/turtle_interfaces/environment/path.dsv
[1.086s] -- Up-to-date: /home/yahboom/Desktop/lec9/intro_ws/install/turtle_interfaces/share/turtle_interfaces/local_setup.bash
[1.086s] -- Up-to-date: /home/yahboom/Desktop/lec9/intro_ws/install/turtle_interfaces/share/turtle_interfaces/local_setup.sh
[1.086s] -- Up-to-date: /home/yahboom/Desktop/lec9/intro_ws/install/turtle_interfaces/share/turtle_interfaces/local_setup.zsh
[1.086s] -- Up-to-date: /home/yahboom/Desktop/lec9/intro_ws/install/turtle_interfaces/share/turtle_interfaces/local_setup.dsv
[1.086s] -- Installing: /home/yahboom/Desktop/lec9/intro_ws/install/turtle_interfaces/share/turtle_interfaces/package.dsv
[1.087s] -- Up-to-date: /home/yahboom/Desktop/lec9/intro_ws/install/turtle_interfaces/share/ament_index/resource_index/packages/turtle_interfaces
[1.087s] -- Up-to-date: /home/yahboom/Desktop/lec9/intro_ws/install/turtle_interfaces/share/turtle_interfaces/cmake/export_turtle_interfaces__rosidl_generator_cExport.cmake
[1.087s] -- Up-to-date: /home/yahboom/Desktop/lec9/intro_ws/install/turtle_interfaces/share/turtle_interfaces/cmake/export_turtle_interfaces__rosidl_generator_cExport-noconfig.cmake
[1.087s] -- Up-to-date: /home/yahboom/Desktop/lec9/intro_ws/install/turtle_interfaces/share/turtle_interfaces/cmake/export_turtle_interfaces__rosidl_typesupport_fastrtps_cExport.cmake
[1.088s] -- Up-to-date: /home/yahboom/Desktop/lec9/intro_ws/install/turtle_interfaces/share/turtle_interfaces/cmake/export_turtle_interfaces__rosidl_typesupport_fastrtps_cExport-noconfig.cmake
[1.088s] -- Up-to-date: /home/yahboom/Desktop/lec9/intro_ws/install/turtle_interfaces/share/turtle_interfaces/cmake/turtle_interfaces__rosidl_typesupport_introspection_cExport.cmake
[1.088s] -- Up-to-date: /home/yahboom/Desktop/lec9/intro_ws/install/turtle_interfaces/share/turtle_interfaces/cmake/turtle_interfaces__rosidl_typesupport_introspection_cExport-noconfig.cmake
[1.088s] -- Up-to-date: /home/yahboom/Desktop/lec9/intro_ws/install/turtle_interfaces/share/turtle_interfaces/cmake/turtle_interfaces__rosidl_typesupport_cExport.cmake
[1.088s] -- Up-to-date: /home/yahboom/Desktop/lec9/intro_ws/install/turtle_interfaces/share/turtle_interfaces/cmake/turtle_interfaces__rosidl_typesupport_cExport-noconfig.cmake
[1.088s] -- Up-to-date: /home/yahboom/Desktop/lec9/intro_ws/install/turtle_interfaces/share/turtle_interfaces/cmake/export_turtle_interfaces__rosidl_generator_cppExport.cmake
[1.088s] -- Up-to-date: /home/yahboom/Desktop/lec9/intro_ws/install/turtle_interfaces/share/turtle_interfaces/cmake/export_turtle_interfaces__rosidl_typesupport_fastrtps_cppExport.cmake
[1.088s] -- Up-to-date: /home/yahboom/Desktop/lec9/intro_ws/install/turtle_interfaces/share/turtle_interfaces/cmake/export_turtle_interfaces__rosidl_typesupport_fastrtps_cppExport-noconfig.cmake
[1.088s] -- Up-to-date: /home/yahboom/Desktop/lec9/intro_ws/install/turtle_interfaces/share/turtle_interfaces/cmake/turtle_interfaces__rosidl_typesupport_introspection_cppExport.cmake
[1.089s] -- Up-to-date: /home/yahboom/Desktop/lec9/intro_ws/install/turtle_interfaces/share/turtle_interfaces/cmake/turtle_interfaces__rosidl_typesupport_introspection_cppExport-noconfig.cmake
[1.089s] -- Up-to-date: /home/yahboom/Desktop/lec9/intro_ws/install/turtle_interfaces/share/turtle_interfaces/cmake/turtle_interfaces__rosidl_typesupport_cppExport.cmake
[1.089s] -- Up-to-date: /home/yahboom/Desktop/lec9/intro_ws/install/turtle_interfaces/share/turtle_interfaces/cmake/turtle_interfaces__rosidl_typesupport_cppExport-noconfig.cmake
[1.089s] -- Up-to-date: /home/yahboom/Desktop/lec9/intro_ws/install/turtle_interfaces/share/turtle_interfaces/cmake/export_turtle_interfaces__rosidl_generator_pyExport.cmake
[1.089s] -- Up-to-date: /home/yahboom/Desktop/lec9/intro_ws/install/turtle_interfaces/share/turtle_interfaces/cmake/export_turtle_interfaces__rosidl_generator_pyExport-noconfig.cmake
[1.089s] -- Up-to-date: /home/yahboom/Desktop/lec9/intro_ws/install/turtle_interfaces/share/turtle_interfaces/cmake/rosidl_cmake-extras.cmake
[1.089s] -- Up-to-date: /home/yahboom/Desktop/lec9/intro_ws/install/turtle_interfaces/share/turtle_interfaces/cmake/ament_cmake_export_dependencies-extras.cmake
[1.089s] -- Up-to-date: /home/yahboom/Desktop/lec9/intro_ws/install/turtle_interfaces/share/turtle_interfaces/cmake/ament_cmake_export_include_directories-extras.cmake
[1.089s] -- Up-to-date: /home/yahboom/Desktop/lec9/intro_ws/install/turtle_interfaces/share/turtle_interfaces/cmake/ament_cmake_export_libraries-extras.cmake
[1.089s] -- Up-to-date: /home/yahboom/Desktop/lec9/intro_ws/install/turtle_interfaces/share/turtle_interfaces/cmake/ament_cmake_export_targets-extras.cmake
[1.089s] -- Up-to-date: /home/yahboom/Desktop/lec9/intro_ws/install/turtle_interfaces/share/turtle_interfaces/cmake/rosidl_cmake_export_typesupport_targets-extras.cmake
[1.089s] -- Up-to-date: /home/yahboom/Desktop/lec9/intro_ws/install/turtle_interfaces/share/turtle_interfaces/cmake/rosidl_cmake_export_typesupport_libraries-extras.cmake
[1.089s] -- Up-to-date: /home/yahboom/Desktop/lec9/intro_ws/install/turtle_interfaces/share/turtle_interfaces/cmake/turtle_interfacesConfig.cmake
[1.089s] -- Up-to-date: /home/yahboom/Desktop/lec9/intro_ws/install/turtle_interfaces/share/turtle_interfaces/cmake/turtle_interfacesConfig-version.cmake
[1.089s] -- Up-to-date: /home/yahboom/Desktop/lec9/intro_ws/install/turtle_interfaces/share/turtle_interfaces/package.xml
[1.091s] Invoked command in '/home/yahboom/Desktop/lec9/intro_ws/build/turtle_interfaces' returned '0': CMAKE_PREFIX_PATH=${CMAKE_PREFIX_PATH}:/home/yahboom/Desktop/lec9/intro_ws/install/python_parameters:/home/yahboom/Desktop/lec9/intro_ws/install/turtle_test:/home/yahboom/cartoros2/install/yahboomcar_nav:/home/yahboom/cartoros2/install/yahboomcar_ctrl:/home/yahboom/cartoros2/install/yahboom_visual:/home/yahboom/cartoros2/install/yahboom_dog_joint_state:/home/yahboom/cartoros2/install/yahboom_description:/home/yahboom/cartoros2/install/yahboom_color_identify_server:/home/yahboom/cartoros2/install/yahboom_bringup:/home/yahboom/cartoros2/install/yahboom_base:/home/yahboom/cartoros2/install/yahboom_app_save_map:/home/yahboom/cartoros2/install/update_map:/home/yahboom/cartoros2/install/rosboard:/home/yahboom/cartoros2/install/path_planner_server:/home/yahboom/cartoros2/install/nav2_simple_commander:/home/yahboom/cartoros2/install/nav2_gazebo_spawner:/home/yahboom/cartoros2/install/localization_server:/home/yahboom/cartoros2/install/laserscan_to_point_pulisher:/home/yahboom/yahboomcar_ws/install/yahboom_dog_example:/opt/ros/humble /usr/bin/cmake --install /home/yahboom/Desktop/lec9/intro_ws/build/turtle_interfaces
