[1.131s] Invoking command in '/home/yahboom/Desktop/S26_RobotProgramming_Crystal/lab6/Carsto/roscourse_sim_ws/src/my_robot': PYTHONPATH=/home/yahboom/Desktop/S26_RobotProgramming_Crystal/lab6/Carsto/roscourse_sim_ws/build/my_robot/prefix_override:/home/yahboom/Desktop/S26_RobotProgramming_Crystal/lab6/Carsto/roscourse_sim_ws/install/my_robot/lib/python3.10/site-packages:${PYTHONPATH} /usr/bin/python3 -W ignore:setup.py install is deprecated setup.py egg_info --egg-base ../../build/my_robot build --build-base /home/yahboom/Desktop/S26_RobotProgramming_Crystal/lab6/Carsto/roscourse_sim_ws/build/my_robot/build install --record /home/yahboom/Desktop/S26_RobotProgramming_Crystal/lab6/Carsto/roscourse_sim_ws/build/my_robot/install.log --single-version-externally-managed install_data
[1.507s] running egg_info
[1.508s] creating ../../build/my_robot/my_robot.egg-info
[1.508s] writing ../../build/my_robot/my_robot.egg-info/PKG-INFO
[1.509s] writing dependency_links to ../../build/my_robot/my_robot.egg-info/dependency_links.txt
[1.509s] writing entry points to ../../build/my_robot/my_robot.egg-info/entry_points.txt
[1.509s] writing requirements to ../../build/my_robot/my_robot.egg-info/requires.txt
[1.509s] writing top-level names to ../../build/my_robot/my_robot.egg-info/top_level.txt
[1.510s] writing manifest file '../../build/my_robot/my_robot.egg-info/SOURCES.txt'
[1.511s] reading manifest file '../../build/my_robot/my_robot.egg-info/SOURCES.txt'
[1.512s] writing manifest file '../../build/my_robot/my_robot.egg-info/SOURCES.txt'
[1.513s] running build
[1.513s] running build_py
[1.513s] creating /home/yahboom/Desktop/S26_RobotProgramming_Crystal/lab6/Carsto/roscourse_sim_ws/build/my_robot/build
[1.514s] creating /home/yahboom/Desktop/S26_RobotProgramming_Crystal/lab6/Carsto/roscourse_sim_ws/build/my_robot/build/lib
[1.514s] creating /home/yahboom/Desktop/S26_RobotProgramming_Crystal/lab6/Carsto/roscourse_sim_ws/build/my_robot/build/lib/my_robot
[1.514s] copying my_robot/__init__.py -> /home/yahboom/Desktop/S26_RobotProgramming_Crystal/lab6/Carsto/roscourse_sim_ws/build/my_robot/build/lib/my_robot
[1.514s] running install
[1.514s] running install_lib
[1.515s] creating /home/yahboom/Desktop/S26_RobotProgramming_Crystal/lab6/Carsto/roscourse_sim_ws/install/my_robot/lib/python3.10/site-packages/my_robot
[1.515s] copying /home/yahboom/Desktop/S26_RobotProgramming_Crystal/lab6/Carsto/roscourse_sim_ws/build/my_robot/build/lib/my_robot/__init__.py -> /home/yahboom/Desktop/S26_RobotProgramming_Crystal/lab6/Carsto/roscourse_sim_ws/install/my_robot/lib/python3.10/site-packages/my_robot
[1.517s] byte-compiling /home/yahboom/Desktop/S26_RobotProgramming_Crystal/lab6/Carsto/roscourse_sim_ws/install/my_robot/lib/python3.10/site-packages/my_robot/__init__.py to __init__.cpython-310.pyc
[1.517s] running install_data
[1.517s] creating /home/yahboom/Desktop/S26_RobotProgramming_Crystal/lab6/Carsto/roscourse_sim_ws/install/my_robot/share/ament_index
[1.517s] creating /home/yahboom/Desktop/S26_RobotProgramming_Crystal/lab6/Carsto/roscourse_sim_ws/install/my_robot/share/ament_index/resource_index
[1.517s] creating /home/yahboom/Desktop/S26_RobotProgramming_Crystal/lab6/Carsto/roscourse_sim_ws/install/my_robot/share/ament_index/resource_index/packages
[1.518s] copying resource/my_robot -> /home/yahboom/Desktop/S26_RobotProgramming_Crystal/lab6/Carsto/roscourse_sim_ws/install/my_robot/share/ament_index/resource_index/packages
[1.518s] copying package.xml -> /home/yahboom/Desktop/S26_RobotProgramming_Crystal/lab6/Carsto/roscourse_sim_ws/install/my_robot/share/my_robot
[1.518s] running install_egg_info
[1.520s] Copying ../../build/my_robot/my_robot.egg-info to /home/yahboom/Desktop/S26_RobotProgramming_Crystal/lab6/Carsto/roscourse_sim_ws/install/my_robot/lib/python3.10/site-packages/my_robot-0.0.0-py3.10.egg-info
[1.522s] running install_scripts
[1.554s] writing list of installed files to '/home/yahboom/Desktop/S26_RobotProgramming_Crystal/lab6/Carsto/roscourse_sim_ws/build/my_robot/install.log'
[1.581s] Invoked command in '/home/yahboom/Desktop/S26_RobotProgramming_Crystal/lab6/Carsto/roscourse_sim_ws/src/my_robot' returned '0': PYTHONPATH=/home/yahboom/Desktop/S26_RobotProgramming_Crystal/lab6/Carsto/roscourse_sim_ws/build/my_robot/prefix_override:/home/yahboom/Desktop/S26_RobotProgramming_Crystal/lab6/Carsto/roscourse_sim_ws/install/my_robot/lib/python3.10/site-packages:${PYTHONPATH} /usr/bin/python3 -W ignore:setup.py install is deprecated setup.py egg_info --egg-base ../../build/my_robot build --build-base /home/yahboom/Desktop/S26_RobotProgramming_Crystal/lab6/Carsto/roscourse_sim_ws/build/my_robot/build install --record /home/yahboom/Desktop/S26_RobotProgramming_Crystal/lab6/Carsto/roscourse_sim_ws/build/my_robot/install.log --single-version-externally-managed install_data
