[1.571s] Invoking command in '/home/yahboom/Desktop/S26_RobotProgramming_Crystal/Final_project/src/high_lvl_obj_detect': PYTHONPATH=/home/yahboom/Desktop/S26_RobotProgramming_Crystal/Final_project/build/high_lvl_obj_detect/prefix_override:/home/yahboom/Desktop/S26_RobotProgramming_Crystal/Final_project/install/high_lvl_obj_detect/lib/python3.10/site-packages:${PYTHONPATH} /usr/bin/python3 -W ignore:setup.py install is deprecated setup.py egg_info --egg-base ../../build/high_lvl_obj_detect build --build-base /home/yahboom/Desktop/S26_RobotProgramming_Crystal/Final_project/build/high_lvl_obj_detect/build install --record /home/yahboom/Desktop/S26_RobotProgramming_Crystal/Final_project/build/high_lvl_obj_detect/install.log --single-version-externally-managed install_data
[1.844s] running egg_info
[1.844s] creating ../../build/high_lvl_obj_detect/high_lvl_obj_detect.egg-info
[1.844s] writing ../../build/high_lvl_obj_detect/high_lvl_obj_detect.egg-info/PKG-INFO
[1.844s] writing dependency_links to ../../build/high_lvl_obj_detect/high_lvl_obj_detect.egg-info/dependency_links.txt
[1.844s] writing entry points to ../../build/high_lvl_obj_detect/high_lvl_obj_detect.egg-info/entry_points.txt
[1.844s] writing requirements to ../../build/high_lvl_obj_detect/high_lvl_obj_detect.egg-info/requires.txt
[1.844s] writing top-level names to ../../build/high_lvl_obj_detect/high_lvl_obj_detect.egg-info/top_level.txt
[1.844s] writing manifest file '../../build/high_lvl_obj_detect/high_lvl_obj_detect.egg-info/SOURCES.txt'
[1.847s] reading manifest file '../../build/high_lvl_obj_detect/high_lvl_obj_detect.egg-info/SOURCES.txt'
[1.847s] writing manifest file '../../build/high_lvl_obj_detect/high_lvl_obj_detect.egg-info/SOURCES.txt'
[1.847s] running build
[1.847s] running build_py
[1.847s] creating /home/yahboom/Desktop/S26_RobotProgramming_Crystal/Final_project/build/high_lvl_obj_detect/build
[1.847s] creating /home/yahboom/Desktop/S26_RobotProgramming_Crystal/Final_project/build/high_lvl_obj_detect/build/lib
[1.847s] creating /home/yahboom/Desktop/S26_RobotProgramming_Crystal/Final_project/build/high_lvl_obj_detect/build/lib/high_lvl_obj_detect
[1.847s] copying high_lvl_obj_detect/__init__.py -> /home/yahboom/Desktop/S26_RobotProgramming_Crystal/Final_project/build/high_lvl_obj_detect/build/lib/high_lvl_obj_detect
[1.848s] running install
[1.848s] running install_lib
[1.849s] creating /home/yahboom/Desktop/S26_RobotProgramming_Crystal/Final_project/install/high_lvl_obj_detect/lib/python3.10/site-packages/high_lvl_obj_detect
[1.849s] copying /home/yahboom/Desktop/S26_RobotProgramming_Crystal/Final_project/build/high_lvl_obj_detect/build/lib/high_lvl_obj_detect/__init__.py -> /home/yahboom/Desktop/S26_RobotProgramming_Crystal/Final_project/install/high_lvl_obj_detect/lib/python3.10/site-packages/high_lvl_obj_detect
[1.852s] byte-compiling /home/yahboom/Desktop/S26_RobotProgramming_Crystal/Final_project/install/high_lvl_obj_detect/lib/python3.10/site-packages/high_lvl_obj_detect/__init__.py to __init__.cpython-310.pyc
[1.852s] running install_data
[1.852s] creating /home/yahboom/Desktop/S26_RobotProgramming_Crystal/Final_project/install/high_lvl_obj_detect/share/ament_index
[1.853s] creating /home/yahboom/Desktop/S26_RobotProgramming_Crystal/Final_project/install/high_lvl_obj_detect/share/ament_index/resource_index
[1.853s] creating /home/yahboom/Desktop/S26_RobotProgramming_Crystal/Final_project/install/high_lvl_obj_detect/share/ament_index/resource_index/packages
[1.853s] copying resource/high_lvl_obj_detect -> /home/yahboom/Desktop/S26_RobotProgramming_Crystal/Final_project/install/high_lvl_obj_detect/share/ament_index/resource_index/packages
[1.853s] copying package.xml -> /home/yahboom/Desktop/S26_RobotProgramming_Crystal/Final_project/install/high_lvl_obj_detect/share/high_lvl_obj_detect
[1.853s] running install_egg_info
[1.856s] Copying ../../build/high_lvl_obj_detect/high_lvl_obj_detect.egg-info to /home/yahboom/Desktop/S26_RobotProgramming_Crystal/Final_project/install/high_lvl_obj_detect/lib/python3.10/site-packages/high_lvl_obj_detect-0.0.0-py3.10.egg-info
[1.856s] running install_scripts
[1.881s] writing list of installed files to '/home/yahboom/Desktop/S26_RobotProgramming_Crystal/Final_project/build/high_lvl_obj_detect/install.log'
[1.905s] Invoked command in '/home/yahboom/Desktop/S26_RobotProgramming_Crystal/Final_project/src/high_lvl_obj_detect' returned '0': PYTHONPATH=/home/yahboom/Desktop/S26_RobotProgramming_Crystal/Final_project/build/high_lvl_obj_detect/prefix_override:/home/yahboom/Desktop/S26_RobotProgramming_Crystal/Final_project/install/high_lvl_obj_detect/lib/python3.10/site-packages:${PYTHONPATH} /usr/bin/python3 -W ignore:setup.py install is deprecated setup.py egg_info --egg-base ../../build/high_lvl_obj_detect build --build-base /home/yahboom/Desktop/S26_RobotProgramming_Crystal/Final_project/build/high_lvl_obj_detect/build install --record /home/yahboom/Desktop/S26_RobotProgramming_Crystal/Final_project/build/high_lvl_obj_detect/install.log --single-version-externally-managed install_data
