[2.353s] Invoking command in '/home/yahboom/roscourse_ws/build/webcam': PYTHONPATH=/home/yahboom/roscourse_ws/build/webcam/prefix_override:/home/yahboom/roscourse_ws/install/webcam/lib/python3.10/site-packages:${PYTHONPATH} /usr/bin/python3 -W ignore:setup.py install is deprecated setup.py develop --editable --build-directory /home/yahboom/roscourse_ws/build/webcam/build --no-deps symlink_data
[3.259s] running develop
[3.323s] /usr/lib/python3/dist-packages/setuptools/command/easy_install.py:158: EasyInstallDeprecationWarning: easy_install command is deprecated. Use build and pip and other standards-based tools.
[3.323s]   warnings.warn(
[3.925s] running egg_info
[3.926s] creating webcam.egg-info
[3.926s] writing webcam.egg-info/PKG-INFO
[3.927s] writing dependency_links to webcam.egg-info/dependency_links.txt
[3.927s] writing entry points to webcam.egg-info/entry_points.txt
[3.928s] writing requirements to webcam.egg-info/requires.txt
[3.928s] writing top-level names to webcam.egg-info/top_level.txt
[3.928s] writing manifest file 'webcam.egg-info/SOURCES.txt'
[3.932s] reading manifest file 'webcam.egg-info/SOURCES.txt'
[3.933s] writing manifest file 'webcam.egg-info/SOURCES.txt'
[3.938s] running build_ext
[3.939s] Creating /home/yahboom/roscourse_ws/install/webcam/lib/python3.10/site-packages/webcam.egg-link (link to .)
[3.941s] Installing webcam_pub script to /home/yahboom/roscourse_ws/install/webcam/lib/webcam
[3.942s] Installing webcam_sub script to /home/yahboom/roscourse_ws/install/webcam/lib/webcam
[3.942s] 
[3.943s] Installed /home/yahboom/roscourse_ws/build/webcam
[3.943s] running symlink_data
[3.943s] creating /home/yahboom/roscourse_ws/install/webcam/share/ament_index
[3.944s] creating /home/yahboom/roscourse_ws/install/webcam/share/ament_index/resource_index
[3.944s] creating /home/yahboom/roscourse_ws/install/webcam/share/ament_index/resource_index/packages
[3.944s] symbolically linking /home/yahboom/roscourse_ws/build/webcam/resource/webcam -> /home/yahboom/roscourse_ws/install/webcam/share/ament_index/resource_index/packages
[3.944s] symbolically linking /home/yahboom/roscourse_ws/build/webcam/package.xml -> /home/yahboom/roscourse_ws/install/webcam/share/webcam
[4.003s] Invoked command in '/home/yahboom/roscourse_ws/build/webcam' returned '0': PYTHONPATH=/home/yahboom/roscourse_ws/build/webcam/prefix_override:/home/yahboom/roscourse_ws/install/webcam/lib/python3.10/site-packages:${PYTHONPATH} /usr/bin/python3 -W ignore:setup.py install is deprecated setup.py develop --editable --build-directory /home/yahboom/roscourse_ws/build/webcam/build --no-deps symlink_data
