[0.990s] Invoking command in '/home/yahboom/roscourse_ws/src/webcam': PYTHONPATH=/home/yahboom/roscourse_ws/src/build/webcam/prefix_override:/home/yahboom/roscourse_ws/src/install/webcam/lib/python3.10/site-packages:${PYTHONPATH} /usr/bin/python3 -W ignore:setup.py install is deprecated setup.py egg_info --egg-base ../build/webcam build --build-base /home/yahboom/roscourse_ws/src/build/webcam/build install --record /home/yahboom/roscourse_ws/src/build/webcam/install.log --single-version-externally-managed install_data
[1.263s] running egg_info
[1.264s] creating ../build/webcam/webcam.egg-info
[1.264s] writing ../build/webcam/webcam.egg-info/PKG-INFO
[1.264s] writing dependency_links to ../build/webcam/webcam.egg-info/dependency_links.txt
[1.264s] writing entry points to ../build/webcam/webcam.egg-info/entry_points.txt
[1.265s] writing requirements to ../build/webcam/webcam.egg-info/requires.txt
[1.265s] writing top-level names to ../build/webcam/webcam.egg-info/top_level.txt
[1.265s] writing manifest file '../build/webcam/webcam.egg-info/SOURCES.txt'
[1.266s] reading manifest file '../build/webcam/webcam.egg-info/SOURCES.txt'
[1.267s] writing manifest file '../build/webcam/webcam.egg-info/SOURCES.txt'
[1.268s] running build
[1.268s] running build_py
[1.268s] creating /home/yahboom/roscourse_ws/src/build/webcam/build
[1.268s] creating /home/yahboom/roscourse_ws/src/build/webcam/build/lib
[1.268s] creating /home/yahboom/roscourse_ws/src/build/webcam/build/lib/webcam
[1.269s] copying webcam/cam_sub.py -> /home/yahboom/roscourse_ws/src/build/webcam/build/lib/webcam
[1.269s] copying webcam/__init__.py -> /home/yahboom/roscourse_ws/src/build/webcam/build/lib/webcam
[1.269s] copying webcam/cam_pub.py -> /home/yahboom/roscourse_ws/src/build/webcam/build/lib/webcam
[1.269s] running install
[1.270s] running install_lib
[1.270s] creating /home/yahboom/roscourse_ws/src/install/webcam/lib/python3.10/site-packages/webcam
[1.270s] copying /home/yahboom/roscourse_ws/src/build/webcam/build/lib/webcam/cam_sub.py -> /home/yahboom/roscourse_ws/src/install/webcam/lib/python3.10/site-packages/webcam
[1.270s] copying /home/yahboom/roscourse_ws/src/build/webcam/build/lib/webcam/__init__.py -> /home/yahboom/roscourse_ws/src/install/webcam/lib/python3.10/site-packages/webcam
[1.270s] copying /home/yahboom/roscourse_ws/src/build/webcam/build/lib/webcam/cam_pub.py -> /home/yahboom/roscourse_ws/src/install/webcam/lib/python3.10/site-packages/webcam
[1.271s] byte-compiling /home/yahboom/roscourse_ws/src/install/webcam/lib/python3.10/site-packages/webcam/cam_sub.py to cam_sub.cpython-310.pyc
[1.272s] byte-compiling /home/yahboom/roscourse_ws/src/install/webcam/lib/python3.10/site-packages/webcam/__init__.py to __init__.cpython-310.pyc
[1.273s] byte-compiling /home/yahboom/roscourse_ws/src/install/webcam/lib/python3.10/site-packages/webcam/cam_pub.py to cam_pub.cpython-310.pyc
[1.273s] running install_data
[1.274s] creating /home/yahboom/roscourse_ws/src/install/webcam/share/ament_index
[1.274s] creating /home/yahboom/roscourse_ws/src/install/webcam/share/ament_index/resource_index
[1.274s] creating /home/yahboom/roscourse_ws/src/install/webcam/share/ament_index/resource_index/packages
[1.274s] copying resource/webcam -> /home/yahboom/roscourse_ws/src/install/webcam/share/ament_index/resource_index/packages
[1.274s] copying package.xml -> /home/yahboom/roscourse_ws/src/install/webcam/share/webcam
[1.274s] running install_egg_info
[1.276s] Copying ../build/webcam/webcam.egg-info to /home/yahboom/roscourse_ws/src/install/webcam/lib/python3.10/site-packages/webcam-0.0.0-py3.10.egg-info
[1.277s] running install_scripts
[1.299s] Installing webcam_pub script to /home/yahboom/roscourse_ws/src/install/webcam/lib/webcam
[1.299s] Installing webcam_sub script to /home/yahboom/roscourse_ws/src/install/webcam/lib/webcam
[1.299s] writing list of installed files to '/home/yahboom/roscourse_ws/src/build/webcam/install.log'
[1.341s] Invoked command in '/home/yahboom/roscourse_ws/src/webcam' returned '0': PYTHONPATH=/home/yahboom/roscourse_ws/src/build/webcam/prefix_override:/home/yahboom/roscourse_ws/src/install/webcam/lib/python3.10/site-packages:${PYTHONPATH} /usr/bin/python3 -W ignore:setup.py install is deprecated setup.py egg_info --egg-base ../build/webcam build --build-base /home/yahboom/roscourse_ws/src/build/webcam/build install --record /home/yahboom/roscourse_ws/src/build/webcam/install.log --single-version-externally-managed install_data
