[2.066s] Invoking command in '/home/yahboom/ICA_ws/src/python_parameters': PYTHONPATH=/home/yahboom/ICA_ws/build/python_parameters/prefix_override:/home/yahboom/ICA_ws/install/python_parameters/lib/python3.10/site-packages:${PYTHONPATH} /usr/bin/python3 -W ignore:setup.py install is deprecated setup.py egg_info --egg-base ../../build/python_parameters build --build-base /home/yahboom/ICA_ws/build/python_parameters/build install --record /home/yahboom/ICA_ws/build/python_parameters/install.log --single-version-externally-managed install_data
[2.860s] running egg_info
[2.862s] writing ../../build/python_parameters/python_parameters.egg-info/PKG-INFO
[2.901s] writing dependency_links to ../../build/python_parameters/python_parameters.egg-info/dependency_links.txt
[2.909s] writing entry points to ../../build/python_parameters/python_parameters.egg-info/entry_points.txt
[2.913s] writing requirements to ../../build/python_parameters/python_parameters.egg-info/requires.txt
[2.913s] writing top-level names to ../../build/python_parameters/python_parameters.egg-info/top_level.txt
[2.916s] reading manifest file '../../build/python_parameters/python_parameters.egg-info/SOURCES.txt'
[2.917s] writing manifest file '../../build/python_parameters/python_parameters.egg-info/SOURCES.txt'
[2.918s] running build
[2.919s] running build_py
[2.920s] running install
[2.921s] running install_lib
[2.925s] running install_data
[2.926s] running install_egg_info
[2.930s] removing '/home/yahboom/ICA_ws/install/python_parameters/lib/python3.10/site-packages/python_parameters-0.0.0-py3.10.egg-info' (and everything under it)
[2.930s] Copying ../../build/python_parameters/python_parameters.egg-info to /home/yahboom/ICA_ws/install/python_parameters/lib/python3.10/site-packages/python_parameters-0.0.0-py3.10.egg-info
[2.934s] running install_scripts
[2.987s] Installing minimal_param_node script to /home/yahboom/ICA_ws/install/python_parameters/lib/python_parameters
[2.989s] writing list of installed files to '/home/yahboom/ICA_ws/build/python_parameters/install.log'
[3.045s] Invoked command in '/home/yahboom/ICA_ws/src/python_parameters' returned '0': PYTHONPATH=/home/yahboom/ICA_ws/build/python_parameters/prefix_override:/home/yahboom/ICA_ws/install/python_parameters/lib/python3.10/site-packages:${PYTHONPATH} /usr/bin/python3 -W ignore:setup.py install is deprecated setup.py egg_info --egg-base ../../build/python_parameters build --build-base /home/yahboom/ICA_ws/build/python_parameters/build install --record /home/yahboom/ICA_ws/build/python_parameters/install.log --single-version-externally-managed install_data
