[0.039s] Invoking command in '/home/yahboom/Desktop/S26_RobotProgramming_Crystal/lab4/Ferrara/roscourse_ws/build/turtle_interfaces': CMAKE_PREFIX_PATH=${CMAKE_PREFIX_PATH}:/home/yahboom/Desktop/S26_RobotProgramming_Crystal/lab4/Ferrara/roscourse_ws/install/webcam:/home/yahboom/Desktop/S26_RobotProgramming_Crystal/lab4/Ferrara/roscourse_ws/install/python_turtle:/home/yahboom/Desktop/S26_RobotProgramming_Crystal/lab4/Ferrara/roscourse_ws/install/teleop_twist_keyboard:/home/yahboom/cartoros2/install/yahboomcar_nav:/home/yahboom/cartoros2/install/yahboomcar_ctrl:/home/yahboom/cartoros2/install/yahboom_visual:/home/yahboom/cartoros2/install/yahboom_dog_joint_state:/home/yahboom/cartoros2/install/yahboom_description:/home/yahboom/cartoros2/install/yahboom_color_identify_server:/home/yahboom/cartoros2/install/yahboom_bringup:/home/yahboom/cartoros2/install/yahboom_base:/home/yahboom/cartoros2/install/yahboom_app_save_map:/home/yahboom/cartoros2/install/update_map:/home/yahboom/cartoros2/install/rosboard:/home/yahboom/cartoros2/install/path_planner_server:/home/yahboom/cartoros2/install/nav2_simple_commander:/home/yahboom/cartoros2/install/nav2_gazebo_spawner:/home/yahboom/cartoros2/install/localization_server:/home/yahboom/cartoros2/install/laserscan_to_point_pulisher:/home/yahboom/yahboomcar_ws/install/yahboom_dog_example:/opt/ros/humble /usr/bin/cmake --build /home/yahboom/Desktop/S26_RobotProgramming_Crystal/lab4/Ferrara/roscourse_ws/build/turtle_interfaces -- -j4 -l4
[0.345s] [35m[1mConsolidate compiler generated dependencies of target turtle_interfaces__rosidl_generator_c[0m
[0.345s] [  2%] Built target turtle_interfaces__cpp
[0.345s] [ 12%] Built target turtle_interfaces__rosidl_generator_c
[0.346s] [ 12%] Built target ament_cmake_python_symlink_turtle_interfaces
[0.346s] [35m[1mConsolidate compiler generated dependencies of target turtle_interfaces__rosidl_typesupport_cpp[0m
[0.346s] [35m[1mConsolidate compiler generated dependencies of target turtle_interfaces__rosidl_typesupport_fastrtps_cpp[0m
[0.346s] [35m[1mConsolidate compiler generated dependencies of target turtle_interfaces__rosidl_typesupport_introspection_cpp[0m
[0.346s] [35m[1mConsolidate compiler generated dependencies of target turtle_interfaces__rosidl_typesupport_fastrtps_c[0m
[0.346s] [ 23%] Built target turtle_interfaces__rosidl_typesupport_cpp
[0.346s] [ 34%] Built target turtle_interfaces__rosidl_typesupport_introspection_cpp
[0.346s] [ 44%] Built target turtle_interfaces__rosidl_typesupport_fastrtps_cpp
[0.346s] [35m[1mConsolidate compiler generated dependencies of target turtle_interfaces__rosidl_typesupport_introspection_c[0m
[0.346s] [ 55%] Built target turtle_interfaces__rosidl_typesupport_fastrtps_c
[0.346s] [35m[1mConsolidate compiler generated dependencies of target turtle_interfaces__rosidl_typesupport_c[0m
[0.346s] [ 65%] Built target turtle_interfaces__rosidl_typesupport_introspection_c
[0.346s] [ 76%] Built target turtle_interfaces__rosidl_typesupport_c
[0.346s] [ 76%] Built target turtle_interfaces
[0.346s] [ 78%] Built target turtle_interfaces__py
[0.370s] [35m[1mConsolidate compiler generated dependencies of target turtle_interfaces__rosidl_generator_py[0m
[0.396s] [ 87%] Built target turtle_interfaces__rosidl_generator_py
[0.423s] [35m[1mConsolidate compiler generated dependencies of target turtle_interfaces__rosidl_typesupport_fastrtps_c__pyext[0m
[0.429s] [35m[1mConsolidate compiler generated dependencies of target turtle_interfaces__rosidl_typesupport_introspection_c__pyext[0m
[0.443s] [35m[1mConsolidate compiler generated dependencies of target turtle_interfaces__rosidl_typesupport_c__pyext[0m
[0.463s] [ 91%] Built target turtle_interfaces__rosidl_typesupport_introspection_c__pyext
[0.469s] [ 95%] Built target turtle_interfaces__rosidl_typesupport_fastrtps_c__pyext
[0.484s] [100%] Built target turtle_interfaces__rosidl_typesupport_c__pyext
[0.522s] running egg_info
[0.522s] writing turtle_interfaces.egg-info/PKG-INFO
[0.523s] writing dependency_links to turtle_interfaces.egg-info/dependency_links.txt
[0.523s] writing top-level names to turtle_interfaces.egg-info/top_level.txt
[0.525s] reading manifest file 'turtle_interfaces.egg-info/SOURCES.txt'
[0.525s] writing manifest file 'turtle_interfaces.egg-info/SOURCES.txt'
[0.563s] [100%] Built target ament_cmake_python_build_turtle_interfaces_egg
[0.654s] Invoked command in '/home/yahboom/Desktop/S26_RobotProgramming_Crystal/lab4/Ferrara/roscourse_ws/build/turtle_interfaces' returned '0': CMAKE_PREFIX_PATH=${CMAKE_PREFIX_PATH}:/home/yahboom/Desktop/S26_RobotProgramming_Crystal/lab4/Ferrara/roscourse_ws/install/webcam:/home/yahboom/Desktop/S26_RobotProgramming_Crystal/lab4/Ferrara/roscourse_ws/install/python_turtle:/home/yahboom/Desktop/S26_RobotProgramming_Crystal/lab4/Ferrara/roscourse_ws/install/teleop_twist_keyboard:/home/yahboom/cartoros2/install/yahboomcar_nav:/home/yahboom/cartoros2/install/yahboomcar_ctrl:/home/yahboom/cartoros2/install/yahboom_visual:/home/yahboom/cartoros2/install/yahboom_dog_joint_state:/home/yahboom/cartoros2/install/yahboom_description:/home/yahboom/cartoros2/install/yahboom_color_identify_server:/home/yahboom/cartoros2/install/yahboom_bringup:/home/yahboom/cartoros2/install/yahboom_base:/home/yahboom/cartoros2/install/yahboom_app_save_map:/home/yahboom/cartoros2/install/update_map:/home/yahboom/cartoros2/install/rosboard:/home/yahboom/cartoros2/install/path_planner_server:/home/yahboom/cartoros2/install/nav2_simple_commander:/home/yahboom/cartoros2/install/nav2_gazebo_spawner:/home/yahboom/cartoros2/install/localization_server:/home/yahboom/cartoros2/install/laserscan_to_point_pulisher:/home/yahboom/yahboomcar_ws/install/yahboom_dog_example:/opt/ros/humble /usr/bin/cmake --build /home/yahboom/Desktop/S26_RobotProgramming_Crystal/lab4/Ferrara/roscourse_ws/build/turtle_interfaces -- -j4 -l4
[0.994s] Invoking command in '/home/yahboom/Desktop/S26_RobotProgramming_Crystal/lab4/Ferrara/roscourse_ws/build/turtle_interfaces': CMAKE_PREFIX_PATH=${CMAKE_PREFIX_PATH}:/home/yahboom/Desktop/S26_RobotProgramming_Crystal/lab4/Ferrara/roscourse_ws/install/webcam:/home/yahboom/Desktop/S26_RobotProgramming_Crystal/lab4/Ferrara/roscourse_ws/install/python_turtle:/home/yahboom/Desktop/S26_RobotProgramming_Crystal/lab4/Ferrara/roscourse_ws/install/teleop_twist_keyboard:/home/yahboom/cartoros2/install/yahboomcar_nav:/home/yahboom/cartoros2/install/yahboomcar_ctrl:/home/yahboom/cartoros2/install/yahboom_visual:/home/yahboom/cartoros2/install/yahboom_dog_joint_state:/home/yahboom/cartoros2/install/yahboom_description:/home/yahboom/cartoros2/install/yahboom_color_identify_server:/home/yahboom/cartoros2/install/yahboom_bringup:/home/yahboom/cartoros2/install/yahboom_base:/home/yahboom/cartoros2/install/yahboom_app_save_map:/home/yahboom/cartoros2/install/update_map:/home/yahboom/cartoros2/install/rosboard:/home/yahboom/cartoros2/install/path_planner_server:/home/yahboom/cartoros2/install/nav2_simple_commander:/home/yahboom/cartoros2/install/nav2_gazebo_spawner:/home/yahboom/cartoros2/install/localization_server:/home/yahboom/cartoros2/install/laserscan_to_point_pulisher:/home/yahboom/yahboomcar_ws/install/yahboom_dog_example:/opt/ros/humble /usr/bin/cmake --install /home/yahboom/Desktop/S26_RobotProgramming_Crystal/lab4/Ferrara/roscourse_ws/build/turtle_interfaces
[1.009s] -- Install configuration: ""
[1.009s] -- Execute custom install script
[1.010s] -- Up-to-date symlink: /home/yahboom/Desktop/S26_RobotProgramming_Crystal/lab4/Ferrara/roscourse_ws/install/turtle_interfaces/share/ament_index/resource_index/rosidl_interfaces/turtle_interfaces
[1.010s] -- Up-to-date symlink: /home/yahboom/Desktop/S26_RobotProgramming_Crystal/lab4/Ferrara/roscourse_ws/install/turtle_interfaces/include/turtle_interfaces/turtle_interfaces/msg/detail/turtle_msg__functions.h
[1.010s] -- Up-to-date symlink: /home/yahboom/Desktop/S26_RobotProgramming_Crystal/lab4/Ferrara/roscourse_ws/install/turtle_interfaces/include/turtle_interfaces/turtle_interfaces/msg/detail/turtle_msg__struct.h
[1.011s] -- Up-to-date symlink: /home/yahboom/Desktop/S26_RobotProgramming_Crystal/lab4/Ferrara/roscourse_ws/install/turtle_interfaces/include/turtle_interfaces/turtle_interfaces/msg/detail/turtle_msg__type_support.h
[1.011s] -- Up-to-date symlink: /home/yahboom/Desktop/S26_RobotProgramming_Crystal/lab4/Ferrara/roscourse_ws/install/turtle_interfaces/include/turtle_interfaces/turtle_interfaces/msg/rosidl_generator_c__visibility_control.h
[1.011s] -- Up-to-date symlink: /home/yahboom/Desktop/S26_RobotProgramming_Crystal/lab4/Ferrara/roscourse_ws/install/turtle_interfaces/include/turtle_interfaces/turtle_interfaces/msg/turtle_msg.h
[1.011s] -- Up-to-date symlink: /home/yahboom/Desktop/S26_RobotProgramming_Crystal/lab4/Ferrara/roscourse_ws/install/turtle_interfaces/include/turtle_interfaces/turtle_interfaces/srv/detail/set_color__functions.h
[1.011s] -- Up-to-date symlink: /home/yahboom/Desktop/S26_RobotProgramming_Crystal/lab4/Ferrara/roscourse_ws/install/turtle_interfaces/include/turtle_interfaces/turtle_interfaces/srv/detail/set_color__struct.h
[1.011s] -- Up-to-date symlink: /home/yahboom/Desktop/S26_RobotProgramming_Crystal/lab4/Ferrara/roscourse_ws/install/turtle_interfaces/include/turtle_interfaces/turtle_interfaces/srv/detail/set_color__type_support.h
[1.011s] -- Up-to-date symlink: /home/yahboom/Desktop/S26_RobotProgramming_Crystal/lab4/Ferrara/roscourse_ws/install/turtle_interfaces/include/turtle_interfaces/turtle_interfaces/srv/detail/set_pose__functions.h
[1.012s] -- Up-to-date symlink: /home/yahboom/Desktop/S26_RobotProgramming_Crystal/lab4/Ferrara/roscourse_ws/install/turtle_interfaces/include/turtle_interfaces/turtle_interfaces/srv/detail/set_pose__struct.h
[1.012s] -- Up-to-date symlink: /home/yahboom/Desktop/S26_RobotProgramming_Crystal/lab4/Ferrara/roscourse_ws/install/turtle_interfaces/include/turtle_interfaces/turtle_interfaces/srv/detail/set_pose__type_support.h
[1.012s] -- Up-to-date symlink: /home/yahboom/Desktop/S26_RobotProgramming_Crystal/lab4/Ferrara/roscourse_ws/install/turtle_interfaces/include/turtle_interfaces/turtle_interfaces/srv/set_color.h
[1.012s] -- Up-to-date symlink: /home/yahboom/Desktop/S26_RobotProgramming_Crystal/lab4/Ferrara/roscourse_ws/install/turtle_interfaces/include/turtle_interfaces/turtle_interfaces/srv/set_pose.h
[1.012s] -- Up-to-date symlink: /home/yahboom/Desktop/S26_RobotProgramming_Crystal/lab4/Ferrara/roscourse_ws/install/turtle_interfaces/share/turtle_interfaces/environment/library_path.sh
[1.012s] -- Up-to-date symlink: /home/yahboom/Desktop/S26_RobotProgramming_Crystal/lab4/Ferrara/roscourse_ws/install/turtle_interfaces/share/turtle_interfaces/environment/library_path.dsv
[1.013s] -- Up-to-date symlink: /home/yahboom/Desktop/S26_RobotProgramming_Crystal/lab4/Ferrara/roscourse_ws/install/turtle_interfaces/include/turtle_interfaces/turtle_interfaces/msg/detail/turtle_msg__rosidl_typesupport_fastrtps_c.h
[1.013s] -- Up-to-date symlink: /home/yahboom/Desktop/S26_RobotProgramming_Crystal/lab4/Ferrara/roscourse_ws/install/turtle_interfaces/include/turtle_interfaces/turtle_interfaces/msg/rosidl_typesupport_fastrtps_c__visibility_control.h
[1.013s] -- Up-to-date symlink: /home/yahboom/Desktop/S26_RobotProgramming_Crystal/lab4/Ferrara/roscourse_ws/install/turtle_interfaces/include/turtle_interfaces/turtle_interfaces/srv/detail/set_color__rosidl_typesupport_fastrtps_c.h
[1.013s] -- Up-to-date symlink: /home/yahboom/Desktop/S26_RobotProgramming_Crystal/lab4/Ferrara/roscourse_ws/install/turtle_interfaces/include/turtle_interfaces/turtle_interfaces/srv/detail/set_pose__rosidl_typesupport_fastrtps_c.h
[1.014s] -- Up-to-date symlink: /home/yahboom/Desktop/S26_RobotProgramming_Crystal/lab4/Ferrara/roscourse_ws/install/turtle_interfaces/include/turtle_interfaces/turtle_interfaces/msg/detail/turtle_msg__builder.hpp
[1.014s] -- Up-to-date symlink: /home/yahboom/Desktop/S26_RobotProgramming_Crystal/lab4/Ferrara/roscourse_ws/install/turtle_interfaces/include/turtle_interfaces/turtle_interfaces/msg/detail/turtle_msg__struct.hpp
[1.014s] -- Up-to-date symlink: /home/yahboom/Desktop/S26_RobotProgramming_Crystal/lab4/Ferrara/roscourse_ws/install/turtle_interfaces/include/turtle_interfaces/turtle_interfaces/msg/detail/turtle_msg__traits.hpp
[1.014s] -- Up-to-date symlink: /home/yahboom/Desktop/S26_RobotProgramming_Crystal/lab4/Ferrara/roscourse_ws/install/turtle_interfaces/include/turtle_interfaces/turtle_interfaces/msg/turtle_msg.hpp
[1.014s] -- Up-to-date symlink: /home/yahboom/Desktop/S26_RobotProgramming_Crystal/lab4/Ferrara/roscourse_ws/install/turtle_interfaces/include/turtle_interfaces/turtle_interfaces/srv/detail/set_color__builder.hpp
[1.014s] -- Up-to-date symlink: /home/yahboom/Desktop/S26_RobotProgramming_Crystal/lab4/Ferrara/roscourse_ws/install/turtle_interfaces/include/turtle_interfaces/turtle_interfaces/srv/detail/set_color__struct.hpp
[1.015s] -- Up-to-date symlink: /home/yahboom/Desktop/S26_RobotProgramming_Crystal/lab4/Ferrara/roscourse_ws/install/turtle_interfaces/include/turtle_interfaces/turtle_interfaces/srv/detail/set_color__traits.hpp
[1.015s] -- Up-to-date symlink: /home/yahboom/Desktop/S26_RobotProgramming_Crystal/lab4/Ferrara/roscourse_ws/install/turtle_interfaces/include/turtle_interfaces/turtle_interfaces/srv/detail/set_pose__builder.hpp
[1.015s] -- Up-to-date symlink: /home/yahboom/Desktop/S26_RobotProgramming_Crystal/lab4/Ferrara/roscourse_ws/install/turtle_interfaces/include/turtle_interfaces/turtle_interfaces/srv/detail/set_pose__struct.hpp
[1.015s] -- Up-to-date symlink: /home/yahboom/Desktop/S26_RobotProgramming_Crystal/lab4/Ferrara/roscourse_ws/install/turtle_interfaces/include/turtle_interfaces/turtle_interfaces/srv/detail/set_pose__traits.hpp
[1.015s] -- Up-to-date symlink: /home/yahboom/Desktop/S26_RobotProgramming_Crystal/lab4/Ferrara/roscourse_ws/install/turtle_interfaces/include/turtle_interfaces/turtle_interfaces/srv/set_color.hpp
[1.015s] -- Up-to-date symlink: /home/yahboom/Desktop/S26_RobotProgramming_Crystal/lab4/Ferrara/roscourse_ws/install/turtle_interfaces/include/turtle_interfaces/turtle_interfaces/srv/set_pose.hpp
[1.016s] -- Up-to-date symlink: /home/yahboom/Desktop/S26_RobotProgramming_Crystal/lab4/Ferrara/roscourse_ws/install/turtle_interfaces/include/turtle_interfaces/turtle_interfaces/msg/detail/turtle_msg__rosidl_typesupport_fastrtps_cpp.hpp
[1.016s] -- Up-to-date symlink: /home/yahboom/Desktop/S26_RobotProgramming_Crystal/lab4/Ferrara/roscourse_ws/install/turtle_interfaces/include/turtle_interfaces/turtle_interfaces/msg/rosidl_typesupport_fastrtps_cpp__visibility_control.h
[1.016s] -- Up-to-date symlink: /home/yahboom/Desktop/S26_RobotProgramming_Crystal/lab4/Ferrara/roscourse_ws/install/turtle_interfaces/include/turtle_interfaces/turtle_interfaces/srv/detail/set_color__rosidl_typesupport_fastrtps_cpp.hpp
[1.016s] -- Up-to-date symlink: /home/yahboom/Desktop/S26_RobotProgramming_Crystal/lab4/Ferrara/roscourse_ws/install/turtle_interfaces/include/turtle_interfaces/turtle_interfaces/srv/detail/set_pose__rosidl_typesupport_fastrtps_cpp.hpp
[1.017s] -- Up-to-date symlink: /home/yahboom/Desktop/S26_RobotProgramming_Crystal/lab4/Ferrara/roscourse_ws/install/turtle_interfaces/include/turtle_interfaces/turtle_interfaces/msg/detail/turtle_msg__rosidl_typesupport_introspection_c.h
[1.017s] -- Up-to-date symlink: /home/yahboom/Desktop/S26_RobotProgramming_Crystal/lab4/Ferrara/roscourse_ws/install/turtle_interfaces/include/turtle_interfaces/turtle_interfaces/msg/rosidl_typesupport_introspection_c__visibility_control.h
[1.017s] -- Up-to-date symlink: /home/yahboom/Desktop/S26_RobotProgramming_Crystal/lab4/Ferrara/roscourse_ws/install/turtle_interfaces/include/turtle_interfaces/turtle_interfaces/srv/detail/set_color__rosidl_typesupport_introspection_c.h
[1.017s] -- Up-to-date symlink: /home/yahboom/Desktop/S26_RobotProgramming_Crystal/lab4/Ferrara/roscourse_ws/install/turtle_interfaces/include/turtle_interfaces/turtle_interfaces/srv/detail/set_pose__rosidl_typesupport_introspection_c.h
[1.018s] -- Up-to-date symlink: /home/yahboom/Desktop/S26_RobotProgramming_Crystal/lab4/Ferrara/roscourse_ws/install/turtle_interfaces/include/turtle_interfaces/turtle_interfaces/msg/detail/turtle_msg__rosidl_typesupport_introspection_cpp.hpp
[1.018s] -- Up-to-date symlink: /home/yahboom/Desktop/S26_RobotProgramming_Crystal/lab4/Ferrara/roscourse_ws/install/turtle_interfaces/include/turtle_interfaces/turtle_interfaces/srv/detail/set_color__rosidl_typesupport_introspection_cpp.hpp
[1.018s] -- Up-to-date symlink: /home/yahboom/Desktop/S26_RobotProgramming_Crystal/lab4/Ferrara/roscourse_ws/install/turtle_interfaces/include/turtle_interfaces/turtle_interfaces/srv/detail/set_pose__rosidl_typesupport_introspection_cpp.hpp
[1.018s] -- Up-to-date symlink: /home/yahboom/Desktop/S26_RobotProgramming_Crystal/lab4/Ferrara/roscourse_ws/install/turtle_interfaces/share/turtle_interfaces/environment/pythonpath.sh
[1.018s] -- Up-to-date symlink: /home/yahboom/Desktop/S26_RobotProgramming_Crystal/lab4/Ferrara/roscourse_ws/install/turtle_interfaces/share/turtle_interfaces/environment/pythonpath.dsv
[1.019s] -- Up-to-date symlink: /home/yahboom/Desktop/S26_RobotProgramming_Crystal/lab4/Ferrara/roscourse_ws/install/turtle_interfaces/local/lib/python3.10/dist-packages/turtle_interfaces-0.0.0-py3.10.egg-info/PKG-INFO
[1.019s] -- Up-to-date symlink: /home/yahboom/Desktop/S26_RobotProgramming_Crystal/lab4/Ferrara/roscourse_ws/install/turtle_interfaces/local/lib/python3.10/dist-packages/turtle_interfaces-0.0.0-py3.10.egg-info/SOURCES.txt
[1.019s] -- Up-to-date symlink: /home/yahboom/Desktop/S26_RobotProgramming_Crystal/lab4/Ferrara/roscourse_ws/install/turtle_interfaces/local/lib/python3.10/dist-packages/turtle_interfaces-0.0.0-py3.10.egg-info/dependency_links.txt
[1.019s] -- Up-to-date symlink: /home/yahboom/Desktop/S26_RobotProgramming_Crystal/lab4/Ferrara/roscourse_ws/install/turtle_interfaces/local/lib/python3.10/dist-packages/turtle_interfaces-0.0.0-py3.10.egg-info/top_level.txt
[1.020s] -- Up-to-date symlink: /home/yahboom/Desktop/S26_RobotProgramming_Crystal/lab4/Ferrara/roscourse_ws/install/turtle_interfaces/local/lib/python3.10/dist-packages/turtle_interfaces/__init__.py
[1.020s] -- Up-to-date symlink: /home/yahboom/Desktop/S26_RobotProgramming_Crystal/lab4/Ferrara/roscourse_ws/install/turtle_interfaces/local/lib/python3.10/dist-packages/turtle_interfaces/_turtle_interfaces_s.ep.rosidl_typesupport_c.c
[1.020s] -- Up-to-date symlink: /home/yahboom/Desktop/S26_RobotProgramming_Crystal/lab4/Ferrara/roscourse_ws/install/turtle_interfaces/local/lib/python3.10/dist-packages/turtle_interfaces/_turtle_interfaces_s.ep.rosidl_typesupport_fastrtps_c.c
[1.020s] -- Up-to-date symlink: /home/yahboom/Desktop/S26_RobotProgramming_Crystal/lab4/Ferrara/roscourse_ws/install/turtle_interfaces/local/lib/python3.10/dist-packages/turtle_interfaces/_turtle_interfaces_s.ep.rosidl_typesupport_introspection_c.c
[1.020s] -- Up-to-date symlink: /home/yahboom/Desktop/S26_RobotProgramming_Crystal/lab4/Ferrara/roscourse_ws/install/turtle_interfaces/local/lib/python3.10/dist-packages/turtle_interfaces/libturtle_interfaces__rosidl_generator_py.so
[1.021s] -- Up-to-date symlink: /home/yahboom/Desktop/S26_RobotProgramming_Crystal/lab4/Ferrara/roscourse_ws/install/turtle_interfaces/local/lib/python3.10/dist-packages/turtle_interfaces/msg/__init__.py
[1.021s] -- Up-to-date symlink: /home/yahboom/Desktop/S26_RobotProgramming_Crystal/lab4/Ferrara/roscourse_ws/install/turtle_interfaces/local/lib/python3.10/dist-packages/turtle_interfaces/msg/_turtle_msg.py
[1.021s] -- Up-to-date symlink: /home/yahboom/Desktop/S26_RobotProgramming_Crystal/lab4/Ferrara/roscourse_ws/install/turtle_interfaces/local/lib/python3.10/dist-packages/turtle_interfaces/msg/_turtle_msg_s.c
[1.021s] -- Up-to-date symlink: /home/yahboom/Desktop/S26_RobotProgramming_Crystal/lab4/Ferrara/roscourse_ws/install/turtle_interfaces/local/lib/python3.10/dist-packages/turtle_interfaces/srv/__init__.py
[1.021s] -- Up-to-date symlink: /home/yahboom/Desktop/S26_RobotProgramming_Crystal/lab4/Ferrara/roscourse_ws/install/turtle_interfaces/local/lib/python3.10/dist-packages/turtle_interfaces/srv/_set_color.py
[1.021s] -- Up-to-date symlink: /home/yahboom/Desktop/S26_RobotProgramming_Crystal/lab4/Ferrara/roscourse_ws/install/turtle_interfaces/local/lib/python3.10/dist-packages/turtle_interfaces/srv/_set_color_s.c
[1.021s] -- Up-to-date symlink: /home/yahboom/Desktop/S26_RobotProgramming_Crystal/lab4/Ferrara/roscourse_ws/install/turtle_interfaces/local/lib/python3.10/dist-packages/turtle_interfaces/srv/_set_pose.py
[1.021s] -- Up-to-date symlink: /home/yahboom/Desktop/S26_RobotProgramming_Crystal/lab4/Ferrara/roscourse_ws/install/turtle_interfaces/local/lib/python3.10/dist-packages/turtle_interfaces/srv/_set_pose_s.c
[1.022s] -- Up-to-date symlink: /home/yahboom/Desktop/S26_RobotProgramming_Crystal/lab4/Ferrara/roscourse_ws/install/turtle_interfaces/local/lib/python3.10/dist-packages/turtle_interfaces/turtle_interfaces_s__rosidl_typesupport_c.cpython-310-x86_64-linux-gnu.so
[1.022s] -- Up-to-date symlink: /home/yahboom/Desktop/S26_RobotProgramming_Crystal/lab4/Ferrara/roscourse_ws/install/turtle_interfaces/local/lib/python3.10/dist-packages/turtle_interfaces/turtle_interfaces_s__rosidl_typesupport_fastrtps_c.cpython-310-x86_64-linux-gnu.so
[1.022s] -- Up-to-date symlink: /home/yahboom/Desktop/S26_RobotProgramming_Crystal/lab4/Ferrara/roscourse_ws/install/turtle_interfaces/local/lib/python3.10/dist-packages/turtle_interfaces/turtle_interfaces_s__rosidl_typesupport_introspection_c.cpython-310-x86_64-linux-gnu.so
[1.022s] -- Up-to-date symlink: /home/yahboom/Desktop/S26_RobotProgramming_Crystal/lab4/Ferrara/roscourse_ws/install/turtle_interfaces/local/lib/python3.10/dist-packages/turtle_interfaces/turtle_interfaces_s__rosidl_typesupport_fastrtps_c.cpython-310-x86_64-linux-gnu.so
[1.023s] -- Up-to-date symlink: /home/yahboom/Desktop/S26_RobotProgramming_Crystal/lab4/Ferrara/roscourse_ws/install/turtle_interfaces/local/lib/python3.10/dist-packages/turtle_interfaces/turtle_interfaces_s__rosidl_typesupport_introspection_c.cpython-310-x86_64-linux-gnu.so
[1.023s] -- Up-to-date symlink: /home/yahboom/Desktop/S26_RobotProgramming_Crystal/lab4/Ferrara/roscourse_ws/install/turtle_interfaces/local/lib/python3.10/dist-packages/turtle_interfaces/turtle_interfaces_s__rosidl_typesupport_c.cpython-310-x86_64-linux-gnu.so
[1.023s] -- Up-to-date symlink: /home/yahboom/Desktop/S26_RobotProgramming_Crystal/lab4/Ferrara/roscourse_ws/install/turtle_interfaces/share/turtle_interfaces/msg/TurtleMsg.idl
[1.023s] -- Up-to-date symlink: /home/yahboom/Desktop/S26_RobotProgramming_Crystal/lab4/Ferrara/roscourse_ws/install/turtle_interfaces/share/turtle_interfaces/srv/SetPose.idl
[1.023s] -- Up-to-date symlink: /home/yahboom/Desktop/S26_RobotProgramming_Crystal/lab4/Ferrara/roscourse_ws/install/turtle_interfaces/share/turtle_interfaces/srv/SetColor.idl
[1.023s] -- Up-to-date symlink: /home/yahboom/Desktop/S26_RobotProgramming_Crystal/lab4/Ferrara/roscourse_ws/install/turtle_interfaces/share/turtle_interfaces/msg/TurtleMsg.msg
[1.024s] -- Up-to-date symlink: /home/yahboom/Desktop/S26_RobotProgramming_Crystal/lab4/Ferrara/roscourse_ws/install/turtle_interfaces/share/turtle_interfaces/srv/SetPose.srv
[1.024s] -- Up-to-date symlink: /home/yahboom/Desktop/S26_RobotProgramming_Crystal/lab4/Ferrara/roscourse_ws/install/turtle_interfaces/share/turtle_interfaces/srv/SetPose_Request.msg
[1.024s] -- Up-to-date symlink: /home/yahboom/Desktop/S26_RobotProgramming_Crystal/lab4/Ferrara/roscourse_ws/install/turtle_interfaces/share/turtle_interfaces/srv/SetPose_Response.msg
[1.024s] -- Up-to-date symlink: /home/yahboom/Desktop/S26_RobotProgramming_Crystal/lab4/Ferrara/roscourse_ws/install/turtle_interfaces/share/turtle_interfaces/srv/SetColor.srv
[1.024s] -- Up-to-date symlink: /home/yahboom/Desktop/S26_RobotProgramming_Crystal/lab4/Ferrara/roscourse_ws/install/turtle_interfaces/share/turtle_interfaces/srv/SetColor_Request.msg
[1.024s] -- Up-to-date symlink: /home/yahboom/Desktop/S26_RobotProgramming_Crystal/lab4/Ferrara/roscourse_ws/install/turtle_interfaces/share/turtle_interfaces/srv/SetColor_Response.msg
[1.025s] -- Up-to-date symlink: /home/yahboom/Desktop/S26_RobotProgramming_Crystal/lab4/Ferrara/roscourse_ws/install/turtle_interfaces/share/ament_index/resource_index/package_run_dependencies/turtle_interfaces
[1.025s] -- Up-to-date symlink: /home/yahboom/Desktop/S26_RobotProgramming_Crystal/lab4/Ferrara/roscourse_ws/install/turtle_interfaces/share/ament_index/resource_index/parent_prefix_path/turtle_interfaces
[1.025s] -- Up-to-date symlink: /home/yahboom/Desktop/S26_RobotProgramming_Crystal/lab4/Ferrara/roscourse_ws/install/turtle_interfaces/share/turtle_interfaces/environment/ament_prefix_path.sh
[1.025s] -- Up-to-date symlink: /home/yahboom/Desktop/S26_RobotProgramming_Crystal/lab4/Ferrara/roscourse_ws/install/turtle_interfaces/share/turtle_interfaces/environment/ament_prefix_path.dsv
[1.025s] -- Up-to-date symlink: /home/yahboom/Desktop/S26_RobotProgramming_Crystal/lab4/Ferrara/roscourse_ws/install/turtle_interfaces/share/turtle_interfaces/environment/path.sh
[1.025s] -- Up-to-date symlink: /home/yahboom/Desktop/S26_RobotProgramming_Crystal/lab4/Ferrara/roscourse_ws/install/turtle_interfaces/share/turtle_interfaces/environment/path.dsv
[1.026s] -- Up-to-date symlink: /home/yahboom/Desktop/S26_RobotProgramming_Crystal/lab4/Ferrara/roscourse_ws/install/turtle_interfaces/share/turtle_interfaces/local_setup.bash
[1.026s] -- Up-to-date symlink: /home/yahboom/Desktop/S26_RobotProgramming_Crystal/lab4/Ferrara/roscourse_ws/install/turtle_interfaces/share/turtle_interfaces/local_setup.sh
[1.026s] -- Up-to-date symlink: /home/yahboom/Desktop/S26_RobotProgramming_Crystal/lab4/Ferrara/roscourse_ws/install/turtle_interfaces/share/turtle_interfaces/local_setup.zsh
[1.026s] -- Up-to-date symlink: /home/yahboom/Desktop/S26_RobotProgramming_Crystal/lab4/Ferrara/roscourse_ws/install/turtle_interfaces/share/turtle_interfaces/local_setup.dsv
[1.026s] -- Symlinking: /home/yahboom/Desktop/S26_RobotProgramming_Crystal/lab4/Ferrara/roscourse_ws/install/turtle_interfaces/share/turtle_interfaces/package.dsv
[1.044s] -- Up-to-date symlink: /home/yahboom/Desktop/S26_RobotProgramming_Crystal/lab4/Ferrara/roscourse_ws/install/turtle_interfaces/share/ament_index/resource_index/packages/turtle_interfaces
[1.044s] -- Up-to-date symlink: /home/yahboom/Desktop/S26_RobotProgramming_Crystal/lab4/Ferrara/roscourse_ws/install/turtle_interfaces/share/turtle_interfaces/cmake/rosidl_cmake-extras.cmake
[1.044s] -- Up-to-date symlink: /home/yahboom/Desktop/S26_RobotProgramming_Crystal/lab4/Ferrara/roscourse_ws/install/turtle_interfaces/share/turtle_interfaces/cmake/ament_cmake_export_dependencies-extras.cmake
[1.045s] -- Up-to-date symlink: /home/yahboom/Desktop/S26_RobotProgramming_Crystal/lab4/Ferrara/roscourse_ws/install/turtle_interfaces/share/turtle_interfaces/cmake/ament_cmake_export_include_directories-extras.cmake
[1.045s] -- Up-to-date symlink: /home/yahboom/Desktop/S26_RobotProgramming_Crystal/lab4/Ferrara/roscourse_ws/install/turtle_interfaces/share/turtle_interfaces/cmake/ament_cmake_export_libraries-extras.cmake
[1.045s] -- Up-to-date symlink: /home/yahboom/Desktop/S26_RobotProgramming_Crystal/lab4/Ferrara/roscourse_ws/install/turtle_interfaces/share/turtle_interfaces/cmake/ament_cmake_export_targets-extras.cmake
[1.045s] -- Up-to-date symlink: /home/yahboom/Desktop/S26_RobotProgramming_Crystal/lab4/Ferrara/roscourse_ws/install/turtle_interfaces/share/turtle_interfaces/cmake/rosidl_cmake_export_typesupport_targets-extras.cmake
[1.045s] -- Up-to-date symlink: /home/yahboom/Desktop/S26_RobotProgramming_Crystal/lab4/Ferrara/roscourse_ws/install/turtle_interfaces/share/turtle_interfaces/cmake/rosidl_cmake_export_typesupport_libraries-extras.cmake
[1.045s] -- Up-to-date symlink: /home/yahboom/Desktop/S26_RobotProgramming_Crystal/lab4/Ferrara/roscourse_ws/install/turtle_interfaces/share/turtle_interfaces/cmake/turtle_interfacesConfig.cmake
[1.045s] -- Up-to-date symlink: /home/yahboom/Desktop/S26_RobotProgramming_Crystal/lab4/Ferrara/roscourse_ws/install/turtle_interfaces/share/turtle_interfaces/cmake/turtle_interfacesConfig-version.cmake
[1.046s] -- Up-to-date symlink: /home/yahboom/Desktop/S26_RobotProgramming_Crystal/lab4/Ferrara/roscourse_ws/install/turtle_interfaces/share/turtle_interfaces/package.xml
[1.046s] -- Up-to-date: /home/yahboom/Desktop/S26_RobotProgramming_Crystal/lab4/Ferrara/roscourse_ws/install/turtle_interfaces/lib/libturtle_interfaces__rosidl_generator_c.so
[1.046s] -- Up-to-date: /home/yahboom/Desktop/S26_RobotProgramming_Crystal/lab4/Ferrara/roscourse_ws/install/turtle_interfaces/lib/libturtle_interfaces__rosidl_typesupport_fastrtps_c.so
[1.047s] -- Up-to-date: /home/yahboom/Desktop/S26_RobotProgramming_Crystal/lab4/Ferrara/roscourse_ws/install/turtle_interfaces/lib/libturtle_interfaces__rosidl_typesupport_fastrtps_cpp.so
[1.047s] -- Up-to-date: /home/yahboom/Desktop/S26_RobotProgramming_Crystal/lab4/Ferrara/roscourse_ws/install/turtle_interfaces/lib/libturtle_interfaces__rosidl_typesupport_introspection_c.so
[1.047s] -- Up-to-date: /home/yahboom/Desktop/S26_RobotProgramming_Crystal/lab4/Ferrara/roscourse_ws/install/turtle_interfaces/lib/libturtle_interfaces__rosidl_typesupport_c.so
[1.048s] -- Up-to-date: /home/yahboom/Desktop/S26_RobotProgramming_Crystal/lab4/Ferrara/roscourse_ws/install/turtle_interfaces/lib/libturtle_interfaces__rosidl_typesupport_introspection_cpp.so
[1.048s] -- Up-to-date: /home/yahboom/Desktop/S26_RobotProgramming_Crystal/lab4/Ferrara/roscourse_ws/install/turtle_interfaces/lib/libturtle_interfaces__rosidl_typesupport_cpp.so
[1.098s] Listing '/home/yahboom/Desktop/S26_RobotProgramming_Crystal/lab4/Ferrara/roscourse_ws/install/turtle_interfaces/local/lib/python3.10/dist-packages/turtle_interfaces'...
[1.099s] Listing '/home/yahboom/Desktop/S26_RobotProgramming_Crystal/lab4/Ferrara/roscourse_ws/install/turtle_interfaces/local/lib/python3.10/dist-packages/turtle_interfaces/msg'...
[1.099s] Listing '/home/yahboom/Desktop/S26_RobotProgramming_Crystal/lab4/Ferrara/roscourse_ws/install/turtle_interfaces/local/lib/python3.10/dist-packages/turtle_interfaces/srv'...
[1.101s] -- Up-to-date: /home/yahboom/Desktop/S26_RobotProgramming_Crystal/lab4/Ferrara/roscourse_ws/install/turtle_interfaces/lib/libturtle_interfaces__rosidl_generator_py.so
[1.102s] -- Up-to-date: /home/yahboom/Desktop/S26_RobotProgramming_Crystal/lab4/Ferrara/roscourse_ws/install/turtle_interfaces/share/turtle_interfaces/cmake/export_turtle_interfaces__rosidl_generator_cExport.cmake
[1.102s] -- Up-to-date: /home/yahboom/Desktop/S26_RobotProgramming_Crystal/lab4/Ferrara/roscourse_ws/install/turtle_interfaces/share/turtle_interfaces/cmake/export_turtle_interfaces__rosidl_generator_cExport-noconfig.cmake
[1.102s] -- Up-to-date: /home/yahboom/Desktop/S26_RobotProgramming_Crystal/lab4/Ferrara/roscourse_ws/install/turtle_interfaces/share/turtle_interfaces/cmake/export_turtle_interfaces__rosidl_typesupport_fastrtps_cExport.cmake
[1.102s] -- Up-to-date: /home/yahboom/Desktop/S26_RobotProgramming_Crystal/lab4/Ferrara/roscourse_ws/install/turtle_interfaces/share/turtle_interfaces/cmake/export_turtle_interfaces__rosidl_typesupport_fastrtps_cExport-noconfig.cmake
[1.102s] -- Up-to-date: /home/yahboom/Desktop/S26_RobotProgramming_Crystal/lab4/Ferrara/roscourse_ws/install/turtle_interfaces/share/turtle_interfaces/cmake/export_turtle_interfaces__rosidl_generator_cppExport.cmake
[1.102s] -- Up-to-date: /home/yahboom/Desktop/S26_RobotProgramming_Crystal/lab4/Ferrara/roscourse_ws/install/turtle_interfaces/share/turtle_interfaces/cmake/export_turtle_interfaces__rosidl_typesupport_fastrtps_cppExport.cmake
[1.102s] -- Up-to-date: /home/yahboom/Desktop/S26_RobotProgramming_Crystal/lab4/Ferrara/roscourse_ws/install/turtle_interfaces/share/turtle_interfaces/cmake/export_turtle_interfaces__rosidl_typesupport_fastrtps_cppExport-noconfig.cmake
[1.102s] -- Up-to-date: /home/yahboom/Desktop/S26_RobotProgramming_Crystal/lab4/Ferrara/roscourse_ws/install/turtle_interfaces/share/turtle_interfaces/cmake/turtle_interfaces__rosidl_typesupport_introspection_cExport.cmake
[1.102s] -- Up-to-date: /home/yahboom/Desktop/S26_RobotProgramming_Crystal/lab4/Ferrara/roscourse_ws/install/turtle_interfaces/share/turtle_interfaces/cmake/turtle_interfaces__rosidl_typesupport_introspection_cExport-noconfig.cmake
[1.103s] -- Up-to-date: /home/yahboom/Desktop/S26_RobotProgramming_Crystal/lab4/Ferrara/roscourse_ws/install/turtle_interfaces/share/turtle_interfaces/cmake/turtle_interfaces__rosidl_typesupport_cExport.cmake
[1.103s] -- Up-to-date: /home/yahboom/Desktop/S26_RobotProgramming_Crystal/lab4/Ferrara/roscourse_ws/install/turtle_interfaces/share/turtle_interfaces/cmake/turtle_interfaces__rosidl_typesupport_cExport-noconfig.cmake
[1.103s] -- Up-to-date: /home/yahboom/Desktop/S26_RobotProgramming_Crystal/lab4/Ferrara/roscourse_ws/install/turtle_interfaces/share/turtle_interfaces/cmake/turtle_interfaces__rosidl_typesupport_introspection_cppExport.cmake
[1.103s] -- Up-to-date: /home/yahboom/Desktop/S26_RobotProgramming_Crystal/lab4/Ferrara/roscourse_ws/install/turtle_interfaces/share/turtle_interfaces/cmake/turtle_interfaces__rosidl_typesupport_introspection_cppExport-noconfig.cmake
[1.103s] -- Up-to-date: /home/yahboom/Desktop/S26_RobotProgramming_Crystal/lab4/Ferrara/roscourse_ws/install/turtle_interfaces/share/turtle_interfaces/cmake/turtle_interfaces__rosidl_typesupport_cppExport.cmake
[1.103s] -- Up-to-date: /home/yahboom/Desktop/S26_RobotProgramming_Crystal/lab4/Ferrara/roscourse_ws/install/turtle_interfaces/share/turtle_interfaces/cmake/turtle_interfaces__rosidl_typesupport_cppExport-noconfig.cmake
[1.103s] -- Up-to-date: /home/yahboom/Desktop/S26_RobotProgramming_Crystal/lab4/Ferrara/roscourse_ws/install/turtle_interfaces/share/turtle_interfaces/cmake/export_turtle_interfaces__rosidl_generator_pyExport.cmake
[1.103s] -- Up-to-date: /home/yahboom/Desktop/S26_RobotProgramming_Crystal/lab4/Ferrara/roscourse_ws/install/turtle_interfaces/share/turtle_interfaces/cmake/export_turtle_interfaces__rosidl_generator_pyExport-noconfig.cmake
[1.106s] Invoked command in '/home/yahboom/Desktop/S26_RobotProgramming_Crystal/lab4/Ferrara/roscourse_ws/build/turtle_interfaces' returned '0': CMAKE_PREFIX_PATH=${CMAKE_PREFIX_PATH}:/home/yahboom/Desktop/S26_RobotProgramming_Crystal/lab4/Ferrara/roscourse_ws/install/webcam:/home/yahboom/Desktop/S26_RobotProgramming_Crystal/lab4/Ferrara/roscourse_ws/install/python_turtle:/home/yahboom/Desktop/S26_RobotProgramming_Crystal/lab4/Ferrara/roscourse_ws/install/teleop_twist_keyboard:/home/yahboom/cartoros2/install/yahboomcar_nav:/home/yahboom/cartoros2/install/yahboomcar_ctrl:/home/yahboom/cartoros2/install/yahboom_visual:/home/yahboom/cartoros2/install/yahboom_dog_joint_state:/home/yahboom/cartoros2/install/yahboom_description:/home/yahboom/cartoros2/install/yahboom_color_identify_server:/home/yahboom/cartoros2/install/yahboom_bringup:/home/yahboom/cartoros2/install/yahboom_base:/home/yahboom/cartoros2/install/yahboom_app_save_map:/home/yahboom/cartoros2/install/update_map:/home/yahboom/cartoros2/install/rosboard:/home/yahboom/cartoros2/install/path_planner_server:/home/yahboom/cartoros2/install/nav2_simple_commander:/home/yahboom/cartoros2/install/nav2_gazebo_spawner:/home/yahboom/cartoros2/install/localization_server:/home/yahboom/cartoros2/install/laserscan_to_point_pulisher:/home/yahboom/yahboomcar_ws/install/yahboom_dog_example:/opt/ros/humble /usr/bin/cmake --install /home/yahboom/Desktop/S26_RobotProgramming_Crystal/lab4/Ferrara/roscourse_ws/build/turtle_interfaces
