[1.273s] Invoking command in '/home/yahboom/Desktop/lec9/intro_ws/src/teleop_twist_keyboard': PYTHONPATH=/home/yahboom/Desktop/lec9/intro_ws/build/teleop_twist_keyboard/prefix_override:/home/yahboom/Desktop/lec9/intro_ws/install/teleop_twist_keyboard/lib/python3.10/site-packages:${PYTHONPATH} /usr/bin/python3 -W ignore:setup.py install is deprecated setup.py egg_info --egg-base ../../build/teleop_twist_keyboard build --build-base /home/yahboom/Desktop/lec9/intro_ws/build/teleop_twist_keyboard/build install --record /home/yahboom/Desktop/lec9/intro_ws/build/teleop_twist_keyboard/install.log --single-version-externally-managed install_data
[1.605s] running egg_info
[1.605s] creating ../../build/teleop_twist_keyboard/teleop_twist_keyboard.egg-info
[1.605s] writing ../../build/teleop_twist_keyboard/teleop_twist_keyboard.egg-info/PKG-INFO
[1.605s] writing dependency_links to ../../build/teleop_twist_keyboard/teleop_twist_keyboard.egg-info/dependency_links.txt
[1.605s] writing entry points to ../../build/teleop_twist_keyboard/teleop_twist_keyboard.egg-info/entry_points.txt
[1.605s] writing requirements to ../../build/teleop_twist_keyboard/teleop_twist_keyboard.egg-info/requires.txt
[1.606s] writing top-level names to ../../build/teleop_twist_keyboard/teleop_twist_keyboard.egg-info/top_level.txt
[1.606s] writing manifest file '../../build/teleop_twist_keyboard/teleop_twist_keyboard.egg-info/SOURCES.txt'
[1.606s] reading manifest file '../../build/teleop_twist_keyboard/teleop_twist_keyboard.egg-info/SOURCES.txt'
[1.606s] adding license file 'LICENSE'
[1.606s] writing manifest file '../../build/teleop_twist_keyboard/teleop_twist_keyboard.egg-info/SOURCES.txt'
[1.608s] running build
[1.608s] running build_py
[1.608s] creating /home/yahboom/Desktop/lec9/intro_ws/build/teleop_twist_keyboard/build
[1.608s] creating /home/yahboom/Desktop/lec9/intro_ws/build/teleop_twist_keyboard/build/lib
[1.608s] copying teleop_twist_keyboard.py -> /home/yahboom/Desktop/lec9/intro_ws/build/teleop_twist_keyboard/build/lib
[1.608s] running install
[1.608s] running install_lib
[1.608s] copying /home/yahboom/Desktop/lec9/intro_ws/build/teleop_twist_keyboard/build/lib/teleop_twist_keyboard.py -> /home/yahboom/Desktop/lec9/intro_ws/install/teleop_twist_keyboard/lib/python3.10/site-packages
[1.609s] byte-compiling /home/yahboom/Desktop/lec9/intro_ws/install/teleop_twist_keyboard/lib/python3.10/site-packages/teleop_twist_keyboard.py to teleop_twist_keyboard.cpython-310.pyc
[1.610s] running install_data
[1.610s] creating /home/yahboom/Desktop/lec9/intro_ws/install/teleop_twist_keyboard/share/ament_index
[1.610s] creating /home/yahboom/Desktop/lec9/intro_ws/install/teleop_twist_keyboard/share/ament_index/resource_index
[1.610s] creating /home/yahboom/Desktop/lec9/intro_ws/install/teleop_twist_keyboard/share/ament_index/resource_index/packages
[1.610s] copying resource/teleop_twist_keyboard -> /home/yahboom/Desktop/lec9/intro_ws/install/teleop_twist_keyboard/share/ament_index/resource_index/packages
[1.610s] copying package.xml -> /home/yahboom/Desktop/lec9/intro_ws/install/teleop_twist_keyboard/share/teleop_twist_keyboard
[1.610s] running install_egg_info
[1.613s] Copying ../../build/teleop_twist_keyboard/teleop_twist_keyboard.egg-info to /home/yahboom/Desktop/lec9/intro_ws/install/teleop_twist_keyboard/lib/python3.10/site-packages/teleop_twist_keyboard-2.4.1-py3.10.egg-info
[1.614s] running install_scripts
[1.644s] Installing teleop_twist_keyboard script to /home/yahboom/Desktop/lec9/intro_ws/install/teleop_twist_keyboard/lib/teleop_twist_keyboard
[1.644s] writing list of installed files to '/home/yahboom/Desktop/lec9/intro_ws/build/teleop_twist_keyboard/install.log'
[1.781s] Invoked command in '/home/yahboom/Desktop/lec9/intro_ws/src/teleop_twist_keyboard' returned '0': PYTHONPATH=/home/yahboom/Desktop/lec9/intro_ws/build/teleop_twist_keyboard/prefix_override:/home/yahboom/Desktop/lec9/intro_ws/install/teleop_twist_keyboard/lib/python3.10/site-packages:${PYTHONPATH} /usr/bin/python3 -W ignore:setup.py install is deprecated setup.py egg_info --egg-base ../../build/teleop_twist_keyboard build --build-base /home/yahboom/Desktop/lec9/intro_ws/build/teleop_twist_keyboard/build install --record /home/yahboom/Desktop/lec9/intro_ws/build/teleop_twist_keyboard/install.log --single-version-externally-managed install_data
