[9.318s] Invoking command in '/home/yahboom/Desktop/S26_RobotProgramming_Crystal/Final_project/src/path_planning': PYTHONPATH=/home/yahboom/Desktop/S26_RobotProgramming_Crystal/Final_project/build/path_planning/prefix_override:/home/yahboom/Desktop/S26_RobotProgramming_Crystal/Final_project/install/path_planning/lib/python3.10/site-packages:${PYTHONPATH} /usr/bin/python3 -W ignore:setup.py install is deprecated setup.py egg_info --egg-base ../../build/path_planning build --build-base /home/yahboom/Desktop/S26_RobotProgramming_Crystal/Final_project/build/path_planning/build install --record /home/yahboom/Desktop/S26_RobotProgramming_Crystal/Final_project/build/path_planning/install.log --single-version-externally-managed install_data
[10.568s] running egg_info
[10.569s] writing ../../build/path_planning/path_planning.egg-info/PKG-INFO
[10.571s] writing dependency_links to ../../build/path_planning/path_planning.egg-info/dependency_links.txt
[10.574s] writing entry points to ../../build/path_planning/path_planning.egg-info/entry_points.txt
[10.575s] writing requirements to ../../build/path_planning/path_planning.egg-info/requires.txt
[10.577s] writing top-level names to ../../build/path_planning/path_planning.egg-info/top_level.txt
[10.591s] reading manifest file '../../build/path_planning/path_planning.egg-info/SOURCES.txt'
[10.596s] writing manifest file '../../build/path_planning/path_planning.egg-info/SOURCES.txt'
[10.598s] running build
[10.601s] running build_py
[10.602s] running install
[10.604s] running install_lib
[10.606s] running install_data
[10.607s] running install_egg_info
[10.614s] removing '/home/yahboom/Desktop/S26_RobotProgramming_Crystal/Final_project/install/path_planning/lib/python3.10/site-packages/path_planning-0.0.0-py3.10.egg-info' (and everything under it)
[10.615s] Copying ../../build/path_planning/path_planning.egg-info to /home/yahboom/Desktop/S26_RobotProgramming_Crystal/Final_project/install/path_planning/lib/python3.10/site-packages/path_planning-0.0.0-py3.10.egg-info
[10.621s] running install_scripts
[10.704s] writing list of installed files to '/home/yahboom/Desktop/S26_RobotProgramming_Crystal/Final_project/build/path_planning/install.log'
[10.780s] Invoked command in '/home/yahboom/Desktop/S26_RobotProgramming_Crystal/Final_project/src/path_planning' returned '0': PYTHONPATH=/home/yahboom/Desktop/S26_RobotProgramming_Crystal/Final_project/build/path_planning/prefix_override:/home/yahboom/Desktop/S26_RobotProgramming_Crystal/Final_project/install/path_planning/lib/python3.10/site-packages:${PYTHONPATH} /usr/bin/python3 -W ignore:setup.py install is deprecated setup.py egg_info --egg-base ../../build/path_planning build --build-base /home/yahboom/Desktop/S26_RobotProgramming_Crystal/Final_project/build/path_planning/build install --record /home/yahboom/Desktop/S26_RobotProgramming_Crystal/Final_project/build/path_planning/install.log --single-version-externally-managed install_data
