[0.022s] Invoking command in '/home/yahboom/Desktop/S26_RobotProgramming_Crystal/lab3/Ebinger/roscourse_ws/build/turtle_interfaces': CMAKE_PREFIX_PATH=${CMAKE_PREFIX_PATH}:/home/yahboom/cartoros2/install/yahboomcar_nav:/home/yahboom/cartoros2/install/yahboomcar_ctrl:/home/yahboom/cartoros2/install/yahboom_visual:/home/yahboom/cartoros2/install/yahboom_dog_joint_state:/home/yahboom/cartoros2/install/yahboom_description:/home/yahboom/cartoros2/install/yahboom_color_identify_server:/home/yahboom/cartoros2/install/yahboom_bringup:/home/yahboom/cartoros2/install/yahboom_base:/home/yahboom/cartoros2/install/yahboom_app_save_map:/home/yahboom/cartoros2/install/update_map:/home/yahboom/cartoros2/install/rosboard:/home/yahboom/cartoros2/install/path_planner_server:/home/yahboom/cartoros2/install/nav2_simple_commander:/home/yahboom/cartoros2/install/nav2_gazebo_spawner:/home/yahboom/cartoros2/install/localization_server:/home/yahboom/cartoros2/install/laserscan_to_point_pulisher:/home/yahboom/yahboomcar_ws/install/yahboom_dog_example:/opt/ros/humble /usr/bin/cmake /home/yahboom/Desktop/S26_RobotProgramming_Crystal/lab3/Ebinger/roscourse_ws/src/turtle_interfaces -DCMAKE_INSTALL_PREFIX=/home/yahboom/Desktop/S26_RobotProgramming_Crystal/lab3/Ebinger/roscourse_ws/install/turtle_interfaces
[0.119s] -- The C compiler identification is GNU 11.4.0
[0.185s] -- The CXX compiler identification is GNU 11.4.0
[0.193s] -- Detecting C compiler ABI info
[0.309s] -- Detecting C compiler ABI info - done
[0.313s] -- Check for working C compiler: /usr/bin/cc - skipped
[0.314s] -- Detecting C compile features
[0.314s] -- Detecting C compile features - done
[0.316s] -- Detecting CXX compiler ABI info
[0.434s] -- Detecting CXX compiler ABI info - done
[0.440s] -- Check for working CXX compiler: /usr/bin/c++ - skipped
[0.440s] -- Detecting CXX compile features
[0.440s] -- Detecting CXX compile features - done
[0.451s] -- Found ament_cmake: 1.3.8 (/opt/ros/humble/share/ament_cmake/cmake)
[0.651s] -- Found Python3: /usr/bin/python3 (found version "3.10.12") found components: Interpreter 
[0.862s] -- Found ament_lint_auto: 0.12.10 (/opt/ros/humble/share/ament_lint_auto/cmake)
[1.003s] -- Found geometry_msgs: 4.2.3 (/opt/ros/humble/share/geometry_msgs/cmake)
[1.117s] -- Found rosidl_generator_c: 3.1.5 (/opt/ros/humble/share/rosidl_generator_c/cmake)
[1.137s] -- Found rosidl_adapter: 3.1.5 (/opt/ros/humble/share/rosidl_adapter/cmake)
[1.161s] -- Found rosidl_generator_cpp: 3.1.5 (/opt/ros/humble/share/rosidl_generator_cpp/cmake)
[1.190s] -- Using all available rosidl_typesupport_c: rosidl_typesupport_fastrtps_c;rosidl_typesupport_introspection_c
[1.229s] -- Using all available rosidl_typesupport_cpp: rosidl_typesupport_fastrtps_cpp;rosidl_typesupport_introspection_cpp
[1.337s] -- Found rosidl_default_generators: 1.2.0 (/opt/ros/humble/share/rosidl_default_generators/cmake)
[1.589s] -- Found ament_cmake_ros: 0.10.0 (/opt/ros/humble/share/ament_cmake_ros/cmake)
[2.012s] -- Using all available rosidl_typesupport_c: rosidl_typesupport_fastrtps_c;rosidl_typesupport_introspection_c
[2.173s] -- Using all available rosidl_typesupport_cpp: rosidl_typesupport_fastrtps_cpp;rosidl_typesupport_introspection_cpp
[2.200s] -- Found PythonInterp: /usr/bin/python3 (found suitable version "3.10.12", minimum required is "3.6") 
[2.210s] -- Found python_cmake_module: 0.10.0 (/opt/ros/humble/share/python_cmake_module/cmake)
[2.242s] -- Found PythonLibs: /usr/lib/x86_64-linux-gnu/libpython3.10.so (found suitable version "3.10.12", minimum required is "3.5") 
[2.242s] -- Using PYTHON_EXECUTABLE: /usr/bin/python3
[2.242s] -- Using PYTHON_INCLUDE_DIRS: /usr/include/python3.10
[2.242s] -- Using PYTHON_LIBRARIES: /usr/lib/x86_64-linux-gnu/libpython3.10.so
[2.268s] -- Found PythonExtra: .so  
[2.367s] -- Added test 'lint_cmake' to check CMake code style
[2.369s] -- Added test 'xmllint' to check XML markup files
[2.374s] -- Configuring done
[2.402s] -- Generating done
[2.404s] -- Build files have been written to: /home/yahboom/Desktop/S26_RobotProgramming_Crystal/lab3/Ebinger/roscourse_ws/build/turtle_interfaces
[2.412s] Invoked command in '/home/yahboom/Desktop/S26_RobotProgramming_Crystal/lab3/Ebinger/roscourse_ws/build/turtle_interfaces' returned '0': CMAKE_PREFIX_PATH=${CMAKE_PREFIX_PATH}:/home/yahboom/cartoros2/install/yahboomcar_nav:/home/yahboom/cartoros2/install/yahboomcar_ctrl:/home/yahboom/cartoros2/install/yahboom_visual:/home/yahboom/cartoros2/install/yahboom_dog_joint_state:/home/yahboom/cartoros2/install/yahboom_description:/home/yahboom/cartoros2/install/yahboom_color_identify_server:/home/yahboom/cartoros2/install/yahboom_bringup:/home/yahboom/cartoros2/install/yahboom_base:/home/yahboom/cartoros2/install/yahboom_app_save_map:/home/yahboom/cartoros2/install/update_map:/home/yahboom/cartoros2/install/rosboard:/home/yahboom/cartoros2/install/path_planner_server:/home/yahboom/cartoros2/install/nav2_simple_commander:/home/yahboom/cartoros2/install/nav2_gazebo_spawner:/home/yahboom/cartoros2/install/localization_server:/home/yahboom/cartoros2/install/laserscan_to_point_pulisher:/home/yahboom/yahboomcar_ws/install/yahboom_dog_example:/opt/ros/humble /usr/bin/cmake /home/yahboom/Desktop/S26_RobotProgramming_Crystal/lab3/Ebinger/roscourse_ws/src/turtle_interfaces -DCMAKE_INSTALL_PREFIX=/home/yahboom/Desktop/S26_RobotProgramming_Crystal/lab3/Ebinger/roscourse_ws/install/turtle_interfaces
[2.414s] Invoking command in '/home/yahboom/Desktop/S26_RobotProgramming_Crystal/lab3/Ebinger/roscourse_ws/build/turtle_interfaces': CMAKE_PREFIX_PATH=${CMAKE_PREFIX_PATH}:/home/yahboom/cartoros2/install/yahboomcar_nav:/home/yahboom/cartoros2/install/yahboomcar_ctrl:/home/yahboom/cartoros2/install/yahboom_visual:/home/yahboom/cartoros2/install/yahboom_dog_joint_state:/home/yahboom/cartoros2/install/yahboom_description:/home/yahboom/cartoros2/install/yahboom_color_identify_server:/home/yahboom/cartoros2/install/yahboom_bringup:/home/yahboom/cartoros2/install/yahboom_base:/home/yahboom/cartoros2/install/yahboom_app_save_map:/home/yahboom/cartoros2/install/update_map:/home/yahboom/cartoros2/install/rosboard:/home/yahboom/cartoros2/install/path_planner_server:/home/yahboom/cartoros2/install/nav2_simple_commander:/home/yahboom/cartoros2/install/nav2_gazebo_spawner:/home/yahboom/cartoros2/install/localization_server:/home/yahboom/cartoros2/install/laserscan_to_point_pulisher:/home/yahboom/yahboomcar_ws/install/yahboom_dog_example:/opt/ros/humble /usr/bin/cmake --build /home/yahboom/Desktop/S26_RobotProgramming_Crystal/lab3/Ebinger/roscourse_ws/build/turtle_interfaces -- -j4 -l4
[2.488s] [  2%] [34m[1mGenerating C code for ROS interfaces[0m
[2.509s] [  4%] [34m[1mGenerating C++ code for ROS interfaces[0m
[2.523s] [  4%] Built target ament_cmake_python_copy_turtle_interfaces
[2.830s] running egg_info
[2.830s] creating turtle_interfaces.egg-info
[2.830s] writing turtle_interfaces.egg-info/PKG-INFO
[2.830s] writing dependency_links to turtle_interfaces.egg-info/dependency_links.txt
[2.830s] writing top-level names to turtle_interfaces.egg-info/top_level.txt
[2.831s] writing manifest file 'turtle_interfaces.egg-info/SOURCES.txt'
[2.831s] reading manifest file 'turtle_interfaces.egg-info/SOURCES.txt'
[2.831s] writing manifest file 'turtle_interfaces.egg-info/SOURCES.txt'
[2.868s] [  4%] Built target ament_cmake_python_build_turtle_interfaces_egg
[2.927s] [  4%] Built target turtle_interfaces__cpp
[2.951s] [  6%] [34m[1mGenerating C++ type support dispatch for ROS interfaces[0m
[2.952s] [  8%] [34m[1mGenerating C++ introspection for ROS interfaces[0m
[2.957s] [ 10%] [34m[1mGenerating C++ type support for eProsima Fast-RTPS[0m
[2.970s] [ 12%] [32mBuilding C object CMakeFiles/turtle_interfaces__rosidl_generator_c.dir/rosidl_generator_c/turtle_interfaces/msg/detail/turtle_msg__functions.c.o[0m
[3.044s] [ 14%] [32mBuilding C object CMakeFiles/turtle_interfaces__rosidl_generator_c.dir/rosidl_generator_c/turtle_interfaces/srv/detail/set_pose__functions.c.o[0m
[3.124s] [ 17%] [32mBuilding C object CMakeFiles/turtle_interfaces__rosidl_generator_c.dir/rosidl_generator_c/turtle_interfaces/srv/detail/set_color__functions.c.o[0m
[3.200s] [ 19%] [32m[1mLinking C shared library libturtle_interfaces__rosidl_generator_c.so[0m
[3.270s] [ 19%] Built target turtle_interfaces__rosidl_generator_c
[3.284s] [ 21%] [32mBuilding CXX object CMakeFiles/turtle_interfaces__rosidl_typesupport_cpp.dir/rosidl_typesupport_cpp/turtle_interfaces/msg/turtle_msg__type_support.cpp.o[0m
[3.291s] [ 23%] [32mBuilding CXX object CMakeFiles/turtle_interfaces__rosidl_typesupport_cpp.dir/rosidl_typesupport_cpp/turtle_interfaces/srv/set_pose__type_support.cpp.o[0m
[3.350s] [ 25%] [32mBuilding CXX object CMakeFiles/turtle_interfaces__rosidl_typesupport_introspection_cpp.dir/rosidl_typesupport_introspection_cpp/turtle_interfaces/msg/detail/turtle_msg__type_support.cpp.o[0m
[3.364s] [ 27%] [32mBuilding CXX object CMakeFiles/turtle_interfaces__rosidl_typesupport_fastrtps_cpp.dir/rosidl_typesupport_fastrtps_cpp/turtle_interfaces/msg/detail/dds_fastrtps/turtle_msg__type_support.cpp.o[0m
[3.537s] [ 29%] [32mBuilding CXX object CMakeFiles/turtle_interfaces__rosidl_typesupport_cpp.dir/rosidl_typesupport_cpp/turtle_interfaces/srv/set_color__type_support.cpp.o[0m
[3.573s] [ 31%] [34m[1mGenerating C type support for eProsima Fast-RTPS[0m
[3.737s] [ 34%] [32mBuilding CXX object CMakeFiles/turtle_interfaces__rosidl_typesupport_introspection_cpp.dir/rosidl_typesupport_introspection_cpp/turtle_interfaces/srv/detail/set_pose__type_support.cpp.o[0m
[3.775s] [ 36%] [32m[1mLinking CXX shared library libturtle_interfaces__rosidl_typesupport_cpp.so[0m
[3.776s] [ 38%] [32mBuilding CXX object CMakeFiles/turtle_interfaces__rosidl_typesupport_fastrtps_cpp.dir/rosidl_typesupport_fastrtps_cpp/turtle_interfaces/srv/detail/dds_fastrtps/set_pose__type_support.cpp.o[0m
[3.864s] [ 38%] Built target turtle_interfaces__rosidl_typesupport_cpp
[3.885s] [ 40%] [32mBuilding CXX object CMakeFiles/turtle_interfaces__rosidl_typesupport_introspection_cpp.dir/rosidl_typesupport_introspection_cpp/turtle_interfaces/srv/detail/set_color__type_support.cpp.o[0m
[4.039s] [ 42%] [32mBuilding CXX object CMakeFiles/turtle_interfaces__rosidl_typesupport_fastrtps_c.dir/rosidl_typesupport_fastrtps_c/turtle_interfaces/msg/detail/turtle_msg__type_support_c.cpp.o[0m
[4.113s] [ 44%] [32mBuilding CXX object CMakeFiles/turtle_interfaces__rosidl_typesupport_fastrtps_cpp.dir/rosidl_typesupport_fastrtps_cpp/turtle_interfaces/srv/detail/dds_fastrtps/set_color__type_support.cpp.o[0m
[4.168s] [ 46%] [34m[1mGenerating C introspection for ROS interfaces[0m
[4.255s] [ 48%] [32m[1mLinking CXX shared library libturtle_interfaces__rosidl_typesupport_introspection_cpp.so[0m
[4.344s] [ 48%] Built target turtle_interfaces__rosidl_typesupport_introspection_cpp
[4.365s] [ 51%] [32mBuilding CXX object CMakeFiles/turtle_interfaces__rosidl_typesupport_fastrtps_c.dir/rosidl_typesupport_fastrtps_c/turtle_interfaces/srv/detail/set_pose__type_support_c.cpp.o[0m
[4.383s] [ 53%] [34m[1mGenerating C type support dispatch for ROS interfaces[0m
[4.492s] [ 55%] [32m[1mLinking CXX shared library libturtle_interfaces__rosidl_typesupport_fastrtps_cpp.so[0m
[4.574s] [ 57%] [32mBuilding C object CMakeFiles/turtle_interfaces__rosidl_typesupport_introspection_c.dir/rosidl_typesupport_introspection_c/turtle_interfaces/msg/detail/turtle_msg__type_support.c.o[0m
[4.585s] [ 57%] Built target turtle_interfaces__rosidl_typesupport_fastrtps_cpp
[4.603s] [ 59%] [32mBuilding C object CMakeFiles/turtle_interfaces__rosidl_typesupport_introspection_c.dir/rosidl_typesupport_introspection_c/turtle_interfaces/srv/detail/set_pose__type_support.c.o[0m
[4.627s] [ 61%] [32mBuilding C object CMakeFiles/turtle_interfaces__rosidl_typesupport_introspection_c.dir/rosidl_typesupport_introspection_c/turtle_interfaces/srv/detail/set_color__type_support.c.o[0m
[4.660s] [ 63%] [32mBuilding CXX object CMakeFiles/turtle_interfaces__rosidl_typesupport_fastrtps_c.dir/rosidl_typesupport_fastrtps_c/turtle_interfaces/srv/detail/set_color__type_support_c.cpp.o[0m
[4.679s] [ 65%] [32m[1mLinking C shared library libturtle_interfaces__rosidl_typesupport_introspection_c.so[0m
[4.692s] [ 68%] [32mBuilding CXX object CMakeFiles/turtle_interfaces__rosidl_typesupport_c.dir/rosidl_typesupport_c/turtle_interfaces/msg/turtle_msg__type_support.cpp.o[0m
[4.692s] [ 70%] [32mBuilding CXX object CMakeFiles/turtle_interfaces__rosidl_typesupport_c.dir/rosidl_typesupport_c/turtle_interfaces/srv/set_pose__type_support.cpp.o[0m
[4.739s] [ 70%] Built target turtle_interfaces__rosidl_typesupport_introspection_c
[4.740s] [ 72%] [32mBuilding CXX object CMakeFiles/turtle_interfaces__rosidl_typesupport_c.dir/rosidl_typesupport_c/turtle_interfaces/srv/set_color__type_support.cpp.o[0m
[4.789s] [ 74%] [32m[1mLinking CXX shared library libturtle_interfaces__rosidl_typesupport_c.so[0m
[4.849s] [ 74%] Built target turtle_interfaces__rosidl_typesupport_c
[4.941s] [ 76%] [32m[1mLinking CXX shared library libturtle_interfaces__rosidl_typesupport_fastrtps_c.so[0m
[5.028s] [ 76%] Built target turtle_interfaces__rosidl_typesupport_fastrtps_c
[5.072s] [ 76%] Built target turtle_interfaces
[5.115s] [ 78%] [34m[1mGenerating Python code for ROS interfaces[0m
[5.605s] [ 78%] Built target turtle_interfaces__py
[5.646s] [ 80%] [32mBuilding C object CMakeFiles/turtle_interfaces__rosidl_generator_py.dir/rosidl_generator_py/turtle_interfaces/msg/_turtle_msg_s.c.o[0m
[5.646s] [ 82%] [32mBuilding C object CMakeFiles/turtle_interfaces__rosidl_generator_py.dir/rosidl_generator_py/turtle_interfaces/srv/_set_pose_s.c.o[0m
[5.646s] [ 85%] [32mBuilding C object CMakeFiles/turtle_interfaces__rosidl_generator_py.dir/rosidl_generator_py/turtle_interfaces/srv/_set_color_s.c.o[0m
[5.751s] [ 87%] [32m[1mLinking C shared library rosidl_generator_py/turtle_interfaces/libturtle_interfaces__rosidl_generator_py.so[0m
[5.814s] [ 87%] Built target turtle_interfaces__rosidl_generator_py
[5.857s] [ 91%] [32mBuilding C object CMakeFiles/turtle_interfaces__rosidl_typesupport_introspection_c__pyext.dir/rosidl_generator_py/turtle_interfaces/_turtle_interfaces_s.ep.rosidl_typesupport_introspection_c.c.o[0m
[5.858s] [ 91%] [32mBuilding C object CMakeFiles/turtle_interfaces__rosidl_typesupport_fastrtps_c__pyext.dir/rosidl_generator_py/turtle_interfaces/_turtle_interfaces_s.ep.rosidl_typesupport_fastrtps_c.c.o[0m
[5.858s] [ 93%] [32mBuilding C object CMakeFiles/turtle_interfaces__rosidl_typesupport_c__pyext.dir/rosidl_generator_py/turtle_interfaces/_turtle_interfaces_s.ep.rosidl_typesupport_c.c.o[0m
[5.971s] [ 97%] [32m[1mLinking C shared library rosidl_generator_py/turtle_interfaces/turtle_interfaces_s__rosidl_typesupport_c.cpython-310-x86_64-linux-gnu.so[0m
[5.971s] [ 97%] [32m[1mLinking C shared library rosidl_generator_py/turtle_interfaces/turtle_interfaces_s__rosidl_typesupport_introspection_c.cpython-310-x86_64-linux-gnu.so[0m
[5.971s] [100%] [32m[1mLinking C shared library rosidl_generator_py/turtle_interfaces/turtle_interfaces_s__rosidl_typesupport_fastrtps_c.cpython-310-x86_64-linux-gnu.so[0m
[6.031s] [100%] Built target turtle_interfaces__rosidl_typesupport_fastrtps_c__pyext
[6.033s] [100%] Built target turtle_interfaces__rosidl_typesupport_c__pyext
[6.034s] [100%] Built target turtle_interfaces__rosidl_typesupport_introspection_c__pyext
[6.052s] Invoked command in '/home/yahboom/Desktop/S26_RobotProgramming_Crystal/lab3/Ebinger/roscourse_ws/build/turtle_interfaces' returned '0': CMAKE_PREFIX_PATH=${CMAKE_PREFIX_PATH}:/home/yahboom/cartoros2/install/yahboomcar_nav:/home/yahboom/cartoros2/install/yahboomcar_ctrl:/home/yahboom/cartoros2/install/yahboom_visual:/home/yahboom/cartoros2/install/yahboom_dog_joint_state:/home/yahboom/cartoros2/install/yahboom_description:/home/yahboom/cartoros2/install/yahboom_color_identify_server:/home/yahboom/cartoros2/install/yahboom_bringup:/home/yahboom/cartoros2/install/yahboom_base:/home/yahboom/cartoros2/install/yahboom_app_save_map:/home/yahboom/cartoros2/install/update_map:/home/yahboom/cartoros2/install/rosboard:/home/yahboom/cartoros2/install/path_planner_server:/home/yahboom/cartoros2/install/nav2_simple_commander:/home/yahboom/cartoros2/install/nav2_gazebo_spawner:/home/yahboom/cartoros2/install/localization_server:/home/yahboom/cartoros2/install/laserscan_to_point_pulisher:/home/yahboom/yahboomcar_ws/install/yahboom_dog_example:/opt/ros/humble /usr/bin/cmake --build /home/yahboom/Desktop/S26_RobotProgramming_Crystal/lab3/Ebinger/roscourse_ws/build/turtle_interfaces -- -j4 -l4
[6.493s] Invoking command in '/home/yahboom/Desktop/S26_RobotProgramming_Crystal/lab3/Ebinger/roscourse_ws/build/turtle_interfaces': CMAKE_PREFIX_PATH=${CMAKE_PREFIX_PATH}:/home/yahboom/cartoros2/install/yahboomcar_nav:/home/yahboom/cartoros2/install/yahboomcar_ctrl:/home/yahboom/cartoros2/install/yahboom_visual:/home/yahboom/cartoros2/install/yahboom_dog_joint_state:/home/yahboom/cartoros2/install/yahboom_description:/home/yahboom/cartoros2/install/yahboom_color_identify_server:/home/yahboom/cartoros2/install/yahboom_bringup:/home/yahboom/cartoros2/install/yahboom_base:/home/yahboom/cartoros2/install/yahboom_app_save_map:/home/yahboom/cartoros2/install/update_map:/home/yahboom/cartoros2/install/rosboard:/home/yahboom/cartoros2/install/path_planner_server:/home/yahboom/cartoros2/install/nav2_simple_commander:/home/yahboom/cartoros2/install/nav2_gazebo_spawner:/home/yahboom/cartoros2/install/localization_server:/home/yahboom/cartoros2/install/laserscan_to_point_pulisher:/home/yahboom/yahboomcar_ws/install/yahboom_dog_example:/opt/ros/humble /usr/bin/cmake --install /home/yahboom/Desktop/S26_RobotProgramming_Crystal/lab3/Ebinger/roscourse_ws/build/turtle_interfaces
[6.505s] -- Install configuration: ""
[6.505s] -- Installing: /home/yahboom/Desktop/S26_RobotProgramming_Crystal/lab3/Ebinger/roscourse_ws/install/turtle_interfaces/share/ament_index/resource_index/rosidl_interfaces/turtle_interfaces
[6.505s] -- Installing: /home/yahboom/Desktop/S26_RobotProgramming_Crystal/lab3/Ebinger/roscourse_ws/install/turtle_interfaces/include/turtle_interfaces/turtle_interfaces
[6.506s] -- Installing: /home/yahboom/Desktop/S26_RobotProgramming_Crystal/lab3/Ebinger/roscourse_ws/install/turtle_interfaces/include/turtle_interfaces/turtle_interfaces/srv
[6.506s] -- Installing: /home/yahboom/Desktop/S26_RobotProgramming_Crystal/lab3/Ebinger/roscourse_ws/install/turtle_interfaces/include/turtle_interfaces/turtle_interfaces/srv/detail
[6.506s] -- Installing: /home/yahboom/Desktop/S26_RobotProgramming_Crystal/lab3/Ebinger/roscourse_ws/install/turtle_interfaces/include/turtle_interfaces/turtle_interfaces/srv/detail/set_color__type_support.h
[6.506s] -- Installing: /home/yahboom/Desktop/S26_RobotProgramming_Crystal/lab3/Ebinger/roscourse_ws/install/turtle_interfaces/include/turtle_interfaces/turtle_interfaces/srv/detail/set_color__functions.h
[6.506s] -- Installing: /home/yahboom/Desktop/S26_RobotProgramming_Crystal/lab3/Ebinger/roscourse_ws/install/turtle_interfaces/include/turtle_interfaces/turtle_interfaces/srv/detail/set_pose__functions.h
[6.506s] -- Installing: /home/yahboom/Desktop/S26_RobotProgramming_Crystal/lab3/Ebinger/roscourse_ws/install/turtle_interfaces/include/turtle_interfaces/turtle_interfaces/srv/detail/set_color__functions.c
[6.506s] -- Installing: /home/yahboom/Desktop/S26_RobotProgramming_Crystal/lab3/Ebinger/roscourse_ws/install/turtle_interfaces/include/turtle_interfaces/turtle_interfaces/srv/detail/set_pose__struct.h
[6.506s] -- Installing: /home/yahboom/Desktop/S26_RobotProgramming_Crystal/lab3/Ebinger/roscourse_ws/install/turtle_interfaces/include/turtle_interfaces/turtle_interfaces/srv/detail/set_pose__type_support.h
[6.506s] -- Installing: /home/yahboom/Desktop/S26_RobotProgramming_Crystal/lab3/Ebinger/roscourse_ws/install/turtle_interfaces/include/turtle_interfaces/turtle_interfaces/srv/detail/set_color__struct.h
[6.506s] -- Installing: /home/yahboom/Desktop/S26_RobotProgramming_Crystal/lab3/Ebinger/roscourse_ws/install/turtle_interfaces/include/turtle_interfaces/turtle_interfaces/srv/detail/set_pose__functions.c
[6.507s] -- Installing: /home/yahboom/Desktop/S26_RobotProgramming_Crystal/lab3/Ebinger/roscourse_ws/install/turtle_interfaces/include/turtle_interfaces/turtle_interfaces/srv/set_pose.h
[6.507s] -- Installing: /home/yahboom/Desktop/S26_RobotProgramming_Crystal/lab3/Ebinger/roscourse_ws/install/turtle_interfaces/include/turtle_interfaces/turtle_interfaces/srv/set_color.h
[6.507s] -- Installing: /home/yahboom/Desktop/S26_RobotProgramming_Crystal/lab3/Ebinger/roscourse_ws/install/turtle_interfaces/include/turtle_interfaces/turtle_interfaces/msg
[6.507s] -- Installing: /home/yahboom/Desktop/S26_RobotProgramming_Crystal/lab3/Ebinger/roscourse_ws/install/turtle_interfaces/include/turtle_interfaces/turtle_interfaces/msg/detail
[6.507s] -- Installing: /home/yahboom/Desktop/S26_RobotProgramming_Crystal/lab3/Ebinger/roscourse_ws/install/turtle_interfaces/include/turtle_interfaces/turtle_interfaces/msg/detail/turtle_msg__functions.c
[6.507s] -- Installing: /home/yahboom/Desktop/S26_RobotProgramming_Crystal/lab3/Ebinger/roscourse_ws/install/turtle_interfaces/include/turtle_interfaces/turtle_interfaces/msg/detail/turtle_msg__type_support.h
[6.507s] -- Installing: /home/yahboom/Desktop/S26_RobotProgramming_Crystal/lab3/Ebinger/roscourse_ws/install/turtle_interfaces/include/turtle_interfaces/turtle_interfaces/msg/detail/turtle_msg__functions.h
[6.507s] -- Installing: /home/yahboom/Desktop/S26_RobotProgramming_Crystal/lab3/Ebinger/roscourse_ws/install/turtle_interfaces/include/turtle_interfaces/turtle_interfaces/msg/detail/turtle_msg__struct.h
[6.507s] -- Installing: /home/yahboom/Desktop/S26_RobotProgramming_Crystal/lab3/Ebinger/roscourse_ws/install/turtle_interfaces/include/turtle_interfaces/turtle_interfaces/msg/turtle_msg.h
[6.507s] -- Installing: /home/yahboom/Desktop/S26_RobotProgramming_Crystal/lab3/Ebinger/roscourse_ws/install/turtle_interfaces/include/turtle_interfaces/turtle_interfaces/msg/rosidl_generator_c__visibility_control.h
[6.507s] -- Installing: /home/yahboom/Desktop/S26_RobotProgramming_Crystal/lab3/Ebinger/roscourse_ws/install/turtle_interfaces/share/turtle_interfaces/environment/library_path.sh
[6.508s] -- Installing: /home/yahboom/Desktop/S26_RobotProgramming_Crystal/lab3/Ebinger/roscourse_ws/install/turtle_interfaces/share/turtle_interfaces/environment/library_path.dsv
[6.508s] -- Installing: /home/yahboom/Desktop/S26_RobotProgramming_Crystal/lab3/Ebinger/roscourse_ws/install/turtle_interfaces/lib/libturtle_interfaces__rosidl_generator_c.so
[6.508s] -- Set runtime path of "/home/yahboom/Desktop/S26_RobotProgramming_Crystal/lab3/Ebinger/roscourse_ws/install/turtle_interfaces/lib/libturtle_interfaces__rosidl_generator_c.so" to ""
[6.508s] -- Up-to-date: /home/yahboom/Desktop/S26_RobotProgramming_Crystal/lab3/Ebinger/roscourse_ws/install/turtle_interfaces/include/turtle_interfaces/turtle_interfaces
[6.508s] -- Up-to-date: /home/yahboom/Desktop/S26_RobotProgramming_Crystal/lab3/Ebinger/roscourse_ws/install/turtle_interfaces/include/turtle_interfaces/turtle_interfaces/srv
[6.508s] -- Up-to-date: /home/yahboom/Desktop/S26_RobotProgramming_Crystal/lab3/Ebinger/roscourse_ws/install/turtle_interfaces/include/turtle_interfaces/turtle_interfaces/srv/detail
[6.509s] -- Installing: /home/yahboom/Desktop/S26_RobotProgramming_Crystal/lab3/Ebinger/roscourse_ws/install/turtle_interfaces/include/turtle_interfaces/turtle_interfaces/srv/detail/set_color__rosidl_typesupport_fastrtps_c.h
[6.509s] -- Installing: /home/yahboom/Desktop/S26_RobotProgramming_Crystal/lab3/Ebinger/roscourse_ws/install/turtle_interfaces/include/turtle_interfaces/turtle_interfaces/srv/detail/set_pose__rosidl_typesupport_fastrtps_c.h
[6.509s] -- Up-to-date: /home/yahboom/Desktop/S26_RobotProgramming_Crystal/lab3/Ebinger/roscourse_ws/install/turtle_interfaces/include/turtle_interfaces/turtle_interfaces/msg
[6.509s] -- Up-to-date: /home/yahboom/Desktop/S26_RobotProgramming_Crystal/lab3/Ebinger/roscourse_ws/install/turtle_interfaces/include/turtle_interfaces/turtle_interfaces/msg/detail
[6.509s] -- Installing: /home/yahboom/Desktop/S26_RobotProgramming_Crystal/lab3/Ebinger/roscourse_ws/install/turtle_interfaces/include/turtle_interfaces/turtle_interfaces/msg/detail/turtle_msg__rosidl_typesupport_fastrtps_c.h
[6.509s] -- Installing: /home/yahboom/Desktop/S26_RobotProgramming_Crystal/lab3/Ebinger/roscourse_ws/install/turtle_interfaces/include/turtle_interfaces/turtle_interfaces/msg/rosidl_typesupport_fastrtps_c__visibility_control.h
[6.509s] -- Installing: /home/yahboom/Desktop/S26_RobotProgramming_Crystal/lab3/Ebinger/roscourse_ws/install/turtle_interfaces/lib/libturtle_interfaces__rosidl_typesupport_fastrtps_c.so
[6.509s] -- Set runtime path of "/home/yahboom/Desktop/S26_RobotProgramming_Crystal/lab3/Ebinger/roscourse_ws/install/turtle_interfaces/lib/libturtle_interfaces__rosidl_typesupport_fastrtps_c.so" to ""
[6.509s] -- Up-to-date: /home/yahboom/Desktop/S26_RobotProgramming_Crystal/lab3/Ebinger/roscourse_ws/install/turtle_interfaces/include/turtle_interfaces/turtle_interfaces
[6.509s] -- Up-to-date: /home/yahboom/Desktop/S26_RobotProgramming_Crystal/lab3/Ebinger/roscourse_ws/install/turtle_interfaces/include/turtle_interfaces/turtle_interfaces/srv
[6.510s] -- Installing: /home/yahboom/Desktop/S26_RobotProgramming_Crystal/lab3/Ebinger/roscourse_ws/install/turtle_interfaces/include/turtle_interfaces/turtle_interfaces/srv/set_pose.hpp
[6.510s] -- Up-to-date: /home/yahboom/Desktop/S26_RobotProgramming_Crystal/lab3/Ebinger/roscourse_ws/install/turtle_interfaces/include/turtle_interfaces/turtle_interfaces/srv/detail
[6.510s] -- Installing: /home/yahboom/Desktop/S26_RobotProgramming_Crystal/lab3/Ebinger/roscourse_ws/install/turtle_interfaces/include/turtle_interfaces/turtle_interfaces/srv/detail/set_color__struct.hpp
[6.510s] -- Installing: /home/yahboom/Desktop/S26_RobotProgramming_Crystal/lab3/Ebinger/roscourse_ws/install/turtle_interfaces/include/turtle_interfaces/turtle_interfaces/srv/detail/set_color__builder.hpp
[6.510s] -- Installing: /home/yahboom/Desktop/S26_RobotProgramming_Crystal/lab3/Ebinger/roscourse_ws/install/turtle_interfaces/include/turtle_interfaces/turtle_interfaces/srv/detail/set_pose__traits.hpp
[6.510s] -- Installing: /home/yahboom/Desktop/S26_RobotProgramming_Crystal/lab3/Ebinger/roscourse_ws/install/turtle_interfaces/include/turtle_interfaces/turtle_interfaces/srv/detail/set_color__traits.hpp
[6.510s] -- Installing: /home/yahboom/Desktop/S26_RobotProgramming_Crystal/lab3/Ebinger/roscourse_ws/install/turtle_interfaces/include/turtle_interfaces/turtle_interfaces/srv/detail/set_pose__builder.hpp
[6.510s] -- Installing: /home/yahboom/Desktop/S26_RobotProgramming_Crystal/lab3/Ebinger/roscourse_ws/install/turtle_interfaces/include/turtle_interfaces/turtle_interfaces/srv/detail/set_pose__struct.hpp
[6.510s] -- Installing: /home/yahboom/Desktop/S26_RobotProgramming_Crystal/lab3/Ebinger/roscourse_ws/install/turtle_interfaces/include/turtle_interfaces/turtle_interfaces/srv/set_color.hpp
[6.510s] -- Up-to-date: /home/yahboom/Desktop/S26_RobotProgramming_Crystal/lab3/Ebinger/roscourse_ws/install/turtle_interfaces/include/turtle_interfaces/turtle_interfaces/msg
[6.511s] -- Up-to-date: /home/yahboom/Desktop/S26_RobotProgramming_Crystal/lab3/Ebinger/roscourse_ws/install/turtle_interfaces/include/turtle_interfaces/turtle_interfaces/msg/detail
[6.511s] -- Installing: /home/yahboom/Desktop/S26_RobotProgramming_Crystal/lab3/Ebinger/roscourse_ws/install/turtle_interfaces/include/turtle_interfaces/turtle_interfaces/msg/detail/turtle_msg__traits.hpp
[6.511s] -- Installing: /home/yahboom/Desktop/S26_RobotProgramming_Crystal/lab3/Ebinger/roscourse_ws/install/turtle_interfaces/include/turtle_interfaces/turtle_interfaces/msg/detail/turtle_msg__struct.hpp
[6.511s] -- Installing: /home/yahboom/Desktop/S26_RobotProgramming_Crystal/lab3/Ebinger/roscourse_ws/install/turtle_interfaces/include/turtle_interfaces/turtle_interfaces/msg/detail/turtle_msg__builder.hpp
[6.511s] -- Installing: /home/yahboom/Desktop/S26_RobotProgramming_Crystal/lab3/Ebinger/roscourse_ws/install/turtle_interfaces/include/turtle_interfaces/turtle_interfaces/msg/turtle_msg.hpp
[6.511s] -- Up-to-date: /home/yahboom/Desktop/S26_RobotProgramming_Crystal/lab3/Ebinger/roscourse_ws/install/turtle_interfaces/include/turtle_interfaces/turtle_interfaces
[6.511s] -- Up-to-date: /home/yahboom/Desktop/S26_RobotProgramming_Crystal/lab3/Ebinger/roscourse_ws/install/turtle_interfaces/include/turtle_interfaces/turtle_interfaces/srv
[6.511s] -- Up-to-date: /home/yahboom/Desktop/S26_RobotProgramming_Crystal/lab3/Ebinger/roscourse_ws/install/turtle_interfaces/include/turtle_interfaces/turtle_interfaces/srv/detail
[6.511s] -- Installing: /home/yahboom/Desktop/S26_RobotProgramming_Crystal/lab3/Ebinger/roscourse_ws/install/turtle_interfaces/include/turtle_interfaces/turtle_interfaces/srv/detail/set_color__rosidl_typesupport_fastrtps_cpp.hpp
[6.511s] -- Installing: /home/yahboom/Desktop/S26_RobotProgramming_Crystal/lab3/Ebinger/roscourse_ws/install/turtle_interfaces/include/turtle_interfaces/turtle_interfaces/srv/detail/set_pose__rosidl_typesupport_fastrtps_cpp.hpp
[6.511s] -- Installing: /home/yahboom/Desktop/S26_RobotProgramming_Crystal/lab3/Ebinger/roscourse_ws/install/turtle_interfaces/include/turtle_interfaces/turtle_interfaces/srv/detail/dds_fastrtps
[6.511s] -- Up-to-date: /home/yahboom/Desktop/S26_RobotProgramming_Crystal/lab3/Ebinger/roscourse_ws/install/turtle_interfaces/include/turtle_interfaces/turtle_interfaces/msg
[6.512s] -- Up-to-date: /home/yahboom/Desktop/S26_RobotProgramming_Crystal/lab3/Ebinger/roscourse_ws/install/turtle_interfaces/include/turtle_interfaces/turtle_interfaces/msg/detail
[6.512s] -- Installing: /home/yahboom/Desktop/S26_RobotProgramming_Crystal/lab3/Ebinger/roscourse_ws/install/turtle_interfaces/include/turtle_interfaces/turtle_interfaces/msg/detail/turtle_msg__rosidl_typesupport_fastrtps_cpp.hpp
[6.512s] -- Installing: /home/yahboom/Desktop/S26_RobotProgramming_Crystal/lab3/Ebinger/roscourse_ws/install/turtle_interfaces/include/turtle_interfaces/turtle_interfaces/msg/detail/dds_fastrtps
[6.512s] -- Installing: /home/yahboom/Desktop/S26_RobotProgramming_Crystal/lab3/Ebinger/roscourse_ws/install/turtle_interfaces/include/turtle_interfaces/turtle_interfaces/msg/rosidl_typesupport_fastrtps_cpp__visibility_control.h
[6.512s] -- Installing: /home/yahboom/Desktop/S26_RobotProgramming_Crystal/lab3/Ebinger/roscourse_ws/install/turtle_interfaces/lib/libturtle_interfaces__rosidl_typesupport_fastrtps_cpp.so
[6.512s] -- Set runtime path of "/home/yahboom/Desktop/S26_RobotProgramming_Crystal/lab3/Ebinger/roscourse_ws/install/turtle_interfaces/lib/libturtle_interfaces__rosidl_typesupport_fastrtps_cpp.so" to ""
[6.512s] -- Up-to-date: /home/yahboom/Desktop/S26_RobotProgramming_Crystal/lab3/Ebinger/roscourse_ws/install/turtle_interfaces/include/turtle_interfaces/turtle_interfaces
[6.512s] -- Up-to-date: /home/yahboom/Desktop/S26_RobotProgramming_Crystal/lab3/Ebinger/roscourse_ws/install/turtle_interfaces/include/turtle_interfaces/turtle_interfaces/srv
[6.512s] -- Up-to-date: /home/yahboom/Desktop/S26_RobotProgramming_Crystal/lab3/Ebinger/roscourse_ws/install/turtle_interfaces/include/turtle_interfaces/turtle_interfaces/srv/detail
[6.512s] -- Installing: /home/yahboom/Desktop/S26_RobotProgramming_Crystal/lab3/Ebinger/roscourse_ws/install/turtle_interfaces/include/turtle_interfaces/turtle_interfaces/srv/detail/set_color__type_support.c
[6.513s] -- Installing: /home/yahboom/Desktop/S26_RobotProgramming_Crystal/lab3/Ebinger/roscourse_ws/install/turtle_interfaces/include/turtle_interfaces/turtle_interfaces/srv/detail/set_pose__rosidl_typesupport_introspection_c.h
[6.513s] -- Installing: /home/yahboom/Desktop/S26_RobotProgramming_Crystal/lab3/Ebinger/roscourse_ws/install/turtle_interfaces/include/turtle_interfaces/turtle_interfaces/srv/detail/set_pose__type_support.c
[6.513s] -- Installing: /home/yahboom/Desktop/S26_RobotProgramming_Crystal/lab3/Ebinger/roscourse_ws/install/turtle_interfaces/include/turtle_interfaces/turtle_interfaces/srv/detail/set_color__rosidl_typesupport_introspection_c.h
[6.513s] -- Up-to-date: /home/yahboom/Desktop/S26_RobotProgramming_Crystal/lab3/Ebinger/roscourse_ws/install/turtle_interfaces/include/turtle_interfaces/turtle_interfaces/msg
[6.513s] -- Up-to-date: /home/yahboom/Desktop/S26_RobotProgramming_Crystal/lab3/Ebinger/roscourse_ws/install/turtle_interfaces/include/turtle_interfaces/turtle_interfaces/msg/detail
[6.513s] -- Installing: /home/yahboom/Desktop/S26_RobotProgramming_Crystal/lab3/Ebinger/roscourse_ws/install/turtle_interfaces/include/turtle_interfaces/turtle_interfaces/msg/detail/turtle_msg__rosidl_typesupport_introspection_c.h
[6.513s] -- Installing: /home/yahboom/Desktop/S26_RobotProgramming_Crystal/lab3/Ebinger/roscourse_ws/install/turtle_interfaces/include/turtle_interfaces/turtle_interfaces/msg/detail/turtle_msg__type_support.c
[6.513s] -- Installing: /home/yahboom/Desktop/S26_RobotProgramming_Crystal/lab3/Ebinger/roscourse_ws/install/turtle_interfaces/include/turtle_interfaces/turtle_interfaces/msg/rosidl_typesupport_introspection_c__visibility_control.h
[6.513s] -- Installing: /home/yahboom/Desktop/S26_RobotProgramming_Crystal/lab3/Ebinger/roscourse_ws/install/turtle_interfaces/lib/libturtle_interfaces__rosidl_typesupport_introspection_c.so
[6.513s] -- Set runtime path of "/home/yahboom/Desktop/S26_RobotProgramming_Crystal/lab3/Ebinger/roscourse_ws/install/turtle_interfaces/lib/libturtle_interfaces__rosidl_typesupport_introspection_c.so" to ""
[6.513s] -- Installing: /home/yahboom/Desktop/S26_RobotProgramming_Crystal/lab3/Ebinger/roscourse_ws/install/turtle_interfaces/lib/libturtle_interfaces__rosidl_typesupport_c.so
[6.514s] -- Set runtime path of "/home/yahboom/Desktop/S26_RobotProgramming_Crystal/lab3/Ebinger/roscourse_ws/install/turtle_interfaces/lib/libturtle_interfaces__rosidl_typesupport_c.so" to ""
[6.514s] -- Up-to-date: /home/yahboom/Desktop/S26_RobotProgramming_Crystal/lab3/Ebinger/roscourse_ws/install/turtle_interfaces/include/turtle_interfaces/turtle_interfaces
[6.514s] -- Up-to-date: /home/yahboom/Desktop/S26_RobotProgramming_Crystal/lab3/Ebinger/roscourse_ws/install/turtle_interfaces/include/turtle_interfaces/turtle_interfaces/srv
[6.514s] -- Up-to-date: /home/yahboom/Desktop/S26_RobotProgramming_Crystal/lab3/Ebinger/roscourse_ws/install/turtle_interfaces/include/turtle_interfaces/turtle_interfaces/srv/detail
[6.514s] -- Installing: /home/yahboom/Desktop/S26_RobotProgramming_Crystal/lab3/Ebinger/roscourse_ws/install/turtle_interfaces/include/turtle_interfaces/turtle_interfaces/srv/detail/set_color__type_support.cpp
[6.514s] -- Installing: /home/yahboom/Desktop/S26_RobotProgramming_Crystal/lab3/Ebinger/roscourse_ws/install/turtle_interfaces/include/turtle_interfaces/turtle_interfaces/srv/detail/set_pose__rosidl_typesupport_introspection_cpp.hpp
[6.514s] -- Installing: /home/yahboom/Desktop/S26_RobotProgramming_Crystal/lab3/Ebinger/roscourse_ws/install/turtle_interfaces/include/turtle_interfaces/turtle_interfaces/srv/detail/set_pose__type_support.cpp
[6.514s] -- Installing: /home/yahboom/Desktop/S26_RobotProgramming_Crystal/lab3/Ebinger/roscourse_ws/install/turtle_interfaces/include/turtle_interfaces/turtle_interfaces/srv/detail/set_color__rosidl_typesupport_introspection_cpp.hpp
[6.514s] -- Up-to-date: /home/yahboom/Desktop/S26_RobotProgramming_Crystal/lab3/Ebinger/roscourse_ws/install/turtle_interfaces/include/turtle_interfaces/turtle_interfaces/msg
[6.514s] -- Up-to-date: /home/yahboom/Desktop/S26_RobotProgramming_Crystal/lab3/Ebinger/roscourse_ws/install/turtle_interfaces/include/turtle_interfaces/turtle_interfaces/msg/detail
[6.514s] -- Installing: /home/yahboom/Desktop/S26_RobotProgramming_Crystal/lab3/Ebinger/roscourse_ws/install/turtle_interfaces/include/turtle_interfaces/turtle_interfaces/msg/detail/turtle_msg__type_support.cpp
[6.514s] -- Installing: /home/yahboom/Desktop/S26_RobotProgramming_Crystal/lab3/Ebinger/roscourse_ws/install/turtle_interfaces/include/turtle_interfaces/turtle_interfaces/msg/detail/turtle_msg__rosidl_typesupport_introspection_cpp.hpp
[6.514s] -- Installing: /home/yahboom/Desktop/S26_RobotProgramming_Crystal/lab3/Ebinger/roscourse_ws/install/turtle_interfaces/lib/libturtle_interfaces__rosidl_typesupport_introspection_cpp.so
[6.515s] -- Set runtime path of "/home/yahboom/Desktop/S26_RobotProgramming_Crystal/lab3/Ebinger/roscourse_ws/install/turtle_interfaces/lib/libturtle_interfaces__rosidl_typesupport_introspection_cpp.so" to ""
[6.515s] -- Installing: /home/yahboom/Desktop/S26_RobotProgramming_Crystal/lab3/Ebinger/roscourse_ws/install/turtle_interfaces/lib/libturtle_interfaces__rosidl_typesupport_cpp.so
[6.515s] -- Set runtime path of "/home/yahboom/Desktop/S26_RobotProgramming_Crystal/lab3/Ebinger/roscourse_ws/install/turtle_interfaces/lib/libturtle_interfaces__rosidl_typesupport_cpp.so" to ""
[6.515s] -- Installing: /home/yahboom/Desktop/S26_RobotProgramming_Crystal/lab3/Ebinger/roscourse_ws/install/turtle_interfaces/share/turtle_interfaces/environment/pythonpath.sh
[6.515s] -- Installing: /home/yahboom/Desktop/S26_RobotProgramming_Crystal/lab3/Ebinger/roscourse_ws/install/turtle_interfaces/share/turtle_interfaces/environment/pythonpath.dsv
[6.516s] -- Installing: /home/yahboom/Desktop/S26_RobotProgramming_Crystal/lab3/Ebinger/roscourse_ws/install/turtle_interfaces/local/lib/python3.10/dist-packages/turtle_interfaces-0.0.0-py3.10.egg-info
[6.516s] -- Installing: /home/yahboom/Desktop/S26_RobotProgramming_Crystal/lab3/Ebinger/roscourse_ws/install/turtle_interfaces/local/lib/python3.10/dist-packages/turtle_interfaces-0.0.0-py3.10.egg-info/top_level.txt
[6.516s] -- Installing: /home/yahboom/Desktop/S26_RobotProgramming_Crystal/lab3/Ebinger/roscourse_ws/install/turtle_interfaces/local/lib/python3.10/dist-packages/turtle_interfaces-0.0.0-py3.10.egg-info/PKG-INFO
[6.516s] -- Installing: /home/yahboom/Desktop/S26_RobotProgramming_Crystal/lab3/Ebinger/roscourse_ws/install/turtle_interfaces/local/lib/python3.10/dist-packages/turtle_interfaces-0.0.0-py3.10.egg-info/dependency_links.txt
[6.516s] -- Installing: /home/yahboom/Desktop/S26_RobotProgramming_Crystal/lab3/Ebinger/roscourse_ws/install/turtle_interfaces/local/lib/python3.10/dist-packages/turtle_interfaces-0.0.0-py3.10.egg-info/SOURCES.txt
[6.516s] -- Installing: /home/yahboom/Desktop/S26_RobotProgramming_Crystal/lab3/Ebinger/roscourse_ws/install/turtle_interfaces/local/lib/python3.10/dist-packages/turtle_interfaces
[6.516s] -- Installing: /home/yahboom/Desktop/S26_RobotProgramming_Crystal/lab3/Ebinger/roscourse_ws/install/turtle_interfaces/local/lib/python3.10/dist-packages/turtle_interfaces/libturtle_interfaces__rosidl_generator_py.so
[6.516s] -- Installing: /home/yahboom/Desktop/S26_RobotProgramming_Crystal/lab3/Ebinger/roscourse_ws/install/turtle_interfaces/local/lib/python3.10/dist-packages/turtle_interfaces/_turtle_interfaces_s.ep.rosidl_typesupport_c.c
[6.516s] -- Installing: /home/yahboom/Desktop/S26_RobotProgramming_Crystal/lab3/Ebinger/roscourse_ws/install/turtle_interfaces/local/lib/python3.10/dist-packages/turtle_interfaces/srv
[6.516s] -- Installing: /home/yahboom/Desktop/S26_RobotProgramming_Crystal/lab3/Ebinger/roscourse_ws/install/turtle_interfaces/local/lib/python3.10/dist-packages/turtle_interfaces/srv/_set_color.py
[6.517s] -- Installing: /home/yahboom/Desktop/S26_RobotProgramming_Crystal/lab3/Ebinger/roscourse_ws/install/turtle_interfaces/local/lib/python3.10/dist-packages/turtle_interfaces/srv/_set_pose_s.c
[6.517s] -- Installing: /home/yahboom/Desktop/S26_RobotProgramming_Crystal/lab3/Ebinger/roscourse_ws/install/turtle_interfaces/local/lib/python3.10/dist-packages/turtle_interfaces/srv/__init__.py
[6.517s] -- Installing: /home/yahboom/Desktop/S26_RobotProgramming_Crystal/lab3/Ebinger/roscourse_ws/install/turtle_interfaces/local/lib/python3.10/dist-packages/turtle_interfaces/srv/_set_color_s.c
[6.517s] -- Installing: /home/yahboom/Desktop/S26_RobotProgramming_Crystal/lab3/Ebinger/roscourse_ws/install/turtle_interfaces/local/lib/python3.10/dist-packages/turtle_interfaces/srv/_set_pose.py
[6.517s] -- Installing: /home/yahboom/Desktop/S26_RobotProgramming_Crystal/lab3/Ebinger/roscourse_ws/install/turtle_interfaces/local/lib/python3.10/dist-packages/turtle_interfaces/turtle_interfaces_s__rosidl_typesupport_introspection_c.cpython-310-x86_64-linux-gnu.so
[6.517s] -- Installing: /home/yahboom/Desktop/S26_RobotProgramming_Crystal/lab3/Ebinger/roscourse_ws/install/turtle_interfaces/local/lib/python3.10/dist-packages/turtle_interfaces/__init__.py
[6.517s] -- Installing: /home/yahboom/Desktop/S26_RobotProgramming_Crystal/lab3/Ebinger/roscourse_ws/install/turtle_interfaces/local/lib/python3.10/dist-packages/turtle_interfaces/turtle_interfaces_s__rosidl_typesupport_fastrtps_c.cpython-310-x86_64-linux-gnu.so
[6.517s] -- Installing: /home/yahboom/Desktop/S26_RobotProgramming_Crystal/lab3/Ebinger/roscourse_ws/install/turtle_interfaces/local/lib/python3.10/dist-packages/turtle_interfaces/_turtle_interfaces_s.ep.rosidl_typesupport_introspection_c.c
[6.518s] -- Installing: /home/yahboom/Desktop/S26_RobotProgramming_Crystal/lab3/Ebinger/roscourse_ws/install/turtle_interfaces/local/lib/python3.10/dist-packages/turtle_interfaces/msg
[6.518s] -- Installing: /home/yahboom/Desktop/S26_RobotProgramming_Crystal/lab3/Ebinger/roscourse_ws/install/turtle_interfaces/local/lib/python3.10/dist-packages/turtle_interfaces/msg/_turtle_msg.py
[6.518s] -- Installing: /home/yahboom/Desktop/S26_RobotProgramming_Crystal/lab3/Ebinger/roscourse_ws/install/turtle_interfaces/local/lib/python3.10/dist-packages/turtle_interfaces/msg/__init__.py
[6.518s] -- Installing: /home/yahboom/Desktop/S26_RobotProgramming_Crystal/lab3/Ebinger/roscourse_ws/install/turtle_interfaces/local/lib/python3.10/dist-packages/turtle_interfaces/msg/_turtle_msg_s.c
[6.518s] -- Installing: /home/yahboom/Desktop/S26_RobotProgramming_Crystal/lab3/Ebinger/roscourse_ws/install/turtle_interfaces/local/lib/python3.10/dist-packages/turtle_interfaces/turtle_interfaces_s__rosidl_typesupport_c.cpython-310-x86_64-linux-gnu.so
[6.518s] -- Installing: /home/yahboom/Desktop/S26_RobotProgramming_Crystal/lab3/Ebinger/roscourse_ws/install/turtle_interfaces/local/lib/python3.10/dist-packages/turtle_interfaces/_turtle_interfaces_s.ep.rosidl_typesupport_fastrtps_c.c
[6.561s] Listing '/home/yahboom/Desktop/S26_RobotProgramming_Crystal/lab3/Ebinger/roscourse_ws/install/turtle_interfaces/local/lib/python3.10/dist-packages/turtle_interfaces'...
[6.561s] Compiling '/home/yahboom/Desktop/S26_RobotProgramming_Crystal/lab3/Ebinger/roscourse_ws/install/turtle_interfaces/local/lib/python3.10/dist-packages/turtle_interfaces/__init__.py'...
[6.561s] Listing '/home/yahboom/Desktop/S26_RobotProgramming_Crystal/lab3/Ebinger/roscourse_ws/install/turtle_interfaces/local/lib/python3.10/dist-packages/turtle_interfaces/msg'...
[6.561s] Compiling '/home/yahboom/Desktop/S26_RobotProgramming_Crystal/lab3/Ebinger/roscourse_ws/install/turtle_interfaces/local/lib/python3.10/dist-packages/turtle_interfaces/msg/__init__.py'...
[6.561s] Compiling '/home/yahboom/Desktop/S26_RobotProgramming_Crystal/lab3/Ebinger/roscourse_ws/install/turtle_interfaces/local/lib/python3.10/dist-packages/turtle_interfaces/msg/_turtle_msg.py'...
[6.561s] Listing '/home/yahboom/Desktop/S26_RobotProgramming_Crystal/lab3/Ebinger/roscourse_ws/install/turtle_interfaces/local/lib/python3.10/dist-packages/turtle_interfaces/srv'...
[6.561s] Compiling '/home/yahboom/Desktop/S26_RobotProgramming_Crystal/lab3/Ebinger/roscourse_ws/install/turtle_interfaces/local/lib/python3.10/dist-packages/turtle_interfaces/srv/__init__.py'...
[6.561s] Compiling '/home/yahboom/Desktop/S26_RobotProgramming_Crystal/lab3/Ebinger/roscourse_ws/install/turtle_interfaces/local/lib/python3.10/dist-packages/turtle_interfaces/srv/_set_color.py'...
[6.561s] Compiling '/home/yahboom/Desktop/S26_RobotProgramming_Crystal/lab3/Ebinger/roscourse_ws/install/turtle_interfaces/local/lib/python3.10/dist-packages/turtle_interfaces/srv/_set_pose.py'...
[6.565s] -- Installing: /home/yahboom/Desktop/S26_RobotProgramming_Crystal/lab3/Ebinger/roscourse_ws/install/turtle_interfaces/local/lib/python3.10/dist-packages/turtle_interfaces/turtle_interfaces_s__rosidl_typesupport_fastrtps_c.cpython-310-x86_64-linux-gnu.so
[6.565s] -- Set runtime path of "/home/yahboom/Desktop/S26_RobotProgramming_Crystal/lab3/Ebinger/roscourse_ws/install/turtle_interfaces/local/lib/python3.10/dist-packages/turtle_interfaces/turtle_interfaces_s__rosidl_typesupport_fastrtps_c.cpython-310-x86_64-linux-gnu.so" to ""
[6.565s] -- Installing: /home/yahboom/Desktop/S26_RobotProgramming_Crystal/lab3/Ebinger/roscourse_ws/install/turtle_interfaces/local/lib/python3.10/dist-packages/turtle_interfaces/turtle_interfaces_s__rosidl_typesupport_introspection_c.cpython-310-x86_64-linux-gnu.so
[6.565s] -- Set runtime path of "/home/yahboom/Desktop/S26_RobotProgramming_Crystal/lab3/Ebinger/roscourse_ws/install/turtle_interfaces/local/lib/python3.10/dist-packages/turtle_interfaces/turtle_interfaces_s__rosidl_typesupport_introspection_c.cpython-310-x86_64-linux-gnu.so" to ""
[6.566s] -- Installing: /home/yahboom/Desktop/S26_RobotProgramming_Crystal/lab3/Ebinger/roscourse_ws/install/turtle_interfaces/local/lib/python3.10/dist-packages/turtle_interfaces/turtle_interfaces_s__rosidl_typesupport_c.cpython-310-x86_64-linux-gnu.so
[6.566s] -- Set runtime path of "/home/yahboom/Desktop/S26_RobotProgramming_Crystal/lab3/Ebinger/roscourse_ws/install/turtle_interfaces/local/lib/python3.10/dist-packages/turtle_interfaces/turtle_interfaces_s__rosidl_typesupport_c.cpython-310-x86_64-linux-gnu.so" to ""
[6.566s] -- Installing: /home/yahboom/Desktop/S26_RobotProgramming_Crystal/lab3/Ebinger/roscourse_ws/install/turtle_interfaces/lib/libturtle_interfaces__rosidl_generator_py.so
[6.566s] -- Set runtime path of "/home/yahboom/Desktop/S26_RobotProgramming_Crystal/lab3/Ebinger/roscourse_ws/install/turtle_interfaces/lib/libturtle_interfaces__rosidl_generator_py.so" to ""
[6.566s] -- Installing: /home/yahboom/Desktop/S26_RobotProgramming_Crystal/lab3/Ebinger/roscourse_ws/install/turtle_interfaces/share/turtle_interfaces/msg/TurtleMsg.idl
[6.567s] -- Installing: /home/yahboom/Desktop/S26_RobotProgramming_Crystal/lab3/Ebinger/roscourse_ws/install/turtle_interfaces/share/turtle_interfaces/srv/SetPose.idl
[6.567s] -- Installing: /home/yahboom/Desktop/S26_RobotProgramming_Crystal/lab3/Ebinger/roscourse_ws/install/turtle_interfaces/share/turtle_interfaces/srv/SetColor.idl
[6.567s] -- Installing: /home/yahboom/Desktop/S26_RobotProgramming_Crystal/lab3/Ebinger/roscourse_ws/install/turtle_interfaces/share/turtle_interfaces/msg/TurtleMsg.msg
[6.567s] -- Installing: /home/yahboom/Desktop/S26_RobotProgramming_Crystal/lab3/Ebinger/roscourse_ws/install/turtle_interfaces/share/turtle_interfaces/srv/SetPose.srv
[6.567s] -- Installing: /home/yahboom/Desktop/S26_RobotProgramming_Crystal/lab3/Ebinger/roscourse_ws/install/turtle_interfaces/share/turtle_interfaces/srv/SetPose_Request.msg
[6.567s] -- Installing: /home/yahboom/Desktop/S26_RobotProgramming_Crystal/lab3/Ebinger/roscourse_ws/install/turtle_interfaces/share/turtle_interfaces/srv/SetPose_Response.msg
[6.567s] -- Installing: /home/yahboom/Desktop/S26_RobotProgramming_Crystal/lab3/Ebinger/roscourse_ws/install/turtle_interfaces/share/turtle_interfaces/srv/SetColor.srv
[6.567s] -- Installing: /home/yahboom/Desktop/S26_RobotProgramming_Crystal/lab3/Ebinger/roscourse_ws/install/turtle_interfaces/share/turtle_interfaces/srv/SetColor_Request.msg
[6.567s] -- Installing: /home/yahboom/Desktop/S26_RobotProgramming_Crystal/lab3/Ebinger/roscourse_ws/install/turtle_interfaces/share/turtle_interfaces/srv/SetColor_Response.msg
[6.568s] -- Installing: /home/yahboom/Desktop/S26_RobotProgramming_Crystal/lab3/Ebinger/roscourse_ws/install/turtle_interfaces/share/ament_index/resource_index/package_run_dependencies/turtle_interfaces
[6.568s] -- Installing: /home/yahboom/Desktop/S26_RobotProgramming_Crystal/lab3/Ebinger/roscourse_ws/install/turtle_interfaces/share/ament_index/resource_index/parent_prefix_path/turtle_interfaces
[6.568s] -- Installing: /home/yahboom/Desktop/S26_RobotProgramming_Crystal/lab3/Ebinger/roscourse_ws/install/turtle_interfaces/share/turtle_interfaces/environment/ament_prefix_path.sh
[6.568s] -- Installing: /home/yahboom/Desktop/S26_RobotProgramming_Crystal/lab3/Ebinger/roscourse_ws/install/turtle_interfaces/share/turtle_interfaces/environment/ament_prefix_path.dsv
[6.568s] -- Installing: /home/yahboom/Desktop/S26_RobotProgramming_Crystal/lab3/Ebinger/roscourse_ws/install/turtle_interfaces/share/turtle_interfaces/environment/path.sh
[6.568s] -- Installing: /home/yahboom/Desktop/S26_RobotProgramming_Crystal/lab3/Ebinger/roscourse_ws/install/turtle_interfaces/share/turtle_interfaces/environment/path.dsv
[6.568s] -- Installing: /home/yahboom/Desktop/S26_RobotProgramming_Crystal/lab3/Ebinger/roscourse_ws/install/turtle_interfaces/share/turtle_interfaces/local_setup.bash
[6.568s] -- Installing: /home/yahboom/Desktop/S26_RobotProgramming_Crystal/lab3/Ebinger/roscourse_ws/install/turtle_interfaces/share/turtle_interfaces/local_setup.sh
[6.569s] -- Installing: /home/yahboom/Desktop/S26_RobotProgramming_Crystal/lab3/Ebinger/roscourse_ws/install/turtle_interfaces/share/turtle_interfaces/local_setup.zsh
[6.569s] -- Installing: /home/yahboom/Desktop/S26_RobotProgramming_Crystal/lab3/Ebinger/roscourse_ws/install/turtle_interfaces/share/turtle_interfaces/local_setup.dsv
[6.569s] -- Installing: /home/yahboom/Desktop/S26_RobotProgramming_Crystal/lab3/Ebinger/roscourse_ws/install/turtle_interfaces/share/turtle_interfaces/package.dsv
[6.569s] -- Installing: /home/yahboom/Desktop/S26_RobotProgramming_Crystal/lab3/Ebinger/roscourse_ws/install/turtle_interfaces/share/ament_index/resource_index/packages/turtle_interfaces
[6.569s] -- Installing: /home/yahboom/Desktop/S26_RobotProgramming_Crystal/lab3/Ebinger/roscourse_ws/install/turtle_interfaces/share/turtle_interfaces/cmake/export_turtle_interfaces__rosidl_generator_cExport.cmake
[6.569s] -- Installing: /home/yahboom/Desktop/S26_RobotProgramming_Crystal/lab3/Ebinger/roscourse_ws/install/turtle_interfaces/share/turtle_interfaces/cmake/export_turtle_interfaces__rosidl_generator_cExport-noconfig.cmake
[6.570s] -- Installing: /home/yahboom/Desktop/S26_RobotProgramming_Crystal/lab3/Ebinger/roscourse_ws/install/turtle_interfaces/share/turtle_interfaces/cmake/export_turtle_interfaces__rosidl_typesupport_fastrtps_cExport.cmake
[6.570s] -- Installing: /home/yahboom/Desktop/S26_RobotProgramming_Crystal/lab3/Ebinger/roscourse_ws/install/turtle_interfaces/share/turtle_interfaces/cmake/export_turtle_interfaces__rosidl_typesupport_fastrtps_cExport-noconfig.cmake
[6.570s] -- Installing: /home/yahboom/Desktop/S26_RobotProgramming_Crystal/lab3/Ebinger/roscourse_ws/install/turtle_interfaces/share/turtle_interfaces/cmake/export_turtle_interfaces__rosidl_generator_cppExport.cmake
[6.570s] -- Installing: /home/yahboom/Desktop/S26_RobotProgramming_Crystal/lab3/Ebinger/roscourse_ws/install/turtle_interfaces/share/turtle_interfaces/cmake/export_turtle_interfaces__rosidl_typesupport_fastrtps_cppExport.cmake
[6.570s] -- Installing: /home/yahboom/Desktop/S26_RobotProgramming_Crystal/lab3/Ebinger/roscourse_ws/install/turtle_interfaces/share/turtle_interfaces/cmake/export_turtle_interfaces__rosidl_typesupport_fastrtps_cppExport-noconfig.cmake
[6.570s] -- Installing: /home/yahboom/Desktop/S26_RobotProgramming_Crystal/lab3/Ebinger/roscourse_ws/install/turtle_interfaces/share/turtle_interfaces/cmake/turtle_interfaces__rosidl_typesupport_introspection_cExport.cmake
[6.570s] -- Installing: /home/yahboom/Desktop/S26_RobotProgramming_Crystal/lab3/Ebinger/roscourse_ws/install/turtle_interfaces/share/turtle_interfaces/cmake/turtle_interfaces__rosidl_typesupport_introspection_cExport-noconfig.cmake
[6.570s] -- Installing: /home/yahboom/Desktop/S26_RobotProgramming_Crystal/lab3/Ebinger/roscourse_ws/install/turtle_interfaces/share/turtle_interfaces/cmake/turtle_interfaces__rosidl_typesupport_cExport.cmake
[6.571s] -- Installing: /home/yahboom/Desktop/S26_RobotProgramming_Crystal/lab3/Ebinger/roscourse_ws/install/turtle_interfaces/share/turtle_interfaces/cmake/turtle_interfaces__rosidl_typesupport_cExport-noconfig.cmake
[6.571s] -- Installing: /home/yahboom/Desktop/S26_RobotProgramming_Crystal/lab3/Ebinger/roscourse_ws/install/turtle_interfaces/share/turtle_interfaces/cmake/turtle_interfaces__rosidl_typesupport_introspection_cppExport.cmake
[6.571s] -- Installing: /home/yahboom/Desktop/S26_RobotProgramming_Crystal/lab3/Ebinger/roscourse_ws/install/turtle_interfaces/share/turtle_interfaces/cmake/turtle_interfaces__rosidl_typesupport_introspection_cppExport-noconfig.cmake
[6.571s] -- Installing: /home/yahboom/Desktop/S26_RobotProgramming_Crystal/lab3/Ebinger/roscourse_ws/install/turtle_interfaces/share/turtle_interfaces/cmake/turtle_interfaces__rosidl_typesupport_cppExport.cmake
[6.571s] -- Installing: /home/yahboom/Desktop/S26_RobotProgramming_Crystal/lab3/Ebinger/roscourse_ws/install/turtle_interfaces/share/turtle_interfaces/cmake/turtle_interfaces__rosidl_typesupport_cppExport-noconfig.cmake
[6.571s] -- Installing: /home/yahboom/Desktop/S26_RobotProgramming_Crystal/lab3/Ebinger/roscourse_ws/install/turtle_interfaces/share/turtle_interfaces/cmake/export_turtle_interfaces__rosidl_generator_pyExport.cmake
[6.571s] -- Installing: /home/yahboom/Desktop/S26_RobotProgramming_Crystal/lab3/Ebinger/roscourse_ws/install/turtle_interfaces/share/turtle_interfaces/cmake/export_turtle_interfaces__rosidl_generator_pyExport-noconfig.cmake
[6.571s] -- Installing: /home/yahboom/Desktop/S26_RobotProgramming_Crystal/lab3/Ebinger/roscourse_ws/install/turtle_interfaces/share/turtle_interfaces/cmake/rosidl_cmake-extras.cmake
[6.572s] -- Installing: /home/yahboom/Desktop/S26_RobotProgramming_Crystal/lab3/Ebinger/roscourse_ws/install/turtle_interfaces/share/turtle_interfaces/cmake/ament_cmake_export_dependencies-extras.cmake
[6.572s] -- Installing: /home/yahboom/Desktop/S26_RobotProgramming_Crystal/lab3/Ebinger/roscourse_ws/install/turtle_interfaces/share/turtle_interfaces/cmake/ament_cmake_export_include_directories-extras.cmake
[6.572s] -- Installing: /home/yahboom/Desktop/S26_RobotProgramming_Crystal/lab3/Ebinger/roscourse_ws/install/turtle_interfaces/share/turtle_interfaces/cmake/ament_cmake_export_libraries-extras.cmake
[6.572s] -- Installing: /home/yahboom/Desktop/S26_RobotProgramming_Crystal/lab3/Ebinger/roscourse_ws/install/turtle_interfaces/share/turtle_interfaces/cmake/ament_cmake_export_targets-extras.cmake
[6.572s] -- Installing: /home/yahboom/Desktop/S26_RobotProgramming_Crystal/lab3/Ebinger/roscourse_ws/install/turtle_interfaces/share/turtle_interfaces/cmake/rosidl_cmake_export_typesupport_targets-extras.cmake
[6.572s] -- Installing: /home/yahboom/Desktop/S26_RobotProgramming_Crystal/lab3/Ebinger/roscourse_ws/install/turtle_interfaces/share/turtle_interfaces/cmake/rosidl_cmake_export_typesupport_libraries-extras.cmake
[6.572s] -- Installing: /home/yahboom/Desktop/S26_RobotProgramming_Crystal/lab3/Ebinger/roscourse_ws/install/turtle_interfaces/share/turtle_interfaces/cmake/turtle_interfacesConfig.cmake
[6.572s] -- Installing: /home/yahboom/Desktop/S26_RobotProgramming_Crystal/lab3/Ebinger/roscourse_ws/install/turtle_interfaces/share/turtle_interfaces/cmake/turtle_interfacesConfig-version.cmake
[6.572s] -- Installing: /home/yahboom/Desktop/S26_RobotProgramming_Crystal/lab3/Ebinger/roscourse_ws/install/turtle_interfaces/share/turtle_interfaces/package.xml
[6.575s] Invoked command in '/home/yahboom/Desktop/S26_RobotProgramming_Crystal/lab3/Ebinger/roscourse_ws/build/turtle_interfaces' returned '0': CMAKE_PREFIX_PATH=${CMAKE_PREFIX_PATH}:/home/yahboom/cartoros2/install/yahboomcar_nav:/home/yahboom/cartoros2/install/yahboomcar_ctrl:/home/yahboom/cartoros2/install/yahboom_visual:/home/yahboom/cartoros2/install/yahboom_dog_joint_state:/home/yahboom/cartoros2/install/yahboom_description:/home/yahboom/cartoros2/install/yahboom_color_identify_server:/home/yahboom/cartoros2/install/yahboom_bringup:/home/yahboom/cartoros2/install/yahboom_base:/home/yahboom/cartoros2/install/yahboom_app_save_map:/home/yahboom/cartoros2/install/update_map:/home/yahboom/cartoros2/install/rosboard:/home/yahboom/cartoros2/install/path_planner_server:/home/yahboom/cartoros2/install/nav2_simple_commander:/home/yahboom/cartoros2/install/nav2_gazebo_spawner:/home/yahboom/cartoros2/install/localization_server:/home/yahboom/cartoros2/install/laserscan_to_point_pulisher:/home/yahboom/yahboomcar_ws/install/yahboom_dog_example:/opt/ros/humble /usr/bin/cmake --install /home/yahboom/Desktop/S26_RobotProgramming_Crystal/lab3/Ebinger/roscourse_ws/build/turtle_interfaces
