[0.101s] DEBUG:colcon:Command line arguments: ['/usr/bin/colcon', 'build', '--symlink-install', '--allow-overriding', 'teleop_twist_keyboard']
[0.102s] DEBUG:colcon:Parsed command line arguments: Namespace(log_base=None, log_level=None, verb_name='build', build_base='build', install_base='install', merge_install=False, symlink_install=True, test_result_base=None, continue_on_error=False, executor='parallel', parallel_workers=4, event_handlers=None, ignore_user_meta=False, metas=['./colcon.meta'], base_paths=['.'], packages_ignore=None, packages_ignore_regex=None, paths=None, packages_up_to=None, packages_up_to_regex=None, packages_above=None, packages_above_and_dependencies=None, packages_above_depth=None, packages_select_by_dep=None, packages_skip_by_dep=None, packages_skip_up_to=None, packages_select_build_failed=False, packages_skip_build_finished=False, packages_select_test_failures=False, packages_skip_test_passed=False, packages_select=None, packages_skip=None, packages_select_regex=None, packages_skip_regex=None, packages_start=None, packages_end=None, allow_overriding=['teleop_twist_keyboard'], cmake_args=None, cmake_target=None, cmake_target_skip_unavailable=False, cmake_clean_cache=False, cmake_clean_first=False, cmake_force_configure=False, ament_cmake_args=None, catkin_cmake_args=None, catkin_skip_building_tests=False, verb_parser=<colcon_defaults.argument_parser.defaults.DefaultArgumentsDecorator object at 0x722877e83220>, verb_extension=<colcon_core.verb.build.BuildVerb object at 0x722877e82d10>, main=<bound method BuildVerb.main of <colcon_core.verb.build.BuildVerb object at 0x722877e82d10>>)
[0.262s] Level 1:colcon.colcon_core.package_discovery:discover_packages(colcon_meta) check parameters
[0.263s] Level 1:colcon.colcon_core.package_discovery:discover_packages(recursive) check parameters
[0.263s] Level 1:colcon.colcon_core.package_discovery:discover_packages(ignore) check parameters
[0.263s] Level 1:colcon.colcon_core.package_discovery:discover_packages(path) check parameters
[0.263s] Level 1:colcon.colcon_core.package_discovery:discover_packages(colcon_meta) discover
[0.263s] Level 1:colcon.colcon_core.package_discovery:discover_packages(recursive) discover
[0.263s] INFO:colcon.colcon_core.package_discovery:Crawling recursively for packages in '/home/yahboom/Desktop/S26_RobotProgramming_Crystal/lab4/Ferrara/roscourse_ws'
[0.263s] Level 1:colcon.colcon_core.package_identification:_identify(.) by extensions ['ignore', 'ignore_ament_install']
[0.263s] Level 1:colcon.colcon_core.package_identification:_identify(.) by extension 'ignore'
[0.263s] Level 1:colcon.colcon_core.package_identification:_identify(.) by extension 'ignore_ament_install'
[0.263s] Level 1:colcon.colcon_core.package_identification:_identify(.) by extensions ['colcon_pkg']
[0.263s] Level 1:colcon.colcon_core.package_identification:_identify(.) by extension 'colcon_pkg'
[0.263s] Level 1:colcon.colcon_core.package_identification:_identify(.) by extensions ['colcon_meta']
[0.263s] Level 1:colcon.colcon_core.package_identification:_identify(.) by extension 'colcon_meta'
[0.263s] Level 1:colcon.colcon_core.package_identification:_identify(.) by extensions ['ros']
[0.263s] Level 1:colcon.colcon_core.package_identification:_identify(.) by extension 'ros'
[0.272s] Level 1:colcon.colcon_core.package_identification:_identify(.) by extensions ['cmake', 'python']
[0.272s] Level 1:colcon.colcon_core.package_identification:_identify(.) by extension 'cmake'
[0.272s] Level 1:colcon.colcon_core.package_identification:_identify(.) by extension 'python'
[0.272s] Level 1:colcon.colcon_core.package_identification:_identify(.) by extensions ['python_setup_py']
[0.272s] Level 1:colcon.colcon_core.package_identification:_identify(.) by extension 'python_setup_py'
[0.272s] Level 1:colcon.colcon_core.package_identification:_identify(build) by extensions ['ignore', 'ignore_ament_install']
[0.272s] Level 1:colcon.colcon_core.package_identification:_identify(build) by extension 'ignore'
[0.272s] Level 1:colcon.colcon_core.package_identification:_identify(build) ignored
[0.272s] Level 1:colcon.colcon_core.package_identification:_identify(install) by extensions ['ignore', 'ignore_ament_install']
[0.272s] Level 1:colcon.colcon_core.package_identification:_identify(install) by extension 'ignore'
[0.272s] Level 1:colcon.colcon_core.package_identification:_identify(install) ignored
[0.272s] Level 1:colcon.colcon_core.package_identification:_identify(log) by extensions ['ignore', 'ignore_ament_install']
[0.272s] Level 1:colcon.colcon_core.package_identification:_identify(log) by extension 'ignore'
[0.272s] Level 1:colcon.colcon_core.package_identification:_identify(log) ignored
[0.273s] Level 1:colcon.colcon_core.package_identification:_identify(src) by extensions ['ignore', 'ignore_ament_install']
[0.273s] Level 1:colcon.colcon_core.package_identification:_identify(src) by extension 'ignore'
[0.273s] Level 1:colcon.colcon_core.package_identification:_identify(src) by extension 'ignore_ament_install'
[0.273s] Level 1:colcon.colcon_core.package_identification:_identify(src) by extensions ['colcon_pkg']
[0.273s] Level 1:colcon.colcon_core.package_identification:_identify(src) by extension 'colcon_pkg'
[0.273s] Level 1:colcon.colcon_core.package_identification:_identify(src) by extensions ['colcon_meta']
[0.273s] Level 1:colcon.colcon_core.package_identification:_identify(src) by extension 'colcon_meta'
[0.273s] Level 1:colcon.colcon_core.package_identification:_identify(src) by extensions ['ros']
[0.273s] Level 1:colcon.colcon_core.package_identification:_identify(src) by extension 'ros'
[0.273s] Level 1:colcon.colcon_core.package_identification:_identify(src) by extensions ['cmake', 'python']
[0.273s] Level 1:colcon.colcon_core.package_identification:_identify(src) by extension 'cmake'
[0.273s] Level 1:colcon.colcon_core.package_identification:_identify(src) by extension 'python'
[0.273s] Level 1:colcon.colcon_core.package_identification:_identify(src) by extensions ['python_setup_py']
[0.273s] Level 1:colcon.colcon_core.package_identification:_identify(src) by extension 'python_setup_py'
[0.273s] Level 1:colcon.colcon_core.package_identification:_identify(src/build) by extensions ['ignore', 'ignore_ament_install']
[0.273s] Level 1:colcon.colcon_core.package_identification:_identify(src/build) by extension 'ignore'
[0.273s] Level 1:colcon.colcon_core.package_identification:_identify(src/build) ignored
[0.273s] Level 1:colcon.colcon_core.package_identification:_identify(src/install) by extensions ['ignore', 'ignore_ament_install']
[0.273s] Level 1:colcon.colcon_core.package_identification:_identify(src/install) by extension 'ignore'
[0.273s] Level 1:colcon.colcon_core.package_identification:_identify(src/install) ignored
[0.273s] Level 1:colcon.colcon_core.package_identification:_identify(src/log) by extensions ['ignore', 'ignore_ament_install']
[0.273s] Level 1:colcon.colcon_core.package_identification:_identify(src/log) by extension 'ignore'
[0.273s] Level 1:colcon.colcon_core.package_identification:_identify(src/log) ignored
[0.274s] Level 1:colcon.colcon_core.package_identification:_identify(src/python_turtle) by extensions ['ignore', 'ignore_ament_install']
[0.274s] Level 1:colcon.colcon_core.package_identification:_identify(src/python_turtle) by extension 'ignore'
[0.274s] Level 1:colcon.colcon_core.package_identification:_identify(src/python_turtle) by extension 'ignore_ament_install'
[0.274s] Level 1:colcon.colcon_core.package_identification:_identify(src/python_turtle) by extensions ['colcon_pkg']
[0.274s] Level 1:colcon.colcon_core.package_identification:_identify(src/python_turtle) by extension 'colcon_pkg'
[0.274s] Level 1:colcon.colcon_core.package_identification:_identify(src/python_turtle) by extensions ['colcon_meta']
[0.274s] Level 1:colcon.colcon_core.package_identification:_identify(src/python_turtle) by extension 'colcon_meta'
[0.274s] Level 1:colcon.colcon_core.package_identification:_identify(src/python_turtle) by extensions ['ros']
[0.274s] Level 1:colcon.colcon_core.package_identification:_identify(src/python_turtle) by extension 'ros'
[0.276s] DEBUG:colcon.colcon_core.package_identification:Package 'src/python_turtle' with type 'ros.ament_python' and name 'python_turtle'
[0.276s] Level 1:colcon.colcon_core.package_identification:_identify(src/teleop_twist_keyboard) by extensions ['ignore', 'ignore_ament_install']
[0.276s] Level 1:colcon.colcon_core.package_identification:_identify(src/teleop_twist_keyboard) by extension 'ignore'
[0.276s] Level 1:colcon.colcon_core.package_identification:_identify(src/teleop_twist_keyboard) by extension 'ignore_ament_install'
[0.276s] Level 1:colcon.colcon_core.package_identification:_identify(src/teleop_twist_keyboard) by extensions ['colcon_pkg']
[0.276s] Level 1:colcon.colcon_core.package_identification:_identify(src/teleop_twist_keyboard) by extension 'colcon_pkg'
[0.276s] Level 1:colcon.colcon_core.package_identification:_identify(src/teleop_twist_keyboard) by extensions ['colcon_meta']
[0.276s] Level 1:colcon.colcon_core.package_identification:_identify(src/teleop_twist_keyboard) by extension 'colcon_meta'
[0.276s] Level 1:colcon.colcon_core.package_identification:_identify(src/teleop_twist_keyboard) by extensions ['ros']
[0.276s] Level 1:colcon.colcon_core.package_identification:_identify(src/teleop_twist_keyboard) by extension 'ros'
[0.276s] DEBUG:colcon.colcon_core.package_identification:Package 'src/teleop_twist_keyboard' with type 'ros.ament_python' and name 'teleop_twist_keyboard'
[0.276s] Level 1:colcon.colcon_core.package_identification:_identify(src/turtle_interfaces) by extensions ['ignore', 'ignore_ament_install']
[0.277s] Level 1:colcon.colcon_core.package_identification:_identify(src/turtle_interfaces) by extension 'ignore'
[0.277s] Level 1:colcon.colcon_core.package_identification:_identify(src/turtle_interfaces) by extension 'ignore_ament_install'
[0.277s] Level 1:colcon.colcon_core.package_identification:_identify(src/turtle_interfaces) by extensions ['colcon_pkg']
[0.277s] Level 1:colcon.colcon_core.package_identification:_identify(src/turtle_interfaces) by extension 'colcon_pkg'
[0.277s] Level 1:colcon.colcon_core.package_identification:_identify(src/turtle_interfaces) by extensions ['colcon_meta']
[0.277s] Level 1:colcon.colcon_core.package_identification:_identify(src/turtle_interfaces) by extension 'colcon_meta'
[0.277s] Level 1:colcon.colcon_core.package_identification:_identify(src/turtle_interfaces) by extensions ['ros']
[0.277s] Level 1:colcon.colcon_core.package_identification:_identify(src/turtle_interfaces) by extension 'ros'
[0.277s] DEBUG:colcon.colcon_core.package_identification:Package 'src/turtle_interfaces' with type 'ros.ament_cmake' and name 'turtle_interfaces'
[0.277s] Level 1:colcon.colcon_core.package_identification:_identify(src/webcam) by extensions ['ignore', 'ignore_ament_install']
[0.277s] Level 1:colcon.colcon_core.package_identification:_identify(src/webcam) by extension 'ignore'
[0.277s] Level 1:colcon.colcon_core.package_identification:_identify(src/webcam) by extension 'ignore_ament_install'
[0.277s] Level 1:colcon.colcon_core.package_identification:_identify(src/webcam) by extensions ['colcon_pkg']
[0.277s] Level 1:colcon.colcon_core.package_identification:_identify(src/webcam) by extension 'colcon_pkg'
[0.277s] Level 1:colcon.colcon_core.package_identification:_identify(src/webcam) by extensions ['colcon_meta']
[0.277s] Level 1:colcon.colcon_core.package_identification:_identify(src/webcam) by extension 'colcon_meta'
[0.277s] Level 1:colcon.colcon_core.package_identification:_identify(src/webcam) by extensions ['ros']
[0.277s] Level 1:colcon.colcon_core.package_identification:_identify(src/webcam) by extension 'ros'
[0.278s] DEBUG:colcon.colcon_core.package_identification:Package 'src/webcam' with type 'ros.ament_python' and name 'webcam'
[0.279s] Level 1:colcon.colcon_core.package_discovery:discover_packages(recursive) using defaults
[0.279s] Level 1:colcon.colcon_core.package_discovery:discover_packages(ignore) discover
[0.279s] Level 1:colcon.colcon_core.package_discovery:discover_packages(ignore) using defaults
[0.279s] Level 1:colcon.colcon_core.package_discovery:discover_packages(path) discover
[0.279s] Level 1:colcon.colcon_core.package_discovery:discover_packages(path) using defaults
[0.308s] Level 1:colcon.colcon_core.package_discovery:discover_packages(prefix_path) check parameters
[0.308s] Level 1:colcon.colcon_core.package_discovery:discover_packages(prefix_path) discover
[0.312s] DEBUG:colcon.colcon_installed_package_information.package_discovery:Found 4 installed packages in /home/yahboom/Desktop/S26_RobotProgramming_Crystal/lab4/Ferrara/roscourse_ws/install
[0.313s] DEBUG:colcon.colcon_installed_package_information.package_discovery:Found 19 installed packages in /home/yahboom/yahboomcar_ws/install
[0.313s] DEBUG:colcon.colcon_installed_package_information.package_discovery:Found 2 installed packages in /home/yahboom/gmapping_ws/install
[0.315s] DEBUG:colcon.colcon_installed_package_information.package_discovery:Found 76 installed packages in /home/yahboom/cartoros2/install
[0.317s] DEBUG:colcon.colcon_installed_package_information.package_discovery:Found 346 installed packages in /opt/ros/humble
[0.320s] Level 1:colcon.colcon_core.package_discovery:discover_packages(prefix_path) using defaults
[0.361s] Level 5:colcon.colcon_core.verb:set package 'teleop_twist_keyboard' build argument 'cmake_args' from command line to 'None'
[0.361s] Level 5:colcon.colcon_core.verb:set package 'teleop_twist_keyboard' build argument 'cmake_target' from command line to 'None'
[0.361s] Level 5:colcon.colcon_core.verb:set package 'teleop_twist_keyboard' build argument 'cmake_target_skip_unavailable' from command line to 'False'
[0.361s] Level 5:colcon.colcon_core.verb:set package 'teleop_twist_keyboard' build argument 'cmake_clean_cache' from command line to 'False'
[0.361s] Level 5:colcon.colcon_core.verb:set package 'teleop_twist_keyboard' build argument 'cmake_clean_first' from command line to 'False'
[0.361s] Level 5:colcon.colcon_core.verb:set package 'teleop_twist_keyboard' build argument 'cmake_force_configure' from command line to 'False'
[0.361s] Level 5:colcon.colcon_core.verb:set package 'teleop_twist_keyboard' build argument 'ament_cmake_args' from command line to 'None'
[0.361s] Level 5:colcon.colcon_core.verb:set package 'teleop_twist_keyboard' build argument 'catkin_cmake_args' from command line to 'None'
[0.361s] Level 5:colcon.colcon_core.verb:set package 'teleop_twist_keyboard' build argument 'catkin_skip_building_tests' from command line to 'False'
[0.361s] DEBUG:colcon.colcon_core.verb:Building package 'teleop_twist_keyboard' with the following arguments: {'ament_cmake_args': None, 'build_base': '/home/yahboom/Desktop/S26_RobotProgramming_Crystal/lab4/Ferrara/roscourse_ws/build/teleop_twist_keyboard', 'catkin_cmake_args': None, 'catkin_skip_building_tests': False, 'cmake_args': None, 'cmake_clean_cache': False, 'cmake_clean_first': False, 'cmake_force_configure': False, 'cmake_target': None, 'cmake_target_skip_unavailable': False, 'install_base': '/home/yahboom/Desktop/S26_RobotProgramming_Crystal/lab4/Ferrara/roscourse_ws/install/teleop_twist_keyboard', 'merge_install': False, 'path': '/home/yahboom/Desktop/S26_RobotProgramming_Crystal/lab4/Ferrara/roscourse_ws/src/teleop_twist_keyboard', 'symlink_install': True, 'test_result_base': None}
[0.361s] Level 5:colcon.colcon_core.verb:set package 'turtle_interfaces' build argument 'cmake_args' from command line to 'None'
[0.361s] Level 5:colcon.colcon_core.verb:set package 'turtle_interfaces' build argument 'cmake_target' from command line to 'None'
[0.361s] Level 5:colcon.colcon_core.verb:set package 'turtle_interfaces' build argument 'cmake_target_skip_unavailable' from command line to 'False'
[0.361s] Level 5:colcon.colcon_core.verb:set package 'turtle_interfaces' build argument 'cmake_clean_cache' from command line to 'False'
[0.361s] Level 5:colcon.colcon_core.verb:set package 'turtle_interfaces' build argument 'cmake_clean_first' from command line to 'False'
[0.361s] Level 5:colcon.colcon_core.verb:set package 'turtle_interfaces' build argument 'cmake_force_configure' from command line to 'False'
[0.361s] Level 5:colcon.colcon_core.verb:set package 'turtle_interfaces' build argument 'ament_cmake_args' from command line to 'None'
[0.361s] Level 5:colcon.colcon_core.verb:set package 'turtle_interfaces' build argument 'catkin_cmake_args' from command line to 'None'
[0.361s] Level 5:colcon.colcon_core.verb:set package 'turtle_interfaces' build argument 'catkin_skip_building_tests' from command line to 'False'
[0.361s] DEBUG:colcon.colcon_core.verb:Building package 'turtle_interfaces' with the following arguments: {'ament_cmake_args': None, 'build_base': '/home/yahboom/Desktop/S26_RobotProgramming_Crystal/lab4/Ferrara/roscourse_ws/build/turtle_interfaces', 'catkin_cmake_args': None, 'catkin_skip_building_tests': False, 'cmake_args': None, 'cmake_clean_cache': False, 'cmake_clean_first': False, 'cmake_force_configure': False, 'cmake_target': None, 'cmake_target_skip_unavailable': False, 'install_base': '/home/yahboom/Desktop/S26_RobotProgramming_Crystal/lab4/Ferrara/roscourse_ws/install/turtle_interfaces', 'merge_install': False, 'path': '/home/yahboom/Desktop/S26_RobotProgramming_Crystal/lab4/Ferrara/roscourse_ws/src/turtle_interfaces', 'symlink_install': True, 'test_result_base': None}
[0.362s] Level 5:colcon.colcon_core.verb:set package 'webcam' build argument 'cmake_args' from command line to 'None'
[0.362s] Level 5:colcon.colcon_core.verb:set package 'webcam' build argument 'cmake_target' from command line to 'None'
[0.362s] Level 5:colcon.colcon_core.verb:set package 'webcam' build argument 'cmake_target_skip_unavailable' from command line to 'False'
[0.362s] Level 5:colcon.colcon_core.verb:set package 'webcam' build argument 'cmake_clean_cache' from command line to 'False'
[0.362s] Level 5:colcon.colcon_core.verb:set package 'webcam' build argument 'cmake_clean_first' from command line to 'False'
[0.362s] Level 5:colcon.colcon_core.verb:set package 'webcam' build argument 'cmake_force_configure' from command line to 'False'
[0.362s] Level 5:colcon.colcon_core.verb:set package 'webcam' build argument 'ament_cmake_args' from command line to 'None'
[0.362s] Level 5:colcon.colcon_core.verb:set package 'webcam' build argument 'catkin_cmake_args' from command line to 'None'
[0.362s] Level 5:colcon.colcon_core.verb:set package 'webcam' build argument 'catkin_skip_building_tests' from command line to 'False'
[0.362s] DEBUG:colcon.colcon_core.verb:Building package 'webcam' with the following arguments: {'ament_cmake_args': None, 'build_base': '/home/yahboom/Desktop/S26_RobotProgramming_Crystal/lab4/Ferrara/roscourse_ws/build/webcam', 'catkin_cmake_args': None, 'catkin_skip_building_tests': False, 'cmake_args': None, 'cmake_clean_cache': False, 'cmake_clean_first': False, 'cmake_force_configure': False, 'cmake_target': None, 'cmake_target_skip_unavailable': False, 'install_base': '/home/yahboom/Desktop/S26_RobotProgramming_Crystal/lab4/Ferrara/roscourse_ws/install/webcam', 'merge_install': False, 'path': '/home/yahboom/Desktop/S26_RobotProgramming_Crystal/lab4/Ferrara/roscourse_ws/src/webcam', 'symlink_install': True, 'test_result_base': None}
[0.362s] Level 5:colcon.colcon_core.verb:set package 'python_turtle' build argument 'cmake_args' from command line to 'None'
[0.362s] Level 5:colcon.colcon_core.verb:set package 'python_turtle' build argument 'cmake_target' from command line to 'None'
[0.362s] Level 5:colcon.colcon_core.verb:set package 'python_turtle' build argument 'cmake_target_skip_unavailable' from command line to 'False'
[0.362s] Level 5:colcon.colcon_core.verb:set package 'python_turtle' build argument 'cmake_clean_cache' from command line to 'False'
[0.362s] Level 5:colcon.colcon_core.verb:set package 'python_turtle' build argument 'cmake_clean_first' from command line to 'False'
[0.362s] Level 5:colcon.colcon_core.verb:set package 'python_turtle' build argument 'cmake_force_configure' from command line to 'False'
[0.362s] Level 5:colcon.colcon_core.verb:set package 'python_turtle' build argument 'ament_cmake_args' from command line to 'None'
[0.362s] Level 5:colcon.colcon_core.verb:set package 'python_turtle' build argument 'catkin_cmake_args' from command line to 'None'
[0.362s] Level 5:colcon.colcon_core.verb:set package 'python_turtle' build argument 'catkin_skip_building_tests' from command line to 'False'
[0.362s] DEBUG:colcon.colcon_core.verb:Building package 'python_turtle' with the following arguments: {'ament_cmake_args': None, 'build_base': '/home/yahboom/Desktop/S26_RobotProgramming_Crystal/lab4/Ferrara/roscourse_ws/build/python_turtle', 'catkin_cmake_args': None, 'catkin_skip_building_tests': False, 'cmake_args': None, 'cmake_clean_cache': False, 'cmake_clean_first': False, 'cmake_force_configure': False, 'cmake_target': None, 'cmake_target_skip_unavailable': False, 'install_base': '/home/yahboom/Desktop/S26_RobotProgramming_Crystal/lab4/Ferrara/roscourse_ws/install/python_turtle', 'merge_install': False, 'path': '/home/yahboom/Desktop/S26_RobotProgramming_Crystal/lab4/Ferrara/roscourse_ws/src/python_turtle', 'symlink_install': True, 'test_result_base': None}
[0.362s] INFO:colcon.colcon_core.executor:Executing jobs using 'parallel' executor
[0.363s] DEBUG:colcon.colcon_parallel_executor.executor.parallel:run_until_complete
[0.364s] INFO:colcon.colcon_ros.task.ament_cmake.build:Building ROS package in '/home/yahboom/Desktop/S26_RobotProgramming_Crystal/lab4/Ferrara/roscourse_ws/src/turtle_interfaces' with build type 'ament_cmake'
[0.364s] INFO:colcon.colcon_cmake.task.cmake.build:Building CMake package in '/home/yahboom/Desktop/S26_RobotProgramming_Crystal/lab4/Ferrara/roscourse_ws/src/turtle_interfaces'
[0.366s] INFO:colcon.colcon_core.plugin_system:Skipping extension 'colcon_core.shell.bat': Not used on non-Windows systems
[0.366s] INFO:colcon.colcon_core.shell:Skip shell extension 'powershell' for command environment: Not usable outside of PowerShell
[0.367s] DEBUG:colcon.colcon_core.shell:Skip shell extension 'dsv' for command environment
[0.376s] INFO:colcon.colcon_ros.task.ament_python.build:Building ROS package in '/home/yahboom/Desktop/S26_RobotProgramming_Crystal/lab4/Ferrara/roscourse_ws/src/teleop_twist_keyboard' with build type 'ament_python'
[0.376s] Level 1:colcon.colcon_core.shell:create_environment_hook('teleop_twist_keyboard', 'ament_prefix_path')
[0.376s] INFO:colcon.colcon_core.shell:Creating environment hook '/home/yahboom/Desktop/S26_RobotProgramming_Crystal/lab4/Ferrara/roscourse_ws/install/teleop_twist_keyboard/share/teleop_twist_keyboard/hook/ament_prefix_path.ps1'
[0.377s] INFO:colcon.colcon_core.shell:Creating environment descriptor '/home/yahboom/Desktop/S26_RobotProgramming_Crystal/lab4/Ferrara/roscourse_ws/install/teleop_twist_keyboard/share/teleop_twist_keyboard/hook/ament_prefix_path.dsv'
[0.377s] INFO:colcon.colcon_core.shell:Creating environment hook '/home/yahboom/Desktop/S26_RobotProgramming_Crystal/lab4/Ferrara/roscourse_ws/install/teleop_twist_keyboard/share/teleop_twist_keyboard/hook/ament_prefix_path.sh'
[0.378s] INFO:colcon.colcon_core.shell:Skip shell extension 'powershell' for command environment: Not usable outside of PowerShell
[0.378s] DEBUG:colcon.colcon_core.shell:Skip shell extension 'dsv' for command environment
[0.388s] INFO:colcon.colcon_ros.task.ament_python.build:Building ROS package in '/home/yahboom/Desktop/S26_RobotProgramming_Crystal/lab4/Ferrara/roscourse_ws/src/webcam' with build type 'ament_python'
[0.388s] Level 1:colcon.colcon_core.shell:create_environment_hook('webcam', 'ament_prefix_path')
[0.388s] INFO:colcon.colcon_core.shell:Creating environment hook '/home/yahboom/Desktop/S26_RobotProgramming_Crystal/lab4/Ferrara/roscourse_ws/install/webcam/share/webcam/hook/ament_prefix_path.ps1'
[0.389s] INFO:colcon.colcon_core.shell:Creating environment descriptor '/home/yahboom/Desktop/S26_RobotProgramming_Crystal/lab4/Ferrara/roscourse_ws/install/webcam/share/webcam/hook/ament_prefix_path.dsv'
[0.389s] INFO:colcon.colcon_core.shell:Creating environment hook '/home/yahboom/Desktop/S26_RobotProgramming_Crystal/lab4/Ferrara/roscourse_ws/install/webcam/share/webcam/hook/ament_prefix_path.sh'
[0.389s] INFO:colcon.colcon_core.shell:Skip shell extension 'powershell' for command environment: Not usable outside of PowerShell
[0.389s] DEBUG:colcon.colcon_core.shell:Skip shell extension 'dsv' for command environment
[0.404s] DEBUG:colcon.colcon_core.event_handler.log_command:Invoking command in '/home/yahboom/Desktop/S26_RobotProgramming_Crystal/lab4/Ferrara/roscourse_ws/build/turtle_interfaces': CMAKE_PREFIX_PATH=${CMAKE_PREFIX_PATH}:/home/yahboom/Desktop/S26_RobotProgramming_Crystal/lab4/Ferrara/roscourse_ws/install/webcam:/home/yahboom/Desktop/S26_RobotProgramming_Crystal/lab4/Ferrara/roscourse_ws/install/python_turtle:/home/yahboom/Desktop/S26_RobotProgramming_Crystal/lab4/Ferrara/roscourse_ws/install/teleop_twist_keyboard:/home/yahboom/cartoros2/install/yahboomcar_nav:/home/yahboom/cartoros2/install/yahboomcar_ctrl:/home/yahboom/cartoros2/install/yahboom_visual:/home/yahboom/cartoros2/install/yahboom_dog_joint_state:/home/yahboom/cartoros2/install/yahboom_description:/home/yahboom/cartoros2/install/yahboom_color_identify_server:/home/yahboom/cartoros2/install/yahboom_bringup:/home/yahboom/cartoros2/install/yahboom_base:/home/yahboom/cartoros2/install/yahboom_app_save_map:/home/yahboom/cartoros2/install/update_map:/home/yahboom/cartoros2/install/rosboard:/home/yahboom/cartoros2/install/path_planner_server:/home/yahboom/cartoros2/install/nav2_simple_commander:/home/yahboom/cartoros2/install/nav2_gazebo_spawner:/home/yahboom/cartoros2/install/localization_server:/home/yahboom/cartoros2/install/laserscan_to_point_pulisher:/home/yahboom/yahboomcar_ws/install/yahboom_dog_example:/opt/ros/humble /usr/bin/cmake --build /home/yahboom/Desktop/S26_RobotProgramming_Crystal/lab4/Ferrara/roscourse_ws/build/turtle_interfaces -- -j4 -l4
[0.695s] INFO:colcon.colcon_core.task.python.build:Building Python package in '/home/yahboom/Desktop/S26_RobotProgramming_Crystal/lab4/Ferrara/roscourse_ws/src/teleop_twist_keyboard'
[0.695s] INFO:colcon.colcon_core.shell:Skip shell extension 'powershell' for command environment: Not usable outside of PowerShell
[0.695s] DEBUG:colcon.colcon_core.shell:Skip shell extension 'dsv' for command environment
[1.006s] INFO:colcon.colcon_core.task.python.build:Building Python package in '/home/yahboom/Desktop/S26_RobotProgramming_Crystal/lab4/Ferrara/roscourse_ws/src/webcam'
[1.006s] INFO:colcon.colcon_core.shell:Skip shell extension 'powershell' for command environment: Not usable outside of PowerShell
[1.007s] DEBUG:colcon.colcon_core.shell:Skip shell extension 'dsv' for command environment
[1.019s] DEBUG:colcon.colcon_core.event_handler.log_command:Invoked command in '/home/yahboom/Desktop/S26_RobotProgramming_Crystal/lab4/Ferrara/roscourse_ws/build/turtle_interfaces' returned '0': CMAKE_PREFIX_PATH=${CMAKE_PREFIX_PATH}:/home/yahboom/Desktop/S26_RobotProgramming_Crystal/lab4/Ferrara/roscourse_ws/install/webcam:/home/yahboom/Desktop/S26_RobotProgramming_Crystal/lab4/Ferrara/roscourse_ws/install/python_turtle:/home/yahboom/Desktop/S26_RobotProgramming_Crystal/lab4/Ferrara/roscourse_ws/install/teleop_twist_keyboard:/home/yahboom/cartoros2/install/yahboomcar_nav:/home/yahboom/cartoros2/install/yahboomcar_ctrl:/home/yahboom/cartoros2/install/yahboom_visual:/home/yahboom/cartoros2/install/yahboom_dog_joint_state:/home/yahboom/cartoros2/install/yahboom_description:/home/yahboom/cartoros2/install/yahboom_color_identify_server:/home/yahboom/cartoros2/install/yahboom_bringup:/home/yahboom/cartoros2/install/yahboom_base:/home/yahboom/cartoros2/install/yahboom_app_save_map:/home/yahboom/cartoros2/install/update_map:/home/yahboom/cartoros2/install/rosboard:/home/yahboom/cartoros2/install/path_planner_server:/home/yahboom/cartoros2/install/nav2_simple_commander:/home/yahboom/cartoros2/install/nav2_gazebo_spawner:/home/yahboom/cartoros2/install/localization_server:/home/yahboom/cartoros2/install/laserscan_to_point_pulisher:/home/yahboom/yahboomcar_ws/install/yahboom_dog_example:/opt/ros/humble /usr/bin/cmake --build /home/yahboom/Desktop/S26_RobotProgramming_Crystal/lab4/Ferrara/roscourse_ws/build/turtle_interfaces -- -j4 -l4
[1.358s] DEBUG:colcon.colcon_core.event_handler.log_command:Invoking command in '/home/yahboom/Desktop/S26_RobotProgramming_Crystal/lab4/Ferrara/roscourse_ws/build/turtle_interfaces': CMAKE_PREFIX_PATH=${CMAKE_PREFIX_PATH}:/home/yahboom/Desktop/S26_RobotProgramming_Crystal/lab4/Ferrara/roscourse_ws/install/webcam:/home/yahboom/Desktop/S26_RobotProgramming_Crystal/lab4/Ferrara/roscourse_ws/install/python_turtle:/home/yahboom/Desktop/S26_RobotProgramming_Crystal/lab4/Ferrara/roscourse_ws/install/teleop_twist_keyboard:/home/yahboom/cartoros2/install/yahboomcar_nav:/home/yahboom/cartoros2/install/yahboomcar_ctrl:/home/yahboom/cartoros2/install/yahboom_visual:/home/yahboom/cartoros2/install/yahboom_dog_joint_state:/home/yahboom/cartoros2/install/yahboom_description:/home/yahboom/cartoros2/install/yahboom_color_identify_server:/home/yahboom/cartoros2/install/yahboom_bringup:/home/yahboom/cartoros2/install/yahboom_base:/home/yahboom/cartoros2/install/yahboom_app_save_map:/home/yahboom/cartoros2/install/update_map:/home/yahboom/cartoros2/install/rosboard:/home/yahboom/cartoros2/install/path_planner_server:/home/yahboom/cartoros2/install/nav2_simple_commander:/home/yahboom/cartoros2/install/nav2_gazebo_spawner:/home/yahboom/cartoros2/install/localization_server:/home/yahboom/cartoros2/install/laserscan_to_point_pulisher:/home/yahboom/yahboomcar_ws/install/yahboom_dog_example:/opt/ros/humble /usr/bin/cmake --install /home/yahboom/Desktop/S26_RobotProgramming_Crystal/lab4/Ferrara/roscourse_ws/build/turtle_interfaces
[1.368s] DEBUG:colcon.colcon_core.event_handler.log_command:Invoking command in '/home/yahboom/Desktop/S26_RobotProgramming_Crystal/lab4/Ferrara/roscourse_ws/build/teleop_twist_keyboard': PYTHONPATH=/home/yahboom/Desktop/S26_RobotProgramming_Crystal/lab4/Ferrara/roscourse_ws/build/teleop_twist_keyboard/prefix_override:/home/yahboom/Desktop/S26_RobotProgramming_Crystal/lab4/Ferrara/roscourse_ws/install/teleop_twist_keyboard/lib/python3.10/site-packages:${PYTHONPATH} /usr/bin/python3 -W ignore:setup.py install is deprecated setup.py develop --editable --build-directory /home/yahboom/Desktop/S26_RobotProgramming_Crystal/lab4/Ferrara/roscourse_ws/build/teleop_twist_keyboard/build --no-deps symlink_data
[1.397s] DEBUG:colcon.colcon_core.event_handler.log_command:Invoking command in '/home/yahboom/Desktop/S26_RobotProgramming_Crystal/lab4/Ferrara/roscourse_ws/build/webcam': PYTHONPATH=/home/yahboom/Desktop/S26_RobotProgramming_Crystal/lab4/Ferrara/roscourse_ws/build/webcam/prefix_override:/home/yahboom/Desktop/S26_RobotProgramming_Crystal/lab4/Ferrara/roscourse_ws/install/webcam/lib/python3.10/site-packages:${PYTHONPATH} /usr/bin/python3 -W ignore:setup.py install is deprecated setup.py develop --editable --build-directory /home/yahboom/Desktop/S26_RobotProgramming_Crystal/lab4/Ferrara/roscourse_ws/build/webcam/build --no-deps symlink_data
[1.470s] Level 1:colcon.colcon_core.environment:create_environment_scripts_only(turtle_interfaces)
[1.471s] DEBUG:colcon.colcon_core.event_handler.log_command:Invoked command in '/home/yahboom/Desktop/S26_RobotProgramming_Crystal/lab4/Ferrara/roscourse_ws/build/turtle_interfaces' returned '0': CMAKE_PREFIX_PATH=${CMAKE_PREFIX_PATH}:/home/yahboom/Desktop/S26_RobotProgramming_Crystal/lab4/Ferrara/roscourse_ws/install/webcam:/home/yahboom/Desktop/S26_RobotProgramming_Crystal/lab4/Ferrara/roscourse_ws/install/python_turtle:/home/yahboom/Desktop/S26_RobotProgramming_Crystal/lab4/Ferrara/roscourse_ws/install/teleop_twist_keyboard:/home/yahboom/cartoros2/install/yahboomcar_nav:/home/yahboom/cartoros2/install/yahboomcar_ctrl:/home/yahboom/cartoros2/install/yahboom_visual:/home/yahboom/cartoros2/install/yahboom_dog_joint_state:/home/yahboom/cartoros2/install/yahboom_description:/home/yahboom/cartoros2/install/yahboom_color_identify_server:/home/yahboom/cartoros2/install/yahboom_bringup:/home/yahboom/cartoros2/install/yahboom_base:/home/yahboom/cartoros2/install/yahboom_app_save_map:/home/yahboom/cartoros2/install/update_map:/home/yahboom/cartoros2/install/rosboard:/home/yahboom/cartoros2/install/path_planner_server:/home/yahboom/cartoros2/install/nav2_simple_commander:/home/yahboom/cartoros2/install/nav2_gazebo_spawner:/home/yahboom/cartoros2/install/localization_server:/home/yahboom/cartoros2/install/laserscan_to_point_pulisher:/home/yahboom/yahboomcar_ws/install/yahboom_dog_example:/opt/ros/humble /usr/bin/cmake --install /home/yahboom/Desktop/S26_RobotProgramming_Crystal/lab4/Ferrara/roscourse_ws/build/turtle_interfaces
[1.473s] Level 1:colcon.colcon_core.environment:checking '/home/yahboom/Desktop/S26_RobotProgramming_Crystal/lab4/Ferrara/roscourse_ws/install/turtle_interfaces' for CMake module files
[1.474s] Level 1:colcon.colcon_core.environment:checking '/home/yahboom/Desktop/S26_RobotProgramming_Crystal/lab4/Ferrara/roscourse_ws/install/turtle_interfaces' for CMake config files
[1.474s] Level 1:colcon.colcon_core.shell:create_environment_hook('turtle_interfaces', 'cmake_prefix_path')
[1.475s] INFO:colcon.colcon_core.shell:Creating environment hook '/home/yahboom/Desktop/S26_RobotProgramming_Crystal/lab4/Ferrara/roscourse_ws/install/turtle_interfaces/share/turtle_interfaces/hook/cmake_prefix_path.ps1'
[1.475s] INFO:colcon.colcon_core.shell:Creating environment descriptor '/home/yahboom/Desktop/S26_RobotProgramming_Crystal/lab4/Ferrara/roscourse_ws/install/turtle_interfaces/share/turtle_interfaces/hook/cmake_prefix_path.dsv'
[1.476s] INFO:colcon.colcon_core.shell:Creating environment hook '/home/yahboom/Desktop/S26_RobotProgramming_Crystal/lab4/Ferrara/roscourse_ws/install/turtle_interfaces/share/turtle_interfaces/hook/cmake_prefix_path.sh'
[1.476s] Level 1:colcon.colcon_core.environment:checking '/home/yahboom/Desktop/S26_RobotProgramming_Crystal/lab4/Ferrara/roscourse_ws/install/turtle_interfaces/lib'
[1.477s] Level 1:colcon.colcon_core.shell:create_environment_hook('turtle_interfaces', 'ld_library_path_lib')
[1.477s] INFO:colcon.colcon_core.shell:Creating environment hook '/home/yahboom/Desktop/S26_RobotProgramming_Crystal/lab4/Ferrara/roscourse_ws/install/turtle_interfaces/share/turtle_interfaces/hook/ld_library_path_lib.ps1'
[1.477s] INFO:colcon.colcon_core.shell:Creating environment descriptor '/home/yahboom/Desktop/S26_RobotProgramming_Crystal/lab4/Ferrara/roscourse_ws/install/turtle_interfaces/share/turtle_interfaces/hook/ld_library_path_lib.dsv'
[1.478s] INFO:colcon.colcon_core.shell:Creating environment hook '/home/yahboom/Desktop/S26_RobotProgramming_Crystal/lab4/Ferrara/roscourse_ws/install/turtle_interfaces/share/turtle_interfaces/hook/ld_library_path_lib.sh'
[1.478s] Level 1:colcon.colcon_core.environment:checking '/home/yahboom/Desktop/S26_RobotProgramming_Crystal/lab4/Ferrara/roscourse_ws/install/turtle_interfaces/bin'
[1.478s] Level 1:colcon.colcon_core.environment:checking '/home/yahboom/Desktop/S26_RobotProgramming_Crystal/lab4/Ferrara/roscourse_ws/install/turtle_interfaces/lib/pkgconfig/turtle_interfaces.pc'
[1.478s] Level 1:colcon.colcon_core.environment:checking '/home/yahboom/Desktop/S26_RobotProgramming_Crystal/lab4/Ferrara/roscourse_ws/install/turtle_interfaces/lib/python3.10/site-packages'
[1.478s] Level 1:colcon.colcon_core.environment:checking '/home/yahboom/Desktop/S26_RobotProgramming_Crystal/lab4/Ferrara/roscourse_ws/install/turtle_interfaces/bin'
[1.479s] INFO:colcon.colcon_core.shell:Creating package script '/home/yahboom/Desktop/S26_RobotProgramming_Crystal/lab4/Ferrara/roscourse_ws/install/turtle_interfaces/share/turtle_interfaces/package.ps1'
[1.479s] INFO:colcon.colcon_core.shell:Creating package descriptor '/home/yahboom/Desktop/S26_RobotProgramming_Crystal/lab4/Ferrara/roscourse_ws/install/turtle_interfaces/share/turtle_interfaces/package.dsv'
[1.480s] INFO:colcon.colcon_core.shell:Creating package script '/home/yahboom/Desktop/S26_RobotProgramming_Crystal/lab4/Ferrara/roscourse_ws/install/turtle_interfaces/share/turtle_interfaces/package.sh'
[1.480s] INFO:colcon.colcon_core.shell:Creating package script '/home/yahboom/Desktop/S26_RobotProgramming_Crystal/lab4/Ferrara/roscourse_ws/install/turtle_interfaces/share/turtle_interfaces/package.bash'
[1.481s] INFO:colcon.colcon_core.shell:Creating package script '/home/yahboom/Desktop/S26_RobotProgramming_Crystal/lab4/Ferrara/roscourse_ws/install/turtle_interfaces/share/turtle_interfaces/package.zsh'
[1.481s] Level 1:colcon.colcon_core.environment:create_file_with_runtime_dependencies(/home/yahboom/Desktop/S26_RobotProgramming_Crystal/lab4/Ferrara/roscourse_ws/install/turtle_interfaces/share/colcon-core/packages/turtle_interfaces)
[1.826s] Level 1:colcon.colcon_core.environment:create_environment_scripts_only(turtle_interfaces)
[1.826s] Level 1:colcon.colcon_core.environment:checking '/home/yahboom/Desktop/S26_RobotProgramming_Crystal/lab4/Ferrara/roscourse_ws/install/turtle_interfaces' for CMake module files
[1.827s] Level 1:colcon.colcon_core.environment:checking '/home/yahboom/Desktop/S26_RobotProgramming_Crystal/lab4/Ferrara/roscourse_ws/install/turtle_interfaces' for CMake config files
[1.828s] Level 1:colcon.colcon_core.shell:create_environment_hook('turtle_interfaces', 'cmake_prefix_path')
[1.828s] INFO:colcon.colcon_core.shell:Creating environment hook '/home/yahboom/Desktop/S26_RobotProgramming_Crystal/lab4/Ferrara/roscourse_ws/install/turtle_interfaces/share/turtle_interfaces/hook/cmake_prefix_path.ps1'
[1.829s] INFO:colcon.colcon_core.shell:Creating environment descriptor '/home/yahboom/Desktop/S26_RobotProgramming_Crystal/lab4/Ferrara/roscourse_ws/install/turtle_interfaces/share/turtle_interfaces/hook/cmake_prefix_path.dsv'
[1.829s] INFO:colcon.colcon_core.shell:Creating environment hook '/home/yahboom/Desktop/S26_RobotProgramming_Crystal/lab4/Ferrara/roscourse_ws/install/turtle_interfaces/share/turtle_interfaces/hook/cmake_prefix_path.sh'
[1.830s] Level 1:colcon.colcon_core.environment:checking '/home/yahboom/Desktop/S26_RobotProgramming_Crystal/lab4/Ferrara/roscourse_ws/install/turtle_interfaces/lib'
[1.830s] Level 1:colcon.colcon_core.shell:create_environment_hook('turtle_interfaces', 'ld_library_path_lib')
[1.830s] INFO:colcon.colcon_core.shell:Creating environment hook '/home/yahboom/Desktop/S26_RobotProgramming_Crystal/lab4/Ferrara/roscourse_ws/install/turtle_interfaces/share/turtle_interfaces/hook/ld_library_path_lib.ps1'
[1.831s] INFO:colcon.colcon_core.shell:Creating environment descriptor '/home/yahboom/Desktop/S26_RobotProgramming_Crystal/lab4/Ferrara/roscourse_ws/install/turtle_interfaces/share/turtle_interfaces/hook/ld_library_path_lib.dsv'
[1.831s] INFO:colcon.colcon_core.shell:Creating environment hook '/home/yahboom/Desktop/S26_RobotProgramming_Crystal/lab4/Ferrara/roscourse_ws/install/turtle_interfaces/share/turtle_interfaces/hook/ld_library_path_lib.sh'
[1.832s] Level 1:colcon.colcon_core.environment:checking '/home/yahboom/Desktop/S26_RobotProgramming_Crystal/lab4/Ferrara/roscourse_ws/install/turtle_interfaces/bin'
[1.832s] Level 1:colcon.colcon_core.environment:checking '/home/yahboom/Desktop/S26_RobotProgramming_Crystal/lab4/Ferrara/roscourse_ws/install/turtle_interfaces/lib/pkgconfig/turtle_interfaces.pc'
[1.832s] Level 1:colcon.colcon_core.environment:checking '/home/yahboom/Desktop/S26_RobotProgramming_Crystal/lab4/Ferrara/roscourse_ws/install/turtle_interfaces/lib/python3.10/site-packages'
[1.832s] Level 1:colcon.colcon_core.environment:checking '/home/yahboom/Desktop/S26_RobotProgramming_Crystal/lab4/Ferrara/roscourse_ws/install/turtle_interfaces/bin'
[1.832s] INFO:colcon.colcon_core.shell:Creating package script '/home/yahboom/Desktop/S26_RobotProgramming_Crystal/lab4/Ferrara/roscourse_ws/install/turtle_interfaces/share/turtle_interfaces/package.ps1'
[1.833s] INFO:colcon.colcon_core.shell:Creating package descriptor '/home/yahboom/Desktop/S26_RobotProgramming_Crystal/lab4/Ferrara/roscourse_ws/install/turtle_interfaces/share/turtle_interfaces/package.dsv'
[1.833s] INFO:colcon.colcon_core.shell:Creating package script '/home/yahboom/Desktop/S26_RobotProgramming_Crystal/lab4/Ferrara/roscourse_ws/install/turtle_interfaces/share/turtle_interfaces/package.sh'
[1.834s] INFO:colcon.colcon_core.shell:Creating package script '/home/yahboom/Desktop/S26_RobotProgramming_Crystal/lab4/Ferrara/roscourse_ws/install/turtle_interfaces/share/turtle_interfaces/package.bash'
[1.834s] INFO:colcon.colcon_core.shell:Creating package script '/home/yahboom/Desktop/S26_RobotProgramming_Crystal/lab4/Ferrara/roscourse_ws/install/turtle_interfaces/share/turtle_interfaces/package.zsh'
[1.835s] Level 1:colcon.colcon_core.environment:create_file_with_runtime_dependencies(/home/yahboom/Desktop/S26_RobotProgramming_Crystal/lab4/Ferrara/roscourse_ws/install/turtle_interfaces/share/colcon-core/packages/turtle_interfaces)
[1.835s] INFO:colcon.colcon_ros.task.ament_python.build:Building ROS package in '/home/yahboom/Desktop/S26_RobotProgramming_Crystal/lab4/Ferrara/roscourse_ws/src/python_turtle' with build type 'ament_python'
[1.835s] Level 1:colcon.colcon_core.shell:create_environment_hook('python_turtle', 'ament_prefix_path')
[1.836s] INFO:colcon.colcon_core.shell:Creating environment hook '/home/yahboom/Desktop/S26_RobotProgramming_Crystal/lab4/Ferrara/roscourse_ws/install/python_turtle/share/python_turtle/hook/ament_prefix_path.ps1'
[1.836s] INFO:colcon.colcon_core.shell:Creating environment descriptor '/home/yahboom/Desktop/S26_RobotProgramming_Crystal/lab4/Ferrara/roscourse_ws/install/python_turtle/share/python_turtle/hook/ament_prefix_path.dsv'
[1.837s] INFO:colcon.colcon_core.shell:Creating environment hook '/home/yahboom/Desktop/S26_RobotProgramming_Crystal/lab4/Ferrara/roscourse_ws/install/python_turtle/share/python_turtle/hook/ament_prefix_path.sh'
[1.838s] INFO:colcon.colcon_core.shell:Skip shell extension 'powershell' for command environment: Not usable outside of PowerShell
[1.838s] DEBUG:colcon.colcon_core.shell:Skip shell extension 'dsv' for command environment
[2.147s] INFO:colcon.colcon_core.task.python.build:Building Python package in '/home/yahboom/Desktop/S26_RobotProgramming_Crystal/lab4/Ferrara/roscourse_ws/src/python_turtle'
[2.147s] INFO:colcon.colcon_core.shell:Skip shell extension 'powershell' for command environment: Not usable outside of PowerShell
[2.147s] DEBUG:colcon.colcon_core.shell:Skip shell extension 'dsv' for command environment
[2.157s] Level 1:colcon.colcon_core.shell:create_environment_hook('teleop_twist_keyboard', 'pythonpath_develop')
[2.158s] INFO:colcon.colcon_core.shell:Creating environment hook '/home/yahboom/Desktop/S26_RobotProgramming_Crystal/lab4/Ferrara/roscourse_ws/build/teleop_twist_keyboard/share/teleop_twist_keyboard/hook/pythonpath_develop.ps1'
[2.158s] DEBUG:colcon.colcon_core.event_handler.log_command:Invoked command in '/home/yahboom/Desktop/S26_RobotProgramming_Crystal/lab4/Ferrara/roscourse_ws/build/teleop_twist_keyboard' returned '0': PYTHONPATH=/home/yahboom/Desktop/S26_RobotProgramming_Crystal/lab4/Ferrara/roscourse_ws/build/teleop_twist_keyboard/prefix_override:/home/yahboom/Desktop/S26_RobotProgramming_Crystal/lab4/Ferrara/roscourse_ws/install/teleop_twist_keyboard/lib/python3.10/site-packages:${PYTHONPATH} /usr/bin/python3 -W ignore:setup.py install is deprecated setup.py develop --editable --build-directory /home/yahboom/Desktop/S26_RobotProgramming_Crystal/lab4/Ferrara/roscourse_ws/build/teleop_twist_keyboard/build --no-deps symlink_data
[2.159s] INFO:colcon.colcon_core.shell:Creating environment descriptor '/home/yahboom/Desktop/S26_RobotProgramming_Crystal/lab4/Ferrara/roscourse_ws/build/teleop_twist_keyboard/share/teleop_twist_keyboard/hook/pythonpath_develop.dsv'
[2.159s] INFO:colcon.colcon_core.shell:Creating environment hook '/home/yahboom/Desktop/S26_RobotProgramming_Crystal/lab4/Ferrara/roscourse_ws/build/teleop_twist_keyboard/share/teleop_twist_keyboard/hook/pythonpath_develop.sh'
[2.159s] Level 1:colcon.colcon_core.environment:checking '/home/yahboom/Desktop/S26_RobotProgramming_Crystal/lab4/Ferrara/roscourse_ws/install/teleop_twist_keyboard' for CMake module files
[2.160s] Level 1:colcon.colcon_core.environment:checking '/home/yahboom/Desktop/S26_RobotProgramming_Crystal/lab4/Ferrara/roscourse_ws/install/teleop_twist_keyboard' for CMake config files
[2.160s] Level 1:colcon.colcon_core.environment:checking '/home/yahboom/Desktop/S26_RobotProgramming_Crystal/lab4/Ferrara/roscourse_ws/install/teleop_twist_keyboard/lib'
[2.160s] Level 1:colcon.colcon_core.environment:checking '/home/yahboom/Desktop/S26_RobotProgramming_Crystal/lab4/Ferrara/roscourse_ws/install/teleop_twist_keyboard/bin'
[2.160s] Level 1:colcon.colcon_core.environment:checking '/home/yahboom/Desktop/S26_RobotProgramming_Crystal/lab4/Ferrara/roscourse_ws/install/teleop_twist_keyboard/lib/pkgconfig/teleop_twist_keyboard.pc'
[2.160s] Level 1:colcon.colcon_core.environment:checking '/home/yahboom/Desktop/S26_RobotProgramming_Crystal/lab4/Ferrara/roscourse_ws/install/teleop_twist_keyboard/lib/python3.10/site-packages'
[2.161s] Level 1:colcon.colcon_core.shell:create_environment_hook('teleop_twist_keyboard', 'pythonpath')
[2.161s] INFO:colcon.colcon_core.shell:Creating environment hook '/home/yahboom/Desktop/S26_RobotProgramming_Crystal/lab4/Ferrara/roscourse_ws/install/teleop_twist_keyboard/share/teleop_twist_keyboard/hook/pythonpath.ps1'
[2.161s] INFO:colcon.colcon_core.shell:Creating environment descriptor '/home/yahboom/Desktop/S26_RobotProgramming_Crystal/lab4/Ferrara/roscourse_ws/install/teleop_twist_keyboard/share/teleop_twist_keyboard/hook/pythonpath.dsv'
[2.161s] INFO:colcon.colcon_core.shell:Creating environment hook '/home/yahboom/Desktop/S26_RobotProgramming_Crystal/lab4/Ferrara/roscourse_ws/install/teleop_twist_keyboard/share/teleop_twist_keyboard/hook/pythonpath.sh'
[2.162s] Level 1:colcon.colcon_core.environment:checking '/home/yahboom/Desktop/S26_RobotProgramming_Crystal/lab4/Ferrara/roscourse_ws/install/teleop_twist_keyboard/bin'
[2.162s] Level 1:colcon.colcon_core.environment:create_environment_scripts_only(teleop_twist_keyboard)
[2.162s] INFO:colcon.colcon_core.shell:Creating package script '/home/yahboom/Desktop/S26_RobotProgramming_Crystal/lab4/Ferrara/roscourse_ws/install/teleop_twist_keyboard/share/teleop_twist_keyboard/package.ps1'
[2.163s] INFO:colcon.colcon_core.shell:Creating package descriptor '/home/yahboom/Desktop/S26_RobotProgramming_Crystal/lab4/Ferrara/roscourse_ws/install/teleop_twist_keyboard/share/teleop_twist_keyboard/package.dsv'
[2.163s] INFO:colcon.colcon_core.shell:Creating package script '/home/yahboom/Desktop/S26_RobotProgramming_Crystal/lab4/Ferrara/roscourse_ws/install/teleop_twist_keyboard/share/teleop_twist_keyboard/package.sh'
[2.163s] INFO:colcon.colcon_core.shell:Creating package script '/home/yahboom/Desktop/S26_RobotProgramming_Crystal/lab4/Ferrara/roscourse_ws/install/teleop_twist_keyboard/share/teleop_twist_keyboard/package.bash'
[2.164s] INFO:colcon.colcon_core.shell:Creating package script '/home/yahboom/Desktop/S26_RobotProgramming_Crystal/lab4/Ferrara/roscourse_ws/install/teleop_twist_keyboard/share/teleop_twist_keyboard/package.zsh'
[2.164s] Level 1:colcon.colcon_core.environment:create_file_with_runtime_dependencies(/home/yahboom/Desktop/S26_RobotProgramming_Crystal/lab4/Ferrara/roscourse_ws/install/teleop_twist_keyboard/share/colcon-core/packages/teleop_twist_keyboard)
[2.165s] Level 1:colcon.colcon_core.shell:create_environment_hook('webcam', 'pythonpath_develop')
[2.165s] INFO:colcon.colcon_core.shell:Creating environment hook '/home/yahboom/Desktop/S26_RobotProgramming_Crystal/lab4/Ferrara/roscourse_ws/build/webcam/share/webcam/hook/pythonpath_develop.ps1'
[2.166s] DEBUG:colcon.colcon_core.event_handler.log_command:Invoked command in '/home/yahboom/Desktop/S26_RobotProgramming_Crystal/lab4/Ferrara/roscourse_ws/build/webcam' returned '0': PYTHONPATH=/home/yahboom/Desktop/S26_RobotProgramming_Crystal/lab4/Ferrara/roscourse_ws/build/webcam/prefix_override:/home/yahboom/Desktop/S26_RobotProgramming_Crystal/lab4/Ferrara/roscourse_ws/install/webcam/lib/python3.10/site-packages:${PYTHONPATH} /usr/bin/python3 -W ignore:setup.py install is deprecated setup.py develop --editable --build-directory /home/yahboom/Desktop/S26_RobotProgramming_Crystal/lab4/Ferrara/roscourse_ws/build/webcam/build --no-deps symlink_data
[2.166s] INFO:colcon.colcon_core.shell:Creating environment descriptor '/home/yahboom/Desktop/S26_RobotProgramming_Crystal/lab4/Ferrara/roscourse_ws/build/webcam/share/webcam/hook/pythonpath_develop.dsv'
[2.166s] INFO:colcon.colcon_core.shell:Creating environment hook '/home/yahboom/Desktop/S26_RobotProgramming_Crystal/lab4/Ferrara/roscourse_ws/build/webcam/share/webcam/hook/pythonpath_develop.sh'
[2.167s] Level 1:colcon.colcon_core.environment:checking '/home/yahboom/Desktop/S26_RobotProgramming_Crystal/lab4/Ferrara/roscourse_ws/install/webcam' for CMake module files
[2.167s] Level 1:colcon.colcon_core.environment:checking '/home/yahboom/Desktop/S26_RobotProgramming_Crystal/lab4/Ferrara/roscourse_ws/install/webcam' for CMake config files
[2.168s] Level 1:colcon.colcon_core.environment:checking '/home/yahboom/Desktop/S26_RobotProgramming_Crystal/lab4/Ferrara/roscourse_ws/install/webcam/lib'
[2.168s] Level 1:colcon.colcon_core.environment:checking '/home/yahboom/Desktop/S26_RobotProgramming_Crystal/lab4/Ferrara/roscourse_ws/install/webcam/bin'
[2.168s] Level 1:colcon.colcon_core.environment:checking '/home/yahboom/Desktop/S26_RobotProgramming_Crystal/lab4/Ferrara/roscourse_ws/install/webcam/lib/pkgconfig/webcam.pc'
[2.168s] Level 1:colcon.colcon_core.environment:checking '/home/yahboom/Desktop/S26_RobotProgramming_Crystal/lab4/Ferrara/roscourse_ws/install/webcam/lib/python3.10/site-packages'
[2.168s] Level 1:colcon.colcon_core.shell:create_environment_hook('webcam', 'pythonpath')
[2.168s] INFO:colcon.colcon_core.shell:Creating environment hook '/home/yahboom/Desktop/S26_RobotProgramming_Crystal/lab4/Ferrara/roscourse_ws/install/webcam/share/webcam/hook/pythonpath.ps1'
[2.168s] INFO:colcon.colcon_core.shell:Creating environment descriptor '/home/yahboom/Desktop/S26_RobotProgramming_Crystal/lab4/Ferrara/roscourse_ws/install/webcam/share/webcam/hook/pythonpath.dsv'
[2.169s] INFO:colcon.colcon_core.shell:Creating environment hook '/home/yahboom/Desktop/S26_RobotProgramming_Crystal/lab4/Ferrara/roscourse_ws/install/webcam/share/webcam/hook/pythonpath.sh'
[2.169s] Level 1:colcon.colcon_core.environment:checking '/home/yahboom/Desktop/S26_RobotProgramming_Crystal/lab4/Ferrara/roscourse_ws/install/webcam/bin'
[2.169s] Level 1:colcon.colcon_core.environment:create_environment_scripts_only(webcam)
[2.170s] INFO:colcon.colcon_core.shell:Creating package script '/home/yahboom/Desktop/S26_RobotProgramming_Crystal/lab4/Ferrara/roscourse_ws/install/webcam/share/webcam/package.ps1'
[2.170s] INFO:colcon.colcon_core.shell:Creating package descriptor '/home/yahboom/Desktop/S26_RobotProgramming_Crystal/lab4/Ferrara/roscourse_ws/install/webcam/share/webcam/package.dsv'
[2.170s] INFO:colcon.colcon_core.shell:Creating package script '/home/yahboom/Desktop/S26_RobotProgramming_Crystal/lab4/Ferrara/roscourse_ws/install/webcam/share/webcam/package.sh'
[2.171s] INFO:colcon.colcon_core.shell:Creating package script '/home/yahboom/Desktop/S26_RobotProgramming_Crystal/lab4/Ferrara/roscourse_ws/install/webcam/share/webcam/package.bash'
[2.171s] INFO:colcon.colcon_core.shell:Creating package script '/home/yahboom/Desktop/S26_RobotProgramming_Crystal/lab4/Ferrara/roscourse_ws/install/webcam/share/webcam/package.zsh'
[2.171s] Level 1:colcon.colcon_core.environment:create_file_with_runtime_dependencies(/home/yahboom/Desktop/S26_RobotProgramming_Crystal/lab4/Ferrara/roscourse_ws/install/webcam/share/colcon-core/packages/webcam)
[2.497s] DEBUG:colcon.colcon_core.event_handler.log_command:Invoking command in '/home/yahboom/Desktop/S26_RobotProgramming_Crystal/lab4/Ferrara/roscourse_ws/build/python_turtle': LD_LIBRARY_PATH=/home/yahboom/Desktop/S26_RobotProgramming_Crystal/lab4/Ferrara/roscourse_ws/install/turtle_interfaces/lib:/home/yahboom/cartoros2/install/yahboom_web_savmap_interfaces/lib:/home/yahboom/cartoros2/install/yahboom_msgs/lib:/home/yahboom/cartoros2/install/yahboom_color_identify_interfaces/lib:/home/yahboom/cartoros2/install/yahboom_attitude_record_interfaces/lib:/home/yahboom/cartoros2/install/nav2_smoother/lib:/home/yahboom/cartoros2/install/nav2_graceful_controller/lib:/home/yahboom/cartoros2/install/nav2_controller/lib:/home/yahboom/cartoros2/install/dwb_plugins/lib:/home/yahboom/cartoros2/install/dwb_critics/lib:/home/yahboom/cartoros2/install/dwb_core/lib:/home/yahboom/cartoros2/install/nav_2d_utils/lib:/home/yahboom/cartoros2/install/dwb_msgs/lib:/home/yahboom/cartoros2/install/nav_2d_msgs/lib:/home/yahboom/cartoros2/install/nav2_waypoint_follower/lib:/home/yahboom/cartoros2/install/nav2_theta_star_planner/lib:/home/yahboom/cartoros2/install/nav2_smac_planner/lib:/home/yahboom/cartoros2/install/nav2_rotation_shim_controller/lib:/home/yahboom/cartoros2/install/nav2_regulated_pure_pursuit_controller/lib:/home/yahboom/cartoros2/install/nav2_planner/lib:/home/yahboom/cartoros2/install/nav2_navfn_planner/lib:/home/yahboom/cartoros2/install/nav2_mppi_controller/lib:/home/yahboom/cartoros2/install/nav2_constrained_smoother/lib:/home/yahboom/cartoros2/install/nav2_bt_navigator/lib:/home/yahboom/cartoros2/install/nav2_behaviors/lib:/home/yahboom/cartoros2/install/nav2_collision_monitor/lib:/home/yahboom/cartoros2/install/costmap_queue/lib:/home/yahboom/cartoros2/install/nav2_costmap_2d/lib:/home/yahboom/cartoros2/install/nav2_voxel_grid/lib:/home/yahboom/cartoros2/install/nav2_velocity_smoother/lib:/home/yahboom/cartoros2/install/nav2_rviz_plugins/lib:/home/yahboom/cartoros2/install/nav2_map_server/lib:/home/yahboom/cartoros2/install/nav2_lifecycle_manager/lib:/home/yahboom/cartoros2/install/nav2_behavior_tree/lib:/home/yahboom/cartoros2/install/nav2_amcl/lib:/home/yahboom/cartoros2/install/nav2_util/lib:/home/yahboom/cartoros2/install/nav2_msgs/lib:/home/yahboom/cartoros2/install/image_color_lab/lib:/home/yahboom/cartoros2/install/dynamixel_sdk_custom_interfaces/lib:/home/yahboom/cartoros2/install/dynamixel_sdk/lib:/home/yahboom/cartoros2/install/csm/lib:/home/yahboom/cartoros2/install/champ_msgs/lib:/home/yahboom/cartoros2/install/cartographer_ros_msgs/lib:/home/yahboom/yahboomcar_ws/install/yahboom_dog_msgs/lib:/home/yahboom/yahboomcar_ws/install/dynamixel_sdk_custom_interfaces/lib:/home/yahboom/yahboomcar_ws/install/dynamixel_sdk/lib:/home/yahboom/yahboomcar_ws/install/champ_msgs/lib:/home/yahboom/gmapping_ws/install/openslam_gmapping/lib:/usr/lib/x86_64-linux-gnu/gazebo-11/plugins:/opt/ros/humble/opt/rviz_ogre_vendor/lib:/opt/ros/humble/lib/x86_64-linux-gnu:/opt/ros/humble/lib:/opt/ros/humble/include/std_msgs/std_msgs/msg/:/usr/lib/jvm/java-11-openjdk-amd64/lib/:/usr/lib/jvm/java-11-openjdk-amd64/lib/server/ PYTHONPATH=/home/yahboom/Desktop/S26_RobotProgramming_Crystal/lab4/Ferrara/roscourse_ws/build/python_turtle/prefix_override:/home/yahboom/Desktop/S26_RobotProgramming_Crystal/lab4/Ferrara/roscourse_ws/install/python_turtle/lib/python3.10/site-packages:${PYTHONPATH} /usr/bin/python3 -W ignore:setup.py install is deprecated setup.py develop --editable --build-directory /home/yahboom/Desktop/S26_RobotProgramming_Crystal/lab4/Ferrara/roscourse_ws/build/python_turtle/build --no-deps symlink_data
[2.975s] Level 1:colcon.colcon_core.shell:create_environment_hook('python_turtle', 'pythonpath_develop')
[2.976s] INFO:colcon.colcon_core.shell:Creating environment hook '/home/yahboom/Desktop/S26_RobotProgramming_Crystal/lab4/Ferrara/roscourse_ws/build/python_turtle/share/python_turtle/hook/pythonpath_develop.ps1'
[2.976s] DEBUG:colcon.colcon_core.event_handler.log_command:Invoked command in '/home/yahboom/Desktop/S26_RobotProgramming_Crystal/lab4/Ferrara/roscourse_ws/build/python_turtle' returned '0': LD_LIBRARY_PATH=/home/yahboom/Desktop/S26_RobotProgramming_Crystal/lab4/Ferrara/roscourse_ws/install/turtle_interfaces/lib:/home/yahboom/cartoros2/install/yahboom_web_savmap_interfaces/lib:/home/yahboom/cartoros2/install/yahboom_msgs/lib:/home/yahboom/cartoros2/install/yahboom_color_identify_interfaces/lib:/home/yahboom/cartoros2/install/yahboom_attitude_record_interfaces/lib:/home/yahboom/cartoros2/install/nav2_smoother/lib:/home/yahboom/cartoros2/install/nav2_graceful_controller/lib:/home/yahboom/cartoros2/install/nav2_controller/lib:/home/yahboom/cartoros2/install/dwb_plugins/lib:/home/yahboom/cartoros2/install/dwb_critics/lib:/home/yahboom/cartoros2/install/dwb_core/lib:/home/yahboom/cartoros2/install/nav_2d_utils/lib:/home/yahboom/cartoros2/install/dwb_msgs/lib:/home/yahboom/cartoros2/install/nav_2d_msgs/lib:/home/yahboom/cartoros2/install/nav2_waypoint_follower/lib:/home/yahboom/cartoros2/install/nav2_theta_star_planner/lib:/home/yahboom/cartoros2/install/nav2_smac_planner/lib:/home/yahboom/cartoros2/install/nav2_rotation_shim_controller/lib:/home/yahboom/cartoros2/install/nav2_regulated_pure_pursuit_controller/lib:/home/yahboom/cartoros2/install/nav2_planner/lib:/home/yahboom/cartoros2/install/nav2_navfn_planner/lib:/home/yahboom/cartoros2/install/nav2_mppi_controller/lib:/home/yahboom/cartoros2/install/nav2_constrained_smoother/lib:/home/yahboom/cartoros2/install/nav2_bt_navigator/lib:/home/yahboom/cartoros2/install/nav2_behaviors/lib:/home/yahboom/cartoros2/install/nav2_collision_monitor/lib:/home/yahboom/cartoros2/install/costmap_queue/lib:/home/yahboom/cartoros2/install/nav2_costmap_2d/lib:/home/yahboom/cartoros2/install/nav2_voxel_grid/lib:/home/yahboom/cartoros2/install/nav2_velocity_smoother/lib:/home/yahboom/cartoros2/install/nav2_rviz_plugins/lib:/home/yahboom/cartoros2/install/nav2_map_server/lib:/home/yahboom/cartoros2/install/nav2_lifecycle_manager/lib:/home/yahboom/cartoros2/install/nav2_behavior_tree/lib:/home/yahboom/cartoros2/install/nav2_amcl/lib:/home/yahboom/cartoros2/install/nav2_util/lib:/home/yahboom/cartoros2/install/nav2_msgs/lib:/home/yahboom/cartoros2/install/image_color_lab/lib:/home/yahboom/cartoros2/install/dynamixel_sdk_custom_interfaces/lib:/home/yahboom/cartoros2/install/dynamixel_sdk/lib:/home/yahboom/cartoros2/install/csm/lib:/home/yahboom/cartoros2/install/champ_msgs/lib:/home/yahboom/cartoros2/install/cartographer_ros_msgs/lib:/home/yahboom/yahboomcar_ws/install/yahboom_dog_msgs/lib:/home/yahboom/yahboomcar_ws/install/dynamixel_sdk_custom_interfaces/lib:/home/yahboom/yahboomcar_ws/install/dynamixel_sdk/lib:/home/yahboom/yahboomcar_ws/install/champ_msgs/lib:/home/yahboom/gmapping_ws/install/openslam_gmapping/lib:/usr/lib/x86_64-linux-gnu/gazebo-11/plugins:/opt/ros/humble/opt/rviz_ogre_vendor/lib:/opt/ros/humble/lib/x86_64-linux-gnu:/opt/ros/humble/lib:/opt/ros/humble/include/std_msgs/std_msgs/msg/:/usr/lib/jvm/java-11-openjdk-amd64/lib/:/usr/lib/jvm/java-11-openjdk-amd64/lib/server/ PYTHONPATH=/home/yahboom/Desktop/S26_RobotProgramming_Crystal/lab4/Ferrara/roscourse_ws/build/python_turtle/prefix_override:/home/yahboom/Desktop/S26_RobotProgramming_Crystal/lab4/Ferrara/roscourse_ws/install/python_turtle/lib/python3.10/site-packages:${PYTHONPATH} /usr/bin/python3 -W ignore:setup.py install is deprecated setup.py develop --editable --build-directory /home/yahboom/Desktop/S26_RobotProgramming_Crystal/lab4/Ferrara/roscourse_ws/build/python_turtle/build --no-deps symlink_data
[2.976s] INFO:colcon.colcon_core.shell:Creating environment descriptor '/home/yahboom/Desktop/S26_RobotProgramming_Crystal/lab4/Ferrara/roscourse_ws/build/python_turtle/share/python_turtle/hook/pythonpath_develop.dsv'
[2.977s] INFO:colcon.colcon_core.shell:Creating environment hook '/home/yahboom/Desktop/S26_RobotProgramming_Crystal/lab4/Ferrara/roscourse_ws/build/python_turtle/share/python_turtle/hook/pythonpath_develop.sh'
[2.977s] Level 1:colcon.colcon_core.environment:checking '/home/yahboom/Desktop/S26_RobotProgramming_Crystal/lab4/Ferrara/roscourse_ws/install/python_turtle' for CMake module files
[2.978s] Level 1:colcon.colcon_core.environment:checking '/home/yahboom/Desktop/S26_RobotProgramming_Crystal/lab4/Ferrara/roscourse_ws/install/python_turtle' for CMake config files
[2.978s] Level 1:colcon.colcon_core.environment:checking '/home/yahboom/Desktop/S26_RobotProgramming_Crystal/lab4/Ferrara/roscourse_ws/install/python_turtle/lib'
[2.978s] Level 1:colcon.colcon_core.environment:checking '/home/yahboom/Desktop/S26_RobotProgramming_Crystal/lab4/Ferrara/roscourse_ws/install/python_turtle/bin'
[2.978s] Level 1:colcon.colcon_core.environment:checking '/home/yahboom/Desktop/S26_RobotProgramming_Crystal/lab4/Ferrara/roscourse_ws/install/python_turtle/lib/pkgconfig/python_turtle.pc'
[2.978s] Level 1:colcon.colcon_core.environment:checking '/home/yahboom/Desktop/S26_RobotProgramming_Crystal/lab4/Ferrara/roscourse_ws/install/python_turtle/lib/python3.10/site-packages'
[2.978s] Level 1:colcon.colcon_core.shell:create_environment_hook('python_turtle', 'pythonpath')
[2.978s] INFO:colcon.colcon_core.shell:Creating environment hook '/home/yahboom/Desktop/S26_RobotProgramming_Crystal/lab4/Ferrara/roscourse_ws/install/python_turtle/share/python_turtle/hook/pythonpath.ps1'
[2.979s] INFO:colcon.colcon_core.shell:Creating environment descriptor '/home/yahboom/Desktop/S26_RobotProgramming_Crystal/lab4/Ferrara/roscourse_ws/install/python_turtle/share/python_turtle/hook/pythonpath.dsv'
[2.979s] INFO:colcon.colcon_core.shell:Creating environment hook '/home/yahboom/Desktop/S26_RobotProgramming_Crystal/lab4/Ferrara/roscourse_ws/install/python_turtle/share/python_turtle/hook/pythonpath.sh'
[2.980s] Level 1:colcon.colcon_core.environment:checking '/home/yahboom/Desktop/S26_RobotProgramming_Crystal/lab4/Ferrara/roscourse_ws/install/python_turtle/bin'
[2.980s] Level 1:colcon.colcon_core.environment:create_environment_scripts_only(python_turtle)
[2.980s] INFO:colcon.colcon_core.shell:Creating package script '/home/yahboom/Desktop/S26_RobotProgramming_Crystal/lab4/Ferrara/roscourse_ws/install/python_turtle/share/python_turtle/package.ps1'
[2.980s] INFO:colcon.colcon_core.shell:Creating package descriptor '/home/yahboom/Desktop/S26_RobotProgramming_Crystal/lab4/Ferrara/roscourse_ws/install/python_turtle/share/python_turtle/package.dsv'
[2.981s] INFO:colcon.colcon_core.shell:Creating package script '/home/yahboom/Desktop/S26_RobotProgramming_Crystal/lab4/Ferrara/roscourse_ws/install/python_turtle/share/python_turtle/package.sh'
[2.981s] INFO:colcon.colcon_core.shell:Creating package script '/home/yahboom/Desktop/S26_RobotProgramming_Crystal/lab4/Ferrara/roscourse_ws/install/python_turtle/share/python_turtle/package.bash'
[2.982s] INFO:colcon.colcon_core.shell:Creating package script '/home/yahboom/Desktop/S26_RobotProgramming_Crystal/lab4/Ferrara/roscourse_ws/install/python_turtle/share/python_turtle/package.zsh'
[2.982s] Level 1:colcon.colcon_core.environment:create_file_with_runtime_dependencies(/home/yahboom/Desktop/S26_RobotProgramming_Crystal/lab4/Ferrara/roscourse_ws/install/python_turtle/share/colcon-core/packages/python_turtle)
[2.982s] DEBUG:colcon.colcon_parallel_executor.executor.parallel:closing loop
[2.983s] DEBUG:colcon.colcon_parallel_executor.executor.parallel:loop closed
[2.983s] DEBUG:colcon.colcon_parallel_executor.executor.parallel:run_until_complete finished with '0'
[2.983s] DEBUG:colcon.colcon_core.event_reactor:joining thread
[2.989s] INFO:colcon.colcon_core.plugin_system:Skipping extension 'colcon_notification.desktop_notification.terminal_notifier': Not used on non-Darwin systems
[2.989s] INFO:colcon.colcon_core.plugin_system:Skipping extension 'colcon_notification.desktop_notification.win32': Not used on non-Windows systems
[2.989s] INFO:colcon.colcon_notification.desktop_notification:Sending desktop notification using 'notify2'
[2.999s] DEBUG:colcon.colcon_core.event_reactor:joined thread
[2.999s] INFO:colcon.colcon_core.shell:Creating prefix script '/home/yahboom/Desktop/S26_RobotProgramming_Crystal/lab4/Ferrara/roscourse_ws/install/local_setup.ps1'
[3.000s] INFO:colcon.colcon_core.shell:Creating prefix util module '/home/yahboom/Desktop/S26_RobotProgramming_Crystal/lab4/Ferrara/roscourse_ws/install/_local_setup_util_ps1.py'
[3.001s] INFO:colcon.colcon_core.shell:Creating prefix chain script '/home/yahboom/Desktop/S26_RobotProgramming_Crystal/lab4/Ferrara/roscourse_ws/install/setup.ps1'
[3.005s] INFO:colcon.colcon_core.shell:Creating prefix script '/home/yahboom/Desktop/S26_RobotProgramming_Crystal/lab4/Ferrara/roscourse_ws/install/local_setup.sh'
[3.006s] INFO:colcon.colcon_core.shell:Creating prefix util module '/home/yahboom/Desktop/S26_RobotProgramming_Crystal/lab4/Ferrara/roscourse_ws/install/_local_setup_util_sh.py'
[3.006s] INFO:colcon.colcon_core.shell:Creating prefix chain script '/home/yahboom/Desktop/S26_RobotProgramming_Crystal/lab4/Ferrara/roscourse_ws/install/setup.sh'
[3.010s] INFO:colcon.colcon_core.shell:Creating prefix script '/home/yahboom/Desktop/S26_RobotProgramming_Crystal/lab4/Ferrara/roscourse_ws/install/local_setup.bash'
[3.011s] INFO:colcon.colcon_core.shell:Creating prefix chain script '/home/yahboom/Desktop/S26_RobotProgramming_Crystal/lab4/Ferrara/roscourse_ws/install/setup.bash'
[3.015s] INFO:colcon.colcon_core.shell:Creating prefix script '/home/yahboom/Desktop/S26_RobotProgramming_Crystal/lab4/Ferrara/roscourse_ws/install/local_setup.zsh'
[3.015s] INFO:colcon.colcon_core.shell:Creating prefix chain script '/home/yahboom/Desktop/S26_RobotProgramming_Crystal/lab4/Ferrara/roscourse_ws/install/setup.zsh'
