[1.853s] Invoking command in '/home/yahboom/Desktop/S26_RobotProgramming_Crystal/Final_project/src/high_lvl_obj_detect': PYTHONPATH=/home/yahboom/Desktop/S26_RobotProgramming_Crystal/Final_project/build/high_lvl_obj_detect/prefix_override:/home/yahboom/Desktop/S26_RobotProgramming_Crystal/Final_project/install/high_lvl_obj_detect/lib/python3.10/site-packages:${PYTHONPATH} /usr/bin/python3 -W ignore:setup.py install is deprecated setup.py egg_info --egg-base ../../build/high_lvl_obj_detect build --build-base /home/yahboom/Desktop/S26_RobotProgramming_Crystal/Final_project/build/high_lvl_obj_detect/build install --record /home/yahboom/Desktop/S26_RobotProgramming_Crystal/Final_project/build/high_lvl_obj_detect/install.log --single-version-externally-managed install_data
[2.164s] running egg_info
[2.166s] writing ../../build/high_lvl_obj_detect/high_lvl_obj_detect.egg-info/PKG-INFO
[2.168s] writing dependency_links to ../../build/high_lvl_obj_detect/high_lvl_obj_detect.egg-info/dependency_links.txt
[2.169s] writing entry points to ../../build/high_lvl_obj_detect/high_lvl_obj_detect.egg-info/entry_points.txt
[2.170s] writing requirements to ../../build/high_lvl_obj_detect/high_lvl_obj_detect.egg-info/requires.txt
[2.171s] writing top-level names to ../../build/high_lvl_obj_detect/high_lvl_obj_detect.egg-info/top_level.txt
[2.176s] reading manifest file '../../build/high_lvl_obj_detect/high_lvl_obj_detect.egg-info/SOURCES.txt'
[2.178s] writing manifest file '../../build/high_lvl_obj_detect/high_lvl_obj_detect.egg-info/SOURCES.txt'
[2.179s] running build
[2.179s] running build_py
[2.179s] running install
[2.180s] running install_lib
[2.182s] running install_data
[2.183s] running install_egg_info
[2.185s] removing '/home/yahboom/Desktop/S26_RobotProgramming_Crystal/Final_project/install/high_lvl_obj_detect/lib/python3.10/site-packages/high_lvl_obj_detect-0.0.0-py3.10.egg-info' (and everything under it)
[2.186s] Copying ../../build/high_lvl_obj_detect/high_lvl_obj_detect.egg-info to /home/yahboom/Desktop/S26_RobotProgramming_Crystal/Final_project/install/high_lvl_obj_detect/lib/python3.10/site-packages/high_lvl_obj_detect-0.0.0-py3.10.egg-info
[2.188s] running install_scripts
[2.216s] writing list of installed files to '/home/yahboom/Desktop/S26_RobotProgramming_Crystal/Final_project/build/high_lvl_obj_detect/install.log'
[2.284s] Invoked command in '/home/yahboom/Desktop/S26_RobotProgramming_Crystal/Final_project/src/high_lvl_obj_detect' returned '0': PYTHONPATH=/home/yahboom/Desktop/S26_RobotProgramming_Crystal/Final_project/build/high_lvl_obj_detect/prefix_override:/home/yahboom/Desktop/S26_RobotProgramming_Crystal/Final_project/install/high_lvl_obj_detect/lib/python3.10/site-packages:${PYTHONPATH} /usr/bin/python3 -W ignore:setup.py install is deprecated setup.py egg_info --egg-base ../../build/high_lvl_obj_detect build --build-base /home/yahboom/Desktop/S26_RobotProgramming_Crystal/Final_project/build/high_lvl_obj_detect/build install --record /home/yahboom/Desktop/S26_RobotProgramming_Crystal/Final_project/build/high_lvl_obj_detect/install.log --single-version-externally-managed install_data
