[2.560s] Invoking command in '/home/yahboom/roscourse_ws/build/webcam': PYTHONPATH=/home/yahboom/roscourse_ws/build/webcam/prefix_override:/home/yahboom/roscourse_ws/install/webcam/lib/python3.10/site-packages:${PYTHONPATH} /usr/bin/python3 -W ignore:setup.py install is deprecated setup.py develop --uninstall --editable --build-directory /home/yahboom/roscourse_ws/build/webcam/build
[3.404s] running develop
[3.406s] /usr/lib/python3/dist-packages/setuptools/command/easy_install.py:158: EasyInstallDeprecationWarning: easy_install command is deprecated. Use build and pip and other standards-based tools.
[3.406s]   warnings.warn(
[4.014s] Removing /home/yahboom/roscourse_ws/install/webcam/lib/python3.10/site-packages/webcam.egg-link (link to .)
[4.085s] Invoked command in '/home/yahboom/roscourse_ws/build/webcam' returned '0': PYTHONPATH=/home/yahboom/roscourse_ws/build/webcam/prefix_override:/home/yahboom/roscourse_ws/install/webcam/lib/python3.10/site-packages:${PYTHONPATH} /usr/bin/python3 -W ignore:setup.py install is deprecated setup.py develop --uninstall --editable --build-directory /home/yahboom/roscourse_ws/build/webcam/build
[4.087s] Invoking command in '/home/yahboom/roscourse_ws/src/webcam': PYTHONPATH=/home/yahboom/roscourse_ws/build/webcam/prefix_override:/home/yahboom/roscourse_ws/install/webcam/lib/python3.10/site-packages:${PYTHONPATH} /usr/bin/python3 -W ignore:setup.py install is deprecated setup.py egg_info --egg-base ../../build/webcam build --build-base /home/yahboom/roscourse_ws/build/webcam/build install --record /home/yahboom/roscourse_ws/build/webcam/install.log --single-version-externally-managed install_data --force
[4.831s] running egg_info
[4.833s] writing ../../build/webcam/webcam.egg-info/PKG-INFO
[4.834s] writing dependency_links to ../../build/webcam/webcam.egg-info/dependency_links.txt
[4.835s] writing entry points to ../../build/webcam/webcam.egg-info/entry_points.txt
[4.836s] writing requirements to ../../build/webcam/webcam.egg-info/requires.txt
[4.836s] writing top-level names to ../../build/webcam/webcam.egg-info/top_level.txt
[4.841s] reading manifest file '../../build/webcam/webcam.egg-info/SOURCES.txt'
[4.845s] writing manifest file '../../build/webcam/webcam.egg-info/SOURCES.txt'
[4.846s] running build
[4.846s] running build_py
[4.846s] creating /home/yahboom/roscourse_ws/build/webcam/build
[4.846s] creating /home/yahboom/roscourse_ws/build/webcam/build/lib
[4.847s] creating /home/yahboom/roscourse_ws/build/webcam/build/lib/webcam
[4.848s] copying webcam/cam_sub.py -> /home/yahboom/roscourse_ws/build/webcam/build/lib/webcam
[4.848s] copying webcam/__init__.py -> /home/yahboom/roscourse_ws/build/webcam/build/lib/webcam
[4.849s] copying webcam/cam_pub.py -> /home/yahboom/roscourse_ws/build/webcam/build/lib/webcam
[4.849s] running install
[4.849s] running install_lib
[4.851s] creating /home/yahboom/roscourse_ws/install/webcam/lib/python3.10/site-packages/webcam
[4.852s] copying /home/yahboom/roscourse_ws/build/webcam/build/lib/webcam/cam_sub.py -> /home/yahboom/roscourse_ws/install/webcam/lib/python3.10/site-packages/webcam
[4.852s] copying /home/yahboom/roscourse_ws/build/webcam/build/lib/webcam/__init__.py -> /home/yahboom/roscourse_ws/install/webcam/lib/python3.10/site-packages/webcam
[4.853s] copying /home/yahboom/roscourse_ws/build/webcam/build/lib/webcam/cam_pub.py -> /home/yahboom/roscourse_ws/install/webcam/lib/python3.10/site-packages/webcam
[4.855s] byte-compiling /home/yahboom/roscourse_ws/install/webcam/lib/python3.10/site-packages/webcam/cam_sub.py to cam_sub.cpython-310.pyc
[4.856s] byte-compiling /home/yahboom/roscourse_ws/install/webcam/lib/python3.10/site-packages/webcam/__init__.py to __init__.cpython-310.pyc
[4.857s] byte-compiling /home/yahboom/roscourse_ws/install/webcam/lib/python3.10/site-packages/webcam/cam_pub.py to cam_pub.cpython-310.pyc
[4.858s] running install_data
[4.861s] copying resource/webcam -> /home/yahboom/roscourse_ws/install/webcam/share/ament_index/resource_index/packages
[4.862s] copying package.xml -> /home/yahboom/roscourse_ws/install/webcam/share/webcam
[4.862s] running install_egg_info
[4.866s] Copying ../../build/webcam/webcam.egg-info to /home/yahboom/roscourse_ws/install/webcam/lib/python3.10/site-packages/webcam-0.0.0-py3.10.egg-info
[4.872s] running install_scripts
[4.936s] Installing webcam_pub script to /home/yahboom/roscourse_ws/install/webcam/lib/webcam
[4.936s] Installing webcam_sub script to /home/yahboom/roscourse_ws/install/webcam/lib/webcam
[4.937s] writing list of installed files to '/home/yahboom/roscourse_ws/build/webcam/install.log'
[4.983s] Invoked command in '/home/yahboom/roscourse_ws/src/webcam' returned '0': PYTHONPATH=/home/yahboom/roscourse_ws/build/webcam/prefix_override:/home/yahboom/roscourse_ws/install/webcam/lib/python3.10/site-packages:${PYTHONPATH} /usr/bin/python3 -W ignore:setup.py install is deprecated setup.py egg_info --egg-base ../../build/webcam build --build-base /home/yahboom/roscourse_ws/build/webcam/build install --record /home/yahboom/roscourse_ws/build/webcam/install.log --single-version-externally-managed install_data --force
