[1.293s] Invoking command in '/home/yahboom/Desktop/lec9/intro_ws/src/python_parameters': PYTHONPATH=/home/yahboom/Desktop/lec9/intro_ws/build/python_parameters/prefix_override:/home/yahboom/Desktop/lec9/intro_ws/install/python_parameters/lib/python3.10/site-packages:${PYTHONPATH} /usr/bin/python3 -W ignore:setup.py install is deprecated setup.py egg_info --egg-base ../../build/python_parameters build --build-base /home/yahboom/Desktop/lec9/intro_ws/build/python_parameters/build install --record /home/yahboom/Desktop/lec9/intro_ws/build/python_parameters/install.log --single-version-externally-managed install_data
[1.613s] running egg_info
[1.616s] writing ../../build/python_parameters/python_parameters.egg-info/PKG-INFO
[1.616s] writing dependency_links to ../../build/python_parameters/python_parameters.egg-info/dependency_links.txt
[1.617s] writing entry points to ../../build/python_parameters/python_parameters.egg-info/entry_points.txt
[1.619s] writing requirements to ../../build/python_parameters/python_parameters.egg-info/requires.txt
[1.621s] writing top-level names to ../../build/python_parameters/python_parameters.egg-info/top_level.txt
[1.624s] reading manifest file '../../build/python_parameters/python_parameters.egg-info/SOURCES.txt'
[1.627s] writing manifest file '../../build/python_parameters/python_parameters.egg-info/SOURCES.txt'
[1.627s] running build
[1.627s] running build_py
[1.627s] running install
[1.628s] running install_lib
[1.630s] running install_data
[1.631s] running install_egg_info
[1.634s] removing '/home/yahboom/Desktop/lec9/intro_ws/install/python_parameters/lib/python3.10/site-packages/python_parameters-0.0.0-py3.10.egg-info' (and everything under it)
[1.634s] Copying ../../build/python_parameters/python_parameters.egg-info to /home/yahboom/Desktop/lec9/intro_ws/install/python_parameters/lib/python3.10/site-packages/python_parameters-0.0.0-py3.10.egg-info
[1.635s] running install_scripts
[1.658s] Installing minimal_param_node script to /home/yahboom/Desktop/lec9/intro_ws/install/python_parameters/lib/python_parameters
[1.658s] writing list of installed files to '/home/yahboom/Desktop/lec9/intro_ws/build/python_parameters/install.log'
[1.788s] Invoked command in '/home/yahboom/Desktop/lec9/intro_ws/src/python_parameters' returned '0': PYTHONPATH=/home/yahboom/Desktop/lec9/intro_ws/build/python_parameters/prefix_override:/home/yahboom/Desktop/lec9/intro_ws/install/python_parameters/lib/python3.10/site-packages:${PYTHONPATH} /usr/bin/python3 -W ignore:setup.py install is deprecated setup.py egg_info --egg-base ../../build/python_parameters build --build-base /home/yahboom/Desktop/lec9/intro_ws/build/python_parameters/build install --record /home/yahboom/Desktop/lec9/intro_ws/build/python_parameters/install.log --single-version-externally-managed install_data
