[0.024s] Invoking command in '/home/yahboom/Desktop/lec9/intro_ws/build/turtle_interfaces': CMAKE_PREFIX_PATH=${CMAKE_PREFIX_PATH}:/home/yahboom/cartoros2/install/yahboomcar_nav:/home/yahboom/cartoros2/install/yahboomcar_ctrl:/home/yahboom/cartoros2/install/yahboom_visual:/home/yahboom/cartoros2/install/yahboom_dog_joint_state:/home/yahboom/cartoros2/install/yahboom_description:/home/yahboom/cartoros2/install/yahboom_color_identify_server:/home/yahboom/cartoros2/install/yahboom_bringup:/home/yahboom/cartoros2/install/yahboom_base:/home/yahboom/cartoros2/install/yahboom_app_save_map:/home/yahboom/cartoros2/install/update_map:/home/yahboom/cartoros2/install/rosboard:/home/yahboom/cartoros2/install/path_planner_server:/home/yahboom/cartoros2/install/nav2_simple_commander:/home/yahboom/cartoros2/install/nav2_gazebo_spawner:/home/yahboom/cartoros2/install/localization_server:/home/yahboom/cartoros2/install/laserscan_to_point_pulisher:/home/yahboom/yahboomcar_ws/install/yahboom_dog_example:/opt/ros/humble /usr/bin/cmake /home/yahboom/Desktop/lec9/intro_ws/src/turtle_interfaces -DCMAKE_INSTALL_PREFIX=/home/yahboom/Desktop/lec9/intro_ws/install/turtle_interfaces
[0.183s] -- The C compiler identification is GNU 11.4.0
[0.322s] -- The CXX compiler identification is GNU 11.4.0
[0.336s] -- Detecting C compiler ABI info
[0.453s] -- Detecting C compiler ABI info - done
[0.458s] -- Check for working C compiler: /usr/bin/cc - skipped
[0.459s] -- Detecting C compile features
[0.460s] -- Detecting C compile features - done
[0.464s] -- Detecting CXX compiler ABI info
[0.605s] -- Detecting CXX compiler ABI info - done
[0.610s] -- Check for working CXX compiler: /usr/bin/c++ - skipped
[0.610s] -- Detecting CXX compile features
[0.611s] -- Detecting CXX compile features - done
[0.636s] -- Found ament_cmake: 1.3.8 (/opt/ros/humble/share/ament_cmake/cmake)
[0.857s] -- Found Python3: /usr/bin/python3 (found version "3.10.12") found components: Interpreter 
[1.142s] -- Found rosidl_default_generators: 1.2.0 (/opt/ros/humble/share/rosidl_default_generators/cmake)
[1.171s] -- Using all available rosidl_typesupport_c: rosidl_typesupport_fastrtps_c;rosidl_typesupport_introspection_c
[1.214s] -- Found rosidl_adapter: 3.1.5 (/opt/ros/humble/share/rosidl_adapter/cmake)
[1.383s] -- Using all available rosidl_typesupport_cpp: rosidl_typesupport_fastrtps_cpp;rosidl_typesupport_introspection_cpp
[1.507s] -- Found ament_lint_auto: 0.12.10 (/opt/ros/humble/share/ament_lint_auto/cmake)
[2.048s] -- Found ament_cmake_ros: 0.10.0 (/opt/ros/humble/share/ament_cmake_ros/cmake)
[2.314s] -- Using all available rosidl_typesupport_c: rosidl_typesupport_fastrtps_c;rosidl_typesupport_introspection_c
[2.606s] -- Using all available rosidl_typesupport_cpp: rosidl_typesupport_fastrtps_cpp;rosidl_typesupport_introspection_cpp
[2.637s] -- Found PythonInterp: /usr/bin/python3 (found suitable version "3.10.12", minimum required is "3.6") 
[2.651s] -- Found python_cmake_module: 0.10.0 (/opt/ros/humble/share/python_cmake_module/cmake)
[2.704s] -- Found PythonLibs: /usr/lib/x86_64-linux-gnu/libpython3.10.so (found suitable version "3.10.12", minimum required is "3.5") 
[2.704s] -- Using PYTHON_EXECUTABLE: /usr/bin/python3
[2.704s] -- Using PYTHON_INCLUDE_DIRS: /usr/include/python3.10
[2.704s] -- Using PYTHON_LIBRARIES: /usr/lib/x86_64-linux-gnu/libpython3.10.so
[2.730s] -- Found PythonExtra: .so  
[2.840s] -- Added test 'lint_cmake' to check CMake code style
[2.844s] -- Added test 'xmllint' to check XML markup files
[2.858s] -- Configuring done
[2.892s] -- Generating done
[2.894s] -- Build files have been written to: /home/yahboom/Desktop/lec9/intro_ws/build/turtle_interfaces
[2.902s] Invoked command in '/home/yahboom/Desktop/lec9/intro_ws/build/turtle_interfaces' returned '0': CMAKE_PREFIX_PATH=${CMAKE_PREFIX_PATH}:/home/yahboom/cartoros2/install/yahboomcar_nav:/home/yahboom/cartoros2/install/yahboomcar_ctrl:/home/yahboom/cartoros2/install/yahboom_visual:/home/yahboom/cartoros2/install/yahboom_dog_joint_state:/home/yahboom/cartoros2/install/yahboom_description:/home/yahboom/cartoros2/install/yahboom_color_identify_server:/home/yahboom/cartoros2/install/yahboom_bringup:/home/yahboom/cartoros2/install/yahboom_base:/home/yahboom/cartoros2/install/yahboom_app_save_map:/home/yahboom/cartoros2/install/update_map:/home/yahboom/cartoros2/install/rosboard:/home/yahboom/cartoros2/install/path_planner_server:/home/yahboom/cartoros2/install/nav2_simple_commander:/home/yahboom/cartoros2/install/nav2_gazebo_spawner:/home/yahboom/cartoros2/install/localization_server:/home/yahboom/cartoros2/install/laserscan_to_point_pulisher:/home/yahboom/yahboomcar_ws/install/yahboom_dog_example:/opt/ros/humble /usr/bin/cmake /home/yahboom/Desktop/lec9/intro_ws/src/turtle_interfaces -DCMAKE_INSTALL_PREFIX=/home/yahboom/Desktop/lec9/intro_ws/install/turtle_interfaces
[2.904s] Invoking command in '/home/yahboom/Desktop/lec9/intro_ws/build/turtle_interfaces': CMAKE_PREFIX_PATH=${CMAKE_PREFIX_PATH}:/home/yahboom/cartoros2/install/yahboomcar_nav:/home/yahboom/cartoros2/install/yahboomcar_ctrl:/home/yahboom/cartoros2/install/yahboom_visual:/home/yahboom/cartoros2/install/yahboom_dog_joint_state:/home/yahboom/cartoros2/install/yahboom_description:/home/yahboom/cartoros2/install/yahboom_color_identify_server:/home/yahboom/cartoros2/install/yahboom_bringup:/home/yahboom/cartoros2/install/yahboom_base:/home/yahboom/cartoros2/install/yahboom_app_save_map:/home/yahboom/cartoros2/install/update_map:/home/yahboom/cartoros2/install/rosboard:/home/yahboom/cartoros2/install/path_planner_server:/home/yahboom/cartoros2/install/nav2_simple_commander:/home/yahboom/cartoros2/install/nav2_gazebo_spawner:/home/yahboom/cartoros2/install/localization_server:/home/yahboom/cartoros2/install/laserscan_to_point_pulisher:/home/yahboom/yahboomcar_ws/install/yahboom_dog_example:/opt/ros/humble /usr/bin/cmake --build /home/yahboom/Desktop/lec9/intro_ws/build/turtle_interfaces -- -j4 -l4
[2.977s] [  2%] [34m[1mGenerating C code for ROS interfaces[0m
[2.996s] [  4%] [34m[1mGenerating C++ code for ROS interfaces[0m
[3.013s] [  4%] Built target ament_cmake_python_copy_turtle_interfaces
[3.282s] running egg_info
[3.282s] creating turtle_interfaces.egg-info
[3.282s] writing turtle_interfaces.egg-info/PKG-INFO
[3.282s] writing dependency_links to turtle_interfaces.egg-info/dependency_links.txt
[3.282s] writing top-level names to turtle_interfaces.egg-info/top_level.txt
[3.282s] writing manifest file 'turtle_interfaces.egg-info/SOURCES.txt'
[3.286s] reading manifest file 'turtle_interfaces.egg-info/SOURCES.txt'
[3.286s] writing manifest file 'turtle_interfaces.egg-info/SOURCES.txt'
[3.316s] [  4%] Built target ament_cmake_python_build_turtle_interfaces_egg
[3.510s] [  4%] Built target turtle_interfaces__cpp
[3.530s] [ 12%] [34m[1mGenerating C++ type support for eProsima Fast-RTPS[0m
[3.530s] [ 12%] [34m[1mGenerating C++ introspection for ROS interfaces[0m
[3.531s] [ 12%] [32mBuilding C object CMakeFiles/turtle_interfaces__rosidl_generator_c.dir/rosidl_generator_c/turtle_interfaces/msg/detail/turtle_pose__functions.c.o[0m
[3.531s] [ 12%] [34m[1mGenerating C++ type support dispatch for ROS interfaces[0m
[3.631s] [ 14%] [32mBuilding C object CMakeFiles/turtle_interfaces__rosidl_generator_c.dir/rosidl_generator_c/turtle_interfaces/srv/detail/set_colors__functions.c.o[0m
[3.704s] [ 17%] [32mBuilding C object CMakeFiles/turtle_interfaces__rosidl_generator_c.dir/rosidl_generator_c/turtle_interfaces/action/detail/make_square__functions.c.o[0m
[3.839s] [ 19%] [32m[1mLinking C shared library libturtle_interfaces__rosidl_generator_c.so[0m
[3.911s] [ 19%] Built target turtle_interfaces__rosidl_generator_c
[3.926s] [ 21%] [32mBuilding CXX object CMakeFiles/turtle_interfaces__rosidl_typesupport_cpp.dir/rosidl_typesupport_cpp/turtle_interfaces/msg/turtle_pose__type_support.cpp.o[0m
[3.933s] [ 23%] [32mBuilding CXX object CMakeFiles/turtle_interfaces__rosidl_typesupport_cpp.dir/rosidl_typesupport_cpp/turtle_interfaces/srv/set_colors__type_support.cpp.o[0m
[4.014s] [ 25%] [32mBuilding CXX object CMakeFiles/turtle_interfaces__rosidl_typesupport_introspection_cpp.dir/rosidl_typesupport_introspection_cpp/turtle_interfaces/msg/detail/turtle_pose__type_support.cpp.o[0m
[4.088s] [ 27%] [32mBuilding CXX object CMakeFiles/turtle_interfaces__rosidl_typesupport_fastrtps_cpp.dir/rosidl_typesupport_fastrtps_cpp/turtle_interfaces/msg/detail/dds_fastrtps/turtle_pose__type_support.cpp.o[0m
[4.250s] [ 31%] [32mBuilding CXX object CMakeFiles/turtle_interfaces__rosidl_typesupport_introspection_cpp.dir/rosidl_typesupport_introspection_cpp/turtle_interfaces/srv/detail/set_colors__type_support.cpp.o[0m
[4.250s] [ 31%] [32mBuilding CXX object CMakeFiles/turtle_interfaces__rosidl_typesupport_cpp.dir/rosidl_typesupport_cpp/turtle_interfaces/action/make_square__type_support.cpp.o[0m
[4.404s] [ 34%] [34m[1mGenerating C type support for eProsima Fast-RTPS[0m
[4.471s] [ 36%] [32mBuilding CXX object CMakeFiles/turtle_interfaces__rosidl_typesupport_fastrtps_cpp.dir/rosidl_typesupport_fastrtps_cpp/turtle_interfaces/srv/detail/dds_fastrtps/set_colors__type_support.cpp.o[0m
[4.621s] [ 38%] [32mBuilding CXX object CMakeFiles/turtle_interfaces__rosidl_typesupport_introspection_cpp.dir/rosidl_typesupport_introspection_cpp/turtle_interfaces/action/detail/make_square__type_support.cpp.o[0m
[4.684s] [ 40%] [32m[1mLinking CXX shared library libturtle_interfaces__rosidl_typesupport_cpp.so[0m
[4.759s] [ 40%] Built target turtle_interfaces__rosidl_typesupport_cpp
[4.785s] [ 42%] [32mBuilding CXX object CMakeFiles/turtle_interfaces__rosidl_typesupport_fastrtps_cpp.dir/rosidl_typesupport_fastrtps_cpp/turtle_interfaces/action/detail/dds_fastrtps/make_square__type_support.cpp.o[0m
[4.852s] [ 44%] [34m[1mGenerating C introspection for ROS interfaces[0m
[4.905s] [ 46%] [32mBuilding CXX object CMakeFiles/turtle_interfaces__rosidl_typesupport_fastrtps_c.dir/rosidl_typesupport_fastrtps_c/turtle_interfaces/msg/detail/turtle_pose__type_support_c.cpp.o[0m
[5.207s] [ 48%] [32mBuilding CXX object CMakeFiles/turtle_interfaces__rosidl_typesupport_fastrtps_c.dir/rosidl_typesupport_fastrtps_c/turtle_interfaces/srv/detail/set_colors__type_support_c.cpp.o[0m
[5.219s] [ 51%] [32m[1mLinking CXX shared library libturtle_interfaces__rosidl_typesupport_introspection_cpp.so[0m
[5.313s] [ 53%] [32m[1mLinking CXX shared library libturtle_interfaces__rosidl_typesupport_fastrtps_cpp.so[0m
[5.328s] [ 53%] Built target turtle_interfaces__rosidl_typesupport_introspection_cpp
[5.344s] [ 55%] [32mBuilding CXX object CMakeFiles/turtle_interfaces__rosidl_typesupport_fastrtps_c.dir/rosidl_typesupport_fastrtps_c/turtle_interfaces/action/detail/make_square__type_support_c.cpp.o[0m
[5.362s] [ 57%] [32mBuilding C object CMakeFiles/turtle_interfaces__rosidl_typesupport_introspection_c.dir/rosidl_typesupport_introspection_c/turtle_interfaces/msg/detail/turtle_pose__type_support.c.o[0m
[5.415s] [ 59%] [32mBuilding C object CMakeFiles/turtle_interfaces__rosidl_typesupport_introspection_c.dir/rosidl_typesupport_introspection_c/turtle_interfaces/srv/detail/set_colors__type_support.c.o[0m
[5.420s] [ 59%] Built target turtle_interfaces__rosidl_typesupport_fastrtps_cpp
[5.440s] [ 61%] [32mBuilding C object CMakeFiles/turtle_interfaces__rosidl_typesupport_introspection_c.dir/rosidl_typesupport_introspection_c/turtle_interfaces/action/detail/make_square__type_support.c.o[0m
[5.476s] [ 63%] [34m[1mGenerating C type support dispatch for ROS interfaces[0m
[5.505s] [ 65%] [32m[1mLinking C shared library libturtle_interfaces__rosidl_typesupport_introspection_c.so[0m
[5.564s] [ 65%] Built target turtle_interfaces__rosidl_typesupport_introspection_c
[5.702s] [ 68%] [32m[1mLinking CXX shared library libturtle_interfaces__rosidl_typesupport_fastrtps_c.so[0m
[5.795s] [ 68%] Built target turtle_interfaces__rosidl_typesupport_fastrtps_c
[5.813s] [ 74%] [32mBuilding CXX object CMakeFiles/turtle_interfaces__rosidl_typesupport_c.dir/rosidl_typesupport_c/turtle_interfaces/srv/set_colors__type_support.cpp.o[0m
[5.813s] [ 74%] [32mBuilding CXX object CMakeFiles/turtle_interfaces__rosidl_typesupport_c.dir/rosidl_typesupport_c/turtle_interfaces/action/make_square__type_support.cpp.o[0m
[5.813s] [ 74%] [32mBuilding CXX object CMakeFiles/turtle_interfaces__rosidl_typesupport_c.dir/rosidl_typesupport_c/turtle_interfaces/msg/turtle_pose__type_support.cpp.o[0m
[5.876s] [ 76%] [32m[1mLinking CXX shared library libturtle_interfaces__rosidl_typesupport_c.so[0m
[5.935s] [ 76%] Built target turtle_interfaces__rosidl_typesupport_c
[5.975s] [ 76%] Built target turtle_interfaces
[6.015s] [ 78%] [34m[1mGenerating Python code for ROS interfaces[0m
[6.780s] [ 78%] Built target turtle_interfaces__py
[6.822s] [ 85%] [32mBuilding C object CMakeFiles/turtle_interfaces__rosidl_generator_py.dir/rosidl_generator_py/turtle_interfaces/action/_make_square_s.c.o[0m
[6.822s] [ 85%] [32mBuilding C object CMakeFiles/turtle_interfaces__rosidl_generator_py.dir/rosidl_generator_py/turtle_interfaces/srv/_set_colors_s.c.o[0m
[6.823s] [ 85%] [32mBuilding C object CMakeFiles/turtle_interfaces__rosidl_generator_py.dir/rosidl_generator_py/turtle_interfaces/msg/_turtle_pose_s.c.o[0m
[7.013s] [ 87%] [32m[1mLinking C shared library rosidl_generator_py/turtle_interfaces/libturtle_interfaces__rosidl_generator_py.so[0m
[7.071s] [ 87%] Built target turtle_interfaces__rosidl_generator_py
[7.112s] [ 91%] [32mBuilding C object CMakeFiles/turtle_interfaces__rosidl_typesupport_c__pyext.dir/rosidl_generator_py/turtle_interfaces/_turtle_interfaces_s.ep.rosidl_typesupport_c.c.o[0m
[7.112s] [ 91%] [32mBuilding C object CMakeFiles/turtle_interfaces__rosidl_typesupport_introspection_c__pyext.dir/rosidl_generator_py/turtle_interfaces/_turtle_interfaces_s.ep.rosidl_typesupport_introspection_c.c.o[0m
[7.112s] [ 93%] [32mBuilding C object CMakeFiles/turtle_interfaces__rosidl_typesupport_fastrtps_c__pyext.dir/rosidl_generator_py/turtle_interfaces/_turtle_interfaces_s.ep.rosidl_typesupport_fastrtps_c.c.o[0m
[7.238s] [100%] [32m[1mLinking C shared library rosidl_generator_py/turtle_interfaces/turtle_interfaces_s__rosidl_typesupport_c.cpython-310-x86_64-linux-gnu.so[0m
[7.238s] [100%] [32m[1mLinking C shared library rosidl_generator_py/turtle_interfaces/turtle_interfaces_s__rosidl_typesupport_introspection_c.cpython-310-x86_64-linux-gnu.so[0m
[7.238s] [100%] [32m[1mLinking C shared library rosidl_generator_py/turtle_interfaces/turtle_interfaces_s__rosidl_typesupport_fastrtps_c.cpython-310-x86_64-linux-gnu.so[0m
[7.296s] [100%] Built target turtle_interfaces__rosidl_typesupport_fastrtps_c__pyext
[7.297s] [100%] Built target turtle_interfaces__rosidl_typesupport_c__pyext
[7.297s] [100%] Built target turtle_interfaces__rosidl_typesupport_introspection_c__pyext
[7.316s] Invoked command in '/home/yahboom/Desktop/lec9/intro_ws/build/turtle_interfaces' returned '0': CMAKE_PREFIX_PATH=${CMAKE_PREFIX_PATH}:/home/yahboom/cartoros2/install/yahboomcar_nav:/home/yahboom/cartoros2/install/yahboomcar_ctrl:/home/yahboom/cartoros2/install/yahboom_visual:/home/yahboom/cartoros2/install/yahboom_dog_joint_state:/home/yahboom/cartoros2/install/yahboom_description:/home/yahboom/cartoros2/install/yahboom_color_identify_server:/home/yahboom/cartoros2/install/yahboom_bringup:/home/yahboom/cartoros2/install/yahboom_base:/home/yahboom/cartoros2/install/yahboom_app_save_map:/home/yahboom/cartoros2/install/update_map:/home/yahboom/cartoros2/install/rosboard:/home/yahboom/cartoros2/install/path_planner_server:/home/yahboom/cartoros2/install/nav2_simple_commander:/home/yahboom/cartoros2/install/nav2_gazebo_spawner:/home/yahboom/cartoros2/install/localization_server:/home/yahboom/cartoros2/install/laserscan_to_point_pulisher:/home/yahboom/yahboomcar_ws/install/yahboom_dog_example:/opt/ros/humble /usr/bin/cmake --build /home/yahboom/Desktop/lec9/intro_ws/build/turtle_interfaces -- -j4 -l4
[7.610s] Invoking command in '/home/yahboom/Desktop/lec9/intro_ws/build/turtle_interfaces': CMAKE_PREFIX_PATH=${CMAKE_PREFIX_PATH}:/home/yahboom/cartoros2/install/yahboomcar_nav:/home/yahboom/cartoros2/install/yahboomcar_ctrl:/home/yahboom/cartoros2/install/yahboom_visual:/home/yahboom/cartoros2/install/yahboom_dog_joint_state:/home/yahboom/cartoros2/install/yahboom_description:/home/yahboom/cartoros2/install/yahboom_color_identify_server:/home/yahboom/cartoros2/install/yahboom_bringup:/home/yahboom/cartoros2/install/yahboom_base:/home/yahboom/cartoros2/install/yahboom_app_save_map:/home/yahboom/cartoros2/install/update_map:/home/yahboom/cartoros2/install/rosboard:/home/yahboom/cartoros2/install/path_planner_server:/home/yahboom/cartoros2/install/nav2_simple_commander:/home/yahboom/cartoros2/install/nav2_gazebo_spawner:/home/yahboom/cartoros2/install/localization_server:/home/yahboom/cartoros2/install/laserscan_to_point_pulisher:/home/yahboom/yahboomcar_ws/install/yahboom_dog_example:/opt/ros/humble /usr/bin/cmake --install /home/yahboom/Desktop/lec9/intro_ws/build/turtle_interfaces
[7.624s] -- Install configuration: ""
[7.624s] -- Installing: /home/yahboom/Desktop/lec9/intro_ws/install/turtle_interfaces/share/ament_index/resource_index/rosidl_interfaces/turtle_interfaces
[7.624s] -- Installing: /home/yahboom/Desktop/lec9/intro_ws/install/turtle_interfaces/include/turtle_interfaces/turtle_interfaces
[7.625s] -- Installing: /home/yahboom/Desktop/lec9/intro_ws/install/turtle_interfaces/include/turtle_interfaces/turtle_interfaces/action
[7.625s] -- Installing: /home/yahboom/Desktop/lec9/intro_ws/install/turtle_interfaces/include/turtle_interfaces/turtle_interfaces/action/detail
[7.625s] -- Installing: /home/yahboom/Desktop/lec9/intro_ws/install/turtle_interfaces/include/turtle_interfaces/turtle_interfaces/action/detail/make_square__struct.h
[7.625s] -- Installing: /home/yahboom/Desktop/lec9/intro_ws/install/turtle_interfaces/include/turtle_interfaces/turtle_interfaces/action/detail/make_square__type_support.h
[7.625s] -- Installing: /home/yahboom/Desktop/lec9/intro_ws/install/turtle_interfaces/include/turtle_interfaces/turtle_interfaces/action/detail/make_square__functions.c
[7.625s] -- Installing: /home/yahboom/Desktop/lec9/intro_ws/install/turtle_interfaces/include/turtle_interfaces/turtle_interfaces/action/detail/make_square__functions.h
[7.625s] -- Installing: /home/yahboom/Desktop/lec9/intro_ws/install/turtle_interfaces/include/turtle_interfaces/turtle_interfaces/action/make_square.h
[7.626s] -- Installing: /home/yahboom/Desktop/lec9/intro_ws/install/turtle_interfaces/include/turtle_interfaces/turtle_interfaces/srv
[7.626s] -- Installing: /home/yahboom/Desktop/lec9/intro_ws/install/turtle_interfaces/include/turtle_interfaces/turtle_interfaces/srv/set_colors.h
[7.626s] -- Installing: /home/yahboom/Desktop/lec9/intro_ws/install/turtle_interfaces/include/turtle_interfaces/turtle_interfaces/srv/detail
[7.626s] -- Installing: /home/yahboom/Desktop/lec9/intro_ws/install/turtle_interfaces/include/turtle_interfaces/turtle_interfaces/srv/detail/set_colors__struct.h
[7.626s] -- Installing: /home/yahboom/Desktop/lec9/intro_ws/install/turtle_interfaces/include/turtle_interfaces/turtle_interfaces/srv/detail/set_colors__type_support.h
[7.626s] -- Installing: /home/yahboom/Desktop/lec9/intro_ws/install/turtle_interfaces/include/turtle_interfaces/turtle_interfaces/srv/detail/set_colors__functions.c
[7.626s] -- Installing: /home/yahboom/Desktop/lec9/intro_ws/install/turtle_interfaces/include/turtle_interfaces/turtle_interfaces/srv/detail/set_colors__functions.h
[7.626s] -- Installing: /home/yahboom/Desktop/lec9/intro_ws/install/turtle_interfaces/include/turtle_interfaces/turtle_interfaces/msg
[7.626s] -- Installing: /home/yahboom/Desktop/lec9/intro_ws/install/turtle_interfaces/include/turtle_interfaces/turtle_interfaces/msg/detail
[7.627s] -- Installing: /home/yahboom/Desktop/lec9/intro_ws/install/turtle_interfaces/include/turtle_interfaces/turtle_interfaces/msg/detail/turtle_pose__functions.c
[7.627s] -- Installing: /home/yahboom/Desktop/lec9/intro_ws/install/turtle_interfaces/include/turtle_interfaces/turtle_interfaces/msg/detail/turtle_pose__functions.h
[7.627s] -- Installing: /home/yahboom/Desktop/lec9/intro_ws/install/turtle_interfaces/include/turtle_interfaces/turtle_interfaces/msg/detail/turtle_pose__struct.h
[7.627s] -- Installing: /home/yahboom/Desktop/lec9/intro_ws/install/turtle_interfaces/include/turtle_interfaces/turtle_interfaces/msg/detail/turtle_pose__type_support.h
[7.627s] -- Installing: /home/yahboom/Desktop/lec9/intro_ws/install/turtle_interfaces/include/turtle_interfaces/turtle_interfaces/msg/turtle_pose.h
[7.627s] -- Installing: /home/yahboom/Desktop/lec9/intro_ws/install/turtle_interfaces/include/turtle_interfaces/turtle_interfaces/msg/rosidl_generator_c__visibility_control.h
[7.627s] -- Installing: /home/yahboom/Desktop/lec9/intro_ws/install/turtle_interfaces/share/turtle_interfaces/environment/library_path.sh
[7.628s] -- Installing: /home/yahboom/Desktop/lec9/intro_ws/install/turtle_interfaces/share/turtle_interfaces/environment/library_path.dsv
[7.628s] -- Installing: /home/yahboom/Desktop/lec9/intro_ws/install/turtle_interfaces/lib/libturtle_interfaces__rosidl_generator_c.so
[7.628s] -- Set runtime path of "/home/yahboom/Desktop/lec9/intro_ws/install/turtle_interfaces/lib/libturtle_interfaces__rosidl_generator_c.so" to ""
[7.628s] -- Up-to-date: /home/yahboom/Desktop/lec9/intro_ws/install/turtle_interfaces/include/turtle_interfaces/turtle_interfaces
[7.628s] -- Up-to-date: /home/yahboom/Desktop/lec9/intro_ws/install/turtle_interfaces/include/turtle_interfaces/turtle_interfaces/action
[7.628s] -- Up-to-date: /home/yahboom/Desktop/lec9/intro_ws/install/turtle_interfaces/include/turtle_interfaces/turtle_interfaces/action/detail
[7.629s] -- Installing: /home/yahboom/Desktop/lec9/intro_ws/install/turtle_interfaces/include/turtle_interfaces/turtle_interfaces/action/detail/make_square__rosidl_typesupport_fastrtps_c.h
[7.629s] -- Up-to-date: /home/yahboom/Desktop/lec9/intro_ws/install/turtle_interfaces/include/turtle_interfaces/turtle_interfaces/srv
[7.629s] -- Up-to-date: /home/yahboom/Desktop/lec9/intro_ws/install/turtle_interfaces/include/turtle_interfaces/turtle_interfaces/srv/detail
[7.629s] -- Installing: /home/yahboom/Desktop/lec9/intro_ws/install/turtle_interfaces/include/turtle_interfaces/turtle_interfaces/srv/detail/set_colors__rosidl_typesupport_fastrtps_c.h
[7.629s] -- Up-to-date: /home/yahboom/Desktop/lec9/intro_ws/install/turtle_interfaces/include/turtle_interfaces/turtle_interfaces/msg
[7.629s] -- Up-to-date: /home/yahboom/Desktop/lec9/intro_ws/install/turtle_interfaces/include/turtle_interfaces/turtle_interfaces/msg/detail
[7.629s] -- Installing: /home/yahboom/Desktop/lec9/intro_ws/install/turtle_interfaces/include/turtle_interfaces/turtle_interfaces/msg/detail/turtle_pose__rosidl_typesupport_fastrtps_c.h
[7.629s] -- Installing: /home/yahboom/Desktop/lec9/intro_ws/install/turtle_interfaces/include/turtle_interfaces/turtle_interfaces/msg/rosidl_typesupport_fastrtps_c__visibility_control.h
[7.629s] -- Installing: /home/yahboom/Desktop/lec9/intro_ws/install/turtle_interfaces/lib/libturtle_interfaces__rosidl_typesupport_fastrtps_c.so
[7.630s] -- Set runtime path of "/home/yahboom/Desktop/lec9/intro_ws/install/turtle_interfaces/lib/libturtle_interfaces__rosidl_typesupport_fastrtps_c.so" to ""
[7.630s] -- Up-to-date: /home/yahboom/Desktop/lec9/intro_ws/install/turtle_interfaces/include/turtle_interfaces/turtle_interfaces
[7.630s] -- Up-to-date: /home/yahboom/Desktop/lec9/intro_ws/install/turtle_interfaces/include/turtle_interfaces/turtle_interfaces/action
[7.630s] -- Up-to-date: /home/yahboom/Desktop/lec9/intro_ws/install/turtle_interfaces/include/turtle_interfaces/turtle_interfaces/action/detail
[7.630s] -- Installing: /home/yahboom/Desktop/lec9/intro_ws/install/turtle_interfaces/include/turtle_interfaces/turtle_interfaces/action/detail/make_square__type_support.c
[7.630s] -- Installing: /home/yahboom/Desktop/lec9/intro_ws/install/turtle_interfaces/include/turtle_interfaces/turtle_interfaces/action/detail/make_square__rosidl_typesupport_introspection_c.h
[7.630s] -- Up-to-date: /home/yahboom/Desktop/lec9/intro_ws/install/turtle_interfaces/include/turtle_interfaces/turtle_interfaces/srv
[7.630s] -- Up-to-date: /home/yahboom/Desktop/lec9/intro_ws/install/turtle_interfaces/include/turtle_interfaces/turtle_interfaces/srv/detail
[7.630s] -- Installing: /home/yahboom/Desktop/lec9/intro_ws/install/turtle_interfaces/include/turtle_interfaces/turtle_interfaces/srv/detail/set_colors__type_support.c
[7.630s] -- Installing: /home/yahboom/Desktop/lec9/intro_ws/install/turtle_interfaces/include/turtle_interfaces/turtle_interfaces/srv/detail/set_colors__rosidl_typesupport_introspection_c.h
[7.630s] -- Up-to-date: /home/yahboom/Desktop/lec9/intro_ws/install/turtle_interfaces/include/turtle_interfaces/turtle_interfaces/msg
[7.630s] -- Up-to-date: /home/yahboom/Desktop/lec9/intro_ws/install/turtle_interfaces/include/turtle_interfaces/turtle_interfaces/msg/detail
[7.630s] -- Installing: /home/yahboom/Desktop/lec9/intro_ws/install/turtle_interfaces/include/turtle_interfaces/turtle_interfaces/msg/detail/turtle_pose__rosidl_typesupport_introspection_c.h
[7.631s] -- Installing: /home/yahboom/Desktop/lec9/intro_ws/install/turtle_interfaces/include/turtle_interfaces/turtle_interfaces/msg/detail/turtle_pose__type_support.c
[7.631s] -- Installing: /home/yahboom/Desktop/lec9/intro_ws/install/turtle_interfaces/include/turtle_interfaces/turtle_interfaces/msg/rosidl_typesupport_introspection_c__visibility_control.h
[7.631s] -- Installing: /home/yahboom/Desktop/lec9/intro_ws/install/turtle_interfaces/lib/libturtle_interfaces__rosidl_typesupport_introspection_c.so
[7.631s] -- Set runtime path of "/home/yahboom/Desktop/lec9/intro_ws/install/turtle_interfaces/lib/libturtle_interfaces__rosidl_typesupport_introspection_c.so" to ""
[7.631s] -- Installing: /home/yahboom/Desktop/lec9/intro_ws/install/turtle_interfaces/lib/libturtle_interfaces__rosidl_typesupport_c.so
[7.632s] -- Set runtime path of "/home/yahboom/Desktop/lec9/intro_ws/install/turtle_interfaces/lib/libturtle_interfaces__rosidl_typesupport_c.so" to ""
[7.632s] -- Up-to-date: /home/yahboom/Desktop/lec9/intro_ws/install/turtle_interfaces/include/turtle_interfaces/turtle_interfaces
[7.632s] -- Up-to-date: /home/yahboom/Desktop/lec9/intro_ws/install/turtle_interfaces/include/turtle_interfaces/turtle_interfaces/action
[7.632s] -- Up-to-date: /home/yahboom/Desktop/lec9/intro_ws/install/turtle_interfaces/include/turtle_interfaces/turtle_interfaces/action/detail
[7.632s] -- Installing: /home/yahboom/Desktop/lec9/intro_ws/install/turtle_interfaces/include/turtle_interfaces/turtle_interfaces/action/detail/make_square__builder.hpp
[7.632s] -- Installing: /home/yahboom/Desktop/lec9/intro_ws/install/turtle_interfaces/include/turtle_interfaces/turtle_interfaces/action/detail/make_square__traits.hpp
[7.633s] -- Installing: /home/yahboom/Desktop/lec9/intro_ws/install/turtle_interfaces/include/turtle_interfaces/turtle_interfaces/action/detail/make_square__struct.hpp
[7.633s] -- Installing: /home/yahboom/Desktop/lec9/intro_ws/install/turtle_interfaces/include/turtle_interfaces/turtle_interfaces/action/make_square.hpp
[7.633s] -- Up-to-date: /home/yahboom/Desktop/lec9/intro_ws/install/turtle_interfaces/include/turtle_interfaces/turtle_interfaces/srv
[7.633s] -- Up-to-date: /home/yahboom/Desktop/lec9/intro_ws/install/turtle_interfaces/include/turtle_interfaces/turtle_interfaces/srv/detail
[7.633s] -- Installing: /home/yahboom/Desktop/lec9/intro_ws/install/turtle_interfaces/include/turtle_interfaces/turtle_interfaces/srv/detail/set_colors__builder.hpp
[7.633s] -- Installing: /home/yahboom/Desktop/lec9/intro_ws/install/turtle_interfaces/include/turtle_interfaces/turtle_interfaces/srv/detail/set_colors__traits.hpp
[7.633s] -- Installing: /home/yahboom/Desktop/lec9/intro_ws/install/turtle_interfaces/include/turtle_interfaces/turtle_interfaces/srv/detail/set_colors__struct.hpp
[7.633s] -- Installing: /home/yahboom/Desktop/lec9/intro_ws/install/turtle_interfaces/include/turtle_interfaces/turtle_interfaces/srv/set_colors.hpp
[7.633s] -- Up-to-date: /home/yahboom/Desktop/lec9/intro_ws/install/turtle_interfaces/include/turtle_interfaces/turtle_interfaces/msg
[7.633s] -- Up-to-date: /home/yahboom/Desktop/lec9/intro_ws/install/turtle_interfaces/include/turtle_interfaces/turtle_interfaces/msg/detail
[7.633s] -- Installing: /home/yahboom/Desktop/lec9/intro_ws/install/turtle_interfaces/include/turtle_interfaces/turtle_interfaces/msg/detail/turtle_pose__builder.hpp
[7.633s] -- Installing: /home/yahboom/Desktop/lec9/intro_ws/install/turtle_interfaces/include/turtle_interfaces/turtle_interfaces/msg/detail/turtle_pose__traits.hpp
[7.634s] -- Installing: /home/yahboom/Desktop/lec9/intro_ws/install/turtle_interfaces/include/turtle_interfaces/turtle_interfaces/msg/detail/turtle_pose__struct.hpp
[7.634s] -- Installing: /home/yahboom/Desktop/lec9/intro_ws/install/turtle_interfaces/include/turtle_interfaces/turtle_interfaces/msg/turtle_pose.hpp
[7.634s] -- Up-to-date: /home/yahboom/Desktop/lec9/intro_ws/install/turtle_interfaces/include/turtle_interfaces/turtle_interfaces
[7.634s] -- Up-to-date: /home/yahboom/Desktop/lec9/intro_ws/install/turtle_interfaces/include/turtle_interfaces/turtle_interfaces/action
[7.634s] -- Up-to-date: /home/yahboom/Desktop/lec9/intro_ws/install/turtle_interfaces/include/turtle_interfaces/turtle_interfaces/action/detail
[7.634s] -- Installing: /home/yahboom/Desktop/lec9/intro_ws/install/turtle_interfaces/include/turtle_interfaces/turtle_interfaces/action/detail/make_square__rosidl_typesupport_fastrtps_cpp.hpp
[7.634s] -- Installing: /home/yahboom/Desktop/lec9/intro_ws/install/turtle_interfaces/include/turtle_interfaces/turtle_interfaces/action/detail/dds_fastrtps
[7.634s] -- Up-to-date: /home/yahboom/Desktop/lec9/intro_ws/install/turtle_interfaces/include/turtle_interfaces/turtle_interfaces/srv
[7.635s] -- Up-to-date: /home/yahboom/Desktop/lec9/intro_ws/install/turtle_interfaces/include/turtle_interfaces/turtle_interfaces/srv/detail
[7.635s] -- Installing: /home/yahboom/Desktop/lec9/intro_ws/install/turtle_interfaces/include/turtle_interfaces/turtle_interfaces/srv/detail/set_colors__rosidl_typesupport_fastrtps_cpp.hpp
[7.635s] -- Installing: /home/yahboom/Desktop/lec9/intro_ws/install/turtle_interfaces/include/turtle_interfaces/turtle_interfaces/srv/detail/dds_fastrtps
[7.635s] -- Up-to-date: /home/yahboom/Desktop/lec9/intro_ws/install/turtle_interfaces/include/turtle_interfaces/turtle_interfaces/msg
[7.635s] -- Up-to-date: /home/yahboom/Desktop/lec9/intro_ws/install/turtle_interfaces/include/turtle_interfaces/turtle_interfaces/msg/detail
[7.635s] -- Installing: /home/yahboom/Desktop/lec9/intro_ws/install/turtle_interfaces/include/turtle_interfaces/turtle_interfaces/msg/detail/dds_fastrtps
[7.635s] -- Installing: /home/yahboom/Desktop/lec9/intro_ws/install/turtle_interfaces/include/turtle_interfaces/turtle_interfaces/msg/detail/turtle_pose__rosidl_typesupport_fastrtps_cpp.hpp
[7.635s] -- Installing: /home/yahboom/Desktop/lec9/intro_ws/install/turtle_interfaces/include/turtle_interfaces/turtle_interfaces/msg/rosidl_typesupport_fastrtps_cpp__visibility_control.h
[7.635s] -- Installing: /home/yahboom/Desktop/lec9/intro_ws/install/turtle_interfaces/lib/libturtle_interfaces__rosidl_typesupport_fastrtps_cpp.so
[7.636s] -- Set runtime path of "/home/yahboom/Desktop/lec9/intro_ws/install/turtle_interfaces/lib/libturtle_interfaces__rosidl_typesupport_fastrtps_cpp.so" to ""
[7.636s] -- Up-to-date: /home/yahboom/Desktop/lec9/intro_ws/install/turtle_interfaces/include/turtle_interfaces/turtle_interfaces
[7.636s] -- Up-to-date: /home/yahboom/Desktop/lec9/intro_ws/install/turtle_interfaces/include/turtle_interfaces/turtle_interfaces/action
[7.636s] -- Up-to-date: /home/yahboom/Desktop/lec9/intro_ws/install/turtle_interfaces/include/turtle_interfaces/turtle_interfaces/action/detail
[7.636s] -- Installing: /home/yahboom/Desktop/lec9/intro_ws/install/turtle_interfaces/include/turtle_interfaces/turtle_interfaces/action/detail/make_square__rosidl_typesupport_introspection_cpp.hpp
[7.636s] -- Installing: /home/yahboom/Desktop/lec9/intro_ws/install/turtle_interfaces/include/turtle_interfaces/turtle_interfaces/action/detail/make_square__type_support.cpp
[7.636s] -- Up-to-date: /home/yahboom/Desktop/lec9/intro_ws/install/turtle_interfaces/include/turtle_interfaces/turtle_interfaces/srv
[7.636s] -- Up-to-date: /home/yahboom/Desktop/lec9/intro_ws/install/turtle_interfaces/include/turtle_interfaces/turtle_interfaces/srv/detail
[7.636s] -- Installing: /home/yahboom/Desktop/lec9/intro_ws/install/turtle_interfaces/include/turtle_interfaces/turtle_interfaces/srv/detail/set_colors__type_support.cpp
[7.636s] -- Installing: /home/yahboom/Desktop/lec9/intro_ws/install/turtle_interfaces/include/turtle_interfaces/turtle_interfaces/srv/detail/set_colors__rosidl_typesupport_introspection_cpp.hpp
[7.637s] -- Up-to-date: /home/yahboom/Desktop/lec9/intro_ws/install/turtle_interfaces/include/turtle_interfaces/turtle_interfaces/msg
[7.637s] -- Up-to-date: /home/yahboom/Desktop/lec9/intro_ws/install/turtle_interfaces/include/turtle_interfaces/turtle_interfaces/msg/detail
[7.637s] -- Installing: /home/yahboom/Desktop/lec9/intro_ws/install/turtle_interfaces/include/turtle_interfaces/turtle_interfaces/msg/detail/turtle_pose__rosidl_typesupport_introspection_cpp.hpp
[7.637s] -- Installing: /home/yahboom/Desktop/lec9/intro_ws/install/turtle_interfaces/include/turtle_interfaces/turtle_interfaces/msg/detail/turtle_pose__type_support.cpp
[7.637s] -- Installing: /home/yahboom/Desktop/lec9/intro_ws/install/turtle_interfaces/lib/libturtle_interfaces__rosidl_typesupport_introspection_cpp.so
[7.637s] -- Set runtime path of "/home/yahboom/Desktop/lec9/intro_ws/install/turtle_interfaces/lib/libturtle_interfaces__rosidl_typesupport_introspection_cpp.so" to ""
[7.637s] -- Installing: /home/yahboom/Desktop/lec9/intro_ws/install/turtle_interfaces/lib/libturtle_interfaces__rosidl_typesupport_cpp.so
[7.638s] -- Set runtime path of "/home/yahboom/Desktop/lec9/intro_ws/install/turtle_interfaces/lib/libturtle_interfaces__rosidl_typesupport_cpp.so" to ""
[7.638s] -- Installing: /home/yahboom/Desktop/lec9/intro_ws/install/turtle_interfaces/share/turtle_interfaces/environment/pythonpath.sh
[7.638s] -- Installing: /home/yahboom/Desktop/lec9/intro_ws/install/turtle_interfaces/share/turtle_interfaces/environment/pythonpath.dsv
[7.638s] -- Installing: /home/yahboom/Desktop/lec9/intro_ws/install/turtle_interfaces/local/lib/python3.10/dist-packages/turtle_interfaces-0.0.0-py3.10.egg-info
[7.638s] -- Installing: /home/yahboom/Desktop/lec9/intro_ws/install/turtle_interfaces/local/lib/python3.10/dist-packages/turtle_interfaces-0.0.0-py3.10.egg-info/top_level.txt
[7.638s] -- Installing: /home/yahboom/Desktop/lec9/intro_ws/install/turtle_interfaces/local/lib/python3.10/dist-packages/turtle_interfaces-0.0.0-py3.10.egg-info/PKG-INFO
[7.638s] -- Installing: /home/yahboom/Desktop/lec9/intro_ws/install/turtle_interfaces/local/lib/python3.10/dist-packages/turtle_interfaces-0.0.0-py3.10.egg-info/dependency_links.txt
[7.639s] -- Installing: /home/yahboom/Desktop/lec9/intro_ws/install/turtle_interfaces/local/lib/python3.10/dist-packages/turtle_interfaces-0.0.0-py3.10.egg-info/SOURCES.txt
[7.639s] -- Installing: /home/yahboom/Desktop/lec9/intro_ws/install/turtle_interfaces/local/lib/python3.10/dist-packages/turtle_interfaces
[7.639s] -- Installing: /home/yahboom/Desktop/lec9/intro_ws/install/turtle_interfaces/local/lib/python3.10/dist-packages/turtle_interfaces/libturtle_interfaces__rosidl_generator_py.so
[7.639s] -- Installing: /home/yahboom/Desktop/lec9/intro_ws/install/turtle_interfaces/local/lib/python3.10/dist-packages/turtle_interfaces/action
[7.639s] -- Installing: /home/yahboom/Desktop/lec9/intro_ws/install/turtle_interfaces/local/lib/python3.10/dist-packages/turtle_interfaces/action/_make_square.py
[7.639s] -- Installing: /home/yahboom/Desktop/lec9/intro_ws/install/turtle_interfaces/local/lib/python3.10/dist-packages/turtle_interfaces/action/__init__.py
[7.639s] -- Installing: /home/yahboom/Desktop/lec9/intro_ws/install/turtle_interfaces/local/lib/python3.10/dist-packages/turtle_interfaces/action/_make_square_s.c
[7.640s] -- Installing: /home/yahboom/Desktop/lec9/intro_ws/install/turtle_interfaces/local/lib/python3.10/dist-packages/turtle_interfaces/_turtle_interfaces_s.ep.rosidl_typesupport_c.c
[7.640s] -- Installing: /home/yahboom/Desktop/lec9/intro_ws/install/turtle_interfaces/local/lib/python3.10/dist-packages/turtle_interfaces/srv
[7.640s] -- Installing: /home/yahboom/Desktop/lec9/intro_ws/install/turtle_interfaces/local/lib/python3.10/dist-packages/turtle_interfaces/srv/__init__.py
[7.640s] -- Installing: /home/yahboom/Desktop/lec9/intro_ws/install/turtle_interfaces/local/lib/python3.10/dist-packages/turtle_interfaces/srv/_set_colors.py
[7.640s] -- Installing: /home/yahboom/Desktop/lec9/intro_ws/install/turtle_interfaces/local/lib/python3.10/dist-packages/turtle_interfaces/srv/_set_colors_s.c
[7.640s] -- Installing: /home/yahboom/Desktop/lec9/intro_ws/install/turtle_interfaces/local/lib/python3.10/dist-packages/turtle_interfaces/turtle_interfaces_s__rosidl_typesupport_introspection_c.cpython-310-x86_64-linux-gnu.so
[7.640s] -- Installing: /home/yahboom/Desktop/lec9/intro_ws/install/turtle_interfaces/local/lib/python3.10/dist-packages/turtle_interfaces/__init__.py
[7.641s] -- Installing: /home/yahboom/Desktop/lec9/intro_ws/install/turtle_interfaces/local/lib/python3.10/dist-packages/turtle_interfaces/turtle_interfaces_s__rosidl_typesupport_fastrtps_c.cpython-310-x86_64-linux-gnu.so
[7.641s] -- Installing: /home/yahboom/Desktop/lec9/intro_ws/install/turtle_interfaces/local/lib/python3.10/dist-packages/turtle_interfaces/_turtle_interfaces_s.ep.rosidl_typesupport_introspection_c.c
[7.641s] -- Installing: /home/yahboom/Desktop/lec9/intro_ws/install/turtle_interfaces/local/lib/python3.10/dist-packages/turtle_interfaces/msg
[7.641s] -- Installing: /home/yahboom/Desktop/lec9/intro_ws/install/turtle_interfaces/local/lib/python3.10/dist-packages/turtle_interfaces/msg/_turtle_pose.py
[7.641s] -- Installing: /home/yahboom/Desktop/lec9/intro_ws/install/turtle_interfaces/local/lib/python3.10/dist-packages/turtle_interfaces/msg/__init__.py
[7.641s] -- Installing: /home/yahboom/Desktop/lec9/intro_ws/install/turtle_interfaces/local/lib/python3.10/dist-packages/turtle_interfaces/msg/_turtle_pose_s.c
[7.641s] -- Installing: /home/yahboom/Desktop/lec9/intro_ws/install/turtle_interfaces/local/lib/python3.10/dist-packages/turtle_interfaces/turtle_interfaces_s__rosidl_typesupport_c.cpython-310-x86_64-linux-gnu.so
[7.642s] -- Installing: /home/yahboom/Desktop/lec9/intro_ws/install/turtle_interfaces/local/lib/python3.10/dist-packages/turtle_interfaces/_turtle_interfaces_s.ep.rosidl_typesupport_fastrtps_c.c
[7.695s] Listing '/home/yahboom/Desktop/lec9/intro_ws/install/turtle_interfaces/local/lib/python3.10/dist-packages/turtle_interfaces'...
[7.695s] Compiling '/home/yahboom/Desktop/lec9/intro_ws/install/turtle_interfaces/local/lib/python3.10/dist-packages/turtle_interfaces/__init__.py'...
[7.695s] Listing '/home/yahboom/Desktop/lec9/intro_ws/install/turtle_interfaces/local/lib/python3.10/dist-packages/turtle_interfaces/action'...
[7.695s] Compiling '/home/yahboom/Desktop/lec9/intro_ws/install/turtle_interfaces/local/lib/python3.10/dist-packages/turtle_interfaces/action/__init__.py'...
[7.695s] Compiling '/home/yahboom/Desktop/lec9/intro_ws/install/turtle_interfaces/local/lib/python3.10/dist-packages/turtle_interfaces/action/_make_square.py'...
[7.695s] Listing '/home/yahboom/Desktop/lec9/intro_ws/install/turtle_interfaces/local/lib/python3.10/dist-packages/turtle_interfaces/msg'...
[7.695s] Compiling '/home/yahboom/Desktop/lec9/intro_ws/install/turtle_interfaces/local/lib/python3.10/dist-packages/turtle_interfaces/msg/__init__.py'...
[7.695s] Compiling '/home/yahboom/Desktop/lec9/intro_ws/install/turtle_interfaces/local/lib/python3.10/dist-packages/turtle_interfaces/msg/_turtle_pose.py'...
[7.695s] Listing '/home/yahboom/Desktop/lec9/intro_ws/install/turtle_interfaces/local/lib/python3.10/dist-packages/turtle_interfaces/srv'...
[7.695s] Compiling '/home/yahboom/Desktop/lec9/intro_ws/install/turtle_interfaces/local/lib/python3.10/dist-packages/turtle_interfaces/srv/__init__.py'...
[7.695s] Compiling '/home/yahboom/Desktop/lec9/intro_ws/install/turtle_interfaces/local/lib/python3.10/dist-packages/turtle_interfaces/srv/_set_colors.py'...
[7.699s] -- Installing: /home/yahboom/Desktop/lec9/intro_ws/install/turtle_interfaces/local/lib/python3.10/dist-packages/turtle_interfaces/turtle_interfaces_s__rosidl_typesupport_fastrtps_c.cpython-310-x86_64-linux-gnu.so
[7.699s] -- Set runtime path of "/home/yahboom/Desktop/lec9/intro_ws/install/turtle_interfaces/local/lib/python3.10/dist-packages/turtle_interfaces/turtle_interfaces_s__rosidl_typesupport_fastrtps_c.cpython-310-x86_64-linux-gnu.so" to ""
[7.699s] -- Installing: /home/yahboom/Desktop/lec9/intro_ws/install/turtle_interfaces/local/lib/python3.10/dist-packages/turtle_interfaces/turtle_interfaces_s__rosidl_typesupport_introspection_c.cpython-310-x86_64-linux-gnu.so
[7.700s] -- Set runtime path of "/home/yahboom/Desktop/lec9/intro_ws/install/turtle_interfaces/local/lib/python3.10/dist-packages/turtle_interfaces/turtle_interfaces_s__rosidl_typesupport_introspection_c.cpython-310-x86_64-linux-gnu.so" to ""
[7.700s] -- Installing: /home/yahboom/Desktop/lec9/intro_ws/install/turtle_interfaces/local/lib/python3.10/dist-packages/turtle_interfaces/turtle_interfaces_s__rosidl_typesupport_c.cpython-310-x86_64-linux-gnu.so
[7.700s] -- Set runtime path of "/home/yahboom/Desktop/lec9/intro_ws/install/turtle_interfaces/local/lib/python3.10/dist-packages/turtle_interfaces/turtle_interfaces_s__rosidl_typesupport_c.cpython-310-x86_64-linux-gnu.so" to ""
[7.701s] -- Installing: /home/yahboom/Desktop/lec9/intro_ws/install/turtle_interfaces/lib/libturtle_interfaces__rosidl_generator_py.so
[7.701s] -- Set runtime path of "/home/yahboom/Desktop/lec9/intro_ws/install/turtle_interfaces/lib/libturtle_interfaces__rosidl_generator_py.so" to ""
[7.701s] -- Installing: /home/yahboom/Desktop/lec9/intro_ws/install/turtle_interfaces/share/turtle_interfaces/msg/TurtlePose.idl
[7.701s] -- Installing: /home/yahboom/Desktop/lec9/intro_ws/install/turtle_interfaces/share/turtle_interfaces/srv/SetColors.idl
[7.701s] -- Installing: /home/yahboom/Desktop/lec9/intro_ws/install/turtle_interfaces/share/turtle_interfaces/action/MakeSquare.idl
[7.701s] -- Installing: /home/yahboom/Desktop/lec9/intro_ws/install/turtle_interfaces/share/turtle_interfaces/msg/TurtlePose.msg
[7.702s] -- Installing: /home/yahboom/Desktop/lec9/intro_ws/install/turtle_interfaces/share/turtle_interfaces/srv/SetColors.srv
[7.702s] -- Installing: /home/yahboom/Desktop/lec9/intro_ws/install/turtle_interfaces/share/turtle_interfaces/srv/SetColors_Request.msg
[7.702s] -- Installing: /home/yahboom/Desktop/lec9/intro_ws/install/turtle_interfaces/share/turtle_interfaces/srv/SetColors_Response.msg
[7.702s] -- Installing: /home/yahboom/Desktop/lec9/intro_ws/install/turtle_interfaces/share/turtle_interfaces/action/MakeSquare.action
[7.702s] -- Installing: /home/yahboom/Desktop/lec9/intro_ws/install/turtle_interfaces/share/ament_index/resource_index/package_run_dependencies/turtle_interfaces
[7.703s] -- Installing: /home/yahboom/Desktop/lec9/intro_ws/install/turtle_interfaces/share/ament_index/resource_index/parent_prefix_path/turtle_interfaces
[7.703s] -- Installing: /home/yahboom/Desktop/lec9/intro_ws/install/turtle_interfaces/share/turtle_interfaces/environment/ament_prefix_path.sh
[7.703s] -- Installing: /home/yahboom/Desktop/lec9/intro_ws/install/turtle_interfaces/share/turtle_interfaces/environment/ament_prefix_path.dsv
[7.703s] -- Installing: /home/yahboom/Desktop/lec9/intro_ws/install/turtle_interfaces/share/turtle_interfaces/environment/path.sh
[7.703s] -- Installing: /home/yahboom/Desktop/lec9/intro_ws/install/turtle_interfaces/share/turtle_interfaces/environment/path.dsv
[7.703s] -- Installing: /home/yahboom/Desktop/lec9/intro_ws/install/turtle_interfaces/share/turtle_interfaces/local_setup.bash
[7.704s] -- Installing: /home/yahboom/Desktop/lec9/intro_ws/install/turtle_interfaces/share/turtle_interfaces/local_setup.sh
[7.704s] -- Installing: /home/yahboom/Desktop/lec9/intro_ws/install/turtle_interfaces/share/turtle_interfaces/local_setup.zsh
[7.704s] -- Installing: /home/yahboom/Desktop/lec9/intro_ws/install/turtle_interfaces/share/turtle_interfaces/local_setup.dsv
[7.704s] -- Installing: /home/yahboom/Desktop/lec9/intro_ws/install/turtle_interfaces/share/turtle_interfaces/package.dsv
[7.704s] -- Installing: /home/yahboom/Desktop/lec9/intro_ws/install/turtle_interfaces/share/ament_index/resource_index/packages/turtle_interfaces
[7.704s] -- Installing: /home/yahboom/Desktop/lec9/intro_ws/install/turtle_interfaces/share/turtle_interfaces/cmake/export_turtle_interfaces__rosidl_generator_cExport.cmake
[7.705s] -- Installing: /home/yahboom/Desktop/lec9/intro_ws/install/turtle_interfaces/share/turtle_interfaces/cmake/export_turtle_interfaces__rosidl_generator_cExport-noconfig.cmake
[7.705s] -- Installing: /home/yahboom/Desktop/lec9/intro_ws/install/turtle_interfaces/share/turtle_interfaces/cmake/export_turtle_interfaces__rosidl_typesupport_fastrtps_cExport.cmake
[7.705s] -- Installing: /home/yahboom/Desktop/lec9/intro_ws/install/turtle_interfaces/share/turtle_interfaces/cmake/export_turtle_interfaces__rosidl_typesupport_fastrtps_cExport-noconfig.cmake
[7.705s] -- Installing: /home/yahboom/Desktop/lec9/intro_ws/install/turtle_interfaces/share/turtle_interfaces/cmake/turtle_interfaces__rosidl_typesupport_introspection_cExport.cmake
[7.705s] -- Installing: /home/yahboom/Desktop/lec9/intro_ws/install/turtle_interfaces/share/turtle_interfaces/cmake/turtle_interfaces__rosidl_typesupport_introspection_cExport-noconfig.cmake
[7.706s] -- Installing: /home/yahboom/Desktop/lec9/intro_ws/install/turtle_interfaces/share/turtle_interfaces/cmake/turtle_interfaces__rosidl_typesupport_cExport.cmake
[7.706s] -- Installing: /home/yahboom/Desktop/lec9/intro_ws/install/turtle_interfaces/share/turtle_interfaces/cmake/turtle_interfaces__rosidl_typesupport_cExport-noconfig.cmake
[7.706s] -- Installing: /home/yahboom/Desktop/lec9/intro_ws/install/turtle_interfaces/share/turtle_interfaces/cmake/export_turtle_interfaces__rosidl_generator_cppExport.cmake
[7.706s] -- Installing: /home/yahboom/Desktop/lec9/intro_ws/install/turtle_interfaces/share/turtle_interfaces/cmake/export_turtle_interfaces__rosidl_typesupport_fastrtps_cppExport.cmake
[7.706s] -- Installing: /home/yahboom/Desktop/lec9/intro_ws/install/turtle_interfaces/share/turtle_interfaces/cmake/export_turtle_interfaces__rosidl_typesupport_fastrtps_cppExport-noconfig.cmake
[7.707s] -- Installing: /home/yahboom/Desktop/lec9/intro_ws/install/turtle_interfaces/share/turtle_interfaces/cmake/turtle_interfaces__rosidl_typesupport_introspection_cppExport.cmake
[7.707s] -- Installing: /home/yahboom/Desktop/lec9/intro_ws/install/turtle_interfaces/share/turtle_interfaces/cmake/turtle_interfaces__rosidl_typesupport_introspection_cppExport-noconfig.cmake
[7.707s] -- Installing: /home/yahboom/Desktop/lec9/intro_ws/install/turtle_interfaces/share/turtle_interfaces/cmake/turtle_interfaces__rosidl_typesupport_cppExport.cmake
[7.707s] -- Installing: /home/yahboom/Desktop/lec9/intro_ws/install/turtle_interfaces/share/turtle_interfaces/cmake/turtle_interfaces__rosidl_typesupport_cppExport-noconfig.cmake
[7.707s] -- Installing: /home/yahboom/Desktop/lec9/intro_ws/install/turtle_interfaces/share/turtle_interfaces/cmake/export_turtle_interfaces__rosidl_generator_pyExport.cmake
[7.707s] -- Installing: /home/yahboom/Desktop/lec9/intro_ws/install/turtle_interfaces/share/turtle_interfaces/cmake/export_turtle_interfaces__rosidl_generator_pyExport-noconfig.cmake
[7.708s] -- Installing: /home/yahboom/Desktop/lec9/intro_ws/install/turtle_interfaces/share/turtle_interfaces/cmake/rosidl_cmake-extras.cmake
[7.708s] -- Installing: /home/yahboom/Desktop/lec9/intro_ws/install/turtle_interfaces/share/turtle_interfaces/cmake/ament_cmake_export_dependencies-extras.cmake
[7.708s] -- Installing: /home/yahboom/Desktop/lec9/intro_ws/install/turtle_interfaces/share/turtle_interfaces/cmake/ament_cmake_export_include_directories-extras.cmake
[7.708s] -- Installing: /home/yahboom/Desktop/lec9/intro_ws/install/turtle_interfaces/share/turtle_interfaces/cmake/ament_cmake_export_libraries-extras.cmake
[7.708s] -- Installing: /home/yahboom/Desktop/lec9/intro_ws/install/turtle_interfaces/share/turtle_interfaces/cmake/ament_cmake_export_targets-extras.cmake
[7.708s] -- Installing: /home/yahboom/Desktop/lec9/intro_ws/install/turtle_interfaces/share/turtle_interfaces/cmake/rosidl_cmake_export_typesupport_targets-extras.cmake
[7.709s] -- Installing: /home/yahboom/Desktop/lec9/intro_ws/install/turtle_interfaces/share/turtle_interfaces/cmake/rosidl_cmake_export_typesupport_libraries-extras.cmake
[7.709s] -- Installing: /home/yahboom/Desktop/lec9/intro_ws/install/turtle_interfaces/share/turtle_interfaces/cmake/turtle_interfacesConfig.cmake
[7.709s] -- Installing: /home/yahboom/Desktop/lec9/intro_ws/install/turtle_interfaces/share/turtle_interfaces/cmake/turtle_interfacesConfig-version.cmake
[7.709s] -- Installing: /home/yahboom/Desktop/lec9/intro_ws/install/turtle_interfaces/share/turtle_interfaces/package.xml
[7.712s] Invoked command in '/home/yahboom/Desktop/lec9/intro_ws/build/turtle_interfaces' returned '0': CMAKE_PREFIX_PATH=${CMAKE_PREFIX_PATH}:/home/yahboom/cartoros2/install/yahboomcar_nav:/home/yahboom/cartoros2/install/yahboomcar_ctrl:/home/yahboom/cartoros2/install/yahboom_visual:/home/yahboom/cartoros2/install/yahboom_dog_joint_state:/home/yahboom/cartoros2/install/yahboom_description:/home/yahboom/cartoros2/install/yahboom_color_identify_server:/home/yahboom/cartoros2/install/yahboom_bringup:/home/yahboom/cartoros2/install/yahboom_base:/home/yahboom/cartoros2/install/yahboom_app_save_map:/home/yahboom/cartoros2/install/update_map:/home/yahboom/cartoros2/install/rosboard:/home/yahboom/cartoros2/install/path_planner_server:/home/yahboom/cartoros2/install/nav2_simple_commander:/home/yahboom/cartoros2/install/nav2_gazebo_spawner:/home/yahboom/cartoros2/install/localization_server:/home/yahboom/cartoros2/install/laserscan_to_point_pulisher:/home/yahboom/yahboomcar_ws/install/yahboom_dog_example:/opt/ros/humble /usr/bin/cmake --install /home/yahboom/Desktop/lec9/intro_ws/build/turtle_interfaces
