[0.026s] Invoking command in '/home/yahboom/Desktop/S26_RobotProgramming_Crystal/lab3/Ferrara/lab/roscourse_ws/build/turtle_interfaces': CMAKE_PREFIX_PATH=${CMAKE_PREFIX_PATH}:/home/yahboom/cartoros2/install/yahboomcar_nav:/home/yahboom/cartoros2/install/yahboomcar_ctrl:/home/yahboom/cartoros2/install/yahboom_visual:/home/yahboom/cartoros2/install/yahboom_dog_joint_state:/home/yahboom/cartoros2/install/yahboom_description:/home/yahboom/cartoros2/install/yahboom_color_identify_server:/home/yahboom/cartoros2/install/yahboom_bringup:/home/yahboom/cartoros2/install/yahboom_base:/home/yahboom/cartoros2/install/yahboom_app_save_map:/home/yahboom/cartoros2/install/update_map:/home/yahboom/cartoros2/install/rosboard:/home/yahboom/cartoros2/install/path_planner_server:/home/yahboom/cartoros2/install/nav2_simple_commander:/home/yahboom/cartoros2/install/nav2_gazebo_spawner:/home/yahboom/cartoros2/install/localization_server:/home/yahboom/cartoros2/install/laserscan_to_point_pulisher:/home/yahboom/yahboomcar_ws/install/yahboom_dog_example:/opt/ros/humble /usr/bin/cmake /home/yahboom/Desktop/S26_RobotProgramming_Crystal/lab3/Ferrara/lab/roscourse_ws/src/turtle_interfaces -DCMAKE_INSTALL_PREFIX=/home/yahboom/Desktop/S26_RobotProgramming_Crystal/lab3/Ferrara/lab/roscourse_ws/install/turtle_interfaces
[0.234s] -- The C compiler identification is GNU 11.4.0
[0.428s] -- The CXX compiler identification is GNU 11.4.0
[0.443s] -- Detecting C compiler ABI info
[0.572s] -- Detecting C compiler ABI info - done
[0.577s] -- Check for working C compiler: /usr/bin/cc - skipped
[0.578s] -- Detecting C compile features
[0.579s] -- Detecting C compile features - done
[0.583s] -- Detecting CXX compiler ABI info
[0.726s] -- Detecting CXX compiler ABI info - done
[0.732s] -- Check for working CXX compiler: /usr/bin/c++ - skipped
[0.732s] -- Detecting CXX compile features
[0.732s] -- Detecting CXX compile features - done
[0.756s] -- Found ament_cmake: 1.3.8 (/opt/ros/humble/share/ament_cmake/cmake)
[0.983s] -- Found Python3: /usr/bin/python3 (found version "3.10.12") found components: Interpreter 
[1.299s] -- Found ament_lint_auto: 0.12.10 (/opt/ros/humble/share/ament_lint_auto/cmake)
[1.540s] -- Found geometry_msgs: 4.2.3 (/opt/ros/humble/share/geometry_msgs/cmake)
[1.768s] -- Found rosidl_generator_c: 3.1.5 (/opt/ros/humble/share/rosidl_generator_c/cmake)
[1.808s] -- Found rosidl_adapter: 3.1.5 (/opt/ros/humble/share/rosidl_adapter/cmake)
[1.854s] -- Found rosidl_generator_cpp: 3.1.5 (/opt/ros/humble/share/rosidl_generator_cpp/cmake)
[1.913s] -- Using all available rosidl_typesupport_c: rosidl_typesupport_fastrtps_c;rosidl_typesupport_introspection_c
[1.994s] -- Using all available rosidl_typesupport_cpp: rosidl_typesupport_fastrtps_cpp;rosidl_typesupport_introspection_cpp
[2.185s] -- Found rosidl_default_generators: 1.2.0 (/opt/ros/humble/share/rosidl_default_generators/cmake)
[2.596s] -- Found ament_cmake_ros: 0.10.0 (/opt/ros/humble/share/ament_cmake_ros/cmake)
[3.244s] -- Using all available rosidl_typesupport_c: rosidl_typesupport_fastrtps_c;rosidl_typesupport_introspection_c
[3.479s] -- Using all available rosidl_typesupport_cpp: rosidl_typesupport_fastrtps_cpp;rosidl_typesupport_introspection_cpp
[3.520s] -- Found PythonInterp: /usr/bin/python3 (found suitable version "3.10.12", minimum required is "3.6") 
[3.538s] -- Found python_cmake_module: 0.10.0 (/opt/ros/humble/share/python_cmake_module/cmake)
[3.607s] -- Found PythonLibs: /usr/lib/x86_64-linux-gnu/libpython3.10.so (found suitable version "3.10.12", minimum required is "3.5") 
[3.608s] -- Using PYTHON_EXECUTABLE: /usr/bin/python3
[3.608s] -- Using PYTHON_INCLUDE_DIRS: /usr/include/python3.10
[3.608s] -- Using PYTHON_LIBRARIES: /usr/lib/x86_64-linux-gnu/libpython3.10.so
[3.643s] -- Found PythonExtra: .so  
[3.799s] -- Added test 'lint_cmake' to check CMake code style
[3.804s] -- Added test 'xmllint' to check XML markup files
[3.821s] -- Configuring done
[3.872s] -- Generating done
[3.875s] -- Build files have been written to: /home/yahboom/Desktop/S26_RobotProgramming_Crystal/lab3/Ferrara/lab/roscourse_ws/build/turtle_interfaces
[3.889s] Invoked command in '/home/yahboom/Desktop/S26_RobotProgramming_Crystal/lab3/Ferrara/lab/roscourse_ws/build/turtle_interfaces' returned '0': CMAKE_PREFIX_PATH=${CMAKE_PREFIX_PATH}:/home/yahboom/cartoros2/install/yahboomcar_nav:/home/yahboom/cartoros2/install/yahboomcar_ctrl:/home/yahboom/cartoros2/install/yahboom_visual:/home/yahboom/cartoros2/install/yahboom_dog_joint_state:/home/yahboom/cartoros2/install/yahboom_description:/home/yahboom/cartoros2/install/yahboom_color_identify_server:/home/yahboom/cartoros2/install/yahboom_bringup:/home/yahboom/cartoros2/install/yahboom_base:/home/yahboom/cartoros2/install/yahboom_app_save_map:/home/yahboom/cartoros2/install/update_map:/home/yahboom/cartoros2/install/rosboard:/home/yahboom/cartoros2/install/path_planner_server:/home/yahboom/cartoros2/install/nav2_simple_commander:/home/yahboom/cartoros2/install/nav2_gazebo_spawner:/home/yahboom/cartoros2/install/localization_server:/home/yahboom/cartoros2/install/laserscan_to_point_pulisher:/home/yahboom/yahboomcar_ws/install/yahboom_dog_example:/opt/ros/humble /usr/bin/cmake /home/yahboom/Desktop/S26_RobotProgramming_Crystal/lab3/Ferrara/lab/roscourse_ws/src/turtle_interfaces -DCMAKE_INSTALL_PREFIX=/home/yahboom/Desktop/S26_RobotProgramming_Crystal/lab3/Ferrara/lab/roscourse_ws/install/turtle_interfaces
[3.892s] Invoking command in '/home/yahboom/Desktop/S26_RobotProgramming_Crystal/lab3/Ferrara/lab/roscourse_ws/build/turtle_interfaces': CMAKE_PREFIX_PATH=${CMAKE_PREFIX_PATH}:/home/yahboom/cartoros2/install/yahboomcar_nav:/home/yahboom/cartoros2/install/yahboomcar_ctrl:/home/yahboom/cartoros2/install/yahboom_visual:/home/yahboom/cartoros2/install/yahboom_dog_joint_state:/home/yahboom/cartoros2/install/yahboom_description:/home/yahboom/cartoros2/install/yahboom_color_identify_server:/home/yahboom/cartoros2/install/yahboom_bringup:/home/yahboom/cartoros2/install/yahboom_base:/home/yahboom/cartoros2/install/yahboom_app_save_map:/home/yahboom/cartoros2/install/update_map:/home/yahboom/cartoros2/install/rosboard:/home/yahboom/cartoros2/install/path_planner_server:/home/yahboom/cartoros2/install/nav2_simple_commander:/home/yahboom/cartoros2/install/nav2_gazebo_spawner:/home/yahboom/cartoros2/install/localization_server:/home/yahboom/cartoros2/install/laserscan_to_point_pulisher:/home/yahboom/yahboomcar_ws/install/yahboom_dog_example:/opt/ros/humble /usr/bin/cmake --build /home/yahboom/Desktop/S26_RobotProgramming_Crystal/lab3/Ferrara/lab/roscourse_ws/build/turtle_interfaces -- -j4 -l4
[3.986s] [  2%] [34m[1mGenerating C code for ROS interfaces[0m
[4.012s] [  4%] [34m[1mGenerating C++ code for ROS interfaces[0m
[4.034s] [  4%] Built target ament_cmake_python_copy_turtle_interfaces
[4.424s] running egg_info
[4.425s] creating turtle_interfaces.egg-info
[4.425s] writing turtle_interfaces.egg-info/PKG-INFO
[4.425s] writing dependency_links to turtle_interfaces.egg-info/dependency_links.txt
[4.425s] writing top-level names to turtle_interfaces.egg-info/top_level.txt
[4.425s] writing manifest file 'turtle_interfaces.egg-info/SOURCES.txt'
[4.425s] reading manifest file 'turtle_interfaces.egg-info/SOURCES.txt'
[4.425s] writing manifest file 'turtle_interfaces.egg-info/SOURCES.txt'
[4.462s] [  4%] Built target ament_cmake_python_build_turtle_interfaces_egg
[4.538s] [  4%] Built target turtle_interfaces__cpp
[4.567s] [  8%] [34m[1mGenerating C++ type support dispatch for ROS interfaces[0m
[4.568s] [  8%] [34m[1mGenerating C++ introspection for ROS interfaces[0m
[4.568s] [ 10%] [34m[1mGenerating C++ type support for eProsima Fast-RTPS[0m
[4.587s] [ 12%] [32mBuilding C object CMakeFiles/turtle_interfaces__rosidl_generator_c.dir/rosidl_generator_c/turtle_interfaces/msg/detail/turtle_msg__functions.c.o[0m
[4.711s] [ 14%] [32mBuilding C object CMakeFiles/turtle_interfaces__rosidl_generator_c.dir/rosidl_generator_c/turtle_interfaces/srv/detail/set_pose__functions.c.o[0m
[4.807s] [ 17%] [32mBuilding C object CMakeFiles/turtle_interfaces__rosidl_generator_c.dir/rosidl_generator_c/turtle_interfaces/srv/detail/set_color__functions.c.o[0m
[4.897s] [ 19%] [32m[1mLinking C shared library libturtle_interfaces__rosidl_generator_c.so[0m
[4.954s] [ 21%] [32mBuilding CXX object CMakeFiles/turtle_interfaces__rosidl_typesupport_cpp.dir/rosidl_typesupport_cpp/turtle_interfaces/msg/turtle_msg__type_support.cpp.o[0m
[4.977s] [ 21%] Built target turtle_interfaces__rosidl_generator_c
[4.999s] [ 23%] [32mBuilding CXX object CMakeFiles/turtle_interfaces__rosidl_typesupport_cpp.dir/rosidl_typesupport_cpp/turtle_interfaces/srv/set_pose__type_support.cpp.o[0m
[5.045s] [ 25%] [32mBuilding CXX object CMakeFiles/turtle_interfaces__rosidl_typesupport_introspection_cpp.dir/rosidl_typesupport_introspection_cpp/turtle_interfaces/msg/detail/turtle_msg__type_support.cpp.o[0m
[5.090s] [ 27%] [32mBuilding CXX object CMakeFiles/turtle_interfaces__rosidl_typesupport_fastrtps_cpp.dir/rosidl_typesupport_fastrtps_cpp/turtle_interfaces/msg/detail/dds_fastrtps/turtle_msg__type_support.cpp.o[0m
[5.626s] [ 29%] [32mBuilding CXX object CMakeFiles/turtle_interfaces__rosidl_typesupport_cpp.dir/rosidl_typesupport_cpp/turtle_interfaces/srv/set_color__type_support.cpp.o[0m
[5.630s] [ 31%] [34m[1mGenerating C type support for eProsima Fast-RTPS[0m
[5.925s] [ 34%] [32mBuilding CXX object CMakeFiles/turtle_interfaces__rosidl_typesupport_introspection_cpp.dir/rosidl_typesupport_introspection_cpp/turtle_interfaces/srv/detail/set_pose__type_support.cpp.o[0m
[5.982s] [ 36%] [32mBuilding CXX object CMakeFiles/turtle_interfaces__rosidl_typesupport_fastrtps_cpp.dir/rosidl_typesupport_fastrtps_cpp/turtle_interfaces/srv/detail/dds_fastrtps/set_pose__type_support.cpp.o[0m
[6.001s] [ 38%] [32m[1mLinking CXX shared library libturtle_interfaces__rosidl_typesupport_cpp.so[0m
[6.084s] [ 38%] Built target turtle_interfaces__rosidl_typesupport_cpp
[6.107s] [ 40%] [32mBuilding CXX object CMakeFiles/turtle_interfaces__rosidl_typesupport_fastrtps_cpp.dir/rosidl_typesupport_fastrtps_cpp/turtle_interfaces/srv/detail/dds_fastrtps/set_color__type_support.cpp.o[0m
[6.152s] [ 42%] [32mBuilding CXX object CMakeFiles/turtle_interfaces__rosidl_typesupport_fastrtps_c.dir/rosidl_typesupport_fastrtps_c/turtle_interfaces/msg/detail/turtle_msg__type_support_c.cpp.o[0m
[6.394s] [ 44%] [32mBuilding CXX object CMakeFiles/turtle_interfaces__rosidl_typesupport_introspection_cpp.dir/rosidl_typesupport_introspection_cpp/turtle_interfaces/srv/detail/set_color__type_support.cpp.o[0m
[6.454s] [ 46%] [34m[1mGenerating C introspection for ROS interfaces[0m
[6.614s] [ 48%] [32mBuilding CXX object CMakeFiles/turtle_interfaces__rosidl_typesupport_fastrtps_c.dir/rosidl_typesupport_fastrtps_c/turtle_interfaces/srv/detail/set_pose__type_support_c.cpp.o[0m
[6.708s] [ 51%] [32m[1mLinking CXX shared library libturtle_interfaces__rosidl_typesupport_fastrtps_cpp.so[0m
[6.842s] [ 53%] [32m[1mLinking CXX shared library libturtle_interfaces__rosidl_typesupport_introspection_cpp.so[0m
[6.843s] [ 53%] Built target turtle_interfaces__rosidl_typesupport_fastrtps_cpp
[6.864s] [ 55%] [32mBuilding CXX object CMakeFiles/turtle_interfaces__rosidl_typesupport_fastrtps_c.dir/rosidl_typesupport_fastrtps_c/turtle_interfaces/srv/detail/set_color__type_support_c.cpp.o[0m
[6.953s] [ 57%] [32mBuilding C object CMakeFiles/turtle_interfaces__rosidl_typesupport_introspection_c.dir/rosidl_typesupport_introspection_c/turtle_interfaces/msg/detail/turtle_msg__type_support.c.o[0m
[6.954s] [ 57%] Built target turtle_interfaces__rosidl_typesupport_introspection_cpp
[6.981s] [ 59%] [32mBuilding C object CMakeFiles/turtle_interfaces__rosidl_typesupport_introspection_c.dir/rosidl_typesupport_introspection_c/turtle_interfaces/srv/detail/set_pose__type_support.c.o[0m
[7.018s] [ 61%] [34m[1mGenerating C type support dispatch for ROS interfaces[0m
[7.027s] [ 63%] [32mBuilding C object CMakeFiles/turtle_interfaces__rosidl_typesupport_introspection_c.dir/rosidl_typesupport_introspection_c/turtle_interfaces/srv/detail/set_color__type_support.c.o[0m
[7.090s] [ 65%] [32m[1mLinking C shared library libturtle_interfaces__rosidl_typesupport_introspection_c.so[0m
[7.166s] [ 65%] Built target turtle_interfaces__rosidl_typesupport_introspection_c
[7.265s] [ 68%] [32m[1mLinking CXX shared library libturtle_interfaces__rosidl_typesupport_fastrtps_c.so[0m
[7.372s] [ 70%] [32mBuilding CXX object CMakeFiles/turtle_interfaces__rosidl_typesupport_c.dir/rosidl_typesupport_c/turtle_interfaces/srv/set_pose__type_support.cpp.o[0m
[7.372s] [ 72%] [32mBuilding CXX object CMakeFiles/turtle_interfaces__rosidl_typesupport_c.dir/rosidl_typesupport_c/turtle_interfaces/srv/set_color__type_support.cpp.o[0m
[7.372s] [ 74%] [32mBuilding CXX object CMakeFiles/turtle_interfaces__rosidl_typesupport_c.dir/rosidl_typesupport_c/turtle_interfaces/msg/turtle_msg__type_support.cpp.o[0m
[7.381s] [ 74%] Built target turtle_interfaces__rosidl_typesupport_fastrtps_c
[7.432s] [ 76%] [32m[1mLinking CXX shared library libturtle_interfaces__rosidl_typesupport_c.so[0m
[7.513s] [ 76%] Built target turtle_interfaces__rosidl_typesupport_c
[7.564s] [ 76%] Built target turtle_interfaces
[7.619s] [ 78%] [34m[1mGenerating Python code for ROS interfaces[0m
[8.242s] [ 78%] Built target turtle_interfaces__py
[8.295s] [ 80%] [32mBuilding C object CMakeFiles/turtle_interfaces__rosidl_generator_py.dir/rosidl_generator_py/turtle_interfaces/srv/_set_color_s.c.o[0m
[8.295s] [ 82%] [32mBuilding C object CMakeFiles/turtle_interfaces__rosidl_generator_py.dir/rosidl_generator_py/turtle_interfaces/msg/_turtle_msg_s.c.o[0m
[8.296s] [ 85%] [32mBuilding C object CMakeFiles/turtle_interfaces__rosidl_generator_py.dir/rosidl_generator_py/turtle_interfaces/srv/_set_pose_s.c.o[0m
[8.490s] [ 87%] [32m[1mLinking C shared library rosidl_generator_py/turtle_interfaces/libturtle_interfaces__rosidl_generator_py.so[0m
[8.572s] [ 87%] Built target turtle_interfaces__rosidl_generator_py
[8.626s] [ 89%] [32mBuilding C object CMakeFiles/turtle_interfaces__rosidl_typesupport_c__pyext.dir/rosidl_generator_py/turtle_interfaces/_turtle_interfaces_s.ep.rosidl_typesupport_c.c.o[0m
[8.626s] [ 91%] [32mBuilding C object CMakeFiles/turtle_interfaces__rosidl_typesupport_fastrtps_c__pyext.dir/rosidl_generator_py/turtle_interfaces/_turtle_interfaces_s.ep.rosidl_typesupport_fastrtps_c.c.o[0m
[8.626s] [ 93%] [32mBuilding C object CMakeFiles/turtle_interfaces__rosidl_typesupport_introspection_c__pyext.dir/rosidl_generator_py/turtle_interfaces/_turtle_interfaces_s.ep.rosidl_typesupport_introspection_c.c.o[0m
[8.773s] [ 97%] [32m[1mLinking C shared library rosidl_generator_py/turtle_interfaces/turtle_interfaces_s__rosidl_typesupport_fastrtps_c.cpython-310-x86_64-linux-gnu.so[0m
[8.773s] [ 97%] [32m[1mLinking C shared library rosidl_generator_py/turtle_interfaces/turtle_interfaces_s__rosidl_typesupport_c.cpython-310-x86_64-linux-gnu.so[0m
[8.773s] [100%] [32m[1mLinking C shared library rosidl_generator_py/turtle_interfaces/turtle_interfaces_s__rosidl_typesupport_introspection_c.cpython-310-x86_64-linux-gnu.so[0m
[8.851s] [100%] Built target turtle_interfaces__rosidl_typesupport_c__pyext
[8.853s] [100%] Built target turtle_interfaces__rosidl_typesupport_fastrtps_c__pyext
[8.853s] [100%] Built target turtle_interfaces__rosidl_typesupport_introspection_c__pyext
[8.879s] Invoked command in '/home/yahboom/Desktop/S26_RobotProgramming_Crystal/lab3/Ferrara/lab/roscourse_ws/build/turtle_interfaces' returned '0': CMAKE_PREFIX_PATH=${CMAKE_PREFIX_PATH}:/home/yahboom/cartoros2/install/yahboomcar_nav:/home/yahboom/cartoros2/install/yahboomcar_ctrl:/home/yahboom/cartoros2/install/yahboom_visual:/home/yahboom/cartoros2/install/yahboom_dog_joint_state:/home/yahboom/cartoros2/install/yahboom_description:/home/yahboom/cartoros2/install/yahboom_color_identify_server:/home/yahboom/cartoros2/install/yahboom_bringup:/home/yahboom/cartoros2/install/yahboom_base:/home/yahboom/cartoros2/install/yahboom_app_save_map:/home/yahboom/cartoros2/install/update_map:/home/yahboom/cartoros2/install/rosboard:/home/yahboom/cartoros2/install/path_planner_server:/home/yahboom/cartoros2/install/nav2_simple_commander:/home/yahboom/cartoros2/install/nav2_gazebo_spawner:/home/yahboom/cartoros2/install/localization_server:/home/yahboom/cartoros2/install/laserscan_to_point_pulisher:/home/yahboom/yahboomcar_ws/install/yahboom_dog_example:/opt/ros/humble /usr/bin/cmake --build /home/yahboom/Desktop/S26_RobotProgramming_Crystal/lab3/Ferrara/lab/roscourse_ws/build/turtle_interfaces -- -j4 -l4
[9.279s] Invoking command in '/home/yahboom/Desktop/S26_RobotProgramming_Crystal/lab3/Ferrara/lab/roscourse_ws/build/turtle_interfaces': CMAKE_PREFIX_PATH=${CMAKE_PREFIX_PATH}:/home/yahboom/cartoros2/install/yahboomcar_nav:/home/yahboom/cartoros2/install/yahboomcar_ctrl:/home/yahboom/cartoros2/install/yahboom_visual:/home/yahboom/cartoros2/install/yahboom_dog_joint_state:/home/yahboom/cartoros2/install/yahboom_description:/home/yahboom/cartoros2/install/yahboom_color_identify_server:/home/yahboom/cartoros2/install/yahboom_bringup:/home/yahboom/cartoros2/install/yahboom_base:/home/yahboom/cartoros2/install/yahboom_app_save_map:/home/yahboom/cartoros2/install/update_map:/home/yahboom/cartoros2/install/rosboard:/home/yahboom/cartoros2/install/path_planner_server:/home/yahboom/cartoros2/install/nav2_simple_commander:/home/yahboom/cartoros2/install/nav2_gazebo_spawner:/home/yahboom/cartoros2/install/localization_server:/home/yahboom/cartoros2/install/laserscan_to_point_pulisher:/home/yahboom/yahboomcar_ws/install/yahboom_dog_example:/opt/ros/humble /usr/bin/cmake --install /home/yahboom/Desktop/S26_RobotProgramming_Crystal/lab3/Ferrara/lab/roscourse_ws/build/turtle_interfaces
[9.298s] -- Install configuration: ""
[9.299s] -- Installing: /home/yahboom/Desktop/S26_RobotProgramming_Crystal/lab3/Ferrara/lab/roscourse_ws/install/turtle_interfaces/share/ament_index/resource_index/rosidl_interfaces/turtle_interfaces
[9.299s] -- Installing: /home/yahboom/Desktop/S26_RobotProgramming_Crystal/lab3/Ferrara/lab/roscourse_ws/install/turtle_interfaces/include/turtle_interfaces/turtle_interfaces
[9.299s] -- Installing: /home/yahboom/Desktop/S26_RobotProgramming_Crystal/lab3/Ferrara/lab/roscourse_ws/install/turtle_interfaces/include/turtle_interfaces/turtle_interfaces/srv
[9.299s] -- Installing: /home/yahboom/Desktop/S26_RobotProgramming_Crystal/lab3/Ferrara/lab/roscourse_ws/install/turtle_interfaces/include/turtle_interfaces/turtle_interfaces/srv/detail
[9.299s] -- Installing: /home/yahboom/Desktop/S26_RobotProgramming_Crystal/lab3/Ferrara/lab/roscourse_ws/install/turtle_interfaces/include/turtle_interfaces/turtle_interfaces/srv/detail/set_color__type_support.h
[9.300s] -- Installing: /home/yahboom/Desktop/S26_RobotProgramming_Crystal/lab3/Ferrara/lab/roscourse_ws/install/turtle_interfaces/include/turtle_interfaces/turtle_interfaces/srv/detail/set_color__functions.h
[9.300s] -- Installing: /home/yahboom/Desktop/S26_RobotProgramming_Crystal/lab3/Ferrara/lab/roscourse_ws/install/turtle_interfaces/include/turtle_interfaces/turtle_interfaces/srv/detail/set_pose__functions.h
[9.300s] -- Installing: /home/yahboom/Desktop/S26_RobotProgramming_Crystal/lab3/Ferrara/lab/roscourse_ws/install/turtle_interfaces/include/turtle_interfaces/turtle_interfaces/srv/detail/set_color__functions.c
[9.301s] -- Installing: /home/yahboom/Desktop/S26_RobotProgramming_Crystal/lab3/Ferrara/lab/roscourse_ws/install/turtle_interfaces/include/turtle_interfaces/turtle_interfaces/srv/detail/set_pose__struct.h
[9.301s] -- Installing: /home/yahboom/Desktop/S26_RobotProgramming_Crystal/lab3/Ferrara/lab/roscourse_ws/install/turtle_interfaces/include/turtle_interfaces/turtle_interfaces/srv/detail/set_pose__type_support.h
[9.301s] -- Installing: /home/yahboom/Desktop/S26_RobotProgramming_Crystal/lab3/Ferrara/lab/roscourse_ws/install/turtle_interfaces/include/turtle_interfaces/turtle_interfaces/srv/detail/set_color__struct.h
[9.301s] -- Installing: /home/yahboom/Desktop/S26_RobotProgramming_Crystal/lab3/Ferrara/lab/roscourse_ws/install/turtle_interfaces/include/turtle_interfaces/turtle_interfaces/srv/detail/set_pose__functions.c
[9.301s] -- Installing: /home/yahboom/Desktop/S26_RobotProgramming_Crystal/lab3/Ferrara/lab/roscourse_ws/install/turtle_interfaces/include/turtle_interfaces/turtle_interfaces/srv/set_pose.h
[9.302s] -- Installing: /home/yahboom/Desktop/S26_RobotProgramming_Crystal/lab3/Ferrara/lab/roscourse_ws/install/turtle_interfaces/include/turtle_interfaces/turtle_interfaces/srv/set_color.h
[9.302s] -- Installing: /home/yahboom/Desktop/S26_RobotProgramming_Crystal/lab3/Ferrara/lab/roscourse_ws/install/turtle_interfaces/include/turtle_interfaces/turtle_interfaces/msg
[9.302s] -- Installing: /home/yahboom/Desktop/S26_RobotProgramming_Crystal/lab3/Ferrara/lab/roscourse_ws/install/turtle_interfaces/include/turtle_interfaces/turtle_interfaces/msg/detail
[9.302s] -- Installing: /home/yahboom/Desktop/S26_RobotProgramming_Crystal/lab3/Ferrara/lab/roscourse_ws/install/turtle_interfaces/include/turtle_interfaces/turtle_interfaces/msg/detail/turtle_msg__functions.c
[9.302s] -- Installing: /home/yahboom/Desktop/S26_RobotProgramming_Crystal/lab3/Ferrara/lab/roscourse_ws/install/turtle_interfaces/include/turtle_interfaces/turtle_interfaces/msg/detail/turtle_msg__type_support.h
[9.303s] -- Installing: /home/yahboom/Desktop/S26_RobotProgramming_Crystal/lab3/Ferrara/lab/roscourse_ws/install/turtle_interfaces/include/turtle_interfaces/turtle_interfaces/msg/detail/turtle_msg__functions.h
[9.303s] -- Installing: /home/yahboom/Desktop/S26_RobotProgramming_Crystal/lab3/Ferrara/lab/roscourse_ws/install/turtle_interfaces/include/turtle_interfaces/turtle_interfaces/msg/detail/turtle_msg__struct.h
[9.303s] -- Installing: /home/yahboom/Desktop/S26_RobotProgramming_Crystal/lab3/Ferrara/lab/roscourse_ws/install/turtle_interfaces/include/turtle_interfaces/turtle_interfaces/msg/turtle_msg.h
[9.303s] -- Installing: /home/yahboom/Desktop/S26_RobotProgramming_Crystal/lab3/Ferrara/lab/roscourse_ws/install/turtle_interfaces/include/turtle_interfaces/turtle_interfaces/msg/rosidl_generator_c__visibility_control.h
[9.303s] -- Installing: /home/yahboom/Desktop/S26_RobotProgramming_Crystal/lab3/Ferrara/lab/roscourse_ws/install/turtle_interfaces/share/turtle_interfaces/environment/library_path.sh
[9.304s] -- Installing: /home/yahboom/Desktop/S26_RobotProgramming_Crystal/lab3/Ferrara/lab/roscourse_ws/install/turtle_interfaces/share/turtle_interfaces/environment/library_path.dsv
[9.304s] -- Installing: /home/yahboom/Desktop/S26_RobotProgramming_Crystal/lab3/Ferrara/lab/roscourse_ws/install/turtle_interfaces/lib/libturtle_interfaces__rosidl_generator_c.so
[9.305s] -- Set runtime path of "/home/yahboom/Desktop/S26_RobotProgramming_Crystal/lab3/Ferrara/lab/roscourse_ws/install/turtle_interfaces/lib/libturtle_interfaces__rosidl_generator_c.so" to ""
[9.305s] -- Up-to-date: /home/yahboom/Desktop/S26_RobotProgramming_Crystal/lab3/Ferrara/lab/roscourse_ws/install/turtle_interfaces/include/turtle_interfaces/turtle_interfaces
[9.305s] -- Up-to-date: /home/yahboom/Desktop/S26_RobotProgramming_Crystal/lab3/Ferrara/lab/roscourse_ws/install/turtle_interfaces/include/turtle_interfaces/turtle_interfaces/srv
[9.305s] -- Up-to-date: /home/yahboom/Desktop/S26_RobotProgramming_Crystal/lab3/Ferrara/lab/roscourse_ws/install/turtle_interfaces/include/turtle_interfaces/turtle_interfaces/srv/detail
[9.305s] -- Installing: /home/yahboom/Desktop/S26_RobotProgramming_Crystal/lab3/Ferrara/lab/roscourse_ws/install/turtle_interfaces/include/turtle_interfaces/turtle_interfaces/srv/detail/set_color__rosidl_typesupport_fastrtps_c.h
[9.305s] -- Installing: /home/yahboom/Desktop/S26_RobotProgramming_Crystal/lab3/Ferrara/lab/roscourse_ws/install/turtle_interfaces/include/turtle_interfaces/turtle_interfaces/srv/detail/set_pose__rosidl_typesupport_fastrtps_c.h
[9.306s] -- Up-to-date: /home/yahboom/Desktop/S26_RobotProgramming_Crystal/lab3/Ferrara/lab/roscourse_ws/install/turtle_interfaces/include/turtle_interfaces/turtle_interfaces/msg
[9.306s] -- Up-to-date: /home/yahboom/Desktop/S26_RobotProgramming_Crystal/lab3/Ferrara/lab/roscourse_ws/install/turtle_interfaces/include/turtle_interfaces/turtle_interfaces/msg/detail
[9.306s] -- Installing: /home/yahboom/Desktop/S26_RobotProgramming_Crystal/lab3/Ferrara/lab/roscourse_ws/install/turtle_interfaces/include/turtle_interfaces/turtle_interfaces/msg/detail/turtle_msg__rosidl_typesupport_fastrtps_c.h
[9.306s] -- Installing: /home/yahboom/Desktop/S26_RobotProgramming_Crystal/lab3/Ferrara/lab/roscourse_ws/install/turtle_interfaces/include/turtle_interfaces/turtle_interfaces/msg/rosidl_typesupport_fastrtps_c__visibility_control.h
[9.306s] -- Installing: /home/yahboom/Desktop/S26_RobotProgramming_Crystal/lab3/Ferrara/lab/roscourse_ws/install/turtle_interfaces/lib/libturtle_interfaces__rosidl_typesupport_fastrtps_c.so
[9.307s] -- Set runtime path of "/home/yahboom/Desktop/S26_RobotProgramming_Crystal/lab3/Ferrara/lab/roscourse_ws/install/turtle_interfaces/lib/libturtle_interfaces__rosidl_typesupport_fastrtps_c.so" to ""
[9.307s] -- Up-to-date: /home/yahboom/Desktop/S26_RobotProgramming_Crystal/lab3/Ferrara/lab/roscourse_ws/install/turtle_interfaces/include/turtle_interfaces/turtle_interfaces
[9.307s] -- Up-to-date: /home/yahboom/Desktop/S26_RobotProgramming_Crystal/lab3/Ferrara/lab/roscourse_ws/install/turtle_interfaces/include/turtle_interfaces/turtle_interfaces/srv
[9.307s] -- Installing: /home/yahboom/Desktop/S26_RobotProgramming_Crystal/lab3/Ferrara/lab/roscourse_ws/install/turtle_interfaces/include/turtle_interfaces/turtle_interfaces/srv/set_pose.hpp
[9.307s] -- Up-to-date: /home/yahboom/Desktop/S26_RobotProgramming_Crystal/lab3/Ferrara/lab/roscourse_ws/install/turtle_interfaces/include/turtle_interfaces/turtle_interfaces/srv/detail
[9.307s] -- Installing: /home/yahboom/Desktop/S26_RobotProgramming_Crystal/lab3/Ferrara/lab/roscourse_ws/install/turtle_interfaces/include/turtle_interfaces/turtle_interfaces/srv/detail/set_color__struct.hpp
[9.307s] -- Installing: /home/yahboom/Desktop/S26_RobotProgramming_Crystal/lab3/Ferrara/lab/roscourse_ws/install/turtle_interfaces/include/turtle_interfaces/turtle_interfaces/srv/detail/set_color__builder.hpp
[9.307s] -- Installing: /home/yahboom/Desktop/S26_RobotProgramming_Crystal/lab3/Ferrara/lab/roscourse_ws/install/turtle_interfaces/include/turtle_interfaces/turtle_interfaces/srv/detail/set_pose__traits.hpp
[9.308s] -- Installing: /home/yahboom/Desktop/S26_RobotProgramming_Crystal/lab3/Ferrara/lab/roscourse_ws/install/turtle_interfaces/include/turtle_interfaces/turtle_interfaces/srv/detail/set_color__traits.hpp
[9.308s] -- Installing: /home/yahboom/Desktop/S26_RobotProgramming_Crystal/lab3/Ferrara/lab/roscourse_ws/install/turtle_interfaces/include/turtle_interfaces/turtle_interfaces/srv/detail/set_pose__builder.hpp
[9.308s] -- Installing: /home/yahboom/Desktop/S26_RobotProgramming_Crystal/lab3/Ferrara/lab/roscourse_ws/install/turtle_interfaces/include/turtle_interfaces/turtle_interfaces/srv/detail/set_pose__struct.hpp
[9.308s] -- Installing: /home/yahboom/Desktop/S26_RobotProgramming_Crystal/lab3/Ferrara/lab/roscourse_ws/install/turtle_interfaces/include/turtle_interfaces/turtle_interfaces/srv/set_color.hpp
[9.308s] -- Up-to-date: /home/yahboom/Desktop/S26_RobotProgramming_Crystal/lab3/Ferrara/lab/roscourse_ws/install/turtle_interfaces/include/turtle_interfaces/turtle_interfaces/msg
[9.308s] -- Up-to-date: /home/yahboom/Desktop/S26_RobotProgramming_Crystal/lab3/Ferrara/lab/roscourse_ws/install/turtle_interfaces/include/turtle_interfaces/turtle_interfaces/msg/detail
[9.309s] -- Installing: /home/yahboom/Desktop/S26_RobotProgramming_Crystal/lab3/Ferrara/lab/roscourse_ws/install/turtle_interfaces/include/turtle_interfaces/turtle_interfaces/msg/detail/turtle_msg__traits.hpp
[9.309s] -- Installing: /home/yahboom/Desktop/S26_RobotProgramming_Crystal/lab3/Ferrara/lab/roscourse_ws/install/turtle_interfaces/include/turtle_interfaces/turtle_interfaces/msg/detail/turtle_msg__struct.hpp
[9.309s] -- Installing: /home/yahboom/Desktop/S26_RobotProgramming_Crystal/lab3/Ferrara/lab/roscourse_ws/install/turtle_interfaces/include/turtle_interfaces/turtle_interfaces/msg/detail/turtle_msg__builder.hpp
[9.309s] -- Installing: /home/yahboom/Desktop/S26_RobotProgramming_Crystal/lab3/Ferrara/lab/roscourse_ws/install/turtle_interfaces/include/turtle_interfaces/turtle_interfaces/msg/turtle_msg.hpp
[9.309s] -- Up-to-date: /home/yahboom/Desktop/S26_RobotProgramming_Crystal/lab3/Ferrara/lab/roscourse_ws/install/turtle_interfaces/include/turtle_interfaces/turtle_interfaces
[9.309s] -- Up-to-date: /home/yahboom/Desktop/S26_RobotProgramming_Crystal/lab3/Ferrara/lab/roscourse_ws/install/turtle_interfaces/include/turtle_interfaces/turtle_interfaces/srv
[9.310s] -- Up-to-date: /home/yahboom/Desktop/S26_RobotProgramming_Crystal/lab3/Ferrara/lab/roscourse_ws/install/turtle_interfaces/include/turtle_interfaces/turtle_interfaces/srv/detail
[9.310s] -- Installing: /home/yahboom/Desktop/S26_RobotProgramming_Crystal/lab3/Ferrara/lab/roscourse_ws/install/turtle_interfaces/include/turtle_interfaces/turtle_interfaces/srv/detail/set_color__rosidl_typesupport_fastrtps_cpp.hpp
[9.310s] -- Installing: /home/yahboom/Desktop/S26_RobotProgramming_Crystal/lab3/Ferrara/lab/roscourse_ws/install/turtle_interfaces/include/turtle_interfaces/turtle_interfaces/srv/detail/set_pose__rosidl_typesupport_fastrtps_cpp.hpp
[9.310s] -- Installing: /home/yahboom/Desktop/S26_RobotProgramming_Crystal/lab3/Ferrara/lab/roscourse_ws/install/turtle_interfaces/include/turtle_interfaces/turtle_interfaces/srv/detail/dds_fastrtps
[9.310s] -- Up-to-date: /home/yahboom/Desktop/S26_RobotProgramming_Crystal/lab3/Ferrara/lab/roscourse_ws/install/turtle_interfaces/include/turtle_interfaces/turtle_interfaces/msg
[9.310s] -- Up-to-date: /home/yahboom/Desktop/S26_RobotProgramming_Crystal/lab3/Ferrara/lab/roscourse_ws/install/turtle_interfaces/include/turtle_interfaces/turtle_interfaces/msg/detail
[9.310s] -- Installing: /home/yahboom/Desktop/S26_RobotProgramming_Crystal/lab3/Ferrara/lab/roscourse_ws/install/turtle_interfaces/include/turtle_interfaces/turtle_interfaces/msg/detail/turtle_msg__rosidl_typesupport_fastrtps_cpp.hpp
[9.310s] -- Installing: /home/yahboom/Desktop/S26_RobotProgramming_Crystal/lab3/Ferrara/lab/roscourse_ws/install/turtle_interfaces/include/turtle_interfaces/turtle_interfaces/msg/detail/dds_fastrtps
[9.311s] -- Installing: /home/yahboom/Desktop/S26_RobotProgramming_Crystal/lab3/Ferrara/lab/roscourse_ws/install/turtle_interfaces/include/turtle_interfaces/turtle_interfaces/msg/rosidl_typesupport_fastrtps_cpp__visibility_control.h
[9.311s] -- Installing: /home/yahboom/Desktop/S26_RobotProgramming_Crystal/lab3/Ferrara/lab/roscourse_ws/install/turtle_interfaces/lib/libturtle_interfaces__rosidl_typesupport_fastrtps_cpp.so
[9.311s] -- Set runtime path of "/home/yahboom/Desktop/S26_RobotProgramming_Crystal/lab3/Ferrara/lab/roscourse_ws/install/turtle_interfaces/lib/libturtle_interfaces__rosidl_typesupport_fastrtps_cpp.so" to ""
[9.312s] -- Up-to-date: /home/yahboom/Desktop/S26_RobotProgramming_Crystal/lab3/Ferrara/lab/roscourse_ws/install/turtle_interfaces/include/turtle_interfaces/turtle_interfaces
[9.312s] -- Up-to-date: /home/yahboom/Desktop/S26_RobotProgramming_Crystal/lab3/Ferrara/lab/roscourse_ws/install/turtle_interfaces/include/turtle_interfaces/turtle_interfaces/srv
[9.312s] -- Up-to-date: /home/yahboom/Desktop/S26_RobotProgramming_Crystal/lab3/Ferrara/lab/roscourse_ws/install/turtle_interfaces/include/turtle_interfaces/turtle_interfaces/srv/detail
[9.312s] -- Installing: /home/yahboom/Desktop/S26_RobotProgramming_Crystal/lab3/Ferrara/lab/roscourse_ws/install/turtle_interfaces/include/turtle_interfaces/turtle_interfaces/srv/detail/set_color__type_support.c
[9.312s] -- Installing: /home/yahboom/Desktop/S26_RobotProgramming_Crystal/lab3/Ferrara/lab/roscourse_ws/install/turtle_interfaces/include/turtle_interfaces/turtle_interfaces/srv/detail/set_pose__rosidl_typesupport_introspection_c.h
[9.312s] -- Installing: /home/yahboom/Desktop/S26_RobotProgramming_Crystal/lab3/Ferrara/lab/roscourse_ws/install/turtle_interfaces/include/turtle_interfaces/turtle_interfaces/srv/detail/set_pose__type_support.c
[9.312s] -- Installing: /home/yahboom/Desktop/S26_RobotProgramming_Crystal/lab3/Ferrara/lab/roscourse_ws/install/turtle_interfaces/include/turtle_interfaces/turtle_interfaces/srv/detail/set_color__rosidl_typesupport_introspection_c.h
[9.312s] -- Up-to-date: /home/yahboom/Desktop/S26_RobotProgramming_Crystal/lab3/Ferrara/lab/roscourse_ws/install/turtle_interfaces/include/turtle_interfaces/turtle_interfaces/msg
[9.313s] -- Up-to-date: /home/yahboom/Desktop/S26_RobotProgramming_Crystal/lab3/Ferrara/lab/roscourse_ws/install/turtle_interfaces/include/turtle_interfaces/turtle_interfaces/msg/detail
[9.313s] -- Installing: /home/yahboom/Desktop/S26_RobotProgramming_Crystal/lab3/Ferrara/lab/roscourse_ws/install/turtle_interfaces/include/turtle_interfaces/turtle_interfaces/msg/detail/turtle_msg__rosidl_typesupport_introspection_c.h
[9.313s] -- Installing: /home/yahboom/Desktop/S26_RobotProgramming_Crystal/lab3/Ferrara/lab/roscourse_ws/install/turtle_interfaces/include/turtle_interfaces/turtle_interfaces/msg/detail/turtle_msg__type_support.c
[9.313s] -- Installing: /home/yahboom/Desktop/S26_RobotProgramming_Crystal/lab3/Ferrara/lab/roscourse_ws/install/turtle_interfaces/include/turtle_interfaces/turtle_interfaces/msg/rosidl_typesupport_introspection_c__visibility_control.h
[9.313s] -- Installing: /home/yahboom/Desktop/S26_RobotProgramming_Crystal/lab3/Ferrara/lab/roscourse_ws/install/turtle_interfaces/lib/libturtle_interfaces__rosidl_typesupport_introspection_c.so
[9.314s] -- Set runtime path of "/home/yahboom/Desktop/S26_RobotProgramming_Crystal/lab3/Ferrara/lab/roscourse_ws/install/turtle_interfaces/lib/libturtle_interfaces__rosidl_typesupport_introspection_c.so" to ""
[9.314s] -- Installing: /home/yahboom/Desktop/S26_RobotProgramming_Crystal/lab3/Ferrara/lab/roscourse_ws/install/turtle_interfaces/lib/libturtle_interfaces__rosidl_typesupport_c.so
[9.314s] -- Set runtime path of "/home/yahboom/Desktop/S26_RobotProgramming_Crystal/lab3/Ferrara/lab/roscourse_ws/install/turtle_interfaces/lib/libturtle_interfaces__rosidl_typesupport_c.so" to ""
[9.314s] -- Up-to-date: /home/yahboom/Desktop/S26_RobotProgramming_Crystal/lab3/Ferrara/lab/roscourse_ws/install/turtle_interfaces/include/turtle_interfaces/turtle_interfaces
[9.315s] -- Up-to-date: /home/yahboom/Desktop/S26_RobotProgramming_Crystal/lab3/Ferrara/lab/roscourse_ws/install/turtle_interfaces/include/turtle_interfaces/turtle_interfaces/srv
[9.315s] -- Up-to-date: /home/yahboom/Desktop/S26_RobotProgramming_Crystal/lab3/Ferrara/lab/roscourse_ws/install/turtle_interfaces/include/turtle_interfaces/turtle_interfaces/srv/detail
[9.315s] -- Installing: /home/yahboom/Desktop/S26_RobotProgramming_Crystal/lab3/Ferrara/lab/roscourse_ws/install/turtle_interfaces/include/turtle_interfaces/turtle_interfaces/srv/detail/set_color__type_support.cpp
[9.315s] -- Installing: /home/yahboom/Desktop/S26_RobotProgramming_Crystal/lab3/Ferrara/lab/roscourse_ws/install/turtle_interfaces/include/turtle_interfaces/turtle_interfaces/srv/detail/set_pose__rosidl_typesupport_introspection_cpp.hpp
[9.315s] -- Installing: /home/yahboom/Desktop/S26_RobotProgramming_Crystal/lab3/Ferrara/lab/roscourse_ws/install/turtle_interfaces/include/turtle_interfaces/turtle_interfaces/srv/detail/set_pose__type_support.cpp
[9.315s] -- Installing: /home/yahboom/Desktop/S26_RobotProgramming_Crystal/lab3/Ferrara/lab/roscourse_ws/install/turtle_interfaces/include/turtle_interfaces/turtle_interfaces/srv/detail/set_color__rosidl_typesupport_introspection_cpp.hpp
[9.315s] -- Up-to-date: /home/yahboom/Desktop/S26_RobotProgramming_Crystal/lab3/Ferrara/lab/roscourse_ws/install/turtle_interfaces/include/turtle_interfaces/turtle_interfaces/msg
[9.315s] -- Up-to-date: /home/yahboom/Desktop/S26_RobotProgramming_Crystal/lab3/Ferrara/lab/roscourse_ws/install/turtle_interfaces/include/turtle_interfaces/turtle_interfaces/msg/detail
[9.316s] -- Installing: /home/yahboom/Desktop/S26_RobotProgramming_Crystal/lab3/Ferrara/lab/roscourse_ws/install/turtle_interfaces/include/turtle_interfaces/turtle_interfaces/msg/detail/turtle_msg__type_support.cpp
[9.316s] -- Installing: /home/yahboom/Desktop/S26_RobotProgramming_Crystal/lab3/Ferrara/lab/roscourse_ws/install/turtle_interfaces/include/turtle_interfaces/turtle_interfaces/msg/detail/turtle_msg__rosidl_typesupport_introspection_cpp.hpp
[9.316s] -- Installing: /home/yahboom/Desktop/S26_RobotProgramming_Crystal/lab3/Ferrara/lab/roscourse_ws/install/turtle_interfaces/lib/libturtle_interfaces__rosidl_typesupport_introspection_cpp.so
[9.316s] -- Set runtime path of "/home/yahboom/Desktop/S26_RobotProgramming_Crystal/lab3/Ferrara/lab/roscourse_ws/install/turtle_interfaces/lib/libturtle_interfaces__rosidl_typesupport_introspection_cpp.so" to ""
[9.317s] -- Installing: /home/yahboom/Desktop/S26_RobotProgramming_Crystal/lab3/Ferrara/lab/roscourse_ws/install/turtle_interfaces/lib/libturtle_interfaces__rosidl_typesupport_cpp.so
[9.317s] -- Set runtime path of "/home/yahboom/Desktop/S26_RobotProgramming_Crystal/lab3/Ferrara/lab/roscourse_ws/install/turtle_interfaces/lib/libturtle_interfaces__rosidl_typesupport_cpp.so" to ""
[9.317s] -- Installing: /home/yahboom/Desktop/S26_RobotProgramming_Crystal/lab3/Ferrara/lab/roscourse_ws/install/turtle_interfaces/share/turtle_interfaces/environment/pythonpath.sh
[9.317s] -- Installing: /home/yahboom/Desktop/S26_RobotProgramming_Crystal/lab3/Ferrara/lab/roscourse_ws/install/turtle_interfaces/share/turtle_interfaces/environment/pythonpath.dsv
[9.318s] -- Installing: /home/yahboom/Desktop/S26_RobotProgramming_Crystal/lab3/Ferrara/lab/roscourse_ws/install/turtle_interfaces/local/lib/python3.10/dist-packages/turtle_interfaces-0.0.0-py3.10.egg-info
[9.318s] -- Installing: /home/yahboom/Desktop/S26_RobotProgramming_Crystal/lab3/Ferrara/lab/roscourse_ws/install/turtle_interfaces/local/lib/python3.10/dist-packages/turtle_interfaces-0.0.0-py3.10.egg-info/top_level.txt
[9.318s] -- Installing: /home/yahboom/Desktop/S26_RobotProgramming_Crystal/lab3/Ferrara/lab/roscourse_ws/install/turtle_interfaces/local/lib/python3.10/dist-packages/turtle_interfaces-0.0.0-py3.10.egg-info/PKG-INFO
[9.318s] -- Installing: /home/yahboom/Desktop/S26_RobotProgramming_Crystal/lab3/Ferrara/lab/roscourse_ws/install/turtle_interfaces/local/lib/python3.10/dist-packages/turtle_interfaces-0.0.0-py3.10.egg-info/dependency_links.txt
[9.318s] -- Installing: /home/yahboom/Desktop/S26_RobotProgramming_Crystal/lab3/Ferrara/lab/roscourse_ws/install/turtle_interfaces/local/lib/python3.10/dist-packages/turtle_interfaces-0.0.0-py3.10.egg-info/SOURCES.txt
[9.319s] -- Installing: /home/yahboom/Desktop/S26_RobotProgramming_Crystal/lab3/Ferrara/lab/roscourse_ws/install/turtle_interfaces/local/lib/python3.10/dist-packages/turtle_interfaces
[9.319s] -- Installing: /home/yahboom/Desktop/S26_RobotProgramming_Crystal/lab3/Ferrara/lab/roscourse_ws/install/turtle_interfaces/local/lib/python3.10/dist-packages/turtle_interfaces/libturtle_interfaces__rosidl_generator_py.so
[9.319s] -- Installing: /home/yahboom/Desktop/S26_RobotProgramming_Crystal/lab3/Ferrara/lab/roscourse_ws/install/turtle_interfaces/local/lib/python3.10/dist-packages/turtle_interfaces/_turtle_interfaces_s.ep.rosidl_typesupport_c.c
[9.319s] -- Installing: /home/yahboom/Desktop/S26_RobotProgramming_Crystal/lab3/Ferrara/lab/roscourse_ws/install/turtle_interfaces/local/lib/python3.10/dist-packages/turtle_interfaces/srv
[9.320s] -- Installing: /home/yahboom/Desktop/S26_RobotProgramming_Crystal/lab3/Ferrara/lab/roscourse_ws/install/turtle_interfaces/local/lib/python3.10/dist-packages/turtle_interfaces/srv/_set_color.py
[9.320s] -- Installing: /home/yahboom/Desktop/S26_RobotProgramming_Crystal/lab3/Ferrara/lab/roscourse_ws/install/turtle_interfaces/local/lib/python3.10/dist-packages/turtle_interfaces/srv/_set_pose_s.c
[9.320s] -- Installing: /home/yahboom/Desktop/S26_RobotProgramming_Crystal/lab3/Ferrara/lab/roscourse_ws/install/turtle_interfaces/local/lib/python3.10/dist-packages/turtle_interfaces/srv/__init__.py
[9.320s] -- Installing: /home/yahboom/Desktop/S26_RobotProgramming_Crystal/lab3/Ferrara/lab/roscourse_ws/install/turtle_interfaces/local/lib/python3.10/dist-packages/turtle_interfaces/srv/_set_color_s.c
[9.320s] -- Installing: /home/yahboom/Desktop/S26_RobotProgramming_Crystal/lab3/Ferrara/lab/roscourse_ws/install/turtle_interfaces/local/lib/python3.10/dist-packages/turtle_interfaces/srv/_set_pose.py
[9.321s] -- Installing: /home/yahboom/Desktop/S26_RobotProgramming_Crystal/lab3/Ferrara/lab/roscourse_ws/install/turtle_interfaces/local/lib/python3.10/dist-packages/turtle_interfaces/turtle_interfaces_s__rosidl_typesupport_introspection_c.cpython-310-x86_64-linux-gnu.so
[9.321s] -- Installing: /home/yahboom/Desktop/S26_RobotProgramming_Crystal/lab3/Ferrara/lab/roscourse_ws/install/turtle_interfaces/local/lib/python3.10/dist-packages/turtle_interfaces/__init__.py
[9.321s] -- Installing: /home/yahboom/Desktop/S26_RobotProgramming_Crystal/lab3/Ferrara/lab/roscourse_ws/install/turtle_interfaces/local/lib/python3.10/dist-packages/turtle_interfaces/turtle_interfaces_s__rosidl_typesupport_fastrtps_c.cpython-310-x86_64-linux-gnu.so
[9.321s] -- Installing: /home/yahboom/Desktop/S26_RobotProgramming_Crystal/lab3/Ferrara/lab/roscourse_ws/install/turtle_interfaces/local/lib/python3.10/dist-packages/turtle_interfaces/_turtle_interfaces_s.ep.rosidl_typesupport_introspection_c.c
[9.321s] -- Installing: /home/yahboom/Desktop/S26_RobotProgramming_Crystal/lab3/Ferrara/lab/roscourse_ws/install/turtle_interfaces/local/lib/python3.10/dist-packages/turtle_interfaces/msg
[9.322s] -- Installing: /home/yahboom/Desktop/S26_RobotProgramming_Crystal/lab3/Ferrara/lab/roscourse_ws/install/turtle_interfaces/local/lib/python3.10/dist-packages/turtle_interfaces/msg/_turtle_msg.py
[9.322s] -- Installing: /home/yahboom/Desktop/S26_RobotProgramming_Crystal/lab3/Ferrara/lab/roscourse_ws/install/turtle_interfaces/local/lib/python3.10/dist-packages/turtle_interfaces/msg/__init__.py
[9.322s] -- Installing: /home/yahboom/Desktop/S26_RobotProgramming_Crystal/lab3/Ferrara/lab/roscourse_ws/install/turtle_interfaces/local/lib/python3.10/dist-packages/turtle_interfaces/msg/_turtle_msg_s.c
[9.322s] -- Installing: /home/yahboom/Desktop/S26_RobotProgramming_Crystal/lab3/Ferrara/lab/roscourse_ws/install/turtle_interfaces/local/lib/python3.10/dist-packages/turtle_interfaces/turtle_interfaces_s__rosidl_typesupport_c.cpython-310-x86_64-linux-gnu.so
[9.322s] -- Installing: /home/yahboom/Desktop/S26_RobotProgramming_Crystal/lab3/Ferrara/lab/roscourse_ws/install/turtle_interfaces/local/lib/python3.10/dist-packages/turtle_interfaces/_turtle_interfaces_s.ep.rosidl_typesupport_fastrtps_c.c
[9.386s] Listing '/home/yahboom/Desktop/S26_RobotProgramming_Crystal/lab3/Ferrara/lab/roscourse_ws/install/turtle_interfaces/local/lib/python3.10/dist-packages/turtle_interfaces'...
[9.386s] Compiling '/home/yahboom/Desktop/S26_RobotProgramming_Crystal/lab3/Ferrara/lab/roscourse_ws/install/turtle_interfaces/local/lib/python3.10/dist-packages/turtle_interfaces/__init__.py'...
[9.386s] Listing '/home/yahboom/Desktop/S26_RobotProgramming_Crystal/lab3/Ferrara/lab/roscourse_ws/install/turtle_interfaces/local/lib/python3.10/dist-packages/turtle_interfaces/msg'...
[9.386s] Compiling '/home/yahboom/Desktop/S26_RobotProgramming_Crystal/lab3/Ferrara/lab/roscourse_ws/install/turtle_interfaces/local/lib/python3.10/dist-packages/turtle_interfaces/msg/__init__.py'...
[9.386s] Compiling '/home/yahboom/Desktop/S26_RobotProgramming_Crystal/lab3/Ferrara/lab/roscourse_ws/install/turtle_interfaces/local/lib/python3.10/dist-packages/turtle_interfaces/msg/_turtle_msg.py'...
[9.386s] Listing '/home/yahboom/Desktop/S26_RobotProgramming_Crystal/lab3/Ferrara/lab/roscourse_ws/install/turtle_interfaces/local/lib/python3.10/dist-packages/turtle_interfaces/srv'...
[9.386s] Compiling '/home/yahboom/Desktop/S26_RobotProgramming_Crystal/lab3/Ferrara/lab/roscourse_ws/install/turtle_interfaces/local/lib/python3.10/dist-packages/turtle_interfaces/srv/__init__.py'...
[9.386s] Compiling '/home/yahboom/Desktop/S26_RobotProgramming_Crystal/lab3/Ferrara/lab/roscourse_ws/install/turtle_interfaces/local/lib/python3.10/dist-packages/turtle_interfaces/srv/_set_color.py'...
[9.386s] Compiling '/home/yahboom/Desktop/S26_RobotProgramming_Crystal/lab3/Ferrara/lab/roscourse_ws/install/turtle_interfaces/local/lib/python3.10/dist-packages/turtle_interfaces/srv/_set_pose.py'...
[9.391s] -- Installing: /home/yahboom/Desktop/S26_RobotProgramming_Crystal/lab3/Ferrara/lab/roscourse_ws/install/turtle_interfaces/local/lib/python3.10/dist-packages/turtle_interfaces/turtle_interfaces_s__rosidl_typesupport_fastrtps_c.cpython-310-x86_64-linux-gnu.so
[9.392s] -- Set runtime path of "/home/yahboom/Desktop/S26_RobotProgramming_Crystal/lab3/Ferrara/lab/roscourse_ws/install/turtle_interfaces/local/lib/python3.10/dist-packages/turtle_interfaces/turtle_interfaces_s__rosidl_typesupport_fastrtps_c.cpython-310-x86_64-linux-gnu.so" to ""
[9.392s] -- Installing: /home/yahboom/Desktop/S26_RobotProgramming_Crystal/lab3/Ferrara/lab/roscourse_ws/install/turtle_interfaces/local/lib/python3.10/dist-packages/turtle_interfaces/turtle_interfaces_s__rosidl_typesupport_introspection_c.cpython-310-x86_64-linux-gnu.so
[9.393s] -- Set runtime path of "/home/yahboom/Desktop/S26_RobotProgramming_Crystal/lab3/Ferrara/lab/roscourse_ws/install/turtle_interfaces/local/lib/python3.10/dist-packages/turtle_interfaces/turtle_interfaces_s__rosidl_typesupport_introspection_c.cpython-310-x86_64-linux-gnu.so" to ""
[9.393s] -- Installing: /home/yahboom/Desktop/S26_RobotProgramming_Crystal/lab3/Ferrara/lab/roscourse_ws/install/turtle_interfaces/local/lib/python3.10/dist-packages/turtle_interfaces/turtle_interfaces_s__rosidl_typesupport_c.cpython-310-x86_64-linux-gnu.so
[9.393s] -- Set runtime path of "/home/yahboom/Desktop/S26_RobotProgramming_Crystal/lab3/Ferrara/lab/roscourse_ws/install/turtle_interfaces/local/lib/python3.10/dist-packages/turtle_interfaces/turtle_interfaces_s__rosidl_typesupport_c.cpython-310-x86_64-linux-gnu.so" to ""
[9.394s] -- Installing: /home/yahboom/Desktop/S26_RobotProgramming_Crystal/lab3/Ferrara/lab/roscourse_ws/install/turtle_interfaces/lib/libturtle_interfaces__rosidl_generator_py.so
[9.394s] -- Set runtime path of "/home/yahboom/Desktop/S26_RobotProgramming_Crystal/lab3/Ferrara/lab/roscourse_ws/install/turtle_interfaces/lib/libturtle_interfaces__rosidl_generator_py.so" to ""
[9.396s] -- Installing: /home/yahboom/Desktop/S26_RobotProgramming_Crystal/lab3/Ferrara/lab/roscourse_ws/install/turtle_interfaces/share/turtle_interfaces/msg/TurtleMsg.idl
[9.396s] -- Installing: /home/yahboom/Desktop/S26_RobotProgramming_Crystal/lab3/Ferrara/lab/roscourse_ws/install/turtle_interfaces/share/turtle_interfaces/srv/SetPose.idl
[9.396s] -- Installing: /home/yahboom/Desktop/S26_RobotProgramming_Crystal/lab3/Ferrara/lab/roscourse_ws/install/turtle_interfaces/share/turtle_interfaces/srv/SetColor.idl
[9.396s] -- Installing: /home/yahboom/Desktop/S26_RobotProgramming_Crystal/lab3/Ferrara/lab/roscourse_ws/install/turtle_interfaces/share/turtle_interfaces/msg/TurtleMsg.msg
[9.396s] -- Installing: /home/yahboom/Desktop/S26_RobotProgramming_Crystal/lab3/Ferrara/lab/roscourse_ws/install/turtle_interfaces/share/turtle_interfaces/srv/SetPose.srv
[9.396s] -- Installing: /home/yahboom/Desktop/S26_RobotProgramming_Crystal/lab3/Ferrara/lab/roscourse_ws/install/turtle_interfaces/share/turtle_interfaces/srv/SetPose_Request.msg
[9.397s] -- Installing: /home/yahboom/Desktop/S26_RobotProgramming_Crystal/lab3/Ferrara/lab/roscourse_ws/install/turtle_interfaces/share/turtle_interfaces/srv/SetPose_Response.msg
[9.397s] -- Installing: /home/yahboom/Desktop/S26_RobotProgramming_Crystal/lab3/Ferrara/lab/roscourse_ws/install/turtle_interfaces/share/turtle_interfaces/srv/SetColor.srv
[9.397s] -- Installing: /home/yahboom/Desktop/S26_RobotProgramming_Crystal/lab3/Ferrara/lab/roscourse_ws/install/turtle_interfaces/share/turtle_interfaces/srv/SetColor_Request.msg
[9.397s] -- Installing: /home/yahboom/Desktop/S26_RobotProgramming_Crystal/lab3/Ferrara/lab/roscourse_ws/install/turtle_interfaces/share/turtle_interfaces/srv/SetColor_Response.msg
[9.397s] -- Installing: /home/yahboom/Desktop/S26_RobotProgramming_Crystal/lab3/Ferrara/lab/roscourse_ws/install/turtle_interfaces/share/ament_index/resource_index/package_run_dependencies/turtle_interfaces
[9.397s] -- Installing: /home/yahboom/Desktop/S26_RobotProgramming_Crystal/lab3/Ferrara/lab/roscourse_ws/install/turtle_interfaces/share/ament_index/resource_index/parent_prefix_path/turtle_interfaces
[9.397s] -- Installing: /home/yahboom/Desktop/S26_RobotProgramming_Crystal/lab3/Ferrara/lab/roscourse_ws/install/turtle_interfaces/share/turtle_interfaces/environment/ament_prefix_path.sh
[9.398s] -- Installing: /home/yahboom/Desktop/S26_RobotProgramming_Crystal/lab3/Ferrara/lab/roscourse_ws/install/turtle_interfaces/share/turtle_interfaces/environment/ament_prefix_path.dsv
[9.398s] -- Installing: /home/yahboom/Desktop/S26_RobotProgramming_Crystal/lab3/Ferrara/lab/roscourse_ws/install/turtle_interfaces/share/turtle_interfaces/environment/path.sh
[9.398s] -- Installing: /home/yahboom/Desktop/S26_RobotProgramming_Crystal/lab3/Ferrara/lab/roscourse_ws/install/turtle_interfaces/share/turtle_interfaces/environment/path.dsv
[9.398s] -- Installing: /home/yahboom/Desktop/S26_RobotProgramming_Crystal/lab3/Ferrara/lab/roscourse_ws/install/turtle_interfaces/share/turtle_interfaces/local_setup.bash
[9.399s] -- Installing: /home/yahboom/Desktop/S26_RobotProgramming_Crystal/lab3/Ferrara/lab/roscourse_ws/install/turtle_interfaces/share/turtle_interfaces/local_setup.sh
[9.399s] -- Installing: /home/yahboom/Desktop/S26_RobotProgramming_Crystal/lab3/Ferrara/lab/roscourse_ws/install/turtle_interfaces/share/turtle_interfaces/local_setup.zsh
[9.399s] -- Installing: /home/yahboom/Desktop/S26_RobotProgramming_Crystal/lab3/Ferrara/lab/roscourse_ws/install/turtle_interfaces/share/turtle_interfaces/local_setup.dsv
[9.400s] -- Installing: /home/yahboom/Desktop/S26_RobotProgramming_Crystal/lab3/Ferrara/lab/roscourse_ws/install/turtle_interfaces/share/turtle_interfaces/package.dsv
[9.400s] -- Installing: /home/yahboom/Desktop/S26_RobotProgramming_Crystal/lab3/Ferrara/lab/roscourse_ws/install/turtle_interfaces/share/ament_index/resource_index/packages/turtle_interfaces
[9.401s] -- Installing: /home/yahboom/Desktop/S26_RobotProgramming_Crystal/lab3/Ferrara/lab/roscourse_ws/install/turtle_interfaces/share/turtle_interfaces/cmake/export_turtle_interfaces__rosidl_generator_cExport.cmake
[9.401s] -- Installing: /home/yahboom/Desktop/S26_RobotProgramming_Crystal/lab3/Ferrara/lab/roscourse_ws/install/turtle_interfaces/share/turtle_interfaces/cmake/export_turtle_interfaces__rosidl_generator_cExport-noconfig.cmake
[9.401s] -- Installing: /home/yahboom/Desktop/S26_RobotProgramming_Crystal/lab3/Ferrara/lab/roscourse_ws/install/turtle_interfaces/share/turtle_interfaces/cmake/export_turtle_interfaces__rosidl_typesupport_fastrtps_cExport.cmake
[9.401s] -- Installing: /home/yahboom/Desktop/S26_RobotProgramming_Crystal/lab3/Ferrara/lab/roscourse_ws/install/turtle_interfaces/share/turtle_interfaces/cmake/export_turtle_interfaces__rosidl_typesupport_fastrtps_cExport-noconfig.cmake
[9.402s] -- Installing: /home/yahboom/Desktop/S26_RobotProgramming_Crystal/lab3/Ferrara/lab/roscourse_ws/install/turtle_interfaces/share/turtle_interfaces/cmake/export_turtle_interfaces__rosidl_generator_cppExport.cmake
[9.402s] -- Installing: /home/yahboom/Desktop/S26_RobotProgramming_Crystal/lab3/Ferrara/lab/roscourse_ws/install/turtle_interfaces/share/turtle_interfaces/cmake/export_turtle_interfaces__rosidl_typesupport_fastrtps_cppExport.cmake
[9.402s] -- Installing: /home/yahboom/Desktop/S26_RobotProgramming_Crystal/lab3/Ferrara/lab/roscourse_ws/install/turtle_interfaces/share/turtle_interfaces/cmake/export_turtle_interfaces__rosidl_typesupport_fastrtps_cppExport-noconfig.cmake
[9.402s] -- Installing: /home/yahboom/Desktop/S26_RobotProgramming_Crystal/lab3/Ferrara/lab/roscourse_ws/install/turtle_interfaces/share/turtle_interfaces/cmake/turtle_interfaces__rosidl_typesupport_introspection_cExport.cmake
[9.403s] -- Installing: /home/yahboom/Desktop/S26_RobotProgramming_Crystal/lab3/Ferrara/lab/roscourse_ws/install/turtle_interfaces/share/turtle_interfaces/cmake/turtle_interfaces__rosidl_typesupport_introspection_cExport-noconfig.cmake
[9.403s] -- Installing: /home/yahboom/Desktop/S26_RobotProgramming_Crystal/lab3/Ferrara/lab/roscourse_ws/install/turtle_interfaces/share/turtle_interfaces/cmake/turtle_interfaces__rosidl_typesupport_cExport.cmake
[9.403s] -- Installing: /home/yahboom/Desktop/S26_RobotProgramming_Crystal/lab3/Ferrara/lab/roscourse_ws/install/turtle_interfaces/share/turtle_interfaces/cmake/turtle_interfaces__rosidl_typesupport_cExport-noconfig.cmake
[9.403s] -- Installing: /home/yahboom/Desktop/S26_RobotProgramming_Crystal/lab3/Ferrara/lab/roscourse_ws/install/turtle_interfaces/share/turtle_interfaces/cmake/turtle_interfaces__rosidl_typesupport_introspection_cppExport.cmake
[9.404s] -- Installing: /home/yahboom/Desktop/S26_RobotProgramming_Crystal/lab3/Ferrara/lab/roscourse_ws/install/turtle_interfaces/share/turtle_interfaces/cmake/turtle_interfaces__rosidl_typesupport_introspection_cppExport-noconfig.cmake
[9.404s] -- Installing: /home/yahboom/Desktop/S26_RobotProgramming_Crystal/lab3/Ferrara/lab/roscourse_ws/install/turtle_interfaces/share/turtle_interfaces/cmake/turtle_interfaces__rosidl_typesupport_cppExport.cmake
[9.404s] -- Installing: /home/yahboom/Desktop/S26_RobotProgramming_Crystal/lab3/Ferrara/lab/roscourse_ws/install/turtle_interfaces/share/turtle_interfaces/cmake/turtle_interfaces__rosidl_typesupport_cppExport-noconfig.cmake
[9.404s] -- Installing: /home/yahboom/Desktop/S26_RobotProgramming_Crystal/lab3/Ferrara/lab/roscourse_ws/install/turtle_interfaces/share/turtle_interfaces/cmake/export_turtle_interfaces__rosidl_generator_pyExport.cmake
[9.405s] -- Installing: /home/yahboom/Desktop/S26_RobotProgramming_Crystal/lab3/Ferrara/lab/roscourse_ws/install/turtle_interfaces/share/turtle_interfaces/cmake/export_turtle_interfaces__rosidl_generator_pyExport-noconfig.cmake
[9.405s] -- Installing: /home/yahboom/Desktop/S26_RobotProgramming_Crystal/lab3/Ferrara/lab/roscourse_ws/install/turtle_interfaces/share/turtle_interfaces/cmake/rosidl_cmake-extras.cmake
[9.405s] -- Installing: /home/yahboom/Desktop/S26_RobotProgramming_Crystal/lab3/Ferrara/lab/roscourse_ws/install/turtle_interfaces/share/turtle_interfaces/cmake/ament_cmake_export_dependencies-extras.cmake
[9.405s] -- Installing: /home/yahboom/Desktop/S26_RobotProgramming_Crystal/lab3/Ferrara/lab/roscourse_ws/install/turtle_interfaces/share/turtle_interfaces/cmake/ament_cmake_export_include_directories-extras.cmake
[9.405s] -- Installing: /home/yahboom/Desktop/S26_RobotProgramming_Crystal/lab3/Ferrara/lab/roscourse_ws/install/turtle_interfaces/share/turtle_interfaces/cmake/ament_cmake_export_libraries-extras.cmake
[9.406s] -- Installing: /home/yahboom/Desktop/S26_RobotProgramming_Crystal/lab3/Ferrara/lab/roscourse_ws/install/turtle_interfaces/share/turtle_interfaces/cmake/ament_cmake_export_targets-extras.cmake
[9.406s] -- Installing: /home/yahboom/Desktop/S26_RobotProgramming_Crystal/lab3/Ferrara/lab/roscourse_ws/install/turtle_interfaces/share/turtle_interfaces/cmake/rosidl_cmake_export_typesupport_targets-extras.cmake
[9.406s] -- Installing: /home/yahboom/Desktop/S26_RobotProgramming_Crystal/lab3/Ferrara/lab/roscourse_ws/install/turtle_interfaces/share/turtle_interfaces/cmake/rosidl_cmake_export_typesupport_libraries-extras.cmake
[9.406s] -- Installing: /home/yahboom/Desktop/S26_RobotProgramming_Crystal/lab3/Ferrara/lab/roscourse_ws/install/turtle_interfaces/share/turtle_interfaces/cmake/turtle_interfacesConfig.cmake
[9.407s] -- Installing: /home/yahboom/Desktop/S26_RobotProgramming_Crystal/lab3/Ferrara/lab/roscourse_ws/install/turtle_interfaces/share/turtle_interfaces/cmake/turtle_interfacesConfig-version.cmake
[9.407s] -- Installing: /home/yahboom/Desktop/S26_RobotProgramming_Crystal/lab3/Ferrara/lab/roscourse_ws/install/turtle_interfaces/share/turtle_interfaces/package.xml
[9.411s] Invoked command in '/home/yahboom/Desktop/S26_RobotProgramming_Crystal/lab3/Ferrara/lab/roscourse_ws/build/turtle_interfaces' returned '0': CMAKE_PREFIX_PATH=${CMAKE_PREFIX_PATH}:/home/yahboom/cartoros2/install/yahboomcar_nav:/home/yahboom/cartoros2/install/yahboomcar_ctrl:/home/yahboom/cartoros2/install/yahboom_visual:/home/yahboom/cartoros2/install/yahboom_dog_joint_state:/home/yahboom/cartoros2/install/yahboom_description:/home/yahboom/cartoros2/install/yahboom_color_identify_server:/home/yahboom/cartoros2/install/yahboom_bringup:/home/yahboom/cartoros2/install/yahboom_base:/home/yahboom/cartoros2/install/yahboom_app_save_map:/home/yahboom/cartoros2/install/update_map:/home/yahboom/cartoros2/install/rosboard:/home/yahboom/cartoros2/install/path_planner_server:/home/yahboom/cartoros2/install/nav2_simple_commander:/home/yahboom/cartoros2/install/nav2_gazebo_spawner:/home/yahboom/cartoros2/install/localization_server:/home/yahboom/cartoros2/install/laserscan_to_point_pulisher:/home/yahboom/yahboomcar_ws/install/yahboom_dog_example:/opt/ros/humble /usr/bin/cmake --install /home/yahboom/Desktop/S26_RobotProgramming_Crystal/lab3/Ferrara/lab/roscourse_ws/build/turtle_interfaces
