[0.049s] Invoking command in '/home/yahboom/roscourse_ws/build/turtle_interfaces': CMAKE_PREFIX_PATH=${CMAKE_PREFIX_PATH}:/home/yahboom/cartoros2/install/yahboomcar_nav:/home/yahboom/cartoros2/install/yahboomcar_ctrl:/home/yahboom/cartoros2/install/yahboom_visual:/home/yahboom/cartoros2/install/yahboom_dog_joint_state:/home/yahboom/cartoros2/install/yahboom_description:/home/yahboom/cartoros2/install/yahboom_color_identify_server:/home/yahboom/cartoros2/install/yahboom_bringup:/home/yahboom/cartoros2/install/yahboom_base:/home/yahboom/cartoros2/install/yahboom_app_save_map:/home/yahboom/cartoros2/install/update_map:/home/yahboom/cartoros2/install/rosboard:/home/yahboom/cartoros2/install/path_planner_server:/home/yahboom/cartoros2/install/nav2_simple_commander:/home/yahboom/cartoros2/install/nav2_gazebo_spawner:/home/yahboom/cartoros2/install/localization_server:/home/yahboom/cartoros2/install/laserscan_to_point_pulisher:/home/yahboom/yahboomcar_ws/install/yahboom_dog_example:/opt/ros/humble /usr/bin/cmake /home/yahboom/roscourse_ws/src/turtle_interfaces -DCMAKE_INSTALL_PREFIX=/home/yahboom/roscourse_ws/install/turtle_interfaces
[0.452s] -- The C compiler identification is GNU 11.4.0
[0.503s] -- The CXX compiler identification is GNU 11.4.0
[0.520s] -- Detecting C compiler ABI info
[0.660s] -- Detecting C compiler ABI info - done
[0.665s] -- Check for working C compiler: /usr/bin/cc - skipped
[0.667s] -- Detecting C compile features
[0.668s] -- Detecting C compile features - done
[0.672s] -- Detecting CXX compiler ABI info
[0.811s] -- Detecting CXX compiler ABI info - done
[0.818s] -- Check for working CXX compiler: /usr/bin/c++ - skipped
[0.818s] -- Detecting CXX compile features
[0.818s] -- Detecting CXX compile features - done
[0.843s] -- Found ament_cmake: 1.3.8 (/opt/ros/humble/share/ament_cmake/cmake)
[1.122s] -- Found Python3: /usr/bin/python3 (found version "3.10.12") found components: Interpreter 
[1.469s] -- Found ament_lint_auto: 0.12.10 (/opt/ros/humble/share/ament_lint_auto/cmake)
[1.683s] -- Found geometry_msgs: 4.2.3 (/opt/ros/humble/share/geometry_msgs/cmake)
[1.879s] -- Found rosidl_generator_c: 3.1.5 (/opt/ros/humble/share/rosidl_generator_c/cmake)
[1.910s] -- Found rosidl_adapter: 3.1.5 (/opt/ros/humble/share/rosidl_adapter/cmake)
[1.950s] -- Found rosidl_generator_cpp: 3.1.5 (/opt/ros/humble/share/rosidl_generator_cpp/cmake)
[2.002s] -- Using all available rosidl_typesupport_c: rosidl_typesupport_fastrtps_c;rosidl_typesupport_introspection_c
[2.067s] -- Using all available rosidl_typesupport_cpp: rosidl_typesupport_fastrtps_cpp;rosidl_typesupport_introspection_cpp
[2.223s] -- Found rosidl_default_generators: 1.2.0 (/opt/ros/humble/share/rosidl_default_generators/cmake)
[2.556s] -- Found ament_cmake_ros: 0.10.0 (/opt/ros/humble/share/ament_cmake_ros/cmake)
[3.094s] -- Using all available rosidl_typesupport_c: rosidl_typesupport_fastrtps_c;rosidl_typesupport_introspection_c
[3.287s] -- Using all available rosidl_typesupport_cpp: rosidl_typesupport_fastrtps_cpp;rosidl_typesupport_introspection_cpp
[3.321s] -- Found PythonInterp: /usr/bin/python3 (found suitable version "3.10.12", minimum required is "3.6") 
[3.337s] -- Found python_cmake_module: 0.10.0 (/opt/ros/humble/share/python_cmake_module/cmake)
[3.402s] -- Found PythonLibs: /usr/lib/x86_64-linux-gnu/libpython3.10.so (found suitable version "3.10.12", minimum required is "3.5") 
[3.402s] -- Using PYTHON_EXECUTABLE: /usr/bin/python3
[3.402s] -- Using PYTHON_INCLUDE_DIRS: /usr/include/python3.10
[3.403s] -- Using PYTHON_LIBRARIES: /usr/lib/x86_64-linux-gnu/libpython3.10.so
[3.432s] -- Found PythonExtra: .so  
[3.560s] -- Added test 'lint_cmake' to check CMake code style
[3.564s] -- Added test 'xmllint' to check XML markup files
[3.579s] -- Configuring done
[3.619s] -- Generating done
[3.622s] -- Build files have been written to: /home/yahboom/roscourse_ws/build/turtle_interfaces
[3.632s] Invoked command in '/home/yahboom/roscourse_ws/build/turtle_interfaces' returned '0': CMAKE_PREFIX_PATH=${CMAKE_PREFIX_PATH}:/home/yahboom/cartoros2/install/yahboomcar_nav:/home/yahboom/cartoros2/install/yahboomcar_ctrl:/home/yahboom/cartoros2/install/yahboom_visual:/home/yahboom/cartoros2/install/yahboom_dog_joint_state:/home/yahboom/cartoros2/install/yahboom_description:/home/yahboom/cartoros2/install/yahboom_color_identify_server:/home/yahboom/cartoros2/install/yahboom_bringup:/home/yahboom/cartoros2/install/yahboom_base:/home/yahboom/cartoros2/install/yahboom_app_save_map:/home/yahboom/cartoros2/install/update_map:/home/yahboom/cartoros2/install/rosboard:/home/yahboom/cartoros2/install/path_planner_server:/home/yahboom/cartoros2/install/nav2_simple_commander:/home/yahboom/cartoros2/install/nav2_gazebo_spawner:/home/yahboom/cartoros2/install/localization_server:/home/yahboom/cartoros2/install/laserscan_to_point_pulisher:/home/yahboom/yahboomcar_ws/install/yahboom_dog_example:/opt/ros/humble /usr/bin/cmake /home/yahboom/roscourse_ws/src/turtle_interfaces -DCMAKE_INSTALL_PREFIX=/home/yahboom/roscourse_ws/install/turtle_interfaces
[3.634s] Invoking command in '/home/yahboom/roscourse_ws/build/turtle_interfaces': CMAKE_PREFIX_PATH=${CMAKE_PREFIX_PATH}:/home/yahboom/cartoros2/install/yahboomcar_nav:/home/yahboom/cartoros2/install/yahboomcar_ctrl:/home/yahboom/cartoros2/install/yahboom_visual:/home/yahboom/cartoros2/install/yahboom_dog_joint_state:/home/yahboom/cartoros2/install/yahboom_description:/home/yahboom/cartoros2/install/yahboom_color_identify_server:/home/yahboom/cartoros2/install/yahboom_bringup:/home/yahboom/cartoros2/install/yahboom_base:/home/yahboom/cartoros2/install/yahboom_app_save_map:/home/yahboom/cartoros2/install/update_map:/home/yahboom/cartoros2/install/rosboard:/home/yahboom/cartoros2/install/path_planner_server:/home/yahboom/cartoros2/install/nav2_simple_commander:/home/yahboom/cartoros2/install/nav2_gazebo_spawner:/home/yahboom/cartoros2/install/localization_server:/home/yahboom/cartoros2/install/laserscan_to_point_pulisher:/home/yahboom/yahboomcar_ws/install/yahboom_dog_example:/opt/ros/humble /usr/bin/cmake --build /home/yahboom/roscourse_ws/build/turtle_interfaces -- -j4 -l4
[3.718s] [  2%] [34m[1mGenerating C code for ROS interfaces[0m
[3.743s] [  4%] [34m[1mGenerating C++ code for ROS interfaces[0m
[3.762s] [  4%] Built target ament_cmake_python_copy_turtle_interfaces
[4.078s] running egg_info
[4.078s] creating turtle_interfaces.egg-info
[4.078s] writing turtle_interfaces.egg-info/PKG-INFO
[4.079s] writing dependency_links to turtle_interfaces.egg-info/dependency_links.txt
[4.079s] writing top-level names to turtle_interfaces.egg-info/top_level.txt
[4.079s] writing manifest file 'turtle_interfaces.egg-info/SOURCES.txt'
[4.083s] reading manifest file 'turtle_interfaces.egg-info/SOURCES.txt'
[4.083s] writing manifest file 'turtle_interfaces.egg-info/SOURCES.txt'
[4.127s] [  4%] Built target ament_cmake_python_build_turtle_interfaces_egg
[4.240s] [  4%] Built target turtle_interfaces__cpp
[4.245s] [ 10%] [32mBuilding C object CMakeFiles/turtle_interfaces__rosidl_generator_c.dir/rosidl_generator_c/turtle_interfaces/msg/detail/turtle_msg__functions.c.o[0m
[4.246s] [ 10%] [32mBuilding C object CMakeFiles/turtle_interfaces__rosidl_generator_c.dir/rosidl_generator_c/turtle_interfaces/srv/detail/set_pose__functions.c.o[0m
[4.246s] [ 10%] [32mBuilding C object CMakeFiles/turtle_interfaces__rosidl_generator_c.dir/rosidl_generator_c/turtle_interfaces/srv/detail/set_color__functions.c.o[0m
[4.269s] [ 12%] [34m[1mGenerating C++ type support for eProsima Fast-RTPS[0m
[4.369s] [ 14%] [34m[1mGenerating C++ introspection for ROS interfaces[0m
[4.373s] [ 17%] [32m[1mLinking C shared library libturtle_interfaces__rosidl_generator_c.so[0m
[4.375s] [ 19%] [34m[1mGenerating C++ type support dispatch for ROS interfaces[0m
[4.458s] [ 19%] Built target turtle_interfaces__rosidl_generator_c
[4.487s] [ 21%] [34m[1mGenerating C type support for eProsima Fast-RTPS[0m
[4.774s] [ 25%] [32mBuilding CXX object CMakeFiles/turtle_interfaces__rosidl_typesupport_cpp.dir/rosidl_typesupport_cpp/turtle_interfaces/msg/turtle_msg__type_support.cpp.o[0m
[4.775s] [ 25%] [32mBuilding CXX object CMakeFiles/turtle_interfaces__rosidl_typesupport_fastrtps_cpp.dir/rosidl_typesupport_fastrtps_cpp/turtle_interfaces/msg/detail/dds_fastrtps/turtle_msg__type_support.cpp.o[0m
[4.837s] [ 27%] [32mBuilding CXX object CMakeFiles/turtle_interfaces__rosidl_typesupport_introspection_cpp.dir/rosidl_typesupport_introspection_cpp/turtle_interfaces/msg/detail/turtle_msg__type_support.cpp.o[0m
[4.996s] [ 29%] [32mBuilding CXX object CMakeFiles/turtle_interfaces__rosidl_typesupport_fastrtps_c.dir/rosidl_typesupport_fastrtps_c/turtle_interfaces/msg/detail/turtle_msg__type_support_c.cpp.o[0m
[5.253s] [ 31%] [32mBuilding CXX object CMakeFiles/turtle_interfaces__rosidl_typesupport_cpp.dir/rosidl_typesupport_cpp/turtle_interfaces/srv/set_pose__type_support.cpp.o[0m
[5.442s] [ 34%] [32mBuilding CXX object CMakeFiles/turtle_interfaces__rosidl_typesupport_fastrtps_cpp.dir/rosidl_typesupport_fastrtps_cpp/turtle_interfaces/srv/detail/dds_fastrtps/set_pose__type_support.cpp.o[0m
[5.489s] [ 36%] [32mBuilding CXX object CMakeFiles/turtle_interfaces__rosidl_typesupport_introspection_cpp.dir/rosidl_typesupport_introspection_cpp/turtle_interfaces/srv/detail/set_pose__type_support.cpp.o[0m
[5.549s] [ 38%] [32mBuilding CXX object CMakeFiles/turtle_interfaces__rosidl_typesupport_cpp.dir/rosidl_typesupport_cpp/turtle_interfaces/srv/set_color__type_support.cpp.o[0m
[5.588s] [ 40%] [32mBuilding CXX object CMakeFiles/turtle_interfaces__rosidl_typesupport_fastrtps_c.dir/rosidl_typesupport_fastrtps_c/turtle_interfaces/srv/detail/set_pose__type_support_c.cpp.o[0m
[5.893s] [ 42%] [32mBuilding CXX object CMakeFiles/turtle_interfaces__rosidl_typesupport_introspection_cpp.dir/rosidl_typesupport_introspection_cpp/turtle_interfaces/srv/detail/set_color__type_support.cpp.o[0m
[5.893s] [ 44%] [32m[1mLinking CXX shared library libturtle_interfaces__rosidl_typesupport_cpp.so[0m
[5.898s] [ 46%] [32mBuilding CXX object CMakeFiles/turtle_interfaces__rosidl_typesupport_fastrtps_cpp.dir/rosidl_typesupport_fastrtps_cpp/turtle_interfaces/srv/detail/dds_fastrtps/set_color__type_support.cpp.o[0m
[5.966s] [ 48%] [32mBuilding CXX object CMakeFiles/turtle_interfaces__rosidl_typesupport_fastrtps_c.dir/rosidl_typesupport_fastrtps_c/turtle_interfaces/srv/detail/set_color__type_support_c.cpp.o[0m
[5.977s] [ 48%] Built target turtle_interfaces__rosidl_typesupport_cpp
[6.005s] [ 51%] [34m[1mGenerating C introspection for ROS interfaces[0m
[6.288s] [ 53%] [32m[1mLinking CXX shared library libturtle_interfaces__rosidl_typesupport_introspection_cpp.so[0m
[6.321s] [ 55%] [32m[1mLinking CXX shared library libturtle_interfaces__rosidl_typesupport_fastrtps_cpp.so[0m
[6.348s] [ 57%] [32m[1mLinking CXX shared library libturtle_interfaces__rosidl_typesupport_fastrtps_c.so[0m
[6.401s] [ 57%] Built target turtle_interfaces__rosidl_typesupport_introspection_cpp
[6.441s] [ 59%] [34m[1mGenerating C type support dispatch for ROS interfaces[0m
[6.455s] [ 59%] Built target turtle_interfaces__rosidl_typesupport_fastrtps_cpp
[6.471s] [ 61%] [32mBuilding C object CMakeFiles/turtle_interfaces__rosidl_typesupport_introspection_c.dir/rosidl_typesupport_introspection_c/turtle_interfaces/msg/detail/turtle_msg__type_support.c.o[0m
[6.480s] [ 63%] [32mBuilding C object CMakeFiles/turtle_interfaces__rosidl_typesupport_introspection_c.dir/rosidl_typesupport_introspection_c/turtle_interfaces/srv/detail/set_pose__type_support.c.o[0m
[6.480s] [ 63%] Built target turtle_interfaces__rosidl_typesupport_fastrtps_c
[6.506s] [ 65%] [32mBuilding C object CMakeFiles/turtle_interfaces__rosidl_typesupport_introspection_c.dir/rosidl_typesupport_introspection_c/turtle_interfaces/srv/detail/set_color__type_support.c.o[0m
[6.575s] [ 68%] [32m[1mLinking C shared library libturtle_interfaces__rosidl_typesupport_introspection_c.so[0m
[6.655s] [ 68%] Built target turtle_interfaces__rosidl_typesupport_introspection_c
[6.791s] [ 72%] [32mBuilding CXX object CMakeFiles/turtle_interfaces__rosidl_typesupport_c.dir/rosidl_typesupport_c/turtle_interfaces/srv/set_color__type_support.cpp.o[0m
[6.792s] [ 72%] [32mBuilding CXX object CMakeFiles/turtle_interfaces__rosidl_typesupport_c.dir/rosidl_typesupport_c/turtle_interfaces/srv/set_pose__type_support.cpp.o[0m
[6.792s] [ 74%] [32mBuilding CXX object CMakeFiles/turtle_interfaces__rosidl_typesupport_c.dir/rosidl_typesupport_c/turtle_interfaces/msg/turtle_msg__type_support.cpp.o[0m
[6.850s] [ 76%] [32m[1mLinking CXX shared library libturtle_interfaces__rosidl_typesupport_c.so[0m
[6.932s] [ 76%] Built target turtle_interfaces__rosidl_typesupport_c
[6.986s] [ 76%] Built target turtle_interfaces
[7.039s] [ 78%] [34m[1mGenerating Python code for ROS interfaces[0m
[7.580s] [ 78%] Built target turtle_interfaces__py
[7.629s] [ 85%] [32mBuilding C object CMakeFiles/turtle_interfaces__rosidl_generator_py.dir/rosidl_generator_py/turtle_interfaces/srv/_set_color_s.c.o[0m
[7.630s] [ 85%] [32mBuilding C object CMakeFiles/turtle_interfaces__rosidl_generator_py.dir/rosidl_generator_py/turtle_interfaces/srv/_set_pose_s.c.o[0m
[7.630s] [ 85%] [32mBuilding C object CMakeFiles/turtle_interfaces__rosidl_generator_py.dir/rosidl_generator_py/turtle_interfaces/msg/_turtle_msg_s.c.o[0m
[7.814s] [ 87%] [32m[1mLinking C shared library rosidl_generator_py/turtle_interfaces/libturtle_interfaces__rosidl_generator_py.so[0m
[7.892s] [ 87%] Built target turtle_interfaces__rosidl_generator_py
[7.941s] [ 93%] [32mBuilding C object CMakeFiles/turtle_interfaces__rosidl_typesupport_introspection_c__pyext.dir/rosidl_generator_py/turtle_interfaces/_turtle_interfaces_s.ep.rosidl_typesupport_introspection_c.c.o[0m
[7.941s] [ 93%] [32mBuilding C object CMakeFiles/turtle_interfaces__rosidl_typesupport_fastrtps_c__pyext.dir/rosidl_generator_py/turtle_interfaces/_turtle_interfaces_s.ep.rosidl_typesupport_fastrtps_c.c.o[0m
[7.941s] [ 93%] [32mBuilding C object CMakeFiles/turtle_interfaces__rosidl_typesupport_c__pyext.dir/rosidl_generator_py/turtle_interfaces/_turtle_interfaces_s.ep.rosidl_typesupport_c.c.o[0m
[8.079s] [100%] [32m[1mLinking C shared library rosidl_generator_py/turtle_interfaces/turtle_interfaces_s__rosidl_typesupport_introspection_c.cpython-310-x86_64-linux-gnu.so[0m
[8.079s] [100%] [32m[1mLinking C shared library rosidl_generator_py/turtle_interfaces/turtle_interfaces_s__rosidl_typesupport_fastrtps_c.cpython-310-x86_64-linux-gnu.so[0m
[8.079s] [100%] [32m[1mLinking C shared library rosidl_generator_py/turtle_interfaces/turtle_interfaces_s__rosidl_typesupport_c.cpython-310-x86_64-linux-gnu.so[0m
[8.195s] [100%] Built target turtle_interfaces__rosidl_typesupport_c__pyext
[8.195s] [100%] Built target turtle_interfaces__rosidl_typesupport_introspection_c__pyext
[8.195s] [100%] Built target turtle_interfaces__rosidl_typesupport_fastrtps_c__pyext
[8.228s] Invoked command in '/home/yahboom/roscourse_ws/build/turtle_interfaces' returned '0': CMAKE_PREFIX_PATH=${CMAKE_PREFIX_PATH}:/home/yahboom/cartoros2/install/yahboomcar_nav:/home/yahboom/cartoros2/install/yahboomcar_ctrl:/home/yahboom/cartoros2/install/yahboom_visual:/home/yahboom/cartoros2/install/yahboom_dog_joint_state:/home/yahboom/cartoros2/install/yahboom_description:/home/yahboom/cartoros2/install/yahboom_color_identify_server:/home/yahboom/cartoros2/install/yahboom_bringup:/home/yahboom/cartoros2/install/yahboom_base:/home/yahboom/cartoros2/install/yahboom_app_save_map:/home/yahboom/cartoros2/install/update_map:/home/yahboom/cartoros2/install/rosboard:/home/yahboom/cartoros2/install/path_planner_server:/home/yahboom/cartoros2/install/nav2_simple_commander:/home/yahboom/cartoros2/install/nav2_gazebo_spawner:/home/yahboom/cartoros2/install/localization_server:/home/yahboom/cartoros2/install/laserscan_to_point_pulisher:/home/yahboom/yahboomcar_ws/install/yahboom_dog_example:/opt/ros/humble /usr/bin/cmake --build /home/yahboom/roscourse_ws/build/turtle_interfaces -- -j4 -l4
[8.633s] Invoking command in '/home/yahboom/roscourse_ws/build/turtle_interfaces': CMAKE_PREFIX_PATH=${CMAKE_PREFIX_PATH}:/home/yahboom/cartoros2/install/yahboomcar_nav:/home/yahboom/cartoros2/install/yahboomcar_ctrl:/home/yahboom/cartoros2/install/yahboom_visual:/home/yahboom/cartoros2/install/yahboom_dog_joint_state:/home/yahboom/cartoros2/install/yahboom_description:/home/yahboom/cartoros2/install/yahboom_color_identify_server:/home/yahboom/cartoros2/install/yahboom_bringup:/home/yahboom/cartoros2/install/yahboom_base:/home/yahboom/cartoros2/install/yahboom_app_save_map:/home/yahboom/cartoros2/install/update_map:/home/yahboom/cartoros2/install/rosboard:/home/yahboom/cartoros2/install/path_planner_server:/home/yahboom/cartoros2/install/nav2_simple_commander:/home/yahboom/cartoros2/install/nav2_gazebo_spawner:/home/yahboom/cartoros2/install/localization_server:/home/yahboom/cartoros2/install/laserscan_to_point_pulisher:/home/yahboom/yahboomcar_ws/install/yahboom_dog_example:/opt/ros/humble /usr/bin/cmake --install /home/yahboom/roscourse_ws/build/turtle_interfaces
[8.649s] -- Install configuration: ""
[8.649s] -- Installing: /home/yahboom/roscourse_ws/install/turtle_interfaces/share/ament_index/resource_index/rosidl_interfaces/turtle_interfaces
[8.650s] -- Installing: /home/yahboom/roscourse_ws/install/turtle_interfaces/include/turtle_interfaces/turtle_interfaces
[8.650s] -- Installing: /home/yahboom/roscourse_ws/install/turtle_interfaces/include/turtle_interfaces/turtle_interfaces/srv
[8.650s] -- Installing: /home/yahboom/roscourse_ws/install/turtle_interfaces/include/turtle_interfaces/turtle_interfaces/srv/detail
[8.650s] -- Installing: /home/yahboom/roscourse_ws/install/turtle_interfaces/include/turtle_interfaces/turtle_interfaces/srv/detail/set_color__type_support.h
[8.650s] -- Installing: /home/yahboom/roscourse_ws/install/turtle_interfaces/include/turtle_interfaces/turtle_interfaces/srv/detail/set_color__functions.h
[8.650s] -- Installing: /home/yahboom/roscourse_ws/install/turtle_interfaces/include/turtle_interfaces/turtle_interfaces/srv/detail/set_pose__functions.h
[8.650s] -- Installing: /home/yahboom/roscourse_ws/install/turtle_interfaces/include/turtle_interfaces/turtle_interfaces/srv/detail/set_color__functions.c
[8.651s] -- Installing: /home/yahboom/roscourse_ws/install/turtle_interfaces/include/turtle_interfaces/turtle_interfaces/srv/detail/set_pose__struct.h
[8.651s] -- Installing: /home/yahboom/roscourse_ws/install/turtle_interfaces/include/turtle_interfaces/turtle_interfaces/srv/detail/set_pose__type_support.h
[8.651s] -- Installing: /home/yahboom/roscourse_ws/install/turtle_interfaces/include/turtle_interfaces/turtle_interfaces/srv/detail/set_color__struct.h
[8.651s] -- Installing: /home/yahboom/roscourse_ws/install/turtle_interfaces/include/turtle_interfaces/turtle_interfaces/srv/detail/set_pose__functions.c
[8.651s] -- Installing: /home/yahboom/roscourse_ws/install/turtle_interfaces/include/turtle_interfaces/turtle_interfaces/srv/set_pose.h
[8.651s] -- Installing: /home/yahboom/roscourse_ws/install/turtle_interfaces/include/turtle_interfaces/turtle_interfaces/srv/set_color.h
[8.652s] -- Installing: /home/yahboom/roscourse_ws/install/turtle_interfaces/include/turtle_interfaces/turtle_interfaces/msg
[8.652s] -- Installing: /home/yahboom/roscourse_ws/install/turtle_interfaces/include/turtle_interfaces/turtle_interfaces/msg/detail
[8.652s] -- Installing: /home/yahboom/roscourse_ws/install/turtle_interfaces/include/turtle_interfaces/turtle_interfaces/msg/detail/turtle_msg__functions.c
[8.652s] -- Installing: /home/yahboom/roscourse_ws/install/turtle_interfaces/include/turtle_interfaces/turtle_interfaces/msg/detail/turtle_msg__type_support.h
[8.652s] -- Installing: /home/yahboom/roscourse_ws/install/turtle_interfaces/include/turtle_interfaces/turtle_interfaces/msg/detail/turtle_msg__functions.h
[8.652s] -- Installing: /home/yahboom/roscourse_ws/install/turtle_interfaces/include/turtle_interfaces/turtle_interfaces/msg/detail/turtle_msg__struct.h
[8.652s] -- Installing: /home/yahboom/roscourse_ws/install/turtle_interfaces/include/turtle_interfaces/turtle_interfaces/msg/turtle_msg.h
[8.653s] -- Installing: /home/yahboom/roscourse_ws/install/turtle_interfaces/include/turtle_interfaces/turtle_interfaces/msg/rosidl_generator_c__visibility_control.h
[8.653s] -- Installing: /home/yahboom/roscourse_ws/install/turtle_interfaces/share/turtle_interfaces/environment/library_path.sh
[8.653s] -- Installing: /home/yahboom/roscourse_ws/install/turtle_interfaces/share/turtle_interfaces/environment/library_path.dsv
[8.653s] -- Installing: /home/yahboom/roscourse_ws/install/turtle_interfaces/lib/libturtle_interfaces__rosidl_generator_c.so
[8.654s] -- Set runtime path of "/home/yahboom/roscourse_ws/install/turtle_interfaces/lib/libturtle_interfaces__rosidl_generator_c.so" to ""
[8.654s] -- Up-to-date: /home/yahboom/roscourse_ws/install/turtle_interfaces/include/turtle_interfaces/turtle_interfaces
[8.654s] -- Up-to-date: /home/yahboom/roscourse_ws/install/turtle_interfaces/include/turtle_interfaces/turtle_interfaces/srv
[8.654s] -- Up-to-date: /home/yahboom/roscourse_ws/install/turtle_interfaces/include/turtle_interfaces/turtle_interfaces/srv/detail
[8.654s] -- Installing: /home/yahboom/roscourse_ws/install/turtle_interfaces/include/turtle_interfaces/turtle_interfaces/srv/detail/set_color__rosidl_typesupport_fastrtps_c.h
[8.655s] -- Installing: /home/yahboom/roscourse_ws/install/turtle_interfaces/include/turtle_interfaces/turtle_interfaces/srv/detail/set_pose__rosidl_typesupport_fastrtps_c.h
[8.655s] -- Up-to-date: /home/yahboom/roscourse_ws/install/turtle_interfaces/include/turtle_interfaces/turtle_interfaces/msg
[8.655s] -- Up-to-date: /home/yahboom/roscourse_ws/install/turtle_interfaces/include/turtle_interfaces/turtle_interfaces/msg/detail
[8.655s] -- Installing: /home/yahboom/roscourse_ws/install/turtle_interfaces/include/turtle_interfaces/turtle_interfaces/msg/detail/turtle_msg__rosidl_typesupport_fastrtps_c.h
[8.655s] -- Installing: /home/yahboom/roscourse_ws/install/turtle_interfaces/include/turtle_interfaces/turtle_interfaces/msg/rosidl_typesupport_fastrtps_c__visibility_control.h
[8.655s] -- Installing: /home/yahboom/roscourse_ws/install/turtle_interfaces/lib/libturtle_interfaces__rosidl_typesupport_fastrtps_c.so
[8.655s] -- Set runtime path of "/home/yahboom/roscourse_ws/install/turtle_interfaces/lib/libturtle_interfaces__rosidl_typesupport_fastrtps_c.so" to ""
[8.655s] -- Up-to-date: /home/yahboom/roscourse_ws/install/turtle_interfaces/include/turtle_interfaces/turtle_interfaces
[8.655s] -- Up-to-date: /home/yahboom/roscourse_ws/install/turtle_interfaces/include/turtle_interfaces/turtle_interfaces/srv
[8.656s] -- Installing: /home/yahboom/roscourse_ws/install/turtle_interfaces/include/turtle_interfaces/turtle_interfaces/srv/set_pose.hpp
[8.656s] -- Up-to-date: /home/yahboom/roscourse_ws/install/turtle_interfaces/include/turtle_interfaces/turtle_interfaces/srv/detail
[8.656s] -- Installing: /home/yahboom/roscourse_ws/install/turtle_interfaces/include/turtle_interfaces/turtle_interfaces/srv/detail/set_color__struct.hpp
[8.656s] -- Installing: /home/yahboom/roscourse_ws/install/turtle_interfaces/include/turtle_interfaces/turtle_interfaces/srv/detail/set_color__builder.hpp
[8.656s] -- Installing: /home/yahboom/roscourse_ws/install/turtle_interfaces/include/turtle_interfaces/turtle_interfaces/srv/detail/set_pose__traits.hpp
[8.656s] -- Installing: /home/yahboom/roscourse_ws/install/turtle_interfaces/include/turtle_interfaces/turtle_interfaces/srv/detail/set_color__traits.hpp
[8.656s] -- Installing: /home/yahboom/roscourse_ws/install/turtle_interfaces/include/turtle_interfaces/turtle_interfaces/srv/detail/set_pose__builder.hpp
[8.656s] -- Installing: /home/yahboom/roscourse_ws/install/turtle_interfaces/include/turtle_interfaces/turtle_interfaces/srv/detail/set_pose__struct.hpp
[8.657s] -- Installing: /home/yahboom/roscourse_ws/install/turtle_interfaces/include/turtle_interfaces/turtle_interfaces/srv/set_color.hpp
[8.657s] -- Up-to-date: /home/yahboom/roscourse_ws/install/turtle_interfaces/include/turtle_interfaces/turtle_interfaces/msg
[8.657s] -- Up-to-date: /home/yahboom/roscourse_ws/install/turtle_interfaces/include/turtle_interfaces/turtle_interfaces/msg/detail
[8.657s] -- Installing: /home/yahboom/roscourse_ws/install/turtle_interfaces/include/turtle_interfaces/turtle_interfaces/msg/detail/turtle_msg__traits.hpp
[8.657s] -- Installing: /home/yahboom/roscourse_ws/install/turtle_interfaces/include/turtle_interfaces/turtle_interfaces/msg/detail/turtle_msg__struct.hpp
[8.657s] -- Installing: /home/yahboom/roscourse_ws/install/turtle_interfaces/include/turtle_interfaces/turtle_interfaces/msg/detail/turtle_msg__builder.hpp
[8.657s] -- Installing: /home/yahboom/roscourse_ws/install/turtle_interfaces/include/turtle_interfaces/turtle_interfaces/msg/turtle_msg.hpp
[8.658s] -- Up-to-date: /home/yahboom/roscourse_ws/install/turtle_interfaces/include/turtle_interfaces/turtle_interfaces
[8.658s] -- Up-to-date: /home/yahboom/roscourse_ws/install/turtle_interfaces/include/turtle_interfaces/turtle_interfaces/srv
[8.658s] -- Up-to-date: /home/yahboom/roscourse_ws/install/turtle_interfaces/include/turtle_interfaces/turtle_interfaces/srv/detail
[8.658s] -- Installing: /home/yahboom/roscourse_ws/install/turtle_interfaces/include/turtle_interfaces/turtle_interfaces/srv/detail/set_color__rosidl_typesupport_fastrtps_cpp.hpp
[8.658s] -- Installing: /home/yahboom/roscourse_ws/install/turtle_interfaces/include/turtle_interfaces/turtle_interfaces/srv/detail/set_pose__rosidl_typesupport_fastrtps_cpp.hpp
[8.658s] -- Installing: /home/yahboom/roscourse_ws/install/turtle_interfaces/include/turtle_interfaces/turtle_interfaces/srv/detail/dds_fastrtps
[8.658s] -- Up-to-date: /home/yahboom/roscourse_ws/install/turtle_interfaces/include/turtle_interfaces/turtle_interfaces/msg
[8.658s] -- Up-to-date: /home/yahboom/roscourse_ws/install/turtle_interfaces/include/turtle_interfaces/turtle_interfaces/msg/detail
[8.658s] -- Installing: /home/yahboom/roscourse_ws/install/turtle_interfaces/include/turtle_interfaces/turtle_interfaces/msg/detail/turtle_msg__rosidl_typesupport_fastrtps_cpp.hpp
[8.659s] -- Installing: /home/yahboom/roscourse_ws/install/turtle_interfaces/include/turtle_interfaces/turtle_interfaces/msg/detail/dds_fastrtps
[8.659s] -- Installing: /home/yahboom/roscourse_ws/install/turtle_interfaces/include/turtle_interfaces/turtle_interfaces/msg/rosidl_typesupport_fastrtps_cpp__visibility_control.h
[8.659s] -- Installing: /home/yahboom/roscourse_ws/install/turtle_interfaces/lib/libturtle_interfaces__rosidl_typesupport_fastrtps_cpp.so
[8.659s] -- Set runtime path of "/home/yahboom/roscourse_ws/install/turtle_interfaces/lib/libturtle_interfaces__rosidl_typesupport_fastrtps_cpp.so" to ""
[8.659s] -- Up-to-date: /home/yahboom/roscourse_ws/install/turtle_interfaces/include/turtle_interfaces/turtle_interfaces
[8.659s] -- Up-to-date: /home/yahboom/roscourse_ws/install/turtle_interfaces/include/turtle_interfaces/turtle_interfaces/srv
[8.660s] -- Up-to-date: /home/yahboom/roscourse_ws/install/turtle_interfaces/include/turtle_interfaces/turtle_interfaces/srv/detail
[8.660s] -- Installing: /home/yahboom/roscourse_ws/install/turtle_interfaces/include/turtle_interfaces/turtle_interfaces/srv/detail/set_color__type_support.c
[8.660s] -- Installing: /home/yahboom/roscourse_ws/install/turtle_interfaces/include/turtle_interfaces/turtle_interfaces/srv/detail/set_pose__rosidl_typesupport_introspection_c.h
[8.660s] -- Installing: /home/yahboom/roscourse_ws/install/turtle_interfaces/include/turtle_interfaces/turtle_interfaces/srv/detail/set_pose__type_support.c
[8.660s] -- Installing: /home/yahboom/roscourse_ws/install/turtle_interfaces/include/turtle_interfaces/turtle_interfaces/srv/detail/set_color__rosidl_typesupport_introspection_c.h
[8.660s] -- Up-to-date: /home/yahboom/roscourse_ws/install/turtle_interfaces/include/turtle_interfaces/turtle_interfaces/msg
[8.660s] -- Up-to-date: /home/yahboom/roscourse_ws/install/turtle_interfaces/include/turtle_interfaces/turtle_interfaces/msg/detail
[8.660s] -- Installing: /home/yahboom/roscourse_ws/install/turtle_interfaces/include/turtle_interfaces/turtle_interfaces/msg/detail/turtle_msg__rosidl_typesupport_introspection_c.h
[8.660s] -- Installing: /home/yahboom/roscourse_ws/install/turtle_interfaces/include/turtle_interfaces/turtle_interfaces/msg/detail/turtle_msg__type_support.c
[8.660s] -- Installing: /home/yahboom/roscourse_ws/install/turtle_interfaces/include/turtle_interfaces/turtle_interfaces/msg/rosidl_typesupport_introspection_c__visibility_control.h
[8.661s] -- Installing: /home/yahboom/roscourse_ws/install/turtle_interfaces/lib/libturtle_interfaces__rosidl_typesupport_introspection_c.so
[8.661s] -- Set runtime path of "/home/yahboom/roscourse_ws/install/turtle_interfaces/lib/libturtle_interfaces__rosidl_typesupport_introspection_c.so" to ""
[8.661s] -- Installing: /home/yahboom/roscourse_ws/install/turtle_interfaces/lib/libturtle_interfaces__rosidl_typesupport_c.so
[8.662s] -- Set runtime path of "/home/yahboom/roscourse_ws/install/turtle_interfaces/lib/libturtle_interfaces__rosidl_typesupport_c.so" to ""
[8.664s] -- Up-to-date: /home/yahboom/roscourse_ws/install/turtle_interfaces/include/turtle_interfaces/turtle_interfaces
[8.664s] -- Up-to-date: /home/yahboom/roscourse_ws/install/turtle_interfaces/include/turtle_interfaces/turtle_interfaces/srv
[8.664s] -- Up-to-date: /home/yahboom/roscourse_ws/install/turtle_interfaces/include/turtle_interfaces/turtle_interfaces/srv/detail
[8.664s] -- Installing: /home/yahboom/roscourse_ws/install/turtle_interfaces/include/turtle_interfaces/turtle_interfaces/srv/detail/set_color__type_support.cpp
[8.664s] -- Installing: /home/yahboom/roscourse_ws/install/turtle_interfaces/include/turtle_interfaces/turtle_interfaces/srv/detail/set_pose__rosidl_typesupport_introspection_cpp.hpp
[8.664s] -- Installing: /home/yahboom/roscourse_ws/install/turtle_interfaces/include/turtle_interfaces/turtle_interfaces/srv/detail/set_pose__type_support.cpp
[8.665s] -- Installing: /home/yahboom/roscourse_ws/install/turtle_interfaces/include/turtle_interfaces/turtle_interfaces/srv/detail/set_color__rosidl_typesupport_introspection_cpp.hpp
[8.665s] -- Up-to-date: /home/yahboom/roscourse_ws/install/turtle_interfaces/include/turtle_interfaces/turtle_interfaces/msg
[8.665s] -- Up-to-date: /home/yahboom/roscourse_ws/install/turtle_interfaces/include/turtle_interfaces/turtle_interfaces/msg/detail
[8.665s] -- Installing: /home/yahboom/roscourse_ws/install/turtle_interfaces/include/turtle_interfaces/turtle_interfaces/msg/detail/turtle_msg__type_support.cpp
[8.665s] -- Installing: /home/yahboom/roscourse_ws/install/turtle_interfaces/include/turtle_interfaces/turtle_interfaces/msg/detail/turtle_msg__rosidl_typesupport_introspection_cpp.hpp
[8.665s] -- Installing: /home/yahboom/roscourse_ws/install/turtle_interfaces/lib/libturtle_interfaces__rosidl_typesupport_introspection_cpp.so
[8.665s] -- Set runtime path of "/home/yahboom/roscourse_ws/install/turtle_interfaces/lib/libturtle_interfaces__rosidl_typesupport_introspection_cpp.so" to ""
[8.665s] -- Installing: /home/yahboom/roscourse_ws/install/turtle_interfaces/lib/libturtle_interfaces__rosidl_typesupport_cpp.so
[8.665s] -- Set runtime path of "/home/yahboom/roscourse_ws/install/turtle_interfaces/lib/libturtle_interfaces__rosidl_typesupport_cpp.so" to ""
[8.665s] -- Installing: /home/yahboom/roscourse_ws/install/turtle_interfaces/share/turtle_interfaces/environment/pythonpath.sh
[8.665s] -- Installing: /home/yahboom/roscourse_ws/install/turtle_interfaces/share/turtle_interfaces/environment/pythonpath.dsv
[8.665s] -- Installing: /home/yahboom/roscourse_ws/install/turtle_interfaces/local/lib/python3.10/dist-packages/turtle_interfaces-0.0.0-py3.10.egg-info
[8.666s] -- Installing: /home/yahboom/roscourse_ws/install/turtle_interfaces/local/lib/python3.10/dist-packages/turtle_interfaces-0.0.0-py3.10.egg-info/top_level.txt
[8.666s] -- Installing: /home/yahboom/roscourse_ws/install/turtle_interfaces/local/lib/python3.10/dist-packages/turtle_interfaces-0.0.0-py3.10.egg-info/PKG-INFO
[8.666s] -- Installing: /home/yahboom/roscourse_ws/install/turtle_interfaces/local/lib/python3.10/dist-packages/turtle_interfaces-0.0.0-py3.10.egg-info/dependency_links.txt
[8.666s] -- Installing: /home/yahboom/roscourse_ws/install/turtle_interfaces/local/lib/python3.10/dist-packages/turtle_interfaces-0.0.0-py3.10.egg-info/SOURCES.txt
[8.666s] -- Installing: /home/yahboom/roscourse_ws/install/turtle_interfaces/local/lib/python3.10/dist-packages/turtle_interfaces
[8.666s] -- Installing: /home/yahboom/roscourse_ws/install/turtle_interfaces/local/lib/python3.10/dist-packages/turtle_interfaces/libturtle_interfaces__rosidl_generator_py.so
[8.666s] -- Installing: /home/yahboom/roscourse_ws/install/turtle_interfaces/local/lib/python3.10/dist-packages/turtle_interfaces/_turtle_interfaces_s.ep.rosidl_typesupport_c.c
[8.666s] -- Installing: /home/yahboom/roscourse_ws/install/turtle_interfaces/local/lib/python3.10/dist-packages/turtle_interfaces/srv
[8.666s] -- Installing: /home/yahboom/roscourse_ws/install/turtle_interfaces/local/lib/python3.10/dist-packages/turtle_interfaces/srv/_set_color.py
[8.666s] -- Installing: /home/yahboom/roscourse_ws/install/turtle_interfaces/local/lib/python3.10/dist-packages/turtle_interfaces/srv/_set_pose_s.c
[8.666s] -- Installing: /home/yahboom/roscourse_ws/install/turtle_interfaces/local/lib/python3.10/dist-packages/turtle_interfaces/srv/__init__.py
[8.666s] -- Installing: /home/yahboom/roscourse_ws/install/turtle_interfaces/local/lib/python3.10/dist-packages/turtle_interfaces/srv/_set_color_s.c
[8.667s] -- Installing: /home/yahboom/roscourse_ws/install/turtle_interfaces/local/lib/python3.10/dist-packages/turtle_interfaces/srv/_set_pose.py
[8.667s] -- Installing: /home/yahboom/roscourse_ws/install/turtle_interfaces/local/lib/python3.10/dist-packages/turtle_interfaces/turtle_interfaces_s__rosidl_typesupport_introspection_c.cpython-310-x86_64-linux-gnu.so
[8.667s] -- Installing: /home/yahboom/roscourse_ws/install/turtle_interfaces/local/lib/python3.10/dist-packages/turtle_interfaces/__init__.py
[8.667s] -- Installing: /home/yahboom/roscourse_ws/install/turtle_interfaces/local/lib/python3.10/dist-packages/turtle_interfaces/turtle_interfaces_s__rosidl_typesupport_fastrtps_c.cpython-310-x86_64-linux-gnu.so
[8.667s] -- Installing: /home/yahboom/roscourse_ws/install/turtle_interfaces/local/lib/python3.10/dist-packages/turtle_interfaces/_turtle_interfaces_s.ep.rosidl_typesupport_introspection_c.c
[8.667s] -- Installing: /home/yahboom/roscourse_ws/install/turtle_interfaces/local/lib/python3.10/dist-packages/turtle_interfaces/msg
[8.667s] -- Installing: /home/yahboom/roscourse_ws/install/turtle_interfaces/local/lib/python3.10/dist-packages/turtle_interfaces/msg/_turtle_msg.py
[8.667s] -- Installing: /home/yahboom/roscourse_ws/install/turtle_interfaces/local/lib/python3.10/dist-packages/turtle_interfaces/msg/__init__.py
[8.667s] -- Installing: /home/yahboom/roscourse_ws/install/turtle_interfaces/local/lib/python3.10/dist-packages/turtle_interfaces/msg/_turtle_msg_s.c
[8.667s] -- Installing: /home/yahboom/roscourse_ws/install/turtle_interfaces/local/lib/python3.10/dist-packages/turtle_interfaces/turtle_interfaces_s__rosidl_typesupport_c.cpython-310-x86_64-linux-gnu.so
[8.667s] -- Installing: /home/yahboom/roscourse_ws/install/turtle_interfaces/local/lib/python3.10/dist-packages/turtle_interfaces/_turtle_interfaces_s.ep.rosidl_typesupport_fastrtps_c.c
[8.722s] Listing '/home/yahboom/roscourse_ws/install/turtle_interfaces/local/lib/python3.10/dist-packages/turtle_interfaces'...
[8.722s] Compiling '/home/yahboom/roscourse_ws/install/turtle_interfaces/local/lib/python3.10/dist-packages/turtle_interfaces/__init__.py'...
[8.722s] Listing '/home/yahboom/roscourse_ws/install/turtle_interfaces/local/lib/python3.10/dist-packages/turtle_interfaces/msg'...
[8.722s] Compiling '/home/yahboom/roscourse_ws/install/turtle_interfaces/local/lib/python3.10/dist-packages/turtle_interfaces/msg/__init__.py'...
[8.723s] Compiling '/home/yahboom/roscourse_ws/install/turtle_interfaces/local/lib/python3.10/dist-packages/turtle_interfaces/msg/_turtle_msg.py'...
[8.723s] Listing '/home/yahboom/roscourse_ws/install/turtle_interfaces/local/lib/python3.10/dist-packages/turtle_interfaces/srv'...
[8.723s] Compiling '/home/yahboom/roscourse_ws/install/turtle_interfaces/local/lib/python3.10/dist-packages/turtle_interfaces/srv/__init__.py'...
[8.723s] Compiling '/home/yahboom/roscourse_ws/install/turtle_interfaces/local/lib/python3.10/dist-packages/turtle_interfaces/srv/_set_color.py'...
[8.723s] Compiling '/home/yahboom/roscourse_ws/install/turtle_interfaces/local/lib/python3.10/dist-packages/turtle_interfaces/srv/_set_pose.py'...
[8.726s] -- Installing: /home/yahboom/roscourse_ws/install/turtle_interfaces/local/lib/python3.10/dist-packages/turtle_interfaces/turtle_interfaces_s__rosidl_typesupport_fastrtps_c.cpython-310-x86_64-linux-gnu.so
[8.727s] -- Set runtime path of "/home/yahboom/roscourse_ws/install/turtle_interfaces/local/lib/python3.10/dist-packages/turtle_interfaces/turtle_interfaces_s__rosidl_typesupport_fastrtps_c.cpython-310-x86_64-linux-gnu.so" to ""
[8.727s] -- Installing: /home/yahboom/roscourse_ws/install/turtle_interfaces/local/lib/python3.10/dist-packages/turtle_interfaces/turtle_interfaces_s__rosidl_typesupport_introspection_c.cpython-310-x86_64-linux-gnu.so
[8.727s] -- Set runtime path of "/home/yahboom/roscourse_ws/install/turtle_interfaces/local/lib/python3.10/dist-packages/turtle_interfaces/turtle_interfaces_s__rosidl_typesupport_introspection_c.cpython-310-x86_64-linux-gnu.so" to ""
[8.728s] -- Installing: /home/yahboom/roscourse_ws/install/turtle_interfaces/local/lib/python3.10/dist-packages/turtle_interfaces/turtle_interfaces_s__rosidl_typesupport_c.cpython-310-x86_64-linux-gnu.so
[8.728s] -- Set runtime path of "/home/yahboom/roscourse_ws/install/turtle_interfaces/local/lib/python3.10/dist-packages/turtle_interfaces/turtle_interfaces_s__rosidl_typesupport_c.cpython-310-x86_64-linux-gnu.so" to ""
[8.728s] -- Installing: /home/yahboom/roscourse_ws/install/turtle_interfaces/lib/libturtle_interfaces__rosidl_generator_py.so
[8.729s] -- Set runtime path of "/home/yahboom/roscourse_ws/install/turtle_interfaces/lib/libturtle_interfaces__rosidl_generator_py.so" to ""
[8.729s] -- Installing: /home/yahboom/roscourse_ws/install/turtle_interfaces/share/turtle_interfaces/msg/TurtleMsg.idl
[8.729s] -- Installing: /home/yahboom/roscourse_ws/install/turtle_interfaces/share/turtle_interfaces/srv/SetPose.idl
[8.729s] -- Installing: /home/yahboom/roscourse_ws/install/turtle_interfaces/share/turtle_interfaces/srv/SetColor.idl
[8.729s] -- Installing: /home/yahboom/roscourse_ws/install/turtle_interfaces/share/turtle_interfaces/msg/TurtleMsg.msg
[8.730s] -- Installing: /home/yahboom/roscourse_ws/install/turtle_interfaces/share/turtle_interfaces/srv/SetPose.srv
[8.730s] -- Installing: /home/yahboom/roscourse_ws/install/turtle_interfaces/share/turtle_interfaces/srv/SetPose_Request.msg
[8.730s] -- Installing: /home/yahboom/roscourse_ws/install/turtle_interfaces/share/turtle_interfaces/srv/SetPose_Response.msg
[8.730s] -- Installing: /home/yahboom/roscourse_ws/install/turtle_interfaces/share/turtle_interfaces/srv/SetColor.srv
[8.731s] -- Installing: /home/yahboom/roscourse_ws/install/turtle_interfaces/share/turtle_interfaces/srv/SetColor_Request.msg
[8.731s] -- Installing: /home/yahboom/roscourse_ws/install/turtle_interfaces/share/turtle_interfaces/srv/SetColor_Response.msg
[8.731s] -- Installing: /home/yahboom/roscourse_ws/install/turtle_interfaces/share/ament_index/resource_index/package_run_dependencies/turtle_interfaces
[8.731s] -- Installing: /home/yahboom/roscourse_ws/install/turtle_interfaces/share/ament_index/resource_index/parent_prefix_path/turtle_interfaces
[8.731s] -- Installing: /home/yahboom/roscourse_ws/install/turtle_interfaces/share/turtle_interfaces/environment/ament_prefix_path.sh
[8.732s] -- Installing: /home/yahboom/roscourse_ws/install/turtle_interfaces/share/turtle_interfaces/environment/ament_prefix_path.dsv
[8.732s] -- Installing: /home/yahboom/roscourse_ws/install/turtle_interfaces/share/turtle_interfaces/environment/path.sh
[8.732s] -- Installing: /home/yahboom/roscourse_ws/install/turtle_interfaces/share/turtle_interfaces/environment/path.dsv
[8.732s] -- Installing: /home/yahboom/roscourse_ws/install/turtle_interfaces/share/turtle_interfaces/local_setup.bash
[8.732s] -- Installing: /home/yahboom/roscourse_ws/install/turtle_interfaces/share/turtle_interfaces/local_setup.sh
[8.733s] -- Installing: /home/yahboom/roscourse_ws/install/turtle_interfaces/share/turtle_interfaces/local_setup.zsh
[8.733s] -- Installing: /home/yahboom/roscourse_ws/install/turtle_interfaces/share/turtle_interfaces/local_setup.dsv
[8.733s] -- Installing: /home/yahboom/roscourse_ws/install/turtle_interfaces/share/turtle_interfaces/package.dsv
[8.733s] -- Installing: /home/yahboom/roscourse_ws/install/turtle_interfaces/share/ament_index/resource_index/packages/turtle_interfaces
[8.734s] -- Installing: /home/yahboom/roscourse_ws/install/turtle_interfaces/share/turtle_interfaces/cmake/export_turtle_interfaces__rosidl_generator_cExport.cmake
[8.734s] -- Installing: /home/yahboom/roscourse_ws/install/turtle_interfaces/share/turtle_interfaces/cmake/export_turtle_interfaces__rosidl_generator_cExport-noconfig.cmake
[8.734s] -- Installing: /home/yahboom/roscourse_ws/install/turtle_interfaces/share/turtle_interfaces/cmake/export_turtle_interfaces__rosidl_typesupport_fastrtps_cExport.cmake
[8.734s] -- Installing: /home/yahboom/roscourse_ws/install/turtle_interfaces/share/turtle_interfaces/cmake/export_turtle_interfaces__rosidl_typesupport_fastrtps_cExport-noconfig.cmake
[8.734s] -- Installing: /home/yahboom/roscourse_ws/install/turtle_interfaces/share/turtle_interfaces/cmake/export_turtle_interfaces__rosidl_generator_cppExport.cmake
[8.734s] -- Installing: /home/yahboom/roscourse_ws/install/turtle_interfaces/share/turtle_interfaces/cmake/export_turtle_interfaces__rosidl_typesupport_fastrtps_cppExport.cmake
[8.735s] -- Installing: /home/yahboom/roscourse_ws/install/turtle_interfaces/share/turtle_interfaces/cmake/export_turtle_interfaces__rosidl_typesupport_fastrtps_cppExport-noconfig.cmake
[8.735s] -- Installing: /home/yahboom/roscourse_ws/install/turtle_interfaces/share/turtle_interfaces/cmake/turtle_interfaces__rosidl_typesupport_introspection_cExport.cmake
[8.735s] -- Installing: /home/yahboom/roscourse_ws/install/turtle_interfaces/share/turtle_interfaces/cmake/turtle_interfaces__rosidl_typesupport_introspection_cExport-noconfig.cmake
[8.735s] -- Installing: /home/yahboom/roscourse_ws/install/turtle_interfaces/share/turtle_interfaces/cmake/turtle_interfaces__rosidl_typesupport_cExport.cmake
[8.735s] -- Installing: /home/yahboom/roscourse_ws/install/turtle_interfaces/share/turtle_interfaces/cmake/turtle_interfaces__rosidl_typesupport_cExport-noconfig.cmake
[8.736s] -- Installing: /home/yahboom/roscourse_ws/install/turtle_interfaces/share/turtle_interfaces/cmake/turtle_interfaces__rosidl_typesupport_introspection_cppExport.cmake
[8.736s] -- Installing: /home/yahboom/roscourse_ws/install/turtle_interfaces/share/turtle_interfaces/cmake/turtle_interfaces__rosidl_typesupport_introspection_cppExport-noconfig.cmake
[8.736s] -- Installing: /home/yahboom/roscourse_ws/install/turtle_interfaces/share/turtle_interfaces/cmake/turtle_interfaces__rosidl_typesupport_cppExport.cmake
[8.736s] -- Installing: /home/yahboom/roscourse_ws/install/turtle_interfaces/share/turtle_interfaces/cmake/turtle_interfaces__rosidl_typesupport_cppExport-noconfig.cmake
[8.736s] -- Installing: /home/yahboom/roscourse_ws/install/turtle_interfaces/share/turtle_interfaces/cmake/export_turtle_interfaces__rosidl_generator_pyExport.cmake
[8.737s] -- Installing: /home/yahboom/roscourse_ws/install/turtle_interfaces/share/turtle_interfaces/cmake/export_turtle_interfaces__rosidl_generator_pyExport-noconfig.cmake
[8.737s] -- Installing: /home/yahboom/roscourse_ws/install/turtle_interfaces/share/turtle_interfaces/cmake/rosidl_cmake-extras.cmake
[8.737s] -- Installing: /home/yahboom/roscourse_ws/install/turtle_interfaces/share/turtle_interfaces/cmake/ament_cmake_export_dependencies-extras.cmake
[8.737s] -- Installing: /home/yahboom/roscourse_ws/install/turtle_interfaces/share/turtle_interfaces/cmake/ament_cmake_export_include_directories-extras.cmake
[8.737s] -- Installing: /home/yahboom/roscourse_ws/install/turtle_interfaces/share/turtle_interfaces/cmake/ament_cmake_export_libraries-extras.cmake
[8.738s] -- Installing: /home/yahboom/roscourse_ws/install/turtle_interfaces/share/turtle_interfaces/cmake/ament_cmake_export_targets-extras.cmake
[8.738s] -- Installing: /home/yahboom/roscourse_ws/install/turtle_interfaces/share/turtle_interfaces/cmake/rosidl_cmake_export_typesupport_targets-extras.cmake
[8.738s] -- Installing: /home/yahboom/roscourse_ws/install/turtle_interfaces/share/turtle_interfaces/cmake/rosidl_cmake_export_typesupport_libraries-extras.cmake
[8.738s] -- Installing: /home/yahboom/roscourse_ws/install/turtle_interfaces/share/turtle_interfaces/cmake/turtle_interfacesConfig.cmake
[8.738s] -- Installing: /home/yahboom/roscourse_ws/install/turtle_interfaces/share/turtle_interfaces/cmake/turtle_interfacesConfig-version.cmake
[8.738s] -- Installing: /home/yahboom/roscourse_ws/install/turtle_interfaces/share/turtle_interfaces/package.xml
[8.742s] Invoked command in '/home/yahboom/roscourse_ws/build/turtle_interfaces' returned '0': CMAKE_PREFIX_PATH=${CMAKE_PREFIX_PATH}:/home/yahboom/cartoros2/install/yahboomcar_nav:/home/yahboom/cartoros2/install/yahboomcar_ctrl:/home/yahboom/cartoros2/install/yahboom_visual:/home/yahboom/cartoros2/install/yahboom_dog_joint_state:/home/yahboom/cartoros2/install/yahboom_description:/home/yahboom/cartoros2/install/yahboom_color_identify_server:/home/yahboom/cartoros2/install/yahboom_bringup:/home/yahboom/cartoros2/install/yahboom_base:/home/yahboom/cartoros2/install/yahboom_app_save_map:/home/yahboom/cartoros2/install/update_map:/home/yahboom/cartoros2/install/rosboard:/home/yahboom/cartoros2/install/path_planner_server:/home/yahboom/cartoros2/install/nav2_simple_commander:/home/yahboom/cartoros2/install/nav2_gazebo_spawner:/home/yahboom/cartoros2/install/localization_server:/home/yahboom/cartoros2/install/laserscan_to_point_pulisher:/home/yahboom/yahboomcar_ws/install/yahboom_dog_example:/opt/ros/humble /usr/bin/cmake --install /home/yahboom/roscourse_ws/build/turtle_interfaces
