[0.149s] DEBUG:colcon:Command line arguments: ['/usr/bin/colcon', 'build']
[0.149s] DEBUG:colcon:Parsed command line arguments: Namespace(log_base=None, log_level=None, verb_name='build', build_base='build', install_base='install', merge_install=False, symlink_install=False, test_result_base=None, continue_on_error=False, executor='parallel', parallel_workers=4, event_handlers=None, ignore_user_meta=False, metas=['./colcon.meta'], base_paths=['.'], packages_ignore=None, packages_ignore_regex=None, paths=None, packages_up_to=None, packages_up_to_regex=None, packages_above=None, packages_above_and_dependencies=None, packages_above_depth=None, packages_select_by_dep=None, packages_skip_by_dep=None, packages_skip_up_to=None, packages_select_build_failed=False, packages_skip_build_finished=False, packages_select_test_failures=False, packages_skip_test_passed=False, packages_select=None, packages_skip=None, packages_select_regex=None, packages_skip_regex=None, packages_start=None, packages_end=None, allow_overriding=[], cmake_args=None, cmake_target=None, cmake_target_skip_unavailable=False, cmake_clean_cache=False, cmake_clean_first=False, cmake_force_configure=False, ament_cmake_args=None, catkin_cmake_args=None, catkin_skip_building_tests=False, verb_parser=<colcon_defaults.argument_parser.defaults.DefaultArgumentsDecorator object at 0x743d1dd2b430>, verb_extension=<colcon_core.verb.build.BuildVerb object at 0x743d1dd2af20>, main=<bound method BuildVerb.main of <colcon_core.verb.build.BuildVerb object at 0x743d1dd2af20>>)
[0.379s] Level 1:colcon.colcon_core.package_discovery:discover_packages(colcon_meta) check parameters
[0.379s] Level 1:colcon.colcon_core.package_discovery:discover_packages(recursive) check parameters
[0.379s] Level 1:colcon.colcon_core.package_discovery:discover_packages(ignore) check parameters
[0.379s] Level 1:colcon.colcon_core.package_discovery:discover_packages(path) check parameters
[0.379s] Level 1:colcon.colcon_core.package_discovery:discover_packages(colcon_meta) discover
[0.379s] Level 1:colcon.colcon_core.package_discovery:discover_packages(recursive) discover
[0.379s] INFO:colcon.colcon_core.package_discovery:Crawling recursively for packages in '/home/yahboom/Desktop/S26_RobotProgramming_Crystal/Final_project'
[0.380s] Level 1:colcon.colcon_core.package_identification:_identify(.) by extensions ['ignore', 'ignore_ament_install']
[0.380s] Level 1:colcon.colcon_core.package_identification:_identify(.) by extension 'ignore'
[0.380s] Level 1:colcon.colcon_core.package_identification:_identify(.) by extension 'ignore_ament_install'
[0.381s] Level 1:colcon.colcon_core.package_identification:_identify(.) by extensions ['colcon_pkg']
[0.381s] Level 1:colcon.colcon_core.package_identification:_identify(.) by extension 'colcon_pkg'
[0.381s] Level 1:colcon.colcon_core.package_identification:_identify(.) by extensions ['colcon_meta']
[0.381s] Level 1:colcon.colcon_core.package_identification:_identify(.) by extension 'colcon_meta'
[0.381s] Level 1:colcon.colcon_core.package_identification:_identify(.) by extensions ['ros']
[0.381s] Level 1:colcon.colcon_core.package_identification:_identify(.) by extension 'ros'
[0.393s] Level 1:colcon.colcon_core.package_identification:_identify(.) by extensions ['cmake', 'python']
[0.393s] Level 1:colcon.colcon_core.package_identification:_identify(.) by extension 'cmake'
[0.393s] Level 1:colcon.colcon_core.package_identification:_identify(.) by extension 'python'
[0.394s] Level 1:colcon.colcon_core.package_identification:_identify(.) by extensions ['python_setup_py']
[0.394s] Level 1:colcon.colcon_core.package_identification:_identify(.) by extension 'python_setup_py'
[0.394s] Level 1:colcon.colcon_core.package_identification:_identify(build) by extensions ['ignore', 'ignore_ament_install']
[0.394s] Level 1:colcon.colcon_core.package_identification:_identify(build) by extension 'ignore'
[0.394s] Level 1:colcon.colcon_core.package_identification:_identify(build) ignored
[0.394s] Level 1:colcon.colcon_core.package_identification:_identify(install) by extensions ['ignore', 'ignore_ament_install']
[0.394s] Level 1:colcon.colcon_core.package_identification:_identify(install) by extension 'ignore'
[0.394s] Level 1:colcon.colcon_core.package_identification:_identify(install) ignored
[0.394s] Level 1:colcon.colcon_core.package_identification:_identify(log) by extensions ['ignore', 'ignore_ament_install']
[0.394s] Level 1:colcon.colcon_core.package_identification:_identify(log) by extension 'ignore'
[0.394s] Level 1:colcon.colcon_core.package_identification:_identify(log) ignored
[0.394s] Level 1:colcon.colcon_core.package_identification:_identify(src) by extensions ['ignore', 'ignore_ament_install']
[0.394s] Level 1:colcon.colcon_core.package_identification:_identify(src) by extension 'ignore'
[0.394s] Level 1:colcon.colcon_core.package_identification:_identify(src) by extension 'ignore_ament_install'
[0.394s] Level 1:colcon.colcon_core.package_identification:_identify(src) by extensions ['colcon_pkg']
[0.394s] Level 1:colcon.colcon_core.package_identification:_identify(src) by extension 'colcon_pkg'
[0.394s] Level 1:colcon.colcon_core.package_identification:_identify(src) by extensions ['colcon_meta']
[0.395s] Level 1:colcon.colcon_core.package_identification:_identify(src) by extension 'colcon_meta'
[0.395s] Level 1:colcon.colcon_core.package_identification:_identify(src) by extensions ['ros']
[0.395s] Level 1:colcon.colcon_core.package_identification:_identify(src) by extension 'ros'
[0.395s] Level 1:colcon.colcon_core.package_identification:_identify(src) by extensions ['cmake', 'python']
[0.395s] Level 1:colcon.colcon_core.package_identification:_identify(src) by extension 'cmake'
[0.395s] Level 1:colcon.colcon_core.package_identification:_identify(src) by extension 'python'
[0.395s] Level 1:colcon.colcon_core.package_identification:_identify(src) by extensions ['python_setup_py']
[0.395s] Level 1:colcon.colcon_core.package_identification:_identify(src) by extension 'python_setup_py'
[0.395s] Level 1:colcon.colcon_core.package_identification:_identify(src/high_lvl_obj_detect) by extensions ['ignore', 'ignore_ament_install']
[0.395s] Level 1:colcon.colcon_core.package_identification:_identify(src/high_lvl_obj_detect) by extension 'ignore'
[0.395s] Level 1:colcon.colcon_core.package_identification:_identify(src/high_lvl_obj_detect) by extension 'ignore_ament_install'
[0.395s] Level 1:colcon.colcon_core.package_identification:_identify(src/high_lvl_obj_detect) by extensions ['colcon_pkg']
[0.395s] Level 1:colcon.colcon_core.package_identification:_identify(src/high_lvl_obj_detect) by extension 'colcon_pkg'
[0.395s] Level 1:colcon.colcon_core.package_identification:_identify(src/high_lvl_obj_detect) by extensions ['colcon_meta']
[0.395s] Level 1:colcon.colcon_core.package_identification:_identify(src/high_lvl_obj_detect) by extension 'colcon_meta'
[0.395s] Level 1:colcon.colcon_core.package_identification:_identify(src/high_lvl_obj_detect) by extensions ['ros']
[0.395s] Level 1:colcon.colcon_core.package_identification:_identify(src/high_lvl_obj_detect) by extension 'ros'
[0.398s] DEBUG:colcon.colcon_core.package_identification:Package 'src/high_lvl_obj_detect' with type 'ros.ament_python' and name 'high_lvl_obj_detect'
[0.399s] Level 1:colcon.colcon_core.package_identification:_identify(src/low_lvl_obj_detect) by extensions ['ignore', 'ignore_ament_install']
[0.399s] Level 1:colcon.colcon_core.package_identification:_identify(src/low_lvl_obj_detect) by extension 'ignore'
[0.399s] Level 1:colcon.colcon_core.package_identification:_identify(src/low_lvl_obj_detect) by extension 'ignore_ament_install'
[0.399s] Level 1:colcon.colcon_core.package_identification:_identify(src/low_lvl_obj_detect) by extensions ['colcon_pkg']
[0.399s] Level 1:colcon.colcon_core.package_identification:_identify(src/low_lvl_obj_detect) by extension 'colcon_pkg'
[0.399s] Level 1:colcon.colcon_core.package_identification:_identify(src/low_lvl_obj_detect) by extensions ['colcon_meta']
[0.399s] Level 1:colcon.colcon_core.package_identification:_identify(src/low_lvl_obj_detect) by extension 'colcon_meta'
[0.399s] Level 1:colcon.colcon_core.package_identification:_identify(src/low_lvl_obj_detect) by extensions ['ros']
[0.399s] Level 1:colcon.colcon_core.package_identification:_identify(src/low_lvl_obj_detect) by extension 'ros'
[0.399s] DEBUG:colcon.colcon_core.package_identification:Package 'src/low_lvl_obj_detect' with type 'ros.ament_python' and name 'low_lvl_obj_detect'
[0.400s] Level 1:colcon.colcon_core.package_identification:_identify(src/path_planning) by extensions ['ignore', 'ignore_ament_install']
[0.400s] Level 1:colcon.colcon_core.package_identification:_identify(src/path_planning) by extension 'ignore'
[0.400s] Level 1:colcon.colcon_core.package_identification:_identify(src/path_planning) by extension 'ignore_ament_install'
[0.400s] Level 1:colcon.colcon_core.package_identification:_identify(src/path_planning) by extensions ['colcon_pkg']
[0.400s] Level 1:colcon.colcon_core.package_identification:_identify(src/path_planning) by extension 'colcon_pkg'
[0.400s] Level 1:colcon.colcon_core.package_identification:_identify(src/path_planning) by extensions ['colcon_meta']
[0.400s] Level 1:colcon.colcon_core.package_identification:_identify(src/path_planning) by extension 'colcon_meta'
[0.400s] Level 1:colcon.colcon_core.package_identification:_identify(src/path_planning) by extensions ['ros']
[0.400s] Level 1:colcon.colcon_core.package_identification:_identify(src/path_planning) by extension 'ros'
[0.400s] DEBUG:colcon.colcon_core.package_identification:Package 'src/path_planning' with type 'ros.ament_python' and name 'path_planning'
[0.400s] Level 1:colcon.colcon_core.package_identification:_identify(src/raspbot_drive_control) by extensions ['ignore', 'ignore_ament_install']
[0.400s] Level 1:colcon.colcon_core.package_identification:_identify(src/raspbot_drive_control) by extension 'ignore'
[0.401s] Level 1:colcon.colcon_core.package_identification:_identify(src/raspbot_drive_control) by extension 'ignore_ament_install'
[0.401s] Level 1:colcon.colcon_core.package_identification:_identify(src/raspbot_drive_control) by extensions ['colcon_pkg']
[0.401s] Level 1:colcon.colcon_core.package_identification:_identify(src/raspbot_drive_control) by extension 'colcon_pkg'
[0.401s] Level 1:colcon.colcon_core.package_identification:_identify(src/raspbot_drive_control) by extensions ['colcon_meta']
[0.401s] Level 1:colcon.colcon_core.package_identification:_identify(src/raspbot_drive_control) by extension 'colcon_meta'
[0.401s] Level 1:colcon.colcon_core.package_identification:_identify(src/raspbot_drive_control) by extensions ['ros']
[0.401s] Level 1:colcon.colcon_core.package_identification:_identify(src/raspbot_drive_control) by extension 'ros'
[0.401s] DEBUG:colcon.colcon_core.package_identification:Package 'src/raspbot_drive_control' with type 'ros.ament_python' and name 'raspbot_drive_control'
[0.401s] Level 1:colcon.colcon_core.package_discovery:discover_packages(recursive) using defaults
[0.401s] Level 1:colcon.colcon_core.package_discovery:discover_packages(ignore) discover
[0.401s] Level 1:colcon.colcon_core.package_discovery:discover_packages(ignore) using defaults
[0.401s] Level 1:colcon.colcon_core.package_discovery:discover_packages(path) discover
[0.401s] Level 1:colcon.colcon_core.package_discovery:discover_packages(path) using defaults
[0.436s] Level 1:colcon.colcon_core.package_discovery:discover_packages(prefix_path) check parameters
[0.436s] Level 1:colcon.colcon_core.package_discovery:discover_packages(prefix_path) discover
[0.450s] DEBUG:colcon.colcon_installed_package_information.package_discovery:Found 4 installed packages in /home/yahboom/Desktop/S26_RobotProgramming_Crystal/Final_project/install
[0.451s] DEBUG:colcon.colcon_installed_package_information.package_discovery:Found 19 installed packages in /home/yahboom/yahboomcar_ws/install
[0.451s] DEBUG:colcon.colcon_installed_package_information.package_discovery:Found 2 installed packages in /home/yahboom/gmapping_ws/install
[0.453s] DEBUG:colcon.colcon_installed_package_information.package_discovery:Found 76 installed packages in /home/yahboom/cartoros2/install
[0.456s] DEBUG:colcon.colcon_installed_package_information.package_discovery:Found 376 installed packages in /opt/ros/humble
[0.459s] Level 1:colcon.colcon_core.package_discovery:discover_packages(prefix_path) using defaults
[0.529s] Level 5:colcon.colcon_core.verb:set package 'high_lvl_obj_detect' build argument 'cmake_args' from command line to 'None'
[0.529s] Level 5:colcon.colcon_core.verb:set package 'high_lvl_obj_detect' build argument 'cmake_target' from command line to 'None'
[0.529s] Level 5:colcon.colcon_core.verb:set package 'high_lvl_obj_detect' build argument 'cmake_target_skip_unavailable' from command line to 'False'
[0.529s] Level 5:colcon.colcon_core.verb:set package 'high_lvl_obj_detect' build argument 'cmake_clean_cache' from command line to 'False'
[0.529s] Level 5:colcon.colcon_core.verb:set package 'high_lvl_obj_detect' build argument 'cmake_clean_first' from command line to 'False'
[0.529s] Level 5:colcon.colcon_core.verb:set package 'high_lvl_obj_detect' build argument 'cmake_force_configure' from command line to 'False'
[0.529s] Level 5:colcon.colcon_core.verb:set package 'high_lvl_obj_detect' build argument 'ament_cmake_args' from command line to 'None'
[0.529s] Level 5:colcon.colcon_core.verb:set package 'high_lvl_obj_detect' build argument 'catkin_cmake_args' from command line to 'None'
[0.529s] Level 5:colcon.colcon_core.verb:set package 'high_lvl_obj_detect' build argument 'catkin_skip_building_tests' from command line to 'False'
[0.529s] DEBUG:colcon.colcon_core.verb:Building package 'high_lvl_obj_detect' with the following arguments: {'ament_cmake_args': None, 'build_base': '/home/yahboom/Desktop/S26_RobotProgramming_Crystal/Final_project/build/high_lvl_obj_detect', 'catkin_cmake_args': None, 'catkin_skip_building_tests': False, 'cmake_args': None, 'cmake_clean_cache': False, 'cmake_clean_first': False, 'cmake_force_configure': False, 'cmake_target': None, 'cmake_target_skip_unavailable': False, 'install_base': '/home/yahboom/Desktop/S26_RobotProgramming_Crystal/Final_project/install/high_lvl_obj_detect', 'merge_install': False, 'path': '/home/yahboom/Desktop/S26_RobotProgramming_Crystal/Final_project/src/high_lvl_obj_detect', 'symlink_install': False, 'test_result_base': None}
[0.530s] Level 5:colcon.colcon_core.verb:set package 'low_lvl_obj_detect' build argument 'cmake_args' from command line to 'None'
[0.530s] Level 5:colcon.colcon_core.verb:set package 'low_lvl_obj_detect' build argument 'cmake_target' from command line to 'None'
[0.530s] Level 5:colcon.colcon_core.verb:set package 'low_lvl_obj_detect' build argument 'cmake_target_skip_unavailable' from command line to 'False'
[0.530s] Level 5:colcon.colcon_core.verb:set package 'low_lvl_obj_detect' build argument 'cmake_clean_cache' from command line to 'False'
[0.530s] Level 5:colcon.colcon_core.verb:set package 'low_lvl_obj_detect' build argument 'cmake_clean_first' from command line to 'False'
[0.530s] Level 5:colcon.colcon_core.verb:set package 'low_lvl_obj_detect' build argument 'cmake_force_configure' from command line to 'False'
[0.530s] Level 5:colcon.colcon_core.verb:set package 'low_lvl_obj_detect' build argument 'ament_cmake_args' from command line to 'None'
[0.530s] Level 5:colcon.colcon_core.verb:set package 'low_lvl_obj_detect' build argument 'catkin_cmake_args' from command line to 'None'
[0.530s] Level 5:colcon.colcon_core.verb:set package 'low_lvl_obj_detect' build argument 'catkin_skip_building_tests' from command line to 'False'
[0.530s] DEBUG:colcon.colcon_core.verb:Building package 'low_lvl_obj_detect' with the following arguments: {'ament_cmake_args': None, 'build_base': '/home/yahboom/Desktop/S26_RobotProgramming_Crystal/Final_project/build/low_lvl_obj_detect', 'catkin_cmake_args': None, 'catkin_skip_building_tests': False, 'cmake_args': None, 'cmake_clean_cache': False, 'cmake_clean_first': False, 'cmake_force_configure': False, 'cmake_target': None, 'cmake_target_skip_unavailable': False, 'install_base': '/home/yahboom/Desktop/S26_RobotProgramming_Crystal/Final_project/install/low_lvl_obj_detect', 'merge_install': False, 'path': '/home/yahboom/Desktop/S26_RobotProgramming_Crystal/Final_project/src/low_lvl_obj_detect', 'symlink_install': False, 'test_result_base': None}
[0.530s] Level 5:colcon.colcon_core.verb:set package 'path_planning' build argument 'cmake_args' from command line to 'None'
[0.530s] Level 5:colcon.colcon_core.verb:set package 'path_planning' build argument 'cmake_target' from command line to 'None'
[0.530s] Level 5:colcon.colcon_core.verb:set package 'path_planning' build argument 'cmake_target_skip_unavailable' from command line to 'False'
[0.530s] Level 5:colcon.colcon_core.verb:set package 'path_planning' build argument 'cmake_clean_cache' from command line to 'False'
[0.530s] Level 5:colcon.colcon_core.verb:set package 'path_planning' build argument 'cmake_clean_first' from command line to 'False'
[0.530s] Level 5:colcon.colcon_core.verb:set package 'path_planning' build argument 'cmake_force_configure' from command line to 'False'
[0.530s] Level 5:colcon.colcon_core.verb:set package 'path_planning' build argument 'ament_cmake_args' from command line to 'None'
[0.530s] Level 5:colcon.colcon_core.verb:set package 'path_planning' build argument 'catkin_cmake_args' from command line to 'None'
[0.530s] Level 5:colcon.colcon_core.verb:set package 'path_planning' build argument 'catkin_skip_building_tests' from command line to 'False'
[0.530s] DEBUG:colcon.colcon_core.verb:Building package 'path_planning' with the following arguments: {'ament_cmake_args': None, 'build_base': '/home/yahboom/Desktop/S26_RobotProgramming_Crystal/Final_project/build/path_planning', 'catkin_cmake_args': None, 'catkin_skip_building_tests': False, 'cmake_args': None, 'cmake_clean_cache': False, 'cmake_clean_first': False, 'cmake_force_configure': False, 'cmake_target': None, 'cmake_target_skip_unavailable': False, 'install_base': '/home/yahboom/Desktop/S26_RobotProgramming_Crystal/Final_project/install/path_planning', 'merge_install': False, 'path': '/home/yahboom/Desktop/S26_RobotProgramming_Crystal/Final_project/src/path_planning', 'symlink_install': False, 'test_result_base': None}
[0.531s] Level 5:colcon.colcon_core.verb:set package 'raspbot_drive_control' build argument 'cmake_args' from command line to 'None'
[0.531s] Level 5:colcon.colcon_core.verb:set package 'raspbot_drive_control' build argument 'cmake_target' from command line to 'None'
[0.531s] Level 5:colcon.colcon_core.verb:set package 'raspbot_drive_control' build argument 'cmake_target_skip_unavailable' from command line to 'False'
[0.531s] Level 5:colcon.colcon_core.verb:set package 'raspbot_drive_control' build argument 'cmake_clean_cache' from command line to 'False'
[0.531s] Level 5:colcon.colcon_core.verb:set package 'raspbot_drive_control' build argument 'cmake_clean_first' from command line to 'False'
[0.531s] Level 5:colcon.colcon_core.verb:set package 'raspbot_drive_control' build argument 'cmake_force_configure' from command line to 'False'
[0.531s] Level 5:colcon.colcon_core.verb:set package 'raspbot_drive_control' build argument 'ament_cmake_args' from command line to 'None'
[0.531s] Level 5:colcon.colcon_core.verb:set package 'raspbot_drive_control' build argument 'catkin_cmake_args' from command line to 'None'
[0.531s] Level 5:colcon.colcon_core.verb:set package 'raspbot_drive_control' build argument 'catkin_skip_building_tests' from command line to 'False'
[0.531s] DEBUG:colcon.colcon_core.verb:Building package 'raspbot_drive_control' with the following arguments: {'ament_cmake_args': None, 'build_base': '/home/yahboom/Desktop/S26_RobotProgramming_Crystal/Final_project/build/raspbot_drive_control', 'catkin_cmake_args': None, 'catkin_skip_building_tests': False, 'cmake_args': None, 'cmake_clean_cache': False, 'cmake_clean_first': False, 'cmake_force_configure': False, 'cmake_target': None, 'cmake_target_skip_unavailable': False, 'install_base': '/home/yahboom/Desktop/S26_RobotProgramming_Crystal/Final_project/install/raspbot_drive_control', 'merge_install': False, 'path': '/home/yahboom/Desktop/S26_RobotProgramming_Crystal/Final_project/src/raspbot_drive_control', 'symlink_install': False, 'test_result_base': None}
[0.531s] INFO:colcon.colcon_core.executor:Executing jobs using 'parallel' executor
[0.532s] DEBUG:colcon.colcon_parallel_executor.executor.parallel:run_until_complete
[0.532s] INFO:colcon.colcon_ros.task.ament_python.build:Building ROS package in '/home/yahboom/Desktop/S26_RobotProgramming_Crystal/Final_project/src/high_lvl_obj_detect' with build type 'ament_python'
[0.532s] Level 1:colcon.colcon_core.shell:create_environment_hook('high_lvl_obj_detect', 'ament_prefix_path')
[0.536s] INFO:colcon.colcon_core.plugin_system:Skipping extension 'colcon_core.shell.bat': Not used on non-Windows systems
[0.536s] INFO:colcon.colcon_core.shell:Creating environment hook '/home/yahboom/Desktop/S26_RobotProgramming_Crystal/Final_project/install/high_lvl_obj_detect/share/high_lvl_obj_detect/hook/ament_prefix_path.ps1'
[0.537s] INFO:colcon.colcon_core.shell:Creating environment descriptor '/home/yahboom/Desktop/S26_RobotProgramming_Crystal/Final_project/install/high_lvl_obj_detect/share/high_lvl_obj_detect/hook/ament_prefix_path.dsv'
[0.538s] INFO:colcon.colcon_core.shell:Creating environment hook '/home/yahboom/Desktop/S26_RobotProgramming_Crystal/Final_project/install/high_lvl_obj_detect/share/high_lvl_obj_detect/hook/ament_prefix_path.sh'
[0.539s] INFO:colcon.colcon_core.shell:Skip shell extension 'powershell' for command environment: Not usable outside of PowerShell
[0.539s] DEBUG:colcon.colcon_core.shell:Skip shell extension 'dsv' for command environment
[0.551s] INFO:colcon.colcon_ros.task.ament_python.build:Building ROS package in '/home/yahboom/Desktop/S26_RobotProgramming_Crystal/Final_project/src/low_lvl_obj_detect' with build type 'ament_python'
[0.551s] Level 1:colcon.colcon_core.shell:create_environment_hook('low_lvl_obj_detect', 'ament_prefix_path')
[0.551s] INFO:colcon.colcon_core.shell:Creating environment hook '/home/yahboom/Desktop/S26_RobotProgramming_Crystal/Final_project/install/low_lvl_obj_detect/share/low_lvl_obj_detect/hook/ament_prefix_path.ps1'
[0.552s] INFO:colcon.colcon_core.shell:Creating environment descriptor '/home/yahboom/Desktop/S26_RobotProgramming_Crystal/Final_project/install/low_lvl_obj_detect/share/low_lvl_obj_detect/hook/ament_prefix_path.dsv'
[0.553s] INFO:colcon.colcon_core.shell:Creating environment hook '/home/yahboom/Desktop/S26_RobotProgramming_Crystal/Final_project/install/low_lvl_obj_detect/share/low_lvl_obj_detect/hook/ament_prefix_path.sh'
[0.554s] INFO:colcon.colcon_core.shell:Skip shell extension 'powershell' for command environment: Not usable outside of PowerShell
[0.554s] DEBUG:colcon.colcon_core.shell:Skip shell extension 'dsv' for command environment
[0.564s] INFO:colcon.colcon_ros.task.ament_python.build:Building ROS package in '/home/yahboom/Desktop/S26_RobotProgramming_Crystal/Final_project/src/path_planning' with build type 'ament_python'
[0.565s] Level 1:colcon.colcon_core.shell:create_environment_hook('path_planning', 'ament_prefix_path')
[0.565s] INFO:colcon.colcon_core.shell:Creating environment hook '/home/yahboom/Desktop/S26_RobotProgramming_Crystal/Final_project/install/path_planning/share/path_planning/hook/ament_prefix_path.ps1'
[0.567s] INFO:colcon.colcon_core.shell:Creating environment descriptor '/home/yahboom/Desktop/S26_RobotProgramming_Crystal/Final_project/install/path_planning/share/path_planning/hook/ament_prefix_path.dsv'
[0.567s] INFO:colcon.colcon_core.shell:Creating environment hook '/home/yahboom/Desktop/S26_RobotProgramming_Crystal/Final_project/install/path_planning/share/path_planning/hook/ament_prefix_path.sh'
[0.568s] INFO:colcon.colcon_core.shell:Skip shell extension 'powershell' for command environment: Not usable outside of PowerShell
[0.568s] DEBUG:colcon.colcon_core.shell:Skip shell extension 'dsv' for command environment
[0.578s] INFO:colcon.colcon_ros.task.ament_python.build:Building ROS package in '/home/yahboom/Desktop/S26_RobotProgramming_Crystal/Final_project/src/raspbot_drive_control' with build type 'ament_python'
[0.578s] Level 1:colcon.colcon_core.shell:create_environment_hook('raspbot_drive_control', 'ament_prefix_path')
[0.578s] INFO:colcon.colcon_core.shell:Creating environment hook '/home/yahboom/Desktop/S26_RobotProgramming_Crystal/Final_project/install/raspbot_drive_control/share/raspbot_drive_control/hook/ament_prefix_path.ps1'
[0.579s] INFO:colcon.colcon_core.shell:Creating environment descriptor '/home/yahboom/Desktop/S26_RobotProgramming_Crystal/Final_project/install/raspbot_drive_control/share/raspbot_drive_control/hook/ament_prefix_path.dsv'
[0.580s] INFO:colcon.colcon_core.shell:Creating environment hook '/home/yahboom/Desktop/S26_RobotProgramming_Crystal/Final_project/install/raspbot_drive_control/share/raspbot_drive_control/hook/ament_prefix_path.sh'
[0.581s] INFO:colcon.colcon_core.shell:Skip shell extension 'powershell' for command environment: Not usable outside of PowerShell
[0.581s] DEBUG:colcon.colcon_core.shell:Skip shell extension 'dsv' for command environment
[0.888s] INFO:colcon.colcon_core.task.python.build:Building Python package in '/home/yahboom/Desktop/S26_RobotProgramming_Crystal/Final_project/src/high_lvl_obj_detect'
[0.888s] INFO:colcon.colcon_core.shell:Skip shell extension 'powershell' for command environment: Not usable outside of PowerShell
[0.888s] DEBUG:colcon.colcon_core.shell:Skip shell extension 'dsv' for command environment
[1.193s] INFO:colcon.colcon_core.task.python.build:Building Python package in '/home/yahboom/Desktop/S26_RobotProgramming_Crystal/Final_project/src/low_lvl_obj_detect'
[1.194s] INFO:colcon.colcon_core.shell:Skip shell extension 'powershell' for command environment: Not usable outside of PowerShell
[1.194s] DEBUG:colcon.colcon_core.shell:Skip shell extension 'dsv' for command environment
[1.513s] INFO:colcon.colcon_core.task.python.build:Building Python package in '/home/yahboom/Desktop/S26_RobotProgramming_Crystal/Final_project/src/path_planning'
[1.513s] INFO:colcon.colcon_core.shell:Skip shell extension 'powershell' for command environment: Not usable outside of PowerShell
[1.513s] DEBUG:colcon.colcon_core.shell:Skip shell extension 'dsv' for command environment
[1.839s] WARNING:colcon.colcon_ros.task.ament_python.build:Package 'raspbot_drive_control' doesn't explicitly install a marker in the package index (colcon-ros currently does it implicitly but that fallback will be removed in the future)
[1.839s] WARNING:colcon.colcon_ros.task.ament_python.build:Package 'raspbot_drive_control' doesn't explicitly install the 'package.xml' file (colcon-ros currently does it implicitly but that fallback will be removed in the future)
[1.841s] INFO:colcon.colcon_core.task.python.build:Building Python package in '/home/yahboom/Desktop/S26_RobotProgramming_Crystal/Final_project/src/raspbot_drive_control'
[1.841s] INFO:colcon.colcon_core.shell:Skip shell extension 'powershell' for command environment: Not usable outside of PowerShell
[1.841s] DEBUG:colcon.colcon_core.shell:Skip shell extension 'dsv' for command environment
[2.355s] DEBUG:colcon.colcon_core.event_handler.log_command:Invoking command in '/home/yahboom/Desktop/S26_RobotProgramming_Crystal/Final_project/src/raspbot_drive_control': PYTHONPATH=/home/yahboom/Desktop/S26_RobotProgramming_Crystal/Final_project/build/raspbot_drive_control/prefix_override:/home/yahboom/Desktop/S26_RobotProgramming_Crystal/Final_project/install/raspbot_drive_control/lib/python3.10/site-packages:${PYTHONPATH} /usr/bin/python3 -W ignore:setup.py install is deprecated setup.py egg_info --egg-base ../../build/raspbot_drive_control build --build-base /home/yahboom/Desktop/S26_RobotProgramming_Crystal/Final_project/build/raspbot_drive_control/build install --record /home/yahboom/Desktop/S26_RobotProgramming_Crystal/Final_project/build/raspbot_drive_control/install.log --single-version-externally-managed
[2.363s] DEBUG:colcon.colcon_core.event_handler.log_command:Invoking command in '/home/yahboom/Desktop/S26_RobotProgramming_Crystal/Final_project/src/low_lvl_obj_detect': PYTHONPATH=/home/yahboom/Desktop/S26_RobotProgramming_Crystal/Final_project/build/low_lvl_obj_detect/prefix_override:/home/yahboom/Desktop/S26_RobotProgramming_Crystal/Final_project/install/low_lvl_obj_detect/lib/python3.10/site-packages:${PYTHONPATH} /usr/bin/python3 -W ignore:setup.py install is deprecated setup.py egg_info --egg-base ../../build/low_lvl_obj_detect build --build-base /home/yahboom/Desktop/S26_RobotProgramming_Crystal/Final_project/build/low_lvl_obj_detect/build install --record /home/yahboom/Desktop/S26_RobotProgramming_Crystal/Final_project/build/low_lvl_obj_detect/install.log --single-version-externally-managed install_data
[2.364s] DEBUG:colcon.colcon_core.event_handler.log_command:Invoking command in '/home/yahboom/Desktop/S26_RobotProgramming_Crystal/Final_project/src/high_lvl_obj_detect': PYTHONPATH=/home/yahboom/Desktop/S26_RobotProgramming_Crystal/Final_project/build/high_lvl_obj_detect/prefix_override:/home/yahboom/Desktop/S26_RobotProgramming_Crystal/Final_project/install/high_lvl_obj_detect/lib/python3.10/site-packages:${PYTHONPATH} /usr/bin/python3 -W ignore:setup.py install is deprecated setup.py egg_info --egg-base ../../build/high_lvl_obj_detect build --build-base /home/yahboom/Desktop/S26_RobotProgramming_Crystal/Final_project/build/high_lvl_obj_detect/build install --record /home/yahboom/Desktop/S26_RobotProgramming_Crystal/Final_project/build/high_lvl_obj_detect/install.log --single-version-externally-managed install_data
[2.370s] DEBUG:colcon.colcon_core.event_handler.log_command:Invoking command in '/home/yahboom/Desktop/S26_RobotProgramming_Crystal/Final_project/src/path_planning': PYTHONPATH=/home/yahboom/Desktop/S26_RobotProgramming_Crystal/Final_project/build/path_planning/prefix_override:/home/yahboom/Desktop/S26_RobotProgramming_Crystal/Final_project/install/path_planning/lib/python3.10/site-packages:${PYTHONPATH} /usr/bin/python3 -W ignore:setup.py install is deprecated setup.py egg_info --egg-base ../../build/path_planning build --build-base /home/yahboom/Desktop/S26_RobotProgramming_Crystal/Final_project/build/path_planning/build install --record /home/yahboom/Desktop/S26_RobotProgramming_Crystal/Final_project/build/path_planning/install.log --single-version-externally-managed install_data
[2.756s] DEBUG:colcon.colcon_core.event_handler.log_command:Invoked command in '/home/yahboom/Desktop/S26_RobotProgramming_Crystal/Final_project/src/low_lvl_obj_detect' returned '0': PYTHONPATH=/home/yahboom/Desktop/S26_RobotProgramming_Crystal/Final_project/build/low_lvl_obj_detect/prefix_override:/home/yahboom/Desktop/S26_RobotProgramming_Crystal/Final_project/install/low_lvl_obj_detect/lib/python3.10/site-packages:${PYTHONPATH} /usr/bin/python3 -W ignore:setup.py install is deprecated setup.py egg_info --egg-base ../../build/low_lvl_obj_detect build --build-base /home/yahboom/Desktop/S26_RobotProgramming_Crystal/Final_project/build/low_lvl_obj_detect/build install --record /home/yahboom/Desktop/S26_RobotProgramming_Crystal/Final_project/build/low_lvl_obj_detect/install.log --single-version-externally-managed install_data
[2.758s] Level 1:colcon.colcon_core.environment:checking '/home/yahboom/Desktop/S26_RobotProgramming_Crystal/Final_project/install/low_lvl_obj_detect' for CMake module files
[2.758s] Level 1:colcon.colcon_core.environment:checking '/home/yahboom/Desktop/S26_RobotProgramming_Crystal/Final_project/install/low_lvl_obj_detect' for CMake config files
[2.759s] Level 1:colcon.colcon_core.environment:checking '/home/yahboom/Desktop/S26_RobotProgramming_Crystal/Final_project/install/low_lvl_obj_detect/lib'
[2.759s] Level 1:colcon.colcon_core.environment:checking '/home/yahboom/Desktop/S26_RobotProgramming_Crystal/Final_project/install/low_lvl_obj_detect/bin'
[2.759s] Level 1:colcon.colcon_core.environment:checking '/home/yahboom/Desktop/S26_RobotProgramming_Crystal/Final_project/install/low_lvl_obj_detect/lib/pkgconfig/low_lvl_obj_detect.pc'
[2.759s] Level 1:colcon.colcon_core.environment:checking '/home/yahboom/Desktop/S26_RobotProgramming_Crystal/Final_project/install/low_lvl_obj_detect/lib/python3.10/site-packages'
[2.759s] Level 1:colcon.colcon_core.shell:create_environment_hook('low_lvl_obj_detect', 'pythonpath')
[2.759s] INFO:colcon.colcon_core.shell:Creating environment hook '/home/yahboom/Desktop/S26_RobotProgramming_Crystal/Final_project/install/low_lvl_obj_detect/share/low_lvl_obj_detect/hook/pythonpath.ps1'
[2.761s] INFO:colcon.colcon_core.shell:Creating environment descriptor '/home/yahboom/Desktop/S26_RobotProgramming_Crystal/Final_project/install/low_lvl_obj_detect/share/low_lvl_obj_detect/hook/pythonpath.dsv'
[2.762s] INFO:colcon.colcon_core.shell:Creating environment hook '/home/yahboom/Desktop/S26_RobotProgramming_Crystal/Final_project/install/low_lvl_obj_detect/share/low_lvl_obj_detect/hook/pythonpath.sh'
[2.763s] Level 1:colcon.colcon_core.environment:checking '/home/yahboom/Desktop/S26_RobotProgramming_Crystal/Final_project/install/low_lvl_obj_detect/bin'
[2.763s] Level 1:colcon.colcon_core.environment:create_environment_scripts_only(low_lvl_obj_detect)
[2.763s] INFO:colcon.colcon_core.shell:Creating package script '/home/yahboom/Desktop/S26_RobotProgramming_Crystal/Final_project/install/low_lvl_obj_detect/share/low_lvl_obj_detect/package.ps1'
[2.765s] INFO:colcon.colcon_core.shell:Creating package descriptor '/home/yahboom/Desktop/S26_RobotProgramming_Crystal/Final_project/install/low_lvl_obj_detect/share/low_lvl_obj_detect/package.dsv'
[2.766s] INFO:colcon.colcon_core.shell:Creating package script '/home/yahboom/Desktop/S26_RobotProgramming_Crystal/Final_project/install/low_lvl_obj_detect/share/low_lvl_obj_detect/package.sh'
[2.767s] INFO:colcon.colcon_core.shell:Creating package script '/home/yahboom/Desktop/S26_RobotProgramming_Crystal/Final_project/install/low_lvl_obj_detect/share/low_lvl_obj_detect/package.bash'
[2.768s] INFO:colcon.colcon_core.shell:Creating package script '/home/yahboom/Desktop/S26_RobotProgramming_Crystal/Final_project/install/low_lvl_obj_detect/share/low_lvl_obj_detect/package.zsh'
[2.769s] Level 1:colcon.colcon_core.environment:create_file_with_runtime_dependencies(/home/yahboom/Desktop/S26_RobotProgramming_Crystal/Final_project/install/low_lvl_obj_detect/share/colcon-core/packages/low_lvl_obj_detect)
[2.771s] Level 1:colcon.colcon_core.environment:checking '/home/yahboom/Desktop/S26_RobotProgramming_Crystal/Final_project/install/high_lvl_obj_detect' for CMake module files
[2.772s] DEBUG:colcon.colcon_core.event_handler.log_command:Invoked command in '/home/yahboom/Desktop/S26_RobotProgramming_Crystal/Final_project/src/high_lvl_obj_detect' returned '0': PYTHONPATH=/home/yahboom/Desktop/S26_RobotProgramming_Crystal/Final_project/build/high_lvl_obj_detect/prefix_override:/home/yahboom/Desktop/S26_RobotProgramming_Crystal/Final_project/install/high_lvl_obj_detect/lib/python3.10/site-packages:${PYTHONPATH} /usr/bin/python3 -W ignore:setup.py install is deprecated setup.py egg_info --egg-base ../../build/high_lvl_obj_detect build --build-base /home/yahboom/Desktop/S26_RobotProgramming_Crystal/Final_project/build/high_lvl_obj_detect/build install --record /home/yahboom/Desktop/S26_RobotProgramming_Crystal/Final_project/build/high_lvl_obj_detect/install.log --single-version-externally-managed install_data
[2.773s] Level 1:colcon.colcon_core.environment:checking '/home/yahboom/Desktop/S26_RobotProgramming_Crystal/Final_project/install/high_lvl_obj_detect' for CMake config files
[2.773s] Level 1:colcon.colcon_core.environment:checking '/home/yahboom/Desktop/S26_RobotProgramming_Crystal/Final_project/install/high_lvl_obj_detect/lib'
[2.773s] Level 1:colcon.colcon_core.environment:checking '/home/yahboom/Desktop/S26_RobotProgramming_Crystal/Final_project/install/high_lvl_obj_detect/bin'
[2.773s] Level 1:colcon.colcon_core.environment:checking '/home/yahboom/Desktop/S26_RobotProgramming_Crystal/Final_project/install/high_lvl_obj_detect/lib/pkgconfig/high_lvl_obj_detect.pc'
[2.773s] Level 1:colcon.colcon_core.environment:checking '/home/yahboom/Desktop/S26_RobotProgramming_Crystal/Final_project/install/high_lvl_obj_detect/lib/python3.10/site-packages'
[2.773s] Level 1:colcon.colcon_core.shell:create_environment_hook('high_lvl_obj_detect', 'pythonpath')
[2.774s] INFO:colcon.colcon_core.shell:Creating environment hook '/home/yahboom/Desktop/S26_RobotProgramming_Crystal/Final_project/install/high_lvl_obj_detect/share/high_lvl_obj_detect/hook/pythonpath.ps1'
[2.775s] INFO:colcon.colcon_core.shell:Creating environment descriptor '/home/yahboom/Desktop/S26_RobotProgramming_Crystal/Final_project/install/high_lvl_obj_detect/share/high_lvl_obj_detect/hook/pythonpath.dsv'
[2.775s] INFO:colcon.colcon_core.shell:Creating environment hook '/home/yahboom/Desktop/S26_RobotProgramming_Crystal/Final_project/install/high_lvl_obj_detect/share/high_lvl_obj_detect/hook/pythonpath.sh'
[2.776s] Level 1:colcon.colcon_core.environment:checking '/home/yahboom/Desktop/S26_RobotProgramming_Crystal/Final_project/install/high_lvl_obj_detect/bin'
[2.776s] Level 1:colcon.colcon_core.environment:create_environment_scripts_only(high_lvl_obj_detect)
[2.776s] INFO:colcon.colcon_core.shell:Creating package script '/home/yahboom/Desktop/S26_RobotProgramming_Crystal/Final_project/install/high_lvl_obj_detect/share/high_lvl_obj_detect/package.ps1'
[2.777s] INFO:colcon.colcon_core.shell:Creating package descriptor '/home/yahboom/Desktop/S26_RobotProgramming_Crystal/Final_project/install/high_lvl_obj_detect/share/high_lvl_obj_detect/package.dsv'
[2.778s] INFO:colcon.colcon_core.shell:Creating package script '/home/yahboom/Desktop/S26_RobotProgramming_Crystal/Final_project/install/high_lvl_obj_detect/share/high_lvl_obj_detect/package.sh'
[2.779s] INFO:colcon.colcon_core.shell:Creating package script '/home/yahboom/Desktop/S26_RobotProgramming_Crystal/Final_project/install/high_lvl_obj_detect/share/high_lvl_obj_detect/package.bash'
[2.779s] INFO:colcon.colcon_core.shell:Creating package script '/home/yahboom/Desktop/S26_RobotProgramming_Crystal/Final_project/install/high_lvl_obj_detect/share/high_lvl_obj_detect/package.zsh'
[2.780s] Level 1:colcon.colcon_core.environment:create_file_with_runtime_dependencies(/home/yahboom/Desktop/S26_RobotProgramming_Crystal/Final_project/install/high_lvl_obj_detect/share/colcon-core/packages/high_lvl_obj_detect)
[2.781s] Level 1:colcon.colcon_core.environment:checking '/home/yahboom/Desktop/S26_RobotProgramming_Crystal/Final_project/install/raspbot_drive_control' for CMake module files
[2.782s] Level 1:colcon.colcon_core.environment:checking '/home/yahboom/Desktop/S26_RobotProgramming_Crystal/Final_project/install/raspbot_drive_control' for CMake config files
[2.782s] Level 1:colcon.colcon_core.environment:checking '/home/yahboom/Desktop/S26_RobotProgramming_Crystal/Final_project/install/raspbot_drive_control/lib'
[2.782s] Level 1:colcon.colcon_core.environment:checking '/home/yahboom/Desktop/S26_RobotProgramming_Crystal/Final_project/install/raspbot_drive_control/bin'
[2.782s] Level 1:colcon.colcon_core.environment:checking '/home/yahboom/Desktop/S26_RobotProgramming_Crystal/Final_project/install/raspbot_drive_control/lib/pkgconfig/raspbot_drive_control.pc'
[2.783s] Level 1:colcon.colcon_core.environment:checking '/home/yahboom/Desktop/S26_RobotProgramming_Crystal/Final_project/install/raspbot_drive_control/lib/python3.10/site-packages'
[2.783s] Level 1:colcon.colcon_core.shell:create_environment_hook('raspbot_drive_control', 'pythonpath')
[2.783s] INFO:colcon.colcon_core.shell:Creating environment hook '/home/yahboom/Desktop/S26_RobotProgramming_Crystal/Final_project/install/raspbot_drive_control/share/raspbot_drive_control/hook/pythonpath.ps1'
[2.784s] DEBUG:colcon.colcon_core.event_handler.log_command:Invoked command in '/home/yahboom/Desktop/S26_RobotProgramming_Crystal/Final_project/src/raspbot_drive_control' returned '0': PYTHONPATH=/home/yahboom/Desktop/S26_RobotProgramming_Crystal/Final_project/build/raspbot_drive_control/prefix_override:/home/yahboom/Desktop/S26_RobotProgramming_Crystal/Final_project/install/raspbot_drive_control/lib/python3.10/site-packages:${PYTHONPATH} /usr/bin/python3 -W ignore:setup.py install is deprecated setup.py egg_info --egg-base ../../build/raspbot_drive_control build --build-base /home/yahboom/Desktop/S26_RobotProgramming_Crystal/Final_project/build/raspbot_drive_control/build install --record /home/yahboom/Desktop/S26_RobotProgramming_Crystal/Final_project/build/raspbot_drive_control/install.log --single-version-externally-managed
[2.784s] INFO:colcon.colcon_core.shell:Creating environment descriptor '/home/yahboom/Desktop/S26_RobotProgramming_Crystal/Final_project/install/raspbot_drive_control/share/raspbot_drive_control/hook/pythonpath.dsv'
[2.785s] INFO:colcon.colcon_core.shell:Creating environment hook '/home/yahboom/Desktop/S26_RobotProgramming_Crystal/Final_project/install/raspbot_drive_control/share/raspbot_drive_control/hook/pythonpath.sh'
[2.786s] Level 1:colcon.colcon_core.environment:checking '/home/yahboom/Desktop/S26_RobotProgramming_Crystal/Final_project/install/raspbot_drive_control/bin'
[2.786s] Level 1:colcon.colcon_core.environment:create_environment_scripts_only(raspbot_drive_control)
[2.786s] INFO:colcon.colcon_core.shell:Creating package script '/home/yahboom/Desktop/S26_RobotProgramming_Crystal/Final_project/install/raspbot_drive_control/share/raspbot_drive_control/package.ps1'
[2.787s] INFO:colcon.colcon_core.shell:Creating package descriptor '/home/yahboom/Desktop/S26_RobotProgramming_Crystal/Final_project/install/raspbot_drive_control/share/raspbot_drive_control/package.dsv'
[2.787s] INFO:colcon.colcon_core.shell:Creating package script '/home/yahboom/Desktop/S26_RobotProgramming_Crystal/Final_project/install/raspbot_drive_control/share/raspbot_drive_control/package.sh'
[2.788s] INFO:colcon.colcon_core.shell:Creating package script '/home/yahboom/Desktop/S26_RobotProgramming_Crystal/Final_project/install/raspbot_drive_control/share/raspbot_drive_control/package.bash'
[2.789s] INFO:colcon.colcon_core.shell:Creating package script '/home/yahboom/Desktop/S26_RobotProgramming_Crystal/Final_project/install/raspbot_drive_control/share/raspbot_drive_control/package.zsh'
[2.789s] Level 1:colcon.colcon_core.environment:create_file_with_runtime_dependencies(/home/yahboom/Desktop/S26_RobotProgramming_Crystal/Final_project/install/raspbot_drive_control/share/colcon-core/packages/raspbot_drive_control)
[2.791s] Level 1:colcon.colcon_core.environment:checking '/home/yahboom/Desktop/S26_RobotProgramming_Crystal/Final_project/install/path_planning' for CMake module files
[2.792s] Level 1:colcon.colcon_core.environment:checking '/home/yahboom/Desktop/S26_RobotProgramming_Crystal/Final_project/install/path_planning' for CMake config files
[2.792s] DEBUG:colcon.colcon_core.event_handler.log_command:Invoked command in '/home/yahboom/Desktop/S26_RobotProgramming_Crystal/Final_project/src/path_planning' returned '0': PYTHONPATH=/home/yahboom/Desktop/S26_RobotProgramming_Crystal/Final_project/build/path_planning/prefix_override:/home/yahboom/Desktop/S26_RobotProgramming_Crystal/Final_project/install/path_planning/lib/python3.10/site-packages:${PYTHONPATH} /usr/bin/python3 -W ignore:setup.py install is deprecated setup.py egg_info --egg-base ../../build/path_planning build --build-base /home/yahboom/Desktop/S26_RobotProgramming_Crystal/Final_project/build/path_planning/build install --record /home/yahboom/Desktop/S26_RobotProgramming_Crystal/Final_project/build/path_planning/install.log --single-version-externally-managed install_data
[2.793s] Level 1:colcon.colcon_core.environment:checking '/home/yahboom/Desktop/S26_RobotProgramming_Crystal/Final_project/install/path_planning/lib'
[2.793s] Level 1:colcon.colcon_core.environment:checking '/home/yahboom/Desktop/S26_RobotProgramming_Crystal/Final_project/install/path_planning/bin'
[2.793s] Level 1:colcon.colcon_core.environment:checking '/home/yahboom/Desktop/S26_RobotProgramming_Crystal/Final_project/install/path_planning/lib/pkgconfig/path_planning.pc'
[2.793s] Level 1:colcon.colcon_core.environment:checking '/home/yahboom/Desktop/S26_RobotProgramming_Crystal/Final_project/install/path_planning/lib/python3.10/site-packages'
[2.793s] Level 1:colcon.colcon_core.shell:create_environment_hook('path_planning', 'pythonpath')
[2.793s] INFO:colcon.colcon_core.shell:Creating environment hook '/home/yahboom/Desktop/S26_RobotProgramming_Crystal/Final_project/install/path_planning/share/path_planning/hook/pythonpath.ps1'
[2.794s] INFO:colcon.colcon_core.shell:Creating environment descriptor '/home/yahboom/Desktop/S26_RobotProgramming_Crystal/Final_project/install/path_planning/share/path_planning/hook/pythonpath.dsv'
[2.795s] INFO:colcon.colcon_core.shell:Creating environment hook '/home/yahboom/Desktop/S26_RobotProgramming_Crystal/Final_project/install/path_planning/share/path_planning/hook/pythonpath.sh'
[2.796s] Level 1:colcon.colcon_core.environment:checking '/home/yahboom/Desktop/S26_RobotProgramming_Crystal/Final_project/install/path_planning/bin'
[2.796s] Level 1:colcon.colcon_core.environment:create_environment_scripts_only(path_planning)
[2.796s] INFO:colcon.colcon_core.shell:Creating package script '/home/yahboom/Desktop/S26_RobotProgramming_Crystal/Final_project/install/path_planning/share/path_planning/package.ps1'
[2.797s] INFO:colcon.colcon_core.shell:Creating package descriptor '/home/yahboom/Desktop/S26_RobotProgramming_Crystal/Final_project/install/path_planning/share/path_planning/package.dsv'
[2.798s] INFO:colcon.colcon_core.shell:Creating package script '/home/yahboom/Desktop/S26_RobotProgramming_Crystal/Final_project/install/path_planning/share/path_planning/package.sh'
[2.798s] INFO:colcon.colcon_core.shell:Creating package script '/home/yahboom/Desktop/S26_RobotProgramming_Crystal/Final_project/install/path_planning/share/path_planning/package.bash'
[2.799s] INFO:colcon.colcon_core.shell:Creating package script '/home/yahboom/Desktop/S26_RobotProgramming_Crystal/Final_project/install/path_planning/share/path_planning/package.zsh'
[2.799s] Level 1:colcon.colcon_core.environment:create_file_with_runtime_dependencies(/home/yahboom/Desktop/S26_RobotProgramming_Crystal/Final_project/install/path_planning/share/colcon-core/packages/path_planning)
[2.800s] DEBUG:colcon.colcon_parallel_executor.executor.parallel:closing loop
[2.800s] DEBUG:colcon.colcon_parallel_executor.executor.parallel:loop closed
[2.801s] DEBUG:colcon.colcon_parallel_executor.executor.parallel:run_until_complete finished with '0'
[2.801s] DEBUG:colcon.colcon_core.event_reactor:joining thread
[2.812s] INFO:colcon.colcon_core.plugin_system:Skipping extension 'colcon_notification.desktop_notification.terminal_notifier': Not used on non-Darwin systems
[2.812s] INFO:colcon.colcon_core.plugin_system:Skipping extension 'colcon_notification.desktop_notification.win32': Not used on non-Windows systems
[2.812s] INFO:colcon.colcon_notification.desktop_notification:Sending desktop notification using 'notify2'
[2.830s] DEBUG:colcon.colcon_core.event_reactor:joined thread
[2.831s] INFO:colcon.colcon_core.shell:Creating prefix script '/home/yahboom/Desktop/S26_RobotProgramming_Crystal/Final_project/install/local_setup.ps1'
[2.832s] INFO:colcon.colcon_core.shell:Creating prefix util module '/home/yahboom/Desktop/S26_RobotProgramming_Crystal/Final_project/install/_local_setup_util_ps1.py'
[2.834s] INFO:colcon.colcon_core.shell:Creating prefix chain script '/home/yahboom/Desktop/S26_RobotProgramming_Crystal/Final_project/install/setup.ps1'
[2.839s] INFO:colcon.colcon_core.shell:Creating prefix script '/home/yahboom/Desktop/S26_RobotProgramming_Crystal/Final_project/install/local_setup.sh'
[2.841s] INFO:colcon.colcon_core.shell:Creating prefix util module '/home/yahboom/Desktop/S26_RobotProgramming_Crystal/Final_project/install/_local_setup_util_sh.py'
[2.841s] INFO:colcon.colcon_core.shell:Creating prefix chain script '/home/yahboom/Desktop/S26_RobotProgramming_Crystal/Final_project/install/setup.sh'
[2.847s] INFO:colcon.colcon_core.shell:Creating prefix script '/home/yahboom/Desktop/S26_RobotProgramming_Crystal/Final_project/install/local_setup.bash'
[2.848s] INFO:colcon.colcon_core.shell:Creating prefix chain script '/home/yahboom/Desktop/S26_RobotProgramming_Crystal/Final_project/install/setup.bash'
[2.853s] INFO:colcon.colcon_core.shell:Creating prefix script '/home/yahboom/Desktop/S26_RobotProgramming_Crystal/Final_project/install/local_setup.zsh'
[2.854s] INFO:colcon.colcon_core.shell:Creating prefix chain script '/home/yahboom/Desktop/S26_RobotProgramming_Crystal/Final_project/install/setup.zsh'
