[5.433s] Invoking command in '/home/yahboom/Desktop/S26_RobotProgramming_Crystal/Final_project/src/high_lvl_obj_detect': PYTHONPATH=/home/yahboom/Desktop/S26_RobotProgramming_Crystal/Final_project/build/high_lvl_obj_detect/prefix_override:/home/yahboom/Desktop/S26_RobotProgramming_Crystal/Final_project/install/high_lvl_obj_detect/lib/python3.10/site-packages:${PYTHONPATH} /usr/bin/python3 -W ignore:setup.py install is deprecated setup.py egg_info --egg-base ../../build/high_lvl_obj_detect build --build-base /home/yahboom/Desktop/S26_RobotProgramming_Crystal/Final_project/build/high_lvl_obj_detect/build install --record /home/yahboom/Desktop/S26_RobotProgramming_Crystal/Final_project/build/high_lvl_obj_detect/install.log --single-version-externally-managed install_data
[6.354s] running egg_info
[6.356s] writing ../../build/high_lvl_obj_detect/high_lvl_obj_detect.egg-info/PKG-INFO
[6.361s] writing dependency_links to ../../build/high_lvl_obj_detect/high_lvl_obj_detect.egg-info/dependency_links.txt
[6.363s] writing entry points to ../../build/high_lvl_obj_detect/high_lvl_obj_detect.egg-info/entry_points.txt
[6.364s] writing requirements to ../../build/high_lvl_obj_detect/high_lvl_obj_detect.egg-info/requires.txt
[6.365s] writing top-level names to ../../build/high_lvl_obj_detect/high_lvl_obj_detect.egg-info/top_level.txt
[6.373s] reading manifest file '../../build/high_lvl_obj_detect/high_lvl_obj_detect.egg-info/SOURCES.txt'
[6.374s] writing manifest file '../../build/high_lvl_obj_detect/high_lvl_obj_detect.egg-info/SOURCES.txt'
[6.378s] running build
[6.378s] running build_py
[6.379s] running install
[6.379s] running install_lib
[6.387s] running install_data
[6.387s] running install_egg_info
[6.392s] removing '/home/yahboom/Desktop/S26_RobotProgramming_Crystal/Final_project/install/high_lvl_obj_detect/lib/python3.10/site-packages/high_lvl_obj_detect-0.0.0-py3.10.egg-info' (and everything under it)
[6.393s] Copying ../../build/high_lvl_obj_detect/high_lvl_obj_detect.egg-info to /home/yahboom/Desktop/S26_RobotProgramming_Crystal/Final_project/install/high_lvl_obj_detect/lib/python3.10/site-packages/high_lvl_obj_detect-0.0.0-py3.10.egg-info
[6.399s] running install_scripts
[6.481s] writing list of installed files to '/home/yahboom/Desktop/S26_RobotProgramming_Crystal/Final_project/build/high_lvl_obj_detect/install.log'
[6.586s] Invoked command in '/home/yahboom/Desktop/S26_RobotProgramming_Crystal/Final_project/src/high_lvl_obj_detect' returned '0': PYTHONPATH=/home/yahboom/Desktop/S26_RobotProgramming_Crystal/Final_project/build/high_lvl_obj_detect/prefix_override:/home/yahboom/Desktop/S26_RobotProgramming_Crystal/Final_project/install/high_lvl_obj_detect/lib/python3.10/site-packages:${PYTHONPATH} /usr/bin/python3 -W ignore:setup.py install is deprecated setup.py egg_info --egg-base ../../build/high_lvl_obj_detect build --build-base /home/yahboom/Desktop/S26_RobotProgramming_Crystal/Final_project/build/high_lvl_obj_detect/build install --record /home/yahboom/Desktop/S26_RobotProgramming_Crystal/Final_project/build/high_lvl_obj_detect/install.log --single-version-externally-managed install_data
