[0.767s] Invoking command in '/home/yahboom/Desktop/S26_RobotProgramming_Crystal/lab7/Ebinger/roscourse_sim_ws/src/my_robot': PYTHONPATH=/home/yahboom/Desktop/S26_RobotProgramming_Crystal/lab7/Ebinger/roscourse_sim_ws/build/my_robot/prefix_override:/home/yahboom/Desktop/S26_RobotProgramming_Crystal/lab7/Ebinger/roscourse_sim_ws/install/my_robot/lib/python3.10/site-packages:${PYTHONPATH} /usr/bin/python3 -W ignore:setup.py install is deprecated setup.py egg_info --egg-base ../../build/my_robot build --build-base /home/yahboom/Desktop/S26_RobotProgramming_Crystal/lab7/Ebinger/roscourse_sim_ws/build/my_robot/build install --record /home/yahboom/Desktop/S26_RobotProgramming_Crystal/lab7/Ebinger/roscourse_sim_ws/build/my_robot/install.log --single-version-externally-managed install_data
[1.027s] running egg_info
[1.028s] writing ../../build/my_robot/my_robot.egg-info/PKG-INFO
[1.029s] writing dependency_links to ../../build/my_robot/my_robot.egg-info/dependency_links.txt
[1.030s] writing entry points to ../../build/my_robot/my_robot.egg-info/entry_points.txt
[1.031s] writing requirements to ../../build/my_robot/my_robot.egg-info/requires.txt
[1.031s] writing top-level names to ../../build/my_robot/my_robot.egg-info/top_level.txt
[1.036s] reading manifest file '../../build/my_robot/my_robot.egg-info/SOURCES.txt'
[1.040s] writing manifest file '../../build/my_robot/my_robot.egg-info/SOURCES.txt'
[1.040s] running build
[1.040s] running build_py
[1.042s] running install
[1.042s] running install_lib
[1.054s] running install_data
[1.055s] copying launch/my_robot_gazebo_rviz.launch.py -> /home/yahboom/Desktop/S26_RobotProgramming_Crystal/lab7/Ebinger/roscourse_sim_ws/install/my_robot/share/my_robot/launch
[1.055s] running install_egg_info
[1.061s] removing '/home/yahboom/Desktop/S26_RobotProgramming_Crystal/lab7/Ebinger/roscourse_sim_ws/install/my_robot/lib/python3.10/site-packages/my_robot-0.0.0-py3.10.egg-info' (and everything under it)
[1.062s] Copying ../../build/my_robot/my_robot.egg-info to /home/yahboom/Desktop/S26_RobotProgramming_Crystal/lab7/Ebinger/roscourse_sim_ws/install/my_robot/lib/python3.10/site-packages/my_robot-0.0.0-py3.10.egg-info
[1.065s] running install_scripts
[1.081s] writing list of installed files to '/home/yahboom/Desktop/S26_RobotProgramming_Crystal/lab7/Ebinger/roscourse_sim_ws/build/my_robot/install.log'
[1.095s] Invoked command in '/home/yahboom/Desktop/S26_RobotProgramming_Crystal/lab7/Ebinger/roscourse_sim_ws/src/my_robot' returned '0': PYTHONPATH=/home/yahboom/Desktop/S26_RobotProgramming_Crystal/lab7/Ebinger/roscourse_sim_ws/build/my_robot/prefix_override:/home/yahboom/Desktop/S26_RobotProgramming_Crystal/lab7/Ebinger/roscourse_sim_ws/install/my_robot/lib/python3.10/site-packages:${PYTHONPATH} /usr/bin/python3 -W ignore:setup.py install is deprecated setup.py egg_info --egg-base ../../build/my_robot build --build-base /home/yahboom/Desktop/S26_RobotProgramming_Crystal/lab7/Ebinger/roscourse_sim_ws/build/my_robot/build install --record /home/yahboom/Desktop/S26_RobotProgramming_Crystal/lab7/Ebinger/roscourse_sim_ws/build/my_robot/install.log --single-version-externally-managed install_data
