[1.044s] Invoking command in '/home/yahboom/roscourse_ws/src/webcam': PYTHONPATH=/home/yahboom/roscourse_ws/src/build/webcam/prefix_override:/home/yahboom/roscourse_ws/src/install/webcam/lib/python3.10/site-packages:${PYTHONPATH} /usr/bin/python3 -W ignore:setup.py install is deprecated setup.py egg_info --egg-base ../build/webcam build --build-base /home/yahboom/roscourse_ws/src/build/webcam/build install --record /home/yahboom/roscourse_ws/src/build/webcam/install.log --single-version-externally-managed install_data
[1.331s] running egg_info
[1.332s] writing ../build/webcam/webcam.egg-info/PKG-INFO
[1.333s] writing dependency_links to ../build/webcam/webcam.egg-info/dependency_links.txt
[1.333s] writing entry points to ../build/webcam/webcam.egg-info/entry_points.txt
[1.334s] writing requirements to ../build/webcam/webcam.egg-info/requires.txt
[1.334s] writing top-level names to ../build/webcam/webcam.egg-info/top_level.txt
[1.336s] reading manifest file '../build/webcam/webcam.egg-info/SOURCES.txt'
[1.338s] writing manifest file '../build/webcam/webcam.egg-info/SOURCES.txt'
[1.339s] running build
[1.339s] running build_py
[1.339s] running install
[1.339s] running install_lib
[1.342s] running install_data
[1.342s] running install_egg_info
[1.344s] removing '/home/yahboom/roscourse_ws/src/install/webcam/lib/python3.10/site-packages/webcam-0.0.0-py3.10.egg-info' (and everything under it)
[1.345s] Copying ../build/webcam/webcam.egg-info to /home/yahboom/roscourse_ws/src/install/webcam/lib/python3.10/site-packages/webcam-0.0.0-py3.10.egg-info
[1.346s] running install_scripts
[1.369s] Installing webcam_pub script to /home/yahboom/roscourse_ws/src/install/webcam/lib/webcam
[1.370s] Installing webcam_sub script to /home/yahboom/roscourse_ws/src/install/webcam/lib/webcam
[1.371s] writing list of installed files to '/home/yahboom/roscourse_ws/src/build/webcam/install.log'
[1.404s] Invoked command in '/home/yahboom/roscourse_ws/src/webcam' returned '0': PYTHONPATH=/home/yahboom/roscourse_ws/src/build/webcam/prefix_override:/home/yahboom/roscourse_ws/src/install/webcam/lib/python3.10/site-packages:${PYTHONPATH} /usr/bin/python3 -W ignore:setup.py install is deprecated setup.py egg_info --egg-base ../build/webcam build --build-base /home/yahboom/roscourse_ws/src/build/webcam/build install --record /home/yahboom/roscourse_ws/src/build/webcam/install.log --single-version-externally-managed install_data
