[0.598s] Invoking command in '/home/yahboom/Desktop/roscourse_sim_ws/src/my_robot': PYTHONPATH=/home/yahboom/Desktop/roscourse_sim_ws/build/my_robot/prefix_override:/home/yahboom/Desktop/roscourse_sim_ws/install/my_robot/lib/python3.10/site-packages:${PYTHONPATH} /usr/bin/python3 -W ignore:setup.py install is deprecated setup.py egg_info --egg-base ../../build/my_robot build --build-base /home/yahboom/Desktop/roscourse_sim_ws/build/my_robot/build install --record /home/yahboom/Desktop/roscourse_sim_ws/build/my_robot/install.log --single-version-externally-managed install_data
[0.821s] running egg_info
[0.821s] writing ../../build/my_robot/my_robot.egg-info/PKG-INFO
[0.822s] writing dependency_links to ../../build/my_robot/my_robot.egg-info/dependency_links.txt
[0.822s] writing entry points to ../../build/my_robot/my_robot.egg-info/entry_points.txt
[0.822s] writing requirements to ../../build/my_robot/my_robot.egg-info/requires.txt
[0.822s] writing top-level names to ../../build/my_robot/my_robot.egg-info/top_level.txt
[0.823s] reading manifest file '../../build/my_robot/my_robot.egg-info/SOURCES.txt'
[0.827s] writing manifest file '../../build/my_robot/my_robot.egg-info/SOURCES.txt'
[0.827s] running build
[0.827s] running build_py
[0.827s] running install
[0.827s] running install_lib
[0.829s] running install_data
[0.830s] copying urdf/my_robot.urdf -> /home/yahboom/Desktop/roscourse_sim_ws/install/my_robot/share/my_robot
[0.830s] creating /home/yahboom/Desktop/roscourse_sim_ws/install/my_robot/share/my_robot/launch
[0.830s] copying launch/my_robot_rviz.launch.py -> /home/yahboom/Desktop/roscourse_sim_ws/install/my_robot/share/my_robot/launch
[0.830s] copying rviz/my_robot.rviz -> /home/yahboom/Desktop/roscourse_sim_ws/install/my_robot/share/my_robot
[0.830s] running install_egg_info
[0.831s] removing '/home/yahboom/Desktop/roscourse_sim_ws/install/my_robot/lib/python3.10/site-packages/my_robot-0.0.0-py3.10.egg-info' (and everything under it)
[0.832s] Copying ../../build/my_robot/my_robot.egg-info to /home/yahboom/Desktop/roscourse_sim_ws/install/my_robot/lib/python3.10/site-packages/my_robot-0.0.0-py3.10.egg-info
[0.832s] running install_scripts
[0.851s] writing list of installed files to '/home/yahboom/Desktop/roscourse_sim_ws/build/my_robot/install.log'
[0.866s] Invoked command in '/home/yahboom/Desktop/roscourse_sim_ws/src/my_robot' returned '0': PYTHONPATH=/home/yahboom/Desktop/roscourse_sim_ws/build/my_robot/prefix_override:/home/yahboom/Desktop/roscourse_sim_ws/install/my_robot/lib/python3.10/site-packages:${PYTHONPATH} /usr/bin/python3 -W ignore:setup.py install is deprecated setup.py egg_info --egg-base ../../build/my_robot build --build-base /home/yahboom/Desktop/roscourse_sim_ws/build/my_robot/build install --record /home/yahboom/Desktop/roscourse_sim_ws/build/my_robot/install.log --single-version-externally-managed install_data
