[0.511s] DEBUG:colcon:Command line arguments: ['/usr/bin/colcon', 'build']
[0.512s] DEBUG:colcon:Parsed command line arguments: Namespace(log_base=None, log_level=None, verb_name='build', build_base='build', install_base='install', merge_install=False, symlink_install=False, test_result_base=None, continue_on_error=False, executor='parallel', parallel_workers=4, event_handlers=None, ignore_user_meta=False, metas=['./colcon.meta'], base_paths=['.'], packages_ignore=None, packages_ignore_regex=None, paths=None, packages_up_to=None, packages_up_to_regex=None, packages_above=None, packages_above_and_dependencies=None, packages_above_depth=None, packages_select_by_dep=None, packages_skip_by_dep=None, packages_skip_up_to=None, packages_select_build_failed=False, packages_skip_build_finished=False, packages_select_test_failures=False, packages_skip_test_passed=False, packages_select=None, packages_skip=None, packages_select_regex=None, packages_skip_regex=None, packages_start=None, packages_end=None, allow_overriding=[], cmake_args=None, cmake_target=None, cmake_target_skip_unavailable=False, cmake_clean_cache=False, cmake_clean_first=False, cmake_force_configure=False, ament_cmake_args=None, catkin_cmake_args=None, catkin_skip_building_tests=False, verb_parser=<colcon_defaults.argument_parser.defaults.DefaultArgumentsDecorator object at 0x740aa173b430>, verb_extension=<colcon_core.verb.build.BuildVerb object at 0x740aa173af20>, main=<bound method BuildVerb.main of <colcon_core.verb.build.BuildVerb object at 0x740aa173af20>>)
[1.253s] Level 1:colcon.colcon_core.package_discovery:discover_packages(colcon_meta) check parameters
[1.254s] Level 1:colcon.colcon_core.package_discovery:discover_packages(recursive) check parameters
[1.254s] Level 1:colcon.colcon_core.package_discovery:discover_packages(ignore) check parameters
[1.254s] Level 1:colcon.colcon_core.package_discovery:discover_packages(path) check parameters
[1.254s] Level 1:colcon.colcon_core.package_discovery:discover_packages(colcon_meta) discover
[1.254s] Level 1:colcon.colcon_core.package_discovery:discover_packages(recursive) discover
[1.254s] INFO:colcon.colcon_core.package_discovery:Crawling recursively for packages in '/home/yahboom/Desktop/S26_RobotProgramming_Crystal/Final_project'
[1.254s] Level 1:colcon.colcon_core.package_identification:_identify(.) by extensions ['ignore', 'ignore_ament_install']
[1.254s] Level 1:colcon.colcon_core.package_identification:_identify(.) by extension 'ignore'
[1.255s] Level 1:colcon.colcon_core.package_identification:_identify(.) by extension 'ignore_ament_install'
[1.255s] Level 1:colcon.colcon_core.package_identification:_identify(.) by extensions ['colcon_pkg']
[1.255s] Level 1:colcon.colcon_core.package_identification:_identify(.) by extension 'colcon_pkg'
[1.255s] Level 1:colcon.colcon_core.package_identification:_identify(.) by extensions ['colcon_meta']
[1.255s] Level 1:colcon.colcon_core.package_identification:_identify(.) by extension 'colcon_meta'
[1.255s] Level 1:colcon.colcon_core.package_identification:_identify(.) by extensions ['ros']
[1.255s] Level 1:colcon.colcon_core.package_identification:_identify(.) by extension 'ros'
[1.297s] Level 1:colcon.colcon_core.package_identification:_identify(.) by extensions ['cmake', 'python']
[1.297s] Level 1:colcon.colcon_core.package_identification:_identify(.) by extension 'cmake'
[1.297s] Level 1:colcon.colcon_core.package_identification:_identify(.) by extension 'python'
[1.297s] Level 1:colcon.colcon_core.package_identification:_identify(.) by extensions ['python_setup_py']
[1.297s] Level 1:colcon.colcon_core.package_identification:_identify(.) by extension 'python_setup_py'
[1.297s] Level 1:colcon.colcon_core.package_identification:_identify(build) by extensions ['ignore', 'ignore_ament_install']
[1.298s] Level 1:colcon.colcon_core.package_identification:_identify(build) by extension 'ignore'
[1.298s] Level 1:colcon.colcon_core.package_identification:_identify(build) ignored
[1.298s] Level 1:colcon.colcon_core.package_identification:_identify(install) by extensions ['ignore', 'ignore_ament_install']
[1.298s] Level 1:colcon.colcon_core.package_identification:_identify(install) by extension 'ignore'
[1.299s] Level 1:colcon.colcon_core.package_identification:_identify(install) ignored
[1.299s] Level 1:colcon.colcon_core.package_identification:_identify(log) by extensions ['ignore', 'ignore_ament_install']
[1.299s] Level 1:colcon.colcon_core.package_identification:_identify(log) by extension 'ignore'
[1.299s] Level 1:colcon.colcon_core.package_identification:_identify(log) ignored
[1.299s] Level 1:colcon.colcon_core.package_identification:_identify(src) by extensions ['ignore', 'ignore_ament_install']
[1.299s] Level 1:colcon.colcon_core.package_identification:_identify(src) by extension 'ignore'
[1.300s] Level 1:colcon.colcon_core.package_identification:_identify(src) by extension 'ignore_ament_install'
[1.300s] Level 1:colcon.colcon_core.package_identification:_identify(src) by extensions ['colcon_pkg']
[1.300s] Level 1:colcon.colcon_core.package_identification:_identify(src) by extension 'colcon_pkg'
[1.300s] Level 1:colcon.colcon_core.package_identification:_identify(src) by extensions ['colcon_meta']
[1.300s] Level 1:colcon.colcon_core.package_identification:_identify(src) by extension 'colcon_meta'
[1.300s] Level 1:colcon.colcon_core.package_identification:_identify(src) by extensions ['ros']
[1.300s] Level 1:colcon.colcon_core.package_identification:_identify(src) by extension 'ros'
[1.300s] Level 1:colcon.colcon_core.package_identification:_identify(src) by extensions ['cmake', 'python']
[1.300s] Level 1:colcon.colcon_core.package_identification:_identify(src) by extension 'cmake'
[1.301s] Level 1:colcon.colcon_core.package_identification:_identify(src) by extension 'python'
[1.301s] Level 1:colcon.colcon_core.package_identification:_identify(src) by extensions ['python_setup_py']
[1.301s] Level 1:colcon.colcon_core.package_identification:_identify(src) by extension 'python_setup_py'
[1.301s] Level 1:colcon.colcon_core.package_identification:_identify(src/high_lvl_obj_detect) by extensions ['ignore', 'ignore_ament_install']
[1.301s] Level 1:colcon.colcon_core.package_identification:_identify(src/high_lvl_obj_detect) by extension 'ignore'
[1.301s] Level 1:colcon.colcon_core.package_identification:_identify(src/high_lvl_obj_detect) by extension 'ignore_ament_install'
[1.301s] Level 1:colcon.colcon_core.package_identification:_identify(src/high_lvl_obj_detect) by extensions ['colcon_pkg']
[1.301s] Level 1:colcon.colcon_core.package_identification:_identify(src/high_lvl_obj_detect) by extension 'colcon_pkg'
[1.302s] Level 1:colcon.colcon_core.package_identification:_identify(src/high_lvl_obj_detect) by extensions ['colcon_meta']
[1.302s] Level 1:colcon.colcon_core.package_identification:_identify(src/high_lvl_obj_detect) by extension 'colcon_meta'
[1.302s] Level 1:colcon.colcon_core.package_identification:_identify(src/high_lvl_obj_detect) by extensions ['ros']
[1.302s] Level 1:colcon.colcon_core.package_identification:_identify(src/high_lvl_obj_detect) by extension 'ros'
[1.312s] DEBUG:colcon.colcon_core.package_identification:Package 'src/high_lvl_obj_detect' with type 'ros.ament_python' and name 'high_lvl_obj_detect'
[1.313s] Level 1:colcon.colcon_core.package_identification:_identify(src/low_lvl_obj_detect) by extensions ['ignore', 'ignore_ament_install']
[1.313s] Level 1:colcon.colcon_core.package_identification:_identify(src/low_lvl_obj_detect) by extension 'ignore'
[1.313s] Level 1:colcon.colcon_core.package_identification:_identify(src/low_lvl_obj_detect) by extension 'ignore_ament_install'
[1.313s] Level 1:colcon.colcon_core.package_identification:_identify(src/low_lvl_obj_detect) by extensions ['colcon_pkg']
[1.313s] Level 1:colcon.colcon_core.package_identification:_identify(src/low_lvl_obj_detect) by extension 'colcon_pkg'
[1.314s] Level 1:colcon.colcon_core.package_identification:_identify(src/low_lvl_obj_detect) by extensions ['colcon_meta']
[1.314s] Level 1:colcon.colcon_core.package_identification:_identify(src/low_lvl_obj_detect) by extension 'colcon_meta'
[1.314s] Level 1:colcon.colcon_core.package_identification:_identify(src/low_lvl_obj_detect) by extensions ['ros']
[1.314s] Level 1:colcon.colcon_core.package_identification:_identify(src/low_lvl_obj_detect) by extension 'ros'
[1.315s] DEBUG:colcon.colcon_core.package_identification:Package 'src/low_lvl_obj_detect' with type 'ros.ament_python' and name 'low_lvl_obj_detect'
[1.315s] Level 1:colcon.colcon_core.package_identification:_identify(src/path_planning) by extensions ['ignore', 'ignore_ament_install']
[1.316s] Level 1:colcon.colcon_core.package_identification:_identify(src/path_planning) by extension 'ignore'
[1.316s] Level 1:colcon.colcon_core.package_identification:_identify(src/path_planning) by extension 'ignore_ament_install'
[1.316s] Level 1:colcon.colcon_core.package_identification:_identify(src/path_planning) by extensions ['colcon_pkg']
[1.316s] Level 1:colcon.colcon_core.package_identification:_identify(src/path_planning) by extension 'colcon_pkg'
[1.316s] Level 1:colcon.colcon_core.package_identification:_identify(src/path_planning) by extensions ['colcon_meta']
[1.316s] Level 1:colcon.colcon_core.package_identification:_identify(src/path_planning) by extension 'colcon_meta'
[1.316s] Level 1:colcon.colcon_core.package_identification:_identify(src/path_planning) by extensions ['ros']
[1.316s] Level 1:colcon.colcon_core.package_identification:_identify(src/path_planning) by extension 'ros'
[1.318s] DEBUG:colcon.colcon_core.package_identification:Package 'src/path_planning' with type 'ros.ament_python' and name 'path_planning'
[1.318s] Level 1:colcon.colcon_core.package_identification:_identify(src/raspbot_drive_control) by extensions ['ignore', 'ignore_ament_install']
[1.318s] Level 1:colcon.colcon_core.package_identification:_identify(src/raspbot_drive_control) by extension 'ignore'
[1.318s] Level 1:colcon.colcon_core.package_identification:_identify(src/raspbot_drive_control) by extension 'ignore_ament_install'
[1.319s] Level 1:colcon.colcon_core.package_identification:_identify(src/raspbot_drive_control) by extensions ['colcon_pkg']
[1.319s] Level 1:colcon.colcon_core.package_identification:_identify(src/raspbot_drive_control) by extension 'colcon_pkg'
[1.319s] Level 1:colcon.colcon_core.package_identification:_identify(src/raspbot_drive_control) by extensions ['colcon_meta']
[1.319s] Level 1:colcon.colcon_core.package_identification:_identify(src/raspbot_drive_control) by extension 'colcon_meta'
[1.319s] Level 1:colcon.colcon_core.package_identification:_identify(src/raspbot_drive_control) by extensions ['ros']
[1.319s] Level 1:colcon.colcon_core.package_identification:_identify(src/raspbot_drive_control) by extension 'ros'
[1.320s] DEBUG:colcon.colcon_core.package_identification:Package 'src/raspbot_drive_control' with type 'ros.ament_python' and name 'raspbot_drive_control'
[1.320s] Level 1:colcon.colcon_core.package_discovery:discover_packages(recursive) using defaults
[1.320s] Level 1:colcon.colcon_core.package_discovery:discover_packages(ignore) discover
[1.320s] Level 1:colcon.colcon_core.package_discovery:discover_packages(ignore) using defaults
[1.320s] Level 1:colcon.colcon_core.package_discovery:discover_packages(path) discover
[1.321s] Level 1:colcon.colcon_core.package_discovery:discover_packages(path) using defaults
[1.425s] Level 1:colcon.colcon_core.package_discovery:discover_packages(prefix_path) check parameters
[1.425s] Level 1:colcon.colcon_core.package_discovery:discover_packages(prefix_path) discover
[1.441s] DEBUG:colcon.colcon_installed_package_information.package_discovery:Found 4 installed packages in /home/yahboom/Desktop/S26_RobotProgramming_Crystal/Final_project/install
[1.443s] DEBUG:colcon.colcon_installed_package_information.package_discovery:Found 19 installed packages in /home/yahboom/yahboomcar_ws/install
[1.444s] DEBUG:colcon.colcon_installed_package_information.package_discovery:Found 2 installed packages in /home/yahboom/gmapping_ws/install
[1.454s] DEBUG:colcon.colcon_installed_package_information.package_discovery:Found 76 installed packages in /home/yahboom/cartoros2/install
[1.464s] DEBUG:colcon.colcon_installed_package_information.package_discovery:Found 376 installed packages in /opt/ros/humble
[1.481s] Level 1:colcon.colcon_core.package_discovery:discover_packages(prefix_path) using defaults
[1.677s] Level 5:colcon.colcon_core.verb:set package 'high_lvl_obj_detect' build argument 'cmake_args' from command line to 'None'
[1.677s] Level 5:colcon.colcon_core.verb:set package 'high_lvl_obj_detect' build argument 'cmake_target' from command line to 'None'
[1.677s] Level 5:colcon.colcon_core.verb:set package 'high_lvl_obj_detect' build argument 'cmake_target_skip_unavailable' from command line to 'False'
[1.678s] Level 5:colcon.colcon_core.verb:set package 'high_lvl_obj_detect' build argument 'cmake_clean_cache' from command line to 'False'
[1.678s] Level 5:colcon.colcon_core.verb:set package 'high_lvl_obj_detect' build argument 'cmake_clean_first' from command line to 'False'
[1.678s] Level 5:colcon.colcon_core.verb:set package 'high_lvl_obj_detect' build argument 'cmake_force_configure' from command line to 'False'
[1.678s] Level 5:colcon.colcon_core.verb:set package 'high_lvl_obj_detect' build argument 'ament_cmake_args' from command line to 'None'
[1.678s] Level 5:colcon.colcon_core.verb:set package 'high_lvl_obj_detect' build argument 'catkin_cmake_args' from command line to 'None'
[1.678s] Level 5:colcon.colcon_core.verb:set package 'high_lvl_obj_detect' build argument 'catkin_skip_building_tests' from command line to 'False'
[1.678s] DEBUG:colcon.colcon_core.verb:Building package 'high_lvl_obj_detect' with the following arguments: {'ament_cmake_args': None, 'build_base': '/home/yahboom/Desktop/S26_RobotProgramming_Crystal/Final_project/build/high_lvl_obj_detect', 'catkin_cmake_args': None, 'catkin_skip_building_tests': False, 'cmake_args': None, 'cmake_clean_cache': False, 'cmake_clean_first': False, 'cmake_force_configure': False, 'cmake_target': None, 'cmake_target_skip_unavailable': False, 'install_base': '/home/yahboom/Desktop/S26_RobotProgramming_Crystal/Final_project/install/high_lvl_obj_detect', 'merge_install': False, 'path': '/home/yahboom/Desktop/S26_RobotProgramming_Crystal/Final_project/src/high_lvl_obj_detect', 'symlink_install': False, 'test_result_base': None}
[1.679s] Level 5:colcon.colcon_core.verb:set package 'low_lvl_obj_detect' build argument 'cmake_args' from command line to 'None'
[1.679s] Level 5:colcon.colcon_core.verb:set package 'low_lvl_obj_detect' build argument 'cmake_target' from command line to 'None'
[1.679s] Level 5:colcon.colcon_core.verb:set package 'low_lvl_obj_detect' build argument 'cmake_target_skip_unavailable' from command line to 'False'
[1.679s] Level 5:colcon.colcon_core.verb:set package 'low_lvl_obj_detect' build argument 'cmake_clean_cache' from command line to 'False'
[1.679s] Level 5:colcon.colcon_core.verb:set package 'low_lvl_obj_detect' build argument 'cmake_clean_first' from command line to 'False'
[1.679s] Level 5:colcon.colcon_core.verb:set package 'low_lvl_obj_detect' build argument 'cmake_force_configure' from command line to 'False'
[1.679s] Level 5:colcon.colcon_core.verb:set package 'low_lvl_obj_detect' build argument 'ament_cmake_args' from command line to 'None'
[1.679s] Level 5:colcon.colcon_core.verb:set package 'low_lvl_obj_detect' build argument 'catkin_cmake_args' from command line to 'None'
[1.679s] Level 5:colcon.colcon_core.verb:set package 'low_lvl_obj_detect' build argument 'catkin_skip_building_tests' from command line to 'False'
[1.679s] DEBUG:colcon.colcon_core.verb:Building package 'low_lvl_obj_detect' with the following arguments: {'ament_cmake_args': None, 'build_base': '/home/yahboom/Desktop/S26_RobotProgramming_Crystal/Final_project/build/low_lvl_obj_detect', 'catkin_cmake_args': None, 'catkin_skip_building_tests': False, 'cmake_args': None, 'cmake_clean_cache': False, 'cmake_clean_first': False, 'cmake_force_configure': False, 'cmake_target': None, 'cmake_target_skip_unavailable': False, 'install_base': '/home/yahboom/Desktop/S26_RobotProgramming_Crystal/Final_project/install/low_lvl_obj_detect', 'merge_install': False, 'path': '/home/yahboom/Desktop/S26_RobotProgramming_Crystal/Final_project/src/low_lvl_obj_detect', 'symlink_install': False, 'test_result_base': None}
[1.680s] Level 5:colcon.colcon_core.verb:set package 'path_planning' build argument 'cmake_args' from command line to 'None'
[1.680s] Level 5:colcon.colcon_core.verb:set package 'path_planning' build argument 'cmake_target' from command line to 'None'
[1.680s] Level 5:colcon.colcon_core.verb:set package 'path_planning' build argument 'cmake_target_skip_unavailable' from command line to 'False'
[1.680s] Level 5:colcon.colcon_core.verb:set package 'path_planning' build argument 'cmake_clean_cache' from command line to 'False'
[1.681s] Level 5:colcon.colcon_core.verb:set package 'path_planning' build argument 'cmake_clean_first' from command line to 'False'
[1.681s] Level 5:colcon.colcon_core.verb:set package 'path_planning' build argument 'cmake_force_configure' from command line to 'False'
[1.681s] Level 5:colcon.colcon_core.verb:set package 'path_planning' build argument 'ament_cmake_args' from command line to 'None'
[1.681s] Level 5:colcon.colcon_core.verb:set package 'path_planning' build argument 'catkin_cmake_args' from command line to 'None'
[1.681s] Level 5:colcon.colcon_core.verb:set package 'path_planning' build argument 'catkin_skip_building_tests' from command line to 'False'
[1.681s] DEBUG:colcon.colcon_core.verb:Building package 'path_planning' with the following arguments: {'ament_cmake_args': None, 'build_base': '/home/yahboom/Desktop/S26_RobotProgramming_Crystal/Final_project/build/path_planning', 'catkin_cmake_args': None, 'catkin_skip_building_tests': False, 'cmake_args': None, 'cmake_clean_cache': False, 'cmake_clean_first': False, 'cmake_force_configure': False, 'cmake_target': None, 'cmake_target_skip_unavailable': False, 'install_base': '/home/yahboom/Desktop/S26_RobotProgramming_Crystal/Final_project/install/path_planning', 'merge_install': False, 'path': '/home/yahboom/Desktop/S26_RobotProgramming_Crystal/Final_project/src/path_planning', 'symlink_install': False, 'test_result_base': None}
[1.682s] Level 5:colcon.colcon_core.verb:set package 'raspbot_drive_control' build argument 'cmake_args' from command line to 'None'
[1.682s] Level 5:colcon.colcon_core.verb:set package 'raspbot_drive_control' build argument 'cmake_target' from command line to 'None'
[1.682s] Level 5:colcon.colcon_core.verb:set package 'raspbot_drive_control' build argument 'cmake_target_skip_unavailable' from command line to 'False'
[1.682s] Level 5:colcon.colcon_core.verb:set package 'raspbot_drive_control' build argument 'cmake_clean_cache' from command line to 'False'
[1.682s] Level 5:colcon.colcon_core.verb:set package 'raspbot_drive_control' build argument 'cmake_clean_first' from command line to 'False'
[1.682s] Level 5:colcon.colcon_core.verb:set package 'raspbot_drive_control' build argument 'cmake_force_configure' from command line to 'False'
[1.682s] Level 5:colcon.colcon_core.verb:set package 'raspbot_drive_control' build argument 'ament_cmake_args' from command line to 'None'
[1.683s] Level 5:colcon.colcon_core.verb:set package 'raspbot_drive_control' build argument 'catkin_cmake_args' from command line to 'None'
[1.683s] Level 5:colcon.colcon_core.verb:set package 'raspbot_drive_control' build argument 'catkin_skip_building_tests' from command line to 'False'
[1.683s] DEBUG:colcon.colcon_core.verb:Building package 'raspbot_drive_control' with the following arguments: {'ament_cmake_args': None, 'build_base': '/home/yahboom/Desktop/S26_RobotProgramming_Crystal/Final_project/build/raspbot_drive_control', 'catkin_cmake_args': None, 'catkin_skip_building_tests': False, 'cmake_args': None, 'cmake_clean_cache': False, 'cmake_clean_first': False, 'cmake_force_configure': False, 'cmake_target': None, 'cmake_target_skip_unavailable': False, 'install_base': '/home/yahboom/Desktop/S26_RobotProgramming_Crystal/Final_project/install/raspbot_drive_control', 'merge_install': False, 'path': '/home/yahboom/Desktop/S26_RobotProgramming_Crystal/Final_project/src/raspbot_drive_control', 'symlink_install': False, 'test_result_base': None}
[1.683s] INFO:colcon.colcon_core.executor:Executing jobs using 'parallel' executor
[1.686s] DEBUG:colcon.colcon_parallel_executor.executor.parallel:run_until_complete
[1.686s] INFO:colcon.colcon_ros.task.ament_python.build:Building ROS package in '/home/yahboom/Desktop/S26_RobotProgramming_Crystal/Final_project/src/high_lvl_obj_detect' with build type 'ament_python'
[1.687s] Level 1:colcon.colcon_core.shell:create_environment_hook('high_lvl_obj_detect', 'ament_prefix_path')
[1.694s] INFO:colcon.colcon_core.plugin_system:Skipping extension 'colcon_core.shell.bat': Not used on non-Windows systems
[1.694s] INFO:colcon.colcon_core.shell:Creating environment hook '/home/yahboom/Desktop/S26_RobotProgramming_Crystal/Final_project/install/high_lvl_obj_detect/share/high_lvl_obj_detect/hook/ament_prefix_path.ps1'
[1.698s] INFO:colcon.colcon_core.shell:Creating environment descriptor '/home/yahboom/Desktop/S26_RobotProgramming_Crystal/Final_project/install/high_lvl_obj_detect/share/high_lvl_obj_detect/hook/ament_prefix_path.dsv'
[1.700s] INFO:colcon.colcon_core.shell:Creating environment hook '/home/yahboom/Desktop/S26_RobotProgramming_Crystal/Final_project/install/high_lvl_obj_detect/share/high_lvl_obj_detect/hook/ament_prefix_path.sh'
[1.704s] INFO:colcon.colcon_core.shell:Skip shell extension 'powershell' for command environment: Not usable outside of PowerShell
[1.705s] DEBUG:colcon.colcon_core.shell:Skip shell extension 'dsv' for command environment
[1.748s] INFO:colcon.colcon_ros.task.ament_python.build:Building ROS package in '/home/yahboom/Desktop/S26_RobotProgramming_Crystal/Final_project/src/low_lvl_obj_detect' with build type 'ament_python'
[1.749s] Level 1:colcon.colcon_core.shell:create_environment_hook('low_lvl_obj_detect', 'ament_prefix_path')
[1.749s] INFO:colcon.colcon_core.shell:Creating environment hook '/home/yahboom/Desktop/S26_RobotProgramming_Crystal/Final_project/install/low_lvl_obj_detect/share/low_lvl_obj_detect/hook/ament_prefix_path.ps1'
[1.754s] INFO:colcon.colcon_core.shell:Creating environment descriptor '/home/yahboom/Desktop/S26_RobotProgramming_Crystal/Final_project/install/low_lvl_obj_detect/share/low_lvl_obj_detect/hook/ament_prefix_path.dsv'
[1.763s] INFO:colcon.colcon_core.shell:Creating environment hook '/home/yahboom/Desktop/S26_RobotProgramming_Crystal/Final_project/install/low_lvl_obj_detect/share/low_lvl_obj_detect/hook/ament_prefix_path.sh'
[1.766s] INFO:colcon.colcon_core.shell:Skip shell extension 'powershell' for command environment: Not usable outside of PowerShell
[1.766s] DEBUG:colcon.colcon_core.shell:Skip shell extension 'dsv' for command environment
[1.805s] INFO:colcon.colcon_ros.task.ament_python.build:Building ROS package in '/home/yahboom/Desktop/S26_RobotProgramming_Crystal/Final_project/src/path_planning' with build type 'ament_python'
[1.805s] Level 1:colcon.colcon_core.shell:create_environment_hook('path_planning', 'ament_prefix_path')
[1.806s] INFO:colcon.colcon_core.shell:Creating environment hook '/home/yahboom/Desktop/S26_RobotProgramming_Crystal/Final_project/install/path_planning/share/path_planning/hook/ament_prefix_path.ps1'
[1.808s] INFO:colcon.colcon_core.shell:Creating environment descriptor '/home/yahboom/Desktop/S26_RobotProgramming_Crystal/Final_project/install/path_planning/share/path_planning/hook/ament_prefix_path.dsv'
[1.811s] INFO:colcon.colcon_core.shell:Creating environment hook '/home/yahboom/Desktop/S26_RobotProgramming_Crystal/Final_project/install/path_planning/share/path_planning/hook/ament_prefix_path.sh'
[1.815s] INFO:colcon.colcon_core.shell:Skip shell extension 'powershell' for command environment: Not usable outside of PowerShell
[1.815s] DEBUG:colcon.colcon_core.shell:Skip shell extension 'dsv' for command environment
[1.856s] INFO:colcon.colcon_ros.task.ament_python.build:Building ROS package in '/home/yahboom/Desktop/S26_RobotProgramming_Crystal/Final_project/src/raspbot_drive_control' with build type 'ament_python'
[1.857s] Level 1:colcon.colcon_core.shell:create_environment_hook('raspbot_drive_control', 'ament_prefix_path')
[1.857s] INFO:colcon.colcon_core.shell:Creating environment hook '/home/yahboom/Desktop/S26_RobotProgramming_Crystal/Final_project/install/raspbot_drive_control/share/raspbot_drive_control/hook/ament_prefix_path.ps1'
[1.862s] INFO:colcon.colcon_core.shell:Creating environment descriptor '/home/yahboom/Desktop/S26_RobotProgramming_Crystal/Final_project/install/raspbot_drive_control/share/raspbot_drive_control/hook/ament_prefix_path.dsv'
[1.864s] INFO:colcon.colcon_core.shell:Creating environment hook '/home/yahboom/Desktop/S26_RobotProgramming_Crystal/Final_project/install/raspbot_drive_control/share/raspbot_drive_control/hook/ament_prefix_path.sh'
[1.868s] INFO:colcon.colcon_core.shell:Skip shell extension 'powershell' for command environment: Not usable outside of PowerShell
[1.868s] DEBUG:colcon.colcon_core.shell:Skip shell extension 'dsv' for command environment
[3.158s] INFO:colcon.colcon_core.task.python.build:Building Python package in '/home/yahboom/Desktop/S26_RobotProgramming_Crystal/Final_project/src/high_lvl_obj_detect'
[3.159s] INFO:colcon.colcon_core.shell:Skip shell extension 'powershell' for command environment: Not usable outside of PowerShell
[3.159s] DEBUG:colcon.colcon_core.shell:Skip shell extension 'dsv' for command environment
[4.511s] INFO:colcon.colcon_core.task.python.build:Building Python package in '/home/yahboom/Desktop/S26_RobotProgramming_Crystal/Final_project/src/low_lvl_obj_detect'
[4.512s] INFO:colcon.colcon_core.shell:Skip shell extension 'powershell' for command environment: Not usable outside of PowerShell
[4.512s] DEBUG:colcon.colcon_core.shell:Skip shell extension 'dsv' for command environment
[5.959s] INFO:colcon.colcon_core.task.python.build:Building Python package in '/home/yahboom/Desktop/S26_RobotProgramming_Crystal/Final_project/src/path_planning'
[5.960s] INFO:colcon.colcon_core.shell:Skip shell extension 'powershell' for command environment: Not usable outside of PowerShell
[5.960s] DEBUG:colcon.colcon_core.shell:Skip shell extension 'dsv' for command environment
[7.215s] WARNING:colcon.colcon_ros.task.ament_python.build:Package 'raspbot_drive_control' doesn't explicitly install a marker in the package index (colcon-ros currently does it implicitly but that fallback will be removed in the future)
[7.215s] WARNING:colcon.colcon_ros.task.ament_python.build:Package 'raspbot_drive_control' doesn't explicitly install the 'package.xml' file (colcon-ros currently does it implicitly but that fallback will be removed in the future)
[7.217s] INFO:colcon.colcon_core.task.python.build:Building Python package in '/home/yahboom/Desktop/S26_RobotProgramming_Crystal/Final_project/src/raspbot_drive_control'
[7.218s] INFO:colcon.colcon_core.shell:Skip shell extension 'powershell' for command environment: Not usable outside of PowerShell
[7.218s] DEBUG:colcon.colcon_core.shell:Skip shell extension 'dsv' for command environment
[10.419s] DEBUG:colcon.colcon_core.event_handler.log_command:Invoking command in '/home/yahboom/Desktop/S26_RobotProgramming_Crystal/Final_project/src/raspbot_drive_control': PYTHONPATH=/home/yahboom/Desktop/S26_RobotProgramming_Crystal/Final_project/build/raspbot_drive_control/prefix_override:/home/yahboom/Desktop/S26_RobotProgramming_Crystal/Final_project/install/raspbot_drive_control/lib/python3.10/site-packages:${PYTHONPATH} /usr/bin/python3 -W ignore:setup.py install is deprecated setup.py egg_info --egg-base ../../build/raspbot_drive_control build --build-base /home/yahboom/Desktop/S26_RobotProgramming_Crystal/Final_project/build/raspbot_drive_control/build install --record /home/yahboom/Desktop/S26_RobotProgramming_Crystal/Final_project/build/raspbot_drive_control/install.log --single-version-externally-managed
[11.031s] DEBUG:colcon.colcon_core.event_handler.log_command:Invoking command in '/home/yahboom/Desktop/S26_RobotProgramming_Crystal/Final_project/src/high_lvl_obj_detect': PYTHONPATH=/home/yahboom/Desktop/S26_RobotProgramming_Crystal/Final_project/build/high_lvl_obj_detect/prefix_override:/home/yahboom/Desktop/S26_RobotProgramming_Crystal/Final_project/install/high_lvl_obj_detect/lib/python3.10/site-packages:${PYTHONPATH} /usr/bin/python3 -W ignore:setup.py install is deprecated setup.py egg_info --egg-base ../../build/high_lvl_obj_detect build --build-base /home/yahboom/Desktop/S26_RobotProgramming_Crystal/Final_project/build/high_lvl_obj_detect/build install --record /home/yahboom/Desktop/S26_RobotProgramming_Crystal/Final_project/build/high_lvl_obj_detect/install.log --single-version-externally-managed install_data
[11.127s] DEBUG:colcon.colcon_core.event_handler.log_command:Invoking command in '/home/yahboom/Desktop/S26_RobotProgramming_Crystal/Final_project/src/path_planning': PYTHONPATH=/home/yahboom/Desktop/S26_RobotProgramming_Crystal/Final_project/build/path_planning/prefix_override:/home/yahboom/Desktop/S26_RobotProgramming_Crystal/Final_project/install/path_planning/lib/python3.10/site-packages:${PYTHONPATH} /usr/bin/python3 -W ignore:setup.py install is deprecated setup.py egg_info --egg-base ../../build/path_planning build --build-base /home/yahboom/Desktop/S26_RobotProgramming_Crystal/Final_project/build/path_planning/build install --record /home/yahboom/Desktop/S26_RobotProgramming_Crystal/Final_project/build/path_planning/install.log --single-version-externally-managed install_data
[11.221s] DEBUG:colcon.colcon_core.event_handler.log_command:Invoking command in '/home/yahboom/Desktop/S26_RobotProgramming_Crystal/Final_project/src/low_lvl_obj_detect': PYTHONPATH=/home/yahboom/Desktop/S26_RobotProgramming_Crystal/Final_project/build/low_lvl_obj_detect/prefix_override:/home/yahboom/Desktop/S26_RobotProgramming_Crystal/Final_project/install/low_lvl_obj_detect/lib/python3.10/site-packages:${PYTHONPATH} /usr/bin/python3 -W ignore:setup.py install is deprecated setup.py egg_info --egg-base ../../build/low_lvl_obj_detect build --build-base /home/yahboom/Desktop/S26_RobotProgramming_Crystal/Final_project/build/low_lvl_obj_detect/build install --record /home/yahboom/Desktop/S26_RobotProgramming_Crystal/Final_project/build/low_lvl_obj_detect/install.log --single-version-externally-managed install_data
[11.715s] DEBUG:colcon.colcon_core.event_handler.log_command:Invoked command in '/home/yahboom/Desktop/S26_RobotProgramming_Crystal/Final_project/src/raspbot_drive_control' returned '0': PYTHONPATH=/home/yahboom/Desktop/S26_RobotProgramming_Crystal/Final_project/build/raspbot_drive_control/prefix_override:/home/yahboom/Desktop/S26_RobotProgramming_Crystal/Final_project/install/raspbot_drive_control/lib/python3.10/site-packages:${PYTHONPATH} /usr/bin/python3 -W ignore:setup.py install is deprecated setup.py egg_info --egg-base ../../build/raspbot_drive_control build --build-base /home/yahboom/Desktop/S26_RobotProgramming_Crystal/Final_project/build/raspbot_drive_control/build install --record /home/yahboom/Desktop/S26_RobotProgramming_Crystal/Final_project/build/raspbot_drive_control/install.log --single-version-externally-managed
[11.727s] Level 1:colcon.colcon_core.environment:checking '/home/yahboom/Desktop/S26_RobotProgramming_Crystal/Final_project/install/raspbot_drive_control' for CMake module files
[11.728s] Level 1:colcon.colcon_core.environment:checking '/home/yahboom/Desktop/S26_RobotProgramming_Crystal/Final_project/install/raspbot_drive_control' for CMake config files
[11.730s] Level 1:colcon.colcon_core.environment:checking '/home/yahboom/Desktop/S26_RobotProgramming_Crystal/Final_project/install/raspbot_drive_control/lib'
[11.730s] Level 1:colcon.colcon_core.environment:checking '/home/yahboom/Desktop/S26_RobotProgramming_Crystal/Final_project/install/raspbot_drive_control/bin'
[11.730s] Level 1:colcon.colcon_core.environment:checking '/home/yahboom/Desktop/S26_RobotProgramming_Crystal/Final_project/install/raspbot_drive_control/lib/pkgconfig/raspbot_drive_control.pc'
[11.731s] Level 1:colcon.colcon_core.environment:checking '/home/yahboom/Desktop/S26_RobotProgramming_Crystal/Final_project/install/raspbot_drive_control/lib/python3.10/site-packages'
[11.731s] Level 1:colcon.colcon_core.shell:create_environment_hook('raspbot_drive_control', 'pythonpath')
[11.733s] INFO:colcon.colcon_core.shell:Creating environment hook '/home/yahboom/Desktop/S26_RobotProgramming_Crystal/Final_project/install/raspbot_drive_control/share/raspbot_drive_control/hook/pythonpath.ps1'
[11.739s] INFO:colcon.colcon_core.shell:Creating environment descriptor '/home/yahboom/Desktop/S26_RobotProgramming_Crystal/Final_project/install/raspbot_drive_control/share/raspbot_drive_control/hook/pythonpath.dsv'
[11.742s] INFO:colcon.colcon_core.shell:Creating environment hook '/home/yahboom/Desktop/S26_RobotProgramming_Crystal/Final_project/install/raspbot_drive_control/share/raspbot_drive_control/hook/pythonpath.sh'
[11.746s] Level 1:colcon.colcon_core.environment:checking '/home/yahboom/Desktop/S26_RobotProgramming_Crystal/Final_project/install/raspbot_drive_control/bin'
[11.747s] Level 1:colcon.colcon_core.environment:create_environment_scripts_only(raspbot_drive_control)
[11.747s] INFO:colcon.colcon_core.shell:Creating package script '/home/yahboom/Desktop/S26_RobotProgramming_Crystal/Final_project/install/raspbot_drive_control/share/raspbot_drive_control/package.ps1'
[11.753s] INFO:colcon.colcon_core.shell:Creating package descriptor '/home/yahboom/Desktop/S26_RobotProgramming_Crystal/Final_project/install/raspbot_drive_control/share/raspbot_drive_control/package.dsv'
[11.762s] INFO:colcon.colcon_core.shell:Creating package script '/home/yahboom/Desktop/S26_RobotProgramming_Crystal/Final_project/install/raspbot_drive_control/share/raspbot_drive_control/package.sh'
[11.768s] INFO:colcon.colcon_core.shell:Creating package script '/home/yahboom/Desktop/S26_RobotProgramming_Crystal/Final_project/install/raspbot_drive_control/share/raspbot_drive_control/package.bash'
[11.773s] INFO:colcon.colcon_core.shell:Creating package script '/home/yahboom/Desktop/S26_RobotProgramming_Crystal/Final_project/install/raspbot_drive_control/share/raspbot_drive_control/package.zsh'
[11.778s] Level 1:colcon.colcon_core.environment:create_file_with_runtime_dependencies(/home/yahboom/Desktop/S26_RobotProgramming_Crystal/Final_project/install/raspbot_drive_control/share/colcon-core/packages/raspbot_drive_control)
[12.467s] Level 1:colcon.colcon_core.environment:checking '/home/yahboom/Desktop/S26_RobotProgramming_Crystal/Final_project/install/high_lvl_obj_detect' for CMake module files
[12.469s] DEBUG:colcon.colcon_core.event_handler.log_command:Invoked command in '/home/yahboom/Desktop/S26_RobotProgramming_Crystal/Final_project/src/high_lvl_obj_detect' returned '0': PYTHONPATH=/home/yahboom/Desktop/S26_RobotProgramming_Crystal/Final_project/build/high_lvl_obj_detect/prefix_override:/home/yahboom/Desktop/S26_RobotProgramming_Crystal/Final_project/install/high_lvl_obj_detect/lib/python3.10/site-packages:${PYTHONPATH} /usr/bin/python3 -W ignore:setup.py install is deprecated setup.py egg_info --egg-base ../../build/high_lvl_obj_detect build --build-base /home/yahboom/Desktop/S26_RobotProgramming_Crystal/Final_project/build/high_lvl_obj_detect/build install --record /home/yahboom/Desktop/S26_RobotProgramming_Crystal/Final_project/build/high_lvl_obj_detect/install.log --single-version-externally-managed install_data
[12.470s] Level 1:colcon.colcon_core.environment:checking '/home/yahboom/Desktop/S26_RobotProgramming_Crystal/Final_project/install/high_lvl_obj_detect' for CMake config files
[12.473s] Level 1:colcon.colcon_core.environment:checking '/home/yahboom/Desktop/S26_RobotProgramming_Crystal/Final_project/install/high_lvl_obj_detect/lib'
[12.473s] Level 1:colcon.colcon_core.environment:checking '/home/yahboom/Desktop/S26_RobotProgramming_Crystal/Final_project/install/high_lvl_obj_detect/bin'
[12.473s] Level 1:colcon.colcon_core.environment:checking '/home/yahboom/Desktop/S26_RobotProgramming_Crystal/Final_project/install/high_lvl_obj_detect/lib/pkgconfig/high_lvl_obj_detect.pc'
[12.474s] Level 1:colcon.colcon_core.environment:checking '/home/yahboom/Desktop/S26_RobotProgramming_Crystal/Final_project/install/high_lvl_obj_detect/lib/python3.10/site-packages'
[12.475s] Level 1:colcon.colcon_core.shell:create_environment_hook('high_lvl_obj_detect', 'pythonpath')
[12.476s] INFO:colcon.colcon_core.shell:Creating environment hook '/home/yahboom/Desktop/S26_RobotProgramming_Crystal/Final_project/install/high_lvl_obj_detect/share/high_lvl_obj_detect/hook/pythonpath.ps1'
[12.479s] INFO:colcon.colcon_core.shell:Creating environment descriptor '/home/yahboom/Desktop/S26_RobotProgramming_Crystal/Final_project/install/high_lvl_obj_detect/share/high_lvl_obj_detect/hook/pythonpath.dsv'
[12.481s] INFO:colcon.colcon_core.shell:Creating environment hook '/home/yahboom/Desktop/S26_RobotProgramming_Crystal/Final_project/install/high_lvl_obj_detect/share/high_lvl_obj_detect/hook/pythonpath.sh'
[12.485s] Level 1:colcon.colcon_core.environment:checking '/home/yahboom/Desktop/S26_RobotProgramming_Crystal/Final_project/install/high_lvl_obj_detect/bin'
[12.485s] Level 1:colcon.colcon_core.environment:create_environment_scripts_only(high_lvl_obj_detect)
[12.486s] INFO:colcon.colcon_core.shell:Creating package script '/home/yahboom/Desktop/S26_RobotProgramming_Crystal/Final_project/install/high_lvl_obj_detect/share/high_lvl_obj_detect/package.ps1'
[12.490s] INFO:colcon.colcon_core.shell:Creating package descriptor '/home/yahboom/Desktop/S26_RobotProgramming_Crystal/Final_project/install/high_lvl_obj_detect/share/high_lvl_obj_detect/package.dsv'
[12.493s] INFO:colcon.colcon_core.shell:Creating package script '/home/yahboom/Desktop/S26_RobotProgramming_Crystal/Final_project/install/high_lvl_obj_detect/share/high_lvl_obj_detect/package.sh'
[12.495s] INFO:colcon.colcon_core.shell:Creating package script '/home/yahboom/Desktop/S26_RobotProgramming_Crystal/Final_project/install/high_lvl_obj_detect/share/high_lvl_obj_detect/package.bash'
[12.498s] INFO:colcon.colcon_core.shell:Creating package script '/home/yahboom/Desktop/S26_RobotProgramming_Crystal/Final_project/install/high_lvl_obj_detect/share/high_lvl_obj_detect/package.zsh'
[12.501s] Level 1:colcon.colcon_core.environment:create_file_with_runtime_dependencies(/home/yahboom/Desktop/S26_RobotProgramming_Crystal/Final_project/install/high_lvl_obj_detect/share/colcon-core/packages/high_lvl_obj_detect)
[12.524s] Level 1:colcon.colcon_core.environment:checking '/home/yahboom/Desktop/S26_RobotProgramming_Crystal/Final_project/install/low_lvl_obj_detect' for CMake module files
[12.527s] DEBUG:colcon.colcon_core.event_handler.log_command:Invoked command in '/home/yahboom/Desktop/S26_RobotProgramming_Crystal/Final_project/src/low_lvl_obj_detect' returned '0': PYTHONPATH=/home/yahboom/Desktop/S26_RobotProgramming_Crystal/Final_project/build/low_lvl_obj_detect/prefix_override:/home/yahboom/Desktop/S26_RobotProgramming_Crystal/Final_project/install/low_lvl_obj_detect/lib/python3.10/site-packages:${PYTHONPATH} /usr/bin/python3 -W ignore:setup.py install is deprecated setup.py egg_info --egg-base ../../build/low_lvl_obj_detect build --build-base /home/yahboom/Desktop/S26_RobotProgramming_Crystal/Final_project/build/low_lvl_obj_detect/build install --record /home/yahboom/Desktop/S26_RobotProgramming_Crystal/Final_project/build/low_lvl_obj_detect/install.log --single-version-externally-managed install_data
[12.528s] Level 1:colcon.colcon_core.environment:checking '/home/yahboom/Desktop/S26_RobotProgramming_Crystal/Final_project/install/low_lvl_obj_detect' for CMake config files
[12.530s] Level 1:colcon.colcon_core.environment:checking '/home/yahboom/Desktop/S26_RobotProgramming_Crystal/Final_project/install/low_lvl_obj_detect/lib'
[12.531s] Level 1:colcon.colcon_core.environment:checking '/home/yahboom/Desktop/S26_RobotProgramming_Crystal/Final_project/install/low_lvl_obj_detect/bin'
[12.531s] Level 1:colcon.colcon_core.environment:checking '/home/yahboom/Desktop/S26_RobotProgramming_Crystal/Final_project/install/low_lvl_obj_detect/lib/pkgconfig/low_lvl_obj_detect.pc'
[12.531s] Level 1:colcon.colcon_core.environment:checking '/home/yahboom/Desktop/S26_RobotProgramming_Crystal/Final_project/install/low_lvl_obj_detect/lib/python3.10/site-packages'
[12.531s] Level 1:colcon.colcon_core.shell:create_environment_hook('low_lvl_obj_detect', 'pythonpath')
[12.532s] INFO:colcon.colcon_core.shell:Creating environment hook '/home/yahboom/Desktop/S26_RobotProgramming_Crystal/Final_project/install/low_lvl_obj_detect/share/low_lvl_obj_detect/hook/pythonpath.ps1'
[12.535s] INFO:colcon.colcon_core.shell:Creating environment descriptor '/home/yahboom/Desktop/S26_RobotProgramming_Crystal/Final_project/install/low_lvl_obj_detect/share/low_lvl_obj_detect/hook/pythonpath.dsv'
[12.537s] INFO:colcon.colcon_core.shell:Creating environment hook '/home/yahboom/Desktop/S26_RobotProgramming_Crystal/Final_project/install/low_lvl_obj_detect/share/low_lvl_obj_detect/hook/pythonpath.sh'
[12.539s] Level 1:colcon.colcon_core.environment:checking '/home/yahboom/Desktop/S26_RobotProgramming_Crystal/Final_project/install/low_lvl_obj_detect/bin'
[12.540s] Level 1:colcon.colcon_core.environment:create_environment_scripts_only(low_lvl_obj_detect)
[12.541s] INFO:colcon.colcon_core.shell:Creating package script '/home/yahboom/Desktop/S26_RobotProgramming_Crystal/Final_project/install/low_lvl_obj_detect/share/low_lvl_obj_detect/package.ps1'
[12.547s] INFO:colcon.colcon_core.shell:Creating package descriptor '/home/yahboom/Desktop/S26_RobotProgramming_Crystal/Final_project/install/low_lvl_obj_detect/share/low_lvl_obj_detect/package.dsv'
[12.550s] INFO:colcon.colcon_core.shell:Creating package script '/home/yahboom/Desktop/S26_RobotProgramming_Crystal/Final_project/install/low_lvl_obj_detect/share/low_lvl_obj_detect/package.sh'
[12.553s] INFO:colcon.colcon_core.shell:Creating package script '/home/yahboom/Desktop/S26_RobotProgramming_Crystal/Final_project/install/low_lvl_obj_detect/share/low_lvl_obj_detect/package.bash'
[12.555s] INFO:colcon.colcon_core.shell:Creating package script '/home/yahboom/Desktop/S26_RobotProgramming_Crystal/Final_project/install/low_lvl_obj_detect/share/low_lvl_obj_detect/package.zsh'
[12.557s] Level 1:colcon.colcon_core.environment:create_file_with_runtime_dependencies(/home/yahboom/Desktop/S26_RobotProgramming_Crystal/Final_project/install/low_lvl_obj_detect/share/colcon-core/packages/low_lvl_obj_detect)
[12.586s] Level 1:colcon.colcon_core.environment:checking '/home/yahboom/Desktop/S26_RobotProgramming_Crystal/Final_project/install/path_planning' for CMake module files
[12.587s] Level 1:colcon.colcon_core.environment:checking '/home/yahboom/Desktop/S26_RobotProgramming_Crystal/Final_project/install/path_planning' for CMake config files
[12.588s] Level 1:colcon.colcon_core.environment:checking '/home/yahboom/Desktop/S26_RobotProgramming_Crystal/Final_project/install/path_planning/lib'
[12.589s] DEBUG:colcon.colcon_core.event_handler.log_command:Invoked command in '/home/yahboom/Desktop/S26_RobotProgramming_Crystal/Final_project/src/path_planning' returned '0': PYTHONPATH=/home/yahboom/Desktop/S26_RobotProgramming_Crystal/Final_project/build/path_planning/prefix_override:/home/yahboom/Desktop/S26_RobotProgramming_Crystal/Final_project/install/path_planning/lib/python3.10/site-packages:${PYTHONPATH} /usr/bin/python3 -W ignore:setup.py install is deprecated setup.py egg_info --egg-base ../../build/path_planning build --build-base /home/yahboom/Desktop/S26_RobotProgramming_Crystal/Final_project/build/path_planning/build install --record /home/yahboom/Desktop/S26_RobotProgramming_Crystal/Final_project/build/path_planning/install.log --single-version-externally-managed install_data
[12.590s] Level 1:colcon.colcon_core.environment:checking '/home/yahboom/Desktop/S26_RobotProgramming_Crystal/Final_project/install/path_planning/bin'
[12.590s] Level 1:colcon.colcon_core.environment:checking '/home/yahboom/Desktop/S26_RobotProgramming_Crystal/Final_project/install/path_planning/lib/pkgconfig/path_planning.pc'
[12.590s] Level 1:colcon.colcon_core.environment:checking '/home/yahboom/Desktop/S26_RobotProgramming_Crystal/Final_project/install/path_planning/lib/python3.10/site-packages'
[12.590s] Level 1:colcon.colcon_core.shell:create_environment_hook('path_planning', 'pythonpath')
[12.591s] INFO:colcon.colcon_core.shell:Creating environment hook '/home/yahboom/Desktop/S26_RobotProgramming_Crystal/Final_project/install/path_planning/share/path_planning/hook/pythonpath.ps1'
[12.593s] INFO:colcon.colcon_core.shell:Creating environment descriptor '/home/yahboom/Desktop/S26_RobotProgramming_Crystal/Final_project/install/path_planning/share/path_planning/hook/pythonpath.dsv'
[12.595s] INFO:colcon.colcon_core.shell:Creating environment hook '/home/yahboom/Desktop/S26_RobotProgramming_Crystal/Final_project/install/path_planning/share/path_planning/hook/pythonpath.sh'
[12.596s] Level 1:colcon.colcon_core.environment:checking '/home/yahboom/Desktop/S26_RobotProgramming_Crystal/Final_project/install/path_planning/bin'
[12.596s] Level 1:colcon.colcon_core.environment:create_environment_scripts_only(path_planning)
[12.597s] INFO:colcon.colcon_core.shell:Creating package script '/home/yahboom/Desktop/S26_RobotProgramming_Crystal/Final_project/install/path_planning/share/path_planning/package.ps1'
[12.599s] INFO:colcon.colcon_core.shell:Creating package descriptor '/home/yahboom/Desktop/S26_RobotProgramming_Crystal/Final_project/install/path_planning/share/path_planning/package.dsv'
[12.601s] INFO:colcon.colcon_core.shell:Creating package script '/home/yahboom/Desktop/S26_RobotProgramming_Crystal/Final_project/install/path_planning/share/path_planning/package.sh'
[12.603s] INFO:colcon.colcon_core.shell:Creating package script '/home/yahboom/Desktop/S26_RobotProgramming_Crystal/Final_project/install/path_planning/share/path_planning/package.bash'
[12.605s] INFO:colcon.colcon_core.shell:Creating package script '/home/yahboom/Desktop/S26_RobotProgramming_Crystal/Final_project/install/path_planning/share/path_planning/package.zsh'
[12.607s] Level 1:colcon.colcon_core.environment:create_file_with_runtime_dependencies(/home/yahboom/Desktop/S26_RobotProgramming_Crystal/Final_project/install/path_planning/share/colcon-core/packages/path_planning)
[12.609s] DEBUG:colcon.colcon_parallel_executor.executor.parallel:closing loop
[12.609s] DEBUG:colcon.colcon_parallel_executor.executor.parallel:loop closed
[12.609s] DEBUG:colcon.colcon_parallel_executor.executor.parallel:run_until_complete finished with '0'
[12.610s] DEBUG:colcon.colcon_core.event_reactor:joining thread
[12.630s] INFO:colcon.colcon_core.plugin_system:Skipping extension 'colcon_notification.desktop_notification.terminal_notifier': Not used on non-Darwin systems
[12.630s] INFO:colcon.colcon_core.plugin_system:Skipping extension 'colcon_notification.desktop_notification.win32': Not used on non-Windows systems
[12.630s] INFO:colcon.colcon_notification.desktop_notification:Sending desktop notification using 'notify2'
[12.661s] DEBUG:colcon.colcon_core.event_reactor:joined thread
[12.662s] INFO:colcon.colcon_core.shell:Creating prefix script '/home/yahboom/Desktop/S26_RobotProgramming_Crystal/Final_project/install/local_setup.ps1'
[12.665s] INFO:colcon.colcon_core.shell:Creating prefix util module '/home/yahboom/Desktop/S26_RobotProgramming_Crystal/Final_project/install/_local_setup_util_ps1.py'
[12.670s] INFO:colcon.colcon_core.shell:Creating prefix chain script '/home/yahboom/Desktop/S26_RobotProgramming_Crystal/Final_project/install/setup.ps1'
[12.683s] INFO:colcon.colcon_core.shell:Creating prefix script '/home/yahboom/Desktop/S26_RobotProgramming_Crystal/Final_project/install/local_setup.sh'
[12.686s] INFO:colcon.colcon_core.shell:Creating prefix util module '/home/yahboom/Desktop/S26_RobotProgramming_Crystal/Final_project/install/_local_setup_util_sh.py'
[12.688s] INFO:colcon.colcon_core.shell:Creating prefix chain script '/home/yahboom/Desktop/S26_RobotProgramming_Crystal/Final_project/install/setup.sh'
[12.701s] INFO:colcon.colcon_core.shell:Creating prefix script '/home/yahboom/Desktop/S26_RobotProgramming_Crystal/Final_project/install/local_setup.bash'
[12.704s] INFO:colcon.colcon_core.shell:Creating prefix chain script '/home/yahboom/Desktop/S26_RobotProgramming_Crystal/Final_project/install/setup.bash'
[12.717s] INFO:colcon.colcon_core.shell:Creating prefix script '/home/yahboom/Desktop/S26_RobotProgramming_Crystal/Final_project/install/local_setup.zsh'
[12.719s] INFO:colcon.colcon_core.shell:Creating prefix chain script '/home/yahboom/Desktop/S26_RobotProgramming_Crystal/Final_project/install/setup.zsh'
