[2.966s] Invoking command in '/home/yahboom/roscourse_ws/src/webcam': PYTHONPATH=/home/yahboom/roscourse_ws/build/webcam/prefix_override:/home/yahboom/roscourse_ws/install/webcam/lib/python3.10/site-packages:${PYTHONPATH} /usr/bin/python3 -W ignore:setup.py install is deprecated setup.py egg_info --egg-base ../../build/webcam build --build-base /home/yahboom/roscourse_ws/build/webcam/build install --record /home/yahboom/roscourse_ws/build/webcam/install.log --single-version-externally-managed install_data
[3.821s] running egg_info
[3.826s] writing ../../build/webcam/webcam.egg-info/PKG-INFO
[3.827s] writing dependency_links to ../../build/webcam/webcam.egg-info/dependency_links.txt
[3.828s] writing entry points to ../../build/webcam/webcam.egg-info/entry_points.txt
[3.829s] writing requirements to ../../build/webcam/webcam.egg-info/requires.txt
[3.829s] writing top-level names to ../../build/webcam/webcam.egg-info/top_level.txt
[3.835s] reading manifest file '../../build/webcam/webcam.egg-info/SOURCES.txt'
[3.837s] writing manifest file '../../build/webcam/webcam.egg-info/SOURCES.txt'
[3.838s] running build
[3.838s] running build_py
[3.839s] running install
[3.840s] running install_lib
[3.844s] running install_data
[3.844s] running install_egg_info
[3.849s] removing '/home/yahboom/roscourse_ws/install/webcam/lib/python3.10/site-packages/webcam-0.0.0-py3.10.egg-info' (and everything under it)
[3.850s] Copying ../../build/webcam/webcam.egg-info to /home/yahboom/roscourse_ws/install/webcam/lib/python3.10/site-packages/webcam-0.0.0-py3.10.egg-info
[3.852s] running install_scripts
[3.914s] Installing webcam_pub script to /home/yahboom/roscourse_ws/install/webcam/lib/webcam
[3.915s] Installing webcam_sub script to /home/yahboom/roscourse_ws/install/webcam/lib/webcam
[3.917s] writing list of installed files to '/home/yahboom/roscourse_ws/build/webcam/install.log'
[3.988s] Invoked command in '/home/yahboom/roscourse_ws/src/webcam' returned '0': PYTHONPATH=/home/yahboom/roscourse_ws/build/webcam/prefix_override:/home/yahboom/roscourse_ws/install/webcam/lib/python3.10/site-packages:${PYTHONPATH} /usr/bin/python3 -W ignore:setup.py install is deprecated setup.py egg_info --egg-base ../../build/webcam build --build-base /home/yahboom/roscourse_ws/build/webcam/build install --record /home/yahboom/roscourse_ws/build/webcam/install.log --single-version-externally-managed install_data
