[1.532s] Invoking command in '/home/yahboom/Desktop/S26_RobotProgramming_Crystal/Final_project/src/path_planning': PYTHONPATH=/home/yahboom/Desktop/S26_RobotProgramming_Crystal/Final_project/build/path_planning/prefix_override:/home/yahboom/Desktop/S26_RobotProgramming_Crystal/Final_project/install/path_planning/lib/python3.10/site-packages:${PYTHONPATH} /usr/bin/python3 -W ignore:setup.py install is deprecated setup.py egg_info --egg-base ../../build/path_planning build --build-base /home/yahboom/Desktop/S26_RobotProgramming_Crystal/Final_project/build/path_planning/build install --record /home/yahboom/Desktop/S26_RobotProgramming_Crystal/Final_project/build/path_planning/install.log --single-version-externally-managed install_data
[1.781s] running egg_info
[1.781s] creating ../../build/path_planning/path_planning.egg-info
[1.781s] writing ../../build/path_planning/path_planning.egg-info/PKG-INFO
[1.781s] writing dependency_links to ../../build/path_planning/path_planning.egg-info/dependency_links.txt
[1.782s] writing entry points to ../../build/path_planning/path_planning.egg-info/entry_points.txt
[1.782s] writing requirements to ../../build/path_planning/path_planning.egg-info/requires.txt
[1.782s] writing top-level names to ../../build/path_planning/path_planning.egg-info/top_level.txt
[1.782s] writing manifest file '../../build/path_planning/path_planning.egg-info/SOURCES.txt'
[1.782s] reading manifest file '../../build/path_planning/path_planning.egg-info/SOURCES.txt'
[1.782s] writing manifest file '../../build/path_planning/path_planning.egg-info/SOURCES.txt'
[1.782s] running build
[1.782s] running build_py
[1.782s] creating /home/yahboom/Desktop/S26_RobotProgramming_Crystal/Final_project/build/path_planning/build
[1.782s] creating /home/yahboom/Desktop/S26_RobotProgramming_Crystal/Final_project/build/path_planning/build/lib
[1.782s] creating /home/yahboom/Desktop/S26_RobotProgramming_Crystal/Final_project/build/path_planning/build/lib/path_planning
[1.782s] copying path_planning/__init__.py -> /home/yahboom/Desktop/S26_RobotProgramming_Crystal/Final_project/build/path_planning/build/lib/path_planning
[1.782s] running install
[1.782s] running install_lib
[1.782s] creating /home/yahboom/Desktop/S26_RobotProgramming_Crystal/Final_project/install/path_planning/lib/python3.10/site-packages/path_planning
[1.782s] copying /home/yahboom/Desktop/S26_RobotProgramming_Crystal/Final_project/build/path_planning/build/lib/path_planning/__init__.py -> /home/yahboom/Desktop/S26_RobotProgramming_Crystal/Final_project/install/path_planning/lib/python3.10/site-packages/path_planning
[1.782s] byte-compiling /home/yahboom/Desktop/S26_RobotProgramming_Crystal/Final_project/install/path_planning/lib/python3.10/site-packages/path_planning/__init__.py to __init__.cpython-310.pyc
[1.782s] running install_data
[1.782s] creating /home/yahboom/Desktop/S26_RobotProgramming_Crystal/Final_project/install/path_planning/share/ament_index
[1.782s] creating /home/yahboom/Desktop/S26_RobotProgramming_Crystal/Final_project/install/path_planning/share/ament_index/resource_index
[1.782s] creating /home/yahboom/Desktop/S26_RobotProgramming_Crystal/Final_project/install/path_planning/share/ament_index/resource_index/packages
[1.782s] copying resource/path_planning -> /home/yahboom/Desktop/S26_RobotProgramming_Crystal/Final_project/install/path_planning/share/ament_index/resource_index/packages
[1.782s] copying package.xml -> /home/yahboom/Desktop/S26_RobotProgramming_Crystal/Final_project/install/path_planning/share/path_planning
[1.782s] running install_egg_info
[1.783s] Copying ../../build/path_planning/path_planning.egg-info to /home/yahboom/Desktop/S26_RobotProgramming_Crystal/Final_project/install/path_planning/lib/python3.10/site-packages/path_planning-0.0.0-py3.10.egg-info
[1.784s] running install_scripts
[1.805s] writing list of installed files to '/home/yahboom/Desktop/S26_RobotProgramming_Crystal/Final_project/build/path_planning/install.log'
[1.831s] Invoked command in '/home/yahboom/Desktop/S26_RobotProgramming_Crystal/Final_project/src/path_planning' returned '0': PYTHONPATH=/home/yahboom/Desktop/S26_RobotProgramming_Crystal/Final_project/build/path_planning/prefix_override:/home/yahboom/Desktop/S26_RobotProgramming_Crystal/Final_project/install/path_planning/lib/python3.10/site-packages:${PYTHONPATH} /usr/bin/python3 -W ignore:setup.py install is deprecated setup.py egg_info --egg-base ../../build/path_planning build --build-base /home/yahboom/Desktop/S26_RobotProgramming_Crystal/Final_project/build/path_planning/build install --record /home/yahboom/Desktop/S26_RobotProgramming_Crystal/Final_project/build/path_planning/install.log --single-version-externally-managed install_data
