[1.888s] Invoking command in '/home/yahboom/roscourse_ws/src/python_turtle': AMENT_PREFIX_PATH=/home/yahboom/roscourse_ws/src/install/turtle_interfaces:${AMENT_PREFIX_PATH} CMAKE_PREFIX_PATH=/home/yahboom/roscourse_ws/src/install/turtle_interfaces:${CMAKE_PREFIX_PATH} LD_LIBRARY_PATH=/home/yahboom/roscourse_ws/src/install/turtle_interfaces/lib:/home/yahboom/cartoros2/install/yahboom_web_savmap_interfaces/lib:/home/yahboom/cartoros2/install/yahboom_msgs/lib:/home/yahboom/cartoros2/install/yahboom_color_identify_interfaces/lib:/home/yahboom/cartoros2/install/yahboom_attitude_record_interfaces/lib:/home/yahboom/cartoros2/install/nav2_smoother/lib:/home/yahboom/cartoros2/install/nav2_graceful_controller/lib:/home/yahboom/cartoros2/install/nav2_controller/lib:/home/yahboom/cartoros2/install/dwb_plugins/lib:/home/yahboom/cartoros2/install/dwb_critics/lib:/home/yahboom/cartoros2/install/dwb_core/lib:/home/yahboom/cartoros2/install/nav_2d_utils/lib:/home/yahboom/cartoros2/install/dwb_msgs/lib:/home/yahboom/cartoros2/install/nav_2d_msgs/lib:/home/yahboom/cartoros2/install/nav2_waypoint_follower/lib:/home/yahboom/cartoros2/install/nav2_theta_star_planner/lib:/home/yahboom/cartoros2/install/nav2_smac_planner/lib:/home/yahboom/cartoros2/install/nav2_rotation_shim_controller/lib:/home/yahboom/cartoros2/install/nav2_regulated_pure_pursuit_controller/lib:/home/yahboom/cartoros2/install/nav2_planner/lib:/home/yahboom/cartoros2/install/nav2_navfn_planner/lib:/home/yahboom/cartoros2/install/nav2_mppi_controller/lib:/home/yahboom/cartoros2/install/nav2_constrained_smoother/lib:/home/yahboom/cartoros2/install/nav2_bt_navigator/lib:/home/yahboom/cartoros2/install/nav2_behaviors/lib:/home/yahboom/cartoros2/install/nav2_collision_monitor/lib:/home/yahboom/cartoros2/install/costmap_queue/lib:/home/yahboom/cartoros2/install/nav2_costmap_2d/lib:/home/yahboom/cartoros2/install/nav2_voxel_grid/lib:/home/yahboom/cartoros2/install/nav2_velocity_smoother/lib:/home/yahboom/cartoros2/install/nav2_rviz_plugins/lib:/home/yahboom/cartoros2/install/nav2_map_server/lib:/home/yahboom/cartoros2/install/nav2_lifecycle_manager/lib:/home/yahboom/cartoros2/install/nav2_behavior_tree/lib:/home/yahboom/cartoros2/install/nav2_amcl/lib:/home/yahboom/cartoros2/install/nav2_util/lib:/home/yahboom/cartoros2/install/nav2_msgs/lib:/home/yahboom/cartoros2/install/image_color_lab/lib:/home/yahboom/cartoros2/install/dynamixel_sdk_custom_interfaces/lib:/home/yahboom/cartoros2/install/dynamixel_sdk/lib:/home/yahboom/cartoros2/install/csm/lib:/home/yahboom/cartoros2/install/champ_msgs/lib:/home/yahboom/cartoros2/install/cartographer_ros_msgs/lib:/home/yahboom/yahboomcar_ws/install/yahboom_dog_msgs/lib:/home/yahboom/yahboomcar_ws/install/dynamixel_sdk_custom_interfaces/lib:/home/yahboom/yahboomcar_ws/install/dynamixel_sdk/lib:/home/yahboom/yahboomcar_ws/install/champ_msgs/lib:/home/yahboom/gmapping_ws/install/openslam_gmapping/lib:/usr/lib/x86_64-linux-gnu/gazebo-11/plugins:/opt/ros/humble/opt/rviz_ogre_vendor/lib:/opt/ros/humble/lib/x86_64-linux-gnu:/opt/ros/humble/lib:/opt/ros/humble/include/std_msgs/std_msgs/msg/:/usr/lib/jvm/java-11-openjdk-amd64/lib/:/usr/lib/jvm/java-11-openjdk-amd64/lib/server/ PYTHONPATH=/home/yahboom/roscourse_ws/src/build/python_turtle/prefix_override:/home/yahboom/roscourse_ws/src/install/python_turtle/lib/python3.10/site-packages:/home/yahboom/roscourse_ws/src/install/turtle_interfaces/local/lib/python3.10/dist-packages:${PYTHONPATH} /usr/bin/python3 -W ignore:setup.py install is deprecated setup.py egg_info --egg-base ../build/python_turtle build --build-base /home/yahboom/roscourse_ws/src/build/python_turtle/build install --record /home/yahboom/roscourse_ws/src/build/python_turtle/install.log --single-version-externally-managed install_data
[2.602s] running egg_info
[2.603s] creating ../build/python_turtle/python_turtle.egg-info
[2.603s] writing ../build/python_turtle/python_turtle.egg-info/PKG-INFO
[2.604s] writing dependency_links to ../build/python_turtle/python_turtle.egg-info/dependency_links.txt
[2.605s] writing entry points to ../build/python_turtle/python_turtle.egg-info/entry_points.txt
[2.605s] writing requirements to ../build/python_turtle/python_turtle.egg-info/requires.txt
[2.606s] writing top-level names to ../build/python_turtle/python_turtle.egg-info/top_level.txt
[2.606s] writing manifest file '../build/python_turtle/python_turtle.egg-info/SOURCES.txt'
[2.609s] reading manifest file '../build/python_turtle/python_turtle.egg-info/SOURCES.txt'
[2.612s] writing manifest file '../build/python_turtle/python_turtle.egg-info/SOURCES.txt'
[2.612s] running build
[2.613s] running build_py
[2.614s] creating /home/yahboom/roscourse_ws/src/build/python_turtle/build
[2.614s] creating /home/yahboom/roscourse_ws/src/build/python_turtle/build/lib
[2.614s] creating /home/yahboom/roscourse_ws/src/build/python_turtle/build/lib/python_turtle
[2.614s] copying python_turtle/turtlebot_client.py -> /home/yahboom/roscourse_ws/src/build/python_turtle/build/lib/python_turtle
[2.614s] copying python_turtle/__init__.py -> /home/yahboom/roscourse_ws/src/build/python_turtle/build/lib/python_turtle
[2.615s] copying python_turtle/turtlebot_server.py -> /home/yahboom/roscourse_ws/src/build/python_turtle/build/lib/python_turtle
[2.615s] running install
[2.616s] running install_lib
[2.618s] creating /home/yahboom/roscourse_ws/src/install/python_turtle/lib/python3.10/site-packages/python_turtle
[2.619s] copying /home/yahboom/roscourse_ws/src/build/python_turtle/build/lib/python_turtle/turtlebot_client.py -> /home/yahboom/roscourse_ws/src/install/python_turtle/lib/python3.10/site-packages/python_turtle
[2.619s] copying /home/yahboom/roscourse_ws/src/build/python_turtle/build/lib/python_turtle/__init__.py -> /home/yahboom/roscourse_ws/src/install/python_turtle/lib/python3.10/site-packages/python_turtle
[2.620s] copying /home/yahboom/roscourse_ws/src/build/python_turtle/build/lib/python_turtle/turtlebot_server.py -> /home/yahboom/roscourse_ws/src/install/python_turtle/lib/python3.10/site-packages/python_turtle
[2.622s] byte-compiling /home/yahboom/roscourse_ws/src/install/python_turtle/lib/python3.10/site-packages/python_turtle/turtlebot_client.py to turtlebot_client.cpython-310.pyc
[2.623s] byte-compiling /home/yahboom/roscourse_ws/src/install/python_turtle/lib/python3.10/site-packages/python_turtle/__init__.py to __init__.cpython-310.pyc
[2.624s] byte-compiling /home/yahboom/roscourse_ws/src/install/python_turtle/lib/python3.10/site-packages/python_turtle/turtlebot_server.py to turtlebot_server.cpython-310.pyc
[2.625s] running install_data
[2.626s] creating /home/yahboom/roscourse_ws/src/install/python_turtle/share/ament_index
[2.626s] creating /home/yahboom/roscourse_ws/src/install/python_turtle/share/ament_index/resource_index
[2.627s] creating /home/yahboom/roscourse_ws/src/install/python_turtle/share/ament_index/resource_index/packages
[2.627s] copying resource/python_turtle -> /home/yahboom/roscourse_ws/src/install/python_turtle/share/ament_index/resource_index/packages
[2.627s] copying package.xml -> /home/yahboom/roscourse_ws/src/install/python_turtle/share/python_turtle
[2.627s] running install_egg_info
[2.631s] Copying ../build/python_turtle/python_turtle.egg-info to /home/yahboom/roscourse_ws/src/install/python_turtle/lib/python3.10/site-packages/python_turtle-0.0.0-py3.10.egg-info
[2.634s] running install_scripts
[2.684s] Installing turtlebot_client script to /home/yahboom/roscourse_ws/src/install/python_turtle/lib/python_turtle
[2.684s] Installing turtlebot_server script to /home/yahboom/roscourse_ws/src/install/python_turtle/lib/python_turtle
[2.685s] writing list of installed files to '/home/yahboom/roscourse_ws/src/build/python_turtle/install.log'
[2.732s] Invoked command in '/home/yahboom/roscourse_ws/src/python_turtle' returned '0': AMENT_PREFIX_PATH=/home/yahboom/roscourse_ws/src/install/turtle_interfaces:${AMENT_PREFIX_PATH} CMAKE_PREFIX_PATH=/home/yahboom/roscourse_ws/src/install/turtle_interfaces:${CMAKE_PREFIX_PATH} LD_LIBRARY_PATH=/home/yahboom/roscourse_ws/src/install/turtle_interfaces/lib:/home/yahboom/cartoros2/install/yahboom_web_savmap_interfaces/lib:/home/yahboom/cartoros2/install/yahboom_msgs/lib:/home/yahboom/cartoros2/install/yahboom_color_identify_interfaces/lib:/home/yahboom/cartoros2/install/yahboom_attitude_record_interfaces/lib:/home/yahboom/cartoros2/install/nav2_smoother/lib:/home/yahboom/cartoros2/install/nav2_graceful_controller/lib:/home/yahboom/cartoros2/install/nav2_controller/lib:/home/yahboom/cartoros2/install/dwb_plugins/lib:/home/yahboom/cartoros2/install/dwb_critics/lib:/home/yahboom/cartoros2/install/dwb_core/lib:/home/yahboom/cartoros2/install/nav_2d_utils/lib:/home/yahboom/cartoros2/install/dwb_msgs/lib:/home/yahboom/cartoros2/install/nav_2d_msgs/lib:/home/yahboom/cartoros2/install/nav2_waypoint_follower/lib:/home/yahboom/cartoros2/install/nav2_theta_star_planner/lib:/home/yahboom/cartoros2/install/nav2_smac_planner/lib:/home/yahboom/cartoros2/install/nav2_rotation_shim_controller/lib:/home/yahboom/cartoros2/install/nav2_regulated_pure_pursuit_controller/lib:/home/yahboom/cartoros2/install/nav2_planner/lib:/home/yahboom/cartoros2/install/nav2_navfn_planner/lib:/home/yahboom/cartoros2/install/nav2_mppi_controller/lib:/home/yahboom/cartoros2/install/nav2_constrained_smoother/lib:/home/yahboom/cartoros2/install/nav2_bt_navigator/lib:/home/yahboom/cartoros2/install/nav2_behaviors/lib:/home/yahboom/cartoros2/install/nav2_collision_monitor/lib:/home/yahboom/cartoros2/install/costmap_queue/lib:/home/yahboom/cartoros2/install/nav2_costmap_2d/lib:/home/yahboom/cartoros2/install/nav2_voxel_grid/lib:/home/yahboom/cartoros2/install/nav2_velocity_smoother/lib:/home/yahboom/cartoros2/install/nav2_rviz_plugins/lib:/home/yahboom/cartoros2/install/nav2_map_server/lib:/home/yahboom/cartoros2/install/nav2_lifecycle_manager/lib:/home/yahboom/cartoros2/install/nav2_behavior_tree/lib:/home/yahboom/cartoros2/install/nav2_amcl/lib:/home/yahboom/cartoros2/install/nav2_util/lib:/home/yahboom/cartoros2/install/nav2_msgs/lib:/home/yahboom/cartoros2/install/image_color_lab/lib:/home/yahboom/cartoros2/install/dynamixel_sdk_custom_interfaces/lib:/home/yahboom/cartoros2/install/dynamixel_sdk/lib:/home/yahboom/cartoros2/install/csm/lib:/home/yahboom/cartoros2/install/champ_msgs/lib:/home/yahboom/cartoros2/install/cartographer_ros_msgs/lib:/home/yahboom/yahboomcar_ws/install/yahboom_dog_msgs/lib:/home/yahboom/yahboomcar_ws/install/dynamixel_sdk_custom_interfaces/lib:/home/yahboom/yahboomcar_ws/install/dynamixel_sdk/lib:/home/yahboom/yahboomcar_ws/install/champ_msgs/lib:/home/yahboom/gmapping_ws/install/openslam_gmapping/lib:/usr/lib/x86_64-linux-gnu/gazebo-11/plugins:/opt/ros/humble/opt/rviz_ogre_vendor/lib:/opt/ros/humble/lib/x86_64-linux-gnu:/opt/ros/humble/lib:/opt/ros/humble/include/std_msgs/std_msgs/msg/:/usr/lib/jvm/java-11-openjdk-amd64/lib/:/usr/lib/jvm/java-11-openjdk-amd64/lib/server/ PYTHONPATH=/home/yahboom/roscourse_ws/src/build/python_turtle/prefix_override:/home/yahboom/roscourse_ws/src/install/python_turtle/lib/python3.10/site-packages:/home/yahboom/roscourse_ws/src/install/turtle_interfaces/local/lib/python3.10/dist-packages:${PYTHONPATH} /usr/bin/python3 -W ignore:setup.py install is deprecated setup.py egg_info --egg-base ../build/python_turtle build --build-base /home/yahboom/roscourse_ws/src/build/python_turtle/build install --record /home/yahboom/roscourse_ws/src/build/python_turtle/install.log --single-version-externally-managed install_data
