[0.711s] Invoking command in '/home/yahboom/roscourse_ws/src/python_turtle': PYTHONPATH=/home/yahboom/roscourse_ws/src/python_turtle/build/python_turtle/prefix_override:/home/yahboom/roscourse_ws/src/python_turtle/install/python_turtle/lib/python3.10/site-packages:${PYTHONPATH} /usr/bin/python3 -W ignore:setup.py install is deprecated setup.py egg_info --egg-base build/python_turtle build --build-base /home/yahboom/roscourse_ws/src/python_turtle/build/python_turtle/build install --record /home/yahboom/roscourse_ws/src/python_turtle/build/python_turtle/install.log --single-version-externally-managed install_data
[0.998s] running egg_info
[0.999s] writing build/python_turtle/python_turtle.egg-info/PKG-INFO
[1.009s] writing dependency_links to build/python_turtle/python_turtle.egg-info/dependency_links.txt
[1.010s] writing entry points to build/python_turtle/python_turtle.egg-info/entry_points.txt
[1.010s] writing requirements to build/python_turtle/python_turtle.egg-info/requires.txt
[1.011s] writing top-level names to build/python_turtle/python_turtle.egg-info/top_level.txt
[1.013s] reading manifest file 'build/python_turtle/python_turtle.egg-info/SOURCES.txt'
[1.013s] writing manifest file 'build/python_turtle/python_turtle.egg-info/SOURCES.txt'
[1.014s] running build
[1.014s] running build_py
[1.014s] running install
[1.014s] running install_lib
[1.016s] running install_data
[1.017s] running install_egg_info
[1.018s] removing '/home/yahboom/roscourse_ws/src/python_turtle/install/python_turtle/lib/python3.10/site-packages/python_turtle-0.0.0-py3.10.egg-info' (and everything under it)
[1.019s] Copying build/python_turtle/python_turtle.egg-info to /home/yahboom/roscourse_ws/src/python_turtle/install/python_turtle/lib/python3.10/site-packages/python_turtle-0.0.0-py3.10.egg-info
[1.020s] running install_scripts
[1.051s] Installing service_client script to /home/yahboom/roscourse_ws/src/python_turtle/install/python_turtle/lib/python_turtle
[1.051s] Installing turtlebot_client script to /home/yahboom/roscourse_ws/src/python_turtle/install/python_turtle/lib/python_turtle
[1.052s] Installing turtlebot_server script to /home/yahboom/roscourse_ws/src/python_turtle/install/python_turtle/lib/python_turtle
[1.053s] writing list of installed files to '/home/yahboom/roscourse_ws/src/python_turtle/build/python_turtle/install.log'
[1.074s] Invoked command in '/home/yahboom/roscourse_ws/src/python_turtle' returned '0': PYTHONPATH=/home/yahboom/roscourse_ws/src/python_turtle/build/python_turtle/prefix_override:/home/yahboom/roscourse_ws/src/python_turtle/install/python_turtle/lib/python3.10/site-packages:${PYTHONPATH} /usr/bin/python3 -W ignore:setup.py install is deprecated setup.py egg_info --egg-base build/python_turtle build --build-base /home/yahboom/roscourse_ws/src/python_turtle/build/python_turtle/build install --record /home/yahboom/roscourse_ws/src/python_turtle/build/python_turtle/install.log --single-version-externally-managed install_data
