[0.023s] Invoking command in '/home/yahboom/Desktop/lec9/intro_ws/build/turtle_interfaces': CMAKE_PREFIX_PATH=${CMAKE_PREFIX_PATH}:/home/yahboom/Desktop/lec9/intro_ws/install/turtle_test:/home/yahboom/cartoros2/install/yahboomcar_nav:/home/yahboom/cartoros2/install/yahboomcar_ctrl:/home/yahboom/cartoros2/install/yahboom_visual:/home/yahboom/cartoros2/install/yahboom_dog_joint_state:/home/yahboom/cartoros2/install/yahboom_description:/home/yahboom/cartoros2/install/yahboom_color_identify_server:/home/yahboom/cartoros2/install/yahboom_bringup:/home/yahboom/cartoros2/install/yahboom_base:/home/yahboom/cartoros2/install/yahboom_app_save_map:/home/yahboom/cartoros2/install/update_map:/home/yahboom/cartoros2/install/rosboard:/home/yahboom/cartoros2/install/path_planner_server:/home/yahboom/cartoros2/install/nav2_simple_commander:/home/yahboom/cartoros2/install/nav2_gazebo_spawner:/home/yahboom/cartoros2/install/localization_server:/home/yahboom/cartoros2/install/laserscan_to_point_pulisher:/home/yahboom/yahboomcar_ws/install/yahboom_dog_example:/opt/ros/humble /usr/bin/cmake --build /home/yahboom/Desktop/lec9/intro_ws/build/turtle_interfaces -- -j4 -l4
[0.101s] [35m[1mConsolidate compiler generated dependencies of target turtle_interfaces__rosidl_generator_c[0m
[0.131s] [  2%] Built target turtle_interfaces__cpp
[0.134s] [ 12%] Built target turtle_interfaces__rosidl_generator_c
[0.163s] [35m[1mConsolidate compiler generated dependencies of target turtle_interfaces__rosidl_typesupport_cpp[0m
[0.166s] [35m[1mConsolidate compiler generated dependencies of target turtle_interfaces__rosidl_typesupport_fastrtps_cpp[0m
[0.166s] [ 12%] Built target ament_cmake_python_copy_turtle_interfaces
[0.168s] [35m[1mConsolidate compiler generated dependencies of target turtle_interfaces__rosidl_typesupport_introspection_cpp[0m
[0.187s] [ 23%] Built target turtle_interfaces__rosidl_typesupport_cpp
[0.198s] [35m[1mConsolidate compiler generated dependencies of target turtle_interfaces__rosidl_typesupport_fastrtps_c[0m
[0.201s] [ 34%] Built target turtle_interfaces__rosidl_typesupport_introspection_cpp
[0.205s] [ 44%] Built target turtle_interfaces__rosidl_typesupport_fastrtps_cpp
[0.222s] [35m[1mConsolidate compiler generated dependencies of target turtle_interfaces__rosidl_typesupport_introspection_c[0m
[0.234s] [35m[1mConsolidate compiler generated dependencies of target turtle_interfaces__rosidl_typesupport_c[0m
[0.245s] [ 55%] Built target turtle_interfaces__rosidl_typesupport_fastrtps_c
[0.257s] [ 65%] Built target turtle_interfaces__rosidl_typesupport_introspection_c
[0.265s] [ 76%] Built target turtle_interfaces__rosidl_typesupport_c
[0.317s] [ 76%] Built target turtle_interfaces
[0.359s] [ 78%] Built target turtle_interfaces__py
[0.390s] [35m[1mConsolidate compiler generated dependencies of target turtle_interfaces__rosidl_generator_py[0m
[0.421s] [ 87%] Built target turtle_interfaces__rosidl_generator_py
[0.454s] [35m[1mConsolidate compiler generated dependencies of target turtle_interfaces__rosidl_typesupport_c__pyext[0m
[0.462s] [35m[1mConsolidate compiler generated dependencies of target turtle_interfaces__rosidl_typesupport_fastrtps_c__pyext[0m
[0.466s] [35m[1mConsolidate compiler generated dependencies of target turtle_interfaces__rosidl_typesupport_introspection_c__pyext[0m
[0.489s] [ 91%] Built target turtle_interfaces__rosidl_typesupport_c__pyext
[0.499s] [ 95%] Built target turtle_interfaces__rosidl_typesupport_fastrtps_c__pyext
[0.499s] [100%] Built target turtle_interfaces__rosidl_typesupport_introspection_c__pyext
[0.658s] running egg_info
[0.659s] writing turtle_interfaces.egg-info/PKG-INFO
[0.659s] writing dependency_links to turtle_interfaces.egg-info/dependency_links.txt
[0.660s] writing top-level names to turtle_interfaces.egg-info/top_level.txt
[0.663s] reading manifest file 'turtle_interfaces.egg-info/SOURCES.txt'
[0.663s] writing manifest file 'turtle_interfaces.egg-info/SOURCES.txt'
[0.689s] [100%] Built target ament_cmake_python_build_turtle_interfaces_egg
[0.707s] Invoked command in '/home/yahboom/Desktop/lec9/intro_ws/build/turtle_interfaces' returned '0': CMAKE_PREFIX_PATH=${CMAKE_PREFIX_PATH}:/home/yahboom/Desktop/lec9/intro_ws/install/turtle_test:/home/yahboom/cartoros2/install/yahboomcar_nav:/home/yahboom/cartoros2/install/yahboomcar_ctrl:/home/yahboom/cartoros2/install/yahboom_visual:/home/yahboom/cartoros2/install/yahboom_dog_joint_state:/home/yahboom/cartoros2/install/yahboom_description:/home/yahboom/cartoros2/install/yahboom_color_identify_server:/home/yahboom/cartoros2/install/yahboom_bringup:/home/yahboom/cartoros2/install/yahboom_base:/home/yahboom/cartoros2/install/yahboom_app_save_map:/home/yahboom/cartoros2/install/update_map:/home/yahboom/cartoros2/install/rosboard:/home/yahboom/cartoros2/install/path_planner_server:/home/yahboom/cartoros2/install/nav2_simple_commander:/home/yahboom/cartoros2/install/nav2_gazebo_spawner:/home/yahboom/cartoros2/install/localization_server:/home/yahboom/cartoros2/install/laserscan_to_point_pulisher:/home/yahboom/yahboomcar_ws/install/yahboom_dog_example:/opt/ros/humble /usr/bin/cmake --build /home/yahboom/Desktop/lec9/intro_ws/build/turtle_interfaces -- -j4 -l4
[0.968s] Invoking command in '/home/yahboom/Desktop/lec9/intro_ws/build/turtle_interfaces': CMAKE_PREFIX_PATH=${CMAKE_PREFIX_PATH}:/home/yahboom/Desktop/lec9/intro_ws/install/turtle_test:/home/yahboom/cartoros2/install/yahboomcar_nav:/home/yahboom/cartoros2/install/yahboomcar_ctrl:/home/yahboom/cartoros2/install/yahboom_visual:/home/yahboom/cartoros2/install/yahboom_dog_joint_state:/home/yahboom/cartoros2/install/yahboom_description:/home/yahboom/cartoros2/install/yahboom_color_identify_server:/home/yahboom/cartoros2/install/yahboom_bringup:/home/yahboom/cartoros2/install/yahboom_base:/home/yahboom/cartoros2/install/yahboom_app_save_map:/home/yahboom/cartoros2/install/update_map:/home/yahboom/cartoros2/install/rosboard:/home/yahboom/cartoros2/install/path_planner_server:/home/yahboom/cartoros2/install/nav2_simple_commander:/home/yahboom/cartoros2/install/nav2_gazebo_spawner:/home/yahboom/cartoros2/install/localization_server:/home/yahboom/cartoros2/install/laserscan_to_point_pulisher:/home/yahboom/yahboomcar_ws/install/yahboom_dog_example:/opt/ros/humble /usr/bin/cmake --install /home/yahboom/Desktop/lec9/intro_ws/build/turtle_interfaces
[0.980s] -- Install configuration: ""
[0.980s] -- Up-to-date: /home/yahboom/Desktop/lec9/intro_ws/install/turtle_interfaces/share/ament_index/resource_index/rosidl_interfaces/turtle_interfaces
[0.980s] -- Up-to-date: /home/yahboom/Desktop/lec9/intro_ws/install/turtle_interfaces/include/turtle_interfaces/turtle_interfaces
[0.981s] -- Up-to-date: /home/yahboom/Desktop/lec9/intro_ws/install/turtle_interfaces/include/turtle_interfaces/turtle_interfaces/action
[0.981s] -- Up-to-date: /home/yahboom/Desktop/lec9/intro_ws/install/turtle_interfaces/include/turtle_interfaces/turtle_interfaces/action/detail
[0.981s] -- Up-to-date: /home/yahboom/Desktop/lec9/intro_ws/install/turtle_interfaces/include/turtle_interfaces/turtle_interfaces/action/detail/make_square__struct.h
[0.981s] -- Up-to-date: /home/yahboom/Desktop/lec9/intro_ws/install/turtle_interfaces/include/turtle_interfaces/turtle_interfaces/action/detail/make_square__type_support.h
[0.981s] -- Up-to-date: /home/yahboom/Desktop/lec9/intro_ws/install/turtle_interfaces/include/turtle_interfaces/turtle_interfaces/action/detail/make_square__functions.c
[0.981s] -- Up-to-date: /home/yahboom/Desktop/lec9/intro_ws/install/turtle_interfaces/include/turtle_interfaces/turtle_interfaces/action/detail/make_square__functions.h
[0.982s] -- Up-to-date: /home/yahboom/Desktop/lec9/intro_ws/install/turtle_interfaces/include/turtle_interfaces/turtle_interfaces/action/make_square.h
[0.982s] -- Up-to-date: /home/yahboom/Desktop/lec9/intro_ws/install/turtle_interfaces/include/turtle_interfaces/turtle_interfaces/srv
[0.982s] -- Up-to-date: /home/yahboom/Desktop/lec9/intro_ws/install/turtle_interfaces/include/turtle_interfaces/turtle_interfaces/srv/set_colors.h
[0.982s] -- Up-to-date: /home/yahboom/Desktop/lec9/intro_ws/install/turtle_interfaces/include/turtle_interfaces/turtle_interfaces/srv/detail
[0.982s] -- Up-to-date: /home/yahboom/Desktop/lec9/intro_ws/install/turtle_interfaces/include/turtle_interfaces/turtle_interfaces/srv/detail/set_colors__struct.h
[0.982s] -- Up-to-date: /home/yahboom/Desktop/lec9/intro_ws/install/turtle_interfaces/include/turtle_interfaces/turtle_interfaces/srv/detail/set_colors__type_support.h
[0.982s] -- Up-to-date: /home/yahboom/Desktop/lec9/intro_ws/install/turtle_interfaces/include/turtle_interfaces/turtle_interfaces/srv/detail/set_colors__functions.c
[0.982s] -- Up-to-date: /home/yahboom/Desktop/lec9/intro_ws/install/turtle_interfaces/include/turtle_interfaces/turtle_interfaces/srv/detail/set_colors__functions.h
[0.982s] -- Up-to-date: /home/yahboom/Desktop/lec9/intro_ws/install/turtle_interfaces/include/turtle_interfaces/turtle_interfaces/msg
[0.982s] -- Up-to-date: /home/yahboom/Desktop/lec9/intro_ws/install/turtle_interfaces/include/turtle_interfaces/turtle_interfaces/msg/detail
[0.983s] -- Up-to-date: /home/yahboom/Desktop/lec9/intro_ws/install/turtle_interfaces/include/turtle_interfaces/turtle_interfaces/msg/detail/turtle_pose__functions.c
[0.983s] -- Up-to-date: /home/yahboom/Desktop/lec9/intro_ws/install/turtle_interfaces/include/turtle_interfaces/turtle_interfaces/msg/detail/turtle_pose__functions.h
[0.983s] -- Up-to-date: /home/yahboom/Desktop/lec9/intro_ws/install/turtle_interfaces/include/turtle_interfaces/turtle_interfaces/msg/detail/turtle_pose__struct.h
[0.983s] -- Up-to-date: /home/yahboom/Desktop/lec9/intro_ws/install/turtle_interfaces/include/turtle_interfaces/turtle_interfaces/msg/detail/turtle_pose__type_support.h
[0.983s] -- Up-to-date: /home/yahboom/Desktop/lec9/intro_ws/install/turtle_interfaces/include/turtle_interfaces/turtle_interfaces/msg/turtle_pose.h
[0.983s] -- Up-to-date: /home/yahboom/Desktop/lec9/intro_ws/install/turtle_interfaces/include/turtle_interfaces/turtle_interfaces/msg/rosidl_generator_c__visibility_control.h
[0.983s] -- Up-to-date: /home/yahboom/Desktop/lec9/intro_ws/install/turtle_interfaces/share/turtle_interfaces/environment/library_path.sh
[0.983s] -- Up-to-date: /home/yahboom/Desktop/lec9/intro_ws/install/turtle_interfaces/share/turtle_interfaces/environment/library_path.dsv
[0.984s] -- Up-to-date: /home/yahboom/Desktop/lec9/intro_ws/install/turtle_interfaces/lib/libturtle_interfaces__rosidl_generator_c.so
[0.984s] -- Up-to-date: /home/yahboom/Desktop/lec9/intro_ws/install/turtle_interfaces/include/turtle_interfaces/turtle_interfaces
[0.984s] -- Up-to-date: /home/yahboom/Desktop/lec9/intro_ws/install/turtle_interfaces/include/turtle_interfaces/turtle_interfaces/action
[0.984s] -- Up-to-date: /home/yahboom/Desktop/lec9/intro_ws/install/turtle_interfaces/include/turtle_interfaces/turtle_interfaces/action/detail
[0.985s] -- Up-to-date: /home/yahboom/Desktop/lec9/intro_ws/install/turtle_interfaces/include/turtle_interfaces/turtle_interfaces/action/detail/make_square__rosidl_typesupport_fastrtps_c.h
[0.985s] -- Up-to-date: /home/yahboom/Desktop/lec9/intro_ws/install/turtle_interfaces/include/turtle_interfaces/turtle_interfaces/srv
[0.985s] -- Up-to-date: /home/yahboom/Desktop/lec9/intro_ws/install/turtle_interfaces/include/turtle_interfaces/turtle_interfaces/srv/detail
[0.985s] -- Up-to-date: /home/yahboom/Desktop/lec9/intro_ws/install/turtle_interfaces/include/turtle_interfaces/turtle_interfaces/srv/detail/set_colors__rosidl_typesupport_fastrtps_c.h
[0.986s] -- Up-to-date: /home/yahboom/Desktop/lec9/intro_ws/install/turtle_interfaces/include/turtle_interfaces/turtle_interfaces/msg
[0.987s] -- Up-to-date: /home/yahboom/Desktop/lec9/intro_ws/install/turtle_interfaces/include/turtle_interfaces/turtle_interfaces/msg/detail
[0.987s] -- Up-to-date: /home/yahboom/Desktop/lec9/intro_ws/install/turtle_interfaces/include/turtle_interfaces/turtle_interfaces/msg/detail/turtle_pose__rosidl_typesupport_fastrtps_c.h
[0.988s] -- Up-to-date: /home/yahboom/Desktop/lec9/intro_ws/install/turtle_interfaces/include/turtle_interfaces/turtle_interfaces/msg/rosidl_typesupport_fastrtps_c__visibility_control.h
[0.988s] -- Up-to-date: /home/yahboom/Desktop/lec9/intro_ws/install/turtle_interfaces/lib/libturtle_interfaces__rosidl_typesupport_fastrtps_c.so
[0.988s] -- Up-to-date: /home/yahboom/Desktop/lec9/intro_ws/install/turtle_interfaces/include/turtle_interfaces/turtle_interfaces
[0.988s] -- Up-to-date: /home/yahboom/Desktop/lec9/intro_ws/install/turtle_interfaces/include/turtle_interfaces/turtle_interfaces/action
[0.988s] -- Up-to-date: /home/yahboom/Desktop/lec9/intro_ws/install/turtle_interfaces/include/turtle_interfaces/turtle_interfaces/action/detail
[0.988s] -- Up-to-date: /home/yahboom/Desktop/lec9/intro_ws/install/turtle_interfaces/include/turtle_interfaces/turtle_interfaces/action/detail/make_square__type_support.c
[0.989s] -- Up-to-date: /home/yahboom/Desktop/lec9/intro_ws/install/turtle_interfaces/include/turtle_interfaces/turtle_interfaces/action/detail/make_square__rosidl_typesupport_introspection_c.h
[0.989s] -- Up-to-date: /home/yahboom/Desktop/lec9/intro_ws/install/turtle_interfaces/include/turtle_interfaces/turtle_interfaces/srv
[0.989s] -- Up-to-date: /home/yahboom/Desktop/lec9/intro_ws/install/turtle_interfaces/include/turtle_interfaces/turtle_interfaces/srv/detail
[0.989s] -- Up-to-date: /home/yahboom/Desktop/lec9/intro_ws/install/turtle_interfaces/include/turtle_interfaces/turtle_interfaces/srv/detail/set_colors__type_support.c
[0.990s] -- Up-to-date: /home/yahboom/Desktop/lec9/intro_ws/install/turtle_interfaces/include/turtle_interfaces/turtle_interfaces/srv/detail/set_colors__rosidl_typesupport_introspection_c.h
[0.990s] -- Up-to-date: /home/yahboom/Desktop/lec9/intro_ws/install/turtle_interfaces/include/turtle_interfaces/turtle_interfaces/msg
[0.990s] -- Up-to-date: /home/yahboom/Desktop/lec9/intro_ws/install/turtle_interfaces/include/turtle_interfaces/turtle_interfaces/msg/detail
[0.991s] -- Up-to-date: /home/yahboom/Desktop/lec9/intro_ws/install/turtle_interfaces/include/turtle_interfaces/turtle_interfaces/msg/detail/turtle_pose__rosidl_typesupport_introspection_c.h
[0.991s] -- Up-to-date: /home/yahboom/Desktop/lec9/intro_ws/install/turtle_interfaces/include/turtle_interfaces/turtle_interfaces/msg/detail/turtle_pose__type_support.c
[0.991s] -- Up-to-date: /home/yahboom/Desktop/lec9/intro_ws/install/turtle_interfaces/include/turtle_interfaces/turtle_interfaces/msg/rosidl_typesupport_introspection_c__visibility_control.h
[0.991s] -- Up-to-date: /home/yahboom/Desktop/lec9/intro_ws/install/turtle_interfaces/lib/libturtle_interfaces__rosidl_typesupport_introspection_c.so
[0.992s] -- Up-to-date: /home/yahboom/Desktop/lec9/intro_ws/install/turtle_interfaces/lib/libturtle_interfaces__rosidl_typesupport_c.so
[0.992s] -- Up-to-date: /home/yahboom/Desktop/lec9/intro_ws/install/turtle_interfaces/include/turtle_interfaces/turtle_interfaces
[0.992s] -- Up-to-date: /home/yahboom/Desktop/lec9/intro_ws/install/turtle_interfaces/include/turtle_interfaces/turtle_interfaces/action
[0.992s] -- Up-to-date: /home/yahboom/Desktop/lec9/intro_ws/install/turtle_interfaces/include/turtle_interfaces/turtle_interfaces/action/detail
[0.993s] -- Up-to-date: /home/yahboom/Desktop/lec9/intro_ws/install/turtle_interfaces/include/turtle_interfaces/turtle_interfaces/action/detail/make_square__builder.hpp
[0.993s] -- Up-to-date: /home/yahboom/Desktop/lec9/intro_ws/install/turtle_interfaces/include/turtle_interfaces/turtle_interfaces/action/detail/make_square__traits.hpp
[0.994s] -- Up-to-date: /home/yahboom/Desktop/lec9/intro_ws/install/turtle_interfaces/include/turtle_interfaces/turtle_interfaces/action/detail/make_square__struct.hpp
[0.994s] -- Up-to-date: /home/yahboom/Desktop/lec9/intro_ws/install/turtle_interfaces/include/turtle_interfaces/turtle_interfaces/action/make_square.hpp
[0.994s] -- Up-to-date: /home/yahboom/Desktop/lec9/intro_ws/install/turtle_interfaces/include/turtle_interfaces/turtle_interfaces/srv
[0.994s] -- Up-to-date: /home/yahboom/Desktop/lec9/intro_ws/install/turtle_interfaces/include/turtle_interfaces/turtle_interfaces/srv/detail
[0.994s] -- Up-to-date: /home/yahboom/Desktop/lec9/intro_ws/install/turtle_interfaces/include/turtle_interfaces/turtle_interfaces/srv/detail/set_colors__builder.hpp
[0.995s] -- Up-to-date: /home/yahboom/Desktop/lec9/intro_ws/install/turtle_interfaces/include/turtle_interfaces/turtle_interfaces/srv/detail/set_colors__traits.hpp
[0.995s] -- Up-to-date: /home/yahboom/Desktop/lec9/intro_ws/install/turtle_interfaces/include/turtle_interfaces/turtle_interfaces/srv/detail/set_colors__struct.hpp
[0.995s] -- Up-to-date: /home/yahboom/Desktop/lec9/intro_ws/install/turtle_interfaces/include/turtle_interfaces/turtle_interfaces/srv/set_colors.hpp
[0.995s] -- Up-to-date: /home/yahboom/Desktop/lec9/intro_ws/install/turtle_interfaces/include/turtle_interfaces/turtle_interfaces/msg
[0.995s] -- Up-to-date: /home/yahboom/Desktop/lec9/intro_ws/install/turtle_interfaces/include/turtle_interfaces/turtle_interfaces/msg/detail
[0.996s] -- Up-to-date: /home/yahboom/Desktop/lec9/intro_ws/install/turtle_interfaces/include/turtle_interfaces/turtle_interfaces/msg/detail/turtle_pose__builder.hpp
[0.996s] -- Up-to-date: /home/yahboom/Desktop/lec9/intro_ws/install/turtle_interfaces/include/turtle_interfaces/turtle_interfaces/msg/detail/turtle_pose__traits.hpp
[0.996s] -- Up-to-date: /home/yahboom/Desktop/lec9/intro_ws/install/turtle_interfaces/include/turtle_interfaces/turtle_interfaces/msg/detail/turtle_pose__struct.hpp
[0.996s] -- Up-to-date: /home/yahboom/Desktop/lec9/intro_ws/install/turtle_interfaces/include/turtle_interfaces/turtle_interfaces/msg/turtle_pose.hpp
[0.996s] -- Up-to-date: /home/yahboom/Desktop/lec9/intro_ws/install/turtle_interfaces/include/turtle_interfaces/turtle_interfaces
[0.996s] -- Up-to-date: /home/yahboom/Desktop/lec9/intro_ws/install/turtle_interfaces/include/turtle_interfaces/turtle_interfaces/action
[0.997s] -- Up-to-date: /home/yahboom/Desktop/lec9/intro_ws/install/turtle_interfaces/include/turtle_interfaces/turtle_interfaces/action/detail
[0.997s] -- Up-to-date: /home/yahboom/Desktop/lec9/intro_ws/install/turtle_interfaces/include/turtle_interfaces/turtle_interfaces/action/detail/make_square__rosidl_typesupport_fastrtps_cpp.hpp
[0.997s] -- Up-to-date: /home/yahboom/Desktop/lec9/intro_ws/install/turtle_interfaces/include/turtle_interfaces/turtle_interfaces/action/detail/dds_fastrtps
[0.997s] -- Up-to-date: /home/yahboom/Desktop/lec9/intro_ws/install/turtle_interfaces/include/turtle_interfaces/turtle_interfaces/srv
[0.997s] -- Up-to-date: /home/yahboom/Desktop/lec9/intro_ws/install/turtle_interfaces/include/turtle_interfaces/turtle_interfaces/srv/detail
[0.997s] -- Up-to-date: /home/yahboom/Desktop/lec9/intro_ws/install/turtle_interfaces/include/turtle_interfaces/turtle_interfaces/srv/detail/set_colors__rosidl_typesupport_fastrtps_cpp.hpp
[0.998s] -- Up-to-date: /home/yahboom/Desktop/lec9/intro_ws/install/turtle_interfaces/include/turtle_interfaces/turtle_interfaces/srv/detail/dds_fastrtps
[0.998s] -- Up-to-date: /home/yahboom/Desktop/lec9/intro_ws/install/turtle_interfaces/include/turtle_interfaces/turtle_interfaces/msg
[0.998s] -- Up-to-date: /home/yahboom/Desktop/lec9/intro_ws/install/turtle_interfaces/include/turtle_interfaces/turtle_interfaces/msg/detail
[0.998s] -- Up-to-date: /home/yahboom/Desktop/lec9/intro_ws/install/turtle_interfaces/include/turtle_interfaces/turtle_interfaces/msg/detail/dds_fastrtps
[0.998s] -- Up-to-date: /home/yahboom/Desktop/lec9/intro_ws/install/turtle_interfaces/include/turtle_interfaces/turtle_interfaces/msg/detail/turtle_pose__rosidl_typesupport_fastrtps_cpp.hpp
[0.998s] -- Up-to-date: /home/yahboom/Desktop/lec9/intro_ws/install/turtle_interfaces/include/turtle_interfaces/turtle_interfaces/msg/rosidl_typesupport_fastrtps_cpp__visibility_control.h
[0.998s] -- Up-to-date: /home/yahboom/Desktop/lec9/intro_ws/install/turtle_interfaces/lib/libturtle_interfaces__rosidl_typesupport_fastrtps_cpp.so
[0.999s] -- Up-to-date: /home/yahboom/Desktop/lec9/intro_ws/install/turtle_interfaces/include/turtle_interfaces/turtle_interfaces
[0.999s] -- Up-to-date: /home/yahboom/Desktop/lec9/intro_ws/install/turtle_interfaces/include/turtle_interfaces/turtle_interfaces/action
[0.999s] -- Up-to-date: /home/yahboom/Desktop/lec9/intro_ws/install/turtle_interfaces/include/turtle_interfaces/turtle_interfaces/action/detail
[0.999s] -- Up-to-date: /home/yahboom/Desktop/lec9/intro_ws/install/turtle_interfaces/include/turtle_interfaces/turtle_interfaces/action/detail/make_square__rosidl_typesupport_introspection_cpp.hpp
[0.999s] -- Up-to-date: /home/yahboom/Desktop/lec9/intro_ws/install/turtle_interfaces/include/turtle_interfaces/turtle_interfaces/action/detail/make_square__type_support.cpp
[0.999s] -- Up-to-date: /home/yahboom/Desktop/lec9/intro_ws/install/turtle_interfaces/include/turtle_interfaces/turtle_interfaces/srv
[0.999s] -- Up-to-date: /home/yahboom/Desktop/lec9/intro_ws/install/turtle_interfaces/include/turtle_interfaces/turtle_interfaces/srv/detail
[1.000s] -- Up-to-date: /home/yahboom/Desktop/lec9/intro_ws/install/turtle_interfaces/include/turtle_interfaces/turtle_interfaces/srv/detail/set_colors__type_support.cpp
[1.000s] -- Up-to-date: /home/yahboom/Desktop/lec9/intro_ws/install/turtle_interfaces/include/turtle_interfaces/turtle_interfaces/srv/detail/set_colors__rosidl_typesupport_introspection_cpp.hpp
[1.000s] -- Up-to-date: /home/yahboom/Desktop/lec9/intro_ws/install/turtle_interfaces/include/turtle_interfaces/turtle_interfaces/msg
[1.000s] -- Up-to-date: /home/yahboom/Desktop/lec9/intro_ws/install/turtle_interfaces/include/turtle_interfaces/turtle_interfaces/msg/detail
[1.001s] -- Up-to-date: /home/yahboom/Desktop/lec9/intro_ws/install/turtle_interfaces/include/turtle_interfaces/turtle_interfaces/msg/detail/turtle_pose__rosidl_typesupport_introspection_cpp.hpp
[1.001s] -- Up-to-date: /home/yahboom/Desktop/lec9/intro_ws/install/turtle_interfaces/include/turtle_interfaces/turtle_interfaces/msg/detail/turtle_pose__type_support.cpp
[1.001s] -- Up-to-date: /home/yahboom/Desktop/lec9/intro_ws/install/turtle_interfaces/lib/libturtle_interfaces__rosidl_typesupport_introspection_cpp.so
[1.001s] -- Up-to-date: /home/yahboom/Desktop/lec9/intro_ws/install/turtle_interfaces/lib/libturtle_interfaces__rosidl_typesupport_cpp.so
[1.001s] -- Up-to-date: /home/yahboom/Desktop/lec9/intro_ws/install/turtle_interfaces/share/turtle_interfaces/environment/pythonpath.sh
[1.002s] -- Up-to-date: /home/yahboom/Desktop/lec9/intro_ws/install/turtle_interfaces/share/turtle_interfaces/environment/pythonpath.dsv
[1.002s] -- Up-to-date: /home/yahboom/Desktop/lec9/intro_ws/install/turtle_interfaces/local/lib/python3.10/dist-packages/turtle_interfaces-0.0.0-py3.10.egg-info
[1.002s] -- Installing: /home/yahboom/Desktop/lec9/intro_ws/install/turtle_interfaces/local/lib/python3.10/dist-packages/turtle_interfaces-0.0.0-py3.10.egg-info/top_level.txt
[1.002s] -- Installing: /home/yahboom/Desktop/lec9/intro_ws/install/turtle_interfaces/local/lib/python3.10/dist-packages/turtle_interfaces-0.0.0-py3.10.egg-info/PKG-INFO
[1.002s] -- Installing: /home/yahboom/Desktop/lec9/intro_ws/install/turtle_interfaces/local/lib/python3.10/dist-packages/turtle_interfaces-0.0.0-py3.10.egg-info/dependency_links.txt
[1.003s] -- Installing: /home/yahboom/Desktop/lec9/intro_ws/install/turtle_interfaces/local/lib/python3.10/dist-packages/turtle_interfaces-0.0.0-py3.10.egg-info/SOURCES.txt
[1.003s] -- Up-to-date: /home/yahboom/Desktop/lec9/intro_ws/install/turtle_interfaces/local/lib/python3.10/dist-packages/turtle_interfaces
[1.003s] -- Up-to-date: /home/yahboom/Desktop/lec9/intro_ws/install/turtle_interfaces/local/lib/python3.10/dist-packages/turtle_interfaces/libturtle_interfaces__rosidl_generator_py.so
[1.003s] -- Up-to-date: /home/yahboom/Desktop/lec9/intro_ws/install/turtle_interfaces/local/lib/python3.10/dist-packages/turtle_interfaces/action
[1.003s] -- Up-to-date: /home/yahboom/Desktop/lec9/intro_ws/install/turtle_interfaces/local/lib/python3.10/dist-packages/turtle_interfaces/action/_make_square.py
[1.003s] -- Up-to-date: /home/yahboom/Desktop/lec9/intro_ws/install/turtle_interfaces/local/lib/python3.10/dist-packages/turtle_interfaces/action/__init__.py
[1.004s] -- Up-to-date: /home/yahboom/Desktop/lec9/intro_ws/install/turtle_interfaces/local/lib/python3.10/dist-packages/turtle_interfaces/action/_make_square_s.c
[1.004s] -- Up-to-date: /home/yahboom/Desktop/lec9/intro_ws/install/turtle_interfaces/local/lib/python3.10/dist-packages/turtle_interfaces/_turtle_interfaces_s.ep.rosidl_typesupport_c.c
[1.004s] -- Up-to-date: /home/yahboom/Desktop/lec9/intro_ws/install/turtle_interfaces/local/lib/python3.10/dist-packages/turtle_interfaces/srv
[1.004s] -- Up-to-date: /home/yahboom/Desktop/lec9/intro_ws/install/turtle_interfaces/local/lib/python3.10/dist-packages/turtle_interfaces/srv/__init__.py
[1.004s] -- Up-to-date: /home/yahboom/Desktop/lec9/intro_ws/install/turtle_interfaces/local/lib/python3.10/dist-packages/turtle_interfaces/srv/_set_colors.py
[1.004s] -- Up-to-date: /home/yahboom/Desktop/lec9/intro_ws/install/turtle_interfaces/local/lib/python3.10/dist-packages/turtle_interfaces/srv/_set_colors_s.c
[1.005s] -- Up-to-date: /home/yahboom/Desktop/lec9/intro_ws/install/turtle_interfaces/local/lib/python3.10/dist-packages/turtle_interfaces/turtle_interfaces_s__rosidl_typesupport_introspection_c.cpython-310-x86_64-linux-gnu.so
[1.005s] -- Up-to-date: /home/yahboom/Desktop/lec9/intro_ws/install/turtle_interfaces/local/lib/python3.10/dist-packages/turtle_interfaces/__init__.py
[1.005s] -- Up-to-date: /home/yahboom/Desktop/lec9/intro_ws/install/turtle_interfaces/local/lib/python3.10/dist-packages/turtle_interfaces/turtle_interfaces_s__rosidl_typesupport_fastrtps_c.cpython-310-x86_64-linux-gnu.so
[1.005s] -- Up-to-date: /home/yahboom/Desktop/lec9/intro_ws/install/turtle_interfaces/local/lib/python3.10/dist-packages/turtle_interfaces/_turtle_interfaces_s.ep.rosidl_typesupport_introspection_c.c
[1.005s] -- Up-to-date: /home/yahboom/Desktop/lec9/intro_ws/install/turtle_interfaces/local/lib/python3.10/dist-packages/turtle_interfaces/msg
[1.005s] -- Up-to-date: /home/yahboom/Desktop/lec9/intro_ws/install/turtle_interfaces/local/lib/python3.10/dist-packages/turtle_interfaces/msg/_turtle_pose.py
[1.006s] -- Up-to-date: /home/yahboom/Desktop/lec9/intro_ws/install/turtle_interfaces/local/lib/python3.10/dist-packages/turtle_interfaces/msg/__init__.py
[1.006s] -- Up-to-date: /home/yahboom/Desktop/lec9/intro_ws/install/turtle_interfaces/local/lib/python3.10/dist-packages/turtle_interfaces/msg/_turtle_pose_s.c
[1.006s] -- Up-to-date: /home/yahboom/Desktop/lec9/intro_ws/install/turtle_interfaces/local/lib/python3.10/dist-packages/turtle_interfaces/turtle_interfaces_s__rosidl_typesupport_c.cpython-310-x86_64-linux-gnu.so
[1.006s] -- Up-to-date: /home/yahboom/Desktop/lec9/intro_ws/install/turtle_interfaces/local/lib/python3.10/dist-packages/turtle_interfaces/_turtle_interfaces_s.ep.rosidl_typesupport_fastrtps_c.c
[1.050s] Listing '/home/yahboom/Desktop/lec9/intro_ws/install/turtle_interfaces/local/lib/python3.10/dist-packages/turtle_interfaces'...
[1.051s] Listing '/home/yahboom/Desktop/lec9/intro_ws/install/turtle_interfaces/local/lib/python3.10/dist-packages/turtle_interfaces/action'...
[1.051s] Listing '/home/yahboom/Desktop/lec9/intro_ws/install/turtle_interfaces/local/lib/python3.10/dist-packages/turtle_interfaces/msg'...
[1.051s] Listing '/home/yahboom/Desktop/lec9/intro_ws/install/turtle_interfaces/local/lib/python3.10/dist-packages/turtle_interfaces/srv'...
[1.058s] -- Up-to-date: /home/yahboom/Desktop/lec9/intro_ws/install/turtle_interfaces/local/lib/python3.10/dist-packages/turtle_interfaces/turtle_interfaces_s__rosidl_typesupport_fastrtps_c.cpython-310-x86_64-linux-gnu.so
[1.058s] -- Up-to-date: /home/yahboom/Desktop/lec9/intro_ws/install/turtle_interfaces/local/lib/python3.10/dist-packages/turtle_interfaces/turtle_interfaces_s__rosidl_typesupport_introspection_c.cpython-310-x86_64-linux-gnu.so
[1.058s] -- Up-to-date: /home/yahboom/Desktop/lec9/intro_ws/install/turtle_interfaces/local/lib/python3.10/dist-packages/turtle_interfaces/turtle_interfaces_s__rosidl_typesupport_c.cpython-310-x86_64-linux-gnu.so
[1.058s] -- Up-to-date: /home/yahboom/Desktop/lec9/intro_ws/install/turtle_interfaces/lib/libturtle_interfaces__rosidl_generator_py.so
[1.059s] -- Up-to-date: /home/yahboom/Desktop/lec9/intro_ws/install/turtle_interfaces/share/turtle_interfaces/msg/TurtlePose.idl
[1.059s] -- Up-to-date: /home/yahboom/Desktop/lec9/intro_ws/install/turtle_interfaces/share/turtle_interfaces/srv/SetColors.idl
[1.059s] -- Up-to-date: /home/yahboom/Desktop/lec9/intro_ws/install/turtle_interfaces/share/turtle_interfaces/action/MakeSquare.idl
[1.059s] -- Up-to-date: /home/yahboom/Desktop/lec9/intro_ws/install/turtle_interfaces/share/turtle_interfaces/msg/TurtlePose.msg
[1.060s] -- Up-to-date: /home/yahboom/Desktop/lec9/intro_ws/install/turtle_interfaces/share/turtle_interfaces/srv/SetColors.srv
[1.060s] -- Up-to-date: /home/yahboom/Desktop/lec9/intro_ws/install/turtle_interfaces/share/turtle_interfaces/srv/SetColors_Request.msg
[1.060s] -- Up-to-date: /home/yahboom/Desktop/lec9/intro_ws/install/turtle_interfaces/share/turtle_interfaces/srv/SetColors_Response.msg
[1.061s] -- Up-to-date: /home/yahboom/Desktop/lec9/intro_ws/install/turtle_interfaces/share/turtle_interfaces/action/MakeSquare.action
[1.061s] -- Up-to-date: /home/yahboom/Desktop/lec9/intro_ws/install/turtle_interfaces/share/ament_index/resource_index/package_run_dependencies/turtle_interfaces
[1.062s] -- Up-to-date: /home/yahboom/Desktop/lec9/intro_ws/install/turtle_interfaces/share/ament_index/resource_index/parent_prefix_path/turtle_interfaces
[1.062s] -- Up-to-date: /home/yahboom/Desktop/lec9/intro_ws/install/turtle_interfaces/share/turtle_interfaces/environment/ament_prefix_path.sh
[1.062s] -- Up-to-date: /home/yahboom/Desktop/lec9/intro_ws/install/turtle_interfaces/share/turtle_interfaces/environment/ament_prefix_path.dsv
[1.062s] -- Up-to-date: /home/yahboom/Desktop/lec9/intro_ws/install/turtle_interfaces/share/turtle_interfaces/environment/path.sh
[1.062s] -- Up-to-date: /home/yahboom/Desktop/lec9/intro_ws/install/turtle_interfaces/share/turtle_interfaces/environment/path.dsv
[1.062s] -- Up-to-date: /home/yahboom/Desktop/lec9/intro_ws/install/turtle_interfaces/share/turtle_interfaces/local_setup.bash
[1.063s] -- Up-to-date: /home/yahboom/Desktop/lec9/intro_ws/install/turtle_interfaces/share/turtle_interfaces/local_setup.sh
[1.063s] -- Up-to-date: /home/yahboom/Desktop/lec9/intro_ws/install/turtle_interfaces/share/turtle_interfaces/local_setup.zsh
[1.063s] -- Up-to-date: /home/yahboom/Desktop/lec9/intro_ws/install/turtle_interfaces/share/turtle_interfaces/local_setup.dsv
[1.063s] -- Installing: /home/yahboom/Desktop/lec9/intro_ws/install/turtle_interfaces/share/turtle_interfaces/package.dsv
[1.063s] -- Up-to-date: /home/yahboom/Desktop/lec9/intro_ws/install/turtle_interfaces/share/ament_index/resource_index/packages/turtle_interfaces
[1.063s] -- Up-to-date: /home/yahboom/Desktop/lec9/intro_ws/install/turtle_interfaces/share/turtle_interfaces/cmake/export_turtle_interfaces__rosidl_generator_cExport.cmake
[1.063s] -- Up-to-date: /home/yahboom/Desktop/lec9/intro_ws/install/turtle_interfaces/share/turtle_interfaces/cmake/export_turtle_interfaces__rosidl_generator_cExport-noconfig.cmake
[1.063s] -- Up-to-date: /home/yahboom/Desktop/lec9/intro_ws/install/turtle_interfaces/share/turtle_interfaces/cmake/export_turtle_interfaces__rosidl_typesupport_fastrtps_cExport.cmake
[1.063s] -- Up-to-date: /home/yahboom/Desktop/lec9/intro_ws/install/turtle_interfaces/share/turtle_interfaces/cmake/export_turtle_interfaces__rosidl_typesupport_fastrtps_cExport-noconfig.cmake
[1.064s] -- Up-to-date: /home/yahboom/Desktop/lec9/intro_ws/install/turtle_interfaces/share/turtle_interfaces/cmake/turtle_interfaces__rosidl_typesupport_introspection_cExport.cmake
[1.064s] -- Up-to-date: /home/yahboom/Desktop/lec9/intro_ws/install/turtle_interfaces/share/turtle_interfaces/cmake/turtle_interfaces__rosidl_typesupport_introspection_cExport-noconfig.cmake
[1.064s] -- Up-to-date: /home/yahboom/Desktop/lec9/intro_ws/install/turtle_interfaces/share/turtle_interfaces/cmake/turtle_interfaces__rosidl_typesupport_cExport.cmake
[1.064s] -- Up-to-date: /home/yahboom/Desktop/lec9/intro_ws/install/turtle_interfaces/share/turtle_interfaces/cmake/turtle_interfaces__rosidl_typesupport_cExport-noconfig.cmake
[1.064s] -- Up-to-date: /home/yahboom/Desktop/lec9/intro_ws/install/turtle_interfaces/share/turtle_interfaces/cmake/export_turtle_interfaces__rosidl_generator_cppExport.cmake
[1.064s] -- Up-to-date: /home/yahboom/Desktop/lec9/intro_ws/install/turtle_interfaces/share/turtle_interfaces/cmake/export_turtle_interfaces__rosidl_typesupport_fastrtps_cppExport.cmake
[1.064s] -- Up-to-date: /home/yahboom/Desktop/lec9/intro_ws/install/turtle_interfaces/share/turtle_interfaces/cmake/export_turtle_interfaces__rosidl_typesupport_fastrtps_cppExport-noconfig.cmake
[1.064s] -- Up-to-date: /home/yahboom/Desktop/lec9/intro_ws/install/turtle_interfaces/share/turtle_interfaces/cmake/turtle_interfaces__rosidl_typesupport_introspection_cppExport.cmake
[1.064s] -- Up-to-date: /home/yahboom/Desktop/lec9/intro_ws/install/turtle_interfaces/share/turtle_interfaces/cmake/turtle_interfaces__rosidl_typesupport_introspection_cppExport-noconfig.cmake
[1.064s] -- Up-to-date: /home/yahboom/Desktop/lec9/intro_ws/install/turtle_interfaces/share/turtle_interfaces/cmake/turtle_interfaces__rosidl_typesupport_cppExport.cmake
[1.064s] -- Up-to-date: /home/yahboom/Desktop/lec9/intro_ws/install/turtle_interfaces/share/turtle_interfaces/cmake/turtle_interfaces__rosidl_typesupport_cppExport-noconfig.cmake
[1.064s] -- Up-to-date: /home/yahboom/Desktop/lec9/intro_ws/install/turtle_interfaces/share/turtle_interfaces/cmake/export_turtle_interfaces__rosidl_generator_pyExport.cmake
[1.064s] -- Up-to-date: /home/yahboom/Desktop/lec9/intro_ws/install/turtle_interfaces/share/turtle_interfaces/cmake/export_turtle_interfaces__rosidl_generator_pyExport-noconfig.cmake
[1.064s] -- Up-to-date: /home/yahboom/Desktop/lec9/intro_ws/install/turtle_interfaces/share/turtle_interfaces/cmake/rosidl_cmake-extras.cmake
[1.065s] -- Up-to-date: /home/yahboom/Desktop/lec9/intro_ws/install/turtle_interfaces/share/turtle_interfaces/cmake/ament_cmake_export_dependencies-extras.cmake
[1.065s] -- Up-to-date: /home/yahboom/Desktop/lec9/intro_ws/install/turtle_interfaces/share/turtle_interfaces/cmake/ament_cmake_export_include_directories-extras.cmake
[1.065s] -- Up-to-date: /home/yahboom/Desktop/lec9/intro_ws/install/turtle_interfaces/share/turtle_interfaces/cmake/ament_cmake_export_libraries-extras.cmake
[1.065s] -- Up-to-date: /home/yahboom/Desktop/lec9/intro_ws/install/turtle_interfaces/share/turtle_interfaces/cmake/ament_cmake_export_targets-extras.cmake
[1.065s] -- Up-to-date: /home/yahboom/Desktop/lec9/intro_ws/install/turtle_interfaces/share/turtle_interfaces/cmake/rosidl_cmake_export_typesupport_targets-extras.cmake
[1.065s] -- Up-to-date: /home/yahboom/Desktop/lec9/intro_ws/install/turtle_interfaces/share/turtle_interfaces/cmake/rosidl_cmake_export_typesupport_libraries-extras.cmake
[1.065s] -- Up-to-date: /home/yahboom/Desktop/lec9/intro_ws/install/turtle_interfaces/share/turtle_interfaces/cmake/turtle_interfacesConfig.cmake
[1.066s] -- Up-to-date: /home/yahboom/Desktop/lec9/intro_ws/install/turtle_interfaces/share/turtle_interfaces/cmake/turtle_interfacesConfig-version.cmake
[1.066s] -- Up-to-date: /home/yahboom/Desktop/lec9/intro_ws/install/turtle_interfaces/share/turtle_interfaces/package.xml
[1.067s] Invoked command in '/home/yahboom/Desktop/lec9/intro_ws/build/turtle_interfaces' returned '0': CMAKE_PREFIX_PATH=${CMAKE_PREFIX_PATH}:/home/yahboom/Desktop/lec9/intro_ws/install/turtle_test:/home/yahboom/cartoros2/install/yahboomcar_nav:/home/yahboom/cartoros2/install/yahboomcar_ctrl:/home/yahboom/cartoros2/install/yahboom_visual:/home/yahboom/cartoros2/install/yahboom_dog_joint_state:/home/yahboom/cartoros2/install/yahboom_description:/home/yahboom/cartoros2/install/yahboom_color_identify_server:/home/yahboom/cartoros2/install/yahboom_bringup:/home/yahboom/cartoros2/install/yahboom_base:/home/yahboom/cartoros2/install/yahboom_app_save_map:/home/yahboom/cartoros2/install/update_map:/home/yahboom/cartoros2/install/rosboard:/home/yahboom/cartoros2/install/path_planner_server:/home/yahboom/cartoros2/install/nav2_simple_commander:/home/yahboom/cartoros2/install/nav2_gazebo_spawner:/home/yahboom/cartoros2/install/localization_server:/home/yahboom/cartoros2/install/laserscan_to_point_pulisher:/home/yahboom/yahboomcar_ws/install/yahboom_dog_example:/opt/ros/humble /usr/bin/cmake --install /home/yahboom/Desktop/lec9/intro_ws/build/turtle_interfaces
