[0.099s] Invoking command in '/home/yahboom/roscourse_ws/build/turtle_interfaces': CMAKE_PREFIX_PATH=${CMAKE_PREFIX_PATH}:/home/yahboom/cartoros2/install/yahboomcar_nav:/home/yahboom/cartoros2/install/yahboomcar_ctrl:/home/yahboom/cartoros2/install/yahboom_visual:/home/yahboom/cartoros2/install/yahboom_dog_joint_state:/home/yahboom/cartoros2/install/yahboom_description:/home/yahboom/cartoros2/install/yahboom_color_identify_server:/home/yahboom/cartoros2/install/yahboom_bringup:/home/yahboom/cartoros2/install/yahboom_base:/home/yahboom/cartoros2/install/yahboom_app_save_map:/home/yahboom/cartoros2/install/update_map:/home/yahboom/cartoros2/install/rosboard:/home/yahboom/cartoros2/install/path_planner_server:/home/yahboom/cartoros2/install/nav2_simple_commander:/home/yahboom/cartoros2/install/nav2_gazebo_spawner:/home/yahboom/cartoros2/install/localization_server:/home/yahboom/cartoros2/install/laserscan_to_point_pulisher:/home/yahboom/yahboomcar_ws/install/yahboom_dog_example:/opt/ros/humble /usr/bin/cmake --build /home/yahboom/roscourse_ws/build/turtle_interfaces -- -j4 -l4
[0.577s] [ 10%] Built target turtle_interfaces__rosidl_generator_c
[0.658s] [ 12%] Built target turtle_interfaces__cpp
[0.660s] [ 12%] Built target ament_cmake_python_copy_turtle_interfaces
[0.907s] [ 23%] Built target turtle_interfaces__rosidl_typesupport_introspection_c
[0.933s] [ 34%] Built target turtle_interfaces__rosidl_typesupport_fastrtps_c
[0.940s] [ 44%] Built target turtle_interfaces__rosidl_typesupport_c
[0.997s] [ 55%] Built target turtle_interfaces__rosidl_typesupport_introspection_cpp
[1.153s] [ 65%] Built target turtle_interfaces__rosidl_typesupport_cpp
[1.167s] [ 76%] Built target turtle_interfaces__rosidl_typesupport_fastrtps_cpp
[1.377s] [ 76%] Built target turtle_interfaces
[1.593s] [ 78%] Built target turtle_interfaces__py
[1.829s] [ 87%] Built target turtle_interfaces__rosidl_generator_py
[2.121s] [ 91%] Built target turtle_interfaces__rosidl_typesupport_fastrtps_c__pyext
[2.131s] [ 95%] Built target turtle_interfaces__rosidl_typesupport_c__pyext
[2.170s] [100%] Built target turtle_interfaces__rosidl_typesupport_introspection_c__pyext
[2.304s] running egg_info
[2.306s] writing turtle_interfaces.egg-info/PKG-INFO
[2.307s] writing dependency_links to turtle_interfaces.egg-info/dependency_links.txt
[2.308s] writing top-level names to turtle_interfaces.egg-info/top_level.txt
[2.314s] reading manifest file 'turtle_interfaces.egg-info/SOURCES.txt'
[2.316s] writing manifest file 'turtle_interfaces.egg-info/SOURCES.txt'
[2.424s] [100%] Built target ament_cmake_python_build_turtle_interfaces_egg
[2.486s] Invoked command in '/home/yahboom/roscourse_ws/build/turtle_interfaces' returned '0': CMAKE_PREFIX_PATH=${CMAKE_PREFIX_PATH}:/home/yahboom/cartoros2/install/yahboomcar_nav:/home/yahboom/cartoros2/install/yahboomcar_ctrl:/home/yahboom/cartoros2/install/yahboom_visual:/home/yahboom/cartoros2/install/yahboom_dog_joint_state:/home/yahboom/cartoros2/install/yahboom_description:/home/yahboom/cartoros2/install/yahboom_color_identify_server:/home/yahboom/cartoros2/install/yahboom_bringup:/home/yahboom/cartoros2/install/yahboom_base:/home/yahboom/cartoros2/install/yahboom_app_save_map:/home/yahboom/cartoros2/install/update_map:/home/yahboom/cartoros2/install/rosboard:/home/yahboom/cartoros2/install/path_planner_server:/home/yahboom/cartoros2/install/nav2_simple_commander:/home/yahboom/cartoros2/install/nav2_gazebo_spawner:/home/yahboom/cartoros2/install/localization_server:/home/yahboom/cartoros2/install/laserscan_to_point_pulisher:/home/yahboom/yahboomcar_ws/install/yahboom_dog_example:/opt/ros/humble /usr/bin/cmake --build /home/yahboom/roscourse_ws/build/turtle_interfaces -- -j4 -l4
[3.771s] Invoking command in '/home/yahboom/roscourse_ws/build/turtle_interfaces': CMAKE_PREFIX_PATH=${CMAKE_PREFIX_PATH}:/home/yahboom/cartoros2/install/yahboomcar_nav:/home/yahboom/cartoros2/install/yahboomcar_ctrl:/home/yahboom/cartoros2/install/yahboom_visual:/home/yahboom/cartoros2/install/yahboom_dog_joint_state:/home/yahboom/cartoros2/install/yahboom_description:/home/yahboom/cartoros2/install/yahboom_color_identify_server:/home/yahboom/cartoros2/install/yahboom_bringup:/home/yahboom/cartoros2/install/yahboom_base:/home/yahboom/cartoros2/install/yahboom_app_save_map:/home/yahboom/cartoros2/install/update_map:/home/yahboom/cartoros2/install/rosboard:/home/yahboom/cartoros2/install/path_planner_server:/home/yahboom/cartoros2/install/nav2_simple_commander:/home/yahboom/cartoros2/install/nav2_gazebo_spawner:/home/yahboom/cartoros2/install/localization_server:/home/yahboom/cartoros2/install/laserscan_to_point_pulisher:/home/yahboom/yahboomcar_ws/install/yahboom_dog_example:/opt/ros/humble /usr/bin/cmake --install /home/yahboom/roscourse_ws/build/turtle_interfaces
[3.839s] -- Install configuration: ""
[3.840s] -- Up-to-date: /home/yahboom/roscourse_ws/install/turtle_interfaces/share/ament_index/resource_index/rosidl_interfaces/turtle_interfaces
[3.841s] -- Up-to-date: /home/yahboom/roscourse_ws/install/turtle_interfaces/include/turtle_interfaces/turtle_interfaces
[3.841s] -- Up-to-date: /home/yahboom/roscourse_ws/install/turtle_interfaces/include/turtle_interfaces/turtle_interfaces/srv
[3.841s] -- Up-to-date: /home/yahboom/roscourse_ws/install/turtle_interfaces/include/turtle_interfaces/turtle_interfaces/srv/detail
[3.843s] -- Up-to-date: /home/yahboom/roscourse_ws/install/turtle_interfaces/include/turtle_interfaces/turtle_interfaces/srv/detail/set_color__type_support.h
[3.844s] -- Up-to-date: /home/yahboom/roscourse_ws/install/turtle_interfaces/include/turtle_interfaces/turtle_interfaces/srv/detail/set_color__functions.h
[3.844s] -- Up-to-date: /home/yahboom/roscourse_ws/install/turtle_interfaces/include/turtle_interfaces/turtle_interfaces/srv/detail/set_pose__functions.h
[3.845s] -- Up-to-date: /home/yahboom/roscourse_ws/install/turtle_interfaces/include/turtle_interfaces/turtle_interfaces/srv/detail/set_color__functions.c
[3.846s] -- Up-to-date: /home/yahboom/roscourse_ws/install/turtle_interfaces/include/turtle_interfaces/turtle_interfaces/srv/detail/set_pose__struct.h
[3.847s] -- Up-to-date: /home/yahboom/roscourse_ws/install/turtle_interfaces/include/turtle_interfaces/turtle_interfaces/srv/detail/set_pose__type_support.h
[3.847s] -- Up-to-date: /home/yahboom/roscourse_ws/install/turtle_interfaces/include/turtle_interfaces/turtle_interfaces/srv/detail/set_color__struct.h
[3.848s] -- Up-to-date: /home/yahboom/roscourse_ws/install/turtle_interfaces/include/turtle_interfaces/turtle_interfaces/srv/detail/set_pose__functions.c
[3.848s] -- Up-to-date: /home/yahboom/roscourse_ws/install/turtle_interfaces/include/turtle_interfaces/turtle_interfaces/srv/set_pose.h
[3.849s] -- Up-to-date: /home/yahboom/roscourse_ws/install/turtle_interfaces/include/turtle_interfaces/turtle_interfaces/srv/set_color.h
[3.849s] -- Up-to-date: /home/yahboom/roscourse_ws/install/turtle_interfaces/include/turtle_interfaces/turtle_interfaces/msg
[3.849s] -- Up-to-date: /home/yahboom/roscourse_ws/install/turtle_interfaces/include/turtle_interfaces/turtle_interfaces/msg/detail
[3.850s] -- Up-to-date: /home/yahboom/roscourse_ws/install/turtle_interfaces/include/turtle_interfaces/turtle_interfaces/msg/detail/turtle_msg__functions.c
[3.850s] -- Up-to-date: /home/yahboom/roscourse_ws/install/turtle_interfaces/include/turtle_interfaces/turtle_interfaces/msg/detail/turtle_msg__type_support.h
[3.851s] -- Up-to-date: /home/yahboom/roscourse_ws/install/turtle_interfaces/include/turtle_interfaces/turtle_interfaces/msg/detail/turtle_msg__functions.h
[3.851s] -- Up-to-date: /home/yahboom/roscourse_ws/install/turtle_interfaces/include/turtle_interfaces/turtle_interfaces/msg/detail/turtle_msg__struct.h
[3.852s] -- Up-to-date: /home/yahboom/roscourse_ws/install/turtle_interfaces/include/turtle_interfaces/turtle_interfaces/msg/turtle_msg.h
[3.852s] -- Up-to-date: /home/yahboom/roscourse_ws/install/turtle_interfaces/include/turtle_interfaces/turtle_interfaces/msg/rosidl_generator_c__visibility_control.h
[3.852s] -- Up-to-date: /home/yahboom/roscourse_ws/install/turtle_interfaces/share/turtle_interfaces/environment/library_path.sh
[3.853s] -- Up-to-date: /home/yahboom/roscourse_ws/install/turtle_interfaces/share/turtle_interfaces/environment/library_path.dsv
[3.853s] -- Up-to-date: /home/yahboom/roscourse_ws/install/turtle_interfaces/lib/libturtle_interfaces__rosidl_generator_c.so
[3.853s] -- Up-to-date: /home/yahboom/roscourse_ws/install/turtle_interfaces/include/turtle_interfaces/turtle_interfaces
[3.853s] -- Up-to-date: /home/yahboom/roscourse_ws/install/turtle_interfaces/include/turtle_interfaces/turtle_interfaces/srv
[3.854s] -- Up-to-date: /home/yahboom/roscourse_ws/install/turtle_interfaces/include/turtle_interfaces/turtle_interfaces/srv/detail
[3.854s] -- Up-to-date: /home/yahboom/roscourse_ws/install/turtle_interfaces/include/turtle_interfaces/turtle_interfaces/srv/detail/set_color__rosidl_typesupport_fastrtps_c.h
[3.854s] -- Up-to-date: /home/yahboom/roscourse_ws/install/turtle_interfaces/include/turtle_interfaces/turtle_interfaces/srv/detail/set_pose__rosidl_typesupport_fastrtps_c.h
[3.854s] -- Up-to-date: /home/yahboom/roscourse_ws/install/turtle_interfaces/include/turtle_interfaces/turtle_interfaces/msg
[3.854s] -- Up-to-date: /home/yahboom/roscourse_ws/install/turtle_interfaces/include/turtle_interfaces/turtle_interfaces/msg/detail
[3.854s] -- Up-to-date: /home/yahboom/roscourse_ws/install/turtle_interfaces/include/turtle_interfaces/turtle_interfaces/msg/detail/turtle_msg__rosidl_typesupport_fastrtps_c.h
[3.854s] -- Up-to-date: /home/yahboom/roscourse_ws/install/turtle_interfaces/include/turtle_interfaces/turtle_interfaces/msg/rosidl_typesupport_fastrtps_c__visibility_control.h
[3.854s] -- Up-to-date: /home/yahboom/roscourse_ws/install/turtle_interfaces/lib/libturtle_interfaces__rosidl_typesupport_fastrtps_c.so
[3.855s] -- Up-to-date: /home/yahboom/roscourse_ws/install/turtle_interfaces/include/turtle_interfaces/turtle_interfaces
[3.855s] -- Up-to-date: /home/yahboom/roscourse_ws/install/turtle_interfaces/include/turtle_interfaces/turtle_interfaces/srv
[3.855s] -- Up-to-date: /home/yahboom/roscourse_ws/install/turtle_interfaces/include/turtle_interfaces/turtle_interfaces/srv/set_pose.hpp
[3.856s] -- Up-to-date: /home/yahboom/roscourse_ws/install/turtle_interfaces/include/turtle_interfaces/turtle_interfaces/srv/detail
[3.856s] -- Up-to-date: /home/yahboom/roscourse_ws/install/turtle_interfaces/include/turtle_interfaces/turtle_interfaces/srv/detail/set_color__struct.hpp
[3.857s] -- Up-to-date: /home/yahboom/roscourse_ws/install/turtle_interfaces/include/turtle_interfaces/turtle_interfaces/srv/detail/set_color__builder.hpp
[3.858s] -- Up-to-date: /home/yahboom/roscourse_ws/install/turtle_interfaces/include/turtle_interfaces/turtle_interfaces/srv/detail/set_pose__traits.hpp
[3.858s] -- Up-to-date: /home/yahboom/roscourse_ws/install/turtle_interfaces/include/turtle_interfaces/turtle_interfaces/srv/detail/set_color__traits.hpp
[3.859s] -- Up-to-date: /home/yahboom/roscourse_ws/install/turtle_interfaces/include/turtle_interfaces/turtle_interfaces/srv/detail/set_pose__builder.hpp
[3.859s] -- Up-to-date: /home/yahboom/roscourse_ws/install/turtle_interfaces/include/turtle_interfaces/turtle_interfaces/srv/detail/set_pose__struct.hpp
[3.859s] -- Up-to-date: /home/yahboom/roscourse_ws/install/turtle_interfaces/include/turtle_interfaces/turtle_interfaces/srv/set_color.hpp
[3.859s] -- Up-to-date: /home/yahboom/roscourse_ws/install/turtle_interfaces/include/turtle_interfaces/turtle_interfaces/msg
[3.859s] -- Up-to-date: /home/yahboom/roscourse_ws/install/turtle_interfaces/include/turtle_interfaces/turtle_interfaces/msg/detail
[3.860s] -- Up-to-date: /home/yahboom/roscourse_ws/install/turtle_interfaces/include/turtle_interfaces/turtle_interfaces/msg/detail/turtle_msg__traits.hpp
[3.860s] -- Up-to-date: /home/yahboom/roscourse_ws/install/turtle_interfaces/include/turtle_interfaces/turtle_interfaces/msg/detail/turtle_msg__struct.hpp
[3.860s] -- Up-to-date: /home/yahboom/roscourse_ws/install/turtle_interfaces/include/turtle_interfaces/turtle_interfaces/msg/detail/turtle_msg__builder.hpp
[3.860s] -- Up-to-date: /home/yahboom/roscourse_ws/install/turtle_interfaces/include/turtle_interfaces/turtle_interfaces/msg/turtle_msg.hpp
[3.861s] -- Up-to-date: /home/yahboom/roscourse_ws/install/turtle_interfaces/include/turtle_interfaces/turtle_interfaces
[3.861s] -- Up-to-date: /home/yahboom/roscourse_ws/install/turtle_interfaces/include/turtle_interfaces/turtle_interfaces/srv
[3.861s] -- Up-to-date: /home/yahboom/roscourse_ws/install/turtle_interfaces/include/turtle_interfaces/turtle_interfaces/srv/detail
[3.862s] -- Up-to-date: /home/yahboom/roscourse_ws/install/turtle_interfaces/include/turtle_interfaces/turtle_interfaces/srv/detail/set_color__rosidl_typesupport_fastrtps_cpp.hpp
[3.863s] -- Up-to-date: /home/yahboom/roscourse_ws/install/turtle_interfaces/include/turtle_interfaces/turtle_interfaces/srv/detail/set_pose__rosidl_typesupport_fastrtps_cpp.hpp
[3.863s] -- Up-to-date: /home/yahboom/roscourse_ws/install/turtle_interfaces/include/turtle_interfaces/turtle_interfaces/srv/detail/dds_fastrtps
[3.863s] -- Up-to-date: /home/yahboom/roscourse_ws/install/turtle_interfaces/include/turtle_interfaces/turtle_interfaces/msg
[3.864s] -- Up-to-date: /home/yahboom/roscourse_ws/install/turtle_interfaces/include/turtle_interfaces/turtle_interfaces/msg/detail
[3.864s] -- Up-to-date: /home/yahboom/roscourse_ws/install/turtle_interfaces/include/turtle_interfaces/turtle_interfaces/msg/detail/turtle_msg__rosidl_typesupport_fastrtps_cpp.hpp
[3.865s] -- Up-to-date: /home/yahboom/roscourse_ws/install/turtle_interfaces/include/turtle_interfaces/turtle_interfaces/msg/detail/dds_fastrtps
[3.866s] -- Up-to-date: /home/yahboom/roscourse_ws/install/turtle_interfaces/include/turtle_interfaces/turtle_interfaces/msg/rosidl_typesupport_fastrtps_cpp__visibility_control.h
[3.866s] -- Up-to-date: /home/yahboom/roscourse_ws/install/turtle_interfaces/lib/libturtle_interfaces__rosidl_typesupport_fastrtps_cpp.so
[3.867s] -- Up-to-date: /home/yahboom/roscourse_ws/install/turtle_interfaces/include/turtle_interfaces/turtle_interfaces
[3.867s] -- Up-to-date: /home/yahboom/roscourse_ws/install/turtle_interfaces/include/turtle_interfaces/turtle_interfaces/srv
[3.868s] -- Up-to-date: /home/yahboom/roscourse_ws/install/turtle_interfaces/include/turtle_interfaces/turtle_interfaces/srv/detail
[3.868s] -- Up-to-date: /home/yahboom/roscourse_ws/install/turtle_interfaces/include/turtle_interfaces/turtle_interfaces/srv/detail/set_color__type_support.c
[3.868s] -- Up-to-date: /home/yahboom/roscourse_ws/install/turtle_interfaces/include/turtle_interfaces/turtle_interfaces/srv/detail/set_pose__rosidl_typesupport_introspection_c.h
[3.869s] -- Up-to-date: /home/yahboom/roscourse_ws/install/turtle_interfaces/include/turtle_interfaces/turtle_interfaces/srv/detail/set_pose__type_support.c
[3.869s] -- Up-to-date: /home/yahboom/roscourse_ws/install/turtle_interfaces/include/turtle_interfaces/turtle_interfaces/srv/detail/set_color__rosidl_typesupport_introspection_c.h
[3.869s] -- Up-to-date: /home/yahboom/roscourse_ws/install/turtle_interfaces/include/turtle_interfaces/turtle_interfaces/msg
[3.870s] -- Up-to-date: /home/yahboom/roscourse_ws/install/turtle_interfaces/include/turtle_interfaces/turtle_interfaces/msg/detail
[3.870s] -- Up-to-date: /home/yahboom/roscourse_ws/install/turtle_interfaces/include/turtle_interfaces/turtle_interfaces/msg/detail/turtle_msg__rosidl_typesupport_introspection_c.h
[3.870s] -- Up-to-date: /home/yahboom/roscourse_ws/install/turtle_interfaces/include/turtle_interfaces/turtle_interfaces/msg/detail/turtle_msg__type_support.c
[3.870s] -- Up-to-date: /home/yahboom/roscourse_ws/install/turtle_interfaces/include/turtle_interfaces/turtle_interfaces/msg/rosidl_typesupport_introspection_c__visibility_control.h
[3.871s] -- Up-to-date: /home/yahboom/roscourse_ws/install/turtle_interfaces/lib/libturtle_interfaces__rosidl_typesupport_introspection_c.so
[3.871s] -- Up-to-date: /home/yahboom/roscourse_ws/install/turtle_interfaces/lib/libturtle_interfaces__rosidl_typesupport_c.so
[3.871s] -- Up-to-date: /home/yahboom/roscourse_ws/install/turtle_interfaces/include/turtle_interfaces/turtle_interfaces
[3.871s] -- Up-to-date: /home/yahboom/roscourse_ws/install/turtle_interfaces/include/turtle_interfaces/turtle_interfaces/srv
[3.872s] -- Up-to-date: /home/yahboom/roscourse_ws/install/turtle_interfaces/include/turtle_interfaces/turtle_interfaces/srv/detail
[3.872s] -- Up-to-date: /home/yahboom/roscourse_ws/install/turtle_interfaces/include/turtle_interfaces/turtle_interfaces/srv/detail/set_color__type_support.cpp
[3.872s] -- Up-to-date: /home/yahboom/roscourse_ws/install/turtle_interfaces/include/turtle_interfaces/turtle_interfaces/srv/detail/set_pose__rosidl_typesupport_introspection_cpp.hpp
[3.872s] -- Up-to-date: /home/yahboom/roscourse_ws/install/turtle_interfaces/include/turtle_interfaces/turtle_interfaces/srv/detail/set_pose__type_support.cpp
[3.872s] -- Up-to-date: /home/yahboom/roscourse_ws/install/turtle_interfaces/include/turtle_interfaces/turtle_interfaces/srv/detail/set_color__rosidl_typesupport_introspection_cpp.hpp
[3.873s] -- Up-to-date: /home/yahboom/roscourse_ws/install/turtle_interfaces/include/turtle_interfaces/turtle_interfaces/msg
[3.873s] -- Up-to-date: /home/yahboom/roscourse_ws/install/turtle_interfaces/include/turtle_interfaces/turtle_interfaces/msg/detail
[3.874s] -- Up-to-date: /home/yahboom/roscourse_ws/install/turtle_interfaces/include/turtle_interfaces/turtle_interfaces/msg/detail/turtle_msg__type_support.cpp
[3.874s] -- Up-to-date: /home/yahboom/roscourse_ws/install/turtle_interfaces/include/turtle_interfaces/turtle_interfaces/msg/detail/turtle_msg__rosidl_typesupport_introspection_cpp.hpp
[3.874s] -- Up-to-date: /home/yahboom/roscourse_ws/install/turtle_interfaces/lib/libturtle_interfaces__rosidl_typesupport_introspection_cpp.so
[3.874s] -- Up-to-date: /home/yahboom/roscourse_ws/install/turtle_interfaces/lib/libturtle_interfaces__rosidl_typesupport_cpp.so
[3.874s] -- Up-to-date: /home/yahboom/roscourse_ws/install/turtle_interfaces/share/turtle_interfaces/environment/pythonpath.sh
[3.874s] -- Up-to-date: /home/yahboom/roscourse_ws/install/turtle_interfaces/share/turtle_interfaces/environment/pythonpath.dsv
[3.875s] -- Up-to-date: /home/yahboom/roscourse_ws/install/turtle_interfaces/local/lib/python3.10/dist-packages/turtle_interfaces-0.0.0-py3.10.egg-info
[3.875s] -- Installing: /home/yahboom/roscourse_ws/install/turtle_interfaces/local/lib/python3.10/dist-packages/turtle_interfaces-0.0.0-py3.10.egg-info/top_level.txt
[3.876s] -- Installing: /home/yahboom/roscourse_ws/install/turtle_interfaces/local/lib/python3.10/dist-packages/turtle_interfaces-0.0.0-py3.10.egg-info/PKG-INFO
[3.877s] -- Installing: /home/yahboom/roscourse_ws/install/turtle_interfaces/local/lib/python3.10/dist-packages/turtle_interfaces-0.0.0-py3.10.egg-info/dependency_links.txt
[3.877s] -- Installing: /home/yahboom/roscourse_ws/install/turtle_interfaces/local/lib/python3.10/dist-packages/turtle_interfaces-0.0.0-py3.10.egg-info/SOURCES.txt
[3.878s] -- Up-to-date: /home/yahboom/roscourse_ws/install/turtle_interfaces/local/lib/python3.10/dist-packages/turtle_interfaces
[3.879s] -- Up-to-date: /home/yahboom/roscourse_ws/install/turtle_interfaces/local/lib/python3.10/dist-packages/turtle_interfaces/libturtle_interfaces__rosidl_generator_py.so
[3.880s] -- Up-to-date: /home/yahboom/roscourse_ws/install/turtle_interfaces/local/lib/python3.10/dist-packages/turtle_interfaces/_turtle_interfaces_s.ep.rosidl_typesupport_c.c
[3.880s] -- Up-to-date: /home/yahboom/roscourse_ws/install/turtle_interfaces/local/lib/python3.10/dist-packages/turtle_interfaces/srv
[3.881s] -- Up-to-date: /home/yahboom/roscourse_ws/install/turtle_interfaces/local/lib/python3.10/dist-packages/turtle_interfaces/srv/_set_color.py
[3.881s] -- Up-to-date: /home/yahboom/roscourse_ws/install/turtle_interfaces/local/lib/python3.10/dist-packages/turtle_interfaces/srv/_set_pose_s.c
[3.881s] -- Up-to-date: /home/yahboom/roscourse_ws/install/turtle_interfaces/local/lib/python3.10/dist-packages/turtle_interfaces/srv/__init__.py
[3.882s] -- Up-to-date: /home/yahboom/roscourse_ws/install/turtle_interfaces/local/lib/python3.10/dist-packages/turtle_interfaces/srv/_set_color_s.c
[3.882s] -- Up-to-date: /home/yahboom/roscourse_ws/install/turtle_interfaces/local/lib/python3.10/dist-packages/turtle_interfaces/srv/_set_pose.py
[3.882s] -- Up-to-date: /home/yahboom/roscourse_ws/install/turtle_interfaces/local/lib/python3.10/dist-packages/turtle_interfaces/turtle_interfaces_s__rosidl_typesupport_introspection_c.cpython-310-x86_64-linux-gnu.so
[3.882s] -- Up-to-date: /home/yahboom/roscourse_ws/install/turtle_interfaces/local/lib/python3.10/dist-packages/turtle_interfaces/__init__.py
[3.882s] -- Up-to-date: /home/yahboom/roscourse_ws/install/turtle_interfaces/local/lib/python3.10/dist-packages/turtle_interfaces/turtle_interfaces_s__rosidl_typesupport_fastrtps_c.cpython-310-x86_64-linux-gnu.so
[3.882s] -- Up-to-date: /home/yahboom/roscourse_ws/install/turtle_interfaces/local/lib/python3.10/dist-packages/turtle_interfaces/_turtle_interfaces_s.ep.rosidl_typesupport_introspection_c.c
[3.882s] -- Up-to-date: /home/yahboom/roscourse_ws/install/turtle_interfaces/local/lib/python3.10/dist-packages/turtle_interfaces/msg
[3.883s] -- Up-to-date: /home/yahboom/roscourse_ws/install/turtle_interfaces/local/lib/python3.10/dist-packages/turtle_interfaces/msg/_turtle_msg.py
[3.883s] -- Up-to-date: /home/yahboom/roscourse_ws/install/turtle_interfaces/local/lib/python3.10/dist-packages/turtle_interfaces/msg/__init__.py
[3.883s] -- Up-to-date: /home/yahboom/roscourse_ws/install/turtle_interfaces/local/lib/python3.10/dist-packages/turtle_interfaces/msg/_turtle_msg_s.c
[3.883s] -- Up-to-date: /home/yahboom/roscourse_ws/install/turtle_interfaces/local/lib/python3.10/dist-packages/turtle_interfaces/turtle_interfaces_s__rosidl_typesupport_c.cpython-310-x86_64-linux-gnu.so
[3.883s] -- Up-to-date: /home/yahboom/roscourse_ws/install/turtle_interfaces/local/lib/python3.10/dist-packages/turtle_interfaces/_turtle_interfaces_s.ep.rosidl_typesupport_fastrtps_c.c
[4.024s] Listing '/home/yahboom/roscourse_ws/install/turtle_interfaces/local/lib/python3.10/dist-packages/turtle_interfaces'...
[4.024s] Listing '/home/yahboom/roscourse_ws/install/turtle_interfaces/local/lib/python3.10/dist-packages/turtle_interfaces/msg'...
[4.024s] Listing '/home/yahboom/roscourse_ws/install/turtle_interfaces/local/lib/python3.10/dist-packages/turtle_interfaces/srv'...
[4.041s] -- Up-to-date: /home/yahboom/roscourse_ws/install/turtle_interfaces/local/lib/python3.10/dist-packages/turtle_interfaces/turtle_interfaces_s__rosidl_typesupport_fastrtps_c.cpython-310-x86_64-linux-gnu.so
[4.042s] -- Up-to-date: /home/yahboom/roscourse_ws/install/turtle_interfaces/local/lib/python3.10/dist-packages/turtle_interfaces/turtle_interfaces_s__rosidl_typesupport_introspection_c.cpython-310-x86_64-linux-gnu.so
[4.043s] -- Up-to-date: /home/yahboom/roscourse_ws/install/turtle_interfaces/local/lib/python3.10/dist-packages/turtle_interfaces/turtle_interfaces_s__rosidl_typesupport_c.cpython-310-x86_64-linux-gnu.so
[4.044s] -- Up-to-date: /home/yahboom/roscourse_ws/install/turtle_interfaces/lib/libturtle_interfaces__rosidl_generator_py.so
[4.044s] -- Up-to-date: /home/yahboom/roscourse_ws/install/turtle_interfaces/share/turtle_interfaces/srv/SetPose.idl
[4.045s] -- Up-to-date: /home/yahboom/roscourse_ws/install/turtle_interfaces/share/turtle_interfaces/srv/SetColor.idl
[4.046s] -- Up-to-date: /home/yahboom/roscourse_ws/install/turtle_interfaces/share/turtle_interfaces/msg/TurtleMsg.idl
[4.046s] -- Up-to-date: /home/yahboom/roscourse_ws/install/turtle_interfaces/share/turtle_interfaces/srv/SetPose.srv
[4.050s] -- Up-to-date: /home/yahboom/roscourse_ws/install/turtle_interfaces/share/turtle_interfaces/srv/SetPose_Request.msg
[4.050s] -- Up-to-date: /home/yahboom/roscourse_ws/install/turtle_interfaces/share/turtle_interfaces/srv/SetPose_Response.msg
[4.050s] -- Up-to-date: /home/yahboom/roscourse_ws/install/turtle_interfaces/share/turtle_interfaces/srv/SetColor.srv
[4.054s] -- Up-to-date: /home/yahboom/roscourse_ws/install/turtle_interfaces/share/turtle_interfaces/srv/SetColor_Request.msg
[4.054s] -- Up-to-date: /home/yahboom/roscourse_ws/install/turtle_interfaces/share/turtle_interfaces/srv/SetColor_Response.msg
[4.054s] -- Up-to-date: /home/yahboom/roscourse_ws/install/turtle_interfaces/share/turtle_interfaces/msg/TurtleMsg.msg
[4.055s] -- Up-to-date: /home/yahboom/roscourse_ws/install/turtle_interfaces/share/ament_index/resource_index/package_run_dependencies/turtle_interfaces
[4.055s] -- Up-to-date: /home/yahboom/roscourse_ws/install/turtle_interfaces/share/ament_index/resource_index/parent_prefix_path/turtle_interfaces
[4.056s] -- Up-to-date: /home/yahboom/roscourse_ws/install/turtle_interfaces/share/turtle_interfaces/environment/ament_prefix_path.sh
[4.057s] -- Up-to-date: /home/yahboom/roscourse_ws/install/turtle_interfaces/share/turtle_interfaces/environment/ament_prefix_path.dsv
[4.058s] -- Up-to-date: /home/yahboom/roscourse_ws/install/turtle_interfaces/share/turtle_interfaces/environment/path.sh
[4.062s] -- Up-to-date: /home/yahboom/roscourse_ws/install/turtle_interfaces/share/turtle_interfaces/environment/path.dsv
[4.063s] -- Up-to-date: /home/yahboom/roscourse_ws/install/turtle_interfaces/share/turtle_interfaces/local_setup.bash
[4.063s] -- Up-to-date: /home/yahboom/roscourse_ws/install/turtle_interfaces/share/turtle_interfaces/local_setup.sh
[4.063s] -- Up-to-date: /home/yahboom/roscourse_ws/install/turtle_interfaces/share/turtle_interfaces/local_setup.zsh
[4.064s] -- Up-to-date: /home/yahboom/roscourse_ws/install/turtle_interfaces/share/turtle_interfaces/local_setup.dsv
[4.064s] -- Installing: /home/yahboom/roscourse_ws/install/turtle_interfaces/share/turtle_interfaces/package.dsv
[4.065s] -- Up-to-date: /home/yahboom/roscourse_ws/install/turtle_interfaces/share/ament_index/resource_index/packages/turtle_interfaces
[4.066s] -- Up-to-date: /home/yahboom/roscourse_ws/install/turtle_interfaces/share/turtle_interfaces/cmake/export_turtle_interfaces__rosidl_generator_cExport.cmake
[4.066s] -- Up-to-date: /home/yahboom/roscourse_ws/install/turtle_interfaces/share/turtle_interfaces/cmake/export_turtle_interfaces__rosidl_generator_cExport-noconfig.cmake
[4.066s] -- Up-to-date: /home/yahboom/roscourse_ws/install/turtle_interfaces/share/turtle_interfaces/cmake/export_turtle_interfaces__rosidl_typesupport_fastrtps_cExport.cmake
[4.067s] -- Up-to-date: /home/yahboom/roscourse_ws/install/turtle_interfaces/share/turtle_interfaces/cmake/export_turtle_interfaces__rosidl_typesupport_fastrtps_cExport-noconfig.cmake
[4.067s] -- Up-to-date: /home/yahboom/roscourse_ws/install/turtle_interfaces/share/turtle_interfaces/cmake/export_turtle_interfaces__rosidl_generator_cppExport.cmake
[4.067s] -- Up-to-date: /home/yahboom/roscourse_ws/install/turtle_interfaces/share/turtle_interfaces/cmake/export_turtle_interfaces__rosidl_typesupport_fastrtps_cppExport.cmake
[4.067s] -- Up-to-date: /home/yahboom/roscourse_ws/install/turtle_interfaces/share/turtle_interfaces/cmake/export_turtle_interfaces__rosidl_typesupport_fastrtps_cppExport-noconfig.cmake
[4.068s] -- Up-to-date: /home/yahboom/roscourse_ws/install/turtle_interfaces/share/turtle_interfaces/cmake/turtle_interfaces__rosidl_typesupport_introspection_cExport.cmake
[4.068s] -- Up-to-date: /home/yahboom/roscourse_ws/install/turtle_interfaces/share/turtle_interfaces/cmake/turtle_interfaces__rosidl_typesupport_introspection_cExport-noconfig.cmake
[4.068s] -- Up-to-date: /home/yahboom/roscourse_ws/install/turtle_interfaces/share/turtle_interfaces/cmake/turtle_interfaces__rosidl_typesupport_cExport.cmake
[4.069s] -- Up-to-date: /home/yahboom/roscourse_ws/install/turtle_interfaces/share/turtle_interfaces/cmake/turtle_interfaces__rosidl_typesupport_cExport-noconfig.cmake
[4.069s] -- Up-to-date: /home/yahboom/roscourse_ws/install/turtle_interfaces/share/turtle_interfaces/cmake/turtle_interfaces__rosidl_typesupport_introspection_cppExport.cmake
[4.069s] -- Up-to-date: /home/yahboom/roscourse_ws/install/turtle_interfaces/share/turtle_interfaces/cmake/turtle_interfaces__rosidl_typesupport_introspection_cppExport-noconfig.cmake
[4.070s] -- Up-to-date: /home/yahboom/roscourse_ws/install/turtle_interfaces/share/turtle_interfaces/cmake/turtle_interfaces__rosidl_typesupport_cppExport.cmake
[4.070s] -- Up-to-date: /home/yahboom/roscourse_ws/install/turtle_interfaces/share/turtle_interfaces/cmake/turtle_interfaces__rosidl_typesupport_cppExport-noconfig.cmake
[4.070s] -- Up-to-date: /home/yahboom/roscourse_ws/install/turtle_interfaces/share/turtle_interfaces/cmake/export_turtle_interfaces__rosidl_generator_pyExport.cmake
[4.071s] -- Up-to-date: /home/yahboom/roscourse_ws/install/turtle_interfaces/share/turtle_interfaces/cmake/export_turtle_interfaces__rosidl_generator_pyExport-noconfig.cmake
[4.071s] -- Up-to-date: /home/yahboom/roscourse_ws/install/turtle_interfaces/share/turtle_interfaces/cmake/rosidl_cmake-extras.cmake
[4.071s] -- Up-to-date: /home/yahboom/roscourse_ws/install/turtle_interfaces/share/turtle_interfaces/cmake/ament_cmake_export_dependencies-extras.cmake
[4.071s] -- Up-to-date: /home/yahboom/roscourse_ws/install/turtle_interfaces/share/turtle_interfaces/cmake/ament_cmake_export_include_directories-extras.cmake
[4.078s] -- Up-to-date: /home/yahboom/roscourse_ws/install/turtle_interfaces/share/turtle_interfaces/cmake/ament_cmake_export_libraries-extras.cmake
[4.078s] -- Up-to-date: /home/yahboom/roscourse_ws/install/turtle_interfaces/share/turtle_interfaces/cmake/ament_cmake_export_targets-extras.cmake
[4.079s] -- Up-to-date: /home/yahboom/roscourse_ws/install/turtle_interfaces/share/turtle_interfaces/cmake/rosidl_cmake_export_typesupport_targets-extras.cmake
[4.080s] -- Up-to-date: /home/yahboom/roscourse_ws/install/turtle_interfaces/share/turtle_interfaces/cmake/rosidl_cmake_export_typesupport_libraries-extras.cmake
[4.080s] -- Up-to-date: /home/yahboom/roscourse_ws/install/turtle_interfaces/share/turtle_interfaces/cmake/turtle_interfacesConfig.cmake
[4.080s] -- Up-to-date: /home/yahboom/roscourse_ws/install/turtle_interfaces/share/turtle_interfaces/cmake/turtle_interfacesConfig-version.cmake
[4.080s] -- Up-to-date: /home/yahboom/roscourse_ws/install/turtle_interfaces/share/turtle_interfaces/package.xml
[4.098s] Invoked command in '/home/yahboom/roscourse_ws/build/turtle_interfaces' returned '0': CMAKE_PREFIX_PATH=${CMAKE_PREFIX_PATH}:/home/yahboom/cartoros2/install/yahboomcar_nav:/home/yahboom/cartoros2/install/yahboomcar_ctrl:/home/yahboom/cartoros2/install/yahboom_visual:/home/yahboom/cartoros2/install/yahboom_dog_joint_state:/home/yahboom/cartoros2/install/yahboom_description:/home/yahboom/cartoros2/install/yahboom_color_identify_server:/home/yahboom/cartoros2/install/yahboom_bringup:/home/yahboom/cartoros2/install/yahboom_base:/home/yahboom/cartoros2/install/yahboom_app_save_map:/home/yahboom/cartoros2/install/update_map:/home/yahboom/cartoros2/install/rosboard:/home/yahboom/cartoros2/install/path_planner_server:/home/yahboom/cartoros2/install/nav2_simple_commander:/home/yahboom/cartoros2/install/nav2_gazebo_spawner:/home/yahboom/cartoros2/install/localization_server:/home/yahboom/cartoros2/install/laserscan_to_point_pulisher:/home/yahboom/yahboomcar_ws/install/yahboom_dog_example:/opt/ros/humble /usr/bin/cmake --install /home/yahboom/roscourse_ws/build/turtle_interfaces
