[0.610s] Invoking command in '/home/yahboom/Desktop/S26_RobotProgramming_Crystal/lab6/Carsto/roscourse_sim_ws/src/my_robot': PYTHONPATH=/home/yahboom/Desktop/S26_RobotProgramming_Crystal/lab6/Carsto/roscourse_sim_ws/build/my_robot/prefix_override:/home/yahboom/Desktop/S26_RobotProgramming_Crystal/lab6/Carsto/roscourse_sim_ws/install/my_robot/lib/python3.10/site-packages:${PYTHONPATH} /usr/bin/python3 -W ignore:setup.py install is deprecated setup.py egg_info --egg-base ../../build/my_robot build --build-base /home/yahboom/Desktop/S26_RobotProgramming_Crystal/lab6/Carsto/roscourse_sim_ws/build/my_robot/build install --record /home/yahboom/Desktop/S26_RobotProgramming_Crystal/lab6/Carsto/roscourse_sim_ws/build/my_robot/install.log --single-version-externally-managed install_data
[0.855s] running egg_info
[0.856s] writing ../../build/my_robot/my_robot.egg-info/PKG-INFO
[0.856s] writing dependency_links to ../../build/my_robot/my_robot.egg-info/dependency_links.txt
[0.856s] writing entry points to ../../build/my_robot/my_robot.egg-info/entry_points.txt
[0.856s] writing requirements to ../../build/my_robot/my_robot.egg-info/requires.txt
[0.857s] writing top-level names to ../../build/my_robot/my_robot.egg-info/top_level.txt
[0.858s] reading manifest file '../../build/my_robot/my_robot.egg-info/SOURCES.txt'
[0.859s] writing manifest file '../../build/my_robot/my_robot.egg-info/SOURCES.txt'
[0.859s] running build
[0.859s] running build_py
[0.860s] running install
[0.860s] running install_lib
[0.861s] running install_data
[0.862s] copying urdf/my_robot.urdf -> /home/yahboom/Desktop/S26_RobotProgramming_Crystal/lab6/Carsto/roscourse_sim_ws/install/my_robot/share/my_robot
[0.862s] creating /home/yahboom/Desktop/S26_RobotProgramming_Crystal/lab6/Carsto/roscourse_sim_ws/install/my_robot/share/my_robot/launch
[0.862s] copying launch/my_robot_rviz.launch.py -> /home/yahboom/Desktop/S26_RobotProgramming_Crystal/lab6/Carsto/roscourse_sim_ws/install/my_robot/share/my_robot/launch
[0.862s] copying rviz/my_robot.rviz -> /home/yahboom/Desktop/S26_RobotProgramming_Crystal/lab6/Carsto/roscourse_sim_ws/install/my_robot/share/my_robot
[0.862s] running install_egg_info
[0.864s] removing '/home/yahboom/Desktop/S26_RobotProgramming_Crystal/lab6/Carsto/roscourse_sim_ws/install/my_robot/lib/python3.10/site-packages/my_robot-0.0.0-py3.10.egg-info' (and everything under it)
[0.864s] Copying ../../build/my_robot/my_robot.egg-info to /home/yahboom/Desktop/S26_RobotProgramming_Crystal/lab6/Carsto/roscourse_sim_ws/install/my_robot/lib/python3.10/site-packages/my_robot-0.0.0-py3.10.egg-info
[0.865s] running install_scripts
[0.884s] writing list of installed files to '/home/yahboom/Desktop/S26_RobotProgramming_Crystal/lab6/Carsto/roscourse_sim_ws/build/my_robot/install.log'
[0.903s] Invoked command in '/home/yahboom/Desktop/S26_RobotProgramming_Crystal/lab6/Carsto/roscourse_sim_ws/src/my_robot' returned '0': PYTHONPATH=/home/yahboom/Desktop/S26_RobotProgramming_Crystal/lab6/Carsto/roscourse_sim_ws/build/my_robot/prefix_override:/home/yahboom/Desktop/S26_RobotProgramming_Crystal/lab6/Carsto/roscourse_sim_ws/install/my_robot/lib/python3.10/site-packages:${PYTHONPATH} /usr/bin/python3 -W ignore:setup.py install is deprecated setup.py egg_info --egg-base ../../build/my_robot build --build-base /home/yahboom/Desktop/S26_RobotProgramming_Crystal/lab6/Carsto/roscourse_sim_ws/build/my_robot/build install --record /home/yahboom/Desktop/S26_RobotProgramming_Crystal/lab6/Carsto/roscourse_sim_ws/build/my_robot/install.log --single-version-externally-managed install_data
