[1.459s] Invoking command in '/home/yahboom/Desktop/S26_RobotProgramming_Crystal/Lab4/Lab/roscourse_ws/src/teleop_twist_keyboard': PYTHONPATH=/home/yahboom/Desktop/S26_RobotProgramming_Crystal/Lab4/Lab/roscourse_ws/build/teleop_twist_keyboard/prefix_override:/home/yahboom/Desktop/S26_RobotProgramming_Crystal/Lab4/Lab/roscourse_ws/install/teleop_twist_keyboard/lib/python3.10/site-packages:${PYTHONPATH} /usr/bin/python3 -W ignore:setup.py install is deprecated setup.py egg_info --egg-base ../../build/teleop_twist_keyboard build --build-base /home/yahboom/Desktop/S26_RobotProgramming_Crystal/Lab4/Lab/roscourse_ws/build/teleop_twist_keyboard/build install --record /home/yahboom/Desktop/S26_RobotProgramming_Crystal/Lab4/Lab/roscourse_ws/build/teleop_twist_keyboard/install.log --single-version-externally-managed install_data
[1.814s] running egg_info
[1.815s] writing ../../build/teleop_twist_keyboard/teleop_twist_keyboard.egg-info/PKG-INFO
[1.816s] writing dependency_links to ../../build/teleop_twist_keyboard/teleop_twist_keyboard.egg-info/dependency_links.txt
[1.816s] writing entry points to ../../build/teleop_twist_keyboard/teleop_twist_keyboard.egg-info/entry_points.txt
[1.816s] writing requirements to ../../build/teleop_twist_keyboard/teleop_twist_keyboard.egg-info/requires.txt
[1.817s] writing top-level names to ../../build/teleop_twist_keyboard/teleop_twist_keyboard.egg-info/top_level.txt
[1.818s] reading manifest file '../../build/teleop_twist_keyboard/teleop_twist_keyboard.egg-info/SOURCES.txt'
[1.819s] adding license file 'LICENSE'
[1.819s] writing manifest file '../../build/teleop_twist_keyboard/teleop_twist_keyboard.egg-info/SOURCES.txt'
[1.820s] running build
[1.820s] running build_py
[1.820s] copying teleop_twist_keyboard.py -> /home/yahboom/Desktop/S26_RobotProgramming_Crystal/Lab4/Lab/roscourse_ws/build/teleop_twist_keyboard/build/lib
[1.820s] running install
[1.821s] running install_lib
[1.822s] copying /home/yahboom/Desktop/S26_RobotProgramming_Crystal/Lab4/Lab/roscourse_ws/build/teleop_twist_keyboard/build/lib/teleop_twist_keyboard.py -> /home/yahboom/Desktop/S26_RobotProgramming_Crystal/Lab4/Lab/roscourse_ws/install/teleop_twist_keyboard/lib/python3.10/site-packages
[1.823s] byte-compiling /home/yahboom/Desktop/S26_RobotProgramming_Crystal/Lab4/Lab/roscourse_ws/install/teleop_twist_keyboard/lib/python3.10/site-packages/teleop_twist_keyboard.py to teleop_twist_keyboard.cpython-310.pyc
[1.825s] running install_data
[1.825s] running install_egg_info
[1.827s] removing '/home/yahboom/Desktop/S26_RobotProgramming_Crystal/Lab4/Lab/roscourse_ws/install/teleop_twist_keyboard/lib/python3.10/site-packages/teleop_twist_keyboard-2.4.1-py3.10.egg-info' (and everything under it)
[1.827s] Copying ../../build/teleop_twist_keyboard/teleop_twist_keyboard.egg-info to /home/yahboom/Desktop/S26_RobotProgramming_Crystal/Lab4/Lab/roscourse_ws/install/teleop_twist_keyboard/lib/python3.10/site-packages/teleop_twist_keyboard-2.4.1-py3.10.egg-info
[1.828s] running install_scripts
[1.859s] Installing teleop_twist_keyboard script to /home/yahboom/Desktop/S26_RobotProgramming_Crystal/Lab4/Lab/roscourse_ws/install/teleop_twist_keyboard/lib/teleop_twist_keyboard
[1.859s] writing list of installed files to '/home/yahboom/Desktop/S26_RobotProgramming_Crystal/Lab4/Lab/roscourse_ws/build/teleop_twist_keyboard/install.log'
[2.041s] Invoked command in '/home/yahboom/Desktop/S26_RobotProgramming_Crystal/Lab4/Lab/roscourse_ws/src/teleop_twist_keyboard' returned '0': PYTHONPATH=/home/yahboom/Desktop/S26_RobotProgramming_Crystal/Lab4/Lab/roscourse_ws/build/teleop_twist_keyboard/prefix_override:/home/yahboom/Desktop/S26_RobotProgramming_Crystal/Lab4/Lab/roscourse_ws/install/teleop_twist_keyboard/lib/python3.10/site-packages:${PYTHONPATH} /usr/bin/python3 -W ignore:setup.py install is deprecated setup.py egg_info --egg-base ../../build/teleop_twist_keyboard build --build-base /home/yahboom/Desktop/S26_RobotProgramming_Crystal/Lab4/Lab/roscourse_ws/build/teleop_twist_keyboard/build install --record /home/yahboom/Desktop/S26_RobotProgramming_Crystal/Lab4/Lab/roscourse_ws/build/teleop_twist_keyboard/install.log --single-version-externally-managed install_data
