[0.970s] DEBUG:colcon:Command line arguments: ['/usr/bin/colcon', 'build']
[0.971s] DEBUG:colcon:Parsed command line arguments: Namespace(log_base=None, log_level=None, verb_name='build', build_base='build', install_base='install', merge_install=False, symlink_install=False, test_result_base=None, continue_on_error=False, executor='parallel', parallel_workers=4, event_handlers=None, ignore_user_meta=False, metas=['./colcon.meta'], base_paths=['.'], packages_ignore=None, packages_ignore_regex=None, paths=None, packages_up_to=None, packages_up_to_regex=None, packages_above=None, packages_above_and_dependencies=None, packages_above_depth=None, packages_select_by_dep=None, packages_skip_by_dep=None, packages_skip_up_to=None, packages_select_build_failed=False, packages_skip_build_finished=False, packages_select_test_failures=False, packages_skip_test_passed=False, packages_select=None, packages_skip=None, packages_select_regex=None, packages_skip_regex=None, packages_start=None, packages_end=None, allow_overriding=[], cmake_args=None, cmake_target=None, cmake_target_skip_unavailable=False, cmake_clean_cache=False, cmake_clean_first=False, cmake_force_configure=False, ament_cmake_args=None, catkin_cmake_args=None, catkin_skip_building_tests=False, verb_parser=<colcon_defaults.argument_parser.defaults.DefaultArgumentsDecorator object at 0x717c2c3ea050>, verb_extension=<colcon_core.verb.build.BuildVerb object at 0x717c2c3e9b40>, main=<bound method BuildVerb.main of <colcon_core.verb.build.BuildVerb object at 0x717c2c3e9b40>>)
[1.944s] Level 1:colcon.colcon_core.package_discovery:discover_packages(colcon_meta) check parameters
[1.945s] Level 1:colcon.colcon_core.package_discovery:discover_packages(recursive) check parameters
[1.945s] Level 1:colcon.colcon_core.package_discovery:discover_packages(ignore) check parameters
[1.945s] Level 1:colcon.colcon_core.package_discovery:discover_packages(path) check parameters
[1.945s] Level 1:colcon.colcon_core.package_discovery:discover_packages(colcon_meta) discover
[1.945s] Level 1:colcon.colcon_core.package_discovery:discover_packages(recursive) discover
[1.945s] INFO:colcon.colcon_core.package_discovery:Crawling recursively for packages in '/home/yahboom/ICA_ws'
[1.945s] Level 1:colcon.colcon_core.package_identification:_identify(.) by extensions ['ignore', 'ignore_ament_install']
[1.946s] Level 1:colcon.colcon_core.package_identification:_identify(.) by extension 'ignore'
[1.946s] Level 1:colcon.colcon_core.package_identification:_identify(.) by extension 'ignore_ament_install'
[1.946s] Level 1:colcon.colcon_core.package_identification:_identify(.) by extensions ['colcon_pkg']
[1.946s] Level 1:colcon.colcon_core.package_identification:_identify(.) by extension 'colcon_pkg'
[1.946s] Level 1:colcon.colcon_core.package_identification:_identify(.) by extensions ['colcon_meta']
[1.946s] Level 1:colcon.colcon_core.package_identification:_identify(.) by extension 'colcon_meta'
[1.946s] Level 1:colcon.colcon_core.package_identification:_identify(.) by extensions ['ros']
[1.946s] Level 1:colcon.colcon_core.package_identification:_identify(.) by extension 'ros'
[1.988s] Level 1:colcon.colcon_core.package_identification:_identify(.) by extensions ['cmake', 'python']
[1.988s] Level 1:colcon.colcon_core.package_identification:_identify(.) by extension 'cmake'
[1.988s] Level 1:colcon.colcon_core.package_identification:_identify(.) by extension 'python'
[1.989s] Level 1:colcon.colcon_core.package_identification:_identify(.) by extensions ['python_setup_py']
[1.989s] Level 1:colcon.colcon_core.package_identification:_identify(.) by extension 'python_setup_py'
[1.989s] Level 1:colcon.colcon_core.package_identification:_identify(build) by extensions ['ignore', 'ignore_ament_install']
[1.989s] Level 1:colcon.colcon_core.package_identification:_identify(build) by extension 'ignore'
[1.989s] Level 1:colcon.colcon_core.package_identification:_identify(build) ignored
[1.990s] Level 1:colcon.colcon_core.package_identification:_identify(install) by extensions ['ignore', 'ignore_ament_install']
[1.990s] Level 1:colcon.colcon_core.package_identification:_identify(install) by extension 'ignore'
[1.990s] Level 1:colcon.colcon_core.package_identification:_identify(install) ignored
[1.990s] Level 1:colcon.colcon_core.package_identification:_identify(log) by extensions ['ignore', 'ignore_ament_install']
[1.990s] Level 1:colcon.colcon_core.package_identification:_identify(log) by extension 'ignore'
[1.991s] Level 1:colcon.colcon_core.package_identification:_identify(log) ignored
[1.991s] Level 1:colcon.colcon_core.package_identification:_identify(src) by extensions ['ignore', 'ignore_ament_install']
[1.991s] Level 1:colcon.colcon_core.package_identification:_identify(src) by extension 'ignore'
[1.991s] Level 1:colcon.colcon_core.package_identification:_identify(src) by extension 'ignore_ament_install'
[1.991s] Level 1:colcon.colcon_core.package_identification:_identify(src) by extensions ['colcon_pkg']
[1.991s] Level 1:colcon.colcon_core.package_identification:_identify(src) by extension 'colcon_pkg'
[1.991s] Level 1:colcon.colcon_core.package_identification:_identify(src) by extensions ['colcon_meta']
[1.992s] Level 1:colcon.colcon_core.package_identification:_identify(src) by extension 'colcon_meta'
[1.992s] Level 1:colcon.colcon_core.package_identification:_identify(src) by extensions ['ros']
[1.992s] Level 1:colcon.colcon_core.package_identification:_identify(src) by extension 'ros'
[1.992s] Level 1:colcon.colcon_core.package_identification:_identify(src) by extensions ['cmake', 'python']
[1.992s] Level 1:colcon.colcon_core.package_identification:_identify(src) by extension 'cmake'
[1.992s] Level 1:colcon.colcon_core.package_identification:_identify(src) by extension 'python'
[1.992s] Level 1:colcon.colcon_core.package_identification:_identify(src) by extensions ['python_setup_py']
[1.992s] Level 1:colcon.colcon_core.package_identification:_identify(src) by extension 'python_setup_py'
[1.993s] Level 1:colcon.colcon_core.package_identification:_identify(src/python_parameters) by extensions ['ignore', 'ignore_ament_install']
[1.993s] Level 1:colcon.colcon_core.package_identification:_identify(src/python_parameters) by extension 'ignore'
[1.993s] Level 1:colcon.colcon_core.package_identification:_identify(src/python_parameters) by extension 'ignore_ament_install'
[1.993s] Level 1:colcon.colcon_core.package_identification:_identify(src/python_parameters) by extensions ['colcon_pkg']
[1.993s] Level 1:colcon.colcon_core.package_identification:_identify(src/python_parameters) by extension 'colcon_pkg'
[1.993s] Level 1:colcon.colcon_core.package_identification:_identify(src/python_parameters) by extensions ['colcon_meta']
[1.993s] Level 1:colcon.colcon_core.package_identification:_identify(src/python_parameters) by extension 'colcon_meta'
[1.993s] Level 1:colcon.colcon_core.package_identification:_identify(src/python_parameters) by extensions ['ros']
[1.993s] Level 1:colcon.colcon_core.package_identification:_identify(src/python_parameters) by extension 'ros'
[2.006s] DEBUG:colcon.colcon_core.package_identification:Package 'src/python_parameters' with type 'ros.ament_python' and name 'python_parameters'
[2.006s] Level 1:colcon.colcon_core.package_identification:_identify(src/turtle_interfaces) by extensions ['ignore', 'ignore_ament_install']
[2.006s] Level 1:colcon.colcon_core.package_identification:_identify(src/turtle_interfaces) by extension 'ignore'
[2.006s] Level 1:colcon.colcon_core.package_identification:_identify(src/turtle_interfaces) by extension 'ignore_ament_install'
[2.007s] Level 1:colcon.colcon_core.package_identification:_identify(src/turtle_interfaces) by extensions ['colcon_pkg']
[2.007s] Level 1:colcon.colcon_core.package_identification:_identify(src/turtle_interfaces) by extension 'colcon_pkg'
[2.007s] Level 1:colcon.colcon_core.package_identification:_identify(src/turtle_interfaces) by extensions ['colcon_meta']
[2.007s] Level 1:colcon.colcon_core.package_identification:_identify(src/turtle_interfaces) by extension 'colcon_meta'
[2.007s] Level 1:colcon.colcon_core.package_identification:_identify(src/turtle_interfaces) by extensions ['ros']
[2.007s] Level 1:colcon.colcon_core.package_identification:_identify(src/turtle_interfaces) by extension 'ros'
[2.010s] DEBUG:colcon.colcon_core.package_identification:Package 'src/turtle_interfaces' with type 'ros.ament_cmake' and name 'turtle_interfaces'
[2.010s] Level 1:colcon.colcon_core.package_identification:_identify(src/turtle_test) by extensions ['ignore', 'ignore_ament_install']
[2.010s] Level 1:colcon.colcon_core.package_identification:_identify(src/turtle_test) by extension 'ignore'
[2.011s] Level 1:colcon.colcon_core.package_identification:_identify(src/turtle_test) by extension 'ignore_ament_install'
[2.011s] Level 1:colcon.colcon_core.package_identification:_identify(src/turtle_test) by extensions ['colcon_pkg']
[2.011s] Level 1:colcon.colcon_core.package_identification:_identify(src/turtle_test) by extension 'colcon_pkg'
[2.011s] Level 1:colcon.colcon_core.package_identification:_identify(src/turtle_test) by extensions ['colcon_meta']
[2.011s] Level 1:colcon.colcon_core.package_identification:_identify(src/turtle_test) by extension 'colcon_meta'
[2.011s] Level 1:colcon.colcon_core.package_identification:_identify(src/turtle_test) by extensions ['ros']
[2.011s] Level 1:colcon.colcon_core.package_identification:_identify(src/turtle_test) by extension 'ros'
[2.017s] DEBUG:colcon.colcon_core.package_identification:Found ROS schema reference in package manifest in 'src/turtle_test'
[2.017s] WARNING:colcon.colcon_core.package_identification:Failed to parse ROS package manifest in 'src/turtle_test': Error(s) in package 'src/turtle_test/package.xml':
Error(s):
- The generic dependency on 'std_srvs' is redundant with: exec_depend
- The generic dependency on 'turtle_interfaces' is redundant with: exec_depend
[2.017s] Level 1:colcon.colcon_core.package_identification:_identify(src/turtle_test) by extensions ['cmake', 'python']
[2.017s] Level 1:colcon.colcon_core.package_identification:_identify(src/turtle_test) by extension 'cmake'
[2.017s] Level 1:colcon.colcon_core.package_identification:_identify(src/turtle_test) by extension 'python'
[2.017s] DEBUG:colcon.colcon_core.package_identification:Python package in 'src/turtle_test' passes arguments to the setup() function which requires a different identification extension than 'python'
[2.018s] Level 1:colcon.colcon_core.package_identification:_identify(src/turtle_test) by extensions ['python_setup_py']
[2.018s] Level 1:colcon.colcon_core.package_identification:_identify(src/turtle_test) by extension 'python_setup_py'
[2.820s] DEBUG:colcon.colcon_core.package_identification:Package 'src/turtle_test' with type 'python' and name 'turtle_test'
[2.821s] Level 1:colcon.colcon_core.package_discovery:discover_packages(recursive) using defaults
[2.821s] Level 1:colcon.colcon_core.package_discovery:discover_packages(ignore) discover
[2.821s] Level 1:colcon.colcon_core.package_discovery:discover_packages(ignore) using defaults
[2.821s] Level 1:colcon.colcon_core.package_discovery:discover_packages(path) discover
[2.821s] Level 1:colcon.colcon_core.package_discovery:discover_packages(path) using defaults
[2.932s] Level 1:colcon.colcon_core.package_discovery:discover_packages(prefix_path) check parameters
[2.932s] Level 1:colcon.colcon_core.package_discovery:discover_packages(prefix_path) discover
[2.955s] DEBUG:colcon.colcon_installed_package_information.package_discovery:Found 19 installed packages in /home/yahboom/yahboomcar_ws/install
[2.956s] DEBUG:colcon.colcon_installed_package_information.package_discovery:Found 2 installed packages in /home/yahboom/gmapping_ws/install
[2.961s] DEBUG:colcon.colcon_installed_package_information.package_discovery:Found 76 installed packages in /home/yahboom/cartoros2/install
[2.967s] DEBUG:colcon.colcon_installed_package_information.package_discovery:Found 346 installed packages in /opt/ros/humble
[2.975s] Level 1:colcon.colcon_core.package_discovery:discover_packages(prefix_path) using defaults
[3.353s] Level 5:colcon.colcon_core.verb:set package 'python_parameters' build argument 'cmake_args' from command line to 'None'
[3.354s] Level 5:colcon.colcon_core.verb:set package 'python_parameters' build argument 'cmake_target' from command line to 'None'
[3.354s] Level 5:colcon.colcon_core.verb:set package 'python_parameters' build argument 'cmake_target_skip_unavailable' from command line to 'False'
[3.354s] Level 5:colcon.colcon_core.verb:set package 'python_parameters' build argument 'cmake_clean_cache' from command line to 'False'
[3.354s] Level 5:colcon.colcon_core.verb:set package 'python_parameters' build argument 'cmake_clean_first' from command line to 'False'
[3.354s] Level 5:colcon.colcon_core.verb:set package 'python_parameters' build argument 'cmake_force_configure' from command line to 'False'
[3.354s] Level 5:colcon.colcon_core.verb:set package 'python_parameters' build argument 'ament_cmake_args' from command line to 'None'
[3.354s] Level 5:colcon.colcon_core.verb:set package 'python_parameters' build argument 'catkin_cmake_args' from command line to 'None'
[3.354s] Level 5:colcon.colcon_core.verb:set package 'python_parameters' build argument 'catkin_skip_building_tests' from command line to 'False'
[3.354s] DEBUG:colcon.colcon_core.verb:Building package 'python_parameters' with the following arguments: {'ament_cmake_args': None, 'build_base': '/home/yahboom/ICA_ws/build/python_parameters', 'catkin_cmake_args': None, 'catkin_skip_building_tests': False, 'cmake_args': None, 'cmake_clean_cache': False, 'cmake_clean_first': False, 'cmake_force_configure': False, 'cmake_target': None, 'cmake_target_skip_unavailable': False, 'install_base': '/home/yahboom/ICA_ws/install/python_parameters', 'merge_install': False, 'path': '/home/yahboom/ICA_ws/src/python_parameters', 'symlink_install': False, 'test_result_base': None}
[3.355s] Level 5:colcon.colcon_core.verb:set package 'turtle_interfaces' build argument 'cmake_args' from command line to 'None'
[3.355s] Level 5:colcon.colcon_core.verb:set package 'turtle_interfaces' build argument 'cmake_target' from command line to 'None'
[3.355s] Level 5:colcon.colcon_core.verb:set package 'turtle_interfaces' build argument 'cmake_target_skip_unavailable' from command line to 'False'
[3.355s] Level 5:colcon.colcon_core.verb:set package 'turtle_interfaces' build argument 'cmake_clean_cache' from command line to 'False'
[3.355s] Level 5:colcon.colcon_core.verb:set package 'turtle_interfaces' build argument 'cmake_clean_first' from command line to 'False'
[3.355s] Level 5:colcon.colcon_core.verb:set package 'turtle_interfaces' build argument 'cmake_force_configure' from command line to 'False'
[3.355s] Level 5:colcon.colcon_core.verb:set package 'turtle_interfaces' build argument 'ament_cmake_args' from command line to 'None'
[3.355s] Level 5:colcon.colcon_core.verb:set package 'turtle_interfaces' build argument 'catkin_cmake_args' from command line to 'None'
[3.356s] Level 5:colcon.colcon_core.verb:set package 'turtle_interfaces' build argument 'catkin_skip_building_tests' from command line to 'False'
[3.356s] DEBUG:colcon.colcon_core.verb:Building package 'turtle_interfaces' with the following arguments: {'ament_cmake_args': None, 'build_base': '/home/yahboom/ICA_ws/build/turtle_interfaces', 'catkin_cmake_args': None, 'catkin_skip_building_tests': False, 'cmake_args': None, 'cmake_clean_cache': False, 'cmake_clean_first': False, 'cmake_force_configure': False, 'cmake_target': None, 'cmake_target_skip_unavailable': False, 'install_base': '/home/yahboom/ICA_ws/install/turtle_interfaces', 'merge_install': False, 'path': '/home/yahboom/ICA_ws/src/turtle_interfaces', 'symlink_install': False, 'test_result_base': None}
[3.356s] Level 5:colcon.colcon_core.verb:set package 'turtle_test' build argument 'cmake_args' from command line to 'None'
[3.356s] Level 5:colcon.colcon_core.verb:set package 'turtle_test' build argument 'cmake_target' from command line to 'None'
[3.356s] Level 5:colcon.colcon_core.verb:set package 'turtle_test' build argument 'cmake_target_skip_unavailable' from command line to 'False'
[3.356s] Level 5:colcon.colcon_core.verb:set package 'turtle_test' build argument 'cmake_clean_cache' from command line to 'False'
[3.357s] Level 5:colcon.colcon_core.verb:set package 'turtle_test' build argument 'cmake_clean_first' from command line to 'False'
[3.357s] Level 5:colcon.colcon_core.verb:set package 'turtle_test' build argument 'cmake_force_configure' from command line to 'False'
[3.357s] Level 5:colcon.colcon_core.verb:set package 'turtle_test' build argument 'ament_cmake_args' from command line to 'None'
[3.357s] Level 5:colcon.colcon_core.verb:set package 'turtle_test' build argument 'catkin_cmake_args' from command line to 'None'
[3.357s] Level 5:colcon.colcon_core.verb:set package 'turtle_test' build argument 'catkin_skip_building_tests' from command line to 'False'
[3.357s] DEBUG:colcon.colcon_core.verb:Building package 'turtle_test' with the following arguments: {'ament_cmake_args': None, 'build_base': '/home/yahboom/ICA_ws/build/turtle_test', 'catkin_cmake_args': None, 'catkin_skip_building_tests': False, 'cmake_args': None, 'cmake_clean_cache': False, 'cmake_clean_first': False, 'cmake_force_configure': False, 'cmake_target': None, 'cmake_target_skip_unavailable': False, 'install_base': '/home/yahboom/ICA_ws/install/turtle_test', 'merge_install': False, 'path': '/home/yahboom/ICA_ws/src/turtle_test', 'symlink_install': False, 'test_result_base': None}
[3.357s] INFO:colcon.colcon_core.executor:Executing jobs using 'parallel' executor
[3.360s] DEBUG:colcon.colcon_parallel_executor.executor.parallel:run_until_complete
[3.360s] INFO:colcon.colcon_ros.task.ament_python.build:Building ROS package in '/home/yahboom/ICA_ws/src/python_parameters' with build type 'ament_python'
[3.360s] Level 1:colcon.colcon_core.shell:create_environment_hook('python_parameters', 'ament_prefix_path')
[3.387s] INFO:colcon.colcon_core.plugin_system:Skipping extension 'colcon_core.shell.bat': Not used on non-Windows systems
[3.388s] INFO:colcon.colcon_core.shell:Creating environment hook '/home/yahboom/ICA_ws/install/python_parameters/share/python_parameters/hook/ament_prefix_path.ps1'
[3.392s] INFO:colcon.colcon_core.shell:Creating environment descriptor '/home/yahboom/ICA_ws/install/python_parameters/share/python_parameters/hook/ament_prefix_path.dsv'
[3.394s] INFO:colcon.colcon_core.shell:Creating environment hook '/home/yahboom/ICA_ws/install/python_parameters/share/python_parameters/hook/ament_prefix_path.sh'
[3.396s] INFO:colcon.colcon_core.shell:Skip shell extension 'powershell' for command environment: Not usable outside of PowerShell
[3.396s] DEBUG:colcon.colcon_core.shell:Skip shell extension 'dsv' for command environment
[3.424s] INFO:colcon.colcon_ros.task.ament_cmake.build:Building ROS package in '/home/yahboom/ICA_ws/src/turtle_interfaces' with build type 'ament_cmake'
[3.424s] INFO:colcon.colcon_cmake.task.cmake.build:Building CMake package in '/home/yahboom/ICA_ws/src/turtle_interfaces'
[3.425s] INFO:colcon.colcon_core.shell:Skip shell extension 'powershell' for command environment: Not usable outside of PowerShell
[3.425s] DEBUG:colcon.colcon_core.shell:Skip shell extension 'dsv' for command environment
[3.450s] INFO:colcon.colcon_core.task.python.build:Building Python package in '/home/yahboom/ICA_ws/src/turtle_test'
[3.451s] INFO:colcon.colcon_core.shell:Skip shell extension 'powershell' for command environment: Not usable outside of PowerShell
[3.451s] DEBUG:colcon.colcon_core.shell:Skip shell extension 'dsv' for command environment
[4.356s] INFO:colcon.colcon_core.task.python.build:Building Python package in '/home/yahboom/ICA_ws/src/python_parameters'
[4.357s] INFO:colcon.colcon_core.shell:Skip shell extension 'powershell' for command environment: Not usable outside of PowerShell
[4.357s] DEBUG:colcon.colcon_core.shell:Skip shell extension 'dsv' for command environment
[4.392s] DEBUG:colcon.colcon_core.event_handler.log_command:Invoking command in '/home/yahboom/ICA_ws/build/turtle_interfaces': CMAKE_PREFIX_PATH=${CMAKE_PREFIX_PATH}:/home/yahboom/cartoros2/install/yahboomcar_nav:/home/yahboom/cartoros2/install/yahboomcar_ctrl:/home/yahboom/cartoros2/install/yahboom_visual:/home/yahboom/cartoros2/install/yahboom_dog_joint_state:/home/yahboom/cartoros2/install/yahboom_description:/home/yahboom/cartoros2/install/yahboom_color_identify_server:/home/yahboom/cartoros2/install/yahboom_bringup:/home/yahboom/cartoros2/install/yahboom_base:/home/yahboom/cartoros2/install/yahboom_app_save_map:/home/yahboom/cartoros2/install/update_map:/home/yahboom/cartoros2/install/rosboard:/home/yahboom/cartoros2/install/path_planner_server:/home/yahboom/cartoros2/install/nav2_simple_commander:/home/yahboom/cartoros2/install/nav2_gazebo_spawner:/home/yahboom/cartoros2/install/localization_server:/home/yahboom/cartoros2/install/laserscan_to_point_pulisher:/home/yahboom/yahboomcar_ws/install/yahboom_dog_example:/opt/ros/humble /usr/bin/cmake /home/yahboom/ICA_ws/src/turtle_interfaces -DCMAKE_INSTALL_PREFIX=/home/yahboom/ICA_ws/install/turtle_interfaces
[6.525s] DEBUG:colcon.colcon_core.event_handler.log_command:Invoking command in '/home/yahboom/ICA_ws/src/turtle_test': PYTHONPATH=/home/yahboom/ICA_ws/build/turtle_test/prefix_override:/home/yahboom/ICA_ws/install/turtle_test/lib/python3.10/site-packages:${PYTHONPATH} /usr/bin/python3 -W ignore:setup.py install is deprecated setup.py egg_info --egg-base ../../build/turtle_test build --build-base /home/yahboom/ICA_ws/build/turtle_test/build install --record /home/yahboom/ICA_ws/build/turtle_test/install.log --single-version-externally-managed install_data
[6.630s] DEBUG:colcon.colcon_core.event_handler.log_command:Invoking command in '/home/yahboom/ICA_ws/src/python_parameters': PYTHONPATH=/home/yahboom/ICA_ws/build/python_parameters/prefix_override:/home/yahboom/ICA_ws/install/python_parameters/lib/python3.10/site-packages:${PYTHONPATH} /usr/bin/python3 -W ignore:setup.py install is deprecated setup.py egg_info --egg-base ../../build/python_parameters build --build-base /home/yahboom/ICA_ws/build/python_parameters/build install --record /home/yahboom/ICA_ws/build/python_parameters/install.log --single-version-externally-managed install_data
[7.654s] DEBUG:colcon.colcon_core.event_handler.log_command:Invoked command in '/home/yahboom/ICA_ws/src/turtle_test' returned '0': PYTHONPATH=/home/yahboom/ICA_ws/build/turtle_test/prefix_override:/home/yahboom/ICA_ws/install/turtle_test/lib/python3.10/site-packages:${PYTHONPATH} /usr/bin/python3 -W ignore:setup.py install is deprecated setup.py egg_info --egg-base ../../build/turtle_test build --build-base /home/yahboom/ICA_ws/build/turtle_test/build install --record /home/yahboom/ICA_ws/build/turtle_test/install.log --single-version-externally-managed install_data
[7.679s] Level 1:colcon.colcon_core.environment:checking '/home/yahboom/ICA_ws/install/turtle_test' for CMake module files
[7.680s] Level 1:colcon.colcon_core.environment:checking '/home/yahboom/ICA_ws/install/turtle_test' for CMake config files
[7.681s] Level 1:colcon.colcon_core.environment:checking '/home/yahboom/ICA_ws/install/turtle_test/lib'
[7.681s] Level 1:colcon.colcon_core.environment:checking '/home/yahboom/ICA_ws/install/turtle_test/bin'
[7.681s] Level 1:colcon.colcon_core.environment:checking '/home/yahboom/ICA_ws/install/turtle_test/lib/pkgconfig/turtle_test.pc'
[7.682s] Level 1:colcon.colcon_core.environment:checking '/home/yahboom/ICA_ws/install/turtle_test/lib/python3.10/site-packages'
[7.682s] Level 1:colcon.colcon_core.shell:create_environment_hook('turtle_test', 'pythonpath')
[7.683s] INFO:colcon.colcon_core.shell:Creating environment hook '/home/yahboom/ICA_ws/install/turtle_test/share/turtle_test/hook/pythonpath.ps1'
[7.684s] INFO:colcon.colcon_core.shell:Creating environment descriptor '/home/yahboom/ICA_ws/install/turtle_test/share/turtle_test/hook/pythonpath.dsv'
[7.685s] INFO:colcon.colcon_core.shell:Creating environment hook '/home/yahboom/ICA_ws/install/turtle_test/share/turtle_test/hook/pythonpath.sh'
[7.686s] Level 1:colcon.colcon_core.environment:checking '/home/yahboom/ICA_ws/install/turtle_test/bin'
[7.686s] Level 1:colcon.colcon_core.environment:create_environment_scripts_only(turtle_test)
[7.687s] INFO:colcon.colcon_core.shell:Creating package script '/home/yahboom/ICA_ws/install/turtle_test/share/turtle_test/package.ps1'
[7.689s] INFO:colcon.colcon_core.shell:Creating package descriptor '/home/yahboom/ICA_ws/install/turtle_test/share/turtle_test/package.dsv'
[7.691s] INFO:colcon.colcon_core.shell:Creating package script '/home/yahboom/ICA_ws/install/turtle_test/share/turtle_test/package.sh'
[7.694s] INFO:colcon.colcon_core.shell:Creating package script '/home/yahboom/ICA_ws/install/turtle_test/share/turtle_test/package.bash'
[7.697s] INFO:colcon.colcon_core.shell:Creating package script '/home/yahboom/ICA_ws/install/turtle_test/share/turtle_test/package.zsh'
[7.700s] Level 1:colcon.colcon_core.environment:create_file_with_runtime_dependencies(/home/yahboom/ICA_ws/install/turtle_test/share/colcon-core/packages/turtle_test)
[7.765s] Level 1:colcon.colcon_core.environment:checking '/home/yahboom/ICA_ws/install/python_parameters' for CMake module files
[7.767s] Level 1:colcon.colcon_core.environment:checking '/home/yahboom/ICA_ws/install/python_parameters' for CMake config files
[7.768s] DEBUG:colcon.colcon_core.event_handler.log_command:Invoked command in '/home/yahboom/ICA_ws/src/python_parameters' returned '0': PYTHONPATH=/home/yahboom/ICA_ws/build/python_parameters/prefix_override:/home/yahboom/ICA_ws/install/python_parameters/lib/python3.10/site-packages:${PYTHONPATH} /usr/bin/python3 -W ignore:setup.py install is deprecated setup.py egg_info --egg-base ../../build/python_parameters build --build-base /home/yahboom/ICA_ws/build/python_parameters/build install --record /home/yahboom/ICA_ws/build/python_parameters/install.log --single-version-externally-managed install_data
[7.769s] Level 1:colcon.colcon_core.environment:checking '/home/yahboom/ICA_ws/install/python_parameters/lib'
[7.769s] Level 1:colcon.colcon_core.environment:checking '/home/yahboom/ICA_ws/install/python_parameters/bin'
[7.770s] Level 1:colcon.colcon_core.environment:checking '/home/yahboom/ICA_ws/install/python_parameters/lib/pkgconfig/python_parameters.pc'
[7.770s] Level 1:colcon.colcon_core.environment:checking '/home/yahboom/ICA_ws/install/python_parameters/lib/python3.10/site-packages'
[7.770s] Level 1:colcon.colcon_core.shell:create_environment_hook('python_parameters', 'pythonpath')
[7.771s] INFO:colcon.colcon_core.shell:Creating environment hook '/home/yahboom/ICA_ws/install/python_parameters/share/python_parameters/hook/pythonpath.ps1'
[7.771s] INFO:colcon.colcon_core.shell:Creating environment descriptor '/home/yahboom/ICA_ws/install/python_parameters/share/python_parameters/hook/pythonpath.dsv'
[7.772s] INFO:colcon.colcon_core.shell:Creating environment hook '/home/yahboom/ICA_ws/install/python_parameters/share/python_parameters/hook/pythonpath.sh'
[7.773s] Level 1:colcon.colcon_core.environment:checking '/home/yahboom/ICA_ws/install/python_parameters/bin'
[7.773s] Level 1:colcon.colcon_core.environment:create_environment_scripts_only(python_parameters)
[7.774s] INFO:colcon.colcon_core.shell:Creating package script '/home/yahboom/ICA_ws/install/python_parameters/share/python_parameters/package.ps1'
[7.775s] INFO:colcon.colcon_core.shell:Creating package descriptor '/home/yahboom/ICA_ws/install/python_parameters/share/python_parameters/package.dsv'
[7.776s] INFO:colcon.colcon_core.shell:Creating package script '/home/yahboom/ICA_ws/install/python_parameters/share/python_parameters/package.sh'
[7.777s] INFO:colcon.colcon_core.shell:Creating package script '/home/yahboom/ICA_ws/install/python_parameters/share/python_parameters/package.bash'
[7.777s] INFO:colcon.colcon_core.shell:Creating package script '/home/yahboom/ICA_ws/install/python_parameters/share/python_parameters/package.zsh'
[7.778s] Level 1:colcon.colcon_core.environment:create_file_with_runtime_dependencies(/home/yahboom/ICA_ws/install/python_parameters/share/colcon-core/packages/python_parameters)
[13.709s] DEBUG:colcon.colcon_core.event_handler.log_command:Invoked command in '/home/yahboom/ICA_ws/build/turtle_interfaces' returned '0': CMAKE_PREFIX_PATH=${CMAKE_PREFIX_PATH}:/home/yahboom/cartoros2/install/yahboomcar_nav:/home/yahboom/cartoros2/install/yahboomcar_ctrl:/home/yahboom/cartoros2/install/yahboom_visual:/home/yahboom/cartoros2/install/yahboom_dog_joint_state:/home/yahboom/cartoros2/install/yahboom_description:/home/yahboom/cartoros2/install/yahboom_color_identify_server:/home/yahboom/cartoros2/install/yahboom_bringup:/home/yahboom/cartoros2/install/yahboom_base:/home/yahboom/cartoros2/install/yahboom_app_save_map:/home/yahboom/cartoros2/install/update_map:/home/yahboom/cartoros2/install/rosboard:/home/yahboom/cartoros2/install/path_planner_server:/home/yahboom/cartoros2/install/nav2_simple_commander:/home/yahboom/cartoros2/install/nav2_gazebo_spawner:/home/yahboom/cartoros2/install/localization_server:/home/yahboom/cartoros2/install/laserscan_to_point_pulisher:/home/yahboom/yahboomcar_ws/install/yahboom_dog_example:/opt/ros/humble /usr/bin/cmake /home/yahboom/ICA_ws/src/turtle_interfaces -DCMAKE_INSTALL_PREFIX=/home/yahboom/ICA_ws/install/turtle_interfaces
[13.711s] DEBUG:colcon.colcon_core.event_handler.log_command:Invoking command in '/home/yahboom/ICA_ws/build/turtle_interfaces': CMAKE_PREFIX_PATH=${CMAKE_PREFIX_PATH}:/home/yahboom/cartoros2/install/yahboomcar_nav:/home/yahboom/cartoros2/install/yahboomcar_ctrl:/home/yahboom/cartoros2/install/yahboom_visual:/home/yahboom/cartoros2/install/yahboom_dog_joint_state:/home/yahboom/cartoros2/install/yahboom_description:/home/yahboom/cartoros2/install/yahboom_color_identify_server:/home/yahboom/cartoros2/install/yahboom_bringup:/home/yahboom/cartoros2/install/yahboom_base:/home/yahboom/cartoros2/install/yahboom_app_save_map:/home/yahboom/cartoros2/install/update_map:/home/yahboom/cartoros2/install/rosboard:/home/yahboom/cartoros2/install/path_planner_server:/home/yahboom/cartoros2/install/nav2_simple_commander:/home/yahboom/cartoros2/install/nav2_gazebo_spawner:/home/yahboom/cartoros2/install/localization_server:/home/yahboom/cartoros2/install/laserscan_to_point_pulisher:/home/yahboom/yahboomcar_ws/install/yahboom_dog_example:/opt/ros/humble /usr/bin/cmake --build /home/yahboom/ICA_ws/build/turtle_interfaces -- -j4 -l4
[28.522s] DEBUG:colcon.colcon_core.event_handler.log_command:Invoked command in '/home/yahboom/ICA_ws/build/turtle_interfaces' returned '0': CMAKE_PREFIX_PATH=${CMAKE_PREFIX_PATH}:/home/yahboom/cartoros2/install/yahboomcar_nav:/home/yahboom/cartoros2/install/yahboomcar_ctrl:/home/yahboom/cartoros2/install/yahboom_visual:/home/yahboom/cartoros2/install/yahboom_dog_joint_state:/home/yahboom/cartoros2/install/yahboom_description:/home/yahboom/cartoros2/install/yahboom_color_identify_server:/home/yahboom/cartoros2/install/yahboom_bringup:/home/yahboom/cartoros2/install/yahboom_base:/home/yahboom/cartoros2/install/yahboom_app_save_map:/home/yahboom/cartoros2/install/update_map:/home/yahboom/cartoros2/install/rosboard:/home/yahboom/cartoros2/install/path_planner_server:/home/yahboom/cartoros2/install/nav2_simple_commander:/home/yahboom/cartoros2/install/nav2_gazebo_spawner:/home/yahboom/cartoros2/install/localization_server:/home/yahboom/cartoros2/install/laserscan_to_point_pulisher:/home/yahboom/yahboomcar_ws/install/yahboom_dog_example:/opt/ros/humble /usr/bin/cmake --build /home/yahboom/ICA_ws/build/turtle_interfaces -- -j4 -l4
[29.499s] DEBUG:colcon.colcon_core.event_handler.log_command:Invoking command in '/home/yahboom/ICA_ws/build/turtle_interfaces': CMAKE_PREFIX_PATH=${CMAKE_PREFIX_PATH}:/home/yahboom/cartoros2/install/yahboomcar_nav:/home/yahboom/cartoros2/install/yahboomcar_ctrl:/home/yahboom/cartoros2/install/yahboom_visual:/home/yahboom/cartoros2/install/yahboom_dog_joint_state:/home/yahboom/cartoros2/install/yahboom_description:/home/yahboom/cartoros2/install/yahboom_color_identify_server:/home/yahboom/cartoros2/install/yahboom_bringup:/home/yahboom/cartoros2/install/yahboom_base:/home/yahboom/cartoros2/install/yahboom_app_save_map:/home/yahboom/cartoros2/install/update_map:/home/yahboom/cartoros2/install/rosboard:/home/yahboom/cartoros2/install/path_planner_server:/home/yahboom/cartoros2/install/nav2_simple_commander:/home/yahboom/cartoros2/install/nav2_gazebo_spawner:/home/yahboom/cartoros2/install/localization_server:/home/yahboom/cartoros2/install/laserscan_to_point_pulisher:/home/yahboom/yahboomcar_ws/install/yahboom_dog_example:/opt/ros/humble /usr/bin/cmake --install /home/yahboom/ICA_ws/build/turtle_interfaces
[29.821s] Level 1:colcon.colcon_core.environment:create_environment_scripts_only(turtle_interfaces)
[29.822s] Level 1:colcon.colcon_core.environment:checking '/home/yahboom/ICA_ws/install/turtle_interfaces' for CMake module files
[29.825s] DEBUG:colcon.colcon_core.event_handler.log_command:Invoked command in '/home/yahboom/ICA_ws/build/turtle_interfaces' returned '0': CMAKE_PREFIX_PATH=${CMAKE_PREFIX_PATH}:/home/yahboom/cartoros2/install/yahboomcar_nav:/home/yahboom/cartoros2/install/yahboomcar_ctrl:/home/yahboom/cartoros2/install/yahboom_visual:/home/yahboom/cartoros2/install/yahboom_dog_joint_state:/home/yahboom/cartoros2/install/yahboom_description:/home/yahboom/cartoros2/install/yahboom_color_identify_server:/home/yahboom/cartoros2/install/yahboom_bringup:/home/yahboom/cartoros2/install/yahboom_base:/home/yahboom/cartoros2/install/yahboom_app_save_map:/home/yahboom/cartoros2/install/update_map:/home/yahboom/cartoros2/install/rosboard:/home/yahboom/cartoros2/install/path_planner_server:/home/yahboom/cartoros2/install/nav2_simple_commander:/home/yahboom/cartoros2/install/nav2_gazebo_spawner:/home/yahboom/cartoros2/install/localization_server:/home/yahboom/cartoros2/install/laserscan_to_point_pulisher:/home/yahboom/yahboomcar_ws/install/yahboom_dog_example:/opt/ros/humble /usr/bin/cmake --install /home/yahboom/ICA_ws/build/turtle_interfaces
[29.826s] Level 1:colcon.colcon_core.environment:checking '/home/yahboom/ICA_ws/install/turtle_interfaces' for CMake config files
[29.828s] Level 1:colcon.colcon_core.shell:create_environment_hook('turtle_interfaces', 'cmake_prefix_path')
[29.829s] INFO:colcon.colcon_core.shell:Creating environment hook '/home/yahboom/ICA_ws/install/turtle_interfaces/share/turtle_interfaces/hook/cmake_prefix_path.ps1'
[29.830s] INFO:colcon.colcon_core.shell:Creating environment descriptor '/home/yahboom/ICA_ws/install/turtle_interfaces/share/turtle_interfaces/hook/cmake_prefix_path.dsv'
[29.830s] INFO:colcon.colcon_core.shell:Creating environment hook '/home/yahboom/ICA_ws/install/turtle_interfaces/share/turtle_interfaces/hook/cmake_prefix_path.sh'
[29.831s] Level 1:colcon.colcon_core.environment:checking '/home/yahboom/ICA_ws/install/turtle_interfaces/lib'
[29.831s] Level 1:colcon.colcon_core.shell:create_environment_hook('turtle_interfaces', 'ld_library_path_lib')
[29.832s] INFO:colcon.colcon_core.shell:Creating environment hook '/home/yahboom/ICA_ws/install/turtle_interfaces/share/turtle_interfaces/hook/ld_library_path_lib.ps1'
[29.832s] INFO:colcon.colcon_core.shell:Creating environment descriptor '/home/yahboom/ICA_ws/install/turtle_interfaces/share/turtle_interfaces/hook/ld_library_path_lib.dsv'
[29.833s] INFO:colcon.colcon_core.shell:Creating environment hook '/home/yahboom/ICA_ws/install/turtle_interfaces/share/turtle_interfaces/hook/ld_library_path_lib.sh'
[29.834s] Level 1:colcon.colcon_core.environment:checking '/home/yahboom/ICA_ws/install/turtle_interfaces/bin'
[29.834s] Level 1:colcon.colcon_core.environment:checking '/home/yahboom/ICA_ws/install/turtle_interfaces/lib/pkgconfig/turtle_interfaces.pc'
[29.834s] Level 1:colcon.colcon_core.environment:checking '/home/yahboom/ICA_ws/install/turtle_interfaces/lib/python3.10/site-packages'
[29.835s] Level 1:colcon.colcon_core.environment:checking '/home/yahboom/ICA_ws/install/turtle_interfaces/bin'
[29.836s] INFO:colcon.colcon_core.shell:Creating package script '/home/yahboom/ICA_ws/install/turtle_interfaces/share/turtle_interfaces/package.ps1'
[29.837s] INFO:colcon.colcon_core.shell:Creating package descriptor '/home/yahboom/ICA_ws/install/turtle_interfaces/share/turtle_interfaces/package.dsv'
[29.839s] INFO:colcon.colcon_core.shell:Creating package script '/home/yahboom/ICA_ws/install/turtle_interfaces/share/turtle_interfaces/package.sh'
[29.840s] INFO:colcon.colcon_core.shell:Creating package script '/home/yahboom/ICA_ws/install/turtle_interfaces/share/turtle_interfaces/package.bash'
[29.841s] INFO:colcon.colcon_core.shell:Creating package script '/home/yahboom/ICA_ws/install/turtle_interfaces/share/turtle_interfaces/package.zsh'
[29.841s] Level 1:colcon.colcon_core.environment:create_file_with_runtime_dependencies(/home/yahboom/ICA_ws/install/turtle_interfaces/share/colcon-core/packages/turtle_interfaces)
[30.756s] Level 1:colcon.colcon_core.environment:create_environment_scripts_only(turtle_interfaces)
[30.756s] Level 1:colcon.colcon_core.environment:checking '/home/yahboom/ICA_ws/install/turtle_interfaces' for CMake module files
[30.758s] Level 1:colcon.colcon_core.environment:checking '/home/yahboom/ICA_ws/install/turtle_interfaces' for CMake config files
[30.759s] Level 1:colcon.colcon_core.shell:create_environment_hook('turtle_interfaces', 'cmake_prefix_path')
[30.760s] INFO:colcon.colcon_core.shell:Creating environment hook '/home/yahboom/ICA_ws/install/turtle_interfaces/share/turtle_interfaces/hook/cmake_prefix_path.ps1'
[30.763s] INFO:colcon.colcon_core.shell:Creating environment descriptor '/home/yahboom/ICA_ws/install/turtle_interfaces/share/turtle_interfaces/hook/cmake_prefix_path.dsv'
[30.765s] INFO:colcon.colcon_core.shell:Creating environment hook '/home/yahboom/ICA_ws/install/turtle_interfaces/share/turtle_interfaces/hook/cmake_prefix_path.sh'
[30.767s] Level 1:colcon.colcon_core.environment:checking '/home/yahboom/ICA_ws/install/turtle_interfaces/lib'
[30.767s] Level 1:colcon.colcon_core.shell:create_environment_hook('turtle_interfaces', 'ld_library_path_lib')
[30.767s] INFO:colcon.colcon_core.shell:Creating environment hook '/home/yahboom/ICA_ws/install/turtle_interfaces/share/turtle_interfaces/hook/ld_library_path_lib.ps1'
[30.769s] INFO:colcon.colcon_core.shell:Creating environment descriptor '/home/yahboom/ICA_ws/install/turtle_interfaces/share/turtle_interfaces/hook/ld_library_path_lib.dsv'
[30.771s] INFO:colcon.colcon_core.shell:Creating environment hook '/home/yahboom/ICA_ws/install/turtle_interfaces/share/turtle_interfaces/hook/ld_library_path_lib.sh'
[30.772s] Level 1:colcon.colcon_core.environment:checking '/home/yahboom/ICA_ws/install/turtle_interfaces/bin'
[30.772s] Level 1:colcon.colcon_core.environment:checking '/home/yahboom/ICA_ws/install/turtle_interfaces/lib/pkgconfig/turtle_interfaces.pc'
[30.773s] Level 1:colcon.colcon_core.environment:checking '/home/yahboom/ICA_ws/install/turtle_interfaces/lib/python3.10/site-packages'
[30.773s] Level 1:colcon.colcon_core.environment:checking '/home/yahboom/ICA_ws/install/turtle_interfaces/bin'
[30.774s] INFO:colcon.colcon_core.shell:Creating package script '/home/yahboom/ICA_ws/install/turtle_interfaces/share/turtle_interfaces/package.ps1'
[30.776s] INFO:colcon.colcon_core.shell:Creating package descriptor '/home/yahboom/ICA_ws/install/turtle_interfaces/share/turtle_interfaces/package.dsv'
[30.778s] INFO:colcon.colcon_core.shell:Creating package script '/home/yahboom/ICA_ws/install/turtle_interfaces/share/turtle_interfaces/package.sh'
[30.779s] INFO:colcon.colcon_core.shell:Creating package script '/home/yahboom/ICA_ws/install/turtle_interfaces/share/turtle_interfaces/package.bash'
[30.781s] INFO:colcon.colcon_core.shell:Creating package script '/home/yahboom/ICA_ws/install/turtle_interfaces/share/turtle_interfaces/package.zsh'
[30.782s] Level 1:colcon.colcon_core.environment:create_file_with_runtime_dependencies(/home/yahboom/ICA_ws/install/turtle_interfaces/share/colcon-core/packages/turtle_interfaces)
[30.784s] DEBUG:colcon.colcon_parallel_executor.executor.parallel:closing loop
[30.784s] DEBUG:colcon.colcon_parallel_executor.executor.parallel:loop closed
[30.784s] DEBUG:colcon.colcon_parallel_executor.executor.parallel:run_until_complete finished with '0'
[30.785s] DEBUG:colcon.colcon_core.event_reactor:joining thread
[30.813s] INFO:colcon.colcon_core.plugin_system:Skipping extension 'colcon_notification.desktop_notification.terminal_notifier': Not used on non-Darwin systems
[30.813s] INFO:colcon.colcon_core.plugin_system:Skipping extension 'colcon_notification.desktop_notification.win32': Not used on non-Windows systems
[30.814s] INFO:colcon.colcon_notification.desktop_notification:Sending desktop notification using 'notify2'
[30.881s] DEBUG:colcon.colcon_core.event_reactor:joined thread
[30.882s] INFO:colcon.colcon_core.shell:Creating prefix script '/home/yahboom/ICA_ws/install/local_setup.ps1'
[30.885s] INFO:colcon.colcon_core.shell:Creating prefix util module '/home/yahboom/ICA_ws/install/_local_setup_util_ps1.py'
[30.889s] INFO:colcon.colcon_core.shell:Creating prefix chain script '/home/yahboom/ICA_ws/install/setup.ps1'
[30.903s] INFO:colcon.colcon_core.shell:Creating prefix script '/home/yahboom/ICA_ws/install/local_setup.sh'
[30.906s] INFO:colcon.colcon_core.shell:Creating prefix util module '/home/yahboom/ICA_ws/install/_local_setup_util_sh.py'
[30.907s] INFO:colcon.colcon_core.shell:Creating prefix chain script '/home/yahboom/ICA_ws/install/setup.sh'
[30.927s] INFO:colcon.colcon_core.shell:Creating prefix script '/home/yahboom/ICA_ws/install/local_setup.bash'
[30.928s] INFO:colcon.colcon_core.shell:Creating prefix chain script '/home/yahboom/ICA_ws/install/setup.bash'
[30.941s] INFO:colcon.colcon_core.shell:Creating prefix script '/home/yahboom/ICA_ws/install/local_setup.zsh'
[30.944s] INFO:colcon.colcon_core.shell:Creating prefix chain script '/home/yahboom/ICA_ws/install/setup.zsh'
