[0.763s] DEBUG:colcon:Command line arguments: ['/usr/bin/colcon', 'build']
[0.764s] DEBUG:colcon:Parsed command line arguments: Namespace(log_base=None, log_level=None, verb_name='build', build_base='build', install_base='install', merge_install=False, symlink_install=False, test_result_base=None, continue_on_error=False, executor='parallel', parallel_workers=4, event_handlers=None, ignore_user_meta=False, metas=['./colcon.meta'], base_paths=['.'], packages_ignore=None, packages_ignore_regex=None, paths=None, packages_up_to=None, packages_up_to_regex=None, packages_above=None, packages_above_and_dependencies=None, packages_above_depth=None, packages_select_by_dep=None, packages_skip_by_dep=None, packages_skip_up_to=None, packages_select_build_failed=False, packages_skip_build_finished=False, packages_select_test_failures=False, packages_skip_test_passed=False, packages_select=None, packages_skip=None, packages_select_regex=None, packages_skip_regex=None, packages_start=None, packages_end=None, allow_overriding=[], cmake_args=None, cmake_target=None, cmake_target_skip_unavailable=False, cmake_clean_cache=False, cmake_clean_first=False, cmake_force_configure=False, ament_cmake_args=None, catkin_cmake_args=None, catkin_skip_building_tests=False, verb_parser=<colcon_defaults.argument_parser.defaults.DefaultArgumentsDecorator object at 0x720e9ed73e80>, verb_extension=<colcon_core.verb.build.BuildVerb object at 0x720e9ed73970>, main=<bound method BuildVerb.main of <colcon_core.verb.build.BuildVerb object at 0x720e9ed73970>>)
[2.260s] Level 1:colcon.colcon_core.package_discovery:discover_packages(colcon_meta) check parameters
[2.260s] Level 1:colcon.colcon_core.package_discovery:discover_packages(recursive) check parameters
[2.260s] Level 1:colcon.colcon_core.package_discovery:discover_packages(ignore) check parameters
[2.260s] Level 1:colcon.colcon_core.package_discovery:discover_packages(path) check parameters
[2.260s] Level 1:colcon.colcon_core.package_discovery:discover_packages(colcon_meta) discover
[2.260s] Level 1:colcon.colcon_core.package_discovery:discover_packages(recursive) discover
[2.260s] INFO:colcon.colcon_core.package_discovery:Crawling recursively for packages in '/home/yahboom/roscourse_sim_ws/src'
[2.260s] Level 1:colcon.colcon_core.package_identification:_identify(.) by extensions ['ignore', 'ignore_ament_install']
[2.261s] Level 1:colcon.colcon_core.package_identification:_identify(.) by extension 'ignore'
[2.261s] Level 1:colcon.colcon_core.package_identification:_identify(.) by extension 'ignore_ament_install'
[2.261s] Level 1:colcon.colcon_core.package_identification:_identify(.) by extensions ['colcon_pkg']
[2.261s] Level 1:colcon.colcon_core.package_identification:_identify(.) by extension 'colcon_pkg'
[2.261s] Level 1:colcon.colcon_core.package_identification:_identify(.) by extensions ['colcon_meta']
[2.261s] Level 1:colcon.colcon_core.package_identification:_identify(.) by extension 'colcon_meta'
[2.261s] Level 1:colcon.colcon_core.package_identification:_identify(.) by extensions ['ros']
[2.262s] Level 1:colcon.colcon_core.package_identification:_identify(.) by extension 'ros'
[2.356s] Level 1:colcon.colcon_core.package_identification:_identify(.) by extensions ['cmake', 'python']
[2.357s] Level 1:colcon.colcon_core.package_identification:_identify(.) by extension 'cmake'
[2.357s] Level 1:colcon.colcon_core.package_identification:_identify(.) by extension 'python'
[2.357s] Level 1:colcon.colcon_core.package_identification:_identify(.) by extensions ['python_setup_py']
[2.357s] Level 1:colcon.colcon_core.package_identification:_identify(.) by extension 'python_setup_py'
[2.357s] Level 1:colcon.colcon_core.package_identification:_identify(build) by extensions ['ignore', 'ignore_ament_install']
[2.358s] Level 1:colcon.colcon_core.package_identification:_identify(build) by extension 'ignore'
[2.358s] Level 1:colcon.colcon_core.package_identification:_identify(build) ignored
[2.358s] Level 1:colcon.colcon_core.package_identification:_identify(install) by extensions ['ignore', 'ignore_ament_install']
[2.358s] Level 1:colcon.colcon_core.package_identification:_identify(install) by extension 'ignore'
[2.359s] Level 1:colcon.colcon_core.package_identification:_identify(install) ignored
[2.359s] Level 1:colcon.colcon_core.package_identification:_identify(log) by extensions ['ignore', 'ignore_ament_install']
[2.359s] Level 1:colcon.colcon_core.package_identification:_identify(log) by extension 'ignore'
[2.359s] Level 1:colcon.colcon_core.package_identification:_identify(log) ignored
[2.359s] Level 1:colcon.colcon_core.package_identification:_identify(my_robot) by extensions ['ignore', 'ignore_ament_install']
[2.360s] Level 1:colcon.colcon_core.package_identification:_identify(my_robot) by extension 'ignore'
[2.360s] Level 1:colcon.colcon_core.package_identification:_identify(my_robot) by extension 'ignore_ament_install'
[2.360s] Level 1:colcon.colcon_core.package_identification:_identify(my_robot) by extensions ['colcon_pkg']
[2.360s] Level 1:colcon.colcon_core.package_identification:_identify(my_robot) by extension 'colcon_pkg'
[2.360s] Level 1:colcon.colcon_core.package_identification:_identify(my_robot) by extensions ['colcon_meta']
[2.360s] Level 1:colcon.colcon_core.package_identification:_identify(my_robot) by extension 'colcon_meta'
[2.360s] Level 1:colcon.colcon_core.package_identification:_identify(my_robot) by extensions ['ros']
[2.361s] Level 1:colcon.colcon_core.package_identification:_identify(my_robot) by extension 'ros'
[2.372s] DEBUG:colcon.colcon_core.package_identification:Package 'my_robot' with type 'ros.ament_python' and name 'my_robot'
[2.372s] Level 1:colcon.colcon_core.package_discovery:discover_packages(recursive) using defaults
[2.372s] Level 1:colcon.colcon_core.package_discovery:discover_packages(ignore) discover
[2.372s] Level 1:colcon.colcon_core.package_discovery:discover_packages(ignore) using defaults
[2.372s] Level 1:colcon.colcon_core.package_discovery:discover_packages(path) discover
[2.373s] Level 1:colcon.colcon_core.package_discovery:discover_packages(path) using defaults
[2.529s] Level 1:colcon.colcon_core.package_discovery:discover_packages(prefix_path) check parameters
[2.529s] Level 1:colcon.colcon_core.package_discovery:discover_packages(prefix_path) discover
[2.564s] DEBUG:colcon.colcon_installed_package_information.package_discovery:Found 19 installed packages in /home/yahboom/yahboomcar_ws/install
[2.566s] DEBUG:colcon.colcon_installed_package_information.package_discovery:Found 2 installed packages in /home/yahboom/gmapping_ws/install
[2.574s] DEBUG:colcon.colcon_installed_package_information.package_discovery:Found 76 installed packages in /home/yahboom/cartoros2/install
[2.584s] DEBUG:colcon.colcon_installed_package_information.package_discovery:Found 348 installed packages in /opt/ros/humble
[2.601s] Level 1:colcon.colcon_core.package_discovery:discover_packages(prefix_path) using defaults
[2.991s] Level 5:colcon.colcon_core.verb:set package 'my_robot' build argument 'cmake_args' from command line to 'None'
[2.991s] Level 5:colcon.colcon_core.verb:set package 'my_robot' build argument 'cmake_target' from command line to 'None'
[2.991s] Level 5:colcon.colcon_core.verb:set package 'my_robot' build argument 'cmake_target_skip_unavailable' from command line to 'False'
[2.991s] Level 5:colcon.colcon_core.verb:set package 'my_robot' build argument 'cmake_clean_cache' from command line to 'False'
[2.991s] Level 5:colcon.colcon_core.verb:set package 'my_robot' build argument 'cmake_clean_first' from command line to 'False'
[2.991s] Level 5:colcon.colcon_core.verb:set package 'my_robot' build argument 'cmake_force_configure' from command line to 'False'
[2.991s] Level 5:colcon.colcon_core.verb:set package 'my_robot' build argument 'ament_cmake_args' from command line to 'None'
[2.991s] Level 5:colcon.colcon_core.verb:set package 'my_robot' build argument 'catkin_cmake_args' from command line to 'None'
[2.991s] Level 5:colcon.colcon_core.verb:set package 'my_robot' build argument 'catkin_skip_building_tests' from command line to 'False'
[2.992s] DEBUG:colcon.colcon_core.verb:Building package 'my_robot' with the following arguments: {'ament_cmake_args': None, 'build_base': '/home/yahboom/roscourse_sim_ws/src/build/my_robot', 'catkin_cmake_args': None, 'catkin_skip_building_tests': False, 'cmake_args': None, 'cmake_clean_cache': False, 'cmake_clean_first': False, 'cmake_force_configure': False, 'cmake_target': None, 'cmake_target_skip_unavailable': False, 'install_base': '/home/yahboom/roscourse_sim_ws/src/install/my_robot', 'merge_install': False, 'path': '/home/yahboom/roscourse_sim_ws/src/my_robot', 'symlink_install': False, 'test_result_base': None}
[2.992s] INFO:colcon.colcon_core.executor:Executing jobs using 'parallel' executor
[2.995s] DEBUG:colcon.colcon_parallel_executor.executor.parallel:run_until_complete
[2.995s] INFO:colcon.colcon_ros.task.ament_python.build:Building ROS package in '/home/yahboom/roscourse_sim_ws/src/my_robot' with build type 'ament_python'
[2.996s] Level 1:colcon.colcon_core.shell:create_environment_hook('my_robot', 'ament_prefix_path')
[3.026s] INFO:colcon.colcon_core.plugin_system:Skipping extension 'colcon_core.shell.bat': Not used on non-Windows systems
[3.026s] INFO:colcon.colcon_core.shell:Creating environment hook '/home/yahboom/roscourse_sim_ws/src/install/my_robot/share/my_robot/hook/ament_prefix_path.ps1'
[3.031s] INFO:colcon.colcon_core.shell:Creating environment descriptor '/home/yahboom/roscourse_sim_ws/src/install/my_robot/share/my_robot/hook/ament_prefix_path.dsv'
[3.033s] INFO:colcon.colcon_core.shell:Creating environment hook '/home/yahboom/roscourse_sim_ws/src/install/my_robot/share/my_robot/hook/ament_prefix_path.sh'
[3.036s] INFO:colcon.colcon_core.shell:Skip shell extension 'powershell' for command environment: Not usable outside of PowerShell
[3.036s] DEBUG:colcon.colcon_core.shell:Skip shell extension 'dsv' for command environment
[4.220s] INFO:colcon.colcon_core.task.python.build:Building Python package in '/home/yahboom/roscourse_sim_ws/src/my_robot'
[4.221s] INFO:colcon.colcon_core.shell:Skip shell extension 'powershell' for command environment: Not usable outside of PowerShell
[4.221s] DEBUG:colcon.colcon_core.shell:Skip shell extension 'dsv' for command environment
[5.942s] DEBUG:colcon.colcon_core.event_handler.log_command:Invoking command in '/home/yahboom/roscourse_sim_ws/src/my_robot': PYTHONPATH=/home/yahboom/roscourse_sim_ws/src/build/my_robot/prefix_override:/home/yahboom/roscourse_sim_ws/src/install/my_robot/lib/python3.10/site-packages:${PYTHONPATH} /usr/bin/python3 -W ignore:setup.py install is deprecated setup.py egg_info --egg-base ../build/my_robot build --build-base /home/yahboom/roscourse_sim_ws/src/build/my_robot/build install --record /home/yahboom/roscourse_sim_ws/src/build/my_robot/install.log --single-version-externally-managed install_data
[7.071s] DEBUG:colcon.colcon_core.event_handler.log_command:Invoked command in '/home/yahboom/roscourse_sim_ws/src/my_robot' returned '0': PYTHONPATH=/home/yahboom/roscourse_sim_ws/src/build/my_robot/prefix_override:/home/yahboom/roscourse_sim_ws/src/install/my_robot/lib/python3.10/site-packages:${PYTHONPATH} /usr/bin/python3 -W ignore:setup.py install is deprecated setup.py egg_info --egg-base ../build/my_robot build --build-base /home/yahboom/roscourse_sim_ws/src/build/my_robot/build install --record /home/yahboom/roscourse_sim_ws/src/build/my_robot/install.log --single-version-externally-managed install_data
[7.138s] Level 1:colcon.colcon_core.environment:checking '/home/yahboom/roscourse_sim_ws/src/install/my_robot' for CMake module files
[7.140s] Level 1:colcon.colcon_core.environment:checking '/home/yahboom/roscourse_sim_ws/src/install/my_robot' for CMake config files
[7.142s] Level 1:colcon.colcon_core.environment:checking '/home/yahboom/roscourse_sim_ws/src/install/my_robot/lib'
[7.142s] Level 1:colcon.colcon_core.environment:checking '/home/yahboom/roscourse_sim_ws/src/install/my_robot/bin'
[7.142s] Level 1:colcon.colcon_core.environment:checking '/home/yahboom/roscourse_sim_ws/src/install/my_robot/lib/pkgconfig/my_robot.pc'
[7.143s] Level 1:colcon.colcon_core.environment:checking '/home/yahboom/roscourse_sim_ws/src/install/my_robot/lib/python3.10/site-packages'
[7.143s] Level 1:colcon.colcon_core.shell:create_environment_hook('my_robot', 'pythonpath')
[7.144s] INFO:colcon.colcon_core.shell:Creating environment hook '/home/yahboom/roscourse_sim_ws/src/install/my_robot/share/my_robot/hook/pythonpath.ps1'
[7.145s] INFO:colcon.colcon_core.shell:Creating environment descriptor '/home/yahboom/roscourse_sim_ws/src/install/my_robot/share/my_robot/hook/pythonpath.dsv'
[7.145s] INFO:colcon.colcon_core.shell:Creating environment hook '/home/yahboom/roscourse_sim_ws/src/install/my_robot/share/my_robot/hook/pythonpath.sh'
[7.146s] Level 1:colcon.colcon_core.environment:checking '/home/yahboom/roscourse_sim_ws/src/install/my_robot/bin'
[7.147s] Level 1:colcon.colcon_core.environment:create_environment_scripts_only(my_robot)
[7.148s] INFO:colcon.colcon_core.shell:Creating package script '/home/yahboom/roscourse_sim_ws/src/install/my_robot/share/my_robot/package.ps1'
[7.151s] INFO:colcon.colcon_core.shell:Creating package descriptor '/home/yahboom/roscourse_sim_ws/src/install/my_robot/share/my_robot/package.dsv'
[7.153s] INFO:colcon.colcon_core.shell:Creating package script '/home/yahboom/roscourse_sim_ws/src/install/my_robot/share/my_robot/package.sh'
[7.156s] INFO:colcon.colcon_core.shell:Creating package script '/home/yahboom/roscourse_sim_ws/src/install/my_robot/share/my_robot/package.bash'
[7.160s] INFO:colcon.colcon_core.shell:Creating package script '/home/yahboom/roscourse_sim_ws/src/install/my_robot/share/my_robot/package.zsh'
[7.164s] Level 1:colcon.colcon_core.environment:create_file_with_runtime_dependencies(/home/yahboom/roscourse_sim_ws/src/install/my_robot/share/colcon-core/packages/my_robot)
[7.165s] DEBUG:colcon.colcon_parallel_executor.executor.parallel:closing loop
[7.167s] DEBUG:colcon.colcon_parallel_executor.executor.parallel:loop closed
[7.167s] DEBUG:colcon.colcon_parallel_executor.executor.parallel:run_until_complete finished with '0'
[7.167s] DEBUG:colcon.colcon_core.event_reactor:joining thread
[7.195s] INFO:colcon.colcon_core.plugin_system:Skipping extension 'colcon_notification.desktop_notification.terminal_notifier': Not used on non-Darwin systems
[7.195s] INFO:colcon.colcon_core.plugin_system:Skipping extension 'colcon_notification.desktop_notification.win32': Not used on non-Windows systems
[7.195s] INFO:colcon.colcon_notification.desktop_notification:Sending desktop notification using 'notify2'
[7.264s] DEBUG:colcon.colcon_core.event_reactor:joined thread
[7.266s] INFO:colcon.colcon_core.shell:Creating prefix script '/home/yahboom/roscourse_sim_ws/src/install/local_setup.ps1'
[7.269s] INFO:colcon.colcon_core.shell:Creating prefix util module '/home/yahboom/roscourse_sim_ws/src/install/_local_setup_util_ps1.py'
[7.273s] INFO:colcon.colcon_core.shell:Creating prefix chain script '/home/yahboom/roscourse_sim_ws/src/install/setup.ps1'
[7.294s] INFO:colcon.colcon_core.shell:Creating prefix script '/home/yahboom/roscourse_sim_ws/src/install/local_setup.sh'
[7.298s] INFO:colcon.colcon_core.shell:Creating prefix util module '/home/yahboom/roscourse_sim_ws/src/install/_local_setup_util_sh.py'
[7.299s] INFO:colcon.colcon_core.shell:Creating prefix chain script '/home/yahboom/roscourse_sim_ws/src/install/setup.sh'
[7.321s] INFO:colcon.colcon_core.shell:Creating prefix script '/home/yahboom/roscourse_sim_ws/src/install/local_setup.bash'
[7.323s] INFO:colcon.colcon_core.shell:Creating prefix chain script '/home/yahboom/roscourse_sim_ws/src/install/setup.bash'
[7.346s] INFO:colcon.colcon_core.shell:Creating prefix script '/home/yahboom/roscourse_sim_ws/src/install/local_setup.zsh'
[7.349s] INFO:colcon.colcon_core.shell:Creating prefix chain script '/home/yahboom/roscourse_sim_ws/src/install/setup.zsh'
