[2.188s] Invoking command in '/home/yahboom/roscourse_ws/src/webcam': PYTHONPATH=/home/yahboom/roscourse_ws/build/webcam/prefix_override:/home/yahboom/roscourse_ws/install/webcam/lib/python3.10/site-packages:${PYTHONPATH} /usr/bin/python3 -W ignore:setup.py install is deprecated setup.py egg_info --egg-base ../../build/webcam build --build-base /home/yahboom/roscourse_ws/build/webcam/build install --record /home/yahboom/roscourse_ws/build/webcam/install.log --single-version-externally-managed install_data
[2.973s] running egg_info
[2.974s] writing ../../build/webcam/webcam.egg-info/PKG-INFO
[2.976s] writing dependency_links to ../../build/webcam/webcam.egg-info/dependency_links.txt
[2.977s] writing entry points to ../../build/webcam/webcam.egg-info/entry_points.txt
[2.977s] writing requirements to ../../build/webcam/webcam.egg-info/requires.txt
[2.977s] writing top-level names to ../../build/webcam/webcam.egg-info/top_level.txt
[2.980s] reading manifest file '../../build/webcam/webcam.egg-info/SOURCES.txt'
[2.984s] writing manifest file '../../build/webcam/webcam.egg-info/SOURCES.txt'
[2.984s] running build
[2.984s] running build_py
[2.985s] running install
[2.985s] running install_lib
[2.989s] running install_data
[2.990s] running install_egg_info
[2.994s] removing '/home/yahboom/roscourse_ws/install/webcam/lib/python3.10/site-packages/webcam-0.0.0-py3.10.egg-info' (and everything under it)
[2.995s] Copying ../../build/webcam/webcam.egg-info to /home/yahboom/roscourse_ws/install/webcam/lib/python3.10/site-packages/webcam-0.0.0-py3.10.egg-info
[2.998s] running install_scripts
[3.055s] Installing webcam_pub script to /home/yahboom/roscourse_ws/install/webcam/lib/webcam
[3.056s] Installing webcam_sub script to /home/yahboom/roscourse_ws/install/webcam/lib/webcam
[3.057s] writing list of installed files to '/home/yahboom/roscourse_ws/build/webcam/install.log'
[3.105s] Invoked command in '/home/yahboom/roscourse_ws/src/webcam' returned '0': PYTHONPATH=/home/yahboom/roscourse_ws/build/webcam/prefix_override:/home/yahboom/roscourse_ws/install/webcam/lib/python3.10/site-packages:${PYTHONPATH} /usr/bin/python3 -W ignore:setup.py install is deprecated setup.py egg_info --egg-base ../../build/webcam build --build-base /home/yahboom/roscourse_ws/build/webcam/build install --record /home/yahboom/roscourse_ws/build/webcam/install.log --single-version-externally-managed install_data
