[0.798s] Invoking command in '/home/yahboom/Desktop/S26_RobotProgramming_Crystal/lab7/Ebinger/roscourse_sim_ws/src/my_robot': PYTHONPATH=/home/yahboom/Desktop/S26_RobotProgramming_Crystal/lab7/Ebinger/roscourse_sim_ws/build/my_robot/prefix_override:/home/yahboom/Desktop/S26_RobotProgramming_Crystal/lab7/Ebinger/roscourse_sim_ws/install/my_robot/lib/python3.10/site-packages:${PYTHONPATH} /usr/bin/python3 -W ignore:setup.py install is deprecated setup.py egg_info --egg-base ../../build/my_robot build --build-base /home/yahboom/Desktop/S26_RobotProgramming_Crystal/lab7/Ebinger/roscourse_sim_ws/build/my_robot/build install --record /home/yahboom/Desktop/S26_RobotProgramming_Crystal/lab7/Ebinger/roscourse_sim_ws/build/my_robot/install.log --single-version-externally-managed install_data
[1.096s] running egg_info
[1.096s] writing ../../build/my_robot/my_robot.egg-info/PKG-INFO
[1.097s] writing dependency_links to ../../build/my_robot/my_robot.egg-info/dependency_links.txt
[1.098s] writing entry points to ../../build/my_robot/my_robot.egg-info/entry_points.txt
[1.098s] writing requirements to ../../build/my_robot/my_robot.egg-info/requires.txt
[1.098s] writing top-level names to ../../build/my_robot/my_robot.egg-info/top_level.txt
[1.099s] reading manifest file '../../build/my_robot/my_robot.egg-info/SOURCES.txt'
[1.100s] writing manifest file '../../build/my_robot/my_robot.egg-info/SOURCES.txt'
[1.100s] running build
[1.100s] running build_py
[1.101s] running install
[1.101s] running install_lib
[1.102s] running install_data
[1.102s] copying urdf/my_robot.urdf.xacro -> /home/yahboom/Desktop/S26_RobotProgramming_Crystal/lab7/Ebinger/roscourse_sim_ws/install/my_robot/share/my_robot
[1.102s] copying launch/my_robot_rviz.launch.py -> /home/yahboom/Desktop/S26_RobotProgramming_Crystal/lab7/Ebinger/roscourse_sim_ws/install/my_robot/share/my_robot/launch
[1.102s] running install_egg_info
[1.104s] removing '/home/yahboom/Desktop/S26_RobotProgramming_Crystal/lab7/Ebinger/roscourse_sim_ws/install/my_robot/lib/python3.10/site-packages/my_robot-0.0.0-py3.10.egg-info' (and everything under it)
[1.105s] Copying ../../build/my_robot/my_robot.egg-info to /home/yahboom/Desktop/S26_RobotProgramming_Crystal/lab7/Ebinger/roscourse_sim_ws/install/my_robot/lib/python3.10/site-packages/my_robot-0.0.0-py3.10.egg-info
[1.106s] running install_scripts
[1.134s] writing list of installed files to '/home/yahboom/Desktop/S26_RobotProgramming_Crystal/lab7/Ebinger/roscourse_sim_ws/build/my_robot/install.log'
[1.153s] Invoked command in '/home/yahboom/Desktop/S26_RobotProgramming_Crystal/lab7/Ebinger/roscourse_sim_ws/src/my_robot' returned '0': PYTHONPATH=/home/yahboom/Desktop/S26_RobotProgramming_Crystal/lab7/Ebinger/roscourse_sim_ws/build/my_robot/prefix_override:/home/yahboom/Desktop/S26_RobotProgramming_Crystal/lab7/Ebinger/roscourse_sim_ws/install/my_robot/lib/python3.10/site-packages:${PYTHONPATH} /usr/bin/python3 -W ignore:setup.py install is deprecated setup.py egg_info --egg-base ../../build/my_robot build --build-base /home/yahboom/Desktop/S26_RobotProgramming_Crystal/lab7/Ebinger/roscourse_sim_ws/build/my_robot/build install --record /home/yahboom/Desktop/S26_RobotProgramming_Crystal/lab7/Ebinger/roscourse_sim_ws/build/my_robot/install.log --single-version-externally-managed install_data
