[1.003s] Invoking command in '/home/yahboom/roscourse_ws/src/teleop_twist_keyboard': PYTHONPATH=/home/yahboom/roscourse_ws/src/build/teleop_twist_keyboard/prefix_override:/home/yahboom/roscourse_ws/src/install/teleop_twist_keyboard/lib/python3.10/site-packages:${PYTHONPATH} /usr/bin/python3 -W ignore:setup.py install is deprecated setup.py egg_info --egg-base ../build/teleop_twist_keyboard build --build-base /home/yahboom/roscourse_ws/src/build/teleop_twist_keyboard/build install --record /home/yahboom/roscourse_ws/src/build/teleop_twist_keyboard/install.log --single-version-externally-managed install_data
[1.276s] running egg_info
[1.277s] creating ../build/teleop_twist_keyboard/teleop_twist_keyboard.egg-info
[1.277s] writing ../build/teleop_twist_keyboard/teleop_twist_keyboard.egg-info/PKG-INFO
[1.278s] writing dependency_links to ../build/teleop_twist_keyboard/teleop_twist_keyboard.egg-info/dependency_links.txt
[1.278s] writing entry points to ../build/teleop_twist_keyboard/teleop_twist_keyboard.egg-info/entry_points.txt
[1.278s] writing requirements to ../build/teleop_twist_keyboard/teleop_twist_keyboard.egg-info/requires.txt
[1.278s] writing top-level names to ../build/teleop_twist_keyboard/teleop_twist_keyboard.egg-info/top_level.txt
[1.278s] writing manifest file '../build/teleop_twist_keyboard/teleop_twist_keyboard.egg-info/SOURCES.txt'
[1.280s] reading manifest file '../build/teleop_twist_keyboard/teleop_twist_keyboard.egg-info/SOURCES.txt'
[1.280s] adding license file 'LICENSE'
[1.281s] writing manifest file '../build/teleop_twist_keyboard/teleop_twist_keyboard.egg-info/SOURCES.txt'
[1.281s] running build
[1.281s] running build_py
[1.281s] creating /home/yahboom/roscourse_ws/src/build/teleop_twist_keyboard/build
[1.281s] creating /home/yahboom/roscourse_ws/src/build/teleop_twist_keyboard/build/lib
[1.282s] copying teleop_twist_keyboard.py -> /home/yahboom/roscourse_ws/src/build/teleop_twist_keyboard/build/lib
[1.282s] running install
[1.282s] running install_lib
[1.283s] copying /home/yahboom/roscourse_ws/src/build/teleop_twist_keyboard/build/lib/teleop_twist_keyboard.py -> /home/yahboom/roscourse_ws/src/install/teleop_twist_keyboard/lib/python3.10/site-packages
[1.283s] byte-compiling /home/yahboom/roscourse_ws/src/install/teleop_twist_keyboard/lib/python3.10/site-packages/teleop_twist_keyboard.py to teleop_twist_keyboard.cpython-310.pyc
[1.284s] running install_data
[1.285s] creating /home/yahboom/roscourse_ws/src/install/teleop_twist_keyboard/share/ament_index
[1.285s] creating /home/yahboom/roscourse_ws/src/install/teleop_twist_keyboard/share/ament_index/resource_index
[1.285s] creating /home/yahboom/roscourse_ws/src/install/teleop_twist_keyboard/share/ament_index/resource_index/packages
[1.285s] copying resource/teleop_twist_keyboard -> /home/yahboom/roscourse_ws/src/install/teleop_twist_keyboard/share/ament_index/resource_index/packages
[1.285s] copying package.xml -> /home/yahboom/roscourse_ws/src/install/teleop_twist_keyboard/share/teleop_twist_keyboard
[1.285s] running install_egg_info
[1.287s] Copying ../build/teleop_twist_keyboard/teleop_twist_keyboard.egg-info to /home/yahboom/roscourse_ws/src/install/teleop_twist_keyboard/lib/python3.10/site-packages/teleop_twist_keyboard-2.4.1-py3.10.egg-info
[1.288s] running install_scripts
[1.310s] Installing teleop_twist_keyboard script to /home/yahboom/roscourse_ws/src/install/teleop_twist_keyboard/lib/teleop_twist_keyboard
[1.311s] writing list of installed files to '/home/yahboom/roscourse_ws/src/build/teleop_twist_keyboard/install.log'
[1.343s] Invoked command in '/home/yahboom/roscourse_ws/src/teleop_twist_keyboard' returned '0': PYTHONPATH=/home/yahboom/roscourse_ws/src/build/teleop_twist_keyboard/prefix_override:/home/yahboom/roscourse_ws/src/install/teleop_twist_keyboard/lib/python3.10/site-packages:${PYTHONPATH} /usr/bin/python3 -W ignore:setup.py install is deprecated setup.py egg_info --egg-base ../build/teleop_twist_keyboard build --build-base /home/yahboom/roscourse_ws/src/build/teleop_twist_keyboard/build install --record /home/yahboom/roscourse_ws/src/build/teleop_twist_keyboard/install.log --single-version-externally-managed install_data
