[0.115s] Invoking command in '/home/yahboom/ICA_ws/build/turtle_interfaces': CMAKE_PREFIX_PATH=${CMAKE_PREFIX_PATH}:/home/yahboom/ICA_ws/install/turtle_test:/home/yahboom/ICA_ws/install/python_parameters:/home/yahboom/cartoros2/install/yahboomcar_nav:/home/yahboom/cartoros2/install/yahboomcar_ctrl:/home/yahboom/cartoros2/install/yahboom_visual:/home/yahboom/cartoros2/install/yahboom_dog_joint_state:/home/yahboom/cartoros2/install/yahboom_description:/home/yahboom/cartoros2/install/yahboom_color_identify_server:/home/yahboom/cartoros2/install/yahboom_bringup:/home/yahboom/cartoros2/install/yahboom_base:/home/yahboom/cartoros2/install/yahboom_app_save_map:/home/yahboom/cartoros2/install/update_map:/home/yahboom/cartoros2/install/rosboard:/home/yahboom/cartoros2/install/path_planner_server:/home/yahboom/cartoros2/install/nav2_simple_commander:/home/yahboom/cartoros2/install/nav2_gazebo_spawner:/home/yahboom/cartoros2/install/localization_server:/home/yahboom/cartoros2/install/laserscan_to_point_pulisher:/home/yahboom/yahboomcar_ws/install/yahboom_dog_example:/opt/ros/humble /usr/bin/cmake --build /home/yahboom/ICA_ws/build/turtle_interfaces -- -j4 -l4
[0.434s] [ 10%] Built target turtle_interfaces__rosidl_generator_c
[0.471s] [ 12%] Built target turtle_interfaces__cpp
[0.510s] [ 12%] Built target ament_cmake_python_copy_turtle_interfaces
[0.615s] [ 23%] Built target turtle_interfaces__rosidl_typesupport_introspection_c
[0.623s] [ 34%] Built target turtle_interfaces__rosidl_typesupport_fastrtps_c
[0.663s] [ 44%] Built target turtle_interfaces__rosidl_typesupport_fastrtps_cpp
[0.693s] [ 55%] Built target turtle_interfaces__rosidl_typesupport_c
[0.761s] [ 65%] Built target turtle_interfaces__rosidl_typesupport_introspection_cpp
[0.797s] [ 76%] Built target turtle_interfaces__rosidl_typesupport_cpp
[0.947s] [ 76%] Built target turtle_interfaces
[1.084s] [ 78%] Built target turtle_interfaces__py
[1.224s] [ 87%] Built target turtle_interfaces__rosidl_generator_py
[1.375s] [ 91%] Built target turtle_interfaces__rosidl_typesupport_fastrtps_c__pyext
[1.416s] [ 95%] Built target turtle_interfaces__rosidl_typesupport_introspection_c__pyext
[1.440s] [100%] Built target turtle_interfaces__rosidl_typesupport_c__pyext
[1.595s] running egg_info
[1.596s] writing turtle_interfaces.egg-info/PKG-INFO
[1.597s] writing dependency_links to turtle_interfaces.egg-info/dependency_links.txt
[1.598s] writing top-level names to turtle_interfaces.egg-info/top_level.txt
[1.604s] reading manifest file 'turtle_interfaces.egg-info/SOURCES.txt'
[1.605s] writing manifest file 'turtle_interfaces.egg-info/SOURCES.txt'
[1.703s] [100%] Built target ament_cmake_python_build_turtle_interfaces_egg
[1.763s] Invoked command in '/home/yahboom/ICA_ws/build/turtle_interfaces' returned '0': CMAKE_PREFIX_PATH=${CMAKE_PREFIX_PATH}:/home/yahboom/ICA_ws/install/turtle_test:/home/yahboom/ICA_ws/install/python_parameters:/home/yahboom/cartoros2/install/yahboomcar_nav:/home/yahboom/cartoros2/install/yahboomcar_ctrl:/home/yahboom/cartoros2/install/yahboom_visual:/home/yahboom/cartoros2/install/yahboom_dog_joint_state:/home/yahboom/cartoros2/install/yahboom_description:/home/yahboom/cartoros2/install/yahboom_color_identify_server:/home/yahboom/cartoros2/install/yahboom_bringup:/home/yahboom/cartoros2/install/yahboom_base:/home/yahboom/cartoros2/install/yahboom_app_save_map:/home/yahboom/cartoros2/install/update_map:/home/yahboom/cartoros2/install/rosboard:/home/yahboom/cartoros2/install/path_planner_server:/home/yahboom/cartoros2/install/nav2_simple_commander:/home/yahboom/cartoros2/install/nav2_gazebo_spawner:/home/yahboom/cartoros2/install/localization_server:/home/yahboom/cartoros2/install/laserscan_to_point_pulisher:/home/yahboom/yahboomcar_ws/install/yahboom_dog_example:/opt/ros/humble /usr/bin/cmake --build /home/yahboom/ICA_ws/build/turtle_interfaces -- -j4 -l4
[2.734s] Invoking command in '/home/yahboom/ICA_ws/build/turtle_interfaces': CMAKE_PREFIX_PATH=${CMAKE_PREFIX_PATH}:/home/yahboom/ICA_ws/install/turtle_test:/home/yahboom/ICA_ws/install/python_parameters:/home/yahboom/cartoros2/install/yahboomcar_nav:/home/yahboom/cartoros2/install/yahboomcar_ctrl:/home/yahboom/cartoros2/install/yahboom_visual:/home/yahboom/cartoros2/install/yahboom_dog_joint_state:/home/yahboom/cartoros2/install/yahboom_description:/home/yahboom/cartoros2/install/yahboom_color_identify_server:/home/yahboom/cartoros2/install/yahboom_bringup:/home/yahboom/cartoros2/install/yahboom_base:/home/yahboom/cartoros2/install/yahboom_app_save_map:/home/yahboom/cartoros2/install/update_map:/home/yahboom/cartoros2/install/rosboard:/home/yahboom/cartoros2/install/path_planner_server:/home/yahboom/cartoros2/install/nav2_simple_commander:/home/yahboom/cartoros2/install/nav2_gazebo_spawner:/home/yahboom/cartoros2/install/localization_server:/home/yahboom/cartoros2/install/laserscan_to_point_pulisher:/home/yahboom/yahboomcar_ws/install/yahboom_dog_example:/opt/ros/humble /usr/bin/cmake --install /home/yahboom/ICA_ws/build/turtle_interfaces
[2.786s] -- Install configuration: ""
[2.786s] -- Up-to-date: /home/yahboom/ICA_ws/install/turtle_interfaces/share/ament_index/resource_index/rosidl_interfaces/turtle_interfaces
[2.787s] -- Up-to-date: /home/yahboom/ICA_ws/install/turtle_interfaces/include/turtle_interfaces/turtle_interfaces
[2.787s] -- Up-to-date: /home/yahboom/ICA_ws/install/turtle_interfaces/include/turtle_interfaces/turtle_interfaces/action
[2.787s] -- Up-to-date: /home/yahboom/ICA_ws/install/turtle_interfaces/include/turtle_interfaces/turtle_interfaces/action/detail
[2.787s] -- Up-to-date: /home/yahboom/ICA_ws/install/turtle_interfaces/include/turtle_interfaces/turtle_interfaces/action/detail/make_square__struct.h
[2.788s] -- Up-to-date: /home/yahboom/ICA_ws/install/turtle_interfaces/include/turtle_interfaces/turtle_interfaces/action/detail/make_square__type_support.h
[2.788s] -- Up-to-date: /home/yahboom/ICA_ws/install/turtle_interfaces/include/turtle_interfaces/turtle_interfaces/action/detail/make_square__functions.c
[2.788s] -- Up-to-date: /home/yahboom/ICA_ws/install/turtle_interfaces/include/turtle_interfaces/turtle_interfaces/action/detail/make_square__functions.h
[2.788s] -- Up-to-date: /home/yahboom/ICA_ws/install/turtle_interfaces/include/turtle_interfaces/turtle_interfaces/action/make_square.h
[2.789s] -- Up-to-date: /home/yahboom/ICA_ws/install/turtle_interfaces/include/turtle_interfaces/turtle_interfaces/srv
[2.789s] -- Up-to-date: /home/yahboom/ICA_ws/install/turtle_interfaces/include/turtle_interfaces/turtle_interfaces/srv/set_colors.h
[2.789s] -- Up-to-date: /home/yahboom/ICA_ws/install/turtle_interfaces/include/turtle_interfaces/turtle_interfaces/srv/detail
[2.789s] -- Up-to-date: /home/yahboom/ICA_ws/install/turtle_interfaces/include/turtle_interfaces/turtle_interfaces/srv/detail/set_colors__struct.h
[2.789s] -- Up-to-date: /home/yahboom/ICA_ws/install/turtle_interfaces/include/turtle_interfaces/turtle_interfaces/srv/detail/set_colors__type_support.h
[2.789s] -- Up-to-date: /home/yahboom/ICA_ws/install/turtle_interfaces/include/turtle_interfaces/turtle_interfaces/srv/detail/set_colors__functions.c
[2.790s] -- Up-to-date: /home/yahboom/ICA_ws/install/turtle_interfaces/include/turtle_interfaces/turtle_interfaces/srv/detail/set_colors__functions.h
[2.790s] -- Up-to-date: /home/yahboom/ICA_ws/install/turtle_interfaces/include/turtle_interfaces/turtle_interfaces/msg
[2.790s] -- Up-to-date: /home/yahboom/ICA_ws/install/turtle_interfaces/include/turtle_interfaces/turtle_interfaces/msg/detail
[2.790s] -- Up-to-date: /home/yahboom/ICA_ws/install/turtle_interfaces/include/turtle_interfaces/turtle_interfaces/msg/detail/turtle_pose__functions.c
[2.790s] -- Up-to-date: /home/yahboom/ICA_ws/install/turtle_interfaces/include/turtle_interfaces/turtle_interfaces/msg/detail/turtle_pose__functions.h
[2.790s] -- Up-to-date: /home/yahboom/ICA_ws/install/turtle_interfaces/include/turtle_interfaces/turtle_interfaces/msg/detail/turtle_pose__struct.h
[2.790s] -- Up-to-date: /home/yahboom/ICA_ws/install/turtle_interfaces/include/turtle_interfaces/turtle_interfaces/msg/detail/turtle_pose__type_support.h
[2.790s] -- Up-to-date: /home/yahboom/ICA_ws/install/turtle_interfaces/include/turtle_interfaces/turtle_interfaces/msg/turtle_pose.h
[2.791s] -- Up-to-date: /home/yahboom/ICA_ws/install/turtle_interfaces/include/turtle_interfaces/turtle_interfaces/msg/rosidl_generator_c__visibility_control.h
[2.791s] -- Up-to-date: /home/yahboom/ICA_ws/install/turtle_interfaces/share/turtle_interfaces/environment/library_path.sh
[2.791s] -- Up-to-date: /home/yahboom/ICA_ws/install/turtle_interfaces/share/turtle_interfaces/environment/library_path.dsv
[2.791s] -- Up-to-date: /home/yahboom/ICA_ws/install/turtle_interfaces/lib/libturtle_interfaces__rosidl_generator_c.so
[2.791s] -- Up-to-date: /home/yahboom/ICA_ws/install/turtle_interfaces/include/turtle_interfaces/turtle_interfaces
[2.791s] -- Up-to-date: /home/yahboom/ICA_ws/install/turtle_interfaces/include/turtle_interfaces/turtle_interfaces/action
[2.791s] -- Up-to-date: /home/yahboom/ICA_ws/install/turtle_interfaces/include/turtle_interfaces/turtle_interfaces/action/detail
[2.792s] -- Up-to-date: /home/yahboom/ICA_ws/install/turtle_interfaces/include/turtle_interfaces/turtle_interfaces/action/detail/make_square__rosidl_typesupport_fastrtps_c.h
[2.792s] -- Up-to-date: /home/yahboom/ICA_ws/install/turtle_interfaces/include/turtle_interfaces/turtle_interfaces/srv
[2.792s] -- Up-to-date: /home/yahboom/ICA_ws/install/turtle_interfaces/include/turtle_interfaces/turtle_interfaces/srv/detail
[2.793s] -- Up-to-date: /home/yahboom/ICA_ws/install/turtle_interfaces/include/turtle_interfaces/turtle_interfaces/srv/detail/set_colors__rosidl_typesupport_fastrtps_c.h
[2.793s] -- Up-to-date: /home/yahboom/ICA_ws/install/turtle_interfaces/include/turtle_interfaces/turtle_interfaces/msg
[2.793s] -- Up-to-date: /home/yahboom/ICA_ws/install/turtle_interfaces/include/turtle_interfaces/turtle_interfaces/msg/detail
[2.793s] -- Up-to-date: /home/yahboom/ICA_ws/install/turtle_interfaces/include/turtle_interfaces/turtle_interfaces/msg/detail/turtle_pose__rosidl_typesupport_fastrtps_c.h
[2.793s] -- Up-to-date: /home/yahboom/ICA_ws/install/turtle_interfaces/include/turtle_interfaces/turtle_interfaces/msg/rosidl_typesupport_fastrtps_c__visibility_control.h
[2.793s] -- Up-to-date: /home/yahboom/ICA_ws/install/turtle_interfaces/lib/libturtle_interfaces__rosidl_typesupport_fastrtps_c.so
[2.794s] -- Up-to-date: /home/yahboom/ICA_ws/install/turtle_interfaces/include/turtle_interfaces/turtle_interfaces
[2.794s] -- Up-to-date: /home/yahboom/ICA_ws/install/turtle_interfaces/include/turtle_interfaces/turtle_interfaces/action
[2.794s] -- Up-to-date: /home/yahboom/ICA_ws/install/turtle_interfaces/include/turtle_interfaces/turtle_interfaces/action/detail
[2.794s] -- Up-to-date: /home/yahboom/ICA_ws/install/turtle_interfaces/include/turtle_interfaces/turtle_interfaces/action/detail/make_square__type_support.c
[2.795s] -- Up-to-date: /home/yahboom/ICA_ws/install/turtle_interfaces/include/turtle_interfaces/turtle_interfaces/action/detail/make_square__rosidl_typesupport_introspection_c.h
[2.795s] -- Up-to-date: /home/yahboom/ICA_ws/install/turtle_interfaces/include/turtle_interfaces/turtle_interfaces/srv
[2.795s] -- Up-to-date: /home/yahboom/ICA_ws/install/turtle_interfaces/include/turtle_interfaces/turtle_interfaces/srv/detail
[2.795s] -- Up-to-date: /home/yahboom/ICA_ws/install/turtle_interfaces/include/turtle_interfaces/turtle_interfaces/srv/detail/set_colors__type_support.c
[2.795s] -- Up-to-date: /home/yahboom/ICA_ws/install/turtle_interfaces/include/turtle_interfaces/turtle_interfaces/srv/detail/set_colors__rosidl_typesupport_introspection_c.h
[2.796s] -- Up-to-date: /home/yahboom/ICA_ws/install/turtle_interfaces/include/turtle_interfaces/turtle_interfaces/msg
[2.796s] -- Up-to-date: /home/yahboom/ICA_ws/install/turtle_interfaces/include/turtle_interfaces/turtle_interfaces/msg/detail
[2.797s] -- Up-to-date: /home/yahboom/ICA_ws/install/turtle_interfaces/include/turtle_interfaces/turtle_interfaces/msg/detail/turtle_pose__rosidl_typesupport_introspection_c.h
[2.797s] -- Up-to-date: /home/yahboom/ICA_ws/install/turtle_interfaces/include/turtle_interfaces/turtle_interfaces/msg/detail/turtle_pose__type_support.c
[2.797s] -- Up-to-date: /home/yahboom/ICA_ws/install/turtle_interfaces/include/turtle_interfaces/turtle_interfaces/msg/rosidl_typesupport_introspection_c__visibility_control.h
[2.798s] -- Up-to-date: /home/yahboom/ICA_ws/install/turtle_interfaces/lib/libturtle_interfaces__rosidl_typesupport_introspection_c.so
[2.798s] -- Up-to-date: /home/yahboom/ICA_ws/install/turtle_interfaces/lib/libturtle_interfaces__rosidl_typesupport_c.so
[2.799s] -- Up-to-date: /home/yahboom/ICA_ws/install/turtle_interfaces/include/turtle_interfaces/turtle_interfaces
[2.799s] -- Up-to-date: /home/yahboom/ICA_ws/install/turtle_interfaces/include/turtle_interfaces/turtle_interfaces/action
[2.799s] -- Up-to-date: /home/yahboom/ICA_ws/install/turtle_interfaces/include/turtle_interfaces/turtle_interfaces/action/detail
[2.799s] -- Up-to-date: /home/yahboom/ICA_ws/install/turtle_interfaces/include/turtle_interfaces/turtle_interfaces/action/detail/make_square__builder.hpp
[2.800s] -- Up-to-date: /home/yahboom/ICA_ws/install/turtle_interfaces/include/turtle_interfaces/turtle_interfaces/action/detail/make_square__traits.hpp
[2.800s] -- Up-to-date: /home/yahboom/ICA_ws/install/turtle_interfaces/include/turtle_interfaces/turtle_interfaces/action/detail/make_square__struct.hpp
[2.800s] -- Up-to-date: /home/yahboom/ICA_ws/install/turtle_interfaces/include/turtle_interfaces/turtle_interfaces/action/make_square.hpp
[2.801s] -- Up-to-date: /home/yahboom/ICA_ws/install/turtle_interfaces/include/turtle_interfaces/turtle_interfaces/srv
[2.801s] -- Up-to-date: /home/yahboom/ICA_ws/install/turtle_interfaces/include/turtle_interfaces/turtle_interfaces/srv/detail
[2.801s] -- Up-to-date: /home/yahboom/ICA_ws/install/turtle_interfaces/include/turtle_interfaces/turtle_interfaces/srv/detail/set_colors__builder.hpp
[2.801s] -- Up-to-date: /home/yahboom/ICA_ws/install/turtle_interfaces/include/turtle_interfaces/turtle_interfaces/srv/detail/set_colors__traits.hpp
[2.801s] -- Up-to-date: /home/yahboom/ICA_ws/install/turtle_interfaces/include/turtle_interfaces/turtle_interfaces/srv/detail/set_colors__struct.hpp
[2.801s] -- Up-to-date: /home/yahboom/ICA_ws/install/turtle_interfaces/include/turtle_interfaces/turtle_interfaces/srv/set_colors.hpp
[2.801s] -- Up-to-date: /home/yahboom/ICA_ws/install/turtle_interfaces/include/turtle_interfaces/turtle_interfaces/msg
[2.802s] -- Up-to-date: /home/yahboom/ICA_ws/install/turtle_interfaces/include/turtle_interfaces/turtle_interfaces/msg/detail
[2.802s] -- Up-to-date: /home/yahboom/ICA_ws/install/turtle_interfaces/include/turtle_interfaces/turtle_interfaces/msg/detail/turtle_pose__builder.hpp
[2.802s] -- Up-to-date: /home/yahboom/ICA_ws/install/turtle_interfaces/include/turtle_interfaces/turtle_interfaces/msg/detail/turtle_pose__traits.hpp
[2.802s] -- Up-to-date: /home/yahboom/ICA_ws/install/turtle_interfaces/include/turtle_interfaces/turtle_interfaces/msg/detail/turtle_pose__struct.hpp
[2.802s] -- Up-to-date: /home/yahboom/ICA_ws/install/turtle_interfaces/include/turtle_interfaces/turtle_interfaces/msg/turtle_pose.hpp
[2.802s] -- Up-to-date: /home/yahboom/ICA_ws/install/turtle_interfaces/include/turtle_interfaces/turtle_interfaces
[2.803s] -- Up-to-date: /home/yahboom/ICA_ws/install/turtle_interfaces/include/turtle_interfaces/turtle_interfaces/action
[2.803s] -- Up-to-date: /home/yahboom/ICA_ws/install/turtle_interfaces/include/turtle_interfaces/turtle_interfaces/action/detail
[2.803s] -- Up-to-date: /home/yahboom/ICA_ws/install/turtle_interfaces/include/turtle_interfaces/turtle_interfaces/action/detail/make_square__rosidl_typesupport_fastrtps_cpp.hpp
[2.803s] -- Up-to-date: /home/yahboom/ICA_ws/install/turtle_interfaces/include/turtle_interfaces/turtle_interfaces/action/detail/dds_fastrtps
[2.803s] -- Up-to-date: /home/yahboom/ICA_ws/install/turtle_interfaces/include/turtle_interfaces/turtle_interfaces/srv
[2.804s] -- Up-to-date: /home/yahboom/ICA_ws/install/turtle_interfaces/include/turtle_interfaces/turtle_interfaces/srv/detail
[2.804s] -- Up-to-date: /home/yahboom/ICA_ws/install/turtle_interfaces/include/turtle_interfaces/turtle_interfaces/srv/detail/set_colors__rosidl_typesupport_fastrtps_cpp.hpp
[2.804s] -- Up-to-date: /home/yahboom/ICA_ws/install/turtle_interfaces/include/turtle_interfaces/turtle_interfaces/srv/detail/dds_fastrtps
[2.804s] -- Up-to-date: /home/yahboom/ICA_ws/install/turtle_interfaces/include/turtle_interfaces/turtle_interfaces/msg
[2.804s] -- Up-to-date: /home/yahboom/ICA_ws/install/turtle_interfaces/include/turtle_interfaces/turtle_interfaces/msg/detail
[2.804s] -- Up-to-date: /home/yahboom/ICA_ws/install/turtle_interfaces/include/turtle_interfaces/turtle_interfaces/msg/detail/dds_fastrtps
[2.804s] -- Up-to-date: /home/yahboom/ICA_ws/install/turtle_interfaces/include/turtle_interfaces/turtle_interfaces/msg/detail/turtle_pose__rosidl_typesupport_fastrtps_cpp.hpp
[2.804s] -- Up-to-date: /home/yahboom/ICA_ws/install/turtle_interfaces/include/turtle_interfaces/turtle_interfaces/msg/rosidl_typesupport_fastrtps_cpp__visibility_control.h
[2.805s] -- Up-to-date: /home/yahboom/ICA_ws/install/turtle_interfaces/lib/libturtle_interfaces__rosidl_typesupport_fastrtps_cpp.so
[2.805s] -- Up-to-date: /home/yahboom/ICA_ws/install/turtle_interfaces/include/turtle_interfaces/turtle_interfaces
[2.805s] -- Up-to-date: /home/yahboom/ICA_ws/install/turtle_interfaces/include/turtle_interfaces/turtle_interfaces/action
[2.805s] -- Up-to-date: /home/yahboom/ICA_ws/install/turtle_interfaces/include/turtle_interfaces/turtle_interfaces/action/detail
[2.805s] -- Up-to-date: /home/yahboom/ICA_ws/install/turtle_interfaces/include/turtle_interfaces/turtle_interfaces/action/detail/make_square__rosidl_typesupport_introspection_cpp.hpp
[2.805s] -- Up-to-date: /home/yahboom/ICA_ws/install/turtle_interfaces/include/turtle_interfaces/turtle_interfaces/action/detail/make_square__type_support.cpp
[2.805s] -- Up-to-date: /home/yahboom/ICA_ws/install/turtle_interfaces/include/turtle_interfaces/turtle_interfaces/srv
[2.806s] -- Up-to-date: /home/yahboom/ICA_ws/install/turtle_interfaces/include/turtle_interfaces/turtle_interfaces/srv/detail
[2.806s] -- Up-to-date: /home/yahboom/ICA_ws/install/turtle_interfaces/include/turtle_interfaces/turtle_interfaces/srv/detail/set_colors__type_support.cpp
[2.806s] -- Up-to-date: /home/yahboom/ICA_ws/install/turtle_interfaces/include/turtle_interfaces/turtle_interfaces/srv/detail/set_colors__rosidl_typesupport_introspection_cpp.hpp
[2.806s] -- Up-to-date: /home/yahboom/ICA_ws/install/turtle_interfaces/include/turtle_interfaces/turtle_interfaces/msg
[2.806s] -- Up-to-date: /home/yahboom/ICA_ws/install/turtle_interfaces/include/turtle_interfaces/turtle_interfaces/msg/detail
[2.806s] -- Up-to-date: /home/yahboom/ICA_ws/install/turtle_interfaces/include/turtle_interfaces/turtle_interfaces/msg/detail/turtle_pose__rosidl_typesupport_introspection_cpp.hpp
[2.806s] -- Up-to-date: /home/yahboom/ICA_ws/install/turtle_interfaces/include/turtle_interfaces/turtle_interfaces/msg/detail/turtle_pose__type_support.cpp
[2.806s] -- Up-to-date: /home/yahboom/ICA_ws/install/turtle_interfaces/lib/libturtle_interfaces__rosidl_typesupport_introspection_cpp.so
[2.807s] -- Up-to-date: /home/yahboom/ICA_ws/install/turtle_interfaces/lib/libturtle_interfaces__rosidl_typesupport_cpp.so
[2.807s] -- Up-to-date: /home/yahboom/ICA_ws/install/turtle_interfaces/share/turtle_interfaces/environment/pythonpath.sh
[2.807s] -- Up-to-date: /home/yahboom/ICA_ws/install/turtle_interfaces/share/turtle_interfaces/environment/pythonpath.dsv
[2.808s] -- Up-to-date: /home/yahboom/ICA_ws/install/turtle_interfaces/local/lib/python3.10/dist-packages/turtle_interfaces-0.0.0-py3.10.egg-info
[2.808s] -- Installing: /home/yahboom/ICA_ws/install/turtle_interfaces/local/lib/python3.10/dist-packages/turtle_interfaces-0.0.0-py3.10.egg-info/top_level.txt
[2.808s] -- Installing: /home/yahboom/ICA_ws/install/turtle_interfaces/local/lib/python3.10/dist-packages/turtle_interfaces-0.0.0-py3.10.egg-info/PKG-INFO
[2.809s] -- Installing: /home/yahboom/ICA_ws/install/turtle_interfaces/local/lib/python3.10/dist-packages/turtle_interfaces-0.0.0-py3.10.egg-info/dependency_links.txt
[2.809s] -- Installing: /home/yahboom/ICA_ws/install/turtle_interfaces/local/lib/python3.10/dist-packages/turtle_interfaces-0.0.0-py3.10.egg-info/SOURCES.txt
[2.809s] -- Up-to-date: /home/yahboom/ICA_ws/install/turtle_interfaces/local/lib/python3.10/dist-packages/turtle_interfaces
[2.809s] -- Up-to-date: /home/yahboom/ICA_ws/install/turtle_interfaces/local/lib/python3.10/dist-packages/turtle_interfaces/libturtle_interfaces__rosidl_generator_py.so
[2.810s] -- Up-to-date: /home/yahboom/ICA_ws/install/turtle_interfaces/local/lib/python3.10/dist-packages/turtle_interfaces/action
[2.810s] -- Up-to-date: /home/yahboom/ICA_ws/install/turtle_interfaces/local/lib/python3.10/dist-packages/turtle_interfaces/action/_make_square.py
[2.810s] -- Up-to-date: /home/yahboom/ICA_ws/install/turtle_interfaces/local/lib/python3.10/dist-packages/turtle_interfaces/action/__init__.py
[2.810s] -- Up-to-date: /home/yahboom/ICA_ws/install/turtle_interfaces/local/lib/python3.10/dist-packages/turtle_interfaces/action/_make_square_s.c
[2.810s] -- Up-to-date: /home/yahboom/ICA_ws/install/turtle_interfaces/local/lib/python3.10/dist-packages/turtle_interfaces/_turtle_interfaces_s.ep.rosidl_typesupport_c.c
[2.811s] -- Up-to-date: /home/yahboom/ICA_ws/install/turtle_interfaces/local/lib/python3.10/dist-packages/turtle_interfaces/srv
[2.811s] -- Up-to-date: /home/yahboom/ICA_ws/install/turtle_interfaces/local/lib/python3.10/dist-packages/turtle_interfaces/srv/__init__.py
[2.811s] -- Up-to-date: /home/yahboom/ICA_ws/install/turtle_interfaces/local/lib/python3.10/dist-packages/turtle_interfaces/srv/_set_colors.py
[2.811s] -- Up-to-date: /home/yahboom/ICA_ws/install/turtle_interfaces/local/lib/python3.10/dist-packages/turtle_interfaces/srv/_set_colors_s.c
[2.811s] -- Up-to-date: /home/yahboom/ICA_ws/install/turtle_interfaces/local/lib/python3.10/dist-packages/turtle_interfaces/turtle_interfaces_s__rosidl_typesupport_introspection_c.cpython-310-x86_64-linux-gnu.so
[2.811s] -- Up-to-date: /home/yahboom/ICA_ws/install/turtle_interfaces/local/lib/python3.10/dist-packages/turtle_interfaces/__init__.py
[2.811s] -- Up-to-date: /home/yahboom/ICA_ws/install/turtle_interfaces/local/lib/python3.10/dist-packages/turtle_interfaces/turtle_interfaces_s__rosidl_typesupport_fastrtps_c.cpython-310-x86_64-linux-gnu.so
[2.812s] -- Up-to-date: /home/yahboom/ICA_ws/install/turtle_interfaces/local/lib/python3.10/dist-packages/turtle_interfaces/_turtle_interfaces_s.ep.rosidl_typesupport_introspection_c.c
[2.812s] -- Up-to-date: /home/yahboom/ICA_ws/install/turtle_interfaces/local/lib/python3.10/dist-packages/turtle_interfaces/msg
[2.812s] -- Up-to-date: /home/yahboom/ICA_ws/install/turtle_interfaces/local/lib/python3.10/dist-packages/turtle_interfaces/msg/_turtle_pose.py
[2.812s] -- Up-to-date: /home/yahboom/ICA_ws/install/turtle_interfaces/local/lib/python3.10/dist-packages/turtle_interfaces/msg/__init__.py
[2.812s] -- Up-to-date: /home/yahboom/ICA_ws/install/turtle_interfaces/local/lib/python3.10/dist-packages/turtle_interfaces/msg/_turtle_pose_s.c
[2.812s] -- Up-to-date: /home/yahboom/ICA_ws/install/turtle_interfaces/local/lib/python3.10/dist-packages/turtle_interfaces/turtle_interfaces_s__rosidl_typesupport_c.cpython-310-x86_64-linux-gnu.so
[2.812s] -- Up-to-date: /home/yahboom/ICA_ws/install/turtle_interfaces/local/lib/python3.10/dist-packages/turtle_interfaces/_turtle_interfaces_s.ep.rosidl_typesupport_fastrtps_c.c
[2.949s] Listing '/home/yahboom/ICA_ws/install/turtle_interfaces/local/lib/python3.10/dist-packages/turtle_interfaces'...
[2.949s] Listing '/home/yahboom/ICA_ws/install/turtle_interfaces/local/lib/python3.10/dist-packages/turtle_interfaces/action'...
[2.949s] Listing '/home/yahboom/ICA_ws/install/turtle_interfaces/local/lib/python3.10/dist-packages/turtle_interfaces/msg'...
[2.949s] Listing '/home/yahboom/ICA_ws/install/turtle_interfaces/local/lib/python3.10/dist-packages/turtle_interfaces/srv'...
[2.959s] -- Up-to-date: /home/yahboom/ICA_ws/install/turtle_interfaces/local/lib/python3.10/dist-packages/turtle_interfaces/turtle_interfaces_s__rosidl_typesupport_fastrtps_c.cpython-310-x86_64-linux-gnu.so
[2.959s] -- Up-to-date: /home/yahboom/ICA_ws/install/turtle_interfaces/local/lib/python3.10/dist-packages/turtle_interfaces/turtle_interfaces_s__rosidl_typesupport_introspection_c.cpython-310-x86_64-linux-gnu.so
[2.959s] -- Up-to-date: /home/yahboom/ICA_ws/install/turtle_interfaces/local/lib/python3.10/dist-packages/turtle_interfaces/turtle_interfaces_s__rosidl_typesupport_c.cpython-310-x86_64-linux-gnu.so
[2.960s] -- Up-to-date: /home/yahboom/ICA_ws/install/turtle_interfaces/lib/libturtle_interfaces__rosidl_generator_py.so
[2.961s] -- Up-to-date: /home/yahboom/ICA_ws/install/turtle_interfaces/share/turtle_interfaces/msg/TurtlePose.idl
[2.962s] -- Up-to-date: /home/yahboom/ICA_ws/install/turtle_interfaces/share/turtle_interfaces/srv/SetColors.idl
[2.962s] -- Up-to-date: /home/yahboom/ICA_ws/install/turtle_interfaces/share/turtle_interfaces/action/MakeSquare.idl
[2.962s] -- Up-to-date: /home/yahboom/ICA_ws/install/turtle_interfaces/share/turtle_interfaces/msg/TurtlePose.msg
[2.965s] -- Up-to-date: /home/yahboom/ICA_ws/install/turtle_interfaces/share/turtle_interfaces/srv/SetColors.srv
[2.965s] -- Up-to-date: /home/yahboom/ICA_ws/install/turtle_interfaces/share/turtle_interfaces/srv/SetColors_Request.msg
[2.965s] -- Up-to-date: /home/yahboom/ICA_ws/install/turtle_interfaces/share/turtle_interfaces/srv/SetColors_Response.msg
[2.966s] -- Up-to-date: /home/yahboom/ICA_ws/install/turtle_interfaces/share/turtle_interfaces/action/MakeSquare.action
[2.966s] -- Up-to-date: /home/yahboom/ICA_ws/install/turtle_interfaces/share/ament_index/resource_index/package_run_dependencies/turtle_interfaces
[2.966s] -- Up-to-date: /home/yahboom/ICA_ws/install/turtle_interfaces/share/ament_index/resource_index/parent_prefix_path/turtle_interfaces
[2.967s] -- Up-to-date: /home/yahboom/ICA_ws/install/turtle_interfaces/share/turtle_interfaces/environment/ament_prefix_path.sh
[2.967s] -- Up-to-date: /home/yahboom/ICA_ws/install/turtle_interfaces/share/turtle_interfaces/environment/ament_prefix_path.dsv
[2.967s] -- Up-to-date: /home/yahboom/ICA_ws/install/turtle_interfaces/share/turtle_interfaces/environment/path.sh
[2.968s] -- Up-to-date: /home/yahboom/ICA_ws/install/turtle_interfaces/share/turtle_interfaces/environment/path.dsv
[2.969s] -- Up-to-date: /home/yahboom/ICA_ws/install/turtle_interfaces/share/turtle_interfaces/local_setup.bash
[2.969s] -- Up-to-date: /home/yahboom/ICA_ws/install/turtle_interfaces/share/turtle_interfaces/local_setup.sh
[2.969s] -- Up-to-date: /home/yahboom/ICA_ws/install/turtle_interfaces/share/turtle_interfaces/local_setup.zsh
[2.970s] -- Up-to-date: /home/yahboom/ICA_ws/install/turtle_interfaces/share/turtle_interfaces/local_setup.dsv
[2.971s] -- Installing: /home/yahboom/ICA_ws/install/turtle_interfaces/share/turtle_interfaces/package.dsv
[2.972s] -- Up-to-date: /home/yahboom/ICA_ws/install/turtle_interfaces/share/ament_index/resource_index/packages/turtle_interfaces
[2.973s] -- Up-to-date: /home/yahboom/ICA_ws/install/turtle_interfaces/share/turtle_interfaces/cmake/export_turtle_interfaces__rosidl_generator_cExport.cmake
[2.974s] -- Up-to-date: /home/yahboom/ICA_ws/install/turtle_interfaces/share/turtle_interfaces/cmake/export_turtle_interfaces__rosidl_generator_cExport-noconfig.cmake
[2.974s] -- Up-to-date: /home/yahboom/ICA_ws/install/turtle_interfaces/share/turtle_interfaces/cmake/export_turtle_interfaces__rosidl_typesupport_fastrtps_cExport.cmake
[2.974s] -- Up-to-date: /home/yahboom/ICA_ws/install/turtle_interfaces/share/turtle_interfaces/cmake/export_turtle_interfaces__rosidl_typesupport_fastrtps_cExport-noconfig.cmake
[2.975s] -- Up-to-date: /home/yahboom/ICA_ws/install/turtle_interfaces/share/turtle_interfaces/cmake/turtle_interfaces__rosidl_typesupport_introspection_cExport.cmake
[2.975s] -- Up-to-date: /home/yahboom/ICA_ws/install/turtle_interfaces/share/turtle_interfaces/cmake/turtle_interfaces__rosidl_typesupport_introspection_cExport-noconfig.cmake
[2.975s] -- Up-to-date: /home/yahboom/ICA_ws/install/turtle_interfaces/share/turtle_interfaces/cmake/turtle_interfaces__rosidl_typesupport_cExport.cmake
[2.975s] -- Up-to-date: /home/yahboom/ICA_ws/install/turtle_interfaces/share/turtle_interfaces/cmake/turtle_interfaces__rosidl_typesupport_cExport-noconfig.cmake
[2.976s] -- Up-to-date: /home/yahboom/ICA_ws/install/turtle_interfaces/share/turtle_interfaces/cmake/export_turtle_interfaces__rosidl_generator_cppExport.cmake
[2.976s] -- Up-to-date: /home/yahboom/ICA_ws/install/turtle_interfaces/share/turtle_interfaces/cmake/export_turtle_interfaces__rosidl_typesupport_fastrtps_cppExport.cmake
[2.976s] -- Up-to-date: /home/yahboom/ICA_ws/install/turtle_interfaces/share/turtle_interfaces/cmake/export_turtle_interfaces__rosidl_typesupport_fastrtps_cppExport-noconfig.cmake
[2.976s] -- Up-to-date: /home/yahboom/ICA_ws/install/turtle_interfaces/share/turtle_interfaces/cmake/turtle_interfaces__rosidl_typesupport_introspection_cppExport.cmake
[2.976s] -- Up-to-date: /home/yahboom/ICA_ws/install/turtle_interfaces/share/turtle_interfaces/cmake/turtle_interfaces__rosidl_typesupport_introspection_cppExport-noconfig.cmake
[2.977s] -- Up-to-date: /home/yahboom/ICA_ws/install/turtle_interfaces/share/turtle_interfaces/cmake/turtle_interfaces__rosidl_typesupport_cppExport.cmake
[2.977s] -- Up-to-date: /home/yahboom/ICA_ws/install/turtle_interfaces/share/turtle_interfaces/cmake/turtle_interfaces__rosidl_typesupport_cppExport-noconfig.cmake
[2.977s] -- Up-to-date: /home/yahboom/ICA_ws/install/turtle_interfaces/share/turtle_interfaces/cmake/export_turtle_interfaces__rosidl_generator_pyExport.cmake
[2.977s] -- Up-to-date: /home/yahboom/ICA_ws/install/turtle_interfaces/share/turtle_interfaces/cmake/export_turtle_interfaces__rosidl_generator_pyExport-noconfig.cmake
[2.977s] -- Up-to-date: /home/yahboom/ICA_ws/install/turtle_interfaces/share/turtle_interfaces/cmake/rosidl_cmake-extras.cmake
[2.977s] -- Up-to-date: /home/yahboom/ICA_ws/install/turtle_interfaces/share/turtle_interfaces/cmake/ament_cmake_export_dependencies-extras.cmake
[2.977s] -- Up-to-date: /home/yahboom/ICA_ws/install/turtle_interfaces/share/turtle_interfaces/cmake/ament_cmake_export_include_directories-extras.cmake
[2.977s] -- Up-to-date: /home/yahboom/ICA_ws/install/turtle_interfaces/share/turtle_interfaces/cmake/ament_cmake_export_libraries-extras.cmake
[2.977s] -- Up-to-date: /home/yahboom/ICA_ws/install/turtle_interfaces/share/turtle_interfaces/cmake/ament_cmake_export_targets-extras.cmake
[2.977s] -- Up-to-date: /home/yahboom/ICA_ws/install/turtle_interfaces/share/turtle_interfaces/cmake/rosidl_cmake_export_typesupport_targets-extras.cmake
[2.978s] -- Up-to-date: /home/yahboom/ICA_ws/install/turtle_interfaces/share/turtle_interfaces/cmake/rosidl_cmake_export_typesupport_libraries-extras.cmake
[2.978s] -- Up-to-date: /home/yahboom/ICA_ws/install/turtle_interfaces/share/turtle_interfaces/cmake/turtle_interfacesConfig.cmake
[2.978s] -- Up-to-date: /home/yahboom/ICA_ws/install/turtle_interfaces/share/turtle_interfaces/cmake/turtle_interfacesConfig-version.cmake
[2.978s] -- Up-to-date: /home/yahboom/ICA_ws/install/turtle_interfaces/share/turtle_interfaces/package.xml
[2.985s] Invoked command in '/home/yahboom/ICA_ws/build/turtle_interfaces' returned '0': CMAKE_PREFIX_PATH=${CMAKE_PREFIX_PATH}:/home/yahboom/ICA_ws/install/turtle_test:/home/yahboom/ICA_ws/install/python_parameters:/home/yahboom/cartoros2/install/yahboomcar_nav:/home/yahboom/cartoros2/install/yahboomcar_ctrl:/home/yahboom/cartoros2/install/yahboom_visual:/home/yahboom/cartoros2/install/yahboom_dog_joint_state:/home/yahboom/cartoros2/install/yahboom_description:/home/yahboom/cartoros2/install/yahboom_color_identify_server:/home/yahboom/cartoros2/install/yahboom_bringup:/home/yahboom/cartoros2/install/yahboom_base:/home/yahboom/cartoros2/install/yahboom_app_save_map:/home/yahboom/cartoros2/install/update_map:/home/yahboom/cartoros2/install/rosboard:/home/yahboom/cartoros2/install/path_planner_server:/home/yahboom/cartoros2/install/nav2_simple_commander:/home/yahboom/cartoros2/install/nav2_gazebo_spawner:/home/yahboom/cartoros2/install/localization_server:/home/yahboom/cartoros2/install/laserscan_to_point_pulisher:/home/yahboom/yahboomcar_ws/install/yahboom_dog_example:/opt/ros/humble /usr/bin/cmake --install /home/yahboom/ICA_ws/build/turtle_interfaces
