[2.224s] Invoking command in '/home/yahboom/roscourse_ws/src/python_turtle': PYTHONPATH=/home/yahboom/roscourse_ws/src/python_turtle/build/python_turtle/prefix_override:/home/yahboom/roscourse_ws/src/python_turtle/install/python_turtle/lib/python3.10/site-packages:${PYTHONPATH} /usr/bin/python3 -W ignore:setup.py install is deprecated setup.py egg_info --egg-base build/python_turtle build --build-base /home/yahboom/roscourse_ws/src/python_turtle/build/python_turtle/build install --record /home/yahboom/roscourse_ws/src/python_turtle/build/python_turtle/install.log --single-version-externally-managed install_data
[2.925s] running egg_info
[2.926s] writing build/python_turtle/python_turtle.egg-info/PKG-INFO
[2.929s] writing dependency_links to build/python_turtle/python_turtle.egg-info/dependency_links.txt
[2.930s] writing entry points to build/python_turtle/python_turtle.egg-info/entry_points.txt
[2.931s] writing requirements to build/python_turtle/python_turtle.egg-info/requires.txt
[2.932s] writing top-level names to build/python_turtle/python_turtle.egg-info/top_level.txt
[2.937s] reading manifest file 'build/python_turtle/python_turtle.egg-info/SOURCES.txt'
[2.940s] writing manifest file 'build/python_turtle/python_turtle.egg-info/SOURCES.txt'
[2.940s] running build
[2.941s] running build_py
[2.943s] running install
[2.944s] running install_lib
[2.949s] running install_data
[2.951s] running install_egg_info
[2.957s] removing '/home/yahboom/roscourse_ws/src/python_turtle/install/python_turtle/lib/python3.10/site-packages/python_turtle-0.0.0-py3.10.egg-info' (and everything under it)
[2.957s] Copying build/python_turtle/python_turtle.egg-info to /home/yahboom/roscourse_ws/src/python_turtle/install/python_turtle/lib/python3.10/site-packages/python_turtle-0.0.0-py3.10.egg-info
[2.961s] running install_scripts
[3.015s] Installing service_client script to /home/yahboom/roscourse_ws/src/python_turtle/install/python_turtle/lib/python_turtle
[3.018s] Installing turtlebot_client script to /home/yahboom/roscourse_ws/src/python_turtle/install/python_turtle/lib/python_turtle
[3.019s] Installing turtlebot_server script to /home/yahboom/roscourse_ws/src/python_turtle/install/python_turtle/lib/python_turtle
[3.020s] writing list of installed files to '/home/yahboom/roscourse_ws/src/python_turtle/build/python_turtle/install.log'
[3.072s] Invoked command in '/home/yahboom/roscourse_ws/src/python_turtle' returned '0': PYTHONPATH=/home/yahboom/roscourse_ws/src/python_turtle/build/python_turtle/prefix_override:/home/yahboom/roscourse_ws/src/python_turtle/install/python_turtle/lib/python3.10/site-packages:${PYTHONPATH} /usr/bin/python3 -W ignore:setup.py install is deprecated setup.py egg_info --egg-base build/python_turtle build --build-base /home/yahboom/roscourse_ws/src/python_turtle/build/python_turtle/build install --record /home/yahboom/roscourse_ws/src/python_turtle/build/python_turtle/install.log --single-version-externally-managed install_data
