[2.527s] Invoking command in '/home/yahboom/Desktop/S26_RobotProgramming_Crystal/lab6/Ferrara/lab/roscourse_sim_ws/src/my_robot': PYTHONPATH=/home/yahboom/Desktop/S26_RobotProgramming_Crystal/lab6/Ferrara/lab/roscourse_sim_ws/build/my_robot/prefix_override:/usr/lib/python3/dist-packages/colcon_core/task/python/colcon_distutils_commands:/home/yahboom/Desktop/S26_RobotProgramming_Crystal/lab6/Ferrara/lab/roscourse_sim_ws/install/my_robot/lib/python3.10/site-packages:${PYTHONPATH} /usr/bin/python3 -W ignore:setup.py install is deprecated -W ignore:easy_install command is deprecated setup.py egg_info --egg-base ../../build/my_robot build --build-base /home/yahboom/Desktop/S26_RobotProgramming_Crystal/lab6/Ferrara/lab/roscourse_sim_ws/build/my_robot/build install --record /home/yahboom/Desktop/S26_RobotProgramming_Crystal/lab6/Ferrara/lab/roscourse_sim_ws/build/my_robot/install.log --single-version-externally-managed install_data
[3.226s] running egg_info
[3.228s] writing ../../build/my_robot/my_robot.egg-info/PKG-INFO
[3.228s] writing dependency_links to ../../build/my_robot/my_robot.egg-info/dependency_links.txt
[3.229s] writing entry points to ../../build/my_robot/my_robot.egg-info/entry_points.txt
[3.230s] writing requirements to ../../build/my_robot/my_robot.egg-info/requires.txt
[3.230s] writing top-level names to ../../build/my_robot/my_robot.egg-info/top_level.txt
[3.234s] reading manifest file '../../build/my_robot/my_robot.egg-info/SOURCES.txt'
[3.245s] writing manifest file '../../build/my_robot/my_robot.egg-info/SOURCES.txt'
[3.245s] running build
[3.245s] running build_py
[3.246s] running install
[3.247s] running install_lib
[3.250s] running install_data
[3.250s] copying urdf/my_robot.urdf.xacro -> /home/yahboom/Desktop/S26_RobotProgramming_Crystal/lab6/Ferrara/lab/roscourse_sim_ws/install/my_robot/share/my_robot
[3.250s] copying launch/my_robot_xacro_rviz.launch.py -> /home/yahboom/Desktop/S26_RobotProgramming_Crystal/lab6/Ferrara/lab/roscourse_sim_ws/install/my_robot/share/my_robot/launch
[3.251s] running install_egg_info
[3.256s] removing '/home/yahboom/Desktop/S26_RobotProgramming_Crystal/lab6/Ferrara/lab/roscourse_sim_ws/install/my_robot/lib/python3.10/site-packages/my_robot-0.0.0-py3.10.egg-info' (and everything under it)
[3.258s] Copying ../../build/my_robot/my_robot.egg-info to /home/yahboom/Desktop/S26_RobotProgramming_Crystal/lab6/Ferrara/lab/roscourse_sim_ws/install/my_robot/lib/python3.10/site-packages/my_robot-0.0.0-py3.10.egg-info
[3.260s] running install_scripts
[3.308s] writing list of installed files to '/home/yahboom/Desktop/S26_RobotProgramming_Crystal/lab6/Ferrara/lab/roscourse_sim_ws/build/my_robot/install.log'
[3.352s] Invoked command in '/home/yahboom/Desktop/S26_RobotProgramming_Crystal/lab6/Ferrara/lab/roscourse_sim_ws/src/my_robot' returned '0': PYTHONPATH=/home/yahboom/Desktop/S26_RobotProgramming_Crystal/lab6/Ferrara/lab/roscourse_sim_ws/build/my_robot/prefix_override:/usr/lib/python3/dist-packages/colcon_core/task/python/colcon_distutils_commands:/home/yahboom/Desktop/S26_RobotProgramming_Crystal/lab6/Ferrara/lab/roscourse_sim_ws/install/my_robot/lib/python3.10/site-packages:${PYTHONPATH} /usr/bin/python3 -W ignore:setup.py install is deprecated -W ignore:easy_install command is deprecated setup.py egg_info --egg-base ../../build/my_robot build --build-base /home/yahboom/Desktop/S26_RobotProgramming_Crystal/lab6/Ferrara/lab/roscourse_sim_ws/build/my_robot/build install --record /home/yahboom/Desktop/S26_RobotProgramming_Crystal/lab6/Ferrara/lab/roscourse_sim_ws/build/my_robot/install.log --single-version-externally-managed install_data
