[0.233s] DEBUG:colcon:Command line arguments: ['/usr/bin/colcon', 'build']
[0.233s] DEBUG:colcon:Parsed command line arguments: Namespace(log_base=None, log_level=None, verb_name='build', build_base='build', install_base='install', merge_install=False, symlink_install=False, test_result_base=None, continue_on_error=False, executor='parallel', parallel_workers=4, event_handlers=None, ignore_user_meta=False, metas=['./colcon.meta'], base_paths=['.'], packages_ignore=None, packages_ignore_regex=None, paths=None, packages_up_to=None, packages_up_to_regex=None, packages_above=None, packages_above_and_dependencies=None, packages_above_depth=None, packages_select_by_dep=None, packages_skip_by_dep=None, packages_skip_up_to=None, packages_select_build_failed=False, packages_skip_build_finished=False, packages_select_test_failures=False, packages_skip_test_passed=False, packages_select=None, packages_skip=None, packages_select_regex=None, packages_skip_regex=None, packages_start=None, packages_end=None, allow_overriding=[], cmake_args=None, cmake_target=None, cmake_target_skip_unavailable=False, cmake_clean_cache=False, cmake_clean_first=False, cmake_force_configure=False, ament_cmake_args=None, catkin_cmake_args=None, catkin_skip_building_tests=False, verb_parser=<colcon_defaults.argument_parser.defaults.DefaultArgumentsDecorator object at 0x792daf4ea020>, verb_extension=<colcon_core.verb.build.BuildVerb object at 0x792daf4e9b10>, main=<bound method BuildVerb.main of <colcon_core.verb.build.BuildVerb object at 0x792daf4e9b10>>)
[0.654s] Level 1:colcon.colcon_core.package_discovery:discover_packages(colcon_meta) check parameters
[0.654s] Level 1:colcon.colcon_core.package_discovery:discover_packages(recursive) check parameters
[0.654s] Level 1:colcon.colcon_core.package_discovery:discover_packages(ignore) check parameters
[0.654s] Level 1:colcon.colcon_core.package_discovery:discover_packages(path) check parameters
[0.654s] Level 1:colcon.colcon_core.package_discovery:discover_packages(colcon_meta) discover
[0.654s] Level 1:colcon.colcon_core.package_discovery:discover_packages(recursive) discover
[0.654s] INFO:colcon.colcon_core.package_discovery:Crawling recursively for packages in '/home/yahboom/roscourse_ws/src/python_turtle'
[0.654s] Level 1:colcon.colcon_core.package_identification:_identify(.) by extensions ['ignore', 'ignore_ament_install']
[0.654s] Level 1:colcon.colcon_core.package_identification:_identify(.) by extension 'ignore'
[0.655s] Level 1:colcon.colcon_core.package_identification:_identify(.) by extension 'ignore_ament_install'
[0.655s] Level 1:colcon.colcon_core.package_identification:_identify(.) by extensions ['colcon_pkg']
[0.655s] Level 1:colcon.colcon_core.package_identification:_identify(.) by extension 'colcon_pkg'
[0.655s] Level 1:colcon.colcon_core.package_identification:_identify(.) by extensions ['colcon_meta']
[0.655s] Level 1:colcon.colcon_core.package_identification:_identify(.) by extension 'colcon_meta'
[0.655s] Level 1:colcon.colcon_core.package_identification:_identify(.) by extensions ['ros']
[0.655s] Level 1:colcon.colcon_core.package_identification:_identify(.) by extension 'ros'
[0.675s] DEBUG:colcon.colcon_core.package_identification:Package '.' with type 'ros.ament_python' and name 'python_turtle'
[0.676s] Level 1:colcon.colcon_core.package_discovery:discover_packages(recursive) using defaults
[0.676s] Level 1:colcon.colcon_core.package_discovery:discover_packages(ignore) discover
[0.676s] Level 1:colcon.colcon_core.package_discovery:discover_packages(ignore) using defaults
[0.676s] Level 1:colcon.colcon_core.package_discovery:discover_packages(path) discover
[0.676s] Level 1:colcon.colcon_core.package_discovery:discover_packages(path) using defaults
[0.737s] Level 1:colcon.colcon_core.package_discovery:discover_packages(prefix_path) check parameters
[0.737s] Level 1:colcon.colcon_core.package_discovery:discover_packages(prefix_path) discover
[0.748s] DEBUG:colcon.colcon_installed_package_information.package_discovery:Found 19 installed packages in /home/yahboom/yahboomcar_ws/install
[0.749s] DEBUG:colcon.colcon_installed_package_information.package_discovery:Found 2 installed packages in /home/yahboom/gmapping_ws/install
[0.751s] DEBUG:colcon.colcon_installed_package_information.package_discovery:Found 76 installed packages in /home/yahboom/cartoros2/install
[0.754s] DEBUG:colcon.colcon_installed_package_information.package_discovery:Found 346 installed packages in /opt/ros/humble
[0.758s] Level 1:colcon.colcon_core.package_discovery:discover_packages(prefix_path) using defaults
[0.933s] Level 5:colcon.colcon_core.verb:set package 'python_turtle' build argument 'cmake_args' from command line to 'None'
[0.933s] Level 5:colcon.colcon_core.verb:set package 'python_turtle' build argument 'cmake_target' from command line to 'None'
[0.933s] Level 5:colcon.colcon_core.verb:set package 'python_turtle' build argument 'cmake_target_skip_unavailable' from command line to 'False'
[0.933s] Level 5:colcon.colcon_core.verb:set package 'python_turtle' build argument 'cmake_clean_cache' from command line to 'False'
[0.933s] Level 5:colcon.colcon_core.verb:set package 'python_turtle' build argument 'cmake_clean_first' from command line to 'False'
[0.933s] Level 5:colcon.colcon_core.verb:set package 'python_turtle' build argument 'cmake_force_configure' from command line to 'False'
[0.933s] Level 5:colcon.colcon_core.verb:set package 'python_turtle' build argument 'ament_cmake_args' from command line to 'None'
[0.933s] Level 5:colcon.colcon_core.verb:set package 'python_turtle' build argument 'catkin_cmake_args' from command line to 'None'
[0.933s] Level 5:colcon.colcon_core.verb:set package 'python_turtle' build argument 'catkin_skip_building_tests' from command line to 'False'
[0.934s] DEBUG:colcon.colcon_core.verb:Building package 'python_turtle' with the following arguments: {'ament_cmake_args': None, 'build_base': '/home/yahboom/roscourse_ws/src/python_turtle/build/python_turtle', 'catkin_cmake_args': None, 'catkin_skip_building_tests': False, 'cmake_args': None, 'cmake_clean_cache': False, 'cmake_clean_first': False, 'cmake_force_configure': False, 'cmake_target': None, 'cmake_target_skip_unavailable': False, 'install_base': '/home/yahboom/roscourse_ws/src/python_turtle/install/python_turtle', 'merge_install': False, 'path': '/home/yahboom/roscourse_ws/src/python_turtle', 'symlink_install': False, 'test_result_base': None}
[0.934s] INFO:colcon.colcon_core.executor:Executing jobs using 'parallel' executor
[0.936s] DEBUG:colcon.colcon_parallel_executor.executor.parallel:run_until_complete
[0.936s] INFO:colcon.colcon_ros.task.ament_python.build:Building ROS package in '/home/yahboom/roscourse_ws/src/python_turtle' with build type 'ament_python'
[0.936s] Level 1:colcon.colcon_core.shell:create_environment_hook('python_turtle', 'ament_prefix_path')
[0.945s] INFO:colcon.colcon_core.plugin_system:Skipping extension 'colcon_core.shell.bat': Not used on non-Windows systems
[0.945s] INFO:colcon.colcon_core.shell:Creating environment hook '/home/yahboom/roscourse_ws/src/python_turtle/install/python_turtle/share/python_turtle/hook/ament_prefix_path.ps1'
[0.947s] INFO:colcon.colcon_core.shell:Creating environment descriptor '/home/yahboom/roscourse_ws/src/python_turtle/install/python_turtle/share/python_turtle/hook/ament_prefix_path.dsv'
[0.947s] INFO:colcon.colcon_core.shell:Creating environment hook '/home/yahboom/roscourse_ws/src/python_turtle/install/python_turtle/share/python_turtle/hook/ament_prefix_path.sh'
[0.948s] INFO:colcon.colcon_core.shell:Skip shell extension 'powershell' for command environment: Not usable outside of PowerShell
[0.948s] DEBUG:colcon.colcon_core.shell:Skip shell extension 'dsv' for command environment
[1.321s] INFO:colcon.colcon_core.task.python.build:Building Python package in '/home/yahboom/roscourse_ws/src/python_turtle'
[1.321s] INFO:colcon.colcon_core.shell:Skip shell extension 'powershell' for command environment: Not usable outside of PowerShell
[1.321s] DEBUG:colcon.colcon_core.shell:Skip shell extension 'dsv' for command environment
[1.850s] DEBUG:colcon.colcon_core.event_handler.log_command:Invoking command in '/home/yahboom/roscourse_ws/src/python_turtle': PYTHONPATH=/home/yahboom/roscourse_ws/src/python_turtle/build/python_turtle/prefix_override:/home/yahboom/roscourse_ws/src/python_turtle/install/python_turtle/lib/python3.10/site-packages:${PYTHONPATH} /usr/bin/python3 -W ignore:setup.py install is deprecated setup.py egg_info --egg-base build/python_turtle build --build-base /home/yahboom/roscourse_ws/src/python_turtle/build/python_turtle/build install --record /home/yahboom/roscourse_ws/src/python_turtle/build/python_turtle/install.log --single-version-externally-managed install_data
[2.179s] DEBUG:colcon.colcon_core.event_handler.log_command:Invoked command in '/home/yahboom/roscourse_ws/src/python_turtle' returned '0': PYTHONPATH=/home/yahboom/roscourse_ws/src/python_turtle/build/python_turtle/prefix_override:/home/yahboom/roscourse_ws/src/python_turtle/install/python_turtle/lib/python3.10/site-packages:${PYTHONPATH} /usr/bin/python3 -W ignore:setup.py install is deprecated setup.py egg_info --egg-base build/python_turtle build --build-base /home/yahboom/roscourse_ws/src/python_turtle/build/python_turtle/build install --record /home/yahboom/roscourse_ws/src/python_turtle/build/python_turtle/install.log --single-version-externally-managed install_data
[2.189s] Level 1:colcon.colcon_core.environment:checking '/home/yahboom/roscourse_ws/src/python_turtle/install/python_turtle' for CMake module files
[2.190s] Level 1:colcon.colcon_core.environment:checking '/home/yahboom/roscourse_ws/src/python_turtle/install/python_turtle' for CMake config files
[2.190s] Level 1:colcon.colcon_core.environment:checking '/home/yahboom/roscourse_ws/src/python_turtle/install/python_turtle/lib'
[2.191s] Level 1:colcon.colcon_core.environment:checking '/home/yahboom/roscourse_ws/src/python_turtle/install/python_turtle/bin'
[2.191s] Level 1:colcon.colcon_core.environment:checking '/home/yahboom/roscourse_ws/src/python_turtle/install/python_turtle/lib/pkgconfig/python_turtle.pc'
[2.191s] Level 1:colcon.colcon_core.environment:checking '/home/yahboom/roscourse_ws/src/python_turtle/install/python_turtle/lib/python3.10/site-packages'
[2.191s] Level 1:colcon.colcon_core.shell:create_environment_hook('python_turtle', 'pythonpath')
[2.191s] INFO:colcon.colcon_core.shell:Creating environment hook '/home/yahboom/roscourse_ws/src/python_turtle/install/python_turtle/share/python_turtle/hook/pythonpath.ps1'
[2.191s] INFO:colcon.colcon_core.shell:Creating environment descriptor '/home/yahboom/roscourse_ws/src/python_turtle/install/python_turtle/share/python_turtle/hook/pythonpath.dsv'
[2.192s] INFO:colcon.colcon_core.shell:Creating environment hook '/home/yahboom/roscourse_ws/src/python_turtle/install/python_turtle/share/python_turtle/hook/pythonpath.sh'
[2.193s] Level 1:colcon.colcon_core.environment:checking '/home/yahboom/roscourse_ws/src/python_turtle/install/python_turtle/bin'
[2.193s] Level 1:colcon.colcon_core.environment:create_environment_scripts_only(python_turtle)
[2.193s] INFO:colcon.colcon_core.shell:Creating package script '/home/yahboom/roscourse_ws/src/python_turtle/install/python_turtle/share/python_turtle/package.ps1'
[2.195s] INFO:colcon.colcon_core.shell:Creating package descriptor '/home/yahboom/roscourse_ws/src/python_turtle/install/python_turtle/share/python_turtle/package.dsv'
[2.196s] INFO:colcon.colcon_core.shell:Creating package script '/home/yahboom/roscourse_ws/src/python_turtle/install/python_turtle/share/python_turtle/package.sh'
[2.197s] INFO:colcon.colcon_core.shell:Creating package script '/home/yahboom/roscourse_ws/src/python_turtle/install/python_turtle/share/python_turtle/package.bash'
[2.198s] INFO:colcon.colcon_core.shell:Creating package script '/home/yahboom/roscourse_ws/src/python_turtle/install/python_turtle/share/python_turtle/package.zsh'
[2.199s] Level 1:colcon.colcon_core.environment:create_file_with_runtime_dependencies(/home/yahboom/roscourse_ws/src/python_turtle/install/python_turtle/share/colcon-core/packages/python_turtle)
[2.200s] DEBUG:colcon.colcon_parallel_executor.executor.parallel:closing loop
[2.200s] DEBUG:colcon.colcon_parallel_executor.executor.parallel:loop closed
[2.200s] DEBUG:colcon.colcon_parallel_executor.executor.parallel:run_until_complete finished with '0'
[2.200s] DEBUG:colcon.colcon_core.event_reactor:joining thread
[2.210s] INFO:colcon.colcon_core.plugin_system:Skipping extension 'colcon_notification.desktop_notification.terminal_notifier': Not used on non-Darwin systems
[2.210s] INFO:colcon.colcon_core.plugin_system:Skipping extension 'colcon_notification.desktop_notification.win32': Not used on non-Windows systems
[2.210s] INFO:colcon.colcon_notification.desktop_notification:Sending desktop notification using 'notify2'
[2.236s] DEBUG:colcon.colcon_core.event_reactor:joined thread
[2.237s] INFO:colcon.colcon_core.shell:Creating prefix script '/home/yahboom/roscourse_ws/src/python_turtle/install/local_setup.ps1'
[2.238s] INFO:colcon.colcon_core.shell:Creating prefix util module '/home/yahboom/roscourse_ws/src/python_turtle/install/_local_setup_util_ps1.py'
[2.239s] INFO:colcon.colcon_core.shell:Creating prefix chain script '/home/yahboom/roscourse_ws/src/python_turtle/install/setup.ps1'
[2.245s] INFO:colcon.colcon_core.shell:Creating prefix script '/home/yahboom/roscourse_ws/src/python_turtle/install/local_setup.sh'
[2.247s] INFO:colcon.colcon_core.shell:Creating prefix util module '/home/yahboom/roscourse_ws/src/python_turtle/install/_local_setup_util_sh.py'
[2.247s] INFO:colcon.colcon_core.shell:Creating prefix chain script '/home/yahboom/roscourse_ws/src/python_turtle/install/setup.sh'
[2.252s] INFO:colcon.colcon_core.shell:Creating prefix script '/home/yahboom/roscourse_ws/src/python_turtle/install/local_setup.bash'
[2.253s] INFO:colcon.colcon_core.shell:Creating prefix chain script '/home/yahboom/roscourse_ws/src/python_turtle/install/setup.bash'
[2.258s] INFO:colcon.colcon_core.shell:Creating prefix script '/home/yahboom/roscourse_ws/src/python_turtle/install/local_setup.zsh'
[2.259s] INFO:colcon.colcon_core.shell:Creating prefix chain script '/home/yahboom/roscourse_ws/src/python_turtle/install/setup.zsh'
