[3.031s] Invoking command in '/home/yahboom/roscourse_ws/src/webcam': PYTHONPATH=/home/yahboom/roscourse_ws/build/webcam/prefix_override:/home/yahboom/roscourse_ws/install/webcam/lib/python3.10/site-packages:${PYTHONPATH} /usr/bin/python3 -W ignore:setup.py install is deprecated setup.py egg_info --egg-base ../../build/webcam build --build-base /home/yahboom/roscourse_ws/build/webcam/build install --record /home/yahboom/roscourse_ws/build/webcam/install.log --single-version-externally-managed install_data
[3.949s] running egg_info
[3.951s] writing ../../build/webcam/webcam.egg-info/PKG-INFO
[3.951s] writing dependency_links to ../../build/webcam/webcam.egg-info/dependency_links.txt
[3.954s] writing entry points to ../../build/webcam/webcam.egg-info/entry_points.txt
[3.954s] writing requirements to ../../build/webcam/webcam.egg-info/requires.txt
[3.954s] writing top-level names to ../../build/webcam/webcam.egg-info/top_level.txt
[3.958s] reading manifest file '../../build/webcam/webcam.egg-info/SOURCES.txt'
[3.961s] writing manifest file '../../build/webcam/webcam.egg-info/SOURCES.txt'
[3.962s] running build
[3.962s] running build_py
[3.962s] running install
[3.963s] running install_lib
[3.969s] running install_data
[3.970s] running install_egg_info
[3.972s] removing '/home/yahboom/roscourse_ws/install/webcam/lib/python3.10/site-packages/webcam-0.0.0-py3.10.egg-info' (and everything under it)
[3.973s] Copying ../../build/webcam/webcam.egg-info to /home/yahboom/roscourse_ws/install/webcam/lib/python3.10/site-packages/webcam-0.0.0-py3.10.egg-info
[3.977s] running install_scripts
[4.040s] Installing webcam_pub script to /home/yahboom/roscourse_ws/install/webcam/lib/webcam
[4.044s] Installing webcam_sub script to /home/yahboom/roscourse_ws/install/webcam/lib/webcam
[4.045s] writing list of installed files to '/home/yahboom/roscourse_ws/build/webcam/install.log'
[4.101s] Invoked command in '/home/yahboom/roscourse_ws/src/webcam' returned '0': PYTHONPATH=/home/yahboom/roscourse_ws/build/webcam/prefix_override:/home/yahboom/roscourse_ws/install/webcam/lib/python3.10/site-packages:${PYTHONPATH} /usr/bin/python3 -W ignore:setup.py install is deprecated setup.py egg_info --egg-base ../../build/webcam build --build-base /home/yahboom/roscourse_ws/build/webcam/build install --record /home/yahboom/roscourse_ws/build/webcam/install.log --single-version-externally-managed install_data
