[1.535s] Invoking command in '/home/yahboom/Desktop/S26_RobotProgramming_Crystal/Final_project/src/low_lvl_obj_detect': PYTHONPATH=/home/yahboom/Desktop/S26_RobotProgramming_Crystal/Final_project/build/low_lvl_obj_detect/prefix_override:/home/yahboom/Desktop/S26_RobotProgramming_Crystal/Final_project/install/low_lvl_obj_detect/lib/python3.10/site-packages:${PYTHONPATH} /usr/bin/python3 -W ignore:setup.py install is deprecated setup.py egg_info --egg-base ../../build/low_lvl_obj_detect build --build-base /home/yahboom/Desktop/S26_RobotProgramming_Crystal/Final_project/build/low_lvl_obj_detect/build install --record /home/yahboom/Desktop/S26_RobotProgramming_Crystal/Final_project/build/low_lvl_obj_detect/install.log --single-version-externally-managed install_data
[1.803s] running egg_info
[1.803s] creating ../../build/low_lvl_obj_detect/low_lvl_obj_detect.egg-info
[1.804s] writing ../../build/low_lvl_obj_detect/low_lvl_obj_detect.egg-info/PKG-INFO
[1.804s] writing dependency_links to ../../build/low_lvl_obj_detect/low_lvl_obj_detect.egg-info/dependency_links.txt
[1.804s] writing entry points to ../../build/low_lvl_obj_detect/low_lvl_obj_detect.egg-info/entry_points.txt
[1.804s] writing requirements to ../../build/low_lvl_obj_detect/low_lvl_obj_detect.egg-info/requires.txt
[1.804s] writing top-level names to ../../build/low_lvl_obj_detect/low_lvl_obj_detect.egg-info/top_level.txt
[1.804s] writing manifest file '../../build/low_lvl_obj_detect/low_lvl_obj_detect.egg-info/SOURCES.txt'
[1.805s] reading manifest file '../../build/low_lvl_obj_detect/low_lvl_obj_detect.egg-info/SOURCES.txt'
[1.807s] writing manifest file '../../build/low_lvl_obj_detect/low_lvl_obj_detect.egg-info/SOURCES.txt'
[1.807s] running build
[1.807s] running build_py
[1.807s] creating /home/yahboom/Desktop/S26_RobotProgramming_Crystal/Final_project/build/low_lvl_obj_detect/build
[1.807s] creating /home/yahboom/Desktop/S26_RobotProgramming_Crystal/Final_project/build/low_lvl_obj_detect/build/lib
[1.807s] creating /home/yahboom/Desktop/S26_RobotProgramming_Crystal/Final_project/build/low_lvl_obj_detect/build/lib/low_lvl_obj_detect
[1.807s] copying low_lvl_obj_detect/__init__.py -> /home/yahboom/Desktop/S26_RobotProgramming_Crystal/Final_project/build/low_lvl_obj_detect/build/lib/low_lvl_obj_detect
[1.808s] running install
[1.808s] running install_lib
[1.808s] creating /home/yahboom/Desktop/S26_RobotProgramming_Crystal/Final_project/install/low_lvl_obj_detect/lib/python3.10/site-packages/low_lvl_obj_detect
[1.808s] copying /home/yahboom/Desktop/S26_RobotProgramming_Crystal/Final_project/build/low_lvl_obj_detect/build/lib/low_lvl_obj_detect/__init__.py -> /home/yahboom/Desktop/S26_RobotProgramming_Crystal/Final_project/install/low_lvl_obj_detect/lib/python3.10/site-packages/low_lvl_obj_detect
[1.808s] byte-compiling /home/yahboom/Desktop/S26_RobotProgramming_Crystal/Final_project/install/low_lvl_obj_detect/lib/python3.10/site-packages/low_lvl_obj_detect/__init__.py to __init__.cpython-310.pyc
[1.808s] running install_data
[1.808s] creating /home/yahboom/Desktop/S26_RobotProgramming_Crystal/Final_project/install/low_lvl_obj_detect/share/ament_index
[1.808s] creating /home/yahboom/Desktop/S26_RobotProgramming_Crystal/Final_project/install/low_lvl_obj_detect/share/ament_index/resource_index
[1.809s] creating /home/yahboom/Desktop/S26_RobotProgramming_Crystal/Final_project/install/low_lvl_obj_detect/share/ament_index/resource_index/packages
[1.809s] copying resource/low_lvl_obj_detect -> /home/yahboom/Desktop/S26_RobotProgramming_Crystal/Final_project/install/low_lvl_obj_detect/share/ament_index/resource_index/packages
[1.810s] copying package.xml -> /home/yahboom/Desktop/S26_RobotProgramming_Crystal/Final_project/install/low_lvl_obj_detect/share/low_lvl_obj_detect
[1.810s] running install_egg_info
[1.810s] Copying ../../build/low_lvl_obj_detect/low_lvl_obj_detect.egg-info to /home/yahboom/Desktop/S26_RobotProgramming_Crystal/Final_project/install/low_lvl_obj_detect/lib/python3.10/site-packages/low_lvl_obj_detect-0.0.0-py3.10.egg-info
[1.811s] running install_scripts
[1.833s] writing list of installed files to '/home/yahboom/Desktop/S26_RobotProgramming_Crystal/Final_project/build/low_lvl_obj_detect/install.log'
[1.874s] Invoked command in '/home/yahboom/Desktop/S26_RobotProgramming_Crystal/Final_project/src/low_lvl_obj_detect' returned '0': PYTHONPATH=/home/yahboom/Desktop/S26_RobotProgramming_Crystal/Final_project/build/low_lvl_obj_detect/prefix_override:/home/yahboom/Desktop/S26_RobotProgramming_Crystal/Final_project/install/low_lvl_obj_detect/lib/python3.10/site-packages:${PYTHONPATH} /usr/bin/python3 -W ignore:setup.py install is deprecated setup.py egg_info --egg-base ../../build/low_lvl_obj_detect build --build-base /home/yahboom/Desktop/S26_RobotProgramming_Crystal/Final_project/build/low_lvl_obj_detect/build install --record /home/yahboom/Desktop/S26_RobotProgramming_Crystal/Final_project/build/low_lvl_obj_detect/install.log --single-version-externally-managed install_data
