[0.043s] Invoking command in '/home/yahboom/Desktop/S26_RobotProgramming_Crystal/lab4/Carsto/Lab/roscourse_ws/build/turtle_interfaces': CMAKE_PREFIX_PATH=${CMAKE_PREFIX_PATH}:/home/yahboom/Desktop/S26_RobotProgramming_Crystal/lab4/Carsto/Lab/roscourse_ws/install/python_turtle:/home/yahboom/Desktop/S26_RobotProgramming_Crystal/lab4/Carsto/Lab/roscourse_ws/install/teleop_twist_keyboard:/home/yahboom/Desktop/S26_RobotProgramming_Crystal/Lab4/Lab/roscourse_ws/install/python_turtle:/home/yahboom/Desktop/S26_RobotProgramming_Crystal/Lab4/Lab/roscourse_ws/install/teleop_twist_keyboard:/home/yahboom/Desktop/lec9/intro_ws/install/turtle_test:/home/yahboom/Desktop/lec9/intro_ws/install/teleop_twist_keyboard:/home/yahboom/Desktop/lec9/intro_ws/install/python_parameters:/home/yahboom/cartoros2/install/yahboomcar_nav:/home/yahboom/cartoros2/install/yahboomcar_ctrl:/home/yahboom/cartoros2/install/yahboom_visual:/home/yahboom/cartoros2/install/yahboom_dog_joint_state:/home/yahboom/cartoros2/install/yahboom_description:/home/yahboom/cartoros2/install/yahboom_color_identify_server:/home/yahboom/cartoros2/install/yahboom_bringup:/home/yahboom/cartoros2/install/yahboom_base:/home/yahboom/cartoros2/install/yahboom_app_save_map:/home/yahboom/cartoros2/install/update_map:/home/yahboom/cartoros2/install/rosboard:/home/yahboom/cartoros2/install/path_planner_server:/home/yahboom/cartoros2/install/nav2_simple_commander:/home/yahboom/cartoros2/install/nav2_gazebo_spawner:/home/yahboom/cartoros2/install/localization_server:/home/yahboom/cartoros2/install/laserscan_to_point_pulisher:/home/yahboom/yahboomcar_ws/install/yahboom_dog_example:/opt/ros/humble /usr/bin/cmake /home/yahboom/Desktop/S26_RobotProgramming_Crystal/lab4/Carsto/Lab/roscourse_ws/src/turtle_interfaces -DCMAKE_INSTALL_PREFIX=/home/yahboom/Desktop/S26_RobotProgramming_Crystal/lab4/Carsto/Lab/roscourse_ws/install/turtle_interfaces
[0.421s] -- The C compiler identification is GNU 11.4.0
[0.421s] -- The CXX compiler identification is GNU 11.4.0
[0.422s] -- Detecting C compiler ABI info
[0.422s] -- Detecting C compiler ABI info - done
[0.422s] -- Check for working C compiler: /usr/bin/cc - skipped
[0.422s] -- Detecting C compile features
[0.422s] -- Detecting C compile features - done
[0.422s] -- Detecting CXX compiler ABI info
[0.428s] -- Detecting CXX compiler ABI info - done
[0.437s] -- Check for working CXX compiler: /usr/bin/c++ - skipped
[0.437s] -- Detecting CXX compile features
[0.438s] -- Detecting CXX compile features - done
[0.447s] -- Found ament_cmake: 1.3.8 (/opt/ros/humble/share/ament_cmake/cmake)
[0.709s] -- Found Python3: /usr/bin/python3 (found version "3.10.12") found components: Interpreter 
[0.953s] -- Found ament_lint_auto: 0.12.10 (/opt/ros/humble/share/ament_lint_auto/cmake)
[1.123s] -- Found geometry_msgs: 4.2.3 (/opt/ros/humble/share/geometry_msgs/cmake)
[1.246s] -- Found rosidl_generator_c: 3.1.5 (/opt/ros/humble/share/rosidl_generator_c/cmake)
[1.271s] -- Found rosidl_adapter: 3.1.5 (/opt/ros/humble/share/rosidl_adapter/cmake)
[1.292s] -- Found rosidl_generator_cpp: 3.1.5 (/opt/ros/humble/share/rosidl_generator_cpp/cmake)
[1.329s] -- Using all available rosidl_typesupport_c: rosidl_typesupport_fastrtps_c;rosidl_typesupport_introspection_c
[1.384s] -- Using all available rosidl_typesupport_cpp: rosidl_typesupport_fastrtps_cpp;rosidl_typesupport_introspection_cpp
[1.562s] -- Found rosidl_default_generators: 1.2.0 (/opt/ros/humble/share/rosidl_default_generators/cmake)
[1.931s] -- Found ament_cmake_ros: 0.10.0 (/opt/ros/humble/share/ament_cmake_ros/cmake)
[2.448s] -- Using all available rosidl_typesupport_c: rosidl_typesupport_fastrtps_c;rosidl_typesupport_introspection_c
[2.651s] -- Using all available rosidl_typesupport_cpp: rosidl_typesupport_fastrtps_cpp;rosidl_typesupport_introspection_cpp
[2.684s] -- Found PythonInterp: /usr/bin/python3 (found suitable version "3.10.12", minimum required is "3.6") 
[2.690s] -- Found python_cmake_module: 0.10.0 (/opt/ros/humble/share/python_cmake_module/cmake)
[2.726s] -- Found PythonLibs: /usr/lib/x86_64-linux-gnu/libpython3.10.so (found suitable version "3.10.12", minimum required is "3.5") 
[2.728s] -- Using PYTHON_EXECUTABLE: /usr/bin/python3
[2.728s] -- Using PYTHON_INCLUDE_DIRS: /usr/include/python3.10
[2.728s] -- Using PYTHON_LIBRARIES: /usr/lib/x86_64-linux-gnu/libpython3.10.so
[2.760s] -- Found PythonExtra: .so  
[2.910s] -- Added test 'lint_cmake' to check CMake code style
[2.913s] -- Added test 'xmllint' to check XML markup files
[2.919s] -- Configuring done
[2.963s] -- Generating done
[2.966s] -- Build files have been written to: /home/yahboom/Desktop/S26_RobotProgramming_Crystal/lab4/Carsto/Lab/roscourse_ws/build/turtle_interfaces
[2.975s] Invoked command in '/home/yahboom/Desktop/S26_RobotProgramming_Crystal/lab4/Carsto/Lab/roscourse_ws/build/turtle_interfaces' returned '0': CMAKE_PREFIX_PATH=${CMAKE_PREFIX_PATH}:/home/yahboom/Desktop/S26_RobotProgramming_Crystal/lab4/Carsto/Lab/roscourse_ws/install/python_turtle:/home/yahboom/Desktop/S26_RobotProgramming_Crystal/lab4/Carsto/Lab/roscourse_ws/install/teleop_twist_keyboard:/home/yahboom/Desktop/S26_RobotProgramming_Crystal/Lab4/Lab/roscourse_ws/install/python_turtle:/home/yahboom/Desktop/S26_RobotProgramming_Crystal/Lab4/Lab/roscourse_ws/install/teleop_twist_keyboard:/home/yahboom/Desktop/lec9/intro_ws/install/turtle_test:/home/yahboom/Desktop/lec9/intro_ws/install/teleop_twist_keyboard:/home/yahboom/Desktop/lec9/intro_ws/install/python_parameters:/home/yahboom/cartoros2/install/yahboomcar_nav:/home/yahboom/cartoros2/install/yahboomcar_ctrl:/home/yahboom/cartoros2/install/yahboom_visual:/home/yahboom/cartoros2/install/yahboom_dog_joint_state:/home/yahboom/cartoros2/install/yahboom_description:/home/yahboom/cartoros2/install/yahboom_color_identify_server:/home/yahboom/cartoros2/install/yahboom_bringup:/home/yahboom/cartoros2/install/yahboom_base:/home/yahboom/cartoros2/install/yahboom_app_save_map:/home/yahboom/cartoros2/install/update_map:/home/yahboom/cartoros2/install/rosboard:/home/yahboom/cartoros2/install/path_planner_server:/home/yahboom/cartoros2/install/nav2_simple_commander:/home/yahboom/cartoros2/install/nav2_gazebo_spawner:/home/yahboom/cartoros2/install/localization_server:/home/yahboom/cartoros2/install/laserscan_to_point_pulisher:/home/yahboom/yahboomcar_ws/install/yahboom_dog_example:/opt/ros/humble /usr/bin/cmake /home/yahboom/Desktop/S26_RobotProgramming_Crystal/lab4/Carsto/Lab/roscourse_ws/src/turtle_interfaces -DCMAKE_INSTALL_PREFIX=/home/yahboom/Desktop/S26_RobotProgramming_Crystal/lab4/Carsto/Lab/roscourse_ws/install/turtle_interfaces
[2.978s] Invoking command in '/home/yahboom/Desktop/S26_RobotProgramming_Crystal/lab4/Carsto/Lab/roscourse_ws/build/turtle_interfaces': CMAKE_PREFIX_PATH=${CMAKE_PREFIX_PATH}:/home/yahboom/Desktop/S26_RobotProgramming_Crystal/lab4/Carsto/Lab/roscourse_ws/install/python_turtle:/home/yahboom/Desktop/S26_RobotProgramming_Crystal/lab4/Carsto/Lab/roscourse_ws/install/teleop_twist_keyboard:/home/yahboom/Desktop/S26_RobotProgramming_Crystal/Lab4/Lab/roscourse_ws/install/python_turtle:/home/yahboom/Desktop/S26_RobotProgramming_Crystal/Lab4/Lab/roscourse_ws/install/teleop_twist_keyboard:/home/yahboom/Desktop/lec9/intro_ws/install/turtle_test:/home/yahboom/Desktop/lec9/intro_ws/install/teleop_twist_keyboard:/home/yahboom/Desktop/lec9/intro_ws/install/python_parameters:/home/yahboom/cartoros2/install/yahboomcar_nav:/home/yahboom/cartoros2/install/yahboomcar_ctrl:/home/yahboom/cartoros2/install/yahboom_visual:/home/yahboom/cartoros2/install/yahboom_dog_joint_state:/home/yahboom/cartoros2/install/yahboom_description:/home/yahboom/cartoros2/install/yahboom_color_identify_server:/home/yahboom/cartoros2/install/yahboom_bringup:/home/yahboom/cartoros2/install/yahboom_base:/home/yahboom/cartoros2/install/yahboom_app_save_map:/home/yahboom/cartoros2/install/update_map:/home/yahboom/cartoros2/install/rosboard:/home/yahboom/cartoros2/install/path_planner_server:/home/yahboom/cartoros2/install/nav2_simple_commander:/home/yahboom/cartoros2/install/nav2_gazebo_spawner:/home/yahboom/cartoros2/install/localization_server:/home/yahboom/cartoros2/install/laserscan_to_point_pulisher:/home/yahboom/yahboomcar_ws/install/yahboom_dog_example:/opt/ros/humble /usr/bin/cmake --build /home/yahboom/Desktop/S26_RobotProgramming_Crystal/lab4/Carsto/Lab/roscourse_ws/build/turtle_interfaces -- -j4 -l4
[3.040s] [  2%] [34m[1mGenerating C code for ROS interfaces[0m
[3.060s] [  4%] [34m[1mGenerating C++ code for ROS interfaces[0m
[3.076s] [  4%] Built target ament_cmake_python_copy_turtle_interfaces
[3.457s] running egg_info
[3.458s] creating turtle_interfaces.egg-info
[3.458s] writing turtle_interfaces.egg-info/PKG-INFO
[3.459s] writing dependency_links to turtle_interfaces.egg-info/dependency_links.txt
[3.459s] writing top-level names to turtle_interfaces.egg-info/top_level.txt
[3.459s] writing manifest file 'turtle_interfaces.egg-info/SOURCES.txt'
[3.461s] reading manifest file 'turtle_interfaces.egg-info/SOURCES.txt'
[3.462s] writing manifest file 'turtle_interfaces.egg-info/SOURCES.txt'
[3.500s] [  4%] Built target ament_cmake_python_build_turtle_interfaces_egg
[3.631s] [  4%] Built target turtle_interfaces__cpp
[3.636s] [  8%] [32mBuilding C object CMakeFiles/turtle_interfaces__rosidl_generator_c.dir/rosidl_generator_c/turtle_interfaces/srv/detail/set_pose__functions.c.o[0m
[3.636s] [  8%] [32mBuilding C object CMakeFiles/turtle_interfaces__rosidl_generator_c.dir/rosidl_generator_c/turtle_interfaces/msg/detail/turtle_msg__functions.c.o[0m
[3.636s] [ 10%] [32mBuilding C object CMakeFiles/turtle_interfaces__rosidl_generator_c.dir/rosidl_generator_c/turtle_interfaces/srv/detail/set_color__functions.c.o[0m
[3.654s] [ 12%] [34m[1mGenerating C++ type support for eProsima Fast-RTPS[0m
[3.716s] [ 14%] [34m[1mGenerating C++ introspection for ROS interfaces[0m
[3.724s] [ 17%] [32m[1mLinking C shared library libturtle_interfaces__rosidl_generator_c.so[0m
[3.726s] [ 19%] [34m[1mGenerating C++ type support dispatch for ROS interfaces[0m
[3.794s] [ 19%] Built target turtle_interfaces__rosidl_generator_c
[3.813s] [ 21%] [34m[1mGenerating C introspection for ROS interfaces[0m
[4.155s] [ 23%] [32mBuilding CXX object CMakeFiles/turtle_interfaces__rosidl_typesupport_cpp.dir/rosidl_typesupport_cpp/turtle_interfaces/msg/turtle_msg__type_support.cpp.o[0m
[4.231s] [ 27%] [32mBuilding CXX object CMakeFiles/turtle_interfaces__rosidl_typesupport_introspection_cpp.dir/rosidl_typesupport_introspection_cpp/turtle_interfaces/msg/detail/turtle_msg__type_support.cpp.o[0m
[4.231s] [ 27%] [32mBuilding CXX object CMakeFiles/turtle_interfaces__rosidl_typesupport_fastrtps_cpp.dir/rosidl_typesupport_fastrtps_cpp/turtle_interfaces/msg/detail/dds_fastrtps/turtle_msg__type_support.cpp.o[0m
[4.332s] [ 29%] [32mBuilding C object CMakeFiles/turtle_interfaces__rosidl_typesupport_introspection_c.dir/rosidl_typesupport_introspection_c/turtle_interfaces/msg/detail/turtle_msg__type_support.c.o[0m
[4.388s] [ 31%] [32mBuilding C object CMakeFiles/turtle_interfaces__rosidl_typesupport_introspection_c.dir/rosidl_typesupport_introspection_c/turtle_interfaces/srv/detail/set_pose__type_support.c.o[0m
[4.444s] [ 34%] [32mBuilding C object CMakeFiles/turtle_interfaces__rosidl_typesupport_introspection_c.dir/rosidl_typesupport_introspection_c/turtle_interfaces/srv/detail/set_color__type_support.c.o[0m
[4.498s] [ 36%] [32m[1mLinking C shared library libturtle_interfaces__rosidl_typesupport_introspection_c.so[0m
[4.510s] [ 38%] [32mBuilding CXX object CMakeFiles/turtle_interfaces__rosidl_typesupport_cpp.dir/rosidl_typesupport_cpp/turtle_interfaces/srv/set_pose__type_support.cpp.o[0m
[4.554s] [ 38%] Built target turtle_interfaces__rosidl_typesupport_introspection_c
[4.574s] [ 40%] [32mBuilding CXX object CMakeFiles/turtle_interfaces__rosidl_typesupport_fastrtps_cpp.dir/rosidl_typesupport_fastrtps_cpp/turtle_interfaces/srv/detail/dds_fastrtps/set_pose__type_support.cpp.o[0m
[4.697s] [ 42%] [32mBuilding CXX object CMakeFiles/turtle_interfaces__rosidl_typesupport_introspection_cpp.dir/rosidl_typesupport_introspection_cpp/turtle_interfaces/srv/detail/set_pose__type_support.cpp.o[0m
[4.730s] [ 44%] [32mBuilding CXX object CMakeFiles/turtle_interfaces__rosidl_typesupport_cpp.dir/rosidl_typesupport_cpp/turtle_interfaces/srv/set_color__type_support.cpp.o[0m
[4.856s] [ 46%] [32mBuilding CXX object CMakeFiles/turtle_interfaces__rosidl_typesupport_introspection_cpp.dir/rosidl_typesupport_introspection_cpp/turtle_interfaces/srv/detail/set_color__type_support.cpp.o[0m
[5.076s] [ 48%] [32m[1mLinking CXX shared library libturtle_interfaces__rosidl_typesupport_cpp.so[0m
[5.094s] [ 51%] [32mBuilding CXX object CMakeFiles/turtle_interfaces__rosidl_typesupport_fastrtps_cpp.dir/rosidl_typesupport_fastrtps_cpp/turtle_interfaces/srv/detail/dds_fastrtps/set_color__type_support.cpp.o[0m
[5.146s] [ 51%] Built target turtle_interfaces__rosidl_typesupport_cpp
[5.172s] [ 53%] [34m[1mGenerating C type support dispatch for ROS interfaces[0m
[5.182s] [ 55%] [34m[1mGenerating C type support for eProsima Fast-RTPS[0m
[5.432s] [ 57%] [32m[1mLinking CXX shared library libturtle_interfaces__rosidl_typesupport_introspection_cpp.so[0m
[5.530s] [ 57%] Built target turtle_interfaces__rosidl_typesupport_introspection_cpp
[5.604s] [ 59%] [32mBuilding CXX object CMakeFiles/turtle_interfaces__rosidl_typesupport_c.dir/rosidl_typesupport_c/turtle_interfaces/srv/set_pose__type_support.cpp.o[0m
[5.611s] [ 61%] [32mBuilding CXX object CMakeFiles/turtle_interfaces__rosidl_typesupport_c.dir/rosidl_typesupport_c/turtle_interfaces/msg/turtle_msg__type_support.cpp.o[0m
[5.655s] [ 63%] [32mBuilding CXX object CMakeFiles/turtle_interfaces__rosidl_typesupport_c.dir/rosidl_typesupport_c/turtle_interfaces/srv/set_color__type_support.cpp.o[0m
[5.662s] [ 65%] [32m[1mLinking CXX shared library libturtle_interfaces__rosidl_typesupport_fastrtps_cpp.so[0m
[5.704s] [ 68%] [32m[1mLinking CXX shared library libturtle_interfaces__rosidl_typesupport_c.so[0m
[5.722s] [ 72%] [32mBuilding CXX object CMakeFiles/turtle_interfaces__rosidl_typesupport_fastrtps_c.dir/rosidl_typesupport_fastrtps_c/turtle_interfaces/msg/detail/turtle_msg__type_support_c.cpp.o[0m
[5.722s] [ 72%] [32mBuilding CXX object CMakeFiles/turtle_interfaces__rosidl_typesupport_fastrtps_c.dir/rosidl_typesupport_fastrtps_c/turtle_interfaces/srv/detail/set_pose__type_support_c.cpp.o[0m
[5.764s] [ 72%] Built target turtle_interfaces__rosidl_typesupport_fastrtps_cpp
[5.769s] [ 72%] Built target turtle_interfaces__rosidl_typesupport_c
[5.783s] [ 74%] [32mBuilding CXX object CMakeFiles/turtle_interfaces__rosidl_typesupport_fastrtps_c.dir/rosidl_typesupport_fastrtps_c/turtle_interfaces/srv/detail/set_color__type_support_c.cpp.o[0m
[6.189s] [ 76%] [32m[1mLinking CXX shared library libturtle_interfaces__rosidl_typesupport_fastrtps_c.so[0m
[6.268s] [ 76%] Built target turtle_interfaces__rosidl_typesupport_fastrtps_c
[6.304s] [ 76%] Built target turtle_interfaces
[6.340s] [ 78%] [34m[1mGenerating Python code for ROS interfaces[0m
[6.961s] [ 78%] Built target turtle_interfaces__py
[6.993s] [ 82%] [32mBuilding C object CMakeFiles/turtle_interfaces__rosidl_generator_py.dir/rosidl_generator_py/turtle_interfaces/srv/_set_pose_s.c.o[0m
[6.994s] [ 82%] [32mBuilding C object CMakeFiles/turtle_interfaces__rosidl_generator_py.dir/rosidl_generator_py/turtle_interfaces/msg/_turtle_msg_s.c.o[0m
[6.994s] [ 85%] [32mBuilding C object CMakeFiles/turtle_interfaces__rosidl_generator_py.dir/rosidl_generator_py/turtle_interfaces/srv/_set_color_s.c.o[0m
[7.119s] [ 87%] [32m[1mLinking C shared library rosidl_generator_py/turtle_interfaces/libturtle_interfaces__rosidl_generator_py.so[0m
[7.176s] [ 87%] Built target turtle_interfaces__rosidl_generator_py
[7.213s] [ 91%] [32mBuilding C object CMakeFiles/turtle_interfaces__rosidl_typesupport_c__pyext.dir/rosidl_generator_py/turtle_interfaces/_turtle_interfaces_s.ep.rosidl_typesupport_c.c.o[0m
[7.213s] [ 93%] [32mBuilding C object CMakeFiles/turtle_interfaces__rosidl_typesupport_introspection_c__pyext.dir/rosidl_generator_py/turtle_interfaces/_turtle_interfaces_s.ep.rosidl_typesupport_introspection_c.c.o[0m
[7.214s] [ 93%] [32mBuilding C object CMakeFiles/turtle_interfaces__rosidl_typesupport_fastrtps_c__pyext.dir/rosidl_generator_py/turtle_interfaces/_turtle_interfaces_s.ep.rosidl_typesupport_fastrtps_c.c.o[0m
[7.349s] [ 95%] [32m[1mLinking C shared library rosidl_generator_py/turtle_interfaces/turtle_interfaces_s__rosidl_typesupport_c.cpython-310-x86_64-linux-gnu.so[0m
[7.353s] [ 97%] [32m[1mLinking C shared library rosidl_generator_py/turtle_interfaces/turtle_interfaces_s__rosidl_typesupport_introspection_c.cpython-310-x86_64-linux-gnu.so[0m
[7.353s] [100%] [32m[1mLinking C shared library rosidl_generator_py/turtle_interfaces/turtle_interfaces_s__rosidl_typesupport_fastrtps_c.cpython-310-x86_64-linux-gnu.so[0m
[7.414s] [100%] Built target turtle_interfaces__rosidl_typesupport_c__pyext
[7.415s] [100%] Built target turtle_interfaces__rosidl_typesupport_fastrtps_c__pyext
[7.415s] [100%] Built target turtle_interfaces__rosidl_typesupport_introspection_c__pyext
[7.433s] Invoked command in '/home/yahboom/Desktop/S26_RobotProgramming_Crystal/lab4/Carsto/Lab/roscourse_ws/build/turtle_interfaces' returned '0': CMAKE_PREFIX_PATH=${CMAKE_PREFIX_PATH}:/home/yahboom/Desktop/S26_RobotProgramming_Crystal/lab4/Carsto/Lab/roscourse_ws/install/python_turtle:/home/yahboom/Desktop/S26_RobotProgramming_Crystal/lab4/Carsto/Lab/roscourse_ws/install/teleop_twist_keyboard:/home/yahboom/Desktop/S26_RobotProgramming_Crystal/Lab4/Lab/roscourse_ws/install/python_turtle:/home/yahboom/Desktop/S26_RobotProgramming_Crystal/Lab4/Lab/roscourse_ws/install/teleop_twist_keyboard:/home/yahboom/Desktop/lec9/intro_ws/install/turtle_test:/home/yahboom/Desktop/lec9/intro_ws/install/teleop_twist_keyboard:/home/yahboom/Desktop/lec9/intro_ws/install/python_parameters:/home/yahboom/cartoros2/install/yahboomcar_nav:/home/yahboom/cartoros2/install/yahboomcar_ctrl:/home/yahboom/cartoros2/install/yahboom_visual:/home/yahboom/cartoros2/install/yahboom_dog_joint_state:/home/yahboom/cartoros2/install/yahboom_description:/home/yahboom/cartoros2/install/yahboom_color_identify_server:/home/yahboom/cartoros2/install/yahboom_bringup:/home/yahboom/cartoros2/install/yahboom_base:/home/yahboom/cartoros2/install/yahboom_app_save_map:/home/yahboom/cartoros2/install/update_map:/home/yahboom/cartoros2/install/rosboard:/home/yahboom/cartoros2/install/path_planner_server:/home/yahboom/cartoros2/install/nav2_simple_commander:/home/yahboom/cartoros2/install/nav2_gazebo_spawner:/home/yahboom/cartoros2/install/localization_server:/home/yahboom/cartoros2/install/laserscan_to_point_pulisher:/home/yahboom/yahboomcar_ws/install/yahboom_dog_example:/opt/ros/humble /usr/bin/cmake --build /home/yahboom/Desktop/S26_RobotProgramming_Crystal/lab4/Carsto/Lab/roscourse_ws/build/turtle_interfaces -- -j4 -l4
[7.691s] Invoking command in '/home/yahboom/Desktop/S26_RobotProgramming_Crystal/lab4/Carsto/Lab/roscourse_ws/build/turtle_interfaces': CMAKE_PREFIX_PATH=${CMAKE_PREFIX_PATH}:/home/yahboom/Desktop/S26_RobotProgramming_Crystal/lab4/Carsto/Lab/roscourse_ws/install/python_turtle:/home/yahboom/Desktop/S26_RobotProgramming_Crystal/lab4/Carsto/Lab/roscourse_ws/install/teleop_twist_keyboard:/home/yahboom/Desktop/S26_RobotProgramming_Crystal/Lab4/Lab/roscourse_ws/install/python_turtle:/home/yahboom/Desktop/S26_RobotProgramming_Crystal/Lab4/Lab/roscourse_ws/install/teleop_twist_keyboard:/home/yahboom/Desktop/lec9/intro_ws/install/turtle_test:/home/yahboom/Desktop/lec9/intro_ws/install/teleop_twist_keyboard:/home/yahboom/Desktop/lec9/intro_ws/install/python_parameters:/home/yahboom/cartoros2/install/yahboomcar_nav:/home/yahboom/cartoros2/install/yahboomcar_ctrl:/home/yahboom/cartoros2/install/yahboom_visual:/home/yahboom/cartoros2/install/yahboom_dog_joint_state:/home/yahboom/cartoros2/install/yahboom_description:/home/yahboom/cartoros2/install/yahboom_color_identify_server:/home/yahboom/cartoros2/install/yahboom_bringup:/home/yahboom/cartoros2/install/yahboom_base:/home/yahboom/cartoros2/install/yahboom_app_save_map:/home/yahboom/cartoros2/install/update_map:/home/yahboom/cartoros2/install/rosboard:/home/yahboom/cartoros2/install/path_planner_server:/home/yahboom/cartoros2/install/nav2_simple_commander:/home/yahboom/cartoros2/install/nav2_gazebo_spawner:/home/yahboom/cartoros2/install/localization_server:/home/yahboom/cartoros2/install/laserscan_to_point_pulisher:/home/yahboom/yahboomcar_ws/install/yahboom_dog_example:/opt/ros/humble /usr/bin/cmake --install /home/yahboom/Desktop/S26_RobotProgramming_Crystal/lab4/Carsto/Lab/roscourse_ws/build/turtle_interfaces
[7.703s] -- Install configuration: ""
[7.703s] -- Installing: /home/yahboom/Desktop/S26_RobotProgramming_Crystal/lab4/Carsto/Lab/roscourse_ws/install/turtle_interfaces/share/ament_index/resource_index/rosidl_interfaces/turtle_interfaces
[7.705s] -- Installing: /home/yahboom/Desktop/S26_RobotProgramming_Crystal/lab4/Carsto/Lab/roscourse_ws/install/turtle_interfaces/include/turtle_interfaces/turtle_interfaces
[7.705s] -- Installing: /home/yahboom/Desktop/S26_RobotProgramming_Crystal/lab4/Carsto/Lab/roscourse_ws/install/turtle_interfaces/include/turtle_interfaces/turtle_interfaces/srv
[7.705s] -- Installing: /home/yahboom/Desktop/S26_RobotProgramming_Crystal/lab4/Carsto/Lab/roscourse_ws/install/turtle_interfaces/include/turtle_interfaces/turtle_interfaces/srv/detail
[7.706s] -- Installing: /home/yahboom/Desktop/S26_RobotProgramming_Crystal/lab4/Carsto/Lab/roscourse_ws/install/turtle_interfaces/include/turtle_interfaces/turtle_interfaces/srv/detail/set_color__type_support.h
[7.706s] -- Installing: /home/yahboom/Desktop/S26_RobotProgramming_Crystal/lab4/Carsto/Lab/roscourse_ws/install/turtle_interfaces/include/turtle_interfaces/turtle_interfaces/srv/detail/set_color__functions.h
[7.706s] -- Installing: /home/yahboom/Desktop/S26_RobotProgramming_Crystal/lab4/Carsto/Lab/roscourse_ws/install/turtle_interfaces/include/turtle_interfaces/turtle_interfaces/srv/detail/set_pose__functions.h
[7.706s] -- Installing: /home/yahboom/Desktop/S26_RobotProgramming_Crystal/lab4/Carsto/Lab/roscourse_ws/install/turtle_interfaces/include/turtle_interfaces/turtle_interfaces/srv/detail/set_color__functions.c
[7.707s] -- Installing: /home/yahboom/Desktop/S26_RobotProgramming_Crystal/lab4/Carsto/Lab/roscourse_ws/install/turtle_interfaces/include/turtle_interfaces/turtle_interfaces/srv/detail/set_pose__struct.h
[7.707s] -- Installing: /home/yahboom/Desktop/S26_RobotProgramming_Crystal/lab4/Carsto/Lab/roscourse_ws/install/turtle_interfaces/include/turtle_interfaces/turtle_interfaces/srv/detail/set_pose__type_support.h
[7.707s] -- Installing: /home/yahboom/Desktop/S26_RobotProgramming_Crystal/lab4/Carsto/Lab/roscourse_ws/install/turtle_interfaces/include/turtle_interfaces/turtle_interfaces/srv/detail/set_color__struct.h
[7.707s] -- Installing: /home/yahboom/Desktop/S26_RobotProgramming_Crystal/lab4/Carsto/Lab/roscourse_ws/install/turtle_interfaces/include/turtle_interfaces/turtle_interfaces/srv/detail/set_pose__functions.c
[7.707s] -- Installing: /home/yahboom/Desktop/S26_RobotProgramming_Crystal/lab4/Carsto/Lab/roscourse_ws/install/turtle_interfaces/include/turtle_interfaces/turtle_interfaces/srv/set_pose.h
[7.707s] -- Installing: /home/yahboom/Desktop/S26_RobotProgramming_Crystal/lab4/Carsto/Lab/roscourse_ws/install/turtle_interfaces/include/turtle_interfaces/turtle_interfaces/srv/set_color.h
[7.707s] -- Installing: /home/yahboom/Desktop/S26_RobotProgramming_Crystal/lab4/Carsto/Lab/roscourse_ws/install/turtle_interfaces/include/turtle_interfaces/turtle_interfaces/msg
[7.707s] -- Installing: /home/yahboom/Desktop/S26_RobotProgramming_Crystal/lab4/Carsto/Lab/roscourse_ws/install/turtle_interfaces/include/turtle_interfaces/turtle_interfaces/msg/detail
[7.707s] -- Installing: /home/yahboom/Desktop/S26_RobotProgramming_Crystal/lab4/Carsto/Lab/roscourse_ws/install/turtle_interfaces/include/turtle_interfaces/turtle_interfaces/msg/detail/turtle_msg__functions.c
[7.707s] -- Installing: /home/yahboom/Desktop/S26_RobotProgramming_Crystal/lab4/Carsto/Lab/roscourse_ws/install/turtle_interfaces/include/turtle_interfaces/turtle_interfaces/msg/detail/turtle_msg__type_support.h
[7.707s] -- Installing: /home/yahboom/Desktop/S26_RobotProgramming_Crystal/lab4/Carsto/Lab/roscourse_ws/install/turtle_interfaces/include/turtle_interfaces/turtle_interfaces/msg/detail/turtle_msg__functions.h
[7.707s] -- Installing: /home/yahboom/Desktop/S26_RobotProgramming_Crystal/lab4/Carsto/Lab/roscourse_ws/install/turtle_interfaces/include/turtle_interfaces/turtle_interfaces/msg/detail/turtle_msg__struct.h
[7.707s] -- Installing: /home/yahboom/Desktop/S26_RobotProgramming_Crystal/lab4/Carsto/Lab/roscourse_ws/install/turtle_interfaces/include/turtle_interfaces/turtle_interfaces/msg/turtle_msg.h
[7.707s] -- Installing: /home/yahboom/Desktop/S26_RobotProgramming_Crystal/lab4/Carsto/Lab/roscourse_ws/install/turtle_interfaces/include/turtle_interfaces/turtle_interfaces/msg/rosidl_generator_c__visibility_control.h
[7.707s] -- Installing: /home/yahboom/Desktop/S26_RobotProgramming_Crystal/lab4/Carsto/Lab/roscourse_ws/install/turtle_interfaces/share/turtle_interfaces/environment/library_path.sh
[7.707s] -- Installing: /home/yahboom/Desktop/S26_RobotProgramming_Crystal/lab4/Carsto/Lab/roscourse_ws/install/turtle_interfaces/share/turtle_interfaces/environment/library_path.dsv
[7.707s] -- Installing: /home/yahboom/Desktop/S26_RobotProgramming_Crystal/lab4/Carsto/Lab/roscourse_ws/install/turtle_interfaces/lib/libturtle_interfaces__rosidl_generator_c.so
[7.707s] -- Set runtime path of "/home/yahboom/Desktop/S26_RobotProgramming_Crystal/lab4/Carsto/Lab/roscourse_ws/install/turtle_interfaces/lib/libturtle_interfaces__rosidl_generator_c.so" to ""
[7.708s] -- Up-to-date: /home/yahboom/Desktop/S26_RobotProgramming_Crystal/lab4/Carsto/Lab/roscourse_ws/install/turtle_interfaces/include/turtle_interfaces/turtle_interfaces
[7.708s] -- Up-to-date: /home/yahboom/Desktop/S26_RobotProgramming_Crystal/lab4/Carsto/Lab/roscourse_ws/install/turtle_interfaces/include/turtle_interfaces/turtle_interfaces/srv
[7.708s] -- Up-to-date: /home/yahboom/Desktop/S26_RobotProgramming_Crystal/lab4/Carsto/Lab/roscourse_ws/install/turtle_interfaces/include/turtle_interfaces/turtle_interfaces/srv/detail
[7.708s] -- Installing: /home/yahboom/Desktop/S26_RobotProgramming_Crystal/lab4/Carsto/Lab/roscourse_ws/install/turtle_interfaces/include/turtle_interfaces/turtle_interfaces/srv/detail/set_color__rosidl_typesupport_fastrtps_c.h
[7.708s] -- Installing: /home/yahboom/Desktop/S26_RobotProgramming_Crystal/lab4/Carsto/Lab/roscourse_ws/install/turtle_interfaces/include/turtle_interfaces/turtle_interfaces/srv/detail/set_pose__rosidl_typesupport_fastrtps_c.h
[7.708s] -- Up-to-date: /home/yahboom/Desktop/S26_RobotProgramming_Crystal/lab4/Carsto/Lab/roscourse_ws/install/turtle_interfaces/include/turtle_interfaces/turtle_interfaces/msg
[7.708s] -- Up-to-date: /home/yahboom/Desktop/S26_RobotProgramming_Crystal/lab4/Carsto/Lab/roscourse_ws/install/turtle_interfaces/include/turtle_interfaces/turtle_interfaces/msg/detail
[7.708s] -- Installing: /home/yahboom/Desktop/S26_RobotProgramming_Crystal/lab4/Carsto/Lab/roscourse_ws/install/turtle_interfaces/include/turtle_interfaces/turtle_interfaces/msg/detail/turtle_msg__rosidl_typesupport_fastrtps_c.h
[7.708s] -- Installing: /home/yahboom/Desktop/S26_RobotProgramming_Crystal/lab4/Carsto/Lab/roscourse_ws/install/turtle_interfaces/include/turtle_interfaces/turtle_interfaces/msg/rosidl_typesupport_fastrtps_c__visibility_control.h
[7.708s] -- Installing: /home/yahboom/Desktop/S26_RobotProgramming_Crystal/lab4/Carsto/Lab/roscourse_ws/install/turtle_interfaces/lib/libturtle_interfaces__rosidl_typesupport_fastrtps_c.so
[7.708s] -- Set runtime path of "/home/yahboom/Desktop/S26_RobotProgramming_Crystal/lab4/Carsto/Lab/roscourse_ws/install/turtle_interfaces/lib/libturtle_interfaces__rosidl_typesupport_fastrtps_c.so" to ""
[7.708s] -- Up-to-date: /home/yahboom/Desktop/S26_RobotProgramming_Crystal/lab4/Carsto/Lab/roscourse_ws/install/turtle_interfaces/include/turtle_interfaces/turtle_interfaces
[7.709s] -- Up-to-date: /home/yahboom/Desktop/S26_RobotProgramming_Crystal/lab4/Carsto/Lab/roscourse_ws/install/turtle_interfaces/include/turtle_interfaces/turtle_interfaces/srv
[7.709s] -- Installing: /home/yahboom/Desktop/S26_RobotProgramming_Crystal/lab4/Carsto/Lab/roscourse_ws/install/turtle_interfaces/include/turtle_interfaces/turtle_interfaces/srv/set_pose.hpp
[7.709s] -- Up-to-date: /home/yahboom/Desktop/S26_RobotProgramming_Crystal/lab4/Carsto/Lab/roscourse_ws/install/turtle_interfaces/include/turtle_interfaces/turtle_interfaces/srv/detail
[7.709s] -- Installing: /home/yahboom/Desktop/S26_RobotProgramming_Crystal/lab4/Carsto/Lab/roscourse_ws/install/turtle_interfaces/include/turtle_interfaces/turtle_interfaces/srv/detail/set_color__struct.hpp
[7.709s] -- Installing: /home/yahboom/Desktop/S26_RobotProgramming_Crystal/lab4/Carsto/Lab/roscourse_ws/install/turtle_interfaces/include/turtle_interfaces/turtle_interfaces/srv/detail/set_color__builder.hpp
[7.709s] -- Installing: /home/yahboom/Desktop/S26_RobotProgramming_Crystal/lab4/Carsto/Lab/roscourse_ws/install/turtle_interfaces/include/turtle_interfaces/turtle_interfaces/srv/detail/set_pose__traits.hpp
[7.709s] -- Installing: /home/yahboom/Desktop/S26_RobotProgramming_Crystal/lab4/Carsto/Lab/roscourse_ws/install/turtle_interfaces/include/turtle_interfaces/turtle_interfaces/srv/detail/set_color__traits.hpp
[7.709s] -- Installing: /home/yahboom/Desktop/S26_RobotProgramming_Crystal/lab4/Carsto/Lab/roscourse_ws/install/turtle_interfaces/include/turtle_interfaces/turtle_interfaces/srv/detail/set_pose__builder.hpp
[7.709s] -- Installing: /home/yahboom/Desktop/S26_RobotProgramming_Crystal/lab4/Carsto/Lab/roscourse_ws/install/turtle_interfaces/include/turtle_interfaces/turtle_interfaces/srv/detail/set_pose__struct.hpp
[7.709s] -- Installing: /home/yahboom/Desktop/S26_RobotProgramming_Crystal/lab4/Carsto/Lab/roscourse_ws/install/turtle_interfaces/include/turtle_interfaces/turtle_interfaces/srv/set_color.hpp
[7.709s] -- Up-to-date: /home/yahboom/Desktop/S26_RobotProgramming_Crystal/lab4/Carsto/Lab/roscourse_ws/install/turtle_interfaces/include/turtle_interfaces/turtle_interfaces/msg
[7.709s] -- Up-to-date: /home/yahboom/Desktop/S26_RobotProgramming_Crystal/lab4/Carsto/Lab/roscourse_ws/install/turtle_interfaces/include/turtle_interfaces/turtle_interfaces/msg/detail
[7.709s] -- Installing: /home/yahboom/Desktop/S26_RobotProgramming_Crystal/lab4/Carsto/Lab/roscourse_ws/install/turtle_interfaces/include/turtle_interfaces/turtle_interfaces/msg/detail/turtle_msg__traits.hpp
[7.709s] -- Installing: /home/yahboom/Desktop/S26_RobotProgramming_Crystal/lab4/Carsto/Lab/roscourse_ws/install/turtle_interfaces/include/turtle_interfaces/turtle_interfaces/msg/detail/turtle_msg__struct.hpp
[7.709s] -- Installing: /home/yahboom/Desktop/S26_RobotProgramming_Crystal/lab4/Carsto/Lab/roscourse_ws/install/turtle_interfaces/include/turtle_interfaces/turtle_interfaces/msg/detail/turtle_msg__builder.hpp
[7.709s] -- Installing: /home/yahboom/Desktop/S26_RobotProgramming_Crystal/lab4/Carsto/Lab/roscourse_ws/install/turtle_interfaces/include/turtle_interfaces/turtle_interfaces/msg/turtle_msg.hpp
[7.709s] -- Up-to-date: /home/yahboom/Desktop/S26_RobotProgramming_Crystal/lab4/Carsto/Lab/roscourse_ws/install/turtle_interfaces/include/turtle_interfaces/turtle_interfaces
[7.709s] -- Up-to-date: /home/yahboom/Desktop/S26_RobotProgramming_Crystal/lab4/Carsto/Lab/roscourse_ws/install/turtle_interfaces/include/turtle_interfaces/turtle_interfaces/srv
[7.709s] -- Up-to-date: /home/yahboom/Desktop/S26_RobotProgramming_Crystal/lab4/Carsto/Lab/roscourse_ws/install/turtle_interfaces/include/turtle_interfaces/turtle_interfaces/srv/detail
[7.710s] -- Installing: /home/yahboom/Desktop/S26_RobotProgramming_Crystal/lab4/Carsto/Lab/roscourse_ws/install/turtle_interfaces/include/turtle_interfaces/turtle_interfaces/srv/detail/set_color__rosidl_typesupport_fastrtps_cpp.hpp
[7.710s] -- Installing: /home/yahboom/Desktop/S26_RobotProgramming_Crystal/lab4/Carsto/Lab/roscourse_ws/install/turtle_interfaces/include/turtle_interfaces/turtle_interfaces/srv/detail/set_pose__rosidl_typesupport_fastrtps_cpp.hpp
[7.710s] -- Installing: /home/yahboom/Desktop/S26_RobotProgramming_Crystal/lab4/Carsto/Lab/roscourse_ws/install/turtle_interfaces/include/turtle_interfaces/turtle_interfaces/srv/detail/dds_fastrtps
[7.710s] -- Up-to-date: /home/yahboom/Desktop/S26_RobotProgramming_Crystal/lab4/Carsto/Lab/roscourse_ws/install/turtle_interfaces/include/turtle_interfaces/turtle_interfaces/msg
[7.710s] -- Up-to-date: /home/yahboom/Desktop/S26_RobotProgramming_Crystal/lab4/Carsto/Lab/roscourse_ws/install/turtle_interfaces/include/turtle_interfaces/turtle_interfaces/msg/detail
[7.711s] -- Installing: /home/yahboom/Desktop/S26_RobotProgramming_Crystal/lab4/Carsto/Lab/roscourse_ws/install/turtle_interfaces/include/turtle_interfaces/turtle_interfaces/msg/detail/turtle_msg__rosidl_typesupport_fastrtps_cpp.hpp
[7.711s] -- Installing: /home/yahboom/Desktop/S26_RobotProgramming_Crystal/lab4/Carsto/Lab/roscourse_ws/install/turtle_interfaces/include/turtle_interfaces/turtle_interfaces/msg/detail/dds_fastrtps
[7.711s] -- Installing: /home/yahboom/Desktop/S26_RobotProgramming_Crystal/lab4/Carsto/Lab/roscourse_ws/install/turtle_interfaces/include/turtle_interfaces/turtle_interfaces/msg/rosidl_typesupport_fastrtps_cpp__visibility_control.h
[7.711s] -- Installing: /home/yahboom/Desktop/S26_RobotProgramming_Crystal/lab4/Carsto/Lab/roscourse_ws/install/turtle_interfaces/lib/libturtle_interfaces__rosidl_typesupport_fastrtps_cpp.so
[7.712s] -- Set runtime path of "/home/yahboom/Desktop/S26_RobotProgramming_Crystal/lab4/Carsto/Lab/roscourse_ws/install/turtle_interfaces/lib/libturtle_interfaces__rosidl_typesupport_fastrtps_cpp.so" to ""
[7.712s] -- Up-to-date: /home/yahboom/Desktop/S26_RobotProgramming_Crystal/lab4/Carsto/Lab/roscourse_ws/install/turtle_interfaces/include/turtle_interfaces/turtle_interfaces
[7.712s] -- Up-to-date: /home/yahboom/Desktop/S26_RobotProgramming_Crystal/lab4/Carsto/Lab/roscourse_ws/install/turtle_interfaces/include/turtle_interfaces/turtle_interfaces/srv
[7.712s] -- Up-to-date: /home/yahboom/Desktop/S26_RobotProgramming_Crystal/lab4/Carsto/Lab/roscourse_ws/install/turtle_interfaces/include/turtle_interfaces/turtle_interfaces/srv/detail
[7.712s] -- Installing: /home/yahboom/Desktop/S26_RobotProgramming_Crystal/lab4/Carsto/Lab/roscourse_ws/install/turtle_interfaces/include/turtle_interfaces/turtle_interfaces/srv/detail/set_color__type_support.c
[7.712s] -- Installing: /home/yahboom/Desktop/S26_RobotProgramming_Crystal/lab4/Carsto/Lab/roscourse_ws/install/turtle_interfaces/include/turtle_interfaces/turtle_interfaces/srv/detail/set_pose__rosidl_typesupport_introspection_c.h
[7.712s] -- Installing: /home/yahboom/Desktop/S26_RobotProgramming_Crystal/lab4/Carsto/Lab/roscourse_ws/install/turtle_interfaces/include/turtle_interfaces/turtle_interfaces/srv/detail/set_pose__type_support.c
[7.712s] -- Installing: /home/yahboom/Desktop/S26_RobotProgramming_Crystal/lab4/Carsto/Lab/roscourse_ws/install/turtle_interfaces/include/turtle_interfaces/turtle_interfaces/srv/detail/set_color__rosidl_typesupport_introspection_c.h
[7.712s] -- Up-to-date: /home/yahboom/Desktop/S26_RobotProgramming_Crystal/lab4/Carsto/Lab/roscourse_ws/install/turtle_interfaces/include/turtle_interfaces/turtle_interfaces/msg
[7.712s] -- Up-to-date: /home/yahboom/Desktop/S26_RobotProgramming_Crystal/lab4/Carsto/Lab/roscourse_ws/install/turtle_interfaces/include/turtle_interfaces/turtle_interfaces/msg/detail
[7.713s] -- Installing: /home/yahboom/Desktop/S26_RobotProgramming_Crystal/lab4/Carsto/Lab/roscourse_ws/install/turtle_interfaces/include/turtle_interfaces/turtle_interfaces/msg/detail/turtle_msg__rosidl_typesupport_introspection_c.h
[7.713s] -- Installing: /home/yahboom/Desktop/S26_RobotProgramming_Crystal/lab4/Carsto/Lab/roscourse_ws/install/turtle_interfaces/include/turtle_interfaces/turtle_interfaces/msg/detail/turtle_msg__type_support.c
[7.713s] -- Installing: /home/yahboom/Desktop/S26_RobotProgramming_Crystal/lab4/Carsto/Lab/roscourse_ws/install/turtle_interfaces/include/turtle_interfaces/turtle_interfaces/msg/rosidl_typesupport_introspection_c__visibility_control.h
[7.713s] -- Installing: /home/yahboom/Desktop/S26_RobotProgramming_Crystal/lab4/Carsto/Lab/roscourse_ws/install/turtle_interfaces/lib/libturtle_interfaces__rosidl_typesupport_introspection_c.so
[7.713s] -- Set runtime path of "/home/yahboom/Desktop/S26_RobotProgramming_Crystal/lab4/Carsto/Lab/roscourse_ws/install/turtle_interfaces/lib/libturtle_interfaces__rosidl_typesupport_introspection_c.so" to ""
[7.713s] -- Installing: /home/yahboom/Desktop/S26_RobotProgramming_Crystal/lab4/Carsto/Lab/roscourse_ws/install/turtle_interfaces/lib/libturtle_interfaces__rosidl_typesupport_c.so
[7.713s] -- Set runtime path of "/home/yahboom/Desktop/S26_RobotProgramming_Crystal/lab4/Carsto/Lab/roscourse_ws/install/turtle_interfaces/lib/libturtle_interfaces__rosidl_typesupport_c.so" to ""
[7.713s] -- Up-to-date: /home/yahboom/Desktop/S26_RobotProgramming_Crystal/lab4/Carsto/Lab/roscourse_ws/install/turtle_interfaces/include/turtle_interfaces/turtle_interfaces
[7.713s] -- Up-to-date: /home/yahboom/Desktop/S26_RobotProgramming_Crystal/lab4/Carsto/Lab/roscourse_ws/install/turtle_interfaces/include/turtle_interfaces/turtle_interfaces/srv
[7.713s] -- Up-to-date: /home/yahboom/Desktop/S26_RobotProgramming_Crystal/lab4/Carsto/Lab/roscourse_ws/install/turtle_interfaces/include/turtle_interfaces/turtle_interfaces/srv/detail
[7.713s] -- Installing: /home/yahboom/Desktop/S26_RobotProgramming_Crystal/lab4/Carsto/Lab/roscourse_ws/install/turtle_interfaces/include/turtle_interfaces/turtle_interfaces/srv/detail/set_color__type_support.cpp
[7.714s] -- Installing: /home/yahboom/Desktop/S26_RobotProgramming_Crystal/lab4/Carsto/Lab/roscourse_ws/install/turtle_interfaces/include/turtle_interfaces/turtle_interfaces/srv/detail/set_pose__rosidl_typesupport_introspection_cpp.hpp
[7.714s] -- Installing: /home/yahboom/Desktop/S26_RobotProgramming_Crystal/lab4/Carsto/Lab/roscourse_ws/install/turtle_interfaces/include/turtle_interfaces/turtle_interfaces/srv/detail/set_pose__type_support.cpp
[7.714s] -- Installing: /home/yahboom/Desktop/S26_RobotProgramming_Crystal/lab4/Carsto/Lab/roscourse_ws/install/turtle_interfaces/include/turtle_interfaces/turtle_interfaces/srv/detail/set_color__rosidl_typesupport_introspection_cpp.hpp
[7.714s] -- Up-to-date: /home/yahboom/Desktop/S26_RobotProgramming_Crystal/lab4/Carsto/Lab/roscourse_ws/install/turtle_interfaces/include/turtle_interfaces/turtle_interfaces/msg
[7.714s] -- Up-to-date: /home/yahboom/Desktop/S26_RobotProgramming_Crystal/lab4/Carsto/Lab/roscourse_ws/install/turtle_interfaces/include/turtle_interfaces/turtle_interfaces/msg/detail
[7.714s] -- Installing: /home/yahboom/Desktop/S26_RobotProgramming_Crystal/lab4/Carsto/Lab/roscourse_ws/install/turtle_interfaces/include/turtle_interfaces/turtle_interfaces/msg/detail/turtle_msg__type_support.cpp
[7.714s] -- Installing: /home/yahboom/Desktop/S26_RobotProgramming_Crystal/lab4/Carsto/Lab/roscourse_ws/install/turtle_interfaces/include/turtle_interfaces/turtle_interfaces/msg/detail/turtle_msg__rosidl_typesupport_introspection_cpp.hpp
[7.715s] -- Installing: /home/yahboom/Desktop/S26_RobotProgramming_Crystal/lab4/Carsto/Lab/roscourse_ws/install/turtle_interfaces/lib/libturtle_interfaces__rosidl_typesupport_introspection_cpp.so
[7.715s] -- Set runtime path of "/home/yahboom/Desktop/S26_RobotProgramming_Crystal/lab4/Carsto/Lab/roscourse_ws/install/turtle_interfaces/lib/libturtle_interfaces__rosidl_typesupport_introspection_cpp.so" to ""
[7.715s] -- Installing: /home/yahboom/Desktop/S26_RobotProgramming_Crystal/lab4/Carsto/Lab/roscourse_ws/install/turtle_interfaces/lib/libturtle_interfaces__rosidl_typesupport_cpp.so
[7.715s] -- Set runtime path of "/home/yahboom/Desktop/S26_RobotProgramming_Crystal/lab4/Carsto/Lab/roscourse_ws/install/turtle_interfaces/lib/libturtle_interfaces__rosidl_typesupport_cpp.so" to ""
[7.715s] -- Installing: /home/yahboom/Desktop/S26_RobotProgramming_Crystal/lab4/Carsto/Lab/roscourse_ws/install/turtle_interfaces/share/turtle_interfaces/environment/pythonpath.sh
[7.715s] -- Installing: /home/yahboom/Desktop/S26_RobotProgramming_Crystal/lab4/Carsto/Lab/roscourse_ws/install/turtle_interfaces/share/turtle_interfaces/environment/pythonpath.dsv
[7.715s] -- Installing: /home/yahboom/Desktop/S26_RobotProgramming_Crystal/lab4/Carsto/Lab/roscourse_ws/install/turtle_interfaces/local/lib/python3.10/dist-packages/turtle_interfaces-0.0.0-py3.10.egg-info
[7.716s] -- Installing: /home/yahboom/Desktop/S26_RobotProgramming_Crystal/lab4/Carsto/Lab/roscourse_ws/install/turtle_interfaces/local/lib/python3.10/dist-packages/turtle_interfaces-0.0.0-py3.10.egg-info/top_level.txt
[7.716s] -- Installing: /home/yahboom/Desktop/S26_RobotProgramming_Crystal/lab4/Carsto/Lab/roscourse_ws/install/turtle_interfaces/local/lib/python3.10/dist-packages/turtle_interfaces-0.0.0-py3.10.egg-info/PKG-INFO
[7.716s] -- Installing: /home/yahboom/Desktop/S26_RobotProgramming_Crystal/lab4/Carsto/Lab/roscourse_ws/install/turtle_interfaces/local/lib/python3.10/dist-packages/turtle_interfaces-0.0.0-py3.10.egg-info/dependency_links.txt
[7.716s] -- Installing: /home/yahboom/Desktop/S26_RobotProgramming_Crystal/lab4/Carsto/Lab/roscourse_ws/install/turtle_interfaces/local/lib/python3.10/dist-packages/turtle_interfaces-0.0.0-py3.10.egg-info/SOURCES.txt
[7.716s] -- Installing: /home/yahboom/Desktop/S26_RobotProgramming_Crystal/lab4/Carsto/Lab/roscourse_ws/install/turtle_interfaces/local/lib/python3.10/dist-packages/turtle_interfaces
[7.716s] -- Installing: /home/yahboom/Desktop/S26_RobotProgramming_Crystal/lab4/Carsto/Lab/roscourse_ws/install/turtle_interfaces/local/lib/python3.10/dist-packages/turtle_interfaces/libturtle_interfaces__rosidl_generator_py.so
[7.717s] -- Installing: /home/yahboom/Desktop/S26_RobotProgramming_Crystal/lab4/Carsto/Lab/roscourse_ws/install/turtle_interfaces/local/lib/python3.10/dist-packages/turtle_interfaces/_turtle_interfaces_s.ep.rosidl_typesupport_c.c
[7.717s] -- Installing: /home/yahboom/Desktop/S26_RobotProgramming_Crystal/lab4/Carsto/Lab/roscourse_ws/install/turtle_interfaces/local/lib/python3.10/dist-packages/turtle_interfaces/srv
[7.717s] -- Installing: /home/yahboom/Desktop/S26_RobotProgramming_Crystal/lab4/Carsto/Lab/roscourse_ws/install/turtle_interfaces/local/lib/python3.10/dist-packages/turtle_interfaces/srv/_set_color.py
[7.717s] -- Installing: /home/yahboom/Desktop/S26_RobotProgramming_Crystal/lab4/Carsto/Lab/roscourse_ws/install/turtle_interfaces/local/lib/python3.10/dist-packages/turtle_interfaces/srv/_set_pose_s.c
[7.718s] -- Installing: /home/yahboom/Desktop/S26_RobotProgramming_Crystal/lab4/Carsto/Lab/roscourse_ws/install/turtle_interfaces/local/lib/python3.10/dist-packages/turtle_interfaces/srv/__init__.py
[7.718s] -- Installing: /home/yahboom/Desktop/S26_RobotProgramming_Crystal/lab4/Carsto/Lab/roscourse_ws/install/turtle_interfaces/local/lib/python3.10/dist-packages/turtle_interfaces/srv/_set_color_s.c
[7.718s] -- Installing: /home/yahboom/Desktop/S26_RobotProgramming_Crystal/lab4/Carsto/Lab/roscourse_ws/install/turtle_interfaces/local/lib/python3.10/dist-packages/turtle_interfaces/srv/_set_pose.py
[7.718s] -- Installing: /home/yahboom/Desktop/S26_RobotProgramming_Crystal/lab4/Carsto/Lab/roscourse_ws/install/turtle_interfaces/local/lib/python3.10/dist-packages/turtle_interfaces/turtle_interfaces_s__rosidl_typesupport_introspection_c.cpython-310-x86_64-linux-gnu.so
[7.718s] -- Installing: /home/yahboom/Desktop/S26_RobotProgramming_Crystal/lab4/Carsto/Lab/roscourse_ws/install/turtle_interfaces/local/lib/python3.10/dist-packages/turtle_interfaces/__init__.py
[7.718s] -- Installing: /home/yahboom/Desktop/S26_RobotProgramming_Crystal/lab4/Carsto/Lab/roscourse_ws/install/turtle_interfaces/local/lib/python3.10/dist-packages/turtle_interfaces/turtle_interfaces_s__rosidl_typesupport_fastrtps_c.cpython-310-x86_64-linux-gnu.so
[7.718s] -- Installing: /home/yahboom/Desktop/S26_RobotProgramming_Crystal/lab4/Carsto/Lab/roscourse_ws/install/turtle_interfaces/local/lib/python3.10/dist-packages/turtle_interfaces/_turtle_interfaces_s.ep.rosidl_typesupport_introspection_c.c
[7.718s] -- Installing: /home/yahboom/Desktop/S26_RobotProgramming_Crystal/lab4/Carsto/Lab/roscourse_ws/install/turtle_interfaces/local/lib/python3.10/dist-packages/turtle_interfaces/msg
[7.718s] -- Installing: /home/yahboom/Desktop/S26_RobotProgramming_Crystal/lab4/Carsto/Lab/roscourse_ws/install/turtle_interfaces/local/lib/python3.10/dist-packages/turtle_interfaces/msg/_turtle_msg.py
[7.718s] -- Installing: /home/yahboom/Desktop/S26_RobotProgramming_Crystal/lab4/Carsto/Lab/roscourse_ws/install/turtle_interfaces/local/lib/python3.10/dist-packages/turtle_interfaces/msg/__init__.py
[7.718s] -- Installing: /home/yahboom/Desktop/S26_RobotProgramming_Crystal/lab4/Carsto/Lab/roscourse_ws/install/turtle_interfaces/local/lib/python3.10/dist-packages/turtle_interfaces/msg/_turtle_msg_s.c
[7.718s] -- Installing: /home/yahboom/Desktop/S26_RobotProgramming_Crystal/lab4/Carsto/Lab/roscourse_ws/install/turtle_interfaces/local/lib/python3.10/dist-packages/turtle_interfaces/turtle_interfaces_s__rosidl_typesupport_c.cpython-310-x86_64-linux-gnu.so
[7.718s] -- Installing: /home/yahboom/Desktop/S26_RobotProgramming_Crystal/lab4/Carsto/Lab/roscourse_ws/install/turtle_interfaces/local/lib/python3.10/dist-packages/turtle_interfaces/_turtle_interfaces_s.ep.rosidl_typesupport_fastrtps_c.c
[7.778s] Listing '/home/yahboom/Desktop/S26_RobotProgramming_Crystal/lab4/Carsto/Lab/roscourse_ws/install/turtle_interfaces/local/lib/python3.10/dist-packages/turtle_interfaces'...
[7.779s] Compiling '/home/yahboom/Desktop/S26_RobotProgramming_Crystal/lab4/Carsto/Lab/roscourse_ws/install/turtle_interfaces/local/lib/python3.10/dist-packages/turtle_interfaces/__init__.py'...
[7.779s] Listing '/home/yahboom/Desktop/S26_RobotProgramming_Crystal/lab4/Carsto/Lab/roscourse_ws/install/turtle_interfaces/local/lib/python3.10/dist-packages/turtle_interfaces/msg'...
[7.779s] Compiling '/home/yahboom/Desktop/S26_RobotProgramming_Crystal/lab4/Carsto/Lab/roscourse_ws/install/turtle_interfaces/local/lib/python3.10/dist-packages/turtle_interfaces/msg/__init__.py'...
[7.779s] Compiling '/home/yahboom/Desktop/S26_RobotProgramming_Crystal/lab4/Carsto/Lab/roscourse_ws/install/turtle_interfaces/local/lib/python3.10/dist-packages/turtle_interfaces/msg/_turtle_msg.py'...
[7.779s] Listing '/home/yahboom/Desktop/S26_RobotProgramming_Crystal/lab4/Carsto/Lab/roscourse_ws/install/turtle_interfaces/local/lib/python3.10/dist-packages/turtle_interfaces/srv'...
[7.779s] Compiling '/home/yahboom/Desktop/S26_RobotProgramming_Crystal/lab4/Carsto/Lab/roscourse_ws/install/turtle_interfaces/local/lib/python3.10/dist-packages/turtle_interfaces/srv/__init__.py'...
[7.779s] Compiling '/home/yahboom/Desktop/S26_RobotProgramming_Crystal/lab4/Carsto/Lab/roscourse_ws/install/turtle_interfaces/local/lib/python3.10/dist-packages/turtle_interfaces/srv/_set_color.py'...
[7.779s] Compiling '/home/yahboom/Desktop/S26_RobotProgramming_Crystal/lab4/Carsto/Lab/roscourse_ws/install/turtle_interfaces/local/lib/python3.10/dist-packages/turtle_interfaces/srv/_set_pose.py'...
[7.782s] -- Installing: /home/yahboom/Desktop/S26_RobotProgramming_Crystal/lab4/Carsto/Lab/roscourse_ws/install/turtle_interfaces/local/lib/python3.10/dist-packages/turtle_interfaces/turtle_interfaces_s__rosidl_typesupport_fastrtps_c.cpython-310-x86_64-linux-gnu.so
[7.783s] -- Set runtime path of "/home/yahboom/Desktop/S26_RobotProgramming_Crystal/lab4/Carsto/Lab/roscourse_ws/install/turtle_interfaces/local/lib/python3.10/dist-packages/turtle_interfaces/turtle_interfaces_s__rosidl_typesupport_fastrtps_c.cpython-310-x86_64-linux-gnu.so" to ""
[7.783s] -- Installing: /home/yahboom/Desktop/S26_RobotProgramming_Crystal/lab4/Carsto/Lab/roscourse_ws/install/turtle_interfaces/local/lib/python3.10/dist-packages/turtle_interfaces/turtle_interfaces_s__rosidl_typesupport_introspection_c.cpython-310-x86_64-linux-gnu.so
[7.783s] -- Set runtime path of "/home/yahboom/Desktop/S26_RobotProgramming_Crystal/lab4/Carsto/Lab/roscourse_ws/install/turtle_interfaces/local/lib/python3.10/dist-packages/turtle_interfaces/turtle_interfaces_s__rosidl_typesupport_introspection_c.cpython-310-x86_64-linux-gnu.so" to ""
[7.784s] -- Installing: /home/yahboom/Desktop/S26_RobotProgramming_Crystal/lab4/Carsto/Lab/roscourse_ws/install/turtle_interfaces/local/lib/python3.10/dist-packages/turtle_interfaces/turtle_interfaces_s__rosidl_typesupport_c.cpython-310-x86_64-linux-gnu.so
[7.784s] -- Set runtime path of "/home/yahboom/Desktop/S26_RobotProgramming_Crystal/lab4/Carsto/Lab/roscourse_ws/install/turtle_interfaces/local/lib/python3.10/dist-packages/turtle_interfaces/turtle_interfaces_s__rosidl_typesupport_c.cpython-310-x86_64-linux-gnu.so" to ""
[7.785s] -- Installing: /home/yahboom/Desktop/S26_RobotProgramming_Crystal/lab4/Carsto/Lab/roscourse_ws/install/turtle_interfaces/lib/libturtle_interfaces__rosidl_generator_py.so
[7.785s] -- Set runtime path of "/home/yahboom/Desktop/S26_RobotProgramming_Crystal/lab4/Carsto/Lab/roscourse_ws/install/turtle_interfaces/lib/libturtle_interfaces__rosidl_generator_py.so" to ""
[7.785s] -- Installing: /home/yahboom/Desktop/S26_RobotProgramming_Crystal/lab4/Carsto/Lab/roscourse_ws/install/turtle_interfaces/share/turtle_interfaces/msg/TurtleMsg.idl
[7.785s] -- Installing: /home/yahboom/Desktop/S26_RobotProgramming_Crystal/lab4/Carsto/Lab/roscourse_ws/install/turtle_interfaces/share/turtle_interfaces/srv/SetPose.idl
[7.786s] -- Installing: /home/yahboom/Desktop/S26_RobotProgramming_Crystal/lab4/Carsto/Lab/roscourse_ws/install/turtle_interfaces/share/turtle_interfaces/srv/SetColor.idl
[7.786s] -- Installing: /home/yahboom/Desktop/S26_RobotProgramming_Crystal/lab4/Carsto/Lab/roscourse_ws/install/turtle_interfaces/share/turtle_interfaces/msg/TurtleMsg.msg
[7.786s] -- Installing: /home/yahboom/Desktop/S26_RobotProgramming_Crystal/lab4/Carsto/Lab/roscourse_ws/install/turtle_interfaces/share/turtle_interfaces/srv/SetPose.srv
[7.786s] -- Installing: /home/yahboom/Desktop/S26_RobotProgramming_Crystal/lab4/Carsto/Lab/roscourse_ws/install/turtle_interfaces/share/turtle_interfaces/srv/SetPose_Request.msg
[7.786s] -- Installing: /home/yahboom/Desktop/S26_RobotProgramming_Crystal/lab4/Carsto/Lab/roscourse_ws/install/turtle_interfaces/share/turtle_interfaces/srv/SetPose_Response.msg
[7.787s] -- Installing: /home/yahboom/Desktop/S26_RobotProgramming_Crystal/lab4/Carsto/Lab/roscourse_ws/install/turtle_interfaces/share/turtle_interfaces/srv/SetColor.srv
[7.787s] -- Installing: /home/yahboom/Desktop/S26_RobotProgramming_Crystal/lab4/Carsto/Lab/roscourse_ws/install/turtle_interfaces/share/turtle_interfaces/srv/SetColor_Request.msg
[7.787s] -- Installing: /home/yahboom/Desktop/S26_RobotProgramming_Crystal/lab4/Carsto/Lab/roscourse_ws/install/turtle_interfaces/share/turtle_interfaces/srv/SetColor_Response.msg
[7.787s] -- Installing: /home/yahboom/Desktop/S26_RobotProgramming_Crystal/lab4/Carsto/Lab/roscourse_ws/install/turtle_interfaces/share/ament_index/resource_index/package_run_dependencies/turtle_interfaces
[7.787s] -- Installing: /home/yahboom/Desktop/S26_RobotProgramming_Crystal/lab4/Carsto/Lab/roscourse_ws/install/turtle_interfaces/share/ament_index/resource_index/parent_prefix_path/turtle_interfaces
[7.787s] -- Installing: /home/yahboom/Desktop/S26_RobotProgramming_Crystal/lab4/Carsto/Lab/roscourse_ws/install/turtle_interfaces/share/turtle_interfaces/environment/ament_prefix_path.sh
[7.788s] -- Installing: /home/yahboom/Desktop/S26_RobotProgramming_Crystal/lab4/Carsto/Lab/roscourse_ws/install/turtle_interfaces/share/turtle_interfaces/environment/ament_prefix_path.dsv
[7.788s] -- Installing: /home/yahboom/Desktop/S26_RobotProgramming_Crystal/lab4/Carsto/Lab/roscourse_ws/install/turtle_interfaces/share/turtle_interfaces/environment/path.sh
[7.788s] -- Installing: /home/yahboom/Desktop/S26_RobotProgramming_Crystal/lab4/Carsto/Lab/roscourse_ws/install/turtle_interfaces/share/turtle_interfaces/environment/path.dsv
[7.788s] -- Installing: /home/yahboom/Desktop/S26_RobotProgramming_Crystal/lab4/Carsto/Lab/roscourse_ws/install/turtle_interfaces/share/turtle_interfaces/local_setup.bash
[7.788s] -- Installing: /home/yahboom/Desktop/S26_RobotProgramming_Crystal/lab4/Carsto/Lab/roscourse_ws/install/turtle_interfaces/share/turtle_interfaces/local_setup.sh
[7.789s] -- Installing: /home/yahboom/Desktop/S26_RobotProgramming_Crystal/lab4/Carsto/Lab/roscourse_ws/install/turtle_interfaces/share/turtle_interfaces/local_setup.zsh
[7.789s] -- Installing: /home/yahboom/Desktop/S26_RobotProgramming_Crystal/lab4/Carsto/Lab/roscourse_ws/install/turtle_interfaces/share/turtle_interfaces/local_setup.dsv
[7.789s] -- Installing: /home/yahboom/Desktop/S26_RobotProgramming_Crystal/lab4/Carsto/Lab/roscourse_ws/install/turtle_interfaces/share/turtle_interfaces/package.dsv
[7.790s] -- Installing: /home/yahboom/Desktop/S26_RobotProgramming_Crystal/lab4/Carsto/Lab/roscourse_ws/install/turtle_interfaces/share/ament_index/resource_index/packages/turtle_interfaces
[7.790s] -- Installing: /home/yahboom/Desktop/S26_RobotProgramming_Crystal/lab4/Carsto/Lab/roscourse_ws/install/turtle_interfaces/share/turtle_interfaces/cmake/export_turtle_interfaces__rosidl_generator_cExport.cmake
[7.791s] -- Installing: /home/yahboom/Desktop/S26_RobotProgramming_Crystal/lab4/Carsto/Lab/roscourse_ws/install/turtle_interfaces/share/turtle_interfaces/cmake/export_turtle_interfaces__rosidl_generator_cExport-noconfig.cmake
[7.791s] -- Installing: /home/yahboom/Desktop/S26_RobotProgramming_Crystal/lab4/Carsto/Lab/roscourse_ws/install/turtle_interfaces/share/turtle_interfaces/cmake/export_turtle_interfaces__rosidl_typesupport_fastrtps_cExport.cmake
[7.791s] -- Installing: /home/yahboom/Desktop/S26_RobotProgramming_Crystal/lab4/Carsto/Lab/roscourse_ws/install/turtle_interfaces/share/turtle_interfaces/cmake/export_turtle_interfaces__rosidl_typesupport_fastrtps_cExport-noconfig.cmake
[7.791s] -- Installing: /home/yahboom/Desktop/S26_RobotProgramming_Crystal/lab4/Carsto/Lab/roscourse_ws/install/turtle_interfaces/share/turtle_interfaces/cmake/export_turtle_interfaces__rosidl_generator_cppExport.cmake
[7.792s] -- Installing: /home/yahboom/Desktop/S26_RobotProgramming_Crystal/lab4/Carsto/Lab/roscourse_ws/install/turtle_interfaces/share/turtle_interfaces/cmake/export_turtle_interfaces__rosidl_typesupport_fastrtps_cppExport.cmake
[7.792s] -- Installing: /home/yahboom/Desktop/S26_RobotProgramming_Crystal/lab4/Carsto/Lab/roscourse_ws/install/turtle_interfaces/share/turtle_interfaces/cmake/export_turtle_interfaces__rosidl_typesupport_fastrtps_cppExport-noconfig.cmake
[7.792s] -- Installing: /home/yahboom/Desktop/S26_RobotProgramming_Crystal/lab4/Carsto/Lab/roscourse_ws/install/turtle_interfaces/share/turtle_interfaces/cmake/turtle_interfaces__rosidl_typesupport_introspection_cExport.cmake
[7.792s] -- Installing: /home/yahboom/Desktop/S26_RobotProgramming_Crystal/lab4/Carsto/Lab/roscourse_ws/install/turtle_interfaces/share/turtle_interfaces/cmake/turtle_interfaces__rosidl_typesupport_introspection_cExport-noconfig.cmake
[7.793s] -- Installing: /home/yahboom/Desktop/S26_RobotProgramming_Crystal/lab4/Carsto/Lab/roscourse_ws/install/turtle_interfaces/share/turtle_interfaces/cmake/turtle_interfaces__rosidl_typesupport_cExport.cmake
[7.793s] -- Installing: /home/yahboom/Desktop/S26_RobotProgramming_Crystal/lab4/Carsto/Lab/roscourse_ws/install/turtle_interfaces/share/turtle_interfaces/cmake/turtle_interfaces__rosidl_typesupport_cExport-noconfig.cmake
[7.793s] -- Installing: /home/yahboom/Desktop/S26_RobotProgramming_Crystal/lab4/Carsto/Lab/roscourse_ws/install/turtle_interfaces/share/turtle_interfaces/cmake/turtle_interfaces__rosidl_typesupport_introspection_cppExport.cmake
[7.793s] -- Installing: /home/yahboom/Desktop/S26_RobotProgramming_Crystal/lab4/Carsto/Lab/roscourse_ws/install/turtle_interfaces/share/turtle_interfaces/cmake/turtle_interfaces__rosidl_typesupport_introspection_cppExport-noconfig.cmake
[7.793s] -- Installing: /home/yahboom/Desktop/S26_RobotProgramming_Crystal/lab4/Carsto/Lab/roscourse_ws/install/turtle_interfaces/share/turtle_interfaces/cmake/turtle_interfaces__rosidl_typesupport_cppExport.cmake
[7.794s] -- Installing: /home/yahboom/Desktop/S26_RobotProgramming_Crystal/lab4/Carsto/Lab/roscourse_ws/install/turtle_interfaces/share/turtle_interfaces/cmake/turtle_interfaces__rosidl_typesupport_cppExport-noconfig.cmake
[7.794s] -- Installing: /home/yahboom/Desktop/S26_RobotProgramming_Crystal/lab4/Carsto/Lab/roscourse_ws/install/turtle_interfaces/share/turtle_interfaces/cmake/export_turtle_interfaces__rosidl_generator_pyExport.cmake
[7.794s] -- Installing: /home/yahboom/Desktop/S26_RobotProgramming_Crystal/lab4/Carsto/Lab/roscourse_ws/install/turtle_interfaces/share/turtle_interfaces/cmake/export_turtle_interfaces__rosidl_generator_pyExport-noconfig.cmake
[7.794s] -- Installing: /home/yahboom/Desktop/S26_RobotProgramming_Crystal/lab4/Carsto/Lab/roscourse_ws/install/turtle_interfaces/share/turtle_interfaces/cmake/rosidl_cmake-extras.cmake
[7.794s] -- Installing: /home/yahboom/Desktop/S26_RobotProgramming_Crystal/lab4/Carsto/Lab/roscourse_ws/install/turtle_interfaces/share/turtle_interfaces/cmake/ament_cmake_export_dependencies-extras.cmake
[7.795s] -- Installing: /home/yahboom/Desktop/S26_RobotProgramming_Crystal/lab4/Carsto/Lab/roscourse_ws/install/turtle_interfaces/share/turtle_interfaces/cmake/ament_cmake_export_include_directories-extras.cmake
[7.795s] -- Installing: /home/yahboom/Desktop/S26_RobotProgramming_Crystal/lab4/Carsto/Lab/roscourse_ws/install/turtle_interfaces/share/turtle_interfaces/cmake/ament_cmake_export_libraries-extras.cmake
[7.795s] -- Installing: /home/yahboom/Desktop/S26_RobotProgramming_Crystal/lab4/Carsto/Lab/roscourse_ws/install/turtle_interfaces/share/turtle_interfaces/cmake/ament_cmake_export_targets-extras.cmake
[7.795s] -- Installing: /home/yahboom/Desktop/S26_RobotProgramming_Crystal/lab4/Carsto/Lab/roscourse_ws/install/turtle_interfaces/share/turtle_interfaces/cmake/rosidl_cmake_export_typesupport_targets-extras.cmake
[7.796s] -- Installing: /home/yahboom/Desktop/S26_RobotProgramming_Crystal/lab4/Carsto/Lab/roscourse_ws/install/turtle_interfaces/share/turtle_interfaces/cmake/rosidl_cmake_export_typesupport_libraries-extras.cmake
[7.796s] -- Installing: /home/yahboom/Desktop/S26_RobotProgramming_Crystal/lab4/Carsto/Lab/roscourse_ws/install/turtle_interfaces/share/turtle_interfaces/cmake/turtle_interfacesConfig.cmake
[7.796s] -- Installing: /home/yahboom/Desktop/S26_RobotProgramming_Crystal/lab4/Carsto/Lab/roscourse_ws/install/turtle_interfaces/share/turtle_interfaces/cmake/turtle_interfacesConfig-version.cmake
[7.796s] -- Installing: /home/yahboom/Desktop/S26_RobotProgramming_Crystal/lab4/Carsto/Lab/roscourse_ws/install/turtle_interfaces/share/turtle_interfaces/package.xml
[7.800s] Invoked command in '/home/yahboom/Desktop/S26_RobotProgramming_Crystal/lab4/Carsto/Lab/roscourse_ws/build/turtle_interfaces' returned '0': CMAKE_PREFIX_PATH=${CMAKE_PREFIX_PATH}:/home/yahboom/Desktop/S26_RobotProgramming_Crystal/lab4/Carsto/Lab/roscourse_ws/install/python_turtle:/home/yahboom/Desktop/S26_RobotProgramming_Crystal/lab4/Carsto/Lab/roscourse_ws/install/teleop_twist_keyboard:/home/yahboom/Desktop/S26_RobotProgramming_Crystal/Lab4/Lab/roscourse_ws/install/python_turtle:/home/yahboom/Desktop/S26_RobotProgramming_Crystal/Lab4/Lab/roscourse_ws/install/teleop_twist_keyboard:/home/yahboom/Desktop/lec9/intro_ws/install/turtle_test:/home/yahboom/Desktop/lec9/intro_ws/install/teleop_twist_keyboard:/home/yahboom/Desktop/lec9/intro_ws/install/python_parameters:/home/yahboom/cartoros2/install/yahboomcar_nav:/home/yahboom/cartoros2/install/yahboomcar_ctrl:/home/yahboom/cartoros2/install/yahboom_visual:/home/yahboom/cartoros2/install/yahboom_dog_joint_state:/home/yahboom/cartoros2/install/yahboom_description:/home/yahboom/cartoros2/install/yahboom_color_identify_server:/home/yahboom/cartoros2/install/yahboom_bringup:/home/yahboom/cartoros2/install/yahboom_base:/home/yahboom/cartoros2/install/yahboom_app_save_map:/home/yahboom/cartoros2/install/update_map:/home/yahboom/cartoros2/install/rosboard:/home/yahboom/cartoros2/install/path_planner_server:/home/yahboom/cartoros2/install/nav2_simple_commander:/home/yahboom/cartoros2/install/nav2_gazebo_spawner:/home/yahboom/cartoros2/install/localization_server:/home/yahboom/cartoros2/install/laserscan_to_point_pulisher:/home/yahboom/yahboomcar_ws/install/yahboom_dog_example:/opt/ros/humble /usr/bin/cmake --install /home/yahboom/Desktop/S26_RobotProgramming_Crystal/lab4/Carsto/Lab/roscourse_ws/build/turtle_interfaces
