[3.860s] Invoking command in '/home/yahboom/roscourse_ws/src/webcam': PYTHONPATH=/home/yahboom/roscourse_ws/src/build/webcam/prefix_override:/home/yahboom/roscourse_ws/src/install/webcam/lib/python3.10/site-packages:${PYTHONPATH} /usr/bin/python3 -W ignore:setup.py install is deprecated setup.py egg_info --egg-base ../build/webcam build --build-base /home/yahboom/roscourse_ws/src/build/webcam/build install --record /home/yahboom/roscourse_ws/src/build/webcam/install.log --single-version-externally-managed install_data
[4.837s] running egg_info
[4.838s] writing ../build/webcam/webcam.egg-info/PKG-INFO
[4.840s] writing dependency_links to ../build/webcam/webcam.egg-info/dependency_links.txt
[4.841s] writing entry points to ../build/webcam/webcam.egg-info/entry_points.txt
[4.842s] writing requirements to ../build/webcam/webcam.egg-info/requires.txt
[4.842s] writing top-level names to ../build/webcam/webcam.egg-info/top_level.txt
[4.848s] reading manifest file '../build/webcam/webcam.egg-info/SOURCES.txt'
[4.852s] writing manifest file '../build/webcam/webcam.egg-info/SOURCES.txt'
[4.852s] running build
[4.852s] running build_py
[4.856s] running install
[4.856s] running install_lib
[4.865s] running install_data
[4.866s] running install_egg_info
[4.873s] removing '/home/yahboom/roscourse_ws/src/install/webcam/lib/python3.10/site-packages/webcam-0.0.0-py3.10.egg-info' (and everything under it)
[4.875s] Copying ../build/webcam/webcam.egg-info to /home/yahboom/roscourse_ws/src/install/webcam/lib/python3.10/site-packages/webcam-0.0.0-py3.10.egg-info
[4.880s] running install_scripts
[4.946s] Installing webcam_pub script to /home/yahboom/roscourse_ws/src/install/webcam/lib/webcam
[4.948s] Installing webcam_sub script to /home/yahboom/roscourse_ws/src/install/webcam/lib/webcam
[4.949s] writing list of installed files to '/home/yahboom/roscourse_ws/src/build/webcam/install.log'
[5.020s] Invoked command in '/home/yahboom/roscourse_ws/src/webcam' returned '0': PYTHONPATH=/home/yahboom/roscourse_ws/src/build/webcam/prefix_override:/home/yahboom/roscourse_ws/src/install/webcam/lib/python3.10/site-packages:${PYTHONPATH} /usr/bin/python3 -W ignore:setup.py install is deprecated setup.py egg_info --egg-base ../build/webcam build --build-base /home/yahboom/roscourse_ws/src/build/webcam/build install --record /home/yahboom/roscourse_ws/src/build/webcam/install.log --single-version-externally-managed install_data
