[3.919s] Invoking command in '/home/yahboom/roscourse_ws/src/teleop_twist_keyboard': PYTHONPATH=/home/yahboom/roscourse_ws/src/build/teleop_twist_keyboard/prefix_override:/home/yahboom/roscourse_ws/src/install/teleop_twist_keyboard/lib/python3.10/site-packages:${PYTHONPATH} /usr/bin/python3 -W ignore:setup.py install is deprecated setup.py egg_info --egg-base ../build/teleop_twist_keyboard build --build-base /home/yahboom/roscourse_ws/src/build/teleop_twist_keyboard/build install --record /home/yahboom/roscourse_ws/src/build/teleop_twist_keyboard/install.log --single-version-externally-managed install_data
[4.893s] running egg_info
[4.894s] creating ../build/teleop_twist_keyboard/teleop_twist_keyboard.egg-info
[4.895s] writing ../build/teleop_twist_keyboard/teleop_twist_keyboard.egg-info/PKG-INFO
[4.896s] writing dependency_links to ../build/teleop_twist_keyboard/teleop_twist_keyboard.egg-info/dependency_links.txt
[4.896s] writing entry points to ../build/teleop_twist_keyboard/teleop_twist_keyboard.egg-info/entry_points.txt
[4.897s] writing requirements to ../build/teleop_twist_keyboard/teleop_twist_keyboard.egg-info/requires.txt
[4.897s] writing top-level names to ../build/teleop_twist_keyboard/teleop_twist_keyboard.egg-info/top_level.txt
[4.898s] writing manifest file '../build/teleop_twist_keyboard/teleop_twist_keyboard.egg-info/SOURCES.txt'
[4.903s] reading manifest file '../build/teleop_twist_keyboard/teleop_twist_keyboard.egg-info/SOURCES.txt'
[4.904s] adding license file 'LICENSE'
[4.906s] writing manifest file '../build/teleop_twist_keyboard/teleop_twist_keyboard.egg-info/SOURCES.txt'
[4.907s] running build
[4.907s] running build_py
[4.908s] creating /home/yahboom/roscourse_ws/src/build/teleop_twist_keyboard/build
[4.908s] creating /home/yahboom/roscourse_ws/src/build/teleop_twist_keyboard/build/lib
[4.909s] copying teleop_twist_keyboard.py -> /home/yahboom/roscourse_ws/src/build/teleop_twist_keyboard/build/lib
[4.910s] running install
[4.910s] running install_lib
[4.912s] copying /home/yahboom/roscourse_ws/src/build/teleop_twist_keyboard/build/lib/teleop_twist_keyboard.py -> /home/yahboom/roscourse_ws/src/install/teleop_twist_keyboard/lib/python3.10/site-packages
[4.914s] byte-compiling /home/yahboom/roscourse_ws/src/install/teleop_twist_keyboard/lib/python3.10/site-packages/teleop_twist_keyboard.py to teleop_twist_keyboard.cpython-310.pyc
[4.919s] running install_data
[4.920s] creating /home/yahboom/roscourse_ws/src/install/teleop_twist_keyboard/share/ament_index
[4.921s] creating /home/yahboom/roscourse_ws/src/install/teleop_twist_keyboard/share/ament_index/resource_index
[4.921s] creating /home/yahboom/roscourse_ws/src/install/teleop_twist_keyboard/share/ament_index/resource_index/packages
[4.921s] copying resource/teleop_twist_keyboard -> /home/yahboom/roscourse_ws/src/install/teleop_twist_keyboard/share/ament_index/resource_index/packages
[4.922s] copying package.xml -> /home/yahboom/roscourse_ws/src/install/teleop_twist_keyboard/share/teleop_twist_keyboard
[4.922s] running install_egg_info
[4.930s] Copying ../build/teleop_twist_keyboard/teleop_twist_keyboard.egg-info to /home/yahboom/roscourse_ws/src/install/teleop_twist_keyboard/lib/python3.10/site-packages/teleop_twist_keyboard-2.4.1-py3.10.egg-info
[4.932s] running install_scripts
[5.007s] Installing teleop_twist_keyboard script to /home/yahboom/roscourse_ws/src/install/teleop_twist_keyboard/lib/teleop_twist_keyboard
[5.007s] writing list of installed files to '/home/yahboom/roscourse_ws/src/build/teleop_twist_keyboard/install.log'
[5.092s] Invoked command in '/home/yahboom/roscourse_ws/src/teleop_twist_keyboard' returned '0': PYTHONPATH=/home/yahboom/roscourse_ws/src/build/teleop_twist_keyboard/prefix_override:/home/yahboom/roscourse_ws/src/install/teleop_twist_keyboard/lib/python3.10/site-packages:${PYTHONPATH} /usr/bin/python3 -W ignore:setup.py install is deprecated setup.py egg_info --egg-base ../build/teleop_twist_keyboard build --build-base /home/yahboom/roscourse_ws/src/build/teleop_twist_keyboard/build install --record /home/yahboom/roscourse_ws/src/build/teleop_twist_keyboard/install.log --single-version-externally-managed install_data
