[0.048s] Invoking command in '/home/yahboom/Desktop/S26_RobotProgramming_Crystal/lab3/Carsto/Lab/resource_ws/build/turtle_interfaces': CMAKE_PREFIX_PATH=${CMAKE_PREFIX_PATH}:/home/yahboom/cartoros2/install/yahboomcar_nav:/home/yahboom/cartoros2/install/yahboomcar_ctrl:/home/yahboom/cartoros2/install/yahboom_visual:/home/yahboom/cartoros2/install/yahboom_dog_joint_state:/home/yahboom/cartoros2/install/yahboom_description:/home/yahboom/cartoros2/install/yahboom_color_identify_server:/home/yahboom/cartoros2/install/yahboom_bringup:/home/yahboom/cartoros2/install/yahboom_base:/home/yahboom/cartoros2/install/yahboom_app_save_map:/home/yahboom/cartoros2/install/update_map:/home/yahboom/cartoros2/install/rosboard:/home/yahboom/cartoros2/install/path_planner_server:/home/yahboom/cartoros2/install/nav2_simple_commander:/home/yahboom/cartoros2/install/nav2_gazebo_spawner:/home/yahboom/cartoros2/install/localization_server:/home/yahboom/cartoros2/install/laserscan_to_point_pulisher:/home/yahboom/yahboomcar_ws/install/yahboom_dog_example:/opt/ros/humble /usr/bin/cmake /home/yahboom/Desktop/S26_RobotProgramming_Crystal/lab3/Carsto/Lab/resource_ws/src/turtle_interfaces -DCMAKE_INSTALL_PREFIX=/home/yahboom/Desktop/S26_RobotProgramming_Crystal/lab3/Carsto/Lab/resource_ws/install/turtle_interfaces
[0.081s] -- Found ament_cmake: 1.3.8 (/opt/ros/humble/share/ament_cmake/cmake)
[0.321s] -- Found ament_lint_auto: 0.12.10 (/opt/ros/humble/share/ament_lint_auto/cmake)
[0.420s] -- Found geometry_msgs: 4.2.3 (/opt/ros/humble/share/geometry_msgs/cmake)
[0.453s] -- Found rosidl_generator_c: 3.1.5 (/opt/ros/humble/share/rosidl_generator_c/cmake)
[0.455s] -- Found rosidl_adapter: 3.1.5 (/opt/ros/humble/share/rosidl_adapter/cmake)
[0.462s] -- Found rosidl_generator_cpp: 3.1.5 (/opt/ros/humble/share/rosidl_generator_cpp/cmake)
[0.480s] -- Using all available rosidl_typesupport_c: rosidl_typesupport_fastrtps_c;rosidl_typesupport_introspection_c
[0.503s] -- Using all available rosidl_typesupport_cpp: rosidl_typesupport_fastrtps_cpp;rosidl_typesupport_introspection_cpp
[0.641s] -- Found rosidl_default_generators: 1.2.0 (/opt/ros/humble/share/rosidl_default_generators/cmake)
[0.663s] [31mCMake Error at /opt/ros/humble/share/rosidl_cmake/cmake/rosidl_generate_interfaces.cmake:93 (message):
[0.663s]   rosidl_generate_interfaces() the passed file 'msg/TurtleMsg.msg' doesn't
[0.663s]   exist relative to the CMAKE_CURRENT_SOURCE_DIR
[0.663s]   '/home/yahboom/Desktop/S26_RobotProgramming_Crystal/lab3/Carsto/Lab/resource_ws/src/turtle_interfaces'
[0.663s] Call Stack (most recent call first):
[0.663s]   CMakeLists.txt:28 (rosidl_generate_interfaces)
[0.664s] 
[0.664s] [0m
[0.664s] -- Configuring incomplete, errors occurred!
[0.664s] See also "/home/yahboom/Desktop/S26_RobotProgramming_Crystal/lab3/Carsto/Lab/resource_ws/build/turtle_interfaces/CMakeFiles/CMakeOutput.log".
[0.670s] Invoked command in '/home/yahboom/Desktop/S26_RobotProgramming_Crystal/lab3/Carsto/Lab/resource_ws/build/turtle_interfaces' returned '1': CMAKE_PREFIX_PATH=${CMAKE_PREFIX_PATH}:/home/yahboom/cartoros2/install/yahboomcar_nav:/home/yahboom/cartoros2/install/yahboomcar_ctrl:/home/yahboom/cartoros2/install/yahboom_visual:/home/yahboom/cartoros2/install/yahboom_dog_joint_state:/home/yahboom/cartoros2/install/yahboom_description:/home/yahboom/cartoros2/install/yahboom_color_identify_server:/home/yahboom/cartoros2/install/yahboom_bringup:/home/yahboom/cartoros2/install/yahboom_base:/home/yahboom/cartoros2/install/yahboom_app_save_map:/home/yahboom/cartoros2/install/update_map:/home/yahboom/cartoros2/install/rosboard:/home/yahboom/cartoros2/install/path_planner_server:/home/yahboom/cartoros2/install/nav2_simple_commander:/home/yahboom/cartoros2/install/nav2_gazebo_spawner:/home/yahboom/cartoros2/install/localization_server:/home/yahboom/cartoros2/install/laserscan_to_point_pulisher:/home/yahboom/yahboomcar_ws/install/yahboom_dog_example:/opt/ros/humble /usr/bin/cmake /home/yahboom/Desktop/S26_RobotProgramming_Crystal/lab3/Carsto/Lab/resource_ws/src/turtle_interfaces -DCMAKE_INSTALL_PREFIX=/home/yahboom/Desktop/S26_RobotProgramming_Crystal/lab3/Carsto/Lab/resource_ws/install/turtle_interfaces
