[0.161s] Invoking command in '/home/yahboom/roscourse_ws/build/turtle_interfaces': CMAKE_PREFIX_PATH=${CMAKE_PREFIX_PATH}:/home/yahboom/cartoros2/install/yahboomcar_nav:/home/yahboom/cartoros2/install/yahboomcar_ctrl:/home/yahboom/cartoros2/install/yahboom_visual:/home/yahboom/cartoros2/install/yahboom_dog_joint_state:/home/yahboom/cartoros2/install/yahboom_description:/home/yahboom/cartoros2/install/yahboom_color_identify_server:/home/yahboom/cartoros2/install/yahboom_bringup:/home/yahboom/cartoros2/install/yahboom_base:/home/yahboom/cartoros2/install/yahboom_app_save_map:/home/yahboom/cartoros2/install/update_map:/home/yahboom/cartoros2/install/rosboard:/home/yahboom/cartoros2/install/path_planner_server:/home/yahboom/cartoros2/install/nav2_simple_commander:/home/yahboom/cartoros2/install/nav2_gazebo_spawner:/home/yahboom/cartoros2/install/localization_server:/home/yahboom/cartoros2/install/laserscan_to_point_pulisher:/home/yahboom/yahboomcar_ws/install/yahboom_dog_example:/opt/ros/humble /usr/bin/cmake --build /home/yahboom/roscourse_ws/build/turtle_interfaces -- -j4 -l4
[1.505s] [  2%] Built target turtle_interfaces__cpp
[1.505s] [ 12%] Built target turtle_interfaces__rosidl_generator_c
[1.505s] [ 12%] Built target ament_cmake_python_copy_turtle_interfaces
[1.506s] [ 23%] Built target turtle_interfaces__rosidl_typesupport_fastrtps_c
[1.506s] [ 34%] Built target turtle_interfaces__rosidl_typesupport_introspection_cpp
[1.506s] [ 44%] Built target turtle_interfaces__rosidl_typesupport_cpp
[1.506s] [ 55%] Built target turtle_interfaces__rosidl_typesupport_fastrtps_cpp
[1.506s] [ 76%] Built target turtle_interfaces__rosidl_typesupport_introspection_c
[1.507s] [ 76%] Built target turtle_interfaces__rosidl_typesupport_c
[1.507s] [ 76%] Built target turtle_interfaces
[1.651s] [ 78%] Built target turtle_interfaces__py
[1.834s] [ 87%] Built target turtle_interfaces__rosidl_generator_py
[2.038s] [ 91%] Built target turtle_interfaces__rosidl_typesupport_introspection_c__pyext
[2.043s] [ 95%] Built target turtle_interfaces__rosidl_typesupport_fastrtps_c__pyext
[2.090s] [100%] Built target turtle_interfaces__rosidl_typesupport_c__pyext
[2.361s] running egg_info
[2.363s] writing turtle_interfaces.egg-info/PKG-INFO
[2.365s] writing dependency_links to turtle_interfaces.egg-info/dependency_links.txt
[2.366s] writing top-level names to turtle_interfaces.egg-info/top_level.txt
[2.377s] reading manifest file 'turtle_interfaces.egg-info/SOURCES.txt'
[2.379s] writing manifest file 'turtle_interfaces.egg-info/SOURCES.txt'
[2.479s] [100%] Built target ament_cmake_python_build_turtle_interfaces_egg
[2.632s] Invoked command in '/home/yahboom/roscourse_ws/build/turtle_interfaces' returned '0': CMAKE_PREFIX_PATH=${CMAKE_PREFIX_PATH}:/home/yahboom/cartoros2/install/yahboomcar_nav:/home/yahboom/cartoros2/install/yahboomcar_ctrl:/home/yahboom/cartoros2/install/yahboom_visual:/home/yahboom/cartoros2/install/yahboom_dog_joint_state:/home/yahboom/cartoros2/install/yahboom_description:/home/yahboom/cartoros2/install/yahboom_color_identify_server:/home/yahboom/cartoros2/install/yahboom_bringup:/home/yahboom/cartoros2/install/yahboom_base:/home/yahboom/cartoros2/install/yahboom_app_save_map:/home/yahboom/cartoros2/install/update_map:/home/yahboom/cartoros2/install/rosboard:/home/yahboom/cartoros2/install/path_planner_server:/home/yahboom/cartoros2/install/nav2_simple_commander:/home/yahboom/cartoros2/install/nav2_gazebo_spawner:/home/yahboom/cartoros2/install/localization_server:/home/yahboom/cartoros2/install/laserscan_to_point_pulisher:/home/yahboom/yahboomcar_ws/install/yahboom_dog_example:/opt/ros/humble /usr/bin/cmake --build /home/yahboom/roscourse_ws/build/turtle_interfaces -- -j4 -l4
[3.695s] Invoking command in '/home/yahboom/roscourse_ws/build/turtle_interfaces': CMAKE_PREFIX_PATH=${CMAKE_PREFIX_PATH}:/home/yahboom/cartoros2/install/yahboomcar_nav:/home/yahboom/cartoros2/install/yahboomcar_ctrl:/home/yahboom/cartoros2/install/yahboom_visual:/home/yahboom/cartoros2/install/yahboom_dog_joint_state:/home/yahboom/cartoros2/install/yahboom_description:/home/yahboom/cartoros2/install/yahboom_color_identify_server:/home/yahboom/cartoros2/install/yahboom_bringup:/home/yahboom/cartoros2/install/yahboom_base:/home/yahboom/cartoros2/install/yahboom_app_save_map:/home/yahboom/cartoros2/install/update_map:/home/yahboom/cartoros2/install/rosboard:/home/yahboom/cartoros2/install/path_planner_server:/home/yahboom/cartoros2/install/nav2_simple_commander:/home/yahboom/cartoros2/install/nav2_gazebo_spawner:/home/yahboom/cartoros2/install/localization_server:/home/yahboom/cartoros2/install/laserscan_to_point_pulisher:/home/yahboom/yahboomcar_ws/install/yahboom_dog_example:/opt/ros/humble /usr/bin/cmake --install /home/yahboom/roscourse_ws/build/turtle_interfaces
[3.758s] -- Install configuration: ""
[3.767s] -- Up-to-date: /home/yahboom/roscourse_ws/install/turtle_interfaces/share/ament_index/resource_index/rosidl_interfaces/turtle_interfaces
[3.769s] -- Up-to-date: /home/yahboom/roscourse_ws/install/turtle_interfaces/include/turtle_interfaces/turtle_interfaces
[3.770s] -- Up-to-date: /home/yahboom/roscourse_ws/install/turtle_interfaces/include/turtle_interfaces/turtle_interfaces/srv
[3.772s] -- Up-to-date: /home/yahboom/roscourse_ws/install/turtle_interfaces/include/turtle_interfaces/turtle_interfaces/srv/detail
[3.773s] -- Up-to-date: /home/yahboom/roscourse_ws/install/turtle_interfaces/include/turtle_interfaces/turtle_interfaces/srv/detail/set_color__type_support.h
[3.774s] -- Up-to-date: /home/yahboom/roscourse_ws/install/turtle_interfaces/include/turtle_interfaces/turtle_interfaces/srv/detail/set_color__functions.h
[3.774s] -- Up-to-date: /home/yahboom/roscourse_ws/install/turtle_interfaces/include/turtle_interfaces/turtle_interfaces/srv/detail/set_pose__functions.h
[3.774s] -- Up-to-date: /home/yahboom/roscourse_ws/install/turtle_interfaces/include/turtle_interfaces/turtle_interfaces/srv/detail/set_color__functions.c
[3.775s] -- Up-to-date: /home/yahboom/roscourse_ws/install/turtle_interfaces/include/turtle_interfaces/turtle_interfaces/srv/detail/set_pose__struct.h
[3.775s] -- Up-to-date: /home/yahboom/roscourse_ws/install/turtle_interfaces/include/turtle_interfaces/turtle_interfaces/srv/detail/set_pose__type_support.h
[3.775s] -- Up-to-date: /home/yahboom/roscourse_ws/install/turtle_interfaces/include/turtle_interfaces/turtle_interfaces/srv/detail/set_color__struct.h
[3.775s] -- Up-to-date: /home/yahboom/roscourse_ws/install/turtle_interfaces/include/turtle_interfaces/turtle_interfaces/srv/detail/set_pose__functions.c
[3.775s] -- Up-to-date: /home/yahboom/roscourse_ws/install/turtle_interfaces/include/turtle_interfaces/turtle_interfaces/srv/set_pose.h
[3.775s] -- Up-to-date: /home/yahboom/roscourse_ws/install/turtle_interfaces/include/turtle_interfaces/turtle_interfaces/srv/set_color.h
[3.775s] -- Up-to-date: /home/yahboom/roscourse_ws/install/turtle_interfaces/include/turtle_interfaces/turtle_interfaces/msg
[3.776s] -- Up-to-date: /home/yahboom/roscourse_ws/install/turtle_interfaces/include/turtle_interfaces/turtle_interfaces/msg/detail
[3.777s] -- Up-to-date: /home/yahboom/roscourse_ws/install/turtle_interfaces/include/turtle_interfaces/turtle_interfaces/msg/detail/turtle_msg__functions.c
[3.778s] -- Up-to-date: /home/yahboom/roscourse_ws/install/turtle_interfaces/include/turtle_interfaces/turtle_interfaces/msg/detail/turtle_msg__type_support.h
[3.779s] -- Up-to-date: /home/yahboom/roscourse_ws/install/turtle_interfaces/include/turtle_interfaces/turtle_interfaces/msg/detail/turtle_msg__functions.h
[3.780s] -- Up-to-date: /home/yahboom/roscourse_ws/install/turtle_interfaces/include/turtle_interfaces/turtle_interfaces/msg/detail/turtle_msg__struct.h
[3.780s] -- Up-to-date: /home/yahboom/roscourse_ws/install/turtle_interfaces/include/turtle_interfaces/turtle_interfaces/msg/turtle_msg.h
[3.780s] -- Up-to-date: /home/yahboom/roscourse_ws/install/turtle_interfaces/include/turtle_interfaces/turtle_interfaces/msg/rosidl_generator_c__visibility_control.h
[3.780s] -- Up-to-date: /home/yahboom/roscourse_ws/install/turtle_interfaces/share/turtle_interfaces/environment/library_path.sh
[3.781s] -- Up-to-date: /home/yahboom/roscourse_ws/install/turtle_interfaces/share/turtle_interfaces/environment/library_path.dsv
[3.786s] -- Up-to-date: /home/yahboom/roscourse_ws/install/turtle_interfaces/lib/libturtle_interfaces__rosidl_generator_c.so
[3.786s] -- Up-to-date: /home/yahboom/roscourse_ws/install/turtle_interfaces/include/turtle_interfaces/turtle_interfaces
[3.787s] -- Up-to-date: /home/yahboom/roscourse_ws/install/turtle_interfaces/include/turtle_interfaces/turtle_interfaces/srv
[3.788s] -- Up-to-date: /home/yahboom/roscourse_ws/install/turtle_interfaces/include/turtle_interfaces/turtle_interfaces/srv/detail
[3.788s] -- Up-to-date: /home/yahboom/roscourse_ws/install/turtle_interfaces/include/turtle_interfaces/turtle_interfaces/srv/detail/set_color__rosidl_typesupport_fastrtps_c.h
[3.788s] -- Up-to-date: /home/yahboom/roscourse_ws/install/turtle_interfaces/include/turtle_interfaces/turtle_interfaces/srv/detail/set_pose__rosidl_typesupport_fastrtps_c.h
[3.789s] -- Up-to-date: /home/yahboom/roscourse_ws/install/turtle_interfaces/include/turtle_interfaces/turtle_interfaces/msg
[3.789s] -- Up-to-date: /home/yahboom/roscourse_ws/install/turtle_interfaces/include/turtle_interfaces/turtle_interfaces/msg/detail
[3.790s] -- Up-to-date: /home/yahboom/roscourse_ws/install/turtle_interfaces/include/turtle_interfaces/turtle_interfaces/msg/detail/turtle_msg__rosidl_typesupport_fastrtps_c.h
[3.790s] -- Up-to-date: /home/yahboom/roscourse_ws/install/turtle_interfaces/include/turtle_interfaces/turtle_interfaces/msg/rosidl_typesupport_fastrtps_c__visibility_control.h
[3.792s] -- Up-to-date: /home/yahboom/roscourse_ws/install/turtle_interfaces/lib/libturtle_interfaces__rosidl_typesupport_fastrtps_c.so
[3.794s] -- Up-to-date: /home/yahboom/roscourse_ws/install/turtle_interfaces/include/turtle_interfaces/turtle_interfaces
[3.796s] -- Up-to-date: /home/yahboom/roscourse_ws/install/turtle_interfaces/include/turtle_interfaces/turtle_interfaces/srv
[3.796s] -- Up-to-date: /home/yahboom/roscourse_ws/install/turtle_interfaces/include/turtle_interfaces/turtle_interfaces/srv/set_pose.hpp
[3.796s] -- Up-to-date: /home/yahboom/roscourse_ws/install/turtle_interfaces/include/turtle_interfaces/turtle_interfaces/srv/detail
[3.797s] -- Up-to-date: /home/yahboom/roscourse_ws/install/turtle_interfaces/include/turtle_interfaces/turtle_interfaces/srv/detail/set_color__struct.hpp
[3.798s] -- Up-to-date: /home/yahboom/roscourse_ws/install/turtle_interfaces/include/turtle_interfaces/turtle_interfaces/srv/detail/set_color__builder.hpp
[3.798s] -- Up-to-date: /home/yahboom/roscourse_ws/install/turtle_interfaces/include/turtle_interfaces/turtle_interfaces/srv/detail/set_pose__traits.hpp
[3.799s] -- Up-to-date: /home/yahboom/roscourse_ws/install/turtle_interfaces/include/turtle_interfaces/turtle_interfaces/srv/detail/set_color__traits.hpp
[3.799s] -- Up-to-date: /home/yahboom/roscourse_ws/install/turtle_interfaces/include/turtle_interfaces/turtle_interfaces/srv/detail/set_pose__builder.hpp
[3.799s] -- Up-to-date: /home/yahboom/roscourse_ws/install/turtle_interfaces/include/turtle_interfaces/turtle_interfaces/srv/detail/set_pose__struct.hpp
[3.799s] -- Up-to-date: /home/yahboom/roscourse_ws/install/turtle_interfaces/include/turtle_interfaces/turtle_interfaces/srv/set_color.hpp
[3.799s] -- Up-to-date: /home/yahboom/roscourse_ws/install/turtle_interfaces/include/turtle_interfaces/turtle_interfaces/msg
[3.799s] -- Up-to-date: /home/yahboom/roscourse_ws/install/turtle_interfaces/include/turtle_interfaces/turtle_interfaces/msg/detail
[3.799s] -- Up-to-date: /home/yahboom/roscourse_ws/install/turtle_interfaces/include/turtle_interfaces/turtle_interfaces/msg/detail/turtle_msg__traits.hpp
[3.799s] -- Up-to-date: /home/yahboom/roscourse_ws/install/turtle_interfaces/include/turtle_interfaces/turtle_interfaces/msg/detail/turtle_msg__struct.hpp
[3.800s] -- Up-to-date: /home/yahboom/roscourse_ws/install/turtle_interfaces/include/turtle_interfaces/turtle_interfaces/msg/detail/turtle_msg__builder.hpp
[3.800s] -- Up-to-date: /home/yahboom/roscourse_ws/install/turtle_interfaces/include/turtle_interfaces/turtle_interfaces/msg/turtle_msg.hpp
[3.800s] -- Up-to-date: /home/yahboom/roscourse_ws/install/turtle_interfaces/include/turtle_interfaces/turtle_interfaces
[3.800s] -- Up-to-date: /home/yahboom/roscourse_ws/install/turtle_interfaces/include/turtle_interfaces/turtle_interfaces/srv
[3.800s] -- Up-to-date: /home/yahboom/roscourse_ws/install/turtle_interfaces/include/turtle_interfaces/turtle_interfaces/srv/detail
[3.800s] -- Up-to-date: /home/yahboom/roscourse_ws/install/turtle_interfaces/include/turtle_interfaces/turtle_interfaces/srv/detail/set_color__rosidl_typesupport_fastrtps_cpp.hpp
[3.801s] -- Up-to-date: /home/yahboom/roscourse_ws/install/turtle_interfaces/include/turtle_interfaces/turtle_interfaces/srv/detail/set_pose__rosidl_typesupport_fastrtps_cpp.hpp
[3.801s] -- Up-to-date: /home/yahboom/roscourse_ws/install/turtle_interfaces/include/turtle_interfaces/turtle_interfaces/srv/detail/dds_fastrtps
[3.801s] -- Up-to-date: /home/yahboom/roscourse_ws/install/turtle_interfaces/include/turtle_interfaces/turtle_interfaces/msg
[3.801s] -- Up-to-date: /home/yahboom/roscourse_ws/install/turtle_interfaces/include/turtle_interfaces/turtle_interfaces/msg/detail
[3.801s] -- Up-to-date: /home/yahboom/roscourse_ws/install/turtle_interfaces/include/turtle_interfaces/turtle_interfaces/msg/detail/turtle_msg__rosidl_typesupport_fastrtps_cpp.hpp
[3.801s] -- Up-to-date: /home/yahboom/roscourse_ws/install/turtle_interfaces/include/turtle_interfaces/turtle_interfaces/msg/detail/dds_fastrtps
[3.802s] -- Up-to-date: /home/yahboom/roscourse_ws/install/turtle_interfaces/include/turtle_interfaces/turtle_interfaces/msg/rosidl_typesupport_fastrtps_cpp__visibility_control.h
[3.803s] -- Up-to-date: /home/yahboom/roscourse_ws/install/turtle_interfaces/lib/libturtle_interfaces__rosidl_typesupport_fastrtps_cpp.so
[3.803s] -- Up-to-date: /home/yahboom/roscourse_ws/install/turtle_interfaces/include/turtle_interfaces/turtle_interfaces
[3.804s] -- Up-to-date: /home/yahboom/roscourse_ws/install/turtle_interfaces/include/turtle_interfaces/turtle_interfaces/srv
[3.805s] -- Up-to-date: /home/yahboom/roscourse_ws/install/turtle_interfaces/include/turtle_interfaces/turtle_interfaces/srv/detail
[3.805s] -- Up-to-date: /home/yahboom/roscourse_ws/install/turtle_interfaces/include/turtle_interfaces/turtle_interfaces/srv/detail/set_color__type_support.c
[3.806s] -- Up-to-date: /home/yahboom/roscourse_ws/install/turtle_interfaces/include/turtle_interfaces/turtle_interfaces/srv/detail/set_pose__rosidl_typesupport_introspection_c.h
[3.806s] -- Up-to-date: /home/yahboom/roscourse_ws/install/turtle_interfaces/include/turtle_interfaces/turtle_interfaces/srv/detail/set_pose__type_support.c
[3.806s] -- Up-to-date: /home/yahboom/roscourse_ws/install/turtle_interfaces/include/turtle_interfaces/turtle_interfaces/srv/detail/set_color__rosidl_typesupport_introspection_c.h
[3.806s] -- Up-to-date: /home/yahboom/roscourse_ws/install/turtle_interfaces/include/turtle_interfaces/turtle_interfaces/msg
[3.807s] -- Up-to-date: /home/yahboom/roscourse_ws/install/turtle_interfaces/include/turtle_interfaces/turtle_interfaces/msg/detail
[3.807s] -- Up-to-date: /home/yahboom/roscourse_ws/install/turtle_interfaces/include/turtle_interfaces/turtle_interfaces/msg/detail/turtle_msg__rosidl_typesupport_introspection_c.h
[3.807s] -- Up-to-date: /home/yahboom/roscourse_ws/install/turtle_interfaces/include/turtle_interfaces/turtle_interfaces/msg/detail/turtle_msg__type_support.c
[3.807s] -- Up-to-date: /home/yahboom/roscourse_ws/install/turtle_interfaces/include/turtle_interfaces/turtle_interfaces/msg/rosidl_typesupport_introspection_c__visibility_control.h
[3.809s] -- Up-to-date: /home/yahboom/roscourse_ws/install/turtle_interfaces/lib/libturtle_interfaces__rosidl_typesupport_introspection_c.so
[3.813s] -- Up-to-date: /home/yahboom/roscourse_ws/install/turtle_interfaces/lib/libturtle_interfaces__rosidl_typesupport_c.so
[3.813s] -- Up-to-date: /home/yahboom/roscourse_ws/install/turtle_interfaces/include/turtle_interfaces/turtle_interfaces
[3.814s] -- Up-to-date: /home/yahboom/roscourse_ws/install/turtle_interfaces/include/turtle_interfaces/turtle_interfaces/srv
[3.815s] -- Up-to-date: /home/yahboom/roscourse_ws/install/turtle_interfaces/include/turtle_interfaces/turtle_interfaces/srv/detail
[3.815s] -- Up-to-date: /home/yahboom/roscourse_ws/install/turtle_interfaces/include/turtle_interfaces/turtle_interfaces/srv/detail/set_color__type_support.cpp
[3.816s] -- Up-to-date: /home/yahboom/roscourse_ws/install/turtle_interfaces/include/turtle_interfaces/turtle_interfaces/srv/detail/set_pose__rosidl_typesupport_introspection_cpp.hpp
[3.816s] -- Up-to-date: /home/yahboom/roscourse_ws/install/turtle_interfaces/include/turtle_interfaces/turtle_interfaces/srv/detail/set_pose__type_support.cpp
[3.816s] -- Up-to-date: /home/yahboom/roscourse_ws/install/turtle_interfaces/include/turtle_interfaces/turtle_interfaces/srv/detail/set_color__rosidl_typesupport_introspection_cpp.hpp
[3.817s] -- Up-to-date: /home/yahboom/roscourse_ws/install/turtle_interfaces/include/turtle_interfaces/turtle_interfaces/msg
[3.817s] -- Up-to-date: /home/yahboom/roscourse_ws/install/turtle_interfaces/include/turtle_interfaces/turtle_interfaces/msg/detail
[3.817s] -- Up-to-date: /home/yahboom/roscourse_ws/install/turtle_interfaces/include/turtle_interfaces/turtle_interfaces/msg/detail/turtle_msg__type_support.cpp
[3.817s] -- Up-to-date: /home/yahboom/roscourse_ws/install/turtle_interfaces/include/turtle_interfaces/turtle_interfaces/msg/detail/turtle_msg__rosidl_typesupport_introspection_cpp.hpp
[3.818s] -- Up-to-date: /home/yahboom/roscourse_ws/install/turtle_interfaces/lib/libturtle_interfaces__rosidl_typesupport_introspection_cpp.so
[3.823s] -- Up-to-date: /home/yahboom/roscourse_ws/install/turtle_interfaces/lib/libturtle_interfaces__rosidl_typesupport_cpp.so
[3.823s] -- Up-to-date: /home/yahboom/roscourse_ws/install/turtle_interfaces/share/turtle_interfaces/environment/pythonpath.sh
[3.823s] -- Up-to-date: /home/yahboom/roscourse_ws/install/turtle_interfaces/share/turtle_interfaces/environment/pythonpath.dsv
[3.828s] -- Up-to-date: /home/yahboom/roscourse_ws/install/turtle_interfaces/local/lib/python3.10/dist-packages/turtle_interfaces-0.0.0-py3.10.egg-info
[3.829s] -- Installing: /home/yahboom/roscourse_ws/install/turtle_interfaces/local/lib/python3.10/dist-packages/turtle_interfaces-0.0.0-py3.10.egg-info/top_level.txt
[3.830s] -- Installing: /home/yahboom/roscourse_ws/install/turtle_interfaces/local/lib/python3.10/dist-packages/turtle_interfaces-0.0.0-py3.10.egg-info/PKG-INFO
[3.831s] -- Installing: /home/yahboom/roscourse_ws/install/turtle_interfaces/local/lib/python3.10/dist-packages/turtle_interfaces-0.0.0-py3.10.egg-info/dependency_links.txt
[3.831s] -- Installing: /home/yahboom/roscourse_ws/install/turtle_interfaces/local/lib/python3.10/dist-packages/turtle_interfaces-0.0.0-py3.10.egg-info/SOURCES.txt
[3.832s] -- Up-to-date: /home/yahboom/roscourse_ws/install/turtle_interfaces/local/lib/python3.10/dist-packages/turtle_interfaces
[3.833s] -- Up-to-date: /home/yahboom/roscourse_ws/install/turtle_interfaces/local/lib/python3.10/dist-packages/turtle_interfaces/libturtle_interfaces__rosidl_generator_py.so
[3.834s] -- Up-to-date: /home/yahboom/roscourse_ws/install/turtle_interfaces/local/lib/python3.10/dist-packages/turtle_interfaces/_turtle_interfaces_s.ep.rosidl_typesupport_c.c
[3.834s] -- Up-to-date: /home/yahboom/roscourse_ws/install/turtle_interfaces/local/lib/python3.10/dist-packages/turtle_interfaces/srv
[3.836s] -- Up-to-date: /home/yahboom/roscourse_ws/install/turtle_interfaces/local/lib/python3.10/dist-packages/turtle_interfaces/srv/_set_color.py
[3.836s] -- Up-to-date: /home/yahboom/roscourse_ws/install/turtle_interfaces/local/lib/python3.10/dist-packages/turtle_interfaces/srv/_set_pose_s.c
[3.836s] -- Up-to-date: /home/yahboom/roscourse_ws/install/turtle_interfaces/local/lib/python3.10/dist-packages/turtle_interfaces/srv/__init__.py
[3.836s] -- Up-to-date: /home/yahboom/roscourse_ws/install/turtle_interfaces/local/lib/python3.10/dist-packages/turtle_interfaces/srv/_set_color_s.c
[3.837s] -- Up-to-date: /home/yahboom/roscourse_ws/install/turtle_interfaces/local/lib/python3.10/dist-packages/turtle_interfaces/srv/_set_pose.py
[3.837s] -- Up-to-date: /home/yahboom/roscourse_ws/install/turtle_interfaces/local/lib/python3.10/dist-packages/turtle_interfaces/turtle_interfaces_s__rosidl_typesupport_introspection_c.cpython-310-x86_64-linux-gnu.so
[3.837s] -- Up-to-date: /home/yahboom/roscourse_ws/install/turtle_interfaces/local/lib/python3.10/dist-packages/turtle_interfaces/__init__.py
[3.838s] -- Up-to-date: /home/yahboom/roscourse_ws/install/turtle_interfaces/local/lib/python3.10/dist-packages/turtle_interfaces/turtle_interfaces_s__rosidl_typesupport_fastrtps_c.cpython-310-x86_64-linux-gnu.so
[3.838s] -- Up-to-date: /home/yahboom/roscourse_ws/install/turtle_interfaces/local/lib/python3.10/dist-packages/turtle_interfaces/_turtle_interfaces_s.ep.rosidl_typesupport_introspection_c.c
[3.838s] -- Up-to-date: /home/yahboom/roscourse_ws/install/turtle_interfaces/local/lib/python3.10/dist-packages/turtle_interfaces/msg
[3.839s] -- Up-to-date: /home/yahboom/roscourse_ws/install/turtle_interfaces/local/lib/python3.10/dist-packages/turtle_interfaces/msg/_turtle_msg.py
[3.839s] -- Up-to-date: /home/yahboom/roscourse_ws/install/turtle_interfaces/local/lib/python3.10/dist-packages/turtle_interfaces/msg/__init__.py
[3.840s] -- Up-to-date: /home/yahboom/roscourse_ws/install/turtle_interfaces/local/lib/python3.10/dist-packages/turtle_interfaces/msg/_turtle_msg_s.c
[3.840s] -- Up-to-date: /home/yahboom/roscourse_ws/install/turtle_interfaces/local/lib/python3.10/dist-packages/turtle_interfaces/turtle_interfaces_s__rosidl_typesupport_c.cpython-310-x86_64-linux-gnu.so
[3.840s] -- Up-to-date: /home/yahboom/roscourse_ws/install/turtle_interfaces/local/lib/python3.10/dist-packages/turtle_interfaces/_turtle_interfaces_s.ep.rosidl_typesupport_fastrtps_c.c
[4.069s] Listing '/home/yahboom/roscourse_ws/install/turtle_interfaces/local/lib/python3.10/dist-packages/turtle_interfaces'...
[4.070s] Listing '/home/yahboom/roscourse_ws/install/turtle_interfaces/local/lib/python3.10/dist-packages/turtle_interfaces/msg'...
[4.070s] Listing '/home/yahboom/roscourse_ws/install/turtle_interfaces/local/lib/python3.10/dist-packages/turtle_interfaces/srv'...
[4.084s] -- Up-to-date: /home/yahboom/roscourse_ws/install/turtle_interfaces/local/lib/python3.10/dist-packages/turtle_interfaces/turtle_interfaces_s__rosidl_typesupport_fastrtps_c.cpython-310-x86_64-linux-gnu.so
[4.088s] -- Up-to-date: /home/yahboom/roscourse_ws/install/turtle_interfaces/local/lib/python3.10/dist-packages/turtle_interfaces/turtle_interfaces_s__rosidl_typesupport_introspection_c.cpython-310-x86_64-linux-gnu.so
[4.092s] -- Up-to-date: /home/yahboom/roscourse_ws/install/turtle_interfaces/local/lib/python3.10/dist-packages/turtle_interfaces/turtle_interfaces_s__rosidl_typesupport_c.cpython-310-x86_64-linux-gnu.so
[4.096s] -- Up-to-date: /home/yahboom/roscourse_ws/install/turtle_interfaces/lib/libturtle_interfaces__rosidl_generator_py.so
[4.097s] -- Up-to-date: /home/yahboom/roscourse_ws/install/turtle_interfaces/share/turtle_interfaces/srv/SetPose.idl
[4.098s] -- Up-to-date: /home/yahboom/roscourse_ws/install/turtle_interfaces/share/turtle_interfaces/srv/SetColor.idl
[4.098s] -- Up-to-date: /home/yahboom/roscourse_ws/install/turtle_interfaces/share/turtle_interfaces/msg/TurtleMsg.idl
[4.099s] -- Up-to-date: /home/yahboom/roscourse_ws/install/turtle_interfaces/share/turtle_interfaces/srv/SetPose.srv
[4.100s] -- Up-to-date: /home/yahboom/roscourse_ws/install/turtle_interfaces/share/turtle_interfaces/srv/SetPose_Request.msg
[4.100s] -- Up-to-date: /home/yahboom/roscourse_ws/install/turtle_interfaces/share/turtle_interfaces/srv/SetPose_Response.msg
[4.101s] -- Up-to-date: /home/yahboom/roscourse_ws/install/turtle_interfaces/share/turtle_interfaces/srv/SetColor.srv
[4.102s] -- Up-to-date: /home/yahboom/roscourse_ws/install/turtle_interfaces/share/turtle_interfaces/srv/SetColor_Request.msg
[4.102s] -- Up-to-date: /home/yahboom/roscourse_ws/install/turtle_interfaces/share/turtle_interfaces/srv/SetColor_Response.msg
[4.102s] -- Up-to-date: /home/yahboom/roscourse_ws/install/turtle_interfaces/share/turtle_interfaces/msg/TurtleMsg.msg
[4.103s] -- Up-to-date: /home/yahboom/roscourse_ws/install/turtle_interfaces/share/ament_index/resource_index/package_run_dependencies/turtle_interfaces
[4.105s] -- Up-to-date: /home/yahboom/roscourse_ws/install/turtle_interfaces/share/ament_index/resource_index/parent_prefix_path/turtle_interfaces
[4.105s] -- Up-to-date: /home/yahboom/roscourse_ws/install/turtle_interfaces/share/turtle_interfaces/environment/ament_prefix_path.sh
[4.106s] -- Up-to-date: /home/yahboom/roscourse_ws/install/turtle_interfaces/share/turtle_interfaces/environment/ament_prefix_path.dsv
[4.106s] -- Up-to-date: /home/yahboom/roscourse_ws/install/turtle_interfaces/share/turtle_interfaces/environment/path.sh
[4.107s] -- Up-to-date: /home/yahboom/roscourse_ws/install/turtle_interfaces/share/turtle_interfaces/environment/path.dsv
[4.107s] -- Up-to-date: /home/yahboom/roscourse_ws/install/turtle_interfaces/share/turtle_interfaces/local_setup.bash
[4.108s] -- Up-to-date: /home/yahboom/roscourse_ws/install/turtle_interfaces/share/turtle_interfaces/local_setup.sh
[4.108s] -- Up-to-date: /home/yahboom/roscourse_ws/install/turtle_interfaces/share/turtle_interfaces/local_setup.zsh
[4.108s] -- Up-to-date: /home/yahboom/roscourse_ws/install/turtle_interfaces/share/turtle_interfaces/local_setup.dsv
[4.108s] -- Installing: /home/yahboom/roscourse_ws/install/turtle_interfaces/share/turtle_interfaces/package.dsv
[4.111s] -- Up-to-date: /home/yahboom/roscourse_ws/install/turtle_interfaces/share/ament_index/resource_index/packages/turtle_interfaces
[4.118s] -- Up-to-date: /home/yahboom/roscourse_ws/install/turtle_interfaces/share/turtle_interfaces/cmake/export_turtle_interfaces__rosidl_generator_cExport.cmake
[4.119s] -- Up-to-date: /home/yahboom/roscourse_ws/install/turtle_interfaces/share/turtle_interfaces/cmake/export_turtle_interfaces__rosidl_generator_cExport-noconfig.cmake
[4.121s] -- Up-to-date: /home/yahboom/roscourse_ws/install/turtle_interfaces/share/turtle_interfaces/cmake/export_turtle_interfaces__rosidl_typesupport_fastrtps_cExport.cmake
[4.121s] -- Up-to-date: /home/yahboom/roscourse_ws/install/turtle_interfaces/share/turtle_interfaces/cmake/export_turtle_interfaces__rosidl_typesupport_fastrtps_cExport-noconfig.cmake
[4.124s] -- Up-to-date: /home/yahboom/roscourse_ws/install/turtle_interfaces/share/turtle_interfaces/cmake/export_turtle_interfaces__rosidl_generator_cppExport.cmake
[4.126s] -- Up-to-date: /home/yahboom/roscourse_ws/install/turtle_interfaces/share/turtle_interfaces/cmake/export_turtle_interfaces__rosidl_typesupport_fastrtps_cppExport.cmake
[4.127s] -- Up-to-date: /home/yahboom/roscourse_ws/install/turtle_interfaces/share/turtle_interfaces/cmake/export_turtle_interfaces__rosidl_typesupport_fastrtps_cppExport-noconfig.cmake
[4.129s] -- Up-to-date: /home/yahboom/roscourse_ws/install/turtle_interfaces/share/turtle_interfaces/cmake/turtle_interfaces__rosidl_typesupport_introspection_cExport.cmake
[4.129s] -- Up-to-date: /home/yahboom/roscourse_ws/install/turtle_interfaces/share/turtle_interfaces/cmake/turtle_interfaces__rosidl_typesupport_introspection_cExport-noconfig.cmake
[4.131s] -- Up-to-date: /home/yahboom/roscourse_ws/install/turtle_interfaces/share/turtle_interfaces/cmake/turtle_interfaces__rosidl_typesupport_cExport.cmake
[4.132s] -- Up-to-date: /home/yahboom/roscourse_ws/install/turtle_interfaces/share/turtle_interfaces/cmake/turtle_interfaces__rosidl_typesupport_cExport-noconfig.cmake
[4.134s] -- Up-to-date: /home/yahboom/roscourse_ws/install/turtle_interfaces/share/turtle_interfaces/cmake/turtle_interfaces__rosidl_typesupport_introspection_cppExport.cmake
[4.134s] -- Up-to-date: /home/yahboom/roscourse_ws/install/turtle_interfaces/share/turtle_interfaces/cmake/turtle_interfaces__rosidl_typesupport_introspection_cppExport-noconfig.cmake
[4.137s] -- Up-to-date: /home/yahboom/roscourse_ws/install/turtle_interfaces/share/turtle_interfaces/cmake/turtle_interfaces__rosidl_typesupport_cppExport.cmake
[4.137s] -- Up-to-date: /home/yahboom/roscourse_ws/install/turtle_interfaces/share/turtle_interfaces/cmake/turtle_interfaces__rosidl_typesupport_cppExport-noconfig.cmake
[4.139s] -- Up-to-date: /home/yahboom/roscourse_ws/install/turtle_interfaces/share/turtle_interfaces/cmake/export_turtle_interfaces__rosidl_generator_pyExport.cmake
[4.140s] -- Up-to-date: /home/yahboom/roscourse_ws/install/turtle_interfaces/share/turtle_interfaces/cmake/export_turtle_interfaces__rosidl_generator_pyExport-noconfig.cmake
[4.140s] -- Up-to-date: /home/yahboom/roscourse_ws/install/turtle_interfaces/share/turtle_interfaces/cmake/rosidl_cmake-extras.cmake
[4.140s] -- Up-to-date: /home/yahboom/roscourse_ws/install/turtle_interfaces/share/turtle_interfaces/cmake/ament_cmake_export_dependencies-extras.cmake
[4.142s] -- Up-to-date: /home/yahboom/roscourse_ws/install/turtle_interfaces/share/turtle_interfaces/cmake/ament_cmake_export_include_directories-extras.cmake
[4.142s] -- Up-to-date: /home/yahboom/roscourse_ws/install/turtle_interfaces/share/turtle_interfaces/cmake/ament_cmake_export_libraries-extras.cmake
[4.142s] -- Up-to-date: /home/yahboom/roscourse_ws/install/turtle_interfaces/share/turtle_interfaces/cmake/ament_cmake_export_targets-extras.cmake
[4.142s] -- Up-to-date: /home/yahboom/roscourse_ws/install/turtle_interfaces/share/turtle_interfaces/cmake/rosidl_cmake_export_typesupport_targets-extras.cmake
[4.142s] -- Up-to-date: /home/yahboom/roscourse_ws/install/turtle_interfaces/share/turtle_interfaces/cmake/rosidl_cmake_export_typesupport_libraries-extras.cmake
[4.142s] -- Up-to-date: /home/yahboom/roscourse_ws/install/turtle_interfaces/share/turtle_interfaces/cmake/turtle_interfacesConfig.cmake
[4.143s] -- Up-to-date: /home/yahboom/roscourse_ws/install/turtle_interfaces/share/turtle_interfaces/cmake/turtle_interfacesConfig-version.cmake
[4.143s] -- Up-to-date: /home/yahboom/roscourse_ws/install/turtle_interfaces/share/turtle_interfaces/package.xml
[4.150s] Invoked command in '/home/yahboom/roscourse_ws/build/turtle_interfaces' returned '0': CMAKE_PREFIX_PATH=${CMAKE_PREFIX_PATH}:/home/yahboom/cartoros2/install/yahboomcar_nav:/home/yahboom/cartoros2/install/yahboomcar_ctrl:/home/yahboom/cartoros2/install/yahboom_visual:/home/yahboom/cartoros2/install/yahboom_dog_joint_state:/home/yahboom/cartoros2/install/yahboom_description:/home/yahboom/cartoros2/install/yahboom_color_identify_server:/home/yahboom/cartoros2/install/yahboom_bringup:/home/yahboom/cartoros2/install/yahboom_base:/home/yahboom/cartoros2/install/yahboom_app_save_map:/home/yahboom/cartoros2/install/update_map:/home/yahboom/cartoros2/install/rosboard:/home/yahboom/cartoros2/install/path_planner_server:/home/yahboom/cartoros2/install/nav2_simple_commander:/home/yahboom/cartoros2/install/nav2_gazebo_spawner:/home/yahboom/cartoros2/install/localization_server:/home/yahboom/cartoros2/install/laserscan_to_point_pulisher:/home/yahboom/yahboomcar_ws/install/yahboom_dog_example:/opt/ros/humble /usr/bin/cmake --install /home/yahboom/roscourse_ws/build/turtle_interfaces
