[5.871s] Invoking command in '/home/yahboom/Desktop/S26_RobotProgramming_Crystal/Final_project/src/low_lvl_obj_detect': PYTHONPATH=/home/yahboom/Desktop/S26_RobotProgramming_Crystal/Final_project/build/low_lvl_obj_detect/prefix_override:/home/yahboom/Desktop/S26_RobotProgramming_Crystal/Final_project/install/low_lvl_obj_detect/lib/python3.10/site-packages:${PYTHONPATH} /usr/bin/python3 -W ignore:setup.py install is deprecated setup.py egg_info --egg-base ../../build/low_lvl_obj_detect build --build-base /home/yahboom/Desktop/S26_RobotProgramming_Crystal/Final_project/build/low_lvl_obj_detect/build install --record /home/yahboom/Desktop/S26_RobotProgramming_Crystal/Final_project/build/low_lvl_obj_detect/install.log --single-version-externally-managed install_data
[6.688s] running egg_info
[6.694s] creating ../../build/low_lvl_obj_detect/low_lvl_obj_detect.egg-info
[6.694s] writing ../../build/low_lvl_obj_detect/low_lvl_obj_detect.egg-info/PKG-INFO
[6.694s] writing dependency_links to ../../build/low_lvl_obj_detect/low_lvl_obj_detect.egg-info/dependency_links.txt
[6.695s] writing entry points to ../../build/low_lvl_obj_detect/low_lvl_obj_detect.egg-info/entry_points.txt
[6.695s] writing requirements to ../../build/low_lvl_obj_detect/low_lvl_obj_detect.egg-info/requires.txt
[6.695s] writing top-level names to ../../build/low_lvl_obj_detect/low_lvl_obj_detect.egg-info/top_level.txt
[6.698s] writing manifest file '../../build/low_lvl_obj_detect/low_lvl_obj_detect.egg-info/SOURCES.txt'
[6.701s] reading manifest file '../../build/low_lvl_obj_detect/low_lvl_obj_detect.egg-info/SOURCES.txt'
[6.701s] writing manifest file '../../build/low_lvl_obj_detect/low_lvl_obj_detect.egg-info/SOURCES.txt'
[6.701s] running build
[6.701s] running build_py
[6.701s] creating /home/yahboom/Desktop/S26_RobotProgramming_Crystal/Final_project/build/low_lvl_obj_detect/build
[6.701s] creating /home/yahboom/Desktop/S26_RobotProgramming_Crystal/Final_project/build/low_lvl_obj_detect/build/lib
[6.701s] creating /home/yahboom/Desktop/S26_RobotProgramming_Crystal/Final_project/build/low_lvl_obj_detect/build/lib/low_lvl_obj_detect
[6.704s] copying low_lvl_obj_detect/__init__.py -> /home/yahboom/Desktop/S26_RobotProgramming_Crystal/Final_project/build/low_lvl_obj_detect/build/lib/low_lvl_obj_detect
[6.704s] running install
[6.704s] running install_lib
[6.704s] creating /home/yahboom/Desktop/S26_RobotProgramming_Crystal/Final_project/install/low_lvl_obj_detect/lib/python3.10/site-packages/low_lvl_obj_detect
[6.705s] copying /home/yahboom/Desktop/S26_RobotProgramming_Crystal/Final_project/build/low_lvl_obj_detect/build/lib/low_lvl_obj_detect/__init__.py -> /home/yahboom/Desktop/S26_RobotProgramming_Crystal/Final_project/install/low_lvl_obj_detect/lib/python3.10/site-packages/low_lvl_obj_detect
[6.705s] byte-compiling /home/yahboom/Desktop/S26_RobotProgramming_Crystal/Final_project/install/low_lvl_obj_detect/lib/python3.10/site-packages/low_lvl_obj_detect/__init__.py to __init__.cpython-310.pyc
[6.705s] running install_data
[6.706s] creating /home/yahboom/Desktop/S26_RobotProgramming_Crystal/Final_project/install/low_lvl_obj_detect/share/ament_index
[6.706s] creating /home/yahboom/Desktop/S26_RobotProgramming_Crystal/Final_project/install/low_lvl_obj_detect/share/ament_index/resource_index
[6.706s] creating /home/yahboom/Desktop/S26_RobotProgramming_Crystal/Final_project/install/low_lvl_obj_detect/share/ament_index/resource_index/packages
[6.706s] copying resource/low_lvl_obj_detect -> /home/yahboom/Desktop/S26_RobotProgramming_Crystal/Final_project/install/low_lvl_obj_detect/share/ament_index/resource_index/packages
[6.707s] copying package.xml -> /home/yahboom/Desktop/S26_RobotProgramming_Crystal/Final_project/install/low_lvl_obj_detect/share/low_lvl_obj_detect
[6.707s] running install_egg_info
[6.713s] Copying ../../build/low_lvl_obj_detect/low_lvl_obj_detect.egg-info to /home/yahboom/Desktop/S26_RobotProgramming_Crystal/Final_project/install/low_lvl_obj_detect/lib/python3.10/site-packages/low_lvl_obj_detect-0.0.0-py3.10.egg-info
[6.716s] running install_scripts
[6.800s] writing list of installed files to '/home/yahboom/Desktop/S26_RobotProgramming_Crystal/Final_project/build/low_lvl_obj_detect/install.log'
[6.939s] Invoked command in '/home/yahboom/Desktop/S26_RobotProgramming_Crystal/Final_project/src/low_lvl_obj_detect' returned '0': PYTHONPATH=/home/yahboom/Desktop/S26_RobotProgramming_Crystal/Final_project/build/low_lvl_obj_detect/prefix_override:/home/yahboom/Desktop/S26_RobotProgramming_Crystal/Final_project/install/low_lvl_obj_detect/lib/python3.10/site-packages:${PYTHONPATH} /usr/bin/python3 -W ignore:setup.py install is deprecated setup.py egg_info --egg-base ../../build/low_lvl_obj_detect build --build-base /home/yahboom/Desktop/S26_RobotProgramming_Crystal/Final_project/build/low_lvl_obj_detect/build install --record /home/yahboom/Desktop/S26_RobotProgramming_Crystal/Final_project/build/low_lvl_obj_detect/install.log --single-version-externally-managed install_data
