[0.667s] Invoking command in '/home/yahboom/Desktop/lec9/intro_ws/src/python_parameters': PYTHONPATH=/home/yahboom/Desktop/lec9/intro_ws/build/python_parameters/prefix_override:/home/yahboom/Desktop/lec9/intro_ws/install/python_parameters/lib/python3.10/site-packages:${PYTHONPATH} /usr/bin/python3 -W ignore:setup.py install is deprecated setup.py egg_info --egg-base ../../build/python_parameters build --build-base /home/yahboom/Desktop/lec9/intro_ws/build/python_parameters/build install --record /home/yahboom/Desktop/lec9/intro_ws/build/python_parameters/install.log --single-version-externally-managed install_data
[0.909s] running egg_info
[0.910s] creating ../../build/python_parameters/python_parameters.egg-info
[0.910s] writing ../../build/python_parameters/python_parameters.egg-info/PKG-INFO
[0.910s] writing dependency_links to ../../build/python_parameters/python_parameters.egg-info/dependency_links.txt
[0.910s] writing entry points to ../../build/python_parameters/python_parameters.egg-info/entry_points.txt
[0.910s] writing requirements to ../../build/python_parameters/python_parameters.egg-info/requires.txt
[0.910s] writing top-level names to ../../build/python_parameters/python_parameters.egg-info/top_level.txt
[0.910s] writing manifest file '../../build/python_parameters/python_parameters.egg-info/SOURCES.txt'
[0.912s] reading manifest file '../../build/python_parameters/python_parameters.egg-info/SOURCES.txt'
[0.912s] writing manifest file '../../build/python_parameters/python_parameters.egg-info/SOURCES.txt'
[0.913s] running build
[0.913s] running build_py
[0.913s] creating /home/yahboom/Desktop/lec9/intro_ws/build/python_parameters/build
[0.913s] creating /home/yahboom/Desktop/lec9/intro_ws/build/python_parameters/build/lib
[0.913s] creating /home/yahboom/Desktop/lec9/intro_ws/build/python_parameters/build/lib/python_parameters
[0.913s] copying python_parameters/__init__.py -> /home/yahboom/Desktop/lec9/intro_ws/build/python_parameters/build/lib/python_parameters
[0.913s] copying python_parameters/python_parameters_node.py -> /home/yahboom/Desktop/lec9/intro_ws/build/python_parameters/build/lib/python_parameters
[0.913s] running install
[0.914s] running install_lib
[0.914s] creating /home/yahboom/Desktop/lec9/intro_ws/install/python_parameters/lib/python3.10/site-packages/python_parameters
[0.914s] copying /home/yahboom/Desktop/lec9/intro_ws/build/python_parameters/build/lib/python_parameters/__init__.py -> /home/yahboom/Desktop/lec9/intro_ws/install/python_parameters/lib/python3.10/site-packages/python_parameters
[0.914s] copying /home/yahboom/Desktop/lec9/intro_ws/build/python_parameters/build/lib/python_parameters/python_parameters_node.py -> /home/yahboom/Desktop/lec9/intro_ws/install/python_parameters/lib/python3.10/site-packages/python_parameters
[0.915s] byte-compiling /home/yahboom/Desktop/lec9/intro_ws/install/python_parameters/lib/python3.10/site-packages/python_parameters/__init__.py to __init__.cpython-310.pyc
[0.915s] byte-compiling /home/yahboom/Desktop/lec9/intro_ws/install/python_parameters/lib/python3.10/site-packages/python_parameters/python_parameters_node.py to python_parameters_node.cpython-310.pyc
[0.916s] running install_data
[0.916s] creating /home/yahboom/Desktop/lec9/intro_ws/install/python_parameters/share/ament_index
[0.916s] creating /home/yahboom/Desktop/lec9/intro_ws/install/python_parameters/share/ament_index/resource_index
[0.916s] creating /home/yahboom/Desktop/lec9/intro_ws/install/python_parameters/share/ament_index/resource_index/packages
[0.916s] copying resource/python_parameters -> /home/yahboom/Desktop/lec9/intro_ws/install/python_parameters/share/ament_index/resource_index/packages
[0.916s] copying package.xml -> /home/yahboom/Desktop/lec9/intro_ws/install/python_parameters/share/python_parameters
[0.916s] creating /home/yahboom/Desktop/lec9/intro_ws/install/python_parameters/share/python_parameters/launch
[0.916s] copying launch/run_multi_launch.py -> /home/yahboom/Desktop/lec9/intro_ws/install/python_parameters/share/python_parameters/launch
[0.916s] running install_egg_info
[0.918s] Copying ../../build/python_parameters/python_parameters.egg-info to /home/yahboom/Desktop/lec9/intro_ws/install/python_parameters/lib/python3.10/site-packages/python_parameters-0.0.0-py3.10.egg-info
[0.919s] running install_scripts
[0.940s] Installing minimal_param_node script to /home/yahboom/Desktop/lec9/intro_ws/install/python_parameters/lib/python_parameters
[0.941s] writing list of installed files to '/home/yahboom/Desktop/lec9/intro_ws/build/python_parameters/install.log'
[0.966s] Invoked command in '/home/yahboom/Desktop/lec9/intro_ws/src/python_parameters' returned '0': PYTHONPATH=/home/yahboom/Desktop/lec9/intro_ws/build/python_parameters/prefix_override:/home/yahboom/Desktop/lec9/intro_ws/install/python_parameters/lib/python3.10/site-packages:${PYTHONPATH} /usr/bin/python3 -W ignore:setup.py install is deprecated setup.py egg_info --egg-base ../../build/python_parameters build --build-base /home/yahboom/Desktop/lec9/intro_ws/build/python_parameters/build install --record /home/yahboom/Desktop/lec9/intro_ws/build/python_parameters/install.log --single-version-externally-managed install_data
