[0.075s] Invoking command in '/home/yahboom/roscourse_ws/src/build/turtle_interfaces': CMAKE_PREFIX_PATH=${CMAKE_PREFIX_PATH}:/home/yahboom/cartoros2/install/yahboomcar_nav:/home/yahboom/cartoros2/install/yahboomcar_ctrl:/home/yahboom/cartoros2/install/yahboom_visual:/home/yahboom/cartoros2/install/yahboom_dog_joint_state:/home/yahboom/cartoros2/install/yahboom_description:/home/yahboom/cartoros2/install/yahboom_color_identify_server:/home/yahboom/cartoros2/install/yahboom_bringup:/home/yahboom/cartoros2/install/yahboom_base:/home/yahboom/cartoros2/install/yahboom_app_save_map:/home/yahboom/cartoros2/install/update_map:/home/yahboom/cartoros2/install/rosboard:/home/yahboom/cartoros2/install/path_planner_server:/home/yahboom/cartoros2/install/nav2_simple_commander:/home/yahboom/cartoros2/install/nav2_gazebo_spawner:/home/yahboom/cartoros2/install/localization_server:/home/yahboom/cartoros2/install/laserscan_to_point_pulisher:/home/yahboom/yahboomcar_ws/install/yahboom_dog_example:/opt/ros/humble /usr/bin/cmake /home/yahboom/roscourse_ws/src/turtle_interfaces -DCMAKE_INSTALL_PREFIX=/home/yahboom/roscourse_ws/src/install/turtle_interfaces
[0.685s] -- The C compiler identification is GNU 11.4.0
[1.120s] -- The CXX compiler identification is GNU 11.4.0
[1.166s] -- Detecting C compiler ABI info
[1.539s] -- Detecting C compiler ABI info - done
[1.557s] -- Check for working C compiler: /usr/bin/cc - skipped
[1.559s] -- Detecting C compile features
[1.560s] -- Detecting C compile features - done
[1.573s] -- Detecting CXX compiler ABI info
[1.968s] -- Detecting CXX compiler ABI info - done
[1.982s] -- Check for working CXX compiler: /usr/bin/c++ - skipped
[1.982s] -- Detecting CXX compile features
[1.982s] -- Detecting CXX compile features - done
[2.087s] -- Found ament_cmake: 1.3.8 (/opt/ros/humble/share/ament_cmake/cmake)
[2.775s] -- Found Python3: /usr/bin/python3 (found version "3.10.12") found components: Interpreter 
[3.680s] -- Found ament_lint_auto: 0.12.10 (/opt/ros/humble/share/ament_lint_auto/cmake)
[4.231s] -- Found geometry_msgs: 4.2.3 (/opt/ros/humble/share/geometry_msgs/cmake)
[4.759s] -- Found rosidl_generator_c: 3.1.5 (/opt/ros/humble/share/rosidl_generator_c/cmake)
[4.851s] -- Found rosidl_adapter: 3.1.5 (/opt/ros/humble/share/rosidl_adapter/cmake)
[4.958s] -- Found rosidl_generator_cpp: 3.1.5 (/opt/ros/humble/share/rosidl_generator_cpp/cmake)
[5.094s] -- Using all available rosidl_typesupport_c: rosidl_typesupport_fastrtps_c;rosidl_typesupport_introspection_c
[5.291s] -- Using all available rosidl_typesupport_cpp: rosidl_typesupport_fastrtps_cpp;rosidl_typesupport_introspection_cpp
[5.706s] -- Found rosidl_default_generators: 1.2.0 (/opt/ros/humble/share/rosidl_default_generators/cmake)
[6.591s] -- Found ament_cmake_ros: 0.10.0 (/opt/ros/humble/share/ament_cmake_ros/cmake)
[8.065s] -- Using all available rosidl_typesupport_c: rosidl_typesupport_fastrtps_c;rosidl_typesupport_introspection_c
[8.607s] -- Using all available rosidl_typesupport_cpp: rosidl_typesupport_fastrtps_cpp;rosidl_typesupport_introspection_cpp
[8.704s] -- Found PythonInterp: /usr/bin/python3 (found suitable version "3.10.12", minimum required is "3.6") 
[8.784s] -- Found python_cmake_module: 0.10.0 (/opt/ros/humble/share/python_cmake_module/cmake)
[8.951s] -- Found PythonLibs: /usr/lib/x86_64-linux-gnu/libpython3.10.so (found suitable version "3.10.12", minimum required is "3.5") 
[8.951s] -- Using PYTHON_EXECUTABLE: /usr/bin/python3
[8.951s] -- Using PYTHON_INCLUDE_DIRS: /usr/include/python3.10
[8.951s] -- Using PYTHON_LIBRARIES: /usr/lib/x86_64-linux-gnu/libpython3.10.so
[9.038s] -- Found PythonExtra: .so  
[9.440s] -- Added test 'lint_cmake' to check CMake code style
[9.452s] -- Added test 'xmllint' to check XML markup files
[9.492s] -- Configuring done
[9.597s] -- Generating done
[9.604s] -- Build files have been written to: /home/yahboom/roscourse_ws/src/build/turtle_interfaces
[9.625s] Invoked command in '/home/yahboom/roscourse_ws/src/build/turtle_interfaces' returned '0': CMAKE_PREFIX_PATH=${CMAKE_PREFIX_PATH}:/home/yahboom/cartoros2/install/yahboomcar_nav:/home/yahboom/cartoros2/install/yahboomcar_ctrl:/home/yahboom/cartoros2/install/yahboom_visual:/home/yahboom/cartoros2/install/yahboom_dog_joint_state:/home/yahboom/cartoros2/install/yahboom_description:/home/yahboom/cartoros2/install/yahboom_color_identify_server:/home/yahboom/cartoros2/install/yahboom_bringup:/home/yahboom/cartoros2/install/yahboom_base:/home/yahboom/cartoros2/install/yahboom_app_save_map:/home/yahboom/cartoros2/install/update_map:/home/yahboom/cartoros2/install/rosboard:/home/yahboom/cartoros2/install/path_planner_server:/home/yahboom/cartoros2/install/nav2_simple_commander:/home/yahboom/cartoros2/install/nav2_gazebo_spawner:/home/yahboom/cartoros2/install/localization_server:/home/yahboom/cartoros2/install/laserscan_to_point_pulisher:/home/yahboom/yahboomcar_ws/install/yahboom_dog_example:/opt/ros/humble /usr/bin/cmake /home/yahboom/roscourse_ws/src/turtle_interfaces -DCMAKE_INSTALL_PREFIX=/home/yahboom/roscourse_ws/src/install/turtle_interfaces
[9.631s] Invoking command in '/home/yahboom/roscourse_ws/src/build/turtle_interfaces': CMAKE_PREFIX_PATH=${CMAKE_PREFIX_PATH}:/home/yahboom/cartoros2/install/yahboomcar_nav:/home/yahboom/cartoros2/install/yahboomcar_ctrl:/home/yahboom/cartoros2/install/yahboom_visual:/home/yahboom/cartoros2/install/yahboom_dog_joint_state:/home/yahboom/cartoros2/install/yahboom_description:/home/yahboom/cartoros2/install/yahboom_color_identify_server:/home/yahboom/cartoros2/install/yahboom_bringup:/home/yahboom/cartoros2/install/yahboom_base:/home/yahboom/cartoros2/install/yahboom_app_save_map:/home/yahboom/cartoros2/install/update_map:/home/yahboom/cartoros2/install/rosboard:/home/yahboom/cartoros2/install/path_planner_server:/home/yahboom/cartoros2/install/nav2_simple_commander:/home/yahboom/cartoros2/install/nav2_gazebo_spawner:/home/yahboom/cartoros2/install/localization_server:/home/yahboom/cartoros2/install/laserscan_to_point_pulisher:/home/yahboom/yahboomcar_ws/install/yahboom_dog_example:/opt/ros/humble /usr/bin/cmake --build /home/yahboom/roscourse_ws/src/build/turtle_interfaces -- -j4 -l4
[9.874s] [  2%] [34m[1mGenerating C code for ROS interfaces[0m
[9.952s] [  4%] [34m[1mGenerating C++ code for ROS interfaces[0m
[9.994s] [  4%] Built target ament_cmake_python_copy_turtle_interfaces
[10.986s] running egg_info
[10.987s] creating turtle_interfaces.egg-info
[10.988s] writing turtle_interfaces.egg-info/PKG-INFO
[10.988s] writing dependency_links to turtle_interfaces.egg-info/dependency_links.txt
[10.989s] writing top-level names to turtle_interfaces.egg-info/top_level.txt
[10.989s] writing manifest file 'turtle_interfaces.egg-info/SOURCES.txt'
[10.993s] reading manifest file 'turtle_interfaces.egg-info/SOURCES.txt'
[10.994s] writing manifest file 'turtle_interfaces.egg-info/SOURCES.txt'
[11.100s] [  4%] Built target ament_cmake_python_build_turtle_interfaces_egg
[11.224s] [  4%] Built target turtle_interfaces__cpp
[11.286s] [  6%] [34m[1mGenerating C++ type support for eProsima Fast-RTPS[0m
[11.337s] [  8%] [34m[1mGenerating C++ introspection for ROS interfaces[0m
[11.374s] [ 10%] [34m[1mGenerating C++ type support dispatch for ROS interfaces[0m
[11.423s] [ 12%] [32mBuilding C object CMakeFiles/turtle_interfaces__rosidl_generator_c.dir/rosidl_generator_c/turtle_interfaces/srv/detail/set_pose__functions.c.o[0m
[11.733s] [ 14%] [32mBuilding C object CMakeFiles/turtle_interfaces__rosidl_generator_c.dir/rosidl_generator_c/turtle_interfaces/srv/detail/set_color__functions.c.o[0m
[11.978s] [ 17%] [32mBuilding C object CMakeFiles/turtle_interfaces__rosidl_generator_c.dir/rosidl_generator_c/turtle_interfaces/msg/detail/turtle_msg__functions.c.o[0m
[12.174s] [ 19%] [32m[1mLinking C shared library libturtle_interfaces__rosidl_generator_c.so[0m
[12.321s] [ 21%] [32mBuilding CXX object CMakeFiles/turtle_interfaces__rosidl_typesupport_cpp.dir/rosidl_typesupport_cpp/turtle_interfaces/srv/set_pose__type_support.cpp.o[0m
[12.400s] [ 21%] Built target turtle_interfaces__rosidl_generator_c
[12.547s] [ 23%] [34m[1mGenerating C introspection for ROS interfaces[0m
[12.574s] [ 25%] [32mBuilding CXX object CMakeFiles/turtle_interfaces__rosidl_typesupport_introspection_cpp.dir/rosidl_typesupport_introspection_cpp/turtle_interfaces/srv/detail/set_pose__type_support.cpp.o[0m
[12.618s] [ 27%] [32mBuilding CXX object CMakeFiles/turtle_interfaces__rosidl_typesupport_fastrtps_cpp.dir/rosidl_typesupport_fastrtps_cpp/turtle_interfaces/srv/detail/dds_fastrtps/set_pose__type_support.cpp.o[0m
[13.722s] [ 29%] [32mBuilding CXX object CMakeFiles/turtle_interfaces__rosidl_typesupport_cpp.dir/rosidl_typesupport_cpp/turtle_interfaces/srv/set_color__type_support.cpp.o[0m
[13.947s] [ 31%] [32mBuilding C object CMakeFiles/turtle_interfaces__rosidl_typesupport_introspection_c.dir/rosidl_typesupport_introspection_c/turtle_interfaces/srv/detail/set_pose__type_support.c.o[0m
[14.134s] [ 34%] [32mBuilding C object CMakeFiles/turtle_interfaces__rosidl_typesupport_introspection_c.dir/rosidl_typesupport_introspection_c/turtle_interfaces/srv/detail/set_color__type_support.c.o[0m
[14.139s] [ 36%] [32mBuilding CXX object CMakeFiles/turtle_interfaces__rosidl_typesupport_introspection_cpp.dir/rosidl_typesupport_introspection_cpp/turtle_interfaces/srv/detail/set_color__type_support.cpp.o[0m
[14.207s] [ 38%] [32mBuilding CXX object CMakeFiles/turtle_interfaces__rosidl_typesupport_fastrtps_cpp.dir/rosidl_typesupport_fastrtps_cpp/turtle_interfaces/srv/detail/dds_fastrtps/set_color__type_support.cpp.o[0m
[14.297s] [ 40%] [32mBuilding C object CMakeFiles/turtle_interfaces__rosidl_typesupport_introspection_c.dir/rosidl_typesupport_introspection_c/turtle_interfaces/msg/detail/turtle_msg__type_support.c.o[0m
[14.458s] [ 42%] [32m[1mLinking C shared library libturtle_interfaces__rosidl_typesupport_introspection_c.so[0m
[14.535s] [ 44%] [32mBuilding CXX object CMakeFiles/turtle_interfaces__rosidl_typesupport_cpp.dir/rosidl_typesupport_cpp/turtle_interfaces/msg/turtle_msg__type_support.cpp.o[0m
[14.628s] [ 44%] Built target turtle_interfaces__rosidl_typesupport_introspection_c
[14.693s] [ 46%] [34m[1mGenerating C type support dispatch for ROS interfaces[0m
[15.283s] [ 48%] [32mBuilding CXX object CMakeFiles/turtle_interfaces__rosidl_typesupport_introspection_cpp.dir/rosidl_typesupport_introspection_cpp/turtle_interfaces/msg/detail/turtle_msg__type_support.cpp.o[0m
[15.392s] [ 51%] [32m[1mLinking CXX shared library libturtle_interfaces__rosidl_typesupport_cpp.so[0m
[15.410s] [ 53%] [32mBuilding CXX object CMakeFiles/turtle_interfaces__rosidl_typesupport_fastrtps_cpp.dir/rosidl_typesupport_fastrtps_cpp/turtle_interfaces/msg/detail/dds_fastrtps/turtle_msg__type_support.cpp.o[0m
[15.627s] [ 53%] Built target turtle_interfaces__rosidl_typesupport_cpp
[15.707s] [ 55%] [34m[1mGenerating C type support for eProsima Fast-RTPS[0m
[15.874s] [ 57%] [32mBuilding CXX object CMakeFiles/turtle_interfaces__rosidl_typesupport_c.dir/rosidl_typesupport_c/turtle_interfaces/srv/set_pose__type_support.cpp.o[0m
[16.055s] [ 59%] [32mBuilding CXX object CMakeFiles/turtle_interfaces__rosidl_typesupport_c.dir/rosidl_typesupport_c/turtle_interfaces/srv/set_color__type_support.cpp.o[0m
[16.214s] [ 61%] [32m[1mLinking CXX shared library libturtle_interfaces__rosidl_typesupport_introspection_cpp.so[0m
[16.221s] [ 63%] [32mBuilding CXX object CMakeFiles/turtle_interfaces__rosidl_typesupport_c.dir/rosidl_typesupport_c/turtle_interfaces/msg/turtle_msg__type_support.cpp.o[0m
[16.385s] [ 65%] [32m[1mLinking CXX shared library libturtle_interfaces__rosidl_typesupport_c.so[0m
[16.443s] [ 68%] [32m[1mLinking CXX shared library libturtle_interfaces__rosidl_typesupport_fastrtps_cpp.so[0m
[16.513s] [ 68%] Built target turtle_interfaces__rosidl_typesupport_introspection_cpp
[16.641s] [ 68%] Built target turtle_interfaces__rosidl_typesupport_c
[16.742s] [ 68%] Built target turtle_interfaces__rosidl_typesupport_fastrtps_cpp
[16.824s] [ 70%] [32mBuilding CXX object CMakeFiles/turtle_interfaces__rosidl_typesupport_fastrtps_c.dir/rosidl_typesupport_fastrtps_c/turtle_interfaces/srv/detail/set_pose__type_support_c.cpp.o[0m
[16.826s] [ 72%] [32mBuilding CXX object CMakeFiles/turtle_interfaces__rosidl_typesupport_fastrtps_c.dir/rosidl_typesupport_fastrtps_c/turtle_interfaces/msg/detail/turtle_msg__type_support_c.cpp.o[0m
[16.828s] [ 74%] [32mBuilding CXX object CMakeFiles/turtle_interfaces__rosidl_typesupport_fastrtps_c.dir/rosidl_typesupport_fastrtps_c/turtle_interfaces/srv/detail/set_color__type_support_c.cpp.o[0m
[17.766s] [ 76%] [32m[1mLinking CXX shared library libturtle_interfaces__rosidl_typesupport_fastrtps_c.so[0m
[18.012s] [ 76%] Built target turtle_interfaces__rosidl_typesupport_fastrtps_c
[18.141s] [ 76%] Built target turtle_interfaces
[18.267s] [ 78%] [34m[1mGenerating Python code for ROS interfaces[0m
[19.722s] [ 78%] Built target turtle_interfaces__py
[19.848s] [ 82%] [32mBuilding C object CMakeFiles/turtle_interfaces__rosidl_generator_py.dir/rosidl_generator_py/turtle_interfaces/srv/_set_color_s.c.o[0m
[19.848s] [ 82%] [32mBuilding C object CMakeFiles/turtle_interfaces__rosidl_generator_py.dir/rosidl_generator_py/turtle_interfaces/msg/_turtle_msg_s.c.o[0m
[19.849s] [ 85%] [32mBuilding C object CMakeFiles/turtle_interfaces__rosidl_generator_py.dir/rosidl_generator_py/turtle_interfaces/srv/_set_pose_s.c.o[0m
[20.342s] [ 87%] [32m[1mLinking C shared library rosidl_generator_py/turtle_interfaces/libturtle_interfaces__rosidl_generator_py.so[0m
[20.518s] [ 87%] Built target turtle_interfaces__rosidl_generator_py
[20.651s] [ 93%] [32mBuilding C object CMakeFiles/turtle_interfaces__rosidl_typesupport_c__pyext.dir/rosidl_generator_py/turtle_interfaces/_turtle_interfaces_s.ep.rosidl_typesupport_c.c.o[0m
[20.651s] [ 93%] [32mBuilding C object CMakeFiles/turtle_interfaces__rosidl_typesupport_fastrtps_c__pyext.dir/rosidl_generator_py/turtle_interfaces/_turtle_interfaces_s.ep.rosidl_typesupport_fastrtps_c.c.o[0m
[20.651s] [ 93%] [32mBuilding C object CMakeFiles/turtle_interfaces__rosidl_typesupport_introspection_c__pyext.dir/rosidl_generator_py/turtle_interfaces/_turtle_interfaces_s.ep.rosidl_typesupport_introspection_c.c.o[0m
[21.017s] [ 95%] [32m[1mLinking C shared library rosidl_generator_py/turtle_interfaces/turtle_interfaces_s__rosidl_typesupport_introspection_c.cpython-310-x86_64-linux-gnu.so[0m
[21.017s] [ 97%] [32m[1mLinking C shared library rosidl_generator_py/turtle_interfaces/turtle_interfaces_s__rosidl_typesupport_c.cpython-310-x86_64-linux-gnu.so[0m
[21.017s] [100%] [32m[1mLinking C shared library rosidl_generator_py/turtle_interfaces/turtle_interfaces_s__rosidl_typesupport_fastrtps_c.cpython-310-x86_64-linux-gnu.so[0m
[21.208s] [100%] Built target turtle_interfaces__rosidl_typesupport_introspection_c__pyext
[21.208s] [100%] Built target turtle_interfaces__rosidl_typesupport_c__pyext
[21.212s] [100%] Built target turtle_interfaces__rosidl_typesupport_fastrtps_c__pyext
[21.269s] Invoked command in '/home/yahboom/roscourse_ws/src/build/turtle_interfaces' returned '0': CMAKE_PREFIX_PATH=${CMAKE_PREFIX_PATH}:/home/yahboom/cartoros2/install/yahboomcar_nav:/home/yahboom/cartoros2/install/yahboomcar_ctrl:/home/yahboom/cartoros2/install/yahboom_visual:/home/yahboom/cartoros2/install/yahboom_dog_joint_state:/home/yahboom/cartoros2/install/yahboom_description:/home/yahboom/cartoros2/install/yahboom_color_identify_server:/home/yahboom/cartoros2/install/yahboom_bringup:/home/yahboom/cartoros2/install/yahboom_base:/home/yahboom/cartoros2/install/yahboom_app_save_map:/home/yahboom/cartoros2/install/update_map:/home/yahboom/cartoros2/install/rosboard:/home/yahboom/cartoros2/install/path_planner_server:/home/yahboom/cartoros2/install/nav2_simple_commander:/home/yahboom/cartoros2/install/nav2_gazebo_spawner:/home/yahboom/cartoros2/install/localization_server:/home/yahboom/cartoros2/install/laserscan_to_point_pulisher:/home/yahboom/yahboomcar_ws/install/yahboom_dog_example:/opt/ros/humble /usr/bin/cmake --build /home/yahboom/roscourse_ws/src/build/turtle_interfaces -- -j4 -l4
[22.312s] Invoking command in '/home/yahboom/roscourse_ws/src/build/turtle_interfaces': CMAKE_PREFIX_PATH=${CMAKE_PREFIX_PATH}:/home/yahboom/cartoros2/install/yahboomcar_nav:/home/yahboom/cartoros2/install/yahboomcar_ctrl:/home/yahboom/cartoros2/install/yahboom_visual:/home/yahboom/cartoros2/install/yahboom_dog_joint_state:/home/yahboom/cartoros2/install/yahboom_description:/home/yahboom/cartoros2/install/yahboom_color_identify_server:/home/yahboom/cartoros2/install/yahboom_bringup:/home/yahboom/cartoros2/install/yahboom_base:/home/yahboom/cartoros2/install/yahboom_app_save_map:/home/yahboom/cartoros2/install/update_map:/home/yahboom/cartoros2/install/rosboard:/home/yahboom/cartoros2/install/path_planner_server:/home/yahboom/cartoros2/install/nav2_simple_commander:/home/yahboom/cartoros2/install/nav2_gazebo_spawner:/home/yahboom/cartoros2/install/localization_server:/home/yahboom/cartoros2/install/laserscan_to_point_pulisher:/home/yahboom/yahboomcar_ws/install/yahboom_dog_example:/opt/ros/humble /usr/bin/cmake --install /home/yahboom/roscourse_ws/src/build/turtle_interfaces
[22.359s] -- Install configuration: ""
[22.359s] -- Installing: /home/yahboom/roscourse_ws/src/install/turtle_interfaces/share/ament_index/resource_index/rosidl_interfaces/turtle_interfaces
[22.360s] -- Installing: /home/yahboom/roscourse_ws/src/install/turtle_interfaces/include/turtle_interfaces/turtle_interfaces
[22.360s] -- Installing: /home/yahboom/roscourse_ws/src/install/turtle_interfaces/include/turtle_interfaces/turtle_interfaces/srv
[22.361s] -- Installing: /home/yahboom/roscourse_ws/src/install/turtle_interfaces/include/turtle_interfaces/turtle_interfaces/srv/detail
[22.361s] -- Installing: /home/yahboom/roscourse_ws/src/install/turtle_interfaces/include/turtle_interfaces/turtle_interfaces/srv/detail/set_color__type_support.h
[22.361s] -- Installing: /home/yahboom/roscourse_ws/src/install/turtle_interfaces/include/turtle_interfaces/turtle_interfaces/srv/detail/set_color__functions.h
[22.362s] -- Installing: /home/yahboom/roscourse_ws/src/install/turtle_interfaces/include/turtle_interfaces/turtle_interfaces/srv/detail/set_pose__functions.h
[22.363s] -- Installing: /home/yahboom/roscourse_ws/src/install/turtle_interfaces/include/turtle_interfaces/turtle_interfaces/srv/detail/set_color__functions.c
[22.363s] -- Installing: /home/yahboom/roscourse_ws/src/install/turtle_interfaces/include/turtle_interfaces/turtle_interfaces/srv/detail/set_pose__struct.h
[22.364s] -- Installing: /home/yahboom/roscourse_ws/src/install/turtle_interfaces/include/turtle_interfaces/turtle_interfaces/srv/detail/set_pose__type_support.h
[22.365s] -- Installing: /home/yahboom/roscourse_ws/src/install/turtle_interfaces/include/turtle_interfaces/turtle_interfaces/srv/detail/set_color__struct.h
[22.365s] -- Installing: /home/yahboom/roscourse_ws/src/install/turtle_interfaces/include/turtle_interfaces/turtle_interfaces/srv/detail/set_pose__functions.c
[22.366s] -- Installing: /home/yahboom/roscourse_ws/src/install/turtle_interfaces/include/turtle_interfaces/turtle_interfaces/srv/set_pose.h
[22.366s] -- Installing: /home/yahboom/roscourse_ws/src/install/turtle_interfaces/include/turtle_interfaces/turtle_interfaces/srv/set_color.h
[22.367s] -- Installing: /home/yahboom/roscourse_ws/src/install/turtle_interfaces/include/turtle_interfaces/turtle_interfaces/msg
[22.367s] -- Installing: /home/yahboom/roscourse_ws/src/install/turtle_interfaces/include/turtle_interfaces/turtle_interfaces/msg/detail
[22.368s] -- Installing: /home/yahboom/roscourse_ws/src/install/turtle_interfaces/include/turtle_interfaces/turtle_interfaces/msg/detail/turtle_msg__functions.c
[22.368s] -- Installing: /home/yahboom/roscourse_ws/src/install/turtle_interfaces/include/turtle_interfaces/turtle_interfaces/msg/detail/turtle_msg__type_support.h
[22.368s] -- Installing: /home/yahboom/roscourse_ws/src/install/turtle_interfaces/include/turtle_interfaces/turtle_interfaces/msg/detail/turtle_msg__functions.h
[22.368s] -- Installing: /home/yahboom/roscourse_ws/src/install/turtle_interfaces/include/turtle_interfaces/turtle_interfaces/msg/detail/turtle_msg__struct.h
[22.369s] -- Installing: /home/yahboom/roscourse_ws/src/install/turtle_interfaces/include/turtle_interfaces/turtle_interfaces/msg/turtle_msg.h
[22.370s] -- Installing: /home/yahboom/roscourse_ws/src/install/turtle_interfaces/include/turtle_interfaces/turtle_interfaces/msg/rosidl_generator_c__visibility_control.h
[22.370s] -- Installing: /home/yahboom/roscourse_ws/src/install/turtle_interfaces/share/turtle_interfaces/environment/library_path.sh
[22.371s] -- Installing: /home/yahboom/roscourse_ws/src/install/turtle_interfaces/share/turtle_interfaces/environment/library_path.dsv
[22.371s] -- Installing: /home/yahboom/roscourse_ws/src/install/turtle_interfaces/lib/libturtle_interfaces__rosidl_generator_c.so
[22.373s] -- Set runtime path of "/home/yahboom/roscourse_ws/src/install/turtle_interfaces/lib/libturtle_interfaces__rosidl_generator_c.so" to ""
[22.373s] -- Up-to-date: /home/yahboom/roscourse_ws/src/install/turtle_interfaces/include/turtle_interfaces/turtle_interfaces
[22.373s] -- Up-to-date: /home/yahboom/roscourse_ws/src/install/turtle_interfaces/include/turtle_interfaces/turtle_interfaces/srv
[22.374s] -- Up-to-date: /home/yahboom/roscourse_ws/src/install/turtle_interfaces/include/turtle_interfaces/turtle_interfaces/srv/detail
[22.374s] -- Installing: /home/yahboom/roscourse_ws/src/install/turtle_interfaces/include/turtle_interfaces/turtle_interfaces/srv/detail/set_color__rosidl_typesupport_fastrtps_c.h
[22.375s] -- Installing: /home/yahboom/roscourse_ws/src/install/turtle_interfaces/include/turtle_interfaces/turtle_interfaces/srv/detail/set_pose__rosidl_typesupport_fastrtps_c.h
[22.375s] -- Up-to-date: /home/yahboom/roscourse_ws/src/install/turtle_interfaces/include/turtle_interfaces/turtle_interfaces/msg
[22.376s] -- Up-to-date: /home/yahboom/roscourse_ws/src/install/turtle_interfaces/include/turtle_interfaces/turtle_interfaces/msg/detail
[22.376s] -- Installing: /home/yahboom/roscourse_ws/src/install/turtle_interfaces/include/turtle_interfaces/turtle_interfaces/msg/detail/turtle_msg__rosidl_typesupport_fastrtps_c.h
[22.376s] -- Installing: /home/yahboom/roscourse_ws/src/install/turtle_interfaces/include/turtle_interfaces/turtle_interfaces/msg/rosidl_typesupport_fastrtps_c__visibility_control.h
[22.376s] -- Installing: /home/yahboom/roscourse_ws/src/install/turtle_interfaces/lib/libturtle_interfaces__rosidl_typesupport_fastrtps_c.so
[22.378s] -- Set runtime path of "/home/yahboom/roscourse_ws/src/install/turtle_interfaces/lib/libturtle_interfaces__rosidl_typesupport_fastrtps_c.so" to ""
[22.378s] -- Up-to-date: /home/yahboom/roscourse_ws/src/install/turtle_interfaces/include/turtle_interfaces/turtle_interfaces
[22.378s] -- Up-to-date: /home/yahboom/roscourse_ws/src/install/turtle_interfaces/include/turtle_interfaces/turtle_interfaces/srv
[22.378s] -- Installing: /home/yahboom/roscourse_ws/src/install/turtle_interfaces/include/turtle_interfaces/turtle_interfaces/srv/set_pose.hpp
[22.379s] -- Up-to-date: /home/yahboom/roscourse_ws/src/install/turtle_interfaces/include/turtle_interfaces/turtle_interfaces/srv/detail
[22.379s] -- Installing: /home/yahboom/roscourse_ws/src/install/turtle_interfaces/include/turtle_interfaces/turtle_interfaces/srv/detail/set_color__struct.hpp
[22.380s] -- Installing: /home/yahboom/roscourse_ws/src/install/turtle_interfaces/include/turtle_interfaces/turtle_interfaces/srv/detail/set_color__builder.hpp
[22.380s] -- Installing: /home/yahboom/roscourse_ws/src/install/turtle_interfaces/include/turtle_interfaces/turtle_interfaces/srv/detail/set_pose__traits.hpp
[22.380s] -- Installing: /home/yahboom/roscourse_ws/src/install/turtle_interfaces/include/turtle_interfaces/turtle_interfaces/srv/detail/set_color__traits.hpp
[22.380s] -- Installing: /home/yahboom/roscourse_ws/src/install/turtle_interfaces/include/turtle_interfaces/turtle_interfaces/srv/detail/set_pose__builder.hpp
[22.380s] -- Installing: /home/yahboom/roscourse_ws/src/install/turtle_interfaces/include/turtle_interfaces/turtle_interfaces/srv/detail/set_pose__struct.hpp
[22.381s] -- Installing: /home/yahboom/roscourse_ws/src/install/turtle_interfaces/include/turtle_interfaces/turtle_interfaces/srv/set_color.hpp
[22.382s] -- Up-to-date: /home/yahboom/roscourse_ws/src/install/turtle_interfaces/include/turtle_interfaces/turtle_interfaces/msg
[22.382s] -- Up-to-date: /home/yahboom/roscourse_ws/src/install/turtle_interfaces/include/turtle_interfaces/turtle_interfaces/msg/detail
[22.382s] -- Installing: /home/yahboom/roscourse_ws/src/install/turtle_interfaces/include/turtle_interfaces/turtle_interfaces/msg/detail/turtle_msg__traits.hpp
[22.383s] -- Installing: /home/yahboom/roscourse_ws/src/install/turtle_interfaces/include/turtle_interfaces/turtle_interfaces/msg/detail/turtle_msg__struct.hpp
[22.383s] -- Installing: /home/yahboom/roscourse_ws/src/install/turtle_interfaces/include/turtle_interfaces/turtle_interfaces/msg/detail/turtle_msg__builder.hpp
[22.384s] -- Installing: /home/yahboom/roscourse_ws/src/install/turtle_interfaces/include/turtle_interfaces/turtle_interfaces/msg/turtle_msg.hpp
[22.384s] -- Up-to-date: /home/yahboom/roscourse_ws/src/install/turtle_interfaces/include/turtle_interfaces/turtle_interfaces
[22.385s] -- Up-to-date: /home/yahboom/roscourse_ws/src/install/turtle_interfaces/include/turtle_interfaces/turtle_interfaces/srv
[22.385s] -- Up-to-date: /home/yahboom/roscourse_ws/src/install/turtle_interfaces/include/turtle_interfaces/turtle_interfaces/srv/detail
[22.386s] -- Installing: /home/yahboom/roscourse_ws/src/install/turtle_interfaces/include/turtle_interfaces/turtle_interfaces/srv/detail/set_color__rosidl_typesupport_fastrtps_cpp.hpp
[22.386s] -- Installing: /home/yahboom/roscourse_ws/src/install/turtle_interfaces/include/turtle_interfaces/turtle_interfaces/srv/detail/set_pose__rosidl_typesupport_fastrtps_cpp.hpp
[22.386s] -- Installing: /home/yahboom/roscourse_ws/src/install/turtle_interfaces/include/turtle_interfaces/turtle_interfaces/srv/detail/dds_fastrtps
[22.386s] -- Up-to-date: /home/yahboom/roscourse_ws/src/install/turtle_interfaces/include/turtle_interfaces/turtle_interfaces/msg
[22.387s] -- Up-to-date: /home/yahboom/roscourse_ws/src/install/turtle_interfaces/include/turtle_interfaces/turtle_interfaces/msg/detail
[22.387s] -- Installing: /home/yahboom/roscourse_ws/src/install/turtle_interfaces/include/turtle_interfaces/turtle_interfaces/msg/detail/turtle_msg__rosidl_typesupport_fastrtps_cpp.hpp
[22.387s] -- Installing: /home/yahboom/roscourse_ws/src/install/turtle_interfaces/include/turtle_interfaces/turtle_interfaces/msg/detail/dds_fastrtps
[22.387s] -- Installing: /home/yahboom/roscourse_ws/src/install/turtle_interfaces/include/turtle_interfaces/turtle_interfaces/msg/rosidl_typesupport_fastrtps_cpp__visibility_control.h
[22.387s] -- Installing: /home/yahboom/roscourse_ws/src/install/turtle_interfaces/lib/libturtle_interfaces__rosidl_typesupport_fastrtps_cpp.so
[22.388s] -- Set runtime path of "/home/yahboom/roscourse_ws/src/install/turtle_interfaces/lib/libturtle_interfaces__rosidl_typesupport_fastrtps_cpp.so" to ""
[22.388s] -- Up-to-date: /home/yahboom/roscourse_ws/src/install/turtle_interfaces/include/turtle_interfaces/turtle_interfaces
[22.389s] -- Up-to-date: /home/yahboom/roscourse_ws/src/install/turtle_interfaces/include/turtle_interfaces/turtle_interfaces/srv
[22.389s] -- Up-to-date: /home/yahboom/roscourse_ws/src/install/turtle_interfaces/include/turtle_interfaces/turtle_interfaces/srv/detail
[22.389s] -- Installing: /home/yahboom/roscourse_ws/src/install/turtle_interfaces/include/turtle_interfaces/turtle_interfaces/srv/detail/set_color__type_support.c
[22.390s] -- Installing: /home/yahboom/roscourse_ws/src/install/turtle_interfaces/include/turtle_interfaces/turtle_interfaces/srv/detail/set_pose__rosidl_typesupport_introspection_c.h
[22.390s] -- Installing: /home/yahboom/roscourse_ws/src/install/turtle_interfaces/include/turtle_interfaces/turtle_interfaces/srv/detail/set_pose__type_support.c
[22.391s] -- Installing: /home/yahboom/roscourse_ws/src/install/turtle_interfaces/include/turtle_interfaces/turtle_interfaces/srv/detail/set_color__rosidl_typesupport_introspection_c.h
[22.391s] -- Up-to-date: /home/yahboom/roscourse_ws/src/install/turtle_interfaces/include/turtle_interfaces/turtle_interfaces/msg
[22.391s] -- Up-to-date: /home/yahboom/roscourse_ws/src/install/turtle_interfaces/include/turtle_interfaces/turtle_interfaces/msg/detail
[22.392s] -- Installing: /home/yahboom/roscourse_ws/src/install/turtle_interfaces/include/turtle_interfaces/turtle_interfaces/msg/detail/turtle_msg__rosidl_typesupport_introspection_c.h
[22.392s] -- Installing: /home/yahboom/roscourse_ws/src/install/turtle_interfaces/include/turtle_interfaces/turtle_interfaces/msg/detail/turtle_msg__type_support.c
[22.392s] -- Installing: /home/yahboom/roscourse_ws/src/install/turtle_interfaces/include/turtle_interfaces/turtle_interfaces/msg/rosidl_typesupport_introspection_c__visibility_control.h
[22.393s] -- Installing: /home/yahboom/roscourse_ws/src/install/turtle_interfaces/lib/libturtle_interfaces__rosidl_typesupport_introspection_c.so
[22.394s] -- Set runtime path of "/home/yahboom/roscourse_ws/src/install/turtle_interfaces/lib/libturtle_interfaces__rosidl_typesupport_introspection_c.so" to ""
[22.394s] -- Installing: /home/yahboom/roscourse_ws/src/install/turtle_interfaces/lib/libturtle_interfaces__rosidl_typesupport_c.so
[22.395s] -- Set runtime path of "/home/yahboom/roscourse_ws/src/install/turtle_interfaces/lib/libturtle_interfaces__rosidl_typesupport_c.so" to ""
[22.396s] -- Up-to-date: /home/yahboom/roscourse_ws/src/install/turtle_interfaces/include/turtle_interfaces/turtle_interfaces
[22.396s] -- Up-to-date: /home/yahboom/roscourse_ws/src/install/turtle_interfaces/include/turtle_interfaces/turtle_interfaces/srv
[22.396s] -- Up-to-date: /home/yahboom/roscourse_ws/src/install/turtle_interfaces/include/turtle_interfaces/turtle_interfaces/srv/detail
[22.397s] -- Installing: /home/yahboom/roscourse_ws/src/install/turtle_interfaces/include/turtle_interfaces/turtle_interfaces/srv/detail/set_color__type_support.cpp
[22.397s] -- Installing: /home/yahboom/roscourse_ws/src/install/turtle_interfaces/include/turtle_interfaces/turtle_interfaces/srv/detail/set_pose__rosidl_typesupport_introspection_cpp.hpp
[22.397s] -- Installing: /home/yahboom/roscourse_ws/src/install/turtle_interfaces/include/turtle_interfaces/turtle_interfaces/srv/detail/set_pose__type_support.cpp
[22.398s] -- Installing: /home/yahboom/roscourse_ws/src/install/turtle_interfaces/include/turtle_interfaces/turtle_interfaces/srv/detail/set_color__rosidl_typesupport_introspection_cpp.hpp
[22.398s] -- Up-to-date: /home/yahboom/roscourse_ws/src/install/turtle_interfaces/include/turtle_interfaces/turtle_interfaces/msg
[22.398s] -- Up-to-date: /home/yahboom/roscourse_ws/src/install/turtle_interfaces/include/turtle_interfaces/turtle_interfaces/msg/detail
[22.398s] -- Installing: /home/yahboom/roscourse_ws/src/install/turtle_interfaces/include/turtle_interfaces/turtle_interfaces/msg/detail/turtle_msg__type_support.cpp
[22.398s] -- Installing: /home/yahboom/roscourse_ws/src/install/turtle_interfaces/include/turtle_interfaces/turtle_interfaces/msg/detail/turtle_msg__rosidl_typesupport_introspection_cpp.hpp
[22.398s] -- Installing: /home/yahboom/roscourse_ws/src/install/turtle_interfaces/lib/libturtle_interfaces__rosidl_typesupport_introspection_cpp.so
[22.400s] -- Set runtime path of "/home/yahboom/roscourse_ws/src/install/turtle_interfaces/lib/libturtle_interfaces__rosidl_typesupport_introspection_cpp.so" to ""
[22.400s] -- Installing: /home/yahboom/roscourse_ws/src/install/turtle_interfaces/lib/libturtle_interfaces__rosidl_typesupport_cpp.so
[22.401s] -- Set runtime path of "/home/yahboom/roscourse_ws/src/install/turtle_interfaces/lib/libturtle_interfaces__rosidl_typesupport_cpp.so" to ""
[22.401s] -- Installing: /home/yahboom/roscourse_ws/src/install/turtle_interfaces/share/turtle_interfaces/environment/pythonpath.sh
[22.402s] -- Installing: /home/yahboom/roscourse_ws/src/install/turtle_interfaces/share/turtle_interfaces/environment/pythonpath.dsv
[22.403s] -- Installing: /home/yahboom/roscourse_ws/src/install/turtle_interfaces/local/lib/python3.10/dist-packages/turtle_interfaces-0.0.0-py3.10.egg-info
[22.403s] -- Installing: /home/yahboom/roscourse_ws/src/install/turtle_interfaces/local/lib/python3.10/dist-packages/turtle_interfaces-0.0.0-py3.10.egg-info/top_level.txt
[22.404s] -- Installing: /home/yahboom/roscourse_ws/src/install/turtle_interfaces/local/lib/python3.10/dist-packages/turtle_interfaces-0.0.0-py3.10.egg-info/PKG-INFO
[22.404s] -- Installing: /home/yahboom/roscourse_ws/src/install/turtle_interfaces/local/lib/python3.10/dist-packages/turtle_interfaces-0.0.0-py3.10.egg-info/dependency_links.txt
[22.405s] -- Installing: /home/yahboom/roscourse_ws/src/install/turtle_interfaces/local/lib/python3.10/dist-packages/turtle_interfaces-0.0.0-py3.10.egg-info/SOURCES.txt
[22.406s] -- Installing: /home/yahboom/roscourse_ws/src/install/turtle_interfaces/local/lib/python3.10/dist-packages/turtle_interfaces
[22.406s] -- Installing: /home/yahboom/roscourse_ws/src/install/turtle_interfaces/local/lib/python3.10/dist-packages/turtle_interfaces/libturtle_interfaces__rosidl_generator_py.so
[22.407s] -- Installing: /home/yahboom/roscourse_ws/src/install/turtle_interfaces/local/lib/python3.10/dist-packages/turtle_interfaces/_turtle_interfaces_s.ep.rosidl_typesupport_c.c
[22.407s] -- Installing: /home/yahboom/roscourse_ws/src/install/turtle_interfaces/local/lib/python3.10/dist-packages/turtle_interfaces/srv
[22.407s] -- Installing: /home/yahboom/roscourse_ws/src/install/turtle_interfaces/local/lib/python3.10/dist-packages/turtle_interfaces/srv/_set_color.py
[22.408s] -- Installing: /home/yahboom/roscourse_ws/src/install/turtle_interfaces/local/lib/python3.10/dist-packages/turtle_interfaces/srv/_set_pose_s.c
[22.408s] -- Installing: /home/yahboom/roscourse_ws/src/install/turtle_interfaces/local/lib/python3.10/dist-packages/turtle_interfaces/srv/__init__.py
[22.409s] -- Installing: /home/yahboom/roscourse_ws/src/install/turtle_interfaces/local/lib/python3.10/dist-packages/turtle_interfaces/srv/_set_color_s.c
[22.409s] -- Installing: /home/yahboom/roscourse_ws/src/install/turtle_interfaces/local/lib/python3.10/dist-packages/turtle_interfaces/srv/_set_pose.py
[22.410s] -- Installing: /home/yahboom/roscourse_ws/src/install/turtle_interfaces/local/lib/python3.10/dist-packages/turtle_interfaces/turtle_interfaces_s__rosidl_typesupport_introspection_c.cpython-310-x86_64-linux-gnu.so
[22.410s] -- Installing: /home/yahboom/roscourse_ws/src/install/turtle_interfaces/local/lib/python3.10/dist-packages/turtle_interfaces/__init__.py
[22.410s] -- Installing: /home/yahboom/roscourse_ws/src/install/turtle_interfaces/local/lib/python3.10/dist-packages/turtle_interfaces/turtle_interfaces_s__rosidl_typesupport_fastrtps_c.cpython-310-x86_64-linux-gnu.so
[22.411s] -- Installing: /home/yahboom/roscourse_ws/src/install/turtle_interfaces/local/lib/python3.10/dist-packages/turtle_interfaces/_turtle_interfaces_s.ep.rosidl_typesupport_introspection_c.c
[22.412s] -- Installing: /home/yahboom/roscourse_ws/src/install/turtle_interfaces/local/lib/python3.10/dist-packages/turtle_interfaces/msg
[22.412s] -- Installing: /home/yahboom/roscourse_ws/src/install/turtle_interfaces/local/lib/python3.10/dist-packages/turtle_interfaces/msg/_turtle_msg.py
[22.412s] -- Installing: /home/yahboom/roscourse_ws/src/install/turtle_interfaces/local/lib/python3.10/dist-packages/turtle_interfaces/msg/__init__.py
[22.413s] -- Installing: /home/yahboom/roscourse_ws/src/install/turtle_interfaces/local/lib/python3.10/dist-packages/turtle_interfaces/msg/_turtle_msg_s.c
[22.413s] -- Installing: /home/yahboom/roscourse_ws/src/install/turtle_interfaces/local/lib/python3.10/dist-packages/turtle_interfaces/turtle_interfaces_s__rosidl_typesupport_c.cpython-310-x86_64-linux-gnu.so
[22.414s] -- Installing: /home/yahboom/roscourse_ws/src/install/turtle_interfaces/local/lib/python3.10/dist-packages/turtle_interfaces/_turtle_interfaces_s.ep.rosidl_typesupport_fastrtps_c.c
[22.549s] Listing '/home/yahboom/roscourse_ws/src/install/turtle_interfaces/local/lib/python3.10/dist-packages/turtle_interfaces'...
[22.549s] Compiling '/home/yahboom/roscourse_ws/src/install/turtle_interfaces/local/lib/python3.10/dist-packages/turtle_interfaces/__init__.py'...
[22.550s] Listing '/home/yahboom/roscourse_ws/src/install/turtle_interfaces/local/lib/python3.10/dist-packages/turtle_interfaces/msg'...
[22.550s] Compiling '/home/yahboom/roscourse_ws/src/install/turtle_interfaces/local/lib/python3.10/dist-packages/turtle_interfaces/msg/__init__.py'...
[22.550s] Compiling '/home/yahboom/roscourse_ws/src/install/turtle_interfaces/local/lib/python3.10/dist-packages/turtle_interfaces/msg/_turtle_msg.py'...
[22.550s] Listing '/home/yahboom/roscourse_ws/src/install/turtle_interfaces/local/lib/python3.10/dist-packages/turtle_interfaces/srv'...
[22.551s] Compiling '/home/yahboom/roscourse_ws/src/install/turtle_interfaces/local/lib/python3.10/dist-packages/turtle_interfaces/srv/__init__.py'...
[22.551s] Compiling '/home/yahboom/roscourse_ws/src/install/turtle_interfaces/local/lib/python3.10/dist-packages/turtle_interfaces/srv/_set_color.py'...
[22.551s] Compiling '/home/yahboom/roscourse_ws/src/install/turtle_interfaces/local/lib/python3.10/dist-packages/turtle_interfaces/srv/_set_pose.py'...
[22.559s] -- Installing: /home/yahboom/roscourse_ws/src/install/turtle_interfaces/local/lib/python3.10/dist-packages/turtle_interfaces/turtle_interfaces_s__rosidl_typesupport_fastrtps_c.cpython-310-x86_64-linux-gnu.so
[22.561s] -- Set runtime path of "/home/yahboom/roscourse_ws/src/install/turtle_interfaces/local/lib/python3.10/dist-packages/turtle_interfaces/turtle_interfaces_s__rosidl_typesupport_fastrtps_c.cpython-310-x86_64-linux-gnu.so" to ""
[22.563s] -- Installing: /home/yahboom/roscourse_ws/src/install/turtle_interfaces/local/lib/python3.10/dist-packages/turtle_interfaces/turtle_interfaces_s__rosidl_typesupport_introspection_c.cpython-310-x86_64-linux-gnu.so
[22.564s] -- Set runtime path of "/home/yahboom/roscourse_ws/src/install/turtle_interfaces/local/lib/python3.10/dist-packages/turtle_interfaces/turtle_interfaces_s__rosidl_typesupport_introspection_c.cpython-310-x86_64-linux-gnu.so" to ""
[22.564s] -- Installing: /home/yahboom/roscourse_ws/src/install/turtle_interfaces/local/lib/python3.10/dist-packages/turtle_interfaces/turtle_interfaces_s__rosidl_typesupport_c.cpython-310-x86_64-linux-gnu.so
[22.565s] -- Set runtime path of "/home/yahboom/roscourse_ws/src/install/turtle_interfaces/local/lib/python3.10/dist-packages/turtle_interfaces/turtle_interfaces_s__rosidl_typesupport_c.cpython-310-x86_64-linux-gnu.so" to ""
[22.566s] -- Installing: /home/yahboom/roscourse_ws/src/install/turtle_interfaces/lib/libturtle_interfaces__rosidl_generator_py.so
[22.567s] -- Set runtime path of "/home/yahboom/roscourse_ws/src/install/turtle_interfaces/lib/libturtle_interfaces__rosidl_generator_py.so" to ""
[22.568s] -- Installing: /home/yahboom/roscourse_ws/src/install/turtle_interfaces/share/turtle_interfaces/srv/SetPose.idl
[22.568s] -- Installing: /home/yahboom/roscourse_ws/src/install/turtle_interfaces/share/turtle_interfaces/srv/SetColor.idl
[22.569s] -- Installing: /home/yahboom/roscourse_ws/src/install/turtle_interfaces/share/turtle_interfaces/msg/TurtleMsg.idl
[22.569s] -- Installing: /home/yahboom/roscourse_ws/src/install/turtle_interfaces/share/turtle_interfaces/srv/SetPose.srv
[22.570s] -- Installing: /home/yahboom/roscourse_ws/src/install/turtle_interfaces/share/turtle_interfaces/srv/SetPose_Request.msg
[22.570s] -- Installing: /home/yahboom/roscourse_ws/src/install/turtle_interfaces/share/turtle_interfaces/srv/SetPose_Response.msg
[22.571s] -- Installing: /home/yahboom/roscourse_ws/src/install/turtle_interfaces/share/turtle_interfaces/srv/SetColor.srv
[22.572s] -- Installing: /home/yahboom/roscourse_ws/src/install/turtle_interfaces/share/turtle_interfaces/srv/SetColor_Request.msg
[22.573s] -- Installing: /home/yahboom/roscourse_ws/src/install/turtle_interfaces/share/turtle_interfaces/srv/SetColor_Response.msg
[22.573s] -- Installing: /home/yahboom/roscourse_ws/src/install/turtle_interfaces/share/turtle_interfaces/msg/TurtleMsg.msg
[22.574s] -- Installing: /home/yahboom/roscourse_ws/src/install/turtle_interfaces/share/ament_index/resource_index/package_run_dependencies/turtle_interfaces
[22.575s] -- Installing: /home/yahboom/roscourse_ws/src/install/turtle_interfaces/share/ament_index/resource_index/parent_prefix_path/turtle_interfaces
[22.576s] -- Installing: /home/yahboom/roscourse_ws/src/install/turtle_interfaces/share/turtle_interfaces/environment/ament_prefix_path.sh
[22.577s] -- Installing: /home/yahboom/roscourse_ws/src/install/turtle_interfaces/share/turtle_interfaces/environment/ament_prefix_path.dsv
[22.578s] -- Installing: /home/yahboom/roscourse_ws/src/install/turtle_interfaces/share/turtle_interfaces/environment/path.sh
[22.578s] -- Installing: /home/yahboom/roscourse_ws/src/install/turtle_interfaces/share/turtle_interfaces/environment/path.dsv
[22.579s] -- Installing: /home/yahboom/roscourse_ws/src/install/turtle_interfaces/share/turtle_interfaces/local_setup.bash
[22.580s] -- Installing: /home/yahboom/roscourse_ws/src/install/turtle_interfaces/share/turtle_interfaces/local_setup.sh
[22.580s] -- Installing: /home/yahboom/roscourse_ws/src/install/turtle_interfaces/share/turtle_interfaces/local_setup.zsh
[22.581s] -- Installing: /home/yahboom/roscourse_ws/src/install/turtle_interfaces/share/turtle_interfaces/local_setup.dsv
[22.582s] -- Installing: /home/yahboom/roscourse_ws/src/install/turtle_interfaces/share/turtle_interfaces/package.dsv
[22.583s] -- Installing: /home/yahboom/roscourse_ws/src/install/turtle_interfaces/share/ament_index/resource_index/packages/turtle_interfaces
[22.584s] -- Installing: /home/yahboom/roscourse_ws/src/install/turtle_interfaces/share/turtle_interfaces/cmake/export_turtle_interfaces__rosidl_generator_cExport.cmake
[22.584s] -- Installing: /home/yahboom/roscourse_ws/src/install/turtle_interfaces/share/turtle_interfaces/cmake/export_turtle_interfaces__rosidl_generator_cExport-noconfig.cmake
[22.584s] -- Installing: /home/yahboom/roscourse_ws/src/install/turtle_interfaces/share/turtle_interfaces/cmake/export_turtle_interfaces__rosidl_typesupport_fastrtps_cExport.cmake
[22.585s] -- Installing: /home/yahboom/roscourse_ws/src/install/turtle_interfaces/share/turtle_interfaces/cmake/export_turtle_interfaces__rosidl_typesupport_fastrtps_cExport-noconfig.cmake
[22.585s] -- Installing: /home/yahboom/roscourse_ws/src/install/turtle_interfaces/share/turtle_interfaces/cmake/export_turtle_interfaces__rosidl_generator_cppExport.cmake
[22.585s] -- Installing: /home/yahboom/roscourse_ws/src/install/turtle_interfaces/share/turtle_interfaces/cmake/export_turtle_interfaces__rosidl_typesupport_fastrtps_cppExport.cmake
[22.585s] -- Installing: /home/yahboom/roscourse_ws/src/install/turtle_interfaces/share/turtle_interfaces/cmake/export_turtle_interfaces__rosidl_typesupport_fastrtps_cppExport-noconfig.cmake
[22.586s] -- Installing: /home/yahboom/roscourse_ws/src/install/turtle_interfaces/share/turtle_interfaces/cmake/turtle_interfaces__rosidl_typesupport_introspection_cExport.cmake
[22.587s] -- Installing: /home/yahboom/roscourse_ws/src/install/turtle_interfaces/share/turtle_interfaces/cmake/turtle_interfaces__rosidl_typesupport_introspection_cExport-noconfig.cmake
[22.588s] -- Installing: /home/yahboom/roscourse_ws/src/install/turtle_interfaces/share/turtle_interfaces/cmake/turtle_interfaces__rosidl_typesupport_cExport.cmake
[22.588s] -- Installing: /home/yahboom/roscourse_ws/src/install/turtle_interfaces/share/turtle_interfaces/cmake/turtle_interfaces__rosidl_typesupport_cExport-noconfig.cmake
[22.589s] -- Installing: /home/yahboom/roscourse_ws/src/install/turtle_interfaces/share/turtle_interfaces/cmake/turtle_interfaces__rosidl_typesupport_introspection_cppExport.cmake
[22.590s] -- Installing: /home/yahboom/roscourse_ws/src/install/turtle_interfaces/share/turtle_interfaces/cmake/turtle_interfaces__rosidl_typesupport_introspection_cppExport-noconfig.cmake
[22.591s] -- Installing: /home/yahboom/roscourse_ws/src/install/turtle_interfaces/share/turtle_interfaces/cmake/turtle_interfaces__rosidl_typesupport_cppExport.cmake
[22.592s] -- Installing: /home/yahboom/roscourse_ws/src/install/turtle_interfaces/share/turtle_interfaces/cmake/turtle_interfaces__rosidl_typesupport_cppExport-noconfig.cmake
[22.592s] -- Installing: /home/yahboom/roscourse_ws/src/install/turtle_interfaces/share/turtle_interfaces/cmake/export_turtle_interfaces__rosidl_generator_pyExport.cmake
[22.593s] -- Installing: /home/yahboom/roscourse_ws/src/install/turtle_interfaces/share/turtle_interfaces/cmake/export_turtle_interfaces__rosidl_generator_pyExport-noconfig.cmake
[22.594s] -- Installing: /home/yahboom/roscourse_ws/src/install/turtle_interfaces/share/turtle_interfaces/cmake/rosidl_cmake-extras.cmake
[22.595s] -- Installing: /home/yahboom/roscourse_ws/src/install/turtle_interfaces/share/turtle_interfaces/cmake/ament_cmake_export_dependencies-extras.cmake
[22.596s] -- Installing: /home/yahboom/roscourse_ws/src/install/turtle_interfaces/share/turtle_interfaces/cmake/ament_cmake_export_include_directories-extras.cmake
[22.596s] -- Installing: /home/yahboom/roscourse_ws/src/install/turtle_interfaces/share/turtle_interfaces/cmake/ament_cmake_export_libraries-extras.cmake
[22.596s] -- Installing: /home/yahboom/roscourse_ws/src/install/turtle_interfaces/share/turtle_interfaces/cmake/ament_cmake_export_targets-extras.cmake
[22.597s] -- Installing: /home/yahboom/roscourse_ws/src/install/turtle_interfaces/share/turtle_interfaces/cmake/rosidl_cmake_export_typesupport_targets-extras.cmake
[22.597s] -- Installing: /home/yahboom/roscourse_ws/src/install/turtle_interfaces/share/turtle_interfaces/cmake/rosidl_cmake_export_typesupport_libraries-extras.cmake
[22.600s] -- Installing: /home/yahboom/roscourse_ws/src/install/turtle_interfaces/share/turtle_interfaces/cmake/turtle_interfacesConfig.cmake
[22.600s] -- Installing: /home/yahboom/roscourse_ws/src/install/turtle_interfaces/share/turtle_interfaces/cmake/turtle_interfacesConfig-version.cmake
[22.600s] -- Installing: /home/yahboom/roscourse_ws/src/install/turtle_interfaces/share/turtle_interfaces/package.xml
[22.607s] Invoked command in '/home/yahboom/roscourse_ws/src/build/turtle_interfaces' returned '0': CMAKE_PREFIX_PATH=${CMAKE_PREFIX_PATH}:/home/yahboom/cartoros2/install/yahboomcar_nav:/home/yahboom/cartoros2/install/yahboomcar_ctrl:/home/yahboom/cartoros2/install/yahboom_visual:/home/yahboom/cartoros2/install/yahboom_dog_joint_state:/home/yahboom/cartoros2/install/yahboom_description:/home/yahboom/cartoros2/install/yahboom_color_identify_server:/home/yahboom/cartoros2/install/yahboom_bringup:/home/yahboom/cartoros2/install/yahboom_base:/home/yahboom/cartoros2/install/yahboom_app_save_map:/home/yahboom/cartoros2/install/update_map:/home/yahboom/cartoros2/install/rosboard:/home/yahboom/cartoros2/install/path_planner_server:/home/yahboom/cartoros2/install/nav2_simple_commander:/home/yahboom/cartoros2/install/nav2_gazebo_spawner:/home/yahboom/cartoros2/install/localization_server:/home/yahboom/cartoros2/install/laserscan_to_point_pulisher:/home/yahboom/yahboomcar_ws/install/yahboom_dog_example:/opt/ros/humble /usr/bin/cmake --install /home/yahboom/roscourse_ws/src/build/turtle_interfaces
