[0.856s] Invoking command in '/home/yahboom/Desktop/S26_RobotProgramming_Crystal/lab3/Ferrara/lab/roscourse_ws/src/webcam/build/webcam': PYTHONPATH=/home/yahboom/Desktop/S26_RobotProgramming_Crystal/lab3/Ferrara/lab/roscourse_ws/src/webcam/build/webcam/prefix_override:/home/yahboom/Desktop/S26_RobotProgramming_Crystal/lab3/Ferrara/lab/roscourse_ws/src/webcam/install/webcam/lib/python3.10/site-packages:${PYTHONPATH} /usr/bin/python3 -W ignore:setup.py install is deprecated setup.py develop --editable --build-directory /home/yahboom/Desktop/S26_RobotProgramming_Crystal/lab3/Ferrara/lab/roscourse_ws/src/webcam/build/webcam/build --no-deps symlink_data
[1.191s] running develop
[1.194s] /usr/lib/python3/dist-packages/setuptools/command/easy_install.py:158: EasyInstallDeprecationWarning: easy_install command is deprecated. Use build and pip and other standards-based tools.
[1.194s]   warnings.warn(
[1.405s] running egg_info
[1.405s] creating webcam.egg-info
[1.405s] writing webcam.egg-info/PKG-INFO
[1.406s] writing dependency_links to webcam.egg-info/dependency_links.txt
[1.406s] writing entry points to webcam.egg-info/entry_points.txt
[1.406s] writing requirements to webcam.egg-info/requires.txt
[1.406s] writing top-level names to webcam.egg-info/top_level.txt
[1.406s] writing manifest file 'webcam.egg-info/SOURCES.txt'
[1.408s] reading manifest file 'webcam.egg-info/SOURCES.txt'
[1.409s] writing manifest file 'webcam.egg-info/SOURCES.txt'
[1.411s] running build_ext
[1.411s] Creating /home/yahboom/Desktop/S26_RobotProgramming_Crystal/lab3/Ferrara/lab/roscourse_ws/src/webcam/install/webcam/lib/python3.10/site-packages/webcam.egg-link (link to .)
[1.412s] Installing webcam_pub script to /home/yahboom/Desktop/S26_RobotProgramming_Crystal/lab3/Ferrara/lab/roscourse_ws/src/webcam/install/webcam/lib/webcam
[1.412s] Installing webcam_sub script to /home/yahboom/Desktop/S26_RobotProgramming_Crystal/lab3/Ferrara/lab/roscourse_ws/src/webcam/install/webcam/lib/webcam
[1.412s] 
[1.413s] Installed /home/yahboom/Desktop/S26_RobotProgramming_Crystal/lab3/Ferrara/lab/roscourse_ws/src/webcam/build/webcam
[1.413s] running symlink_data
[1.413s] creating /home/yahboom/Desktop/S26_RobotProgramming_Crystal/lab3/Ferrara/lab/roscourse_ws/src/webcam/install/webcam/share/ament_index
[1.413s] creating /home/yahboom/Desktop/S26_RobotProgramming_Crystal/lab3/Ferrara/lab/roscourse_ws/src/webcam/install/webcam/share/ament_index/resource_index
[1.413s] creating /home/yahboom/Desktop/S26_RobotProgramming_Crystal/lab3/Ferrara/lab/roscourse_ws/src/webcam/install/webcam/share/ament_index/resource_index/packages
[1.413s] symbolically linking /home/yahboom/Desktop/S26_RobotProgramming_Crystal/lab3/Ferrara/lab/roscourse_ws/src/webcam/build/webcam/resource/webcam -> /home/yahboom/Desktop/S26_RobotProgramming_Crystal/lab3/Ferrara/lab/roscourse_ws/src/webcam/install/webcam/share/ament_index/resource_index/packages
[1.413s] symbolically linking /home/yahboom/Desktop/S26_RobotProgramming_Crystal/lab3/Ferrara/lab/roscourse_ws/src/webcam/build/webcam/package.xml -> /home/yahboom/Desktop/S26_RobotProgramming_Crystal/lab3/Ferrara/lab/roscourse_ws/src/webcam/install/webcam/share/webcam
[1.444s] Invoked command in '/home/yahboom/Desktop/S26_RobotProgramming_Crystal/lab3/Ferrara/lab/roscourse_ws/src/webcam/build/webcam' returned '0': PYTHONPATH=/home/yahboom/Desktop/S26_RobotProgramming_Crystal/lab3/Ferrara/lab/roscourse_ws/src/webcam/build/webcam/prefix_override:/home/yahboom/Desktop/S26_RobotProgramming_Crystal/lab3/Ferrara/lab/roscourse_ws/src/webcam/install/webcam/lib/python3.10/site-packages:${PYTHONPATH} /usr/bin/python3 -W ignore:setup.py install is deprecated setup.py develop --editable --build-directory /home/yahboom/Desktop/S26_RobotProgramming_Crystal/lab3/Ferrara/lab/roscourse_ws/src/webcam/build/webcam/build --no-deps symlink_data
