[0.623s] Invoking command in '/home/yahboom/Desktop/S26_RobotProgramming_Crystal/lab4/Ebinger/roscourse_ws/src/teleop_twist_keyboard': PYTHONPATH=/home/yahboom/Desktop/S26_RobotProgramming_Crystal/lab4/Ebinger/roscourse_ws/build/teleop_twist_keyboard/prefix_override:/home/yahboom/Desktop/S26_RobotProgramming_Crystal/lab4/Ebinger/roscourse_ws/install/teleop_twist_keyboard/lib/python3.10/site-packages:${PYTHONPATH} /usr/bin/python3 -W ignore:setup.py install is deprecated setup.py egg_info --egg-base ../../build/teleop_twist_keyboard build --build-base /home/yahboom/Desktop/S26_RobotProgramming_Crystal/lab4/Ebinger/roscourse_ws/build/teleop_twist_keyboard/build install --record /home/yahboom/Desktop/S26_RobotProgramming_Crystal/lab4/Ebinger/roscourse_ws/build/teleop_twist_keyboard/install.log --single-version-externally-managed install_data
[0.863s] running egg_info
[0.864s] writing ../../build/teleop_twist_keyboard/teleop_twist_keyboard.egg-info/PKG-INFO
[0.864s] writing dependency_links to ../../build/teleop_twist_keyboard/teleop_twist_keyboard.egg-info/dependency_links.txt
[0.865s] writing entry points to ../../build/teleop_twist_keyboard/teleop_twist_keyboard.egg-info/entry_points.txt
[0.865s] writing requirements to ../../build/teleop_twist_keyboard/teleop_twist_keyboard.egg-info/requires.txt
[0.865s] writing top-level names to ../../build/teleop_twist_keyboard/teleop_twist_keyboard.egg-info/top_level.txt
[0.866s] reading manifest file '../../build/teleop_twist_keyboard/teleop_twist_keyboard.egg-info/SOURCES.txt'
[0.866s] adding license file 'LICENSE'
[0.866s] writing manifest file '../../build/teleop_twist_keyboard/teleop_twist_keyboard.egg-info/SOURCES.txt'
[0.867s] running build
[0.867s] running build_py
[0.867s] copying teleop_twist_keyboard.py -> /home/yahboom/Desktop/S26_RobotProgramming_Crystal/lab4/Ebinger/roscourse_ws/build/teleop_twist_keyboard/build/lib
[0.867s] running install
[0.867s] running install_lib
[0.867s] copying /home/yahboom/Desktop/S26_RobotProgramming_Crystal/lab4/Ebinger/roscourse_ws/build/teleop_twist_keyboard/build/lib/teleop_twist_keyboard.py -> /home/yahboom/Desktop/S26_RobotProgramming_Crystal/lab4/Ebinger/roscourse_ws/install/teleop_twist_keyboard/lib/python3.10/site-packages
[0.868s] byte-compiling /home/yahboom/Desktop/S26_RobotProgramming_Crystal/lab4/Ebinger/roscourse_ws/install/teleop_twist_keyboard/lib/python3.10/site-packages/teleop_twist_keyboard.py to teleop_twist_keyboard.cpython-310.pyc
[0.869s] running install_data
[0.870s] running install_egg_info
[0.872s] removing '/home/yahboom/Desktop/S26_RobotProgramming_Crystal/lab4/Ebinger/roscourse_ws/install/teleop_twist_keyboard/lib/python3.10/site-packages/teleop_twist_keyboard-2.4.1-py3.10.egg-info' (and everything under it)
[0.872s] Copying ../../build/teleop_twist_keyboard/teleop_twist_keyboard.egg-info to /home/yahboom/Desktop/S26_RobotProgramming_Crystal/lab4/Ebinger/roscourse_ws/install/teleop_twist_keyboard/lib/python3.10/site-packages/teleop_twist_keyboard-2.4.1-py3.10.egg-info
[0.873s] running install_scripts
[0.891s] Installing teleop_twist_keyboard script to /home/yahboom/Desktop/S26_RobotProgramming_Crystal/lab4/Ebinger/roscourse_ws/install/teleop_twist_keyboard/lib/teleop_twist_keyboard
[0.891s] writing list of installed files to '/home/yahboom/Desktop/S26_RobotProgramming_Crystal/lab4/Ebinger/roscourse_ws/build/teleop_twist_keyboard/install.log'
[0.907s] Invoked command in '/home/yahboom/Desktop/S26_RobotProgramming_Crystal/lab4/Ebinger/roscourse_ws/src/teleop_twist_keyboard' returned '0': PYTHONPATH=/home/yahboom/Desktop/S26_RobotProgramming_Crystal/lab4/Ebinger/roscourse_ws/build/teleop_twist_keyboard/prefix_override:/home/yahboom/Desktop/S26_RobotProgramming_Crystal/lab4/Ebinger/roscourse_ws/install/teleop_twist_keyboard/lib/python3.10/site-packages:${PYTHONPATH} /usr/bin/python3 -W ignore:setup.py install is deprecated setup.py egg_info --egg-base ../../build/teleop_twist_keyboard build --build-base /home/yahboom/Desktop/S26_RobotProgramming_Crystal/lab4/Ebinger/roscourse_ws/build/teleop_twist_keyboard/build install --record /home/yahboom/Desktop/S26_RobotProgramming_Crystal/lab4/Ebinger/roscourse_ws/build/teleop_twist_keyboard/install.log --single-version-externally-managed install_data
