[0.663s] Invoking command in '/home/yahboom/roscourse_ws/src/build/webcam': PYTHONPATH=/home/yahboom/roscourse_ws/src/build/webcam/prefix_override:/home/yahboom/roscourse_ws/src/install/webcam/lib/python3.10/site-packages:${PYTHONPATH} /usr/bin/python3 -W ignore:setup.py install is deprecated setup.py develop --editable --build-directory /home/yahboom/roscourse_ws/src/build/webcam/build --no-deps symlink_data
[0.960s] running develop
[0.961s] /usr/lib/python3/dist-packages/setuptools/command/easy_install.py:158: EasyInstallDeprecationWarning: easy_install command is deprecated. Use build and pip and other standards-based tools.
[0.961s]   warnings.warn(
[1.139s] running egg_info
[1.140s] writing webcam.egg-info/PKG-INFO
[1.150s] writing dependency_links to webcam.egg-info/dependency_links.txt
[1.151s] writing entry points to webcam.egg-info/entry_points.txt
[1.151s] writing requirements to webcam.egg-info/requires.txt
[1.152s] writing top-level names to webcam.egg-info/top_level.txt
[1.154s] reading manifest file 'webcam.egg-info/SOURCES.txt'
[1.155s] writing manifest file 'webcam.egg-info/SOURCES.txt'
[1.158s] running build_ext
[1.158s] Creating /home/yahboom/roscourse_ws/src/install/webcam/lib/python3.10/site-packages/webcam.egg-link (link to .)
[1.159s] Installing webcam_pub script to /home/yahboom/roscourse_ws/src/install/webcam/lib/webcam
[1.159s] Installing webcam_sub script to /home/yahboom/roscourse_ws/src/install/webcam/lib/webcam
[1.159s] 
[1.159s] Installed /home/yahboom/roscourse_ws/src/build/webcam
[1.159s] running symlink_data
[1.189s] Invoked command in '/home/yahboom/roscourse_ws/src/build/webcam' returned '0': PYTHONPATH=/home/yahboom/roscourse_ws/src/build/webcam/prefix_override:/home/yahboom/roscourse_ws/src/install/webcam/lib/python3.10/site-packages:${PYTHONPATH} /usr/bin/python3 -W ignore:setup.py install is deprecated setup.py develop --editable --build-directory /home/yahboom/roscourse_ws/src/build/webcam/build --no-deps symlink_data
