running egg_info
writing ../../build/raspbot_drive_control/raspbot_drive_control.egg-info/PKG-INFO
writing dependency_links to ../../build/raspbot_drive_control/raspbot_drive_control.egg-info/dependency_links.txt
writing entry points to ../../build/raspbot_drive_control/raspbot_drive_control.egg-info/entry_points.txt
writing requirements to ../../build/raspbot_drive_control/raspbot_drive_control.egg-info/requires.txt
writing top-level names to ../../build/raspbot_drive_control/raspbot_drive_control.egg-info/top_level.txt
reading manifest file '../../build/raspbot_drive_control/raspbot_drive_control.egg-info/SOURCES.txt'
writing manifest file '../../build/raspbot_drive_control/raspbot_drive_control.egg-info/SOURCES.txt'
running build
running build_py
copying raspbot_drive_control/object_drive_controller.py -> /home/yahboom/Desktop/S26_RobotProgramming_Crystal/Final_project/build/raspbot_drive_control/build/lib/raspbot_drive_control
running install
running install_lib
copying /home/yahboom/Desktop/S26_RobotProgramming_Crystal/Final_project/build/raspbot_drive_control/build/lib/raspbot_drive_control/object_drive_controller.py -> /home/yahboom/Desktop/S26_RobotProgramming_Crystal/Final_project/install/raspbot_drive_control/lib/python3.10/site-packages/raspbot_drive_control
byte-compiling /home/yahboom/Desktop/S26_RobotProgramming_Crystal/Final_project/install/raspbot_drive_control/lib/python3.10/site-packages/raspbot_drive_control/object_drive_controller.py to object_drive_controller.cpython-310.pyc
running install_egg_info
removing '/home/yahboom/Desktop/S26_RobotProgramming_Crystal/Final_project/install/raspbot_drive_control/lib/python3.10/site-packages/raspbot_drive_control-0.0.1-py3.10.egg-info' (and everything under it)
Copying ../../build/raspbot_drive_control/raspbot_drive_control.egg-info to /home/yahboom/Desktop/S26_RobotProgramming_Crystal/Final_project/install/raspbot_drive_control/lib/python3.10/site-packages/raspbot_drive_control-0.0.1-py3.10.egg-info
running install_scripts
Installing object_drive_controller script to /home/yahboom/Desktop/S26_RobotProgramming_Crystal/Final_project/install/raspbot_drive_control/lib/raspbot_drive_control
writing list of installed files to '/home/yahboom/Desktop/S26_RobotProgramming_Crystal/Final_project/build/raspbot_drive_control/install.log'
