[0.582s] Invoking command in '/home/yahboom/Desktop/S26_RobotProgramming_Crystal/lab7/Ebinger/roscourse_sim_ws/src/my_robot': PYTHONPATH=/home/yahboom/Desktop/S26_RobotProgramming_Crystal/lab7/Ebinger/roscourse_sim_ws/build/my_robot/prefix_override:/home/yahboom/Desktop/S26_RobotProgramming_Crystal/lab7/Ebinger/roscourse_sim_ws/install/my_robot/lib/python3.10/site-packages:${PYTHONPATH} /usr/bin/python3 -W ignore:setup.py install is deprecated setup.py egg_info --egg-base ../../build/my_robot build --build-base /home/yahboom/Desktop/S26_RobotProgramming_Crystal/lab7/Ebinger/roscourse_sim_ws/build/my_robot/build install --record /home/yahboom/Desktop/S26_RobotProgramming_Crystal/lab7/Ebinger/roscourse_sim_ws/build/my_robot/install.log --single-version-externally-managed install_data
[0.805s] running egg_info
[0.805s] writing ../../build/my_robot/my_robot.egg-info/PKG-INFO
[0.805s] writing dependency_links to ../../build/my_robot/my_robot.egg-info/dependency_links.txt
[0.806s] writing entry points to ../../build/my_robot/my_robot.egg-info/entry_points.txt
[0.806s] writing requirements to ../../build/my_robot/my_robot.egg-info/requires.txt
[0.806s] writing top-level names to ../../build/my_robot/my_robot.egg-info/top_level.txt
[0.807s] reading manifest file '../../build/my_robot/my_robot.egg-info/SOURCES.txt'
[0.808s] writing manifest file '../../build/my_robot/my_robot.egg-info/SOURCES.txt'
[0.808s] running build
[0.808s] running build_py
[0.808s] running install
[0.809s] running install_lib
[0.810s] running install_data
[0.810s] copying launch/my_robot_xarco_rviz.launch.py -> /home/yahboom/Desktop/S26_RobotProgramming_Crystal/lab7/Ebinger/roscourse_sim_ws/install/my_robot/share/my_robot/launch
[0.810s] running install_egg_info
[0.811s] removing '/home/yahboom/Desktop/S26_RobotProgramming_Crystal/lab7/Ebinger/roscourse_sim_ws/install/my_robot/lib/python3.10/site-packages/my_robot-0.0.0-py3.10.egg-info' (and everything under it)
[0.811s] Copying ../../build/my_robot/my_robot.egg-info to /home/yahboom/Desktop/S26_RobotProgramming_Crystal/lab7/Ebinger/roscourse_sim_ws/install/my_robot/lib/python3.10/site-packages/my_robot-0.0.0-py3.10.egg-info
[0.812s] running install_scripts
[0.830s] writing list of installed files to '/home/yahboom/Desktop/S26_RobotProgramming_Crystal/lab7/Ebinger/roscourse_sim_ws/build/my_robot/install.log'
[0.849s] Invoked command in '/home/yahboom/Desktop/S26_RobotProgramming_Crystal/lab7/Ebinger/roscourse_sim_ws/src/my_robot' returned '0': PYTHONPATH=/home/yahboom/Desktop/S26_RobotProgramming_Crystal/lab7/Ebinger/roscourse_sim_ws/build/my_robot/prefix_override:/home/yahboom/Desktop/S26_RobotProgramming_Crystal/lab7/Ebinger/roscourse_sim_ws/install/my_robot/lib/python3.10/site-packages:${PYTHONPATH} /usr/bin/python3 -W ignore:setup.py install is deprecated setup.py egg_info --egg-base ../../build/my_robot build --build-base /home/yahboom/Desktop/S26_RobotProgramming_Crystal/lab7/Ebinger/roscourse_sim_ws/build/my_robot/build install --record /home/yahboom/Desktop/S26_RobotProgramming_Crystal/lab7/Ebinger/roscourse_sim_ws/build/my_robot/install.log --single-version-externally-managed install_data
