[0.123s] Invoking command in '/home/yahboom/roscourse_ws/build/turtle_interfaces': CMAKE_PREFIX_PATH=${CMAKE_PREFIX_PATH}:/home/yahboom/cartoros2/install/yahboomcar_nav:/home/yahboom/cartoros2/install/yahboomcar_ctrl:/home/yahboom/cartoros2/install/yahboom_visual:/home/yahboom/cartoros2/install/yahboom_dog_joint_state:/home/yahboom/cartoros2/install/yahboom_description:/home/yahboom/cartoros2/install/yahboom_color_identify_server:/home/yahboom/cartoros2/install/yahboom_bringup:/home/yahboom/cartoros2/install/yahboom_base:/home/yahboom/cartoros2/install/yahboom_app_save_map:/home/yahboom/cartoros2/install/update_map:/home/yahboom/cartoros2/install/rosboard:/home/yahboom/cartoros2/install/path_planner_server:/home/yahboom/cartoros2/install/nav2_simple_commander:/home/yahboom/cartoros2/install/nav2_gazebo_spawner:/home/yahboom/cartoros2/install/localization_server:/home/yahboom/cartoros2/install/laserscan_to_point_pulisher:/home/yahboom/yahboomcar_ws/install/yahboom_dog_example:/opt/ros/humble /usr/bin/cmake --build /home/yahboom/roscourse_ws/build/turtle_interfaces -- -j4 -l4
[0.723s] [  2%] Built target turtle_interfaces__cpp
[0.790s] [ 12%] Built target turtle_interfaces__rosidl_generator_c
[0.880s] [ 12%] Built target ament_cmake_python_copy_turtle_interfaces
[0.955s] [ 23%] Built target turtle_interfaces__rosidl_typesupport_fastrtps_cpp
[0.966s] [ 34%] Built target turtle_interfaces__rosidl_typesupport_cpp
[1.035s] [ 44%] Built target turtle_interfaces__rosidl_typesupport_introspection_cpp
[1.107s] [ 55%] Built target turtle_interfaces__rosidl_typesupport_fastrtps_c
[1.167s] [ 65%] Built target turtle_interfaces__rosidl_typesupport_c
[1.202s] [ 76%] Built target turtle_interfaces__rosidl_typesupport_introspection_c
[1.341s] [ 76%] Built target turtle_interfaces
[1.490s] [ 78%] Built target turtle_interfaces__py
[1.703s] [ 87%] Built target turtle_interfaces__rosidl_generator_py
[1.916s] [ 91%] Built target turtle_interfaces__rosidl_typesupport_introspection_c__pyext
[1.921s] [ 95%] Built target turtle_interfaces__rosidl_typesupport_fastrtps_c__pyext
[1.973s] [100%] Built target turtle_interfaces__rosidl_typesupport_c__pyext
[2.308s] running egg_info
[2.310s] writing turtle_interfaces.egg-info/PKG-INFO
[2.311s] writing dependency_links to turtle_interfaces.egg-info/dependency_links.txt
[2.312s] writing top-level names to turtle_interfaces.egg-info/top_level.txt
[2.322s] reading manifest file 'turtle_interfaces.egg-info/SOURCES.txt'
[2.325s] writing manifest file 'turtle_interfaces.egg-info/SOURCES.txt'
[2.416s] [100%] Built target ament_cmake_python_build_turtle_interfaces_egg
[2.479s] Invoked command in '/home/yahboom/roscourse_ws/build/turtle_interfaces' returned '0': CMAKE_PREFIX_PATH=${CMAKE_PREFIX_PATH}:/home/yahboom/cartoros2/install/yahboomcar_nav:/home/yahboom/cartoros2/install/yahboomcar_ctrl:/home/yahboom/cartoros2/install/yahboom_visual:/home/yahboom/cartoros2/install/yahboom_dog_joint_state:/home/yahboom/cartoros2/install/yahboom_description:/home/yahboom/cartoros2/install/yahboom_color_identify_server:/home/yahboom/cartoros2/install/yahboom_bringup:/home/yahboom/cartoros2/install/yahboom_base:/home/yahboom/cartoros2/install/yahboom_app_save_map:/home/yahboom/cartoros2/install/update_map:/home/yahboom/cartoros2/install/rosboard:/home/yahboom/cartoros2/install/path_planner_server:/home/yahboom/cartoros2/install/nav2_simple_commander:/home/yahboom/cartoros2/install/nav2_gazebo_spawner:/home/yahboom/cartoros2/install/localization_server:/home/yahboom/cartoros2/install/laserscan_to_point_pulisher:/home/yahboom/yahboomcar_ws/install/yahboom_dog_example:/opt/ros/humble /usr/bin/cmake --build /home/yahboom/roscourse_ws/build/turtle_interfaces -- -j4 -l4
[3.603s] Invoking command in '/home/yahboom/roscourse_ws/build/turtle_interfaces': CMAKE_PREFIX_PATH=${CMAKE_PREFIX_PATH}:/home/yahboom/cartoros2/install/yahboomcar_nav:/home/yahboom/cartoros2/install/yahboomcar_ctrl:/home/yahboom/cartoros2/install/yahboom_visual:/home/yahboom/cartoros2/install/yahboom_dog_joint_state:/home/yahboom/cartoros2/install/yahboom_description:/home/yahboom/cartoros2/install/yahboom_color_identify_server:/home/yahboom/cartoros2/install/yahboom_bringup:/home/yahboom/cartoros2/install/yahboom_base:/home/yahboom/cartoros2/install/yahboom_app_save_map:/home/yahboom/cartoros2/install/update_map:/home/yahboom/cartoros2/install/rosboard:/home/yahboom/cartoros2/install/path_planner_server:/home/yahboom/cartoros2/install/nav2_simple_commander:/home/yahboom/cartoros2/install/nav2_gazebo_spawner:/home/yahboom/cartoros2/install/localization_server:/home/yahboom/cartoros2/install/laserscan_to_point_pulisher:/home/yahboom/yahboomcar_ws/install/yahboom_dog_example:/opt/ros/humble /usr/bin/cmake --install /home/yahboom/roscourse_ws/build/turtle_interfaces
[3.684s] -- Install configuration: ""
[3.691s] -- Up-to-date: /home/yahboom/roscourse_ws/install/turtle_interfaces/share/ament_index/resource_index/rosidl_interfaces/turtle_interfaces
[3.693s] -- Up-to-date: /home/yahboom/roscourse_ws/install/turtle_interfaces/include/turtle_interfaces/turtle_interfaces
[3.694s] -- Up-to-date: /home/yahboom/roscourse_ws/install/turtle_interfaces/include/turtle_interfaces/turtle_interfaces/srv
[3.695s] -- Up-to-date: /home/yahboom/roscourse_ws/install/turtle_interfaces/include/turtle_interfaces/turtle_interfaces/srv/detail
[3.696s] -- Up-to-date: /home/yahboom/roscourse_ws/install/turtle_interfaces/include/turtle_interfaces/turtle_interfaces/srv/detail/set_color__type_support.h
[3.696s] -- Up-to-date: /home/yahboom/roscourse_ws/install/turtle_interfaces/include/turtle_interfaces/turtle_interfaces/srv/detail/set_color__functions.h
[3.697s] -- Up-to-date: /home/yahboom/roscourse_ws/install/turtle_interfaces/include/turtle_interfaces/turtle_interfaces/srv/detail/set_pose__functions.h
[3.697s] -- Up-to-date: /home/yahboom/roscourse_ws/install/turtle_interfaces/include/turtle_interfaces/turtle_interfaces/srv/detail/set_color__functions.c
[3.698s] -- Up-to-date: /home/yahboom/roscourse_ws/install/turtle_interfaces/include/turtle_interfaces/turtle_interfaces/srv/detail/set_pose__struct.h
[3.698s] -- Up-to-date: /home/yahboom/roscourse_ws/install/turtle_interfaces/include/turtle_interfaces/turtle_interfaces/srv/detail/set_pose__type_support.h
[3.698s] -- Up-to-date: /home/yahboom/roscourse_ws/install/turtle_interfaces/include/turtle_interfaces/turtle_interfaces/srv/detail/set_color__struct.h
[3.699s] -- Up-to-date: /home/yahboom/roscourse_ws/install/turtle_interfaces/include/turtle_interfaces/turtle_interfaces/srv/detail/set_pose__functions.c
[3.699s] -- Up-to-date: /home/yahboom/roscourse_ws/install/turtle_interfaces/include/turtle_interfaces/turtle_interfaces/srv/set_pose.h
[3.700s] -- Up-to-date: /home/yahboom/roscourse_ws/install/turtle_interfaces/include/turtle_interfaces/turtle_interfaces/srv/set_color.h
[3.700s] -- Up-to-date: /home/yahboom/roscourse_ws/install/turtle_interfaces/include/turtle_interfaces/turtle_interfaces/msg
[3.700s] -- Up-to-date: /home/yahboom/roscourse_ws/install/turtle_interfaces/include/turtle_interfaces/turtle_interfaces/msg/detail
[3.700s] -- Up-to-date: /home/yahboom/roscourse_ws/install/turtle_interfaces/include/turtle_interfaces/turtle_interfaces/msg/detail/turtle_msg__functions.c
[3.701s] -- Up-to-date: /home/yahboom/roscourse_ws/install/turtle_interfaces/include/turtle_interfaces/turtle_interfaces/msg/detail/turtle_msg__type_support.h
[3.701s] -- Up-to-date: /home/yahboom/roscourse_ws/install/turtle_interfaces/include/turtle_interfaces/turtle_interfaces/msg/detail/turtle_msg__functions.h
[3.701s] -- Up-to-date: /home/yahboom/roscourse_ws/install/turtle_interfaces/include/turtle_interfaces/turtle_interfaces/msg/detail/turtle_msg__struct.h
[3.701s] -- Up-to-date: /home/yahboom/roscourse_ws/install/turtle_interfaces/include/turtle_interfaces/turtle_interfaces/msg/turtle_msg.h
[3.701s] -- Up-to-date: /home/yahboom/roscourse_ws/install/turtle_interfaces/include/turtle_interfaces/turtle_interfaces/msg/rosidl_generator_c__visibility_control.h
[3.702s] -- Up-to-date: /home/yahboom/roscourse_ws/install/turtle_interfaces/share/turtle_interfaces/environment/library_path.sh
[3.703s] -- Up-to-date: /home/yahboom/roscourse_ws/install/turtle_interfaces/share/turtle_interfaces/environment/library_path.dsv
[3.710s] -- Up-to-date: /home/yahboom/roscourse_ws/install/turtle_interfaces/lib/libturtle_interfaces__rosidl_generator_c.so
[3.711s] -- Up-to-date: /home/yahboom/roscourse_ws/install/turtle_interfaces/include/turtle_interfaces/turtle_interfaces
[3.711s] -- Up-to-date: /home/yahboom/roscourse_ws/install/turtle_interfaces/include/turtle_interfaces/turtle_interfaces/srv
[3.711s] -- Up-to-date: /home/yahboom/roscourse_ws/install/turtle_interfaces/include/turtle_interfaces/turtle_interfaces/srv/detail
[3.711s] -- Up-to-date: /home/yahboom/roscourse_ws/install/turtle_interfaces/include/turtle_interfaces/turtle_interfaces/srv/detail/set_color__rosidl_typesupport_fastrtps_c.h
[3.712s] -- Up-to-date: /home/yahboom/roscourse_ws/install/turtle_interfaces/include/turtle_interfaces/turtle_interfaces/srv/detail/set_pose__rosidl_typesupport_fastrtps_c.h
[3.712s] -- Up-to-date: /home/yahboom/roscourse_ws/install/turtle_interfaces/include/turtle_interfaces/turtle_interfaces/msg
[3.712s] -- Up-to-date: /home/yahboom/roscourse_ws/install/turtle_interfaces/include/turtle_interfaces/turtle_interfaces/msg/detail
[3.712s] -- Up-to-date: /home/yahboom/roscourse_ws/install/turtle_interfaces/include/turtle_interfaces/turtle_interfaces/msg/detail/turtle_msg__rosidl_typesupport_fastrtps_c.h
[3.712s] -- Up-to-date: /home/yahboom/roscourse_ws/install/turtle_interfaces/include/turtle_interfaces/turtle_interfaces/msg/rosidl_typesupport_fastrtps_c__visibility_control.h
[3.714s] -- Up-to-date: /home/yahboom/roscourse_ws/install/turtle_interfaces/lib/libturtle_interfaces__rosidl_typesupport_fastrtps_c.so
[3.715s] -- Up-to-date: /home/yahboom/roscourse_ws/install/turtle_interfaces/include/turtle_interfaces/turtle_interfaces
[3.715s] -- Up-to-date: /home/yahboom/roscourse_ws/install/turtle_interfaces/include/turtle_interfaces/turtle_interfaces/srv
[3.715s] -- Up-to-date: /home/yahboom/roscourse_ws/install/turtle_interfaces/include/turtle_interfaces/turtle_interfaces/srv/set_pose.hpp
[3.716s] -- Up-to-date: /home/yahboom/roscourse_ws/install/turtle_interfaces/include/turtle_interfaces/turtle_interfaces/srv/detail
[3.716s] -- Up-to-date: /home/yahboom/roscourse_ws/install/turtle_interfaces/include/turtle_interfaces/turtle_interfaces/srv/detail/set_color__struct.hpp
[3.716s] -- Up-to-date: /home/yahboom/roscourse_ws/install/turtle_interfaces/include/turtle_interfaces/turtle_interfaces/srv/detail/set_color__builder.hpp
[3.716s] -- Up-to-date: /home/yahboom/roscourse_ws/install/turtle_interfaces/include/turtle_interfaces/turtle_interfaces/srv/detail/set_pose__traits.hpp
[3.717s] -- Up-to-date: /home/yahboom/roscourse_ws/install/turtle_interfaces/include/turtle_interfaces/turtle_interfaces/srv/detail/set_color__traits.hpp
[3.717s] -- Up-to-date: /home/yahboom/roscourse_ws/install/turtle_interfaces/include/turtle_interfaces/turtle_interfaces/srv/detail/set_pose__builder.hpp
[3.718s] -- Up-to-date: /home/yahboom/roscourse_ws/install/turtle_interfaces/include/turtle_interfaces/turtle_interfaces/srv/detail/set_pose__struct.hpp
[3.718s] -- Up-to-date: /home/yahboom/roscourse_ws/install/turtle_interfaces/include/turtle_interfaces/turtle_interfaces/srv/set_color.hpp
[3.718s] -- Up-to-date: /home/yahboom/roscourse_ws/install/turtle_interfaces/include/turtle_interfaces/turtle_interfaces/msg
[3.718s] -- Up-to-date: /home/yahboom/roscourse_ws/install/turtle_interfaces/include/turtle_interfaces/turtle_interfaces/msg/detail
[3.718s] -- Up-to-date: /home/yahboom/roscourse_ws/install/turtle_interfaces/include/turtle_interfaces/turtle_interfaces/msg/detail/turtle_msg__traits.hpp
[3.718s] -- Up-to-date: /home/yahboom/roscourse_ws/install/turtle_interfaces/include/turtle_interfaces/turtle_interfaces/msg/detail/turtle_msg__struct.hpp
[3.719s] -- Up-to-date: /home/yahboom/roscourse_ws/install/turtle_interfaces/include/turtle_interfaces/turtle_interfaces/msg/detail/turtle_msg__builder.hpp
[3.719s] -- Up-to-date: /home/yahboom/roscourse_ws/install/turtle_interfaces/include/turtle_interfaces/turtle_interfaces/msg/turtle_msg.hpp
[3.719s] -- Up-to-date: /home/yahboom/roscourse_ws/install/turtle_interfaces/include/turtle_interfaces/turtle_interfaces
[3.719s] -- Up-to-date: /home/yahboom/roscourse_ws/install/turtle_interfaces/include/turtle_interfaces/turtle_interfaces/srv
[3.720s] -- Up-to-date: /home/yahboom/roscourse_ws/install/turtle_interfaces/include/turtle_interfaces/turtle_interfaces/srv/detail
[3.720s] -- Up-to-date: /home/yahboom/roscourse_ws/install/turtle_interfaces/include/turtle_interfaces/turtle_interfaces/srv/detail/set_color__rosidl_typesupport_fastrtps_cpp.hpp
[3.720s] -- Up-to-date: /home/yahboom/roscourse_ws/install/turtle_interfaces/include/turtle_interfaces/turtle_interfaces/srv/detail/set_pose__rosidl_typesupport_fastrtps_cpp.hpp
[3.720s] -- Up-to-date: /home/yahboom/roscourse_ws/install/turtle_interfaces/include/turtle_interfaces/turtle_interfaces/srv/detail/dds_fastrtps
[3.720s] -- Up-to-date: /home/yahboom/roscourse_ws/install/turtle_interfaces/include/turtle_interfaces/turtle_interfaces/msg
[3.721s] -- Up-to-date: /home/yahboom/roscourse_ws/install/turtle_interfaces/include/turtle_interfaces/turtle_interfaces/msg/detail
[3.721s] -- Up-to-date: /home/yahboom/roscourse_ws/install/turtle_interfaces/include/turtle_interfaces/turtle_interfaces/msg/detail/turtle_msg__rosidl_typesupport_fastrtps_cpp.hpp
[3.721s] -- Up-to-date: /home/yahboom/roscourse_ws/install/turtle_interfaces/include/turtle_interfaces/turtle_interfaces/msg/detail/dds_fastrtps
[3.721s] -- Up-to-date: /home/yahboom/roscourse_ws/install/turtle_interfaces/include/turtle_interfaces/turtle_interfaces/msg/rosidl_typesupport_fastrtps_cpp__visibility_control.h
[3.723s] -- Up-to-date: /home/yahboom/roscourse_ws/install/turtle_interfaces/lib/libturtle_interfaces__rosidl_typesupport_fastrtps_cpp.so
[3.724s] -- Up-to-date: /home/yahboom/roscourse_ws/install/turtle_interfaces/include/turtle_interfaces/turtle_interfaces
[3.724s] -- Up-to-date: /home/yahboom/roscourse_ws/install/turtle_interfaces/include/turtle_interfaces/turtle_interfaces/srv
[3.724s] -- Up-to-date: /home/yahboom/roscourse_ws/install/turtle_interfaces/include/turtle_interfaces/turtle_interfaces/srv/detail
[3.725s] -- Up-to-date: /home/yahboom/roscourse_ws/install/turtle_interfaces/include/turtle_interfaces/turtle_interfaces/srv/detail/set_color__type_support.c
[3.725s] -- Up-to-date: /home/yahboom/roscourse_ws/install/turtle_interfaces/include/turtle_interfaces/turtle_interfaces/srv/detail/set_pose__rosidl_typesupport_introspection_c.h
[3.725s] -- Up-to-date: /home/yahboom/roscourse_ws/install/turtle_interfaces/include/turtle_interfaces/turtle_interfaces/srv/detail/set_pose__type_support.c
[3.726s] -- Up-to-date: /home/yahboom/roscourse_ws/install/turtle_interfaces/include/turtle_interfaces/turtle_interfaces/srv/detail/set_color__rosidl_typesupport_introspection_c.h
[3.726s] -- Up-to-date: /home/yahboom/roscourse_ws/install/turtle_interfaces/include/turtle_interfaces/turtle_interfaces/msg
[3.726s] -- Up-to-date: /home/yahboom/roscourse_ws/install/turtle_interfaces/include/turtle_interfaces/turtle_interfaces/msg/detail
[3.726s] -- Up-to-date: /home/yahboom/roscourse_ws/install/turtle_interfaces/include/turtle_interfaces/turtle_interfaces/msg/detail/turtle_msg__rosidl_typesupport_introspection_c.h
[3.726s] -- Up-to-date: /home/yahboom/roscourse_ws/install/turtle_interfaces/include/turtle_interfaces/turtle_interfaces/msg/detail/turtle_msg__type_support.c
[3.726s] -- Up-to-date: /home/yahboom/roscourse_ws/install/turtle_interfaces/include/turtle_interfaces/turtle_interfaces/msg/rosidl_typesupport_introspection_c__visibility_control.h
[3.729s] -- Up-to-date: /home/yahboom/roscourse_ws/install/turtle_interfaces/lib/libturtle_interfaces__rosidl_typesupport_introspection_c.so
[3.734s] -- Up-to-date: /home/yahboom/roscourse_ws/install/turtle_interfaces/lib/libturtle_interfaces__rosidl_typesupport_c.so
[3.734s] -- Up-to-date: /home/yahboom/roscourse_ws/install/turtle_interfaces/include/turtle_interfaces/turtle_interfaces
[3.734s] -- Up-to-date: /home/yahboom/roscourse_ws/install/turtle_interfaces/include/turtle_interfaces/turtle_interfaces/srv
[3.735s] -- Up-to-date: /home/yahboom/roscourse_ws/install/turtle_interfaces/include/turtle_interfaces/turtle_interfaces/srv/detail
[3.735s] -- Up-to-date: /home/yahboom/roscourse_ws/install/turtle_interfaces/include/turtle_interfaces/turtle_interfaces/srv/detail/set_color__type_support.cpp
[3.735s] -- Up-to-date: /home/yahboom/roscourse_ws/install/turtle_interfaces/include/turtle_interfaces/turtle_interfaces/srv/detail/set_pose__rosidl_typesupport_introspection_cpp.hpp
[3.736s] -- Up-to-date: /home/yahboom/roscourse_ws/install/turtle_interfaces/include/turtle_interfaces/turtle_interfaces/srv/detail/set_pose__type_support.cpp
[3.736s] -- Up-to-date: /home/yahboom/roscourse_ws/install/turtle_interfaces/include/turtle_interfaces/turtle_interfaces/srv/detail/set_color__rosidl_typesupport_introspection_cpp.hpp
[3.736s] -- Up-to-date: /home/yahboom/roscourse_ws/install/turtle_interfaces/include/turtle_interfaces/turtle_interfaces/msg
[3.736s] -- Up-to-date: /home/yahboom/roscourse_ws/install/turtle_interfaces/include/turtle_interfaces/turtle_interfaces/msg/detail
[3.736s] -- Up-to-date: /home/yahboom/roscourse_ws/install/turtle_interfaces/include/turtle_interfaces/turtle_interfaces/msg/detail/turtle_msg__type_support.cpp
[3.736s] -- Up-to-date: /home/yahboom/roscourse_ws/install/turtle_interfaces/include/turtle_interfaces/turtle_interfaces/msg/detail/turtle_msg__rosidl_typesupport_introspection_cpp.hpp
[3.739s] -- Up-to-date: /home/yahboom/roscourse_ws/install/turtle_interfaces/lib/libturtle_interfaces__rosidl_typesupport_introspection_cpp.so
[3.743s] -- Up-to-date: /home/yahboom/roscourse_ws/install/turtle_interfaces/lib/libturtle_interfaces__rosidl_typesupport_cpp.so
[3.744s] -- Up-to-date: /home/yahboom/roscourse_ws/install/turtle_interfaces/share/turtle_interfaces/environment/pythonpath.sh
[3.744s] -- Up-to-date: /home/yahboom/roscourse_ws/install/turtle_interfaces/share/turtle_interfaces/environment/pythonpath.dsv
[3.748s] -- Up-to-date: /home/yahboom/roscourse_ws/install/turtle_interfaces/local/lib/python3.10/dist-packages/turtle_interfaces-0.0.0-py3.10.egg-info
[3.749s] -- Installing: /home/yahboom/roscourse_ws/install/turtle_interfaces/local/lib/python3.10/dist-packages/turtle_interfaces-0.0.0-py3.10.egg-info/top_level.txt
[3.750s] -- Installing: /home/yahboom/roscourse_ws/install/turtle_interfaces/local/lib/python3.10/dist-packages/turtle_interfaces-0.0.0-py3.10.egg-info/PKG-INFO
[3.751s] -- Installing: /home/yahboom/roscourse_ws/install/turtle_interfaces/local/lib/python3.10/dist-packages/turtle_interfaces-0.0.0-py3.10.egg-info/dependency_links.txt
[3.751s] -- Installing: /home/yahboom/roscourse_ws/install/turtle_interfaces/local/lib/python3.10/dist-packages/turtle_interfaces-0.0.0-py3.10.egg-info/SOURCES.txt
[3.751s] -- Up-to-date: /home/yahboom/roscourse_ws/install/turtle_interfaces/local/lib/python3.10/dist-packages/turtle_interfaces
[3.752s] -- Up-to-date: /home/yahboom/roscourse_ws/install/turtle_interfaces/local/lib/python3.10/dist-packages/turtle_interfaces/libturtle_interfaces__rosidl_generator_py.so
[3.753s] -- Up-to-date: /home/yahboom/roscourse_ws/install/turtle_interfaces/local/lib/python3.10/dist-packages/turtle_interfaces/_turtle_interfaces_s.ep.rosidl_typesupport_c.c
[3.753s] -- Up-to-date: /home/yahboom/roscourse_ws/install/turtle_interfaces/local/lib/python3.10/dist-packages/turtle_interfaces/srv
[3.753s] -- Up-to-date: /home/yahboom/roscourse_ws/install/turtle_interfaces/local/lib/python3.10/dist-packages/turtle_interfaces/srv/_set_color.py
[3.754s] -- Up-to-date: /home/yahboom/roscourse_ws/install/turtle_interfaces/local/lib/python3.10/dist-packages/turtle_interfaces/srv/_set_pose_s.c
[3.754s] -- Up-to-date: /home/yahboom/roscourse_ws/install/turtle_interfaces/local/lib/python3.10/dist-packages/turtle_interfaces/srv/__init__.py
[3.754s] -- Up-to-date: /home/yahboom/roscourse_ws/install/turtle_interfaces/local/lib/python3.10/dist-packages/turtle_interfaces/srv/_set_color_s.c
[3.755s] -- Up-to-date: /home/yahboom/roscourse_ws/install/turtle_interfaces/local/lib/python3.10/dist-packages/turtle_interfaces/srv/_set_pose.py
[3.755s] -- Up-to-date: /home/yahboom/roscourse_ws/install/turtle_interfaces/local/lib/python3.10/dist-packages/turtle_interfaces/turtle_interfaces_s__rosidl_typesupport_introspection_c.cpython-310-x86_64-linux-gnu.so
[3.755s] -- Up-to-date: /home/yahboom/roscourse_ws/install/turtle_interfaces/local/lib/python3.10/dist-packages/turtle_interfaces/__init__.py
[3.756s] -- Up-to-date: /home/yahboom/roscourse_ws/install/turtle_interfaces/local/lib/python3.10/dist-packages/turtle_interfaces/turtle_interfaces_s__rosidl_typesupport_fastrtps_c.cpython-310-x86_64-linux-gnu.so
[3.756s] -- Up-to-date: /home/yahboom/roscourse_ws/install/turtle_interfaces/local/lib/python3.10/dist-packages/turtle_interfaces/_turtle_interfaces_s.ep.rosidl_typesupport_introspection_c.c
[3.756s] -- Up-to-date: /home/yahboom/roscourse_ws/install/turtle_interfaces/local/lib/python3.10/dist-packages/turtle_interfaces/msg
[3.756s] -- Up-to-date: /home/yahboom/roscourse_ws/install/turtle_interfaces/local/lib/python3.10/dist-packages/turtle_interfaces/msg/_turtle_msg.py
[3.757s] -- Up-to-date: /home/yahboom/roscourse_ws/install/turtle_interfaces/local/lib/python3.10/dist-packages/turtle_interfaces/msg/__init__.py
[3.757s] -- Up-to-date: /home/yahboom/roscourse_ws/install/turtle_interfaces/local/lib/python3.10/dist-packages/turtle_interfaces/msg/_turtle_msg_s.c
[3.757s] -- Up-to-date: /home/yahboom/roscourse_ws/install/turtle_interfaces/local/lib/python3.10/dist-packages/turtle_interfaces/turtle_interfaces_s__rosidl_typesupport_c.cpython-310-x86_64-linux-gnu.so
[3.758s] -- Up-to-date: /home/yahboom/roscourse_ws/install/turtle_interfaces/local/lib/python3.10/dist-packages/turtle_interfaces/_turtle_interfaces_s.ep.rosidl_typesupport_fastrtps_c.c
[3.910s] Listing '/home/yahboom/roscourse_ws/install/turtle_interfaces/local/lib/python3.10/dist-packages/turtle_interfaces'...
[3.910s] Listing '/home/yahboom/roscourse_ws/install/turtle_interfaces/local/lib/python3.10/dist-packages/turtle_interfaces/msg'...
[3.910s] Listing '/home/yahboom/roscourse_ws/install/turtle_interfaces/local/lib/python3.10/dist-packages/turtle_interfaces/srv'...
[3.924s] -- Up-to-date: /home/yahboom/roscourse_ws/install/turtle_interfaces/local/lib/python3.10/dist-packages/turtle_interfaces/turtle_interfaces_s__rosidl_typesupport_fastrtps_c.cpython-310-x86_64-linux-gnu.so
[3.928s] -- Up-to-date: /home/yahboom/roscourse_ws/install/turtle_interfaces/local/lib/python3.10/dist-packages/turtle_interfaces/turtle_interfaces_s__rosidl_typesupport_introspection_c.cpython-310-x86_64-linux-gnu.so
[3.931s] -- Up-to-date: /home/yahboom/roscourse_ws/install/turtle_interfaces/local/lib/python3.10/dist-packages/turtle_interfaces/turtle_interfaces_s__rosidl_typesupport_c.cpython-310-x86_64-linux-gnu.so
[3.935s] -- Up-to-date: /home/yahboom/roscourse_ws/install/turtle_interfaces/lib/libturtle_interfaces__rosidl_generator_py.so
[3.936s] -- Up-to-date: /home/yahboom/roscourse_ws/install/turtle_interfaces/share/turtle_interfaces/srv/SetPose.idl
[3.936s] -- Up-to-date: /home/yahboom/roscourse_ws/install/turtle_interfaces/share/turtle_interfaces/srv/SetColor.idl
[3.938s] -- Up-to-date: /home/yahboom/roscourse_ws/install/turtle_interfaces/share/turtle_interfaces/msg/TurtleMsg.idl
[3.938s] -- Up-to-date: /home/yahboom/roscourse_ws/install/turtle_interfaces/share/turtle_interfaces/srv/SetPose.srv
[3.938s] -- Up-to-date: /home/yahboom/roscourse_ws/install/turtle_interfaces/share/turtle_interfaces/srv/SetPose_Request.msg
[3.939s] -- Up-to-date: /home/yahboom/roscourse_ws/install/turtle_interfaces/share/turtle_interfaces/srv/SetPose_Response.msg
[3.939s] -- Up-to-date: /home/yahboom/roscourse_ws/install/turtle_interfaces/share/turtle_interfaces/srv/SetColor.srv
[3.940s] -- Up-to-date: /home/yahboom/roscourse_ws/install/turtle_interfaces/share/turtle_interfaces/srv/SetColor_Request.msg
[3.940s] -- Up-to-date: /home/yahboom/roscourse_ws/install/turtle_interfaces/share/turtle_interfaces/srv/SetColor_Response.msg
[3.941s] -- Up-to-date: /home/yahboom/roscourse_ws/install/turtle_interfaces/share/turtle_interfaces/msg/TurtleMsg.msg
[3.941s] -- Up-to-date: /home/yahboom/roscourse_ws/install/turtle_interfaces/share/ament_index/resource_index/package_run_dependencies/turtle_interfaces
[3.941s] -- Up-to-date: /home/yahboom/roscourse_ws/install/turtle_interfaces/share/ament_index/resource_index/parent_prefix_path/turtle_interfaces
[3.942s] -- Up-to-date: /home/yahboom/roscourse_ws/install/turtle_interfaces/share/turtle_interfaces/environment/ament_prefix_path.sh
[3.942s] -- Up-to-date: /home/yahboom/roscourse_ws/install/turtle_interfaces/share/turtle_interfaces/environment/ament_prefix_path.dsv
[3.942s] -- Up-to-date: /home/yahboom/roscourse_ws/install/turtle_interfaces/share/turtle_interfaces/environment/path.sh
[3.942s] -- Up-to-date: /home/yahboom/roscourse_ws/install/turtle_interfaces/share/turtle_interfaces/environment/path.dsv
[3.942s] -- Up-to-date: /home/yahboom/roscourse_ws/install/turtle_interfaces/share/turtle_interfaces/local_setup.bash
[3.943s] -- Up-to-date: /home/yahboom/roscourse_ws/install/turtle_interfaces/share/turtle_interfaces/local_setup.sh
[3.943s] -- Up-to-date: /home/yahboom/roscourse_ws/install/turtle_interfaces/share/turtle_interfaces/local_setup.zsh
[3.943s] -- Up-to-date: /home/yahboom/roscourse_ws/install/turtle_interfaces/share/turtle_interfaces/local_setup.dsv
[3.943s] -- Installing: /home/yahboom/roscourse_ws/install/turtle_interfaces/share/turtle_interfaces/package.dsv
[3.945s] -- Up-to-date: /home/yahboom/roscourse_ws/install/turtle_interfaces/share/ament_index/resource_index/packages/turtle_interfaces
[3.953s] -- Up-to-date: /home/yahboom/roscourse_ws/install/turtle_interfaces/share/turtle_interfaces/cmake/export_turtle_interfaces__rosidl_generator_cExport.cmake
[3.953s] -- Up-to-date: /home/yahboom/roscourse_ws/install/turtle_interfaces/share/turtle_interfaces/cmake/export_turtle_interfaces__rosidl_generator_cExport-noconfig.cmake
[3.955s] -- Up-to-date: /home/yahboom/roscourse_ws/install/turtle_interfaces/share/turtle_interfaces/cmake/export_turtle_interfaces__rosidl_typesupport_fastrtps_cExport.cmake
[3.955s] -- Up-to-date: /home/yahboom/roscourse_ws/install/turtle_interfaces/share/turtle_interfaces/cmake/export_turtle_interfaces__rosidl_typesupport_fastrtps_cExport-noconfig.cmake
[3.958s] -- Up-to-date: /home/yahboom/roscourse_ws/install/turtle_interfaces/share/turtle_interfaces/cmake/export_turtle_interfaces__rosidl_generator_cppExport.cmake
[3.960s] -- Up-to-date: /home/yahboom/roscourse_ws/install/turtle_interfaces/share/turtle_interfaces/cmake/export_turtle_interfaces__rosidl_typesupport_fastrtps_cppExport.cmake
[3.960s] -- Up-to-date: /home/yahboom/roscourse_ws/install/turtle_interfaces/share/turtle_interfaces/cmake/export_turtle_interfaces__rosidl_typesupport_fastrtps_cppExport-noconfig.cmake
[3.962s] -- Up-to-date: /home/yahboom/roscourse_ws/install/turtle_interfaces/share/turtle_interfaces/cmake/turtle_interfaces__rosidl_typesupport_introspection_cExport.cmake
[3.962s] -- Up-to-date: /home/yahboom/roscourse_ws/install/turtle_interfaces/share/turtle_interfaces/cmake/turtle_interfaces__rosidl_typesupport_introspection_cExport-noconfig.cmake
[3.964s] -- Up-to-date: /home/yahboom/roscourse_ws/install/turtle_interfaces/share/turtle_interfaces/cmake/turtle_interfaces__rosidl_typesupport_cExport.cmake
[3.964s] -- Up-to-date: /home/yahboom/roscourse_ws/install/turtle_interfaces/share/turtle_interfaces/cmake/turtle_interfaces__rosidl_typesupport_cExport-noconfig.cmake
[3.967s] -- Up-to-date: /home/yahboom/roscourse_ws/install/turtle_interfaces/share/turtle_interfaces/cmake/turtle_interfaces__rosidl_typesupport_introspection_cppExport.cmake
[3.970s] -- Up-to-date: /home/yahboom/roscourse_ws/install/turtle_interfaces/share/turtle_interfaces/cmake/turtle_interfaces__rosidl_typesupport_introspection_cppExport-noconfig.cmake
[3.970s] -- Up-to-date: /home/yahboom/roscourse_ws/install/turtle_interfaces/share/turtle_interfaces/cmake/turtle_interfaces__rosidl_typesupport_cppExport.cmake
[3.970s] -- Up-to-date: /home/yahboom/roscourse_ws/install/turtle_interfaces/share/turtle_interfaces/cmake/turtle_interfaces__rosidl_typesupport_cppExport-noconfig.cmake
[3.974s] -- Up-to-date: /home/yahboom/roscourse_ws/install/turtle_interfaces/share/turtle_interfaces/cmake/export_turtle_interfaces__rosidl_generator_pyExport.cmake
[3.975s] -- Up-to-date: /home/yahboom/roscourse_ws/install/turtle_interfaces/share/turtle_interfaces/cmake/export_turtle_interfaces__rosidl_generator_pyExport-noconfig.cmake
[3.977s] -- Up-to-date: /home/yahboom/roscourse_ws/install/turtle_interfaces/share/turtle_interfaces/cmake/rosidl_cmake-extras.cmake
[3.977s] -- Up-to-date: /home/yahboom/roscourse_ws/install/turtle_interfaces/share/turtle_interfaces/cmake/ament_cmake_export_dependencies-extras.cmake
[3.977s] -- Up-to-date: /home/yahboom/roscourse_ws/install/turtle_interfaces/share/turtle_interfaces/cmake/ament_cmake_export_include_directories-extras.cmake
[3.978s] -- Up-to-date: /home/yahboom/roscourse_ws/install/turtle_interfaces/share/turtle_interfaces/cmake/ament_cmake_export_libraries-extras.cmake
[3.978s] -- Up-to-date: /home/yahboom/roscourse_ws/install/turtle_interfaces/share/turtle_interfaces/cmake/ament_cmake_export_targets-extras.cmake
[3.978s] -- Up-to-date: /home/yahboom/roscourse_ws/install/turtle_interfaces/share/turtle_interfaces/cmake/rosidl_cmake_export_typesupport_targets-extras.cmake
[3.979s] -- Up-to-date: /home/yahboom/roscourse_ws/install/turtle_interfaces/share/turtle_interfaces/cmake/rosidl_cmake_export_typesupport_libraries-extras.cmake
[3.979s] -- Up-to-date: /home/yahboom/roscourse_ws/install/turtle_interfaces/share/turtle_interfaces/cmake/turtle_interfacesConfig.cmake
[3.979s] -- Up-to-date: /home/yahboom/roscourse_ws/install/turtle_interfaces/share/turtle_interfaces/cmake/turtle_interfacesConfig-version.cmake
[3.979s] -- Up-to-date: /home/yahboom/roscourse_ws/install/turtle_interfaces/share/turtle_interfaces/package.xml
[3.986s] Invoked command in '/home/yahboom/roscourse_ws/build/turtle_interfaces' returned '0': CMAKE_PREFIX_PATH=${CMAKE_PREFIX_PATH}:/home/yahboom/cartoros2/install/yahboomcar_nav:/home/yahboom/cartoros2/install/yahboomcar_ctrl:/home/yahboom/cartoros2/install/yahboom_visual:/home/yahboom/cartoros2/install/yahboom_dog_joint_state:/home/yahboom/cartoros2/install/yahboom_description:/home/yahboom/cartoros2/install/yahboom_color_identify_server:/home/yahboom/cartoros2/install/yahboom_bringup:/home/yahboom/cartoros2/install/yahboom_base:/home/yahboom/cartoros2/install/yahboom_app_save_map:/home/yahboom/cartoros2/install/update_map:/home/yahboom/cartoros2/install/rosboard:/home/yahboom/cartoros2/install/path_planner_server:/home/yahboom/cartoros2/install/nav2_simple_commander:/home/yahboom/cartoros2/install/nav2_gazebo_spawner:/home/yahboom/cartoros2/install/localization_server:/home/yahboom/cartoros2/install/laserscan_to_point_pulisher:/home/yahboom/yahboomcar_ws/install/yahboom_dog_example:/opt/ros/humble /usr/bin/cmake --install /home/yahboom/roscourse_ws/build/turtle_interfaces
