[5.560s] Invoking command in '/home/yahboom/Desktop/S26_RobotProgramming_Crystal/Final_project/src/low_lvl_obj_detect': PYTHONPATH=/home/yahboom/Desktop/S26_RobotProgramming_Crystal/Final_project/build/low_lvl_obj_detect/prefix_override:/home/yahboom/Desktop/S26_RobotProgramming_Crystal/Final_project/install/low_lvl_obj_detect/lib/python3.10/site-packages:${PYTHONPATH} /usr/bin/python3 -W ignore:setup.py install is deprecated setup.py egg_info --egg-base ../../build/low_lvl_obj_detect build --build-base /home/yahboom/Desktop/S26_RobotProgramming_Crystal/Final_project/build/low_lvl_obj_detect/build install --record /home/yahboom/Desktop/S26_RobotProgramming_Crystal/Final_project/build/low_lvl_obj_detect/install.log --single-version-externally-managed install_data
[6.446s] running egg_info
[6.448s] writing ../../build/low_lvl_obj_detect/low_lvl_obj_detect.egg-info/PKG-INFO
[6.488s] writing dependency_links to ../../build/low_lvl_obj_detect/low_lvl_obj_detect.egg-info/dependency_links.txt
[6.492s] writing entry points to ../../build/low_lvl_obj_detect/low_lvl_obj_detect.egg-info/entry_points.txt
[6.492s] writing requirements to ../../build/low_lvl_obj_detect/low_lvl_obj_detect.egg-info/requires.txt
[6.496s] writing top-level names to ../../build/low_lvl_obj_detect/low_lvl_obj_detect.egg-info/top_level.txt
[6.500s] reading manifest file '../../build/low_lvl_obj_detect/low_lvl_obj_detect.egg-info/SOURCES.txt'
[6.504s] writing manifest file '../../build/low_lvl_obj_detect/low_lvl_obj_detect.egg-info/SOURCES.txt'
[6.506s] running build
[6.507s] running build_py
[6.508s] running install
[6.510s] running install_lib
[6.521s] running install_data
[6.525s] running install_egg_info
[6.535s] removing '/home/yahboom/Desktop/S26_RobotProgramming_Crystal/Final_project/install/low_lvl_obj_detect/lib/python3.10/site-packages/low_lvl_obj_detect-0.0.0-py3.10.egg-info' (and everything under it)
[6.539s] Copying ../../build/low_lvl_obj_detect/low_lvl_obj_detect.egg-info to /home/yahboom/Desktop/S26_RobotProgramming_Crystal/Final_project/install/low_lvl_obj_detect/lib/python3.10/site-packages/low_lvl_obj_detect-0.0.0-py3.10.egg-info
[6.543s] running install_scripts
[6.639s] writing list of installed files to '/home/yahboom/Desktop/S26_RobotProgramming_Crystal/Final_project/build/low_lvl_obj_detect/install.log'
[6.751s] Invoked command in '/home/yahboom/Desktop/S26_RobotProgramming_Crystal/Final_project/src/low_lvl_obj_detect' returned '0': PYTHONPATH=/home/yahboom/Desktop/S26_RobotProgramming_Crystal/Final_project/build/low_lvl_obj_detect/prefix_override:/home/yahboom/Desktop/S26_RobotProgramming_Crystal/Final_project/install/low_lvl_obj_detect/lib/python3.10/site-packages:${PYTHONPATH} /usr/bin/python3 -W ignore:setup.py install is deprecated setup.py egg_info --egg-base ../../build/low_lvl_obj_detect build --build-base /home/yahboom/Desktop/S26_RobotProgramming_Crystal/Final_project/build/low_lvl_obj_detect/build install --record /home/yahboom/Desktop/S26_RobotProgramming_Crystal/Final_project/build/low_lvl_obj_detect/install.log --single-version-externally-managed install_data
