[0.130s] DEBUG:colcon:Command line arguments: ['/usr/bin/colcon', 'build']
[0.130s] DEBUG:colcon:Parsed command line arguments: Namespace(log_base=None, log_level=None, verb_name='build', build_base='build', install_base='install', merge_install=False, symlink_install=False, test_result_base=None, continue_on_error=False, executor='parallel', parallel_workers=4, event_handlers=None, ignore_user_meta=False, metas=['./colcon.meta'], base_paths=['.'], packages_ignore=None, packages_ignore_regex=None, paths=None, packages_up_to=None, packages_up_to_regex=None, packages_above=None, packages_above_and_dependencies=None, packages_above_depth=None, packages_select_by_dep=None, packages_skip_by_dep=None, packages_skip_up_to=None, packages_select_build_failed=False, packages_skip_build_finished=False, packages_select_test_failures=False, packages_skip_test_passed=False, packages_select=None, packages_skip=None, packages_select_regex=None, packages_skip_regex=None, packages_start=None, packages_end=None, allow_overriding=[], cmake_args=None, cmake_target=None, cmake_target_skip_unavailable=False, cmake_clean_cache=False, cmake_clean_first=False, cmake_force_configure=False, ament_cmake_args=None, catkin_cmake_args=None, catkin_skip_building_tests=False, verb_parser=<colcon_defaults.argument_parser.defaults.DefaultArgumentsDecorator object at 0x762af3de6a10>, verb_extension=<colcon_core.verb.build.BuildVerb object at 0x762af3de6500>, main=<bound method BuildVerb.main of <colcon_core.verb.build.BuildVerb object at 0x762af3de6500>>)
[0.351s] Level 1:colcon.colcon_core.package_discovery:discover_packages(colcon_meta) check parameters
[0.351s] Level 1:colcon.colcon_core.package_discovery:discover_packages(recursive) check parameters
[0.351s] Level 1:colcon.colcon_core.package_discovery:discover_packages(ignore) check parameters
[0.351s] Level 1:colcon.colcon_core.package_discovery:discover_packages(path) check parameters
[0.351s] Level 1:colcon.colcon_core.package_discovery:discover_packages(colcon_meta) discover
[0.351s] Level 1:colcon.colcon_core.package_discovery:discover_packages(recursive) discover
[0.351s] INFO:colcon.colcon_core.package_discovery:Crawling recursively for packages in '/home/yahboom/Desktop/S26_RobotProgramming_Crystal/Lab4/Lab/roscourse_ws'
[0.351s] Level 1:colcon.colcon_core.package_identification:_identify(.) by extensions ['ignore', 'ignore_ament_install']
[0.351s] Level 1:colcon.colcon_core.package_identification:_identify(.) by extension 'ignore'
[0.351s] Level 1:colcon.colcon_core.package_identification:_identify(.) by extension 'ignore_ament_install'
[0.351s] Level 1:colcon.colcon_core.package_identification:_identify(.) by extensions ['colcon_pkg']
[0.351s] Level 1:colcon.colcon_core.package_identification:_identify(.) by extension 'colcon_pkg'
[0.351s] Level 1:colcon.colcon_core.package_identification:_identify(.) by extensions ['colcon_meta']
[0.351s] Level 1:colcon.colcon_core.package_identification:_identify(.) by extension 'colcon_meta'
[0.351s] Level 1:colcon.colcon_core.package_identification:_identify(.) by extensions ['ros']
[0.351s] Level 1:colcon.colcon_core.package_identification:_identify(.) by extension 'ros'
[0.362s] Level 1:colcon.colcon_core.package_identification:_identify(.) by extensions ['cmake', 'python']
[0.362s] Level 1:colcon.colcon_core.package_identification:_identify(.) by extension 'cmake'
[0.363s] Level 1:colcon.colcon_core.package_identification:_identify(.) by extension 'python'
[0.363s] Level 1:colcon.colcon_core.package_identification:_identify(.) by extensions ['python_setup_py']
[0.363s] Level 1:colcon.colcon_core.package_identification:_identify(.) by extension 'python_setup_py'
[0.363s] Level 1:colcon.colcon_core.package_identification:_identify(build) by extensions ['ignore', 'ignore_ament_install']
[0.363s] Level 1:colcon.colcon_core.package_identification:_identify(build) by extension 'ignore'
[0.363s] Level 1:colcon.colcon_core.package_identification:_identify(build) ignored
[0.363s] Level 1:colcon.colcon_core.package_identification:_identify(install) by extensions ['ignore', 'ignore_ament_install']
[0.363s] Level 1:colcon.colcon_core.package_identification:_identify(install) by extension 'ignore'
[0.363s] Level 1:colcon.colcon_core.package_identification:_identify(install) ignored
[0.363s] Level 1:colcon.colcon_core.package_identification:_identify(log) by extensions ['ignore', 'ignore_ament_install']
[0.363s] Level 1:colcon.colcon_core.package_identification:_identify(log) by extension 'ignore'
[0.363s] Level 1:colcon.colcon_core.package_identification:_identify(log) ignored
[0.363s] Level 1:colcon.colcon_core.package_identification:_identify(src) by extensions ['ignore', 'ignore_ament_install']
[0.364s] Level 1:colcon.colcon_core.package_identification:_identify(src) by extension 'ignore'
[0.364s] Level 1:colcon.colcon_core.package_identification:_identify(src) by extension 'ignore_ament_install'
[0.364s] Level 1:colcon.colcon_core.package_identification:_identify(src) by extensions ['colcon_pkg']
[0.364s] Level 1:colcon.colcon_core.package_identification:_identify(src) by extension 'colcon_pkg'
[0.364s] Level 1:colcon.colcon_core.package_identification:_identify(src) by extensions ['colcon_meta']
[0.364s] Level 1:colcon.colcon_core.package_identification:_identify(src) by extension 'colcon_meta'
[0.364s] Level 1:colcon.colcon_core.package_identification:_identify(src) by extensions ['ros']
[0.364s] Level 1:colcon.colcon_core.package_identification:_identify(src) by extension 'ros'
[0.364s] Level 1:colcon.colcon_core.package_identification:_identify(src) by extensions ['cmake', 'python']
[0.364s] Level 1:colcon.colcon_core.package_identification:_identify(src) by extension 'cmake'
[0.364s] Level 1:colcon.colcon_core.package_identification:_identify(src) by extension 'python'
[0.364s] Level 1:colcon.colcon_core.package_identification:_identify(src) by extensions ['python_setup_py']
[0.364s] Level 1:colcon.colcon_core.package_identification:_identify(src) by extension 'python_setup_py'
[0.364s] Level 1:colcon.colcon_core.package_identification:_identify(src/python_turtle) by extensions ['ignore', 'ignore_ament_install']
[0.364s] Level 1:colcon.colcon_core.package_identification:_identify(src/python_turtle) by extension 'ignore'
[0.364s] Level 1:colcon.colcon_core.package_identification:_identify(src/python_turtle) by extension 'ignore_ament_install'
[0.364s] Level 1:colcon.colcon_core.package_identification:_identify(src/python_turtle) by extensions ['colcon_pkg']
[0.364s] Level 1:colcon.colcon_core.package_identification:_identify(src/python_turtle) by extension 'colcon_pkg'
[0.364s] Level 1:colcon.colcon_core.package_identification:_identify(src/python_turtle) by extensions ['colcon_meta']
[0.365s] Level 1:colcon.colcon_core.package_identification:_identify(src/python_turtle) by extension 'colcon_meta'
[0.365s] Level 1:colcon.colcon_core.package_identification:_identify(src/python_turtle) by extensions ['ros']
[0.365s] Level 1:colcon.colcon_core.package_identification:_identify(src/python_turtle) by extension 'ros'
[0.367s] DEBUG:colcon.colcon_core.package_identification:Package 'src/python_turtle' with type 'ros.ament_python' and name 'python_turtle'
[0.367s] Level 1:colcon.colcon_core.package_identification:_identify(src/teleop_twist_keyboard) by extensions ['ignore', 'ignore_ament_install']
[0.367s] Level 1:colcon.colcon_core.package_identification:_identify(src/teleop_twist_keyboard) by extension 'ignore'
[0.367s] Level 1:colcon.colcon_core.package_identification:_identify(src/teleop_twist_keyboard) by extension 'ignore_ament_install'
[0.367s] Level 1:colcon.colcon_core.package_identification:_identify(src/teleop_twist_keyboard) by extensions ['colcon_pkg']
[0.367s] Level 1:colcon.colcon_core.package_identification:_identify(src/teleop_twist_keyboard) by extension 'colcon_pkg'
[0.367s] Level 1:colcon.colcon_core.package_identification:_identify(src/teleop_twist_keyboard) by extensions ['colcon_meta']
[0.367s] Level 1:colcon.colcon_core.package_identification:_identify(src/teleop_twist_keyboard) by extension 'colcon_meta'
[0.367s] Level 1:colcon.colcon_core.package_identification:_identify(src/teleop_twist_keyboard) by extensions ['ros']
[0.368s] Level 1:colcon.colcon_core.package_identification:_identify(src/teleop_twist_keyboard) by extension 'ros'
[0.368s] DEBUG:colcon.colcon_core.package_identification:Package 'src/teleop_twist_keyboard' with type 'ros.ament_python' and name 'teleop_twist_keyboard'
[0.368s] Level 1:colcon.colcon_core.package_identification:_identify(src/turtle_interfaces) by extensions ['ignore', 'ignore_ament_install']
[0.368s] Level 1:colcon.colcon_core.package_identification:_identify(src/turtle_interfaces) by extension 'ignore'
[0.368s] Level 1:colcon.colcon_core.package_identification:_identify(src/turtle_interfaces) by extension 'ignore_ament_install'
[0.368s] Level 1:colcon.colcon_core.package_identification:_identify(src/turtle_interfaces) by extensions ['colcon_pkg']
[0.368s] Level 1:colcon.colcon_core.package_identification:_identify(src/turtle_interfaces) by extension 'colcon_pkg'
[0.368s] Level 1:colcon.colcon_core.package_identification:_identify(src/turtle_interfaces) by extensions ['colcon_meta']
[0.368s] Level 1:colcon.colcon_core.package_identification:_identify(src/turtle_interfaces) by extension 'colcon_meta'
[0.369s] Level 1:colcon.colcon_core.package_identification:_identify(src/turtle_interfaces) by extensions ['ros']
[0.369s] Level 1:colcon.colcon_core.package_identification:_identify(src/turtle_interfaces) by extension 'ros'
[0.369s] DEBUG:colcon.colcon_core.package_identification:Package 'src/turtle_interfaces' with type 'ros.ament_cmake' and name 'turtle_interfaces'
[0.369s] Level 1:colcon.colcon_core.package_identification:_identify(src/webcam) by extensions ['ignore', 'ignore_ament_install']
[0.369s] Level 1:colcon.colcon_core.package_identification:_identify(src/webcam) by extension 'ignore'
[0.369s] Level 1:colcon.colcon_core.package_identification:_identify(src/webcam) by extension 'ignore_ament_install'
[0.369s] Level 1:colcon.colcon_core.package_identification:_identify(src/webcam) by extensions ['colcon_pkg']
[0.369s] Level 1:colcon.colcon_core.package_identification:_identify(src/webcam) by extension 'colcon_pkg'
[0.369s] Level 1:colcon.colcon_core.package_identification:_identify(src/webcam) by extensions ['colcon_meta']
[0.369s] Level 1:colcon.colcon_core.package_identification:_identify(src/webcam) by extension 'colcon_meta'
[0.370s] Level 1:colcon.colcon_core.package_identification:_identify(src/webcam) by extensions ['ros']
[0.370s] Level 1:colcon.colcon_core.package_identification:_identify(src/webcam) by extension 'ros'
[0.371s] DEBUG:colcon.colcon_core.package_identification:Failed to parse potential ROS package manifest in'src/webcam': Error(s) in package 'src/webcam/package.xml':
The manifest contains invalid XML:
mismatched tag: line 21, column 2
[0.371s] Level 1:colcon.colcon_core.package_identification:_identify(src/webcam) by extensions ['cmake', 'python']
[0.371s] Level 1:colcon.colcon_core.package_identification:_identify(src/webcam) by extension 'cmake'
[0.371s] Level 1:colcon.colcon_core.package_identification:_identify(src/webcam) by extension 'python'
[0.371s] DEBUG:colcon.colcon_core.package_identification:Python package in 'src/webcam' passes arguments to the setup() function which requires a different identification extension than 'python'
[0.371s] Level 1:colcon.colcon_core.package_identification:_identify(src/webcam) by extensions ['python_setup_py']
[0.371s] Level 1:colcon.colcon_core.package_identification:_identify(src/webcam) by extension 'python_setup_py'
[0.697s] DEBUG:colcon.colcon_core.package_identification:Package 'src/webcam' with type 'python' and name 'webcam'
[0.697s] Level 1:colcon.colcon_core.package_discovery:discover_packages(recursive) using defaults
[0.697s] Level 1:colcon.colcon_core.package_discovery:discover_packages(ignore) discover
[0.697s] Level 1:colcon.colcon_core.package_discovery:discover_packages(ignore) using defaults
[0.697s] Level 1:colcon.colcon_core.package_discovery:discover_packages(path) discover
[0.697s] Level 1:colcon.colcon_core.package_discovery:discover_packages(path) using defaults
[0.730s] Level 1:colcon.colcon_core.package_discovery:discover_packages(prefix_path) check parameters
[0.730s] Level 1:colcon.colcon_core.package_discovery:discover_packages(prefix_path) discover
[0.735s] DEBUG:colcon.colcon_installed_package_information.package_discovery:Found 4 installed packages in /home/yahboom/Desktop/S26_RobotProgramming_Crystal/Lab4/Lab/roscourse_ws/install
[0.736s] DEBUG:colcon.colcon_installed_package_information.package_discovery:Found 19 installed packages in /home/yahboom/yahboomcar_ws/install
[0.737s] DEBUG:colcon.colcon_installed_package_information.package_discovery:Found 2 installed packages in /home/yahboom/gmapping_ws/install
[0.739s] DEBUG:colcon.colcon_installed_package_information.package_discovery:Found 76 installed packages in /home/yahboom/cartoros2/install
[0.741s] DEBUG:colcon.colcon_installed_package_information.package_discovery:Found 346 installed packages in /opt/ros/humble
[0.745s] Level 1:colcon.colcon_core.package_discovery:discover_packages(prefix_path) using defaults
[0.798s] WARNING:colcon.colcon_core.package_selection:Some selected packages are already built in one or more underlay workspaces:
	'teleop_twist_keyboard' is in: /home/yahboom/Desktop/S26_RobotProgramming_Crystal/Lab4/Lab/roscourse_ws/install/teleop_twist_keyboard, /opt/ros/humble
If a package in a merged underlay workspace is overridden and it installs headers, then all packages in the overlay must sort their include directories by workspace order. Failure to do so may result in build failures or undefined behavior at run time.
If the overridden package is used by another package in any underlay, then the overriding package in the overlay must be API and ABI compatible or undefined behavior at run time may occur.

If you understand the risks and want to override a package anyways, add the following to the command line:
	--allow-overriding teleop_twist_keyboard

This may be promoted to an error in a future release of colcon-override-check.
[0.799s] Level 5:colcon.colcon_core.verb:set package 'teleop_twist_keyboard' build argument 'cmake_args' from command line to 'None'
[0.799s] Level 5:colcon.colcon_core.verb:set package 'teleop_twist_keyboard' build argument 'cmake_target' from command line to 'None'
[0.799s] Level 5:colcon.colcon_core.verb:set package 'teleop_twist_keyboard' build argument 'cmake_target_skip_unavailable' from command line to 'False'
[0.799s] Level 5:colcon.colcon_core.verb:set package 'teleop_twist_keyboard' build argument 'cmake_clean_cache' from command line to 'False'
[0.799s] Level 5:colcon.colcon_core.verb:set package 'teleop_twist_keyboard' build argument 'cmake_clean_first' from command line to 'False'
[0.799s] Level 5:colcon.colcon_core.verb:set package 'teleop_twist_keyboard' build argument 'cmake_force_configure' from command line to 'False'
[0.799s] Level 5:colcon.colcon_core.verb:set package 'teleop_twist_keyboard' build argument 'ament_cmake_args' from command line to 'None'
[0.799s] Level 5:colcon.colcon_core.verb:set package 'teleop_twist_keyboard' build argument 'catkin_cmake_args' from command line to 'None'
[0.799s] Level 5:colcon.colcon_core.verb:set package 'teleop_twist_keyboard' build argument 'catkin_skip_building_tests' from command line to 'False'
[0.799s] DEBUG:colcon.colcon_core.verb:Building package 'teleop_twist_keyboard' with the following arguments: {'ament_cmake_args': None, 'build_base': '/home/yahboom/Desktop/S26_RobotProgramming_Crystal/Lab4/Lab/roscourse_ws/build/teleop_twist_keyboard', 'catkin_cmake_args': None, 'catkin_skip_building_tests': False, 'cmake_args': None, 'cmake_clean_cache': False, 'cmake_clean_first': False, 'cmake_force_configure': False, 'cmake_target': None, 'cmake_target_skip_unavailable': False, 'install_base': '/home/yahboom/Desktop/S26_RobotProgramming_Crystal/Lab4/Lab/roscourse_ws/install/teleop_twist_keyboard', 'merge_install': False, 'path': '/home/yahboom/Desktop/S26_RobotProgramming_Crystal/Lab4/Lab/roscourse_ws/src/teleop_twist_keyboard', 'symlink_install': False, 'test_result_base': None}
[0.799s] Level 5:colcon.colcon_core.verb:set package 'turtle_interfaces' build argument 'cmake_args' from command line to 'None'
[0.799s] Level 5:colcon.colcon_core.verb:set package 'turtle_interfaces' build argument 'cmake_target' from command line to 'None'
[0.799s] Level 5:colcon.colcon_core.verb:set package 'turtle_interfaces' build argument 'cmake_target_skip_unavailable' from command line to 'False'
[0.799s] Level 5:colcon.colcon_core.verb:set package 'turtle_interfaces' build argument 'cmake_clean_cache' from command line to 'False'
[0.800s] Level 5:colcon.colcon_core.verb:set package 'turtle_interfaces' build argument 'cmake_clean_first' from command line to 'False'
[0.800s] Level 5:colcon.colcon_core.verb:set package 'turtle_interfaces' build argument 'cmake_force_configure' from command line to 'False'
[0.800s] Level 5:colcon.colcon_core.verb:set package 'turtle_interfaces' build argument 'ament_cmake_args' from command line to 'None'
[0.800s] Level 5:colcon.colcon_core.verb:set package 'turtle_interfaces' build argument 'catkin_cmake_args' from command line to 'None'
[0.800s] Level 5:colcon.colcon_core.verb:set package 'turtle_interfaces' build argument 'catkin_skip_building_tests' from command line to 'False'
[0.800s] DEBUG:colcon.colcon_core.verb:Building package 'turtle_interfaces' with the following arguments: {'ament_cmake_args': None, 'build_base': '/home/yahboom/Desktop/S26_RobotProgramming_Crystal/Lab4/Lab/roscourse_ws/build/turtle_interfaces', 'catkin_cmake_args': None, 'catkin_skip_building_tests': False, 'cmake_args': None, 'cmake_clean_cache': False, 'cmake_clean_first': False, 'cmake_force_configure': False, 'cmake_target': None, 'cmake_target_skip_unavailable': False, 'install_base': '/home/yahboom/Desktop/S26_RobotProgramming_Crystal/Lab4/Lab/roscourse_ws/install/turtle_interfaces', 'merge_install': False, 'path': '/home/yahboom/Desktop/S26_RobotProgramming_Crystal/Lab4/Lab/roscourse_ws/src/turtle_interfaces', 'symlink_install': False, 'test_result_base': None}
[0.800s] Level 5:colcon.colcon_core.verb:set package 'webcam' build argument 'cmake_args' from command line to 'None'
[0.800s] Level 5:colcon.colcon_core.verb:set package 'webcam' build argument 'cmake_target' from command line to 'None'
[0.800s] Level 5:colcon.colcon_core.verb:set package 'webcam' build argument 'cmake_target_skip_unavailable' from command line to 'False'
[0.800s] Level 5:colcon.colcon_core.verb:set package 'webcam' build argument 'cmake_clean_cache' from command line to 'False'
[0.800s] Level 5:colcon.colcon_core.verb:set package 'webcam' build argument 'cmake_clean_first' from command line to 'False'
[0.800s] Level 5:colcon.colcon_core.verb:set package 'webcam' build argument 'cmake_force_configure' from command line to 'False'
[0.800s] Level 5:colcon.colcon_core.verb:set package 'webcam' build argument 'ament_cmake_args' from command line to 'None'
[0.800s] Level 5:colcon.colcon_core.verb:set package 'webcam' build argument 'catkin_cmake_args' from command line to 'None'
[0.800s] Level 5:colcon.colcon_core.verb:set package 'webcam' build argument 'catkin_skip_building_tests' from command line to 'False'
[0.800s] DEBUG:colcon.colcon_core.verb:Building package 'webcam' with the following arguments: {'ament_cmake_args': None, 'build_base': '/home/yahboom/Desktop/S26_RobotProgramming_Crystal/Lab4/Lab/roscourse_ws/build/webcam', 'catkin_cmake_args': None, 'catkin_skip_building_tests': False, 'cmake_args': None, 'cmake_clean_cache': False, 'cmake_clean_first': False, 'cmake_force_configure': False, 'cmake_target': None, 'cmake_target_skip_unavailable': False, 'install_base': '/home/yahboom/Desktop/S26_RobotProgramming_Crystal/Lab4/Lab/roscourse_ws/install/webcam', 'merge_install': False, 'path': '/home/yahboom/Desktop/S26_RobotProgramming_Crystal/Lab4/Lab/roscourse_ws/src/webcam', 'symlink_install': False, 'test_result_base': None}
[0.801s] Level 5:colcon.colcon_core.verb:set package 'python_turtle' build argument 'cmake_args' from command line to 'None'
[0.801s] Level 5:colcon.colcon_core.verb:set package 'python_turtle' build argument 'cmake_target' from command line to 'None'
[0.801s] Level 5:colcon.colcon_core.verb:set package 'python_turtle' build argument 'cmake_target_skip_unavailable' from command line to 'False'
[0.801s] Level 5:colcon.colcon_core.verb:set package 'python_turtle' build argument 'cmake_clean_cache' from command line to 'False'
[0.801s] Level 5:colcon.colcon_core.verb:set package 'python_turtle' build argument 'cmake_clean_first' from command line to 'False'
[0.801s] Level 5:colcon.colcon_core.verb:set package 'python_turtle' build argument 'cmake_force_configure' from command line to 'False'
[0.801s] Level 5:colcon.colcon_core.verb:set package 'python_turtle' build argument 'ament_cmake_args' from command line to 'None'
[0.801s] Level 5:colcon.colcon_core.verb:set package 'python_turtle' build argument 'catkin_cmake_args' from command line to 'None'
[0.801s] Level 5:colcon.colcon_core.verb:set package 'python_turtle' build argument 'catkin_skip_building_tests' from command line to 'False'
[0.801s] DEBUG:colcon.colcon_core.verb:Building package 'python_turtle' with the following arguments: {'ament_cmake_args': None, 'build_base': '/home/yahboom/Desktop/S26_RobotProgramming_Crystal/Lab4/Lab/roscourse_ws/build/python_turtle', 'catkin_cmake_args': None, 'catkin_skip_building_tests': False, 'cmake_args': None, 'cmake_clean_cache': False, 'cmake_clean_first': False, 'cmake_force_configure': False, 'cmake_target': None, 'cmake_target_skip_unavailable': False, 'install_base': '/home/yahboom/Desktop/S26_RobotProgramming_Crystal/Lab4/Lab/roscourse_ws/install/python_turtle', 'merge_install': False, 'path': '/home/yahboom/Desktop/S26_RobotProgramming_Crystal/Lab4/Lab/roscourse_ws/src/python_turtle', 'symlink_install': False, 'test_result_base': None}
[0.801s] INFO:colcon.colcon_core.executor:Executing jobs using 'parallel' executor
[0.802s] DEBUG:colcon.colcon_parallel_executor.executor.parallel:run_until_complete
[0.802s] INFO:colcon.colcon_ros.task.ament_cmake.build:Building ROS package in '/home/yahboom/Desktop/S26_RobotProgramming_Crystal/Lab4/Lab/roscourse_ws/src/turtle_interfaces' with build type 'ament_cmake'
[0.803s] INFO:colcon.colcon_cmake.task.cmake.build:Building CMake package in '/home/yahboom/Desktop/S26_RobotProgramming_Crystal/Lab4/Lab/roscourse_ws/src/turtle_interfaces'
[0.806s] INFO:colcon.colcon_core.plugin_system:Skipping extension 'colcon_core.shell.bat': Not used on non-Windows systems
[0.806s] INFO:colcon.colcon_core.shell:Skip shell extension 'powershell' for command environment: Not usable outside of PowerShell
[0.806s] DEBUG:colcon.colcon_core.shell:Skip shell extension 'dsv' for command environment
[0.816s] INFO:colcon.colcon_ros.task.ament_python.build:Building ROS package in '/home/yahboom/Desktop/S26_RobotProgramming_Crystal/Lab4/Lab/roscourse_ws/src/teleop_twist_keyboard' with build type 'ament_python'
[0.817s] Level 1:colcon.colcon_core.shell:create_environment_hook('teleop_twist_keyboard', 'ament_prefix_path')
[0.817s] INFO:colcon.colcon_core.shell:Creating environment hook '/home/yahboom/Desktop/S26_RobotProgramming_Crystal/Lab4/Lab/roscourse_ws/install/teleop_twist_keyboard/share/teleop_twist_keyboard/hook/ament_prefix_path.ps1'
[0.818s] INFO:colcon.colcon_core.shell:Creating environment descriptor '/home/yahboom/Desktop/S26_RobotProgramming_Crystal/Lab4/Lab/roscourse_ws/install/teleop_twist_keyboard/share/teleop_twist_keyboard/hook/ament_prefix_path.dsv'
[0.818s] INFO:colcon.colcon_core.shell:Creating environment hook '/home/yahboom/Desktop/S26_RobotProgramming_Crystal/Lab4/Lab/roscourse_ws/install/teleop_twist_keyboard/share/teleop_twist_keyboard/hook/ament_prefix_path.sh'
[0.819s] INFO:colcon.colcon_core.shell:Skip shell extension 'powershell' for command environment: Not usable outside of PowerShell
[0.819s] DEBUG:colcon.colcon_core.shell:Skip shell extension 'dsv' for command environment
[0.831s] INFO:colcon.colcon_core.task.python.build:Building Python package in '/home/yahboom/Desktop/S26_RobotProgramming_Crystal/Lab4/Lab/roscourse_ws/src/webcam'
[0.832s] INFO:colcon.colcon_core.shell:Skip shell extension 'powershell' for command environment: Not usable outside of PowerShell
[0.832s] DEBUG:colcon.colcon_core.shell:Skip shell extension 'dsv' for command environment
[0.853s] DEBUG:colcon.colcon_core.event_handler.log_command:Invoking command in '/home/yahboom/Desktop/S26_RobotProgramming_Crystal/Lab4/Lab/roscourse_ws/build/turtle_interfaces': CMAKE_PREFIX_PATH=${CMAKE_PREFIX_PATH}:/home/yahboom/Desktop/S26_RobotProgramming_Crystal/Lab4/Lab/roscourse_ws/install/python_turtle:/home/yahboom/Desktop/S26_RobotProgramming_Crystal/Lab4/Lab/roscourse_ws/install/teleop_twist_keyboard:/home/yahboom/cartoros2/install/yahboomcar_nav:/home/yahboom/cartoros2/install/yahboomcar_ctrl:/home/yahboom/cartoros2/install/yahboom_visual:/home/yahboom/cartoros2/install/yahboom_dog_joint_state:/home/yahboom/cartoros2/install/yahboom_description:/home/yahboom/cartoros2/install/yahboom_color_identify_server:/home/yahboom/cartoros2/install/yahboom_bringup:/home/yahboom/cartoros2/install/yahboom_base:/home/yahboom/cartoros2/install/yahboom_app_save_map:/home/yahboom/cartoros2/install/update_map:/home/yahboom/cartoros2/install/rosboard:/home/yahboom/cartoros2/install/path_planner_server:/home/yahboom/cartoros2/install/nav2_simple_commander:/home/yahboom/cartoros2/install/nav2_gazebo_spawner:/home/yahboom/cartoros2/install/localization_server:/home/yahboom/cartoros2/install/laserscan_to_point_pulisher:/home/yahboom/yahboomcar_ws/install/yahboom_dog_example:/opt/ros/humble /usr/bin/cmake --build /home/yahboom/Desktop/S26_RobotProgramming_Crystal/Lab4/Lab/roscourse_ws/build/turtle_interfaces -- -j4 -l4
[1.279s] INFO:colcon.colcon_core.task.python.build:Building Python package in '/home/yahboom/Desktop/S26_RobotProgramming_Crystal/Lab4/Lab/roscourse_ws/src/teleop_twist_keyboard'
[1.279s] INFO:colcon.colcon_core.shell:Skip shell extension 'powershell' for command environment: Not usable outside of PowerShell
[1.279s] DEBUG:colcon.colcon_core.shell:Skip shell extension 'dsv' for command environment
[1.652s] DEBUG:colcon.colcon_core.event_handler.log_command:Invoked command in '/home/yahboom/Desktop/S26_RobotProgramming_Crystal/Lab4/Lab/roscourse_ws/build/turtle_interfaces' returned '0': CMAKE_PREFIX_PATH=${CMAKE_PREFIX_PATH}:/home/yahboom/Desktop/S26_RobotProgramming_Crystal/Lab4/Lab/roscourse_ws/install/python_turtle:/home/yahboom/Desktop/S26_RobotProgramming_Crystal/Lab4/Lab/roscourse_ws/install/teleop_twist_keyboard:/home/yahboom/cartoros2/install/yahboomcar_nav:/home/yahboom/cartoros2/install/yahboomcar_ctrl:/home/yahboom/cartoros2/install/yahboom_visual:/home/yahboom/cartoros2/install/yahboom_dog_joint_state:/home/yahboom/cartoros2/install/yahboom_description:/home/yahboom/cartoros2/install/yahboom_color_identify_server:/home/yahboom/cartoros2/install/yahboom_bringup:/home/yahboom/cartoros2/install/yahboom_base:/home/yahboom/cartoros2/install/yahboom_app_save_map:/home/yahboom/cartoros2/install/update_map:/home/yahboom/cartoros2/install/rosboard:/home/yahboom/cartoros2/install/path_planner_server:/home/yahboom/cartoros2/install/nav2_simple_commander:/home/yahboom/cartoros2/install/nav2_gazebo_spawner:/home/yahboom/cartoros2/install/localization_server:/home/yahboom/cartoros2/install/laserscan_to_point_pulisher:/home/yahboom/yahboomcar_ws/install/yahboom_dog_example:/opt/ros/humble /usr/bin/cmake --build /home/yahboom/Desktop/S26_RobotProgramming_Crystal/Lab4/Lab/roscourse_ws/build/turtle_interfaces -- -j4 -l4
[1.924s] DEBUG:colcon.colcon_core.event_handler.log_command:Invoking command in '/home/yahboom/Desktop/S26_RobotProgramming_Crystal/Lab4/Lab/roscourse_ws/build/turtle_interfaces': CMAKE_PREFIX_PATH=${CMAKE_PREFIX_PATH}:/home/yahboom/Desktop/S26_RobotProgramming_Crystal/Lab4/Lab/roscourse_ws/install/python_turtle:/home/yahboom/Desktop/S26_RobotProgramming_Crystal/Lab4/Lab/roscourse_ws/install/teleop_twist_keyboard:/home/yahboom/cartoros2/install/yahboomcar_nav:/home/yahboom/cartoros2/install/yahboomcar_ctrl:/home/yahboom/cartoros2/install/yahboom_visual:/home/yahboom/cartoros2/install/yahboom_dog_joint_state:/home/yahboom/cartoros2/install/yahboom_description:/home/yahboom/cartoros2/install/yahboom_color_identify_server:/home/yahboom/cartoros2/install/yahboom_bringup:/home/yahboom/cartoros2/install/yahboom_base:/home/yahboom/cartoros2/install/yahboom_app_save_map:/home/yahboom/cartoros2/install/update_map:/home/yahboom/cartoros2/install/rosboard:/home/yahboom/cartoros2/install/path_planner_server:/home/yahboom/cartoros2/install/nav2_simple_commander:/home/yahboom/cartoros2/install/nav2_gazebo_spawner:/home/yahboom/cartoros2/install/localization_server:/home/yahboom/cartoros2/install/laserscan_to_point_pulisher:/home/yahboom/yahboomcar_ws/install/yahboom_dog_example:/opt/ros/humble /usr/bin/cmake --install /home/yahboom/Desktop/S26_RobotProgramming_Crystal/Lab4/Lab/roscourse_ws/build/turtle_interfaces
[2.016s] Level 1:colcon.colcon_core.environment:create_environment_scripts_only(turtle_interfaces)
[2.017s] DEBUG:colcon.colcon_core.event_handler.log_command:Invoked command in '/home/yahboom/Desktop/S26_RobotProgramming_Crystal/Lab4/Lab/roscourse_ws/build/turtle_interfaces' returned '0': CMAKE_PREFIX_PATH=${CMAKE_PREFIX_PATH}:/home/yahboom/Desktop/S26_RobotProgramming_Crystal/Lab4/Lab/roscourse_ws/install/python_turtle:/home/yahboom/Desktop/S26_RobotProgramming_Crystal/Lab4/Lab/roscourse_ws/install/teleop_twist_keyboard:/home/yahboom/cartoros2/install/yahboomcar_nav:/home/yahboom/cartoros2/install/yahboomcar_ctrl:/home/yahboom/cartoros2/install/yahboom_visual:/home/yahboom/cartoros2/install/yahboom_dog_joint_state:/home/yahboom/cartoros2/install/yahboom_description:/home/yahboom/cartoros2/install/yahboom_color_identify_server:/home/yahboom/cartoros2/install/yahboom_bringup:/home/yahboom/cartoros2/install/yahboom_base:/home/yahboom/cartoros2/install/yahboom_app_save_map:/home/yahboom/cartoros2/install/update_map:/home/yahboom/cartoros2/install/rosboard:/home/yahboom/cartoros2/install/path_planner_server:/home/yahboom/cartoros2/install/nav2_simple_commander:/home/yahboom/cartoros2/install/nav2_gazebo_spawner:/home/yahboom/cartoros2/install/localization_server:/home/yahboom/cartoros2/install/laserscan_to_point_pulisher:/home/yahboom/yahboomcar_ws/install/yahboom_dog_example:/opt/ros/humble /usr/bin/cmake --install /home/yahboom/Desktop/S26_RobotProgramming_Crystal/Lab4/Lab/roscourse_ws/build/turtle_interfaces
[2.020s] Level 1:colcon.colcon_core.environment:checking '/home/yahboom/Desktop/S26_RobotProgramming_Crystal/Lab4/Lab/roscourse_ws/install/turtle_interfaces' for CMake module files
[2.021s] Level 1:colcon.colcon_core.environment:checking '/home/yahboom/Desktop/S26_RobotProgramming_Crystal/Lab4/Lab/roscourse_ws/install/turtle_interfaces' for CMake config files
[2.021s] Level 1:colcon.colcon_core.shell:create_environment_hook('turtle_interfaces', 'cmake_prefix_path')
[2.021s] INFO:colcon.colcon_core.shell:Creating environment hook '/home/yahboom/Desktop/S26_RobotProgramming_Crystal/Lab4/Lab/roscourse_ws/install/turtle_interfaces/share/turtle_interfaces/hook/cmake_prefix_path.ps1'
[2.022s] INFO:colcon.colcon_core.shell:Creating environment descriptor '/home/yahboom/Desktop/S26_RobotProgramming_Crystal/Lab4/Lab/roscourse_ws/install/turtle_interfaces/share/turtle_interfaces/hook/cmake_prefix_path.dsv'
[2.023s] INFO:colcon.colcon_core.shell:Creating environment hook '/home/yahboom/Desktop/S26_RobotProgramming_Crystal/Lab4/Lab/roscourse_ws/install/turtle_interfaces/share/turtle_interfaces/hook/cmake_prefix_path.sh'
[2.024s] Level 1:colcon.colcon_core.environment:checking '/home/yahboom/Desktop/S26_RobotProgramming_Crystal/Lab4/Lab/roscourse_ws/install/turtle_interfaces/lib'
[2.024s] Level 1:colcon.colcon_core.shell:create_environment_hook('turtle_interfaces', 'ld_library_path_lib')
[2.024s] INFO:colcon.colcon_core.shell:Creating environment hook '/home/yahboom/Desktop/S26_RobotProgramming_Crystal/Lab4/Lab/roscourse_ws/install/turtle_interfaces/share/turtle_interfaces/hook/ld_library_path_lib.ps1'
[2.024s] INFO:colcon.colcon_core.shell:Creating environment descriptor '/home/yahboom/Desktop/S26_RobotProgramming_Crystal/Lab4/Lab/roscourse_ws/install/turtle_interfaces/share/turtle_interfaces/hook/ld_library_path_lib.dsv'
[2.025s] INFO:colcon.colcon_core.shell:Creating environment hook '/home/yahboom/Desktop/S26_RobotProgramming_Crystal/Lab4/Lab/roscourse_ws/install/turtle_interfaces/share/turtle_interfaces/hook/ld_library_path_lib.sh'
[2.026s] Level 1:colcon.colcon_core.environment:checking '/home/yahboom/Desktop/S26_RobotProgramming_Crystal/Lab4/Lab/roscourse_ws/install/turtle_interfaces/bin'
[2.026s] Level 1:colcon.colcon_core.environment:checking '/home/yahboom/Desktop/S26_RobotProgramming_Crystal/Lab4/Lab/roscourse_ws/install/turtle_interfaces/lib/pkgconfig/turtle_interfaces.pc'
[2.026s] Level 1:colcon.colcon_core.environment:checking '/home/yahboom/Desktop/S26_RobotProgramming_Crystal/Lab4/Lab/roscourse_ws/install/turtle_interfaces/lib/python3.10/site-packages'
[2.027s] Level 1:colcon.colcon_core.environment:checking '/home/yahboom/Desktop/S26_RobotProgramming_Crystal/Lab4/Lab/roscourse_ws/install/turtle_interfaces/bin'
[2.027s] INFO:colcon.colcon_core.shell:Creating package script '/home/yahboom/Desktop/S26_RobotProgramming_Crystal/Lab4/Lab/roscourse_ws/install/turtle_interfaces/share/turtle_interfaces/package.ps1'
[2.028s] INFO:colcon.colcon_core.shell:Creating package descriptor '/home/yahboom/Desktop/S26_RobotProgramming_Crystal/Lab4/Lab/roscourse_ws/install/turtle_interfaces/share/turtle_interfaces/package.dsv'
[2.029s] INFO:colcon.colcon_core.shell:Creating package script '/home/yahboom/Desktop/S26_RobotProgramming_Crystal/Lab4/Lab/roscourse_ws/install/turtle_interfaces/share/turtle_interfaces/package.sh'
[2.030s] INFO:colcon.colcon_core.shell:Creating package script '/home/yahboom/Desktop/S26_RobotProgramming_Crystal/Lab4/Lab/roscourse_ws/install/turtle_interfaces/share/turtle_interfaces/package.bash'
[2.031s] INFO:colcon.colcon_core.shell:Creating package script '/home/yahboom/Desktop/S26_RobotProgramming_Crystal/Lab4/Lab/roscourse_ws/install/turtle_interfaces/share/turtle_interfaces/package.zsh'
[2.032s] Level 1:colcon.colcon_core.environment:create_file_with_runtime_dependencies(/home/yahboom/Desktop/S26_RobotProgramming_Crystal/Lab4/Lab/roscourse_ws/install/turtle_interfaces/share/colcon-core/packages/turtle_interfaces)
[2.141s] DEBUG:colcon.colcon_core.event_handler.log_command:Invoking command in '/home/yahboom/Desktop/S26_RobotProgramming_Crystal/Lab4/Lab/roscourse_ws/src/webcam': PYTHONPATH=/home/yahboom/Desktop/S26_RobotProgramming_Crystal/Lab4/Lab/roscourse_ws/build/webcam/prefix_override:/home/yahboom/Desktop/S26_RobotProgramming_Crystal/Lab4/Lab/roscourse_ws/install/webcam/lib/python3.10/site-packages:${PYTHONPATH} /usr/bin/python3 -W ignore:setup.py install is deprecated setup.py egg_info --egg-base ../../build/webcam build --build-base /home/yahboom/Desktop/S26_RobotProgramming_Crystal/Lab4/Lab/roscourse_ws/build/webcam/build install --record /home/yahboom/Desktop/S26_RobotProgramming_Crystal/Lab4/Lab/roscourse_ws/build/webcam/install.log --single-version-externally-managed install_data
[2.151s] DEBUG:colcon.colcon_core.event_handler.log_command:Invoking command in '/home/yahboom/Desktop/S26_RobotProgramming_Crystal/Lab4/Lab/roscourse_ws/src/teleop_twist_keyboard': PYTHONPATH=/home/yahboom/Desktop/S26_RobotProgramming_Crystal/Lab4/Lab/roscourse_ws/build/teleop_twist_keyboard/prefix_override:/home/yahboom/Desktop/S26_RobotProgramming_Crystal/Lab4/Lab/roscourse_ws/install/teleop_twist_keyboard/lib/python3.10/site-packages:${PYTHONPATH} /usr/bin/python3 -W ignore:setup.py install is deprecated setup.py egg_info --egg-base ../../build/teleop_twist_keyboard build --build-base /home/yahboom/Desktop/S26_RobotProgramming_Crystal/Lab4/Lab/roscourse_ws/build/teleop_twist_keyboard/build install --record /home/yahboom/Desktop/S26_RobotProgramming_Crystal/Lab4/Lab/roscourse_ws/build/teleop_twist_keyboard/install.log --single-version-externally-managed install_data
[2.296s] Level 1:colcon.colcon_core.environment:create_environment_scripts_only(turtle_interfaces)
[2.297s] Level 1:colcon.colcon_core.environment:checking '/home/yahboom/Desktop/S26_RobotProgramming_Crystal/Lab4/Lab/roscourse_ws/install/turtle_interfaces' for CMake module files
[2.298s] Level 1:colcon.colcon_core.environment:checking '/home/yahboom/Desktop/S26_RobotProgramming_Crystal/Lab4/Lab/roscourse_ws/install/turtle_interfaces' for CMake config files
[2.299s] Level 1:colcon.colcon_core.shell:create_environment_hook('turtle_interfaces', 'cmake_prefix_path')
[2.299s] INFO:colcon.colcon_core.shell:Creating environment hook '/home/yahboom/Desktop/S26_RobotProgramming_Crystal/Lab4/Lab/roscourse_ws/install/turtle_interfaces/share/turtle_interfaces/hook/cmake_prefix_path.ps1'
[2.300s] INFO:colcon.colcon_core.shell:Creating environment descriptor '/home/yahboom/Desktop/S26_RobotProgramming_Crystal/Lab4/Lab/roscourse_ws/install/turtle_interfaces/share/turtle_interfaces/hook/cmake_prefix_path.dsv'
[2.300s] INFO:colcon.colcon_core.shell:Creating environment hook '/home/yahboom/Desktop/S26_RobotProgramming_Crystal/Lab4/Lab/roscourse_ws/install/turtle_interfaces/share/turtle_interfaces/hook/cmake_prefix_path.sh'
[2.301s] Level 1:colcon.colcon_core.environment:checking '/home/yahboom/Desktop/S26_RobotProgramming_Crystal/Lab4/Lab/roscourse_ws/install/turtle_interfaces/lib'
[2.301s] Level 1:colcon.colcon_core.shell:create_environment_hook('turtle_interfaces', 'ld_library_path_lib')
[2.302s] INFO:colcon.colcon_core.shell:Creating environment hook '/home/yahboom/Desktop/S26_RobotProgramming_Crystal/Lab4/Lab/roscourse_ws/install/turtle_interfaces/share/turtle_interfaces/hook/ld_library_path_lib.ps1'
[2.303s] INFO:colcon.colcon_core.shell:Creating environment descriptor '/home/yahboom/Desktop/S26_RobotProgramming_Crystal/Lab4/Lab/roscourse_ws/install/turtle_interfaces/share/turtle_interfaces/hook/ld_library_path_lib.dsv'
[2.303s] INFO:colcon.colcon_core.shell:Creating environment hook '/home/yahboom/Desktop/S26_RobotProgramming_Crystal/Lab4/Lab/roscourse_ws/install/turtle_interfaces/share/turtle_interfaces/hook/ld_library_path_lib.sh'
[2.304s] Level 1:colcon.colcon_core.environment:checking '/home/yahboom/Desktop/S26_RobotProgramming_Crystal/Lab4/Lab/roscourse_ws/install/turtle_interfaces/bin'
[2.304s] Level 1:colcon.colcon_core.environment:checking '/home/yahboom/Desktop/S26_RobotProgramming_Crystal/Lab4/Lab/roscourse_ws/install/turtle_interfaces/lib/pkgconfig/turtle_interfaces.pc'
[2.305s] Level 1:colcon.colcon_core.environment:checking '/home/yahboom/Desktop/S26_RobotProgramming_Crystal/Lab4/Lab/roscourse_ws/install/turtle_interfaces/lib/python3.10/site-packages'
[2.305s] Level 1:colcon.colcon_core.environment:checking '/home/yahboom/Desktop/S26_RobotProgramming_Crystal/Lab4/Lab/roscourse_ws/install/turtle_interfaces/bin'
[2.305s] INFO:colcon.colcon_core.shell:Creating package script '/home/yahboom/Desktop/S26_RobotProgramming_Crystal/Lab4/Lab/roscourse_ws/install/turtle_interfaces/share/turtle_interfaces/package.ps1'
[2.306s] INFO:colcon.colcon_core.shell:Creating package descriptor '/home/yahboom/Desktop/S26_RobotProgramming_Crystal/Lab4/Lab/roscourse_ws/install/turtle_interfaces/share/turtle_interfaces/package.dsv'
[2.307s] INFO:colcon.colcon_core.shell:Creating package script '/home/yahboom/Desktop/S26_RobotProgramming_Crystal/Lab4/Lab/roscourse_ws/install/turtle_interfaces/share/turtle_interfaces/package.sh'
[2.308s] INFO:colcon.colcon_core.shell:Creating package script '/home/yahboom/Desktop/S26_RobotProgramming_Crystal/Lab4/Lab/roscourse_ws/install/turtle_interfaces/share/turtle_interfaces/package.bash'
[2.308s] INFO:colcon.colcon_core.shell:Creating package script '/home/yahboom/Desktop/S26_RobotProgramming_Crystal/Lab4/Lab/roscourse_ws/install/turtle_interfaces/share/turtle_interfaces/package.zsh'
[2.309s] Level 1:colcon.colcon_core.environment:create_file_with_runtime_dependencies(/home/yahboom/Desktop/S26_RobotProgramming_Crystal/Lab4/Lab/roscourse_ws/install/turtle_interfaces/share/colcon-core/packages/turtle_interfaces)
[2.311s] INFO:colcon.colcon_ros.task.ament_python.build:Building ROS package in '/home/yahboom/Desktop/S26_RobotProgramming_Crystal/Lab4/Lab/roscourse_ws/src/python_turtle' with build type 'ament_python'
[2.311s] Level 1:colcon.colcon_core.shell:create_environment_hook('python_turtle', 'ament_prefix_path')
[2.312s] INFO:colcon.colcon_core.shell:Creating environment hook '/home/yahboom/Desktop/S26_RobotProgramming_Crystal/Lab4/Lab/roscourse_ws/install/python_turtle/share/python_turtle/hook/ament_prefix_path.ps1'
[2.312s] INFO:colcon.colcon_core.shell:Creating environment descriptor '/home/yahboom/Desktop/S26_RobotProgramming_Crystal/Lab4/Lab/roscourse_ws/install/python_turtle/share/python_turtle/hook/ament_prefix_path.dsv'
[2.313s] INFO:colcon.colcon_core.shell:Creating environment hook '/home/yahboom/Desktop/S26_RobotProgramming_Crystal/Lab4/Lab/roscourse_ws/install/python_turtle/share/python_turtle/hook/ament_prefix_path.sh'
[2.314s] INFO:colcon.colcon_core.shell:Skip shell extension 'powershell' for command environment: Not usable outside of PowerShell
[2.314s] DEBUG:colcon.colcon_core.shell:Skip shell extension 'dsv' for command environment
[2.746s] INFO:colcon.colcon_core.task.python.build:Building Python package in '/home/yahboom/Desktop/S26_RobotProgramming_Crystal/Lab4/Lab/roscourse_ws/src/python_turtle'
[2.747s] INFO:colcon.colcon_core.shell:Skip shell extension 'powershell' for command environment: Not usable outside of PowerShell
[2.747s] DEBUG:colcon.colcon_core.shell:Skip shell extension 'dsv' for command environment
[2.759s] Level 1:colcon.colcon_core.environment:checking '/home/yahboom/Desktop/S26_RobotProgramming_Crystal/Lab4/Lab/roscourse_ws/install/teleop_twist_keyboard' for CMake module files
[2.762s] DEBUG:colcon.colcon_core.event_handler.log_command:Invoked command in '/home/yahboom/Desktop/S26_RobotProgramming_Crystal/Lab4/Lab/roscourse_ws/src/teleop_twist_keyboard' returned '0': PYTHONPATH=/home/yahboom/Desktop/S26_RobotProgramming_Crystal/Lab4/Lab/roscourse_ws/build/teleop_twist_keyboard/prefix_override:/home/yahboom/Desktop/S26_RobotProgramming_Crystal/Lab4/Lab/roscourse_ws/install/teleop_twist_keyboard/lib/python3.10/site-packages:${PYTHONPATH} /usr/bin/python3 -W ignore:setup.py install is deprecated setup.py egg_info --egg-base ../../build/teleop_twist_keyboard build --build-base /home/yahboom/Desktop/S26_RobotProgramming_Crystal/Lab4/Lab/roscourse_ws/build/teleop_twist_keyboard/build install --record /home/yahboom/Desktop/S26_RobotProgramming_Crystal/Lab4/Lab/roscourse_ws/build/teleop_twist_keyboard/install.log --single-version-externally-managed install_data
[2.762s] Level 1:colcon.colcon_core.environment:checking '/home/yahboom/Desktop/S26_RobotProgramming_Crystal/Lab4/Lab/roscourse_ws/install/teleop_twist_keyboard' for CMake config files
[2.763s] Level 1:colcon.colcon_core.environment:checking '/home/yahboom/Desktop/S26_RobotProgramming_Crystal/Lab4/Lab/roscourse_ws/install/teleop_twist_keyboard/lib'
[2.763s] Level 1:colcon.colcon_core.environment:checking '/home/yahboom/Desktop/S26_RobotProgramming_Crystal/Lab4/Lab/roscourse_ws/install/teleop_twist_keyboard/bin'
[2.763s] Level 1:colcon.colcon_core.environment:checking '/home/yahboom/Desktop/S26_RobotProgramming_Crystal/Lab4/Lab/roscourse_ws/install/teleop_twist_keyboard/lib/pkgconfig/teleop_twist_keyboard.pc'
[2.763s] Level 1:colcon.colcon_core.environment:checking '/home/yahboom/Desktop/S26_RobotProgramming_Crystal/Lab4/Lab/roscourse_ws/install/teleop_twist_keyboard/lib/python3.10/site-packages'
[2.763s] Level 1:colcon.colcon_core.shell:create_environment_hook('teleop_twist_keyboard', 'pythonpath')
[2.764s] INFO:colcon.colcon_core.shell:Creating environment hook '/home/yahboom/Desktop/S26_RobotProgramming_Crystal/Lab4/Lab/roscourse_ws/install/teleop_twist_keyboard/share/teleop_twist_keyboard/hook/pythonpath.ps1'
[2.764s] INFO:colcon.colcon_core.shell:Creating environment descriptor '/home/yahboom/Desktop/S26_RobotProgramming_Crystal/Lab4/Lab/roscourse_ws/install/teleop_twist_keyboard/share/teleop_twist_keyboard/hook/pythonpath.dsv'
[2.765s] INFO:colcon.colcon_core.shell:Creating environment hook '/home/yahboom/Desktop/S26_RobotProgramming_Crystal/Lab4/Lab/roscourse_ws/install/teleop_twist_keyboard/share/teleop_twist_keyboard/hook/pythonpath.sh'
[2.766s] Level 1:colcon.colcon_core.environment:checking '/home/yahboom/Desktop/S26_RobotProgramming_Crystal/Lab4/Lab/roscourse_ws/install/teleop_twist_keyboard/bin'
[2.766s] Level 1:colcon.colcon_core.environment:create_environment_scripts_only(teleop_twist_keyboard)
[2.766s] INFO:colcon.colcon_core.shell:Creating package script '/home/yahboom/Desktop/S26_RobotProgramming_Crystal/Lab4/Lab/roscourse_ws/install/teleop_twist_keyboard/share/teleop_twist_keyboard/package.ps1'
[2.767s] INFO:colcon.colcon_core.shell:Creating package descriptor '/home/yahboom/Desktop/S26_RobotProgramming_Crystal/Lab4/Lab/roscourse_ws/install/teleop_twist_keyboard/share/teleop_twist_keyboard/package.dsv'
[2.768s] INFO:colcon.colcon_core.shell:Creating package script '/home/yahboom/Desktop/S26_RobotProgramming_Crystal/Lab4/Lab/roscourse_ws/install/teleop_twist_keyboard/share/teleop_twist_keyboard/package.sh'
[2.768s] INFO:colcon.colcon_core.shell:Creating package script '/home/yahboom/Desktop/S26_RobotProgramming_Crystal/Lab4/Lab/roscourse_ws/install/teleop_twist_keyboard/share/teleop_twist_keyboard/package.bash'
[2.769s] INFO:colcon.colcon_core.shell:Creating package script '/home/yahboom/Desktop/S26_RobotProgramming_Crystal/Lab4/Lab/roscourse_ws/install/teleop_twist_keyboard/share/teleop_twist_keyboard/package.zsh'
[2.770s] Level 1:colcon.colcon_core.environment:create_file_with_runtime_dependencies(/home/yahboom/Desktop/S26_RobotProgramming_Crystal/Lab4/Lab/roscourse_ws/install/teleop_twist_keyboard/share/colcon-core/packages/teleop_twist_keyboard)
[2.771s] Level 1:colcon.colcon_core.environment:checking '/home/yahboom/Desktop/S26_RobotProgramming_Crystal/Lab4/Lab/roscourse_ws/install/webcam' for CMake module files
[2.772s] Level 1:colcon.colcon_core.environment:checking '/home/yahboom/Desktop/S26_RobotProgramming_Crystal/Lab4/Lab/roscourse_ws/install/webcam' for CMake config files
[2.773s] Level 1:colcon.colcon_core.environment:checking '/home/yahboom/Desktop/S26_RobotProgramming_Crystal/Lab4/Lab/roscourse_ws/install/webcam/lib'
[2.773s] Level 1:colcon.colcon_core.environment:checking '/home/yahboom/Desktop/S26_RobotProgramming_Crystal/Lab4/Lab/roscourse_ws/install/webcam/bin'
[2.773s] Level 1:colcon.colcon_core.environment:checking '/home/yahboom/Desktop/S26_RobotProgramming_Crystal/Lab4/Lab/roscourse_ws/install/webcam/lib/pkgconfig/webcam.pc'
[2.773s] Level 1:colcon.colcon_core.environment:checking '/home/yahboom/Desktop/S26_RobotProgramming_Crystal/Lab4/Lab/roscourse_ws/install/webcam/lib/python3.10/site-packages'
[2.773s] Level 1:colcon.colcon_core.shell:create_environment_hook('webcam', 'pythonpath')
[2.774s] INFO:colcon.colcon_core.shell:Creating environment hook '/home/yahboom/Desktop/S26_RobotProgramming_Crystal/Lab4/Lab/roscourse_ws/install/webcam/share/webcam/hook/pythonpath.ps1'
[2.775s] DEBUG:colcon.colcon_core.event_handler.log_command:Invoked command in '/home/yahboom/Desktop/S26_RobotProgramming_Crystal/Lab4/Lab/roscourse_ws/src/webcam' returned '0': PYTHONPATH=/home/yahboom/Desktop/S26_RobotProgramming_Crystal/Lab4/Lab/roscourse_ws/build/webcam/prefix_override:/home/yahboom/Desktop/S26_RobotProgramming_Crystal/Lab4/Lab/roscourse_ws/install/webcam/lib/python3.10/site-packages:${PYTHONPATH} /usr/bin/python3 -W ignore:setup.py install is deprecated setup.py egg_info --egg-base ../../build/webcam build --build-base /home/yahboom/Desktop/S26_RobotProgramming_Crystal/Lab4/Lab/roscourse_ws/build/webcam/build install --record /home/yahboom/Desktop/S26_RobotProgramming_Crystal/Lab4/Lab/roscourse_ws/build/webcam/install.log --single-version-externally-managed install_data
[2.775s] INFO:colcon.colcon_core.shell:Creating environment descriptor '/home/yahboom/Desktop/S26_RobotProgramming_Crystal/Lab4/Lab/roscourse_ws/install/webcam/share/webcam/hook/pythonpath.dsv'
[2.775s] INFO:colcon.colcon_core.shell:Creating environment hook '/home/yahboom/Desktop/S26_RobotProgramming_Crystal/Lab4/Lab/roscourse_ws/install/webcam/share/webcam/hook/pythonpath.sh'
[2.776s] Level 1:colcon.colcon_core.environment:checking '/home/yahboom/Desktop/S26_RobotProgramming_Crystal/Lab4/Lab/roscourse_ws/install/webcam/bin'
[2.776s] Level 1:colcon.colcon_core.environment:create_environment_scripts_only(webcam)
[2.777s] INFO:colcon.colcon_core.shell:Creating package script '/home/yahboom/Desktop/S26_RobotProgramming_Crystal/Lab4/Lab/roscourse_ws/install/webcam/share/webcam/package.ps1'
[2.778s] INFO:colcon.colcon_core.shell:Creating package descriptor '/home/yahboom/Desktop/S26_RobotProgramming_Crystal/Lab4/Lab/roscourse_ws/install/webcam/share/webcam/package.dsv'
[2.779s] INFO:colcon.colcon_core.shell:Creating package script '/home/yahboom/Desktop/S26_RobotProgramming_Crystal/Lab4/Lab/roscourse_ws/install/webcam/share/webcam/package.sh'
[2.779s] INFO:colcon.colcon_core.shell:Creating package script '/home/yahboom/Desktop/S26_RobotProgramming_Crystal/Lab4/Lab/roscourse_ws/install/webcam/share/webcam/package.bash'
[2.780s] INFO:colcon.colcon_core.shell:Creating package script '/home/yahboom/Desktop/S26_RobotProgramming_Crystal/Lab4/Lab/roscourse_ws/install/webcam/share/webcam/package.zsh'
[2.780s] Level 1:colcon.colcon_core.environment:create_file_with_runtime_dependencies(/home/yahboom/Desktop/S26_RobotProgramming_Crystal/Lab4/Lab/roscourse_ws/install/webcam/share/colcon-core/packages/webcam)
[3.236s] DEBUG:colcon.colcon_core.event_handler.log_command:Invoking command in '/home/yahboom/Desktop/S26_RobotProgramming_Crystal/Lab4/Lab/roscourse_ws/src/python_turtle': AMENT_PREFIX_PATH=/home/yahboom/Desktop/S26_RobotProgramming_Crystal/lab3/Carsto/Lab/resource_ws/install/turtle_interfaces:${AMENT_PREFIX_PATH} LD_LIBRARY_PATH=/home/yahboom/Desktop/S26_RobotProgramming_Crystal/lab3/Carsto/Lab/resource_ws/install/turtle_interfaces/lib:/home/yahboom/Desktop/S26_RobotProgramming_Crystal/Lab4/Lab/roscourse_ws/install/turtle_interfaces/lib:/home/yahboom/cartoros2/install/yahboom_web_savmap_interfaces/lib:/home/yahboom/cartoros2/install/yahboom_msgs/lib:/home/yahboom/cartoros2/install/yahboom_color_identify_interfaces/lib:/home/yahboom/cartoros2/install/yahboom_attitude_record_interfaces/lib:/home/yahboom/cartoros2/install/nav2_smoother/lib:/home/yahboom/cartoros2/install/nav2_graceful_controller/lib:/home/yahboom/cartoros2/install/nav2_controller/lib:/home/yahboom/cartoros2/install/dwb_plugins/lib:/home/yahboom/cartoros2/install/dwb_critics/lib:/home/yahboom/cartoros2/install/dwb_core/lib:/home/yahboom/cartoros2/install/nav_2d_utils/lib:/home/yahboom/cartoros2/install/dwb_msgs/lib:/home/yahboom/cartoros2/install/nav_2d_msgs/lib:/home/yahboom/cartoros2/install/nav2_waypoint_follower/lib:/home/yahboom/cartoros2/install/nav2_theta_star_planner/lib:/home/yahboom/cartoros2/install/nav2_smac_planner/lib:/home/yahboom/cartoros2/install/nav2_rotation_shim_controller/lib:/home/yahboom/cartoros2/install/nav2_regulated_pure_pursuit_controller/lib:/home/yahboom/cartoros2/install/nav2_planner/lib:/home/yahboom/cartoros2/install/nav2_navfn_planner/lib:/home/yahboom/cartoros2/install/nav2_mppi_controller/lib:/home/yahboom/cartoros2/install/nav2_constrained_smoother/lib:/home/yahboom/cartoros2/install/nav2_bt_navigator/lib:/home/yahboom/cartoros2/install/nav2_behaviors/lib:/home/yahboom/cartoros2/install/nav2_collision_monitor/lib:/home/yahboom/cartoros2/install/costmap_queue/lib:/home/yahboom/cartoros2/install/nav2_costmap_2d/lib:/home/yahboom/cartoros2/install/nav2_voxel_grid/lib:/home/yahboom/cartoros2/install/nav2_velocity_smoother/lib:/home/yahboom/cartoros2/install/nav2_rviz_plugins/lib:/home/yahboom/cartoros2/install/nav2_map_server/lib:/home/yahboom/cartoros2/install/nav2_lifecycle_manager/lib:/home/yahboom/cartoros2/install/nav2_behavior_tree/lib:/home/yahboom/cartoros2/install/nav2_amcl/lib:/home/yahboom/cartoros2/install/nav2_util/lib:/home/yahboom/cartoros2/install/nav2_msgs/lib:/home/yahboom/cartoros2/install/image_color_lab/lib:/home/yahboom/cartoros2/install/dynamixel_sdk_custom_interfaces/lib:/home/yahboom/cartoros2/install/dynamixel_sdk/lib:/home/yahboom/cartoros2/install/csm/lib:/home/yahboom/cartoros2/install/champ_msgs/lib:/home/yahboom/cartoros2/install/cartographer_ros_msgs/lib:/home/yahboom/yahboomcar_ws/install/yahboom_dog_msgs/lib:/home/yahboom/yahboomcar_ws/install/dynamixel_sdk_custom_interfaces/lib:/home/yahboom/yahboomcar_ws/install/dynamixel_sdk/lib:/home/yahboom/yahboomcar_ws/install/champ_msgs/lib:/home/yahboom/gmapping_ws/install/openslam_gmapping/lib:/usr/lib/x86_64-linux-gnu/gazebo-11/plugins:/opt/ros/humble/opt/rviz_ogre_vendor/lib:/opt/ros/humble/lib/x86_64-linux-gnu:/opt/ros/humble/lib:/opt/ros/humble/include/std_msgs/std_msgs/msg/:/usr/lib/jvm/java-11-openjdk-amd64/lib/:/usr/lib/jvm/java-11-openjdk-amd64/lib/server/ PYTHONPATH=/home/yahboom/Desktop/S26_RobotProgramming_Crystal/Lab4/Lab/roscourse_ws/build/python_turtle/prefix_override:/home/yahboom/Desktop/S26_RobotProgramming_Crystal/Lab4/Lab/roscourse_ws/install/python_turtle/lib/python3.10/site-packages:/home/yahboom/Desktop/S26_RobotProgramming_Crystal/lab3/Carsto/Lab/resource_ws/install/turtle_interfaces/local/lib/python3.10/dist-packages:${PYTHONPATH} /usr/bin/python3 -W ignore:setup.py install is deprecated setup.py egg_info --egg-base ../../build/python_turtle build --build-base /home/yahboom/Desktop/S26_RobotProgramming_Crystal/Lab4/Lab/roscourse_ws/build/python_turtle/build install --record /home/yahboom/Desktop/S26_RobotProgramming_Crystal/Lab4/Lab/roscourse_ws/build/python_turtle/install.log --single-version-externally-managed install_data
[3.624s] Level 1:colcon.colcon_core.environment:checking '/home/yahboom/Desktop/S26_RobotProgramming_Crystal/Lab4/Lab/roscourse_ws/install/python_turtle' for CMake module files
[3.625s] Level 1:colcon.colcon_core.environment:checking '/home/yahboom/Desktop/S26_RobotProgramming_Crystal/Lab4/Lab/roscourse_ws/install/python_turtle' for CMake config files
[3.627s] DEBUG:colcon.colcon_core.event_handler.log_command:Invoked command in '/home/yahboom/Desktop/S26_RobotProgramming_Crystal/Lab4/Lab/roscourse_ws/src/python_turtle' returned '0': AMENT_PREFIX_PATH=/home/yahboom/Desktop/S26_RobotProgramming_Crystal/lab3/Carsto/Lab/resource_ws/install/turtle_interfaces:${AMENT_PREFIX_PATH} LD_LIBRARY_PATH=/home/yahboom/Desktop/S26_RobotProgramming_Crystal/lab3/Carsto/Lab/resource_ws/install/turtle_interfaces/lib:/home/yahboom/Desktop/S26_RobotProgramming_Crystal/Lab4/Lab/roscourse_ws/install/turtle_interfaces/lib:/home/yahboom/cartoros2/install/yahboom_web_savmap_interfaces/lib:/home/yahboom/cartoros2/install/yahboom_msgs/lib:/home/yahboom/cartoros2/install/yahboom_color_identify_interfaces/lib:/home/yahboom/cartoros2/install/yahboom_attitude_record_interfaces/lib:/home/yahboom/cartoros2/install/nav2_smoother/lib:/home/yahboom/cartoros2/install/nav2_graceful_controller/lib:/home/yahboom/cartoros2/install/nav2_controller/lib:/home/yahboom/cartoros2/install/dwb_plugins/lib:/home/yahboom/cartoros2/install/dwb_critics/lib:/home/yahboom/cartoros2/install/dwb_core/lib:/home/yahboom/cartoros2/install/nav_2d_utils/lib:/home/yahboom/cartoros2/install/dwb_msgs/lib:/home/yahboom/cartoros2/install/nav_2d_msgs/lib:/home/yahboom/cartoros2/install/nav2_waypoint_follower/lib:/home/yahboom/cartoros2/install/nav2_theta_star_planner/lib:/home/yahboom/cartoros2/install/nav2_smac_planner/lib:/home/yahboom/cartoros2/install/nav2_rotation_shim_controller/lib:/home/yahboom/cartoros2/install/nav2_regulated_pure_pursuit_controller/lib:/home/yahboom/cartoros2/install/nav2_planner/lib:/home/yahboom/cartoros2/install/nav2_navfn_planner/lib:/home/yahboom/cartoros2/install/nav2_mppi_controller/lib:/home/yahboom/cartoros2/install/nav2_constrained_smoother/lib:/home/yahboom/cartoros2/install/nav2_bt_navigator/lib:/home/yahboom/cartoros2/install/nav2_behaviors/lib:/home/yahboom/cartoros2/install/nav2_collision_monitor/lib:/home/yahboom/cartoros2/install/costmap_queue/lib:/home/yahboom/cartoros2/install/nav2_costmap_2d/lib:/home/yahboom/cartoros2/install/nav2_voxel_grid/lib:/home/yahboom/cartoros2/install/nav2_velocity_smoother/lib:/home/yahboom/cartoros2/install/nav2_rviz_plugins/lib:/home/yahboom/cartoros2/install/nav2_map_server/lib:/home/yahboom/cartoros2/install/nav2_lifecycle_manager/lib:/home/yahboom/cartoros2/install/nav2_behavior_tree/lib:/home/yahboom/cartoros2/install/nav2_amcl/lib:/home/yahboom/cartoros2/install/nav2_util/lib:/home/yahboom/cartoros2/install/nav2_msgs/lib:/home/yahboom/cartoros2/install/image_color_lab/lib:/home/yahboom/cartoros2/install/dynamixel_sdk_custom_interfaces/lib:/home/yahboom/cartoros2/install/dynamixel_sdk/lib:/home/yahboom/cartoros2/install/csm/lib:/home/yahboom/cartoros2/install/champ_msgs/lib:/home/yahboom/cartoros2/install/cartographer_ros_msgs/lib:/home/yahboom/yahboomcar_ws/install/yahboom_dog_msgs/lib:/home/yahboom/yahboomcar_ws/install/dynamixel_sdk_custom_interfaces/lib:/home/yahboom/yahboomcar_ws/install/dynamixel_sdk/lib:/home/yahboom/yahboomcar_ws/install/champ_msgs/lib:/home/yahboom/gmapping_ws/install/openslam_gmapping/lib:/usr/lib/x86_64-linux-gnu/gazebo-11/plugins:/opt/ros/humble/opt/rviz_ogre_vendor/lib:/opt/ros/humble/lib/x86_64-linux-gnu:/opt/ros/humble/lib:/opt/ros/humble/include/std_msgs/std_msgs/msg/:/usr/lib/jvm/java-11-openjdk-amd64/lib/:/usr/lib/jvm/java-11-openjdk-amd64/lib/server/ PYTHONPATH=/home/yahboom/Desktop/S26_RobotProgramming_Crystal/Lab4/Lab/roscourse_ws/build/python_turtle/prefix_override:/home/yahboom/Desktop/S26_RobotProgramming_Crystal/Lab4/Lab/roscourse_ws/install/python_turtle/lib/python3.10/site-packages:/home/yahboom/Desktop/S26_RobotProgramming_Crystal/lab3/Carsto/Lab/resource_ws/install/turtle_interfaces/local/lib/python3.10/dist-packages:${PYTHONPATH} /usr/bin/python3 -W ignore:setup.py install is deprecated setup.py egg_info --egg-base ../../build/python_turtle build --build-base /home/yahboom/Desktop/S26_RobotProgramming_Crystal/Lab4/Lab/roscourse_ws/build/python_turtle/build install --record /home/yahboom/Desktop/S26_RobotProgramming_Crystal/Lab4/Lab/roscourse_ws/build/python_turtle/install.log --single-version-externally-managed install_data
[3.628s] Level 1:colcon.colcon_core.environment:checking '/home/yahboom/Desktop/S26_RobotProgramming_Crystal/Lab4/Lab/roscourse_ws/install/python_turtle/lib'
[3.628s] Level 1:colcon.colcon_core.environment:checking '/home/yahboom/Desktop/S26_RobotProgramming_Crystal/Lab4/Lab/roscourse_ws/install/python_turtle/bin'
[3.628s] Level 1:colcon.colcon_core.environment:checking '/home/yahboom/Desktop/S26_RobotProgramming_Crystal/Lab4/Lab/roscourse_ws/install/python_turtle/lib/pkgconfig/python_turtle.pc'
[3.628s] Level 1:colcon.colcon_core.environment:checking '/home/yahboom/Desktop/S26_RobotProgramming_Crystal/Lab4/Lab/roscourse_ws/install/python_turtle/lib/python3.10/site-packages'
[3.628s] Level 1:colcon.colcon_core.shell:create_environment_hook('python_turtle', 'pythonpath')
[3.629s] INFO:colcon.colcon_core.shell:Creating environment hook '/home/yahboom/Desktop/S26_RobotProgramming_Crystal/Lab4/Lab/roscourse_ws/install/python_turtle/share/python_turtle/hook/pythonpath.ps1'
[3.629s] INFO:colcon.colcon_core.shell:Creating environment descriptor '/home/yahboom/Desktop/S26_RobotProgramming_Crystal/Lab4/Lab/roscourse_ws/install/python_turtle/share/python_turtle/hook/pythonpath.dsv'
[3.630s] INFO:colcon.colcon_core.shell:Creating environment hook '/home/yahboom/Desktop/S26_RobotProgramming_Crystal/Lab4/Lab/roscourse_ws/install/python_turtle/share/python_turtle/hook/pythonpath.sh'
[3.630s] Level 1:colcon.colcon_core.environment:checking '/home/yahboom/Desktop/S26_RobotProgramming_Crystal/Lab4/Lab/roscourse_ws/install/python_turtle/bin'
[3.630s] Level 1:colcon.colcon_core.environment:create_environment_scripts_only(python_turtle)
[3.631s] INFO:colcon.colcon_core.shell:Creating package script '/home/yahboom/Desktop/S26_RobotProgramming_Crystal/Lab4/Lab/roscourse_ws/install/python_turtle/share/python_turtle/package.ps1'
[3.631s] INFO:colcon.colcon_core.shell:Creating package descriptor '/home/yahboom/Desktop/S26_RobotProgramming_Crystal/Lab4/Lab/roscourse_ws/install/python_turtle/share/python_turtle/package.dsv'
[3.632s] INFO:colcon.colcon_core.shell:Creating package script '/home/yahboom/Desktop/S26_RobotProgramming_Crystal/Lab4/Lab/roscourse_ws/install/python_turtle/share/python_turtle/package.sh'
[3.633s] INFO:colcon.colcon_core.shell:Creating package script '/home/yahboom/Desktop/S26_RobotProgramming_Crystal/Lab4/Lab/roscourse_ws/install/python_turtle/share/python_turtle/package.bash'
[3.633s] INFO:colcon.colcon_core.shell:Creating package script '/home/yahboom/Desktop/S26_RobotProgramming_Crystal/Lab4/Lab/roscourse_ws/install/python_turtle/share/python_turtle/package.zsh'
[3.633s] Level 1:colcon.colcon_core.environment:create_file_with_runtime_dependencies(/home/yahboom/Desktop/S26_RobotProgramming_Crystal/Lab4/Lab/roscourse_ws/install/python_turtle/share/colcon-core/packages/python_turtle)
[3.634s] DEBUG:colcon.colcon_parallel_executor.executor.parallel:closing loop
[3.634s] DEBUG:colcon.colcon_parallel_executor.executor.parallel:loop closed
[3.634s] DEBUG:colcon.colcon_parallel_executor.executor.parallel:run_until_complete finished with '0'
[3.635s] DEBUG:colcon.colcon_core.event_reactor:joining thread
[3.643s] INFO:colcon.colcon_core.plugin_system:Skipping extension 'colcon_notification.desktop_notification.terminal_notifier': Not used on non-Darwin systems
[3.643s] INFO:colcon.colcon_core.plugin_system:Skipping extension 'colcon_notification.desktop_notification.win32': Not used on non-Windows systems
[3.643s] INFO:colcon.colcon_notification.desktop_notification:Sending desktop notification using 'notify2'
[3.664s] DEBUG:colcon.colcon_core.event_reactor:joined thread
[3.665s] INFO:colcon.colcon_core.shell:Creating prefix script '/home/yahboom/Desktop/S26_RobotProgramming_Crystal/Lab4/Lab/roscourse_ws/install/local_setup.ps1'
[3.666s] INFO:colcon.colcon_core.shell:Creating prefix util module '/home/yahboom/Desktop/S26_RobotProgramming_Crystal/Lab4/Lab/roscourse_ws/install/_local_setup_util_ps1.py'
[3.668s] INFO:colcon.colcon_core.shell:Creating prefix chain script '/home/yahboom/Desktop/S26_RobotProgramming_Crystal/Lab4/Lab/roscourse_ws/install/setup.ps1'
[3.675s] INFO:colcon.colcon_core.shell:Creating prefix script '/home/yahboom/Desktop/S26_RobotProgramming_Crystal/Lab4/Lab/roscourse_ws/install/local_setup.sh'
[3.676s] INFO:colcon.colcon_core.shell:Creating prefix util module '/home/yahboom/Desktop/S26_RobotProgramming_Crystal/Lab4/Lab/roscourse_ws/install/_local_setup_util_sh.py'
[3.677s] INFO:colcon.colcon_core.shell:Creating prefix chain script '/home/yahboom/Desktop/S26_RobotProgramming_Crystal/Lab4/Lab/roscourse_ws/install/setup.sh'
[3.685s] INFO:colcon.colcon_core.shell:Creating prefix script '/home/yahboom/Desktop/S26_RobotProgramming_Crystal/Lab4/Lab/roscourse_ws/install/local_setup.bash'
[3.686s] INFO:colcon.colcon_core.shell:Creating prefix chain script '/home/yahboom/Desktop/S26_RobotProgramming_Crystal/Lab4/Lab/roscourse_ws/install/setup.bash'
[3.693s] INFO:colcon.colcon_core.shell:Creating prefix script '/home/yahboom/Desktop/S26_RobotProgramming_Crystal/Lab4/Lab/roscourse_ws/install/local_setup.zsh'
[3.694s] INFO:colcon.colcon_core.shell:Creating prefix chain script '/home/yahboom/Desktop/S26_RobotProgramming_Crystal/Lab4/Lab/roscourse_ws/install/setup.zsh'
