[4.230s] Invoking command in '/home/yahboom/roscourse_ws/src/webcam': PYTHONPATH=/home/yahboom/roscourse_ws/build/webcam/prefix_override:/home/yahboom/roscourse_ws/install/webcam/lib/python3.10/site-packages:${PYTHONPATH} /usr/bin/python3 -W ignore:setup.py install is deprecated setup.py egg_info --egg-base ../../build/webcam build --build-base /home/yahboom/roscourse_ws/build/webcam/build install --record /home/yahboom/roscourse_ws/build/webcam/install.log --single-version-externally-managed install_data
[7.590s] running egg_info
[7.597s] writing ../../build/webcam/webcam.egg-info/PKG-INFO
[7.598s] writing dependency_links to ../../build/webcam/webcam.egg-info/dependency_links.txt
[7.599s] writing entry points to ../../build/webcam/webcam.egg-info/entry_points.txt
[7.600s] writing requirements to ../../build/webcam/webcam.egg-info/requires.txt
[7.602s] writing top-level names to ../../build/webcam/webcam.egg-info/top_level.txt
[7.614s] reading manifest file '../../build/webcam/webcam.egg-info/SOURCES.txt'
[7.615s] writing manifest file '../../build/webcam/webcam.egg-info/SOURCES.txt'
[7.616s] running build
[7.617s] running build_py
[7.618s] running install
[7.621s] running install_lib
[7.630s] running install_data
[7.630s] running install_egg_info
[7.638s] removing '/home/yahboom/roscourse_ws/install/webcam/lib/python3.10/site-packages/webcam-0.0.0-py3.10.egg-info' (and everything under it)
[7.645s] Copying ../../build/webcam/webcam.egg-info to /home/yahboom/roscourse_ws/install/webcam/lib/python3.10/site-packages/webcam-0.0.0-py3.10.egg-info
[7.656s] running install_scripts
[7.746s] Installing webcam_pub script to /home/yahboom/roscourse_ws/install/webcam/lib/webcam
[7.746s] Installing webcam_sub script to /home/yahboom/roscourse_ws/install/webcam/lib/webcam
[7.751s] writing list of installed files to '/home/yahboom/roscourse_ws/build/webcam/install.log'
[10.049s] Invoked command in '/home/yahboom/roscourse_ws/src/webcam' returned '0': PYTHONPATH=/home/yahboom/roscourse_ws/build/webcam/prefix_override:/home/yahboom/roscourse_ws/install/webcam/lib/python3.10/site-packages:${PYTHONPATH} /usr/bin/python3 -W ignore:setup.py install is deprecated setup.py egg_info --egg-base ../../build/webcam build --build-base /home/yahboom/roscourse_ws/build/webcam/build install --record /home/yahboom/roscourse_ws/build/webcam/install.log --single-version-externally-managed install_data
