[3.434s] Invoking command in '/home/yahboom/roscourse_ws/src/teleop_twist_keyboard': PYTHONPATH=/home/yahboom/roscourse_ws/build/teleop_twist_keyboard/prefix_override:/home/yahboom/roscourse_ws/install/teleop_twist_keyboard/lib/python3.10/site-packages:${PYTHONPATH} /usr/bin/python3 -W ignore:setup.py install is deprecated setup.py egg_info --egg-base ../../build/teleop_twist_keyboard build --build-base /home/yahboom/roscourse_ws/build/teleop_twist_keyboard/build install --record /home/yahboom/roscourse_ws/build/teleop_twist_keyboard/install.log --single-version-externally-managed install_data
[4.386s] running egg_info
[4.388s] writing ../../build/teleop_twist_keyboard/teleop_twist_keyboard.egg-info/PKG-INFO
[4.390s] writing dependency_links to ../../build/teleop_twist_keyboard/teleop_twist_keyboard.egg-info/dependency_links.txt
[4.392s] writing entry points to ../../build/teleop_twist_keyboard/teleop_twist_keyboard.egg-info/entry_points.txt
[4.392s] writing requirements to ../../build/teleop_twist_keyboard/teleop_twist_keyboard.egg-info/requires.txt
[4.392s] writing top-level names to ../../build/teleop_twist_keyboard/teleop_twist_keyboard.egg-info/top_level.txt
[4.399s] reading manifest file '../../build/teleop_twist_keyboard/teleop_twist_keyboard.egg-info/SOURCES.txt'
[4.400s] adding license file 'LICENSE'
[4.402s] writing manifest file '../../build/teleop_twist_keyboard/teleop_twist_keyboard.egg-info/SOURCES.txt'
[4.403s] running build
[4.403s] running build_py
[4.404s] running install
[4.405s] running install_lib
[4.409s] running install_data
[4.410s] running install_egg_info
[4.415s] removing '/home/yahboom/roscourse_ws/install/teleop_twist_keyboard/lib/python3.10/site-packages/teleop_twist_keyboard-2.4.1-py3.10.egg-info' (and everything under it)
[4.416s] Copying ../../build/teleop_twist_keyboard/teleop_twist_keyboard.egg-info to /home/yahboom/roscourse_ws/install/teleop_twist_keyboard/lib/python3.10/site-packages/teleop_twist_keyboard-2.4.1-py3.10.egg-info
[4.419s] running install_scripts
[4.485s] Installing teleop_twist_keyboard script to /home/yahboom/roscourse_ws/install/teleop_twist_keyboard/lib/teleop_twist_keyboard
[4.485s] writing list of installed files to '/home/yahboom/roscourse_ws/build/teleop_twist_keyboard/install.log'
[4.543s] Invoked command in '/home/yahboom/roscourse_ws/src/teleop_twist_keyboard' returned '0': PYTHONPATH=/home/yahboom/roscourse_ws/build/teleop_twist_keyboard/prefix_override:/home/yahboom/roscourse_ws/install/teleop_twist_keyboard/lib/python3.10/site-packages:${PYTHONPATH} /usr/bin/python3 -W ignore:setup.py install is deprecated setup.py egg_info --egg-base ../../build/teleop_twist_keyboard build --build-base /home/yahboom/roscourse_ws/build/teleop_twist_keyboard/build install --record /home/yahboom/roscourse_ws/build/teleop_twist_keyboard/install.log --single-version-externally-managed install_data
