[0.507s] DEBUG:colcon:Command line arguments: ['/usr/bin/colcon', 'build']
[0.507s] DEBUG:colcon:Parsed command line arguments: Namespace(log_base=None, log_level=None, verb_name='build', build_base='build', install_base='install', merge_install=False, symlink_install=False, test_result_base=None, continue_on_error=False, executor='parallel', parallel_workers=4, event_handlers=None, ignore_user_meta=False, metas=['./colcon.meta'], base_paths=['.'], packages_ignore=None, packages_ignore_regex=None, paths=None, packages_up_to=None, packages_up_to_regex=None, packages_above=None, packages_above_and_dependencies=None, packages_above_depth=None, packages_select_by_dep=None, packages_skip_by_dep=None, packages_skip_up_to=None, packages_select_build_failed=False, packages_skip_build_finished=False, packages_select_test_failures=False, packages_skip_test_passed=False, packages_select=None, packages_skip=None, packages_select_regex=None, packages_skip_regex=None, packages_start=None, packages_end=None, allow_overriding=[], cmake_args=None, cmake_target=None, cmake_target_skip_unavailable=False, cmake_clean_cache=False, cmake_clean_first=False, cmake_force_configure=False, ament_cmake_args=None, catkin_cmake_args=None, catkin_skip_building_tests=False, verb_parser=<colcon_defaults.argument_parser.defaults.DefaultArgumentsDecorator object at 0x745845f7fe80>, verb_extension=<colcon_core.verb.build.BuildVerb object at 0x745845f7f970>, main=<bound method BuildVerb.main of <colcon_core.verb.build.BuildVerb object at 0x745845f7f970>>)
[1.008s] Level 1:colcon.colcon_core.package_discovery:discover_packages(colcon_meta) check parameters
[1.008s] Level 1:colcon.colcon_core.package_discovery:discover_packages(recursive) check parameters
[1.008s] Level 1:colcon.colcon_core.package_discovery:discover_packages(ignore) check parameters
[1.008s] Level 1:colcon.colcon_core.package_discovery:discover_packages(path) check parameters
[1.008s] Level 1:colcon.colcon_core.package_discovery:discover_packages(colcon_meta) discover
[1.008s] Level 1:colcon.colcon_core.package_discovery:discover_packages(recursive) discover
[1.008s] INFO:colcon.colcon_core.package_discovery:Crawling recursively for packages in '/home/yahboom/roscourse_ws'
[1.008s] Level 1:colcon.colcon_core.package_identification:_identify(.) by extensions ['ignore', 'ignore_ament_install']
[1.008s] Level 1:colcon.colcon_core.package_identification:_identify(.) by extension 'ignore'
[1.008s] Level 1:colcon.colcon_core.package_identification:_identify(.) by extension 'ignore_ament_install'
[1.008s] Level 1:colcon.colcon_core.package_identification:_identify(.) by extensions ['colcon_pkg']
[1.008s] Level 1:colcon.colcon_core.package_identification:_identify(.) by extension 'colcon_pkg'
[1.008s] Level 1:colcon.colcon_core.package_identification:_identify(.) by extensions ['colcon_meta']
[1.008s] Level 1:colcon.colcon_core.package_identification:_identify(.) by extension 'colcon_meta'
[1.008s] Level 1:colcon.colcon_core.package_identification:_identify(.) by extensions ['ros']
[1.008s] Level 1:colcon.colcon_core.package_identification:_identify(.) by extension 'ros'
[1.040s] Level 1:colcon.colcon_core.package_identification:_identify(.) by extensions ['cmake', 'python']
[1.040s] Level 1:colcon.colcon_core.package_identification:_identify(.) by extension 'cmake'
[1.040s] Level 1:colcon.colcon_core.package_identification:_identify(.) by extension 'python'
[1.040s] Level 1:colcon.colcon_core.package_identification:_identify(.) by extensions ['python_setup_py']
[1.040s] Level 1:colcon.colcon_core.package_identification:_identify(.) by extension 'python_setup_py'
[1.041s] Level 1:colcon.colcon_core.package_identification:_identify(build) by extensions ['ignore', 'ignore_ament_install']
[1.041s] Level 1:colcon.colcon_core.package_identification:_identify(build) by extension 'ignore'
[1.041s] Level 1:colcon.colcon_core.package_identification:_identify(build) ignored
[1.041s] Level 1:colcon.colcon_core.package_identification:_identify(install) by extensions ['ignore', 'ignore_ament_install']
[1.041s] Level 1:colcon.colcon_core.package_identification:_identify(install) by extension 'ignore'
[1.041s] Level 1:colcon.colcon_core.package_identification:_identify(install) ignored
[1.041s] Level 1:colcon.colcon_core.package_identification:_identify(log) by extensions ['ignore', 'ignore_ament_install']
[1.041s] Level 1:colcon.colcon_core.package_identification:_identify(log) by extension 'ignore'
[1.041s] Level 1:colcon.colcon_core.package_identification:_identify(log) ignored
[1.041s] Level 1:colcon.colcon_core.package_identification:_identify(src) by extensions ['ignore', 'ignore_ament_install']
[1.041s] Level 1:colcon.colcon_core.package_identification:_identify(src) by extension 'ignore'
[1.041s] Level 1:colcon.colcon_core.package_identification:_identify(src) by extension 'ignore_ament_install'
[1.041s] Level 1:colcon.colcon_core.package_identification:_identify(src) by extensions ['colcon_pkg']
[1.041s] Level 1:colcon.colcon_core.package_identification:_identify(src) by extension 'colcon_pkg'
[1.042s] Level 1:colcon.colcon_core.package_identification:_identify(src) by extensions ['colcon_meta']
[1.042s] Level 1:colcon.colcon_core.package_identification:_identify(src) by extension 'colcon_meta'
[1.042s] Level 1:colcon.colcon_core.package_identification:_identify(src) by extensions ['ros']
[1.042s] Level 1:colcon.colcon_core.package_identification:_identify(src) by extension 'ros'
[1.042s] Level 1:colcon.colcon_core.package_identification:_identify(src) by extensions ['cmake', 'python']
[1.042s] Level 1:colcon.colcon_core.package_identification:_identify(src) by extension 'cmake'
[1.042s] Level 1:colcon.colcon_core.package_identification:_identify(src) by extension 'python'
[1.042s] Level 1:colcon.colcon_core.package_identification:_identify(src) by extensions ['python_setup_py']
[1.042s] Level 1:colcon.colcon_core.package_identification:_identify(src) by extension 'python_setup_py'
[1.042s] Level 1:colcon.colcon_core.package_identification:_identify(src/build) by extensions ['ignore', 'ignore_ament_install']
[1.042s] Level 1:colcon.colcon_core.package_identification:_identify(src/build) by extension 'ignore'
[1.042s] Level 1:colcon.colcon_core.package_identification:_identify(src/build) ignored
[1.042s] Level 1:colcon.colcon_core.package_identification:_identify(src/install) by extensions ['ignore', 'ignore_ament_install']
[1.042s] Level 1:colcon.colcon_core.package_identification:_identify(src/install) by extension 'ignore'
[1.042s] Level 1:colcon.colcon_core.package_identification:_identify(src/install) ignored
[1.042s] Level 1:colcon.colcon_core.package_identification:_identify(src/log) by extensions ['ignore', 'ignore_ament_install']
[1.042s] Level 1:colcon.colcon_core.package_identification:_identify(src/log) by extension 'ignore'
[1.043s] Level 1:colcon.colcon_core.package_identification:_identify(src/log) ignored
[1.043s] Level 1:colcon.colcon_core.package_identification:_identify(src/python_turtle) by extensions ['ignore', 'ignore_ament_install']
[1.043s] Level 1:colcon.colcon_core.package_identification:_identify(src/python_turtle) by extension 'ignore'
[1.043s] Level 1:colcon.colcon_core.package_identification:_identify(src/python_turtle) by extension 'ignore_ament_install'
[1.043s] Level 1:colcon.colcon_core.package_identification:_identify(src/python_turtle) by extensions ['colcon_pkg']
[1.043s] Level 1:colcon.colcon_core.package_identification:_identify(src/python_turtle) by extension 'colcon_pkg'
[1.043s] Level 1:colcon.colcon_core.package_identification:_identify(src/python_turtle) by extensions ['colcon_meta']
[1.043s] Level 1:colcon.colcon_core.package_identification:_identify(src/python_turtle) by extension 'colcon_meta'
[1.043s] Level 1:colcon.colcon_core.package_identification:_identify(src/python_turtle) by extensions ['ros']
[1.043s] Level 1:colcon.colcon_core.package_identification:_identify(src/python_turtle) by extension 'ros'
[1.048s] DEBUG:colcon.colcon_core.package_identification:Package 'src/python_turtle' with type 'ros.ament_python' and name 'python_turtle'
[1.048s] Level 1:colcon.colcon_core.package_identification:_identify(src/turtle_interfaces) by extensions ['ignore', 'ignore_ament_install']
[1.048s] Level 1:colcon.colcon_core.package_identification:_identify(src/turtle_interfaces) by extension 'ignore'
[1.048s] Level 1:colcon.colcon_core.package_identification:_identify(src/turtle_interfaces) by extension 'ignore_ament_install'
[1.048s] Level 1:colcon.colcon_core.package_identification:_identify(src/turtle_interfaces) by extensions ['colcon_pkg']
[1.048s] Level 1:colcon.colcon_core.package_identification:_identify(src/turtle_interfaces) by extension 'colcon_pkg'
[1.048s] Level 1:colcon.colcon_core.package_identification:_identify(src/turtle_interfaces) by extensions ['colcon_meta']
[1.049s] Level 1:colcon.colcon_core.package_identification:_identify(src/turtle_interfaces) by extension 'colcon_meta'
[1.049s] Level 1:colcon.colcon_core.package_identification:_identify(src/turtle_interfaces) by extensions ['ros']
[1.049s] Level 1:colcon.colcon_core.package_identification:_identify(src/turtle_interfaces) by extension 'ros'
[1.050s] DEBUG:colcon.colcon_core.package_identification:Package 'src/turtle_interfaces' with type 'ros.ament_cmake' and name 'turtle_interfaces'
[1.050s] Level 1:colcon.colcon_core.package_identification:_identify(src/webcam) by extensions ['ignore', 'ignore_ament_install']
[1.050s] Level 1:colcon.colcon_core.package_identification:_identify(src/webcam) by extension 'ignore'
[1.050s] Level 1:colcon.colcon_core.package_identification:_identify(src/webcam) by extension 'ignore_ament_install'
[1.050s] Level 1:colcon.colcon_core.package_identification:_identify(src/webcam) by extensions ['colcon_pkg']
[1.050s] Level 1:colcon.colcon_core.package_identification:_identify(src/webcam) by extension 'colcon_pkg'
[1.050s] Level 1:colcon.colcon_core.package_identification:_identify(src/webcam) by extensions ['colcon_meta']
[1.050s] Level 1:colcon.colcon_core.package_identification:_identify(src/webcam) by extension 'colcon_meta'
[1.050s] Level 1:colcon.colcon_core.package_identification:_identify(src/webcam) by extensions ['ros']
[1.050s] Level 1:colcon.colcon_core.package_identification:_identify(src/webcam) by extension 'ros'
[1.051s] DEBUG:colcon.colcon_core.package_identification:Package 'src/webcam' with type 'ros.ament_python' and name 'webcam'
[1.051s] Level 1:colcon.colcon_core.package_discovery:discover_packages(recursive) using defaults
[1.051s] Level 1:colcon.colcon_core.package_discovery:discover_packages(ignore) discover
[1.051s] Level 1:colcon.colcon_core.package_discovery:discover_packages(ignore) using defaults
[1.051s] Level 1:colcon.colcon_core.package_discovery:discover_packages(path) discover
[1.051s] Level 1:colcon.colcon_core.package_discovery:discover_packages(path) using defaults
[1.105s] Level 1:colcon.colcon_core.package_discovery:discover_packages(prefix_path) check parameters
[1.105s] Level 1:colcon.colcon_core.package_discovery:discover_packages(prefix_path) discover
[1.117s] DEBUG:colcon.colcon_installed_package_information.package_discovery:Found 19 installed packages in /home/yahboom/yahboomcar_ws/install
[1.118s] DEBUG:colcon.colcon_installed_package_information.package_discovery:Found 2 installed packages in /home/yahboom/gmapping_ws/install
[1.120s] DEBUG:colcon.colcon_installed_package_information.package_discovery:Found 76 installed packages in /home/yahboom/cartoros2/install
[1.124s] DEBUG:colcon.colcon_installed_package_information.package_discovery:Found 346 installed packages in /opt/ros/humble
[1.128s] Level 1:colcon.colcon_core.package_discovery:discover_packages(prefix_path) using defaults
[1.334s] Level 5:colcon.colcon_core.verb:set package 'turtle_interfaces' build argument 'cmake_args' from command line to 'None'
[1.334s] Level 5:colcon.colcon_core.verb:set package 'turtle_interfaces' build argument 'cmake_target' from command line to 'None'
[1.334s] Level 5:colcon.colcon_core.verb:set package 'turtle_interfaces' build argument 'cmake_target_skip_unavailable' from command line to 'False'
[1.334s] Level 5:colcon.colcon_core.verb:set package 'turtle_interfaces' build argument 'cmake_clean_cache' from command line to 'False'
[1.334s] Level 5:colcon.colcon_core.verb:set package 'turtle_interfaces' build argument 'cmake_clean_first' from command line to 'False'
[1.334s] Level 5:colcon.colcon_core.verb:set package 'turtle_interfaces' build argument 'cmake_force_configure' from command line to 'False'
[1.334s] Level 5:colcon.colcon_core.verb:set package 'turtle_interfaces' build argument 'ament_cmake_args' from command line to 'None'
[1.334s] Level 5:colcon.colcon_core.verb:set package 'turtle_interfaces' build argument 'catkin_cmake_args' from command line to 'None'
[1.334s] Level 5:colcon.colcon_core.verb:set package 'turtle_interfaces' build argument 'catkin_skip_building_tests' from command line to 'False'
[1.334s] DEBUG:colcon.colcon_core.verb:Building package 'turtle_interfaces' with the following arguments: {'ament_cmake_args': None, 'build_base': '/home/yahboom/roscourse_ws/build/turtle_interfaces', 'catkin_cmake_args': None, 'catkin_skip_building_tests': False, 'cmake_args': None, 'cmake_clean_cache': False, 'cmake_clean_first': False, 'cmake_force_configure': False, 'cmake_target': None, 'cmake_target_skip_unavailable': False, 'install_base': '/home/yahboom/roscourse_ws/install/turtle_interfaces', 'merge_install': False, 'path': '/home/yahboom/roscourse_ws/src/turtle_interfaces', 'symlink_install': False, 'test_result_base': None}
[1.335s] Level 5:colcon.colcon_core.verb:set package 'webcam' build argument 'cmake_args' from command line to 'None'
[1.335s] Level 5:colcon.colcon_core.verb:set package 'webcam' build argument 'cmake_target' from command line to 'None'
[1.335s] Level 5:colcon.colcon_core.verb:set package 'webcam' build argument 'cmake_target_skip_unavailable' from command line to 'False'
[1.335s] Level 5:colcon.colcon_core.verb:set package 'webcam' build argument 'cmake_clean_cache' from command line to 'False'
[1.335s] Level 5:colcon.colcon_core.verb:set package 'webcam' build argument 'cmake_clean_first' from command line to 'False'
[1.335s] Level 5:colcon.colcon_core.verb:set package 'webcam' build argument 'cmake_force_configure' from command line to 'False'
[1.335s] Level 5:colcon.colcon_core.verb:set package 'webcam' build argument 'ament_cmake_args' from command line to 'None'
[1.335s] Level 5:colcon.colcon_core.verb:set package 'webcam' build argument 'catkin_cmake_args' from command line to 'None'
[1.335s] Level 5:colcon.colcon_core.verb:set package 'webcam' build argument 'catkin_skip_building_tests' from command line to 'False'
[1.335s] DEBUG:colcon.colcon_core.verb:Building package 'webcam' with the following arguments: {'ament_cmake_args': None, 'build_base': '/home/yahboom/roscourse_ws/build/webcam', 'catkin_cmake_args': None, 'catkin_skip_building_tests': False, 'cmake_args': None, 'cmake_clean_cache': False, 'cmake_clean_first': False, 'cmake_force_configure': False, 'cmake_target': None, 'cmake_target_skip_unavailable': False, 'install_base': '/home/yahboom/roscourse_ws/install/webcam', 'merge_install': False, 'path': '/home/yahboom/roscourse_ws/src/webcam', 'symlink_install': False, 'test_result_base': None}
[1.335s] Level 5:colcon.colcon_core.verb:set package 'python_turtle' build argument 'cmake_args' from command line to 'None'
[1.335s] Level 5:colcon.colcon_core.verb:set package 'python_turtle' build argument 'cmake_target' from command line to 'None'
[1.335s] Level 5:colcon.colcon_core.verb:set package 'python_turtle' build argument 'cmake_target_skip_unavailable' from command line to 'False'
[1.335s] Level 5:colcon.colcon_core.verb:set package 'python_turtle' build argument 'cmake_clean_cache' from command line to 'False'
[1.335s] Level 5:colcon.colcon_core.verb:set package 'python_turtle' build argument 'cmake_clean_first' from command line to 'False'
[1.335s] Level 5:colcon.colcon_core.verb:set package 'python_turtle' build argument 'cmake_force_configure' from command line to 'False'
[1.335s] Level 5:colcon.colcon_core.verb:set package 'python_turtle' build argument 'ament_cmake_args' from command line to 'None'
[1.335s] Level 5:colcon.colcon_core.verb:set package 'python_turtle' build argument 'catkin_cmake_args' from command line to 'None'
[1.335s] Level 5:colcon.colcon_core.verb:set package 'python_turtle' build argument 'catkin_skip_building_tests' from command line to 'False'
[1.335s] DEBUG:colcon.colcon_core.verb:Building package 'python_turtle' with the following arguments: {'ament_cmake_args': None, 'build_base': '/home/yahboom/roscourse_ws/build/python_turtle', 'catkin_cmake_args': None, 'catkin_skip_building_tests': False, 'cmake_args': None, 'cmake_clean_cache': False, 'cmake_clean_first': False, 'cmake_force_configure': False, 'cmake_target': None, 'cmake_target_skip_unavailable': False, 'install_base': '/home/yahboom/roscourse_ws/install/python_turtle', 'merge_install': False, 'path': '/home/yahboom/roscourse_ws/src/python_turtle', 'symlink_install': False, 'test_result_base': None}
[1.336s] INFO:colcon.colcon_core.executor:Executing jobs using 'parallel' executor
[1.337s] DEBUG:colcon.colcon_parallel_executor.executor.parallel:run_until_complete
[1.338s] INFO:colcon.colcon_ros.task.ament_cmake.build:Building ROS package in '/home/yahboom/roscourse_ws/src/turtle_interfaces' with build type 'ament_cmake'
[1.338s] INFO:colcon.colcon_cmake.task.cmake.build:Building CMake package in '/home/yahboom/roscourse_ws/src/turtle_interfaces'
[1.348s] INFO:colcon.colcon_core.plugin_system:Skipping extension 'colcon_core.shell.bat': Not used on non-Windows systems
[1.348s] INFO:colcon.colcon_core.shell:Skip shell extension 'powershell' for command environment: Not usable outside of PowerShell
[1.348s] DEBUG:colcon.colcon_core.shell:Skip shell extension 'dsv' for command environment
[1.361s] INFO:colcon.colcon_ros.task.ament_python.build:Building ROS package in '/home/yahboom/roscourse_ws/src/webcam' with build type 'ament_python'
[1.361s] Level 1:colcon.colcon_core.shell:create_environment_hook('webcam', 'ament_prefix_path')
[1.362s] INFO:colcon.colcon_core.shell:Creating environment hook '/home/yahboom/roscourse_ws/install/webcam/share/webcam/hook/ament_prefix_path.ps1'
[1.365s] INFO:colcon.colcon_core.shell:Creating environment descriptor '/home/yahboom/roscourse_ws/install/webcam/share/webcam/hook/ament_prefix_path.dsv'
[1.366s] INFO:colcon.colcon_core.shell:Creating environment hook '/home/yahboom/roscourse_ws/install/webcam/share/webcam/hook/ament_prefix_path.sh'
[1.367s] INFO:colcon.colcon_core.shell:Skip shell extension 'powershell' for command environment: Not usable outside of PowerShell
[1.367s] DEBUG:colcon.colcon_core.shell:Skip shell extension 'dsv' for command environment
[1.385s] DEBUG:colcon.colcon_core.event_handler.log_command:Invoking command in '/home/yahboom/roscourse_ws/build/turtle_interfaces': CMAKE_PREFIX_PATH=${CMAKE_PREFIX_PATH}:/home/yahboom/cartoros2/install/yahboomcar_nav:/home/yahboom/cartoros2/install/yahboomcar_ctrl:/home/yahboom/cartoros2/install/yahboom_visual:/home/yahboom/cartoros2/install/yahboom_dog_joint_state:/home/yahboom/cartoros2/install/yahboom_description:/home/yahboom/cartoros2/install/yahboom_color_identify_server:/home/yahboom/cartoros2/install/yahboom_bringup:/home/yahboom/cartoros2/install/yahboom_base:/home/yahboom/cartoros2/install/yahboom_app_save_map:/home/yahboom/cartoros2/install/update_map:/home/yahboom/cartoros2/install/rosboard:/home/yahboom/cartoros2/install/path_planner_server:/home/yahboom/cartoros2/install/nav2_simple_commander:/home/yahboom/cartoros2/install/nav2_gazebo_spawner:/home/yahboom/cartoros2/install/localization_server:/home/yahboom/cartoros2/install/laserscan_to_point_pulisher:/home/yahboom/yahboomcar_ws/install/yahboom_dog_example:/opt/ros/humble /usr/bin/cmake --build /home/yahboom/roscourse_ws/build/turtle_interfaces -- -j4 -l4
[1.827s] INFO:colcon.colcon_core.task.python.build:Building Python package in '/home/yahboom/roscourse_ws/src/webcam'
[1.827s] INFO:colcon.colcon_core.shell:Skip shell extension 'powershell' for command environment: Not usable outside of PowerShell
[1.827s] DEBUG:colcon.colcon_core.shell:Skip shell extension 'dsv' for command environment
[2.336s] DEBUG:colcon.colcon_core.event_handler.log_command:Invoked command in '/home/yahboom/roscourse_ws/build/turtle_interfaces' returned '0': CMAKE_PREFIX_PATH=${CMAKE_PREFIX_PATH}:/home/yahboom/cartoros2/install/yahboomcar_nav:/home/yahboom/cartoros2/install/yahboomcar_ctrl:/home/yahboom/cartoros2/install/yahboom_visual:/home/yahboom/cartoros2/install/yahboom_dog_joint_state:/home/yahboom/cartoros2/install/yahboom_description:/home/yahboom/cartoros2/install/yahboom_color_identify_server:/home/yahboom/cartoros2/install/yahboom_bringup:/home/yahboom/cartoros2/install/yahboom_base:/home/yahboom/cartoros2/install/yahboom_app_save_map:/home/yahboom/cartoros2/install/update_map:/home/yahboom/cartoros2/install/rosboard:/home/yahboom/cartoros2/install/path_planner_server:/home/yahboom/cartoros2/install/nav2_simple_commander:/home/yahboom/cartoros2/install/nav2_gazebo_spawner:/home/yahboom/cartoros2/install/localization_server:/home/yahboom/cartoros2/install/laserscan_to_point_pulisher:/home/yahboom/yahboomcar_ws/install/yahboom_dog_example:/opt/ros/humble /usr/bin/cmake --build /home/yahboom/roscourse_ws/build/turtle_interfaces -- -j4 -l4
[2.542s] DEBUG:colcon.colcon_core.event_handler.log_command:Invoking command in '/home/yahboom/roscourse_ws/src/webcam': PYTHONPATH=/home/yahboom/roscourse_ws/build/webcam/prefix_override:/home/yahboom/roscourse_ws/install/webcam/lib/python3.10/site-packages:${PYTHONPATH} /usr/bin/python3 -W ignore:setup.py install is deprecated setup.py egg_info --egg-base ../../build/webcam build --build-base /home/yahboom/roscourse_ws/build/webcam/build install --record /home/yahboom/roscourse_ws/build/webcam/install.log --single-version-externally-managed install_data
[2.793s] DEBUG:colcon.colcon_core.event_handler.log_command:Invoking command in '/home/yahboom/roscourse_ws/build/turtle_interfaces': CMAKE_PREFIX_PATH=${CMAKE_PREFIX_PATH}:/home/yahboom/cartoros2/install/yahboomcar_nav:/home/yahboom/cartoros2/install/yahboomcar_ctrl:/home/yahboom/cartoros2/install/yahboom_visual:/home/yahboom/cartoros2/install/yahboom_dog_joint_state:/home/yahboom/cartoros2/install/yahboom_description:/home/yahboom/cartoros2/install/yahboom_color_identify_server:/home/yahboom/cartoros2/install/yahboom_bringup:/home/yahboom/cartoros2/install/yahboom_base:/home/yahboom/cartoros2/install/yahboom_app_save_map:/home/yahboom/cartoros2/install/update_map:/home/yahboom/cartoros2/install/rosboard:/home/yahboom/cartoros2/install/path_planner_server:/home/yahboom/cartoros2/install/nav2_simple_commander:/home/yahboom/cartoros2/install/nav2_gazebo_spawner:/home/yahboom/cartoros2/install/localization_server:/home/yahboom/cartoros2/install/laserscan_to_point_pulisher:/home/yahboom/yahboomcar_ws/install/yahboom_dog_example:/opt/ros/humble /usr/bin/cmake --install /home/yahboom/roscourse_ws/build/turtle_interfaces
[2.956s] Level 1:colcon.colcon_core.environment:create_environment_scripts_only(turtle_interfaces)
[2.957s] DEBUG:colcon.colcon_core.event_handler.log_command:Invoked command in '/home/yahboom/roscourse_ws/build/turtle_interfaces' returned '0': CMAKE_PREFIX_PATH=${CMAKE_PREFIX_PATH}:/home/yahboom/cartoros2/install/yahboomcar_nav:/home/yahboom/cartoros2/install/yahboomcar_ctrl:/home/yahboom/cartoros2/install/yahboom_visual:/home/yahboom/cartoros2/install/yahboom_dog_joint_state:/home/yahboom/cartoros2/install/yahboom_description:/home/yahboom/cartoros2/install/yahboom_color_identify_server:/home/yahboom/cartoros2/install/yahboom_bringup:/home/yahboom/cartoros2/install/yahboom_base:/home/yahboom/cartoros2/install/yahboom_app_save_map:/home/yahboom/cartoros2/install/update_map:/home/yahboom/cartoros2/install/rosboard:/home/yahboom/cartoros2/install/path_planner_server:/home/yahboom/cartoros2/install/nav2_simple_commander:/home/yahboom/cartoros2/install/nav2_gazebo_spawner:/home/yahboom/cartoros2/install/localization_server:/home/yahboom/cartoros2/install/laserscan_to_point_pulisher:/home/yahboom/yahboomcar_ws/install/yahboom_dog_example:/opt/ros/humble /usr/bin/cmake --install /home/yahboom/roscourse_ws/build/turtle_interfaces
[2.968s] Level 1:colcon.colcon_core.environment:checking '/home/yahboom/roscourse_ws/install/turtle_interfaces' for CMake module files
[2.969s] Level 1:colcon.colcon_core.environment:checking '/home/yahboom/roscourse_ws/install/turtle_interfaces' for CMake config files
[2.971s] Level 1:colcon.colcon_core.shell:create_environment_hook('turtle_interfaces', 'cmake_prefix_path')
[2.971s] INFO:colcon.colcon_core.shell:Creating environment hook '/home/yahboom/roscourse_ws/install/turtle_interfaces/share/turtle_interfaces/hook/cmake_prefix_path.ps1'
[2.972s] INFO:colcon.colcon_core.shell:Creating environment descriptor '/home/yahboom/roscourse_ws/install/turtle_interfaces/share/turtle_interfaces/hook/cmake_prefix_path.dsv'
[2.973s] INFO:colcon.colcon_core.shell:Creating environment hook '/home/yahboom/roscourse_ws/install/turtle_interfaces/share/turtle_interfaces/hook/cmake_prefix_path.sh'
[2.974s] Level 1:colcon.colcon_core.environment:checking '/home/yahboom/roscourse_ws/install/turtle_interfaces/lib'
[2.974s] Level 1:colcon.colcon_core.shell:create_environment_hook('turtle_interfaces', 'ld_library_path_lib')
[2.974s] INFO:colcon.colcon_core.shell:Creating environment hook '/home/yahboom/roscourse_ws/install/turtle_interfaces/share/turtle_interfaces/hook/ld_library_path_lib.ps1'
[2.976s] INFO:colcon.colcon_core.shell:Creating environment descriptor '/home/yahboom/roscourse_ws/install/turtle_interfaces/share/turtle_interfaces/hook/ld_library_path_lib.dsv'
[2.976s] INFO:colcon.colcon_core.shell:Creating environment hook '/home/yahboom/roscourse_ws/install/turtle_interfaces/share/turtle_interfaces/hook/ld_library_path_lib.sh'
[2.977s] Level 1:colcon.colcon_core.environment:checking '/home/yahboom/roscourse_ws/install/turtle_interfaces/bin'
[2.977s] Level 1:colcon.colcon_core.environment:checking '/home/yahboom/roscourse_ws/install/turtle_interfaces/lib/pkgconfig/turtle_interfaces.pc'
[2.977s] Level 1:colcon.colcon_core.environment:checking '/home/yahboom/roscourse_ws/install/turtle_interfaces/lib/python3.10/site-packages'
[2.977s] Level 1:colcon.colcon_core.environment:checking '/home/yahboom/roscourse_ws/install/turtle_interfaces/bin'
[2.978s] INFO:colcon.colcon_core.shell:Creating package script '/home/yahboom/roscourse_ws/install/turtle_interfaces/share/turtle_interfaces/package.ps1'
[2.979s] INFO:colcon.colcon_core.shell:Creating package descriptor '/home/yahboom/roscourse_ws/install/turtle_interfaces/share/turtle_interfaces/package.dsv'
[2.980s] INFO:colcon.colcon_core.shell:Creating package script '/home/yahboom/roscourse_ws/install/turtle_interfaces/share/turtle_interfaces/package.sh'
[2.981s] INFO:colcon.colcon_core.shell:Creating package script '/home/yahboom/roscourse_ws/install/turtle_interfaces/share/turtle_interfaces/package.bash'
[2.983s] INFO:colcon.colcon_core.shell:Creating package script '/home/yahboom/roscourse_ws/install/turtle_interfaces/share/turtle_interfaces/package.zsh'
[2.985s] Level 1:colcon.colcon_core.environment:create_file_with_runtime_dependencies(/home/yahboom/roscourse_ws/install/turtle_interfaces/share/colcon-core/packages/turtle_interfaces)
[3.012s] Level 1:colcon.colcon_core.environment:checking '/home/yahboom/roscourse_ws/install/webcam' for CMake module files
[3.013s] DEBUG:colcon.colcon_core.event_handler.log_command:Invoked command in '/home/yahboom/roscourse_ws/src/webcam' returned '0': PYTHONPATH=/home/yahboom/roscourse_ws/build/webcam/prefix_override:/home/yahboom/roscourse_ws/install/webcam/lib/python3.10/site-packages:${PYTHONPATH} /usr/bin/python3 -W ignore:setup.py install is deprecated setup.py egg_info --egg-base ../../build/webcam build --build-base /home/yahboom/roscourse_ws/build/webcam/build install --record /home/yahboom/roscourse_ws/build/webcam/install.log --single-version-externally-managed install_data
[3.013s] Level 1:colcon.colcon_core.environment:checking '/home/yahboom/roscourse_ws/install/webcam' for CMake config files
[3.015s] Level 1:colcon.colcon_core.environment:checking '/home/yahboom/roscourse_ws/install/webcam/lib'
[3.015s] Level 1:colcon.colcon_core.environment:checking '/home/yahboom/roscourse_ws/install/webcam/bin'
[3.015s] Level 1:colcon.colcon_core.environment:checking '/home/yahboom/roscourse_ws/install/webcam/lib/pkgconfig/webcam.pc'
[3.016s] Level 1:colcon.colcon_core.environment:checking '/home/yahboom/roscourse_ws/install/webcam/lib/python3.10/site-packages'
[3.016s] Level 1:colcon.colcon_core.shell:create_environment_hook('webcam', 'pythonpath')
[3.016s] INFO:colcon.colcon_core.shell:Creating environment hook '/home/yahboom/roscourse_ws/install/webcam/share/webcam/hook/pythonpath.ps1'
[3.017s] INFO:colcon.colcon_core.shell:Creating environment descriptor '/home/yahboom/roscourse_ws/install/webcam/share/webcam/hook/pythonpath.dsv'
[3.017s] INFO:colcon.colcon_core.shell:Creating environment hook '/home/yahboom/roscourse_ws/install/webcam/share/webcam/hook/pythonpath.sh'
[3.018s] Level 1:colcon.colcon_core.environment:checking '/home/yahboom/roscourse_ws/install/webcam/bin'
[3.018s] Level 1:colcon.colcon_core.environment:create_environment_scripts_only(webcam)
[3.018s] INFO:colcon.colcon_core.shell:Creating package script '/home/yahboom/roscourse_ws/install/webcam/share/webcam/package.ps1'
[3.019s] INFO:colcon.colcon_core.shell:Creating package descriptor '/home/yahboom/roscourse_ws/install/webcam/share/webcam/package.dsv'
[3.019s] INFO:colcon.colcon_core.shell:Creating package script '/home/yahboom/roscourse_ws/install/webcam/share/webcam/package.sh'
[3.020s] INFO:colcon.colcon_core.shell:Creating package script '/home/yahboom/roscourse_ws/install/webcam/share/webcam/package.bash'
[3.020s] INFO:colcon.colcon_core.shell:Creating package script '/home/yahboom/roscourse_ws/install/webcam/share/webcam/package.zsh'
[3.021s] Level 1:colcon.colcon_core.environment:create_file_with_runtime_dependencies(/home/yahboom/roscourse_ws/install/webcam/share/colcon-core/packages/webcam)
[3.392s] Level 1:colcon.colcon_core.environment:create_environment_scripts_only(turtle_interfaces)
[3.393s] Level 1:colcon.colcon_core.environment:checking '/home/yahboom/roscourse_ws/install/turtle_interfaces' for CMake module files
[3.394s] Level 1:colcon.colcon_core.environment:checking '/home/yahboom/roscourse_ws/install/turtle_interfaces' for CMake config files
[3.394s] Level 1:colcon.colcon_core.shell:create_environment_hook('turtle_interfaces', 'cmake_prefix_path')
[3.395s] INFO:colcon.colcon_core.shell:Creating environment hook '/home/yahboom/roscourse_ws/install/turtle_interfaces/share/turtle_interfaces/hook/cmake_prefix_path.ps1'
[3.396s] INFO:colcon.colcon_core.shell:Creating environment descriptor '/home/yahboom/roscourse_ws/install/turtle_interfaces/share/turtle_interfaces/hook/cmake_prefix_path.dsv'
[3.396s] INFO:colcon.colcon_core.shell:Creating environment hook '/home/yahboom/roscourse_ws/install/turtle_interfaces/share/turtle_interfaces/hook/cmake_prefix_path.sh'
[3.397s] Level 1:colcon.colcon_core.environment:checking '/home/yahboom/roscourse_ws/install/turtle_interfaces/lib'
[3.397s] Level 1:colcon.colcon_core.shell:create_environment_hook('turtle_interfaces', 'ld_library_path_lib')
[3.397s] INFO:colcon.colcon_core.shell:Creating environment hook '/home/yahboom/roscourse_ws/install/turtle_interfaces/share/turtle_interfaces/hook/ld_library_path_lib.ps1'
[3.398s] INFO:colcon.colcon_core.shell:Creating environment descriptor '/home/yahboom/roscourse_ws/install/turtle_interfaces/share/turtle_interfaces/hook/ld_library_path_lib.dsv'
[3.398s] INFO:colcon.colcon_core.shell:Creating environment hook '/home/yahboom/roscourse_ws/install/turtle_interfaces/share/turtle_interfaces/hook/ld_library_path_lib.sh'
[3.399s] Level 1:colcon.colcon_core.environment:checking '/home/yahboom/roscourse_ws/install/turtle_interfaces/bin'
[3.399s] Level 1:colcon.colcon_core.environment:checking '/home/yahboom/roscourse_ws/install/turtle_interfaces/lib/pkgconfig/turtle_interfaces.pc'
[3.399s] Level 1:colcon.colcon_core.environment:checking '/home/yahboom/roscourse_ws/install/turtle_interfaces/lib/python3.10/site-packages'
[3.399s] Level 1:colcon.colcon_core.environment:checking '/home/yahboom/roscourse_ws/install/turtle_interfaces/bin'
[3.399s] INFO:colcon.colcon_core.shell:Creating package script '/home/yahboom/roscourse_ws/install/turtle_interfaces/share/turtle_interfaces/package.ps1'
[3.400s] INFO:colcon.colcon_core.shell:Creating package descriptor '/home/yahboom/roscourse_ws/install/turtle_interfaces/share/turtle_interfaces/package.dsv'
[3.401s] INFO:colcon.colcon_core.shell:Creating package script '/home/yahboom/roscourse_ws/install/turtle_interfaces/share/turtle_interfaces/package.sh'
[3.401s] INFO:colcon.colcon_core.shell:Creating package script '/home/yahboom/roscourse_ws/install/turtle_interfaces/share/turtle_interfaces/package.bash'
[3.402s] INFO:colcon.colcon_core.shell:Creating package script '/home/yahboom/roscourse_ws/install/turtle_interfaces/share/turtle_interfaces/package.zsh'
[3.403s] Level 1:colcon.colcon_core.environment:create_file_with_runtime_dependencies(/home/yahboom/roscourse_ws/install/turtle_interfaces/share/colcon-core/packages/turtle_interfaces)
[3.403s] INFO:colcon.colcon_ros.task.ament_python.build:Building ROS package in '/home/yahboom/roscourse_ws/src/python_turtle' with build type 'ament_python'
[3.403s] Level 1:colcon.colcon_core.shell:create_environment_hook('python_turtle', 'ament_prefix_path')
[3.404s] INFO:colcon.colcon_core.shell:Creating environment hook '/home/yahboom/roscourse_ws/install/python_turtle/share/python_turtle/hook/ament_prefix_path.ps1'
[3.409s] INFO:colcon.colcon_core.shell:Creating environment descriptor '/home/yahboom/roscourse_ws/install/python_turtle/share/python_turtle/hook/ament_prefix_path.dsv'
[3.409s] INFO:colcon.colcon_core.shell:Creating environment hook '/home/yahboom/roscourse_ws/install/python_turtle/share/python_turtle/hook/ament_prefix_path.sh'
[3.410s] INFO:colcon.colcon_core.shell:Skip shell extension 'powershell' for command environment: Not usable outside of PowerShell
[3.410s] DEBUG:colcon.colcon_core.shell:Skip shell extension 'dsv' for command environment
[3.804s] INFO:colcon.colcon_core.task.python.build:Building Python package in '/home/yahboom/roscourse_ws/src/python_turtle'
[3.805s] INFO:colcon.colcon_core.shell:Skip shell extension 'powershell' for command environment: Not usable outside of PowerShell
[3.805s] DEBUG:colcon.colcon_core.shell:Skip shell extension 'dsv' for command environment
[4.291s] DEBUG:colcon.colcon_core.event_handler.log_command:Invoking command in '/home/yahboom/roscourse_ws/src/python_turtle': AMENT_PREFIX_PATH=/home/yahboom/roscourse_ws/install/turtle_interfaces:${AMENT_PREFIX_PATH} CMAKE_PREFIX_PATH=/home/yahboom/roscourse_ws/install/turtle_interfaces:${CMAKE_PREFIX_PATH} LD_LIBRARY_PATH=/home/yahboom/roscourse_ws/install/turtle_interfaces/lib:/home/yahboom/cartoros2/install/yahboom_web_savmap_interfaces/lib:/home/yahboom/cartoros2/install/yahboom_msgs/lib:/home/yahboom/cartoros2/install/yahboom_color_identify_interfaces/lib:/home/yahboom/cartoros2/install/yahboom_attitude_record_interfaces/lib:/home/yahboom/cartoros2/install/nav2_smoother/lib:/home/yahboom/cartoros2/install/nav2_graceful_controller/lib:/home/yahboom/cartoros2/install/nav2_controller/lib:/home/yahboom/cartoros2/install/dwb_plugins/lib:/home/yahboom/cartoros2/install/dwb_critics/lib:/home/yahboom/cartoros2/install/dwb_core/lib:/home/yahboom/cartoros2/install/nav_2d_utils/lib:/home/yahboom/cartoros2/install/dwb_msgs/lib:/home/yahboom/cartoros2/install/nav_2d_msgs/lib:/home/yahboom/cartoros2/install/nav2_waypoint_follower/lib:/home/yahboom/cartoros2/install/nav2_theta_star_planner/lib:/home/yahboom/cartoros2/install/nav2_smac_planner/lib:/home/yahboom/cartoros2/install/nav2_rotation_shim_controller/lib:/home/yahboom/cartoros2/install/nav2_regulated_pure_pursuit_controller/lib:/home/yahboom/cartoros2/install/nav2_planner/lib:/home/yahboom/cartoros2/install/nav2_navfn_planner/lib:/home/yahboom/cartoros2/install/nav2_mppi_controller/lib:/home/yahboom/cartoros2/install/nav2_constrained_smoother/lib:/home/yahboom/cartoros2/install/nav2_bt_navigator/lib:/home/yahboom/cartoros2/install/nav2_behaviors/lib:/home/yahboom/cartoros2/install/nav2_collision_monitor/lib:/home/yahboom/cartoros2/install/costmap_queue/lib:/home/yahboom/cartoros2/install/nav2_costmap_2d/lib:/home/yahboom/cartoros2/install/nav2_voxel_grid/lib:/home/yahboom/cartoros2/install/nav2_velocity_smoother/lib:/home/yahboom/cartoros2/install/nav2_rviz_plugins/lib:/home/yahboom/cartoros2/install/nav2_map_server/lib:/home/yahboom/cartoros2/install/nav2_lifecycle_manager/lib:/home/yahboom/cartoros2/install/nav2_behavior_tree/lib:/home/yahboom/cartoros2/install/nav2_amcl/lib:/home/yahboom/cartoros2/install/nav2_util/lib:/home/yahboom/cartoros2/install/nav2_msgs/lib:/home/yahboom/cartoros2/install/image_color_lab/lib:/home/yahboom/cartoros2/install/dynamixel_sdk_custom_interfaces/lib:/home/yahboom/cartoros2/install/dynamixel_sdk/lib:/home/yahboom/cartoros2/install/csm/lib:/home/yahboom/cartoros2/install/champ_msgs/lib:/home/yahboom/cartoros2/install/cartographer_ros_msgs/lib:/home/yahboom/yahboomcar_ws/install/yahboom_dog_msgs/lib:/home/yahboom/yahboomcar_ws/install/dynamixel_sdk_custom_interfaces/lib:/home/yahboom/yahboomcar_ws/install/dynamixel_sdk/lib:/home/yahboom/yahboomcar_ws/install/champ_msgs/lib:/home/yahboom/gmapping_ws/install/openslam_gmapping/lib:/usr/lib/x86_64-linux-gnu/gazebo-11/plugins:/opt/ros/humble/opt/rviz_ogre_vendor/lib:/opt/ros/humble/lib/x86_64-linux-gnu:/opt/ros/humble/lib:/opt/ros/humble/include/std_msgs/std_msgs/msg/:/usr/lib/jvm/java-11-openjdk-amd64/lib/:/usr/lib/jvm/java-11-openjdk-amd64/lib/server/ PYTHONPATH=/home/yahboom/roscourse_ws/build/python_turtle/prefix_override:/home/yahboom/roscourse_ws/install/python_turtle/lib/python3.10/site-packages:/home/yahboom/roscourse_ws/install/turtle_interfaces/local/lib/python3.10/dist-packages:${PYTHONPATH} /usr/bin/python3 -W ignore:setup.py install is deprecated setup.py egg_info --egg-base ../../build/python_turtle build --build-base /home/yahboom/roscourse_ws/build/python_turtle/build install --record /home/yahboom/roscourse_ws/build/python_turtle/install.log --single-version-externally-managed install_data
[4.698s] Level 1:colcon.colcon_core.environment:checking '/home/yahboom/roscourse_ws/install/python_turtle' for CMake module files
[4.699s] DEBUG:colcon.colcon_core.event_handler.log_command:Invoked command in '/home/yahboom/roscourse_ws/src/python_turtle' returned '0': AMENT_PREFIX_PATH=/home/yahboom/roscourse_ws/install/turtle_interfaces:${AMENT_PREFIX_PATH} CMAKE_PREFIX_PATH=/home/yahboom/roscourse_ws/install/turtle_interfaces:${CMAKE_PREFIX_PATH} LD_LIBRARY_PATH=/home/yahboom/roscourse_ws/install/turtle_interfaces/lib:/home/yahboom/cartoros2/install/yahboom_web_savmap_interfaces/lib:/home/yahboom/cartoros2/install/yahboom_msgs/lib:/home/yahboom/cartoros2/install/yahboom_color_identify_interfaces/lib:/home/yahboom/cartoros2/install/yahboom_attitude_record_interfaces/lib:/home/yahboom/cartoros2/install/nav2_smoother/lib:/home/yahboom/cartoros2/install/nav2_graceful_controller/lib:/home/yahboom/cartoros2/install/nav2_controller/lib:/home/yahboom/cartoros2/install/dwb_plugins/lib:/home/yahboom/cartoros2/install/dwb_critics/lib:/home/yahboom/cartoros2/install/dwb_core/lib:/home/yahboom/cartoros2/install/nav_2d_utils/lib:/home/yahboom/cartoros2/install/dwb_msgs/lib:/home/yahboom/cartoros2/install/nav_2d_msgs/lib:/home/yahboom/cartoros2/install/nav2_waypoint_follower/lib:/home/yahboom/cartoros2/install/nav2_theta_star_planner/lib:/home/yahboom/cartoros2/install/nav2_smac_planner/lib:/home/yahboom/cartoros2/install/nav2_rotation_shim_controller/lib:/home/yahboom/cartoros2/install/nav2_regulated_pure_pursuit_controller/lib:/home/yahboom/cartoros2/install/nav2_planner/lib:/home/yahboom/cartoros2/install/nav2_navfn_planner/lib:/home/yahboom/cartoros2/install/nav2_mppi_controller/lib:/home/yahboom/cartoros2/install/nav2_constrained_smoother/lib:/home/yahboom/cartoros2/install/nav2_bt_navigator/lib:/home/yahboom/cartoros2/install/nav2_behaviors/lib:/home/yahboom/cartoros2/install/nav2_collision_monitor/lib:/home/yahboom/cartoros2/install/costmap_queue/lib:/home/yahboom/cartoros2/install/nav2_costmap_2d/lib:/home/yahboom/cartoros2/install/nav2_voxel_grid/lib:/home/yahboom/cartoros2/install/nav2_velocity_smoother/lib:/home/yahboom/cartoros2/install/nav2_rviz_plugins/lib:/home/yahboom/cartoros2/install/nav2_map_server/lib:/home/yahboom/cartoros2/install/nav2_lifecycle_manager/lib:/home/yahboom/cartoros2/install/nav2_behavior_tree/lib:/home/yahboom/cartoros2/install/nav2_amcl/lib:/home/yahboom/cartoros2/install/nav2_util/lib:/home/yahboom/cartoros2/install/nav2_msgs/lib:/home/yahboom/cartoros2/install/image_color_lab/lib:/home/yahboom/cartoros2/install/dynamixel_sdk_custom_interfaces/lib:/home/yahboom/cartoros2/install/dynamixel_sdk/lib:/home/yahboom/cartoros2/install/csm/lib:/home/yahboom/cartoros2/install/champ_msgs/lib:/home/yahboom/cartoros2/install/cartographer_ros_msgs/lib:/home/yahboom/yahboomcar_ws/install/yahboom_dog_msgs/lib:/home/yahboom/yahboomcar_ws/install/dynamixel_sdk_custom_interfaces/lib:/home/yahboom/yahboomcar_ws/install/dynamixel_sdk/lib:/home/yahboom/yahboomcar_ws/install/champ_msgs/lib:/home/yahboom/gmapping_ws/install/openslam_gmapping/lib:/usr/lib/x86_64-linux-gnu/gazebo-11/plugins:/opt/ros/humble/opt/rviz_ogre_vendor/lib:/opt/ros/humble/lib/x86_64-linux-gnu:/opt/ros/humble/lib:/opt/ros/humble/include/std_msgs/std_msgs/msg/:/usr/lib/jvm/java-11-openjdk-amd64/lib/:/usr/lib/jvm/java-11-openjdk-amd64/lib/server/ PYTHONPATH=/home/yahboom/roscourse_ws/build/python_turtle/prefix_override:/home/yahboom/roscourse_ws/install/python_turtle/lib/python3.10/site-packages:/home/yahboom/roscourse_ws/install/turtle_interfaces/local/lib/python3.10/dist-packages:${PYTHONPATH} /usr/bin/python3 -W ignore:setup.py install is deprecated setup.py egg_info --egg-base ../../build/python_turtle build --build-base /home/yahboom/roscourse_ws/build/python_turtle/build install --record /home/yahboom/roscourse_ws/build/python_turtle/install.log --single-version-externally-managed install_data
[4.699s] Level 1:colcon.colcon_core.environment:checking '/home/yahboom/roscourse_ws/install/python_turtle' for CMake config files
[4.700s] Level 1:colcon.colcon_core.environment:checking '/home/yahboom/roscourse_ws/install/python_turtle/lib'
[4.701s] Level 1:colcon.colcon_core.environment:checking '/home/yahboom/roscourse_ws/install/python_turtle/bin'
[4.701s] Level 1:colcon.colcon_core.environment:checking '/home/yahboom/roscourse_ws/install/python_turtle/lib/pkgconfig/python_turtle.pc'
[4.701s] Level 1:colcon.colcon_core.environment:checking '/home/yahboom/roscourse_ws/install/python_turtle/lib/python3.10/site-packages'
[4.701s] Level 1:colcon.colcon_core.shell:create_environment_hook('python_turtle', 'pythonpath')
[4.701s] INFO:colcon.colcon_core.shell:Creating environment hook '/home/yahboom/roscourse_ws/install/python_turtle/share/python_turtle/hook/pythonpath.ps1'
[4.702s] INFO:colcon.colcon_core.shell:Creating environment descriptor '/home/yahboom/roscourse_ws/install/python_turtle/share/python_turtle/hook/pythonpath.dsv'
[4.703s] INFO:colcon.colcon_core.shell:Creating environment hook '/home/yahboom/roscourse_ws/install/python_turtle/share/python_turtle/hook/pythonpath.sh'
[4.703s] Level 1:colcon.colcon_core.environment:checking '/home/yahboom/roscourse_ws/install/python_turtle/bin'
[4.703s] Level 1:colcon.colcon_core.environment:create_environment_scripts_only(python_turtle)
[4.704s] INFO:colcon.colcon_core.shell:Creating package script '/home/yahboom/roscourse_ws/install/python_turtle/share/python_turtle/package.ps1'
[4.705s] INFO:colcon.colcon_core.shell:Creating package descriptor '/home/yahboom/roscourse_ws/install/python_turtle/share/python_turtle/package.dsv'
[4.705s] INFO:colcon.colcon_core.shell:Creating package script '/home/yahboom/roscourse_ws/install/python_turtle/share/python_turtle/package.sh'
[4.706s] INFO:colcon.colcon_core.shell:Creating package script '/home/yahboom/roscourse_ws/install/python_turtle/share/python_turtle/package.bash'
[4.706s] INFO:colcon.colcon_core.shell:Creating package script '/home/yahboom/roscourse_ws/install/python_turtle/share/python_turtle/package.zsh'
[4.707s] Level 1:colcon.colcon_core.environment:create_file_with_runtime_dependencies(/home/yahboom/roscourse_ws/install/python_turtle/share/colcon-core/packages/python_turtle)
[4.708s] DEBUG:colcon.colcon_parallel_executor.executor.parallel:closing loop
[4.708s] DEBUG:colcon.colcon_parallel_executor.executor.parallel:loop closed
[4.708s] DEBUG:colcon.colcon_parallel_executor.executor.parallel:run_until_complete finished with '0'
[4.708s] DEBUG:colcon.colcon_core.event_reactor:joining thread
[4.721s] INFO:colcon.colcon_core.plugin_system:Skipping extension 'colcon_notification.desktop_notification.terminal_notifier': Not used on non-Darwin systems
[4.721s] INFO:colcon.colcon_core.plugin_system:Skipping extension 'colcon_notification.desktop_notification.win32': Not used on non-Windows systems
[4.721s] INFO:colcon.colcon_notification.desktop_notification:Sending desktop notification using 'notify2'
[4.746s] DEBUG:colcon.colcon_core.event_reactor:joined thread
[4.747s] INFO:colcon.colcon_core.shell:Creating prefix script '/home/yahboom/roscourse_ws/install/local_setup.ps1'
[4.749s] INFO:colcon.colcon_core.shell:Creating prefix util module '/home/yahboom/roscourse_ws/install/_local_setup_util_ps1.py'
[4.751s] INFO:colcon.colcon_core.shell:Creating prefix chain script '/home/yahboom/roscourse_ws/install/setup.ps1'
[4.757s] INFO:colcon.colcon_core.shell:Creating prefix script '/home/yahboom/roscourse_ws/install/local_setup.sh'
[4.760s] INFO:colcon.colcon_core.shell:Creating prefix util module '/home/yahboom/roscourse_ws/install/_local_setup_util_sh.py'
[4.760s] INFO:colcon.colcon_core.shell:Creating prefix chain script '/home/yahboom/roscourse_ws/install/setup.sh'
[4.767s] INFO:colcon.colcon_core.shell:Creating prefix script '/home/yahboom/roscourse_ws/install/local_setup.bash'
[4.768s] INFO:colcon.colcon_core.shell:Creating prefix chain script '/home/yahboom/roscourse_ws/install/setup.bash'
[4.774s] INFO:colcon.colcon_core.shell:Creating prefix script '/home/yahboom/roscourse_ws/install/local_setup.zsh'
[4.775s] INFO:colcon.colcon_core.shell:Creating prefix chain script '/home/yahboom/roscourse_ws/install/setup.zsh'
