[0.370s] DEBUG:colcon:Command line arguments: ['/usr/bin/colcon', 'build']
[0.370s] DEBUG:colcon:Parsed command line arguments: Namespace(log_base=None, log_level=None, verb_name='build', build_base='build', install_base='install', merge_install=False, symlink_install=False, test_result_base=None, continue_on_error=False, executor='parallel', parallel_workers=4, event_handlers=None, ignore_user_meta=False, metas=['./colcon.meta'], base_paths=['.'], packages_ignore=None, packages_ignore_regex=None, paths=None, packages_up_to=None, packages_up_to_regex=None, packages_above=None, packages_above_and_dependencies=None, packages_above_depth=None, packages_select_by_dep=None, packages_skip_by_dep=None, packages_skip_up_to=None, packages_select_build_failed=False, packages_skip_build_finished=False, packages_select_test_failures=False, packages_skip_test_passed=False, packages_select=None, packages_skip=None, packages_select_regex=None, packages_skip_regex=None, packages_start=None, packages_end=None, allow_overriding=[], cmake_args=None, cmake_target=None, cmake_target_skip_unavailable=False, cmake_clean_cache=False, cmake_clean_first=False, cmake_force_configure=False, ament_cmake_args=None, catkin_cmake_args=None, catkin_skip_building_tests=False, verb_parser=<colcon_defaults.argument_parser.defaults.DefaultArgumentsDecorator object at 0x7b94beb4b2b0>, verb_extension=<colcon_core.verb.build.BuildVerb object at 0x7b94beb4ada0>, main=<bound method BuildVerb.main of <colcon_core.verb.build.BuildVerb object at 0x7b94beb4ada0>>)
[0.962s] Level 1:colcon.colcon_core.package_discovery:discover_packages(colcon_meta) check parameters
[0.962s] Level 1:colcon.colcon_core.package_discovery:discover_packages(recursive) check parameters
[0.962s] Level 1:colcon.colcon_core.package_discovery:discover_packages(ignore) check parameters
[0.962s] Level 1:colcon.colcon_core.package_discovery:discover_packages(path) check parameters
[0.962s] Level 1:colcon.colcon_core.package_discovery:discover_packages(colcon_meta) discover
[0.963s] Level 1:colcon.colcon_core.package_discovery:discover_packages(recursive) discover
[0.963s] INFO:colcon.colcon_core.package_discovery:Crawling recursively for packages in '/home/yahboom/roscourse_ws'
[0.964s] Level 1:colcon.colcon_core.package_identification:_identify(.) by extensions ['ignore', 'ignore_ament_install']
[0.964s] Level 1:colcon.colcon_core.package_identification:_identify(.) by extension 'ignore'
[0.964s] Level 1:colcon.colcon_core.package_identification:_identify(.) by extension 'ignore_ament_install'
[0.964s] Level 1:colcon.colcon_core.package_identification:_identify(.) by extensions ['colcon_pkg']
[0.964s] Level 1:colcon.colcon_core.package_identification:_identify(.) by extension 'colcon_pkg'
[0.964s] Level 1:colcon.colcon_core.package_identification:_identify(.) by extensions ['colcon_meta']
[0.965s] Level 1:colcon.colcon_core.package_identification:_identify(.) by extension 'colcon_meta'
[0.965s] Level 1:colcon.colcon_core.package_identification:_identify(.) by extensions ['ros']
[0.965s] Level 1:colcon.colcon_core.package_identification:_identify(.) by extension 'ros'
[1.015s] Level 1:colcon.colcon_core.package_identification:_identify(.) by extensions ['cmake', 'python']
[1.015s] Level 1:colcon.colcon_core.package_identification:_identify(.) by extension 'cmake'
[1.016s] Level 1:colcon.colcon_core.package_identification:_identify(.) by extension 'python'
[1.016s] Level 1:colcon.colcon_core.package_identification:_identify(.) by extensions ['python_setup_py']
[1.016s] Level 1:colcon.colcon_core.package_identification:_identify(.) by extension 'python_setup_py'
[1.016s] Level 1:colcon.colcon_core.package_identification:_identify(build) by extensions ['ignore', 'ignore_ament_install']
[1.016s] Level 1:colcon.colcon_core.package_identification:_identify(build) by extension 'ignore'
[1.017s] Level 1:colcon.colcon_core.package_identification:_identify(build) ignored
[1.017s] Level 1:colcon.colcon_core.package_identification:_identify(install) by extensions ['ignore', 'ignore_ament_install']
[1.017s] Level 1:colcon.colcon_core.package_identification:_identify(install) by extension 'ignore'
[1.017s] Level 1:colcon.colcon_core.package_identification:_identify(install) ignored
[1.018s] Level 1:colcon.colcon_core.package_identification:_identify(log) by extensions ['ignore', 'ignore_ament_install']
[1.018s] Level 1:colcon.colcon_core.package_identification:_identify(log) by extension 'ignore'
[1.018s] Level 1:colcon.colcon_core.package_identification:_identify(log) ignored
[1.018s] Level 1:colcon.colcon_core.package_identification:_identify(src) by extensions ['ignore', 'ignore_ament_install']
[1.019s] Level 1:colcon.colcon_core.package_identification:_identify(src) by extension 'ignore'
[1.019s] Level 1:colcon.colcon_core.package_identification:_identify(src) by extension 'ignore_ament_install'
[1.019s] Level 1:colcon.colcon_core.package_identification:_identify(src) by extensions ['colcon_pkg']
[1.019s] Level 1:colcon.colcon_core.package_identification:_identify(src) by extension 'colcon_pkg'
[1.020s] Level 1:colcon.colcon_core.package_identification:_identify(src) by extensions ['colcon_meta']
[1.020s] Level 1:colcon.colcon_core.package_identification:_identify(src) by extension 'colcon_meta'
[1.020s] Level 1:colcon.colcon_core.package_identification:_identify(src) by extensions ['ros']
[1.020s] Level 1:colcon.colcon_core.package_identification:_identify(src) by extension 'ros'
[1.020s] Level 1:colcon.colcon_core.package_identification:_identify(src) by extensions ['cmake', 'python']
[1.020s] Level 1:colcon.colcon_core.package_identification:_identify(src) by extension 'cmake'
[1.020s] Level 1:colcon.colcon_core.package_identification:_identify(src) by extension 'python'
[1.021s] Level 1:colcon.colcon_core.package_identification:_identify(src) by extensions ['python_setup_py']
[1.021s] Level 1:colcon.colcon_core.package_identification:_identify(src) by extension 'python_setup_py'
[1.021s] Level 1:colcon.colcon_core.package_identification:_identify(src/build) by extensions ['ignore', 'ignore_ament_install']
[1.021s] Level 1:colcon.colcon_core.package_identification:_identify(src/build) by extension 'ignore'
[1.022s] Level 1:colcon.colcon_core.package_identification:_identify(src/build) ignored
[1.022s] Level 1:colcon.colcon_core.package_identification:_identify(src/install) by extensions ['ignore', 'ignore_ament_install']
[1.022s] Level 1:colcon.colcon_core.package_identification:_identify(src/install) by extension 'ignore'
[1.022s] Level 1:colcon.colcon_core.package_identification:_identify(src/install) ignored
[1.023s] Level 1:colcon.colcon_core.package_identification:_identify(src/log) by extensions ['ignore', 'ignore_ament_install']
[1.023s] Level 1:colcon.colcon_core.package_identification:_identify(src/log) by extension 'ignore'
[1.023s] Level 1:colcon.colcon_core.package_identification:_identify(src/log) ignored
[1.024s] Level 1:colcon.colcon_core.package_identification:_identify(src/python_turtle) by extensions ['ignore', 'ignore_ament_install']
[1.024s] Level 1:colcon.colcon_core.package_identification:_identify(src/python_turtle) by extension 'ignore'
[1.024s] Level 1:colcon.colcon_core.package_identification:_identify(src/python_turtle) by extension 'ignore_ament_install'
[1.024s] Level 1:colcon.colcon_core.package_identification:_identify(src/python_turtle) by extensions ['colcon_pkg']
[1.025s] Level 1:colcon.colcon_core.package_identification:_identify(src/python_turtle) by extension 'colcon_pkg'
[1.025s] Level 1:colcon.colcon_core.package_identification:_identify(src/python_turtle) by extensions ['colcon_meta']
[1.025s] Level 1:colcon.colcon_core.package_identification:_identify(src/python_turtle) by extension 'colcon_meta'
[1.025s] Level 1:colcon.colcon_core.package_identification:_identify(src/python_turtle) by extensions ['ros']
[1.025s] Level 1:colcon.colcon_core.package_identification:_identify(src/python_turtle) by extension 'ros'
[1.031s] DEBUG:colcon.colcon_core.package_identification:Package 'src/python_turtle' with type 'ros.ament_python' and name 'python_turtle'
[1.031s] Level 1:colcon.colcon_core.package_identification:_identify(src/turtle_interfaces) by extensions ['ignore', 'ignore_ament_install']
[1.032s] Level 1:colcon.colcon_core.package_identification:_identify(src/turtle_interfaces) by extension 'ignore'
[1.032s] Level 1:colcon.colcon_core.package_identification:_identify(src/turtle_interfaces) by extension 'ignore_ament_install'
[1.032s] Level 1:colcon.colcon_core.package_identification:_identify(src/turtle_interfaces) by extensions ['colcon_pkg']
[1.032s] Level 1:colcon.colcon_core.package_identification:_identify(src/turtle_interfaces) by extension 'colcon_pkg'
[1.032s] Level 1:colcon.colcon_core.package_identification:_identify(src/turtle_interfaces) by extensions ['colcon_meta']
[1.032s] Level 1:colcon.colcon_core.package_identification:_identify(src/turtle_interfaces) by extension 'colcon_meta'
[1.032s] Level 1:colcon.colcon_core.package_identification:_identify(src/turtle_interfaces) by extensions ['ros']
[1.032s] Level 1:colcon.colcon_core.package_identification:_identify(src/turtle_interfaces) by extension 'ros'
[1.034s] DEBUG:colcon.colcon_core.package_identification:Package 'src/turtle_interfaces' with type 'ros.ament_cmake' and name 'turtle_interfaces'
[1.034s] Level 1:colcon.colcon_core.package_identification:_identify(src/webcam) by extensions ['ignore', 'ignore_ament_install']
[1.034s] Level 1:colcon.colcon_core.package_identification:_identify(src/webcam) by extension 'ignore'
[1.034s] Level 1:colcon.colcon_core.package_identification:_identify(src/webcam) by extension 'ignore_ament_install'
[1.034s] Level 1:colcon.colcon_core.package_identification:_identify(src/webcam) by extensions ['colcon_pkg']
[1.034s] Level 1:colcon.colcon_core.package_identification:_identify(src/webcam) by extension 'colcon_pkg'
[1.034s] Level 1:colcon.colcon_core.package_identification:_identify(src/webcam) by extensions ['colcon_meta']
[1.034s] Level 1:colcon.colcon_core.package_identification:_identify(src/webcam) by extension 'colcon_meta'
[1.035s] Level 1:colcon.colcon_core.package_identification:_identify(src/webcam) by extensions ['ros']
[1.035s] Level 1:colcon.colcon_core.package_identification:_identify(src/webcam) by extension 'ros'
[1.036s] DEBUG:colcon.colcon_core.package_identification:Package 'src/webcam' with type 'ros.ament_python' and name 'webcam'
[1.036s] Level 1:colcon.colcon_core.package_discovery:discover_packages(recursive) using defaults
[1.036s] Level 1:colcon.colcon_core.package_discovery:discover_packages(ignore) discover
[1.036s] Level 1:colcon.colcon_core.package_discovery:discover_packages(ignore) using defaults
[1.036s] Level 1:colcon.colcon_core.package_discovery:discover_packages(path) discover
[1.036s] Level 1:colcon.colcon_core.package_discovery:discover_packages(path) using defaults
[1.090s] Level 1:colcon.colcon_core.package_discovery:discover_packages(prefix_path) check parameters
[1.090s] Level 1:colcon.colcon_core.package_discovery:discover_packages(prefix_path) discover
[1.112s] DEBUG:colcon.colcon_installed_package_information.package_discovery:Found 19 installed packages in /home/yahboom/yahboomcar_ws/install
[1.114s] DEBUG:colcon.colcon_installed_package_information.package_discovery:Found 2 installed packages in /home/yahboom/gmapping_ws/install
[1.122s] DEBUG:colcon.colcon_installed_package_information.package_discovery:Found 76 installed packages in /home/yahboom/cartoros2/install
[1.128s] DEBUG:colcon.colcon_installed_package_information.package_discovery:Found 346 installed packages in /opt/ros/humble
[1.137s] Level 1:colcon.colcon_core.package_discovery:discover_packages(prefix_path) using defaults
[1.281s] Level 5:colcon.colcon_core.verb:set package 'turtle_interfaces' build argument 'cmake_args' from command line to 'None'
[1.281s] Level 5:colcon.colcon_core.verb:set package 'turtle_interfaces' build argument 'cmake_target' from command line to 'None'
[1.281s] Level 5:colcon.colcon_core.verb:set package 'turtle_interfaces' build argument 'cmake_target_skip_unavailable' from command line to 'False'
[1.281s] Level 5:colcon.colcon_core.verb:set package 'turtle_interfaces' build argument 'cmake_clean_cache' from command line to 'False'
[1.281s] Level 5:colcon.colcon_core.verb:set package 'turtle_interfaces' build argument 'cmake_clean_first' from command line to 'False'
[1.281s] Level 5:colcon.colcon_core.verb:set package 'turtle_interfaces' build argument 'cmake_force_configure' from command line to 'False'
[1.281s] Level 5:colcon.colcon_core.verb:set package 'turtle_interfaces' build argument 'ament_cmake_args' from command line to 'None'
[1.281s] Level 5:colcon.colcon_core.verb:set package 'turtle_interfaces' build argument 'catkin_cmake_args' from command line to 'None'
[1.281s] Level 5:colcon.colcon_core.verb:set package 'turtle_interfaces' build argument 'catkin_skip_building_tests' from command line to 'False'
[1.281s] DEBUG:colcon.colcon_core.verb:Building package 'turtle_interfaces' with the following arguments: {'ament_cmake_args': None, 'build_base': '/home/yahboom/roscourse_ws/build/turtle_interfaces', 'catkin_cmake_args': None, 'catkin_skip_building_tests': False, 'cmake_args': None, 'cmake_clean_cache': False, 'cmake_clean_first': False, 'cmake_force_configure': False, 'cmake_target': None, 'cmake_target_skip_unavailable': False, 'install_base': '/home/yahboom/roscourse_ws/install/turtle_interfaces', 'merge_install': False, 'path': '/home/yahboom/roscourse_ws/src/turtle_interfaces', 'symlink_install': False, 'test_result_base': None}
[1.282s] Level 5:colcon.colcon_core.verb:set package 'webcam' build argument 'cmake_args' from command line to 'None'
[1.282s] Level 5:colcon.colcon_core.verb:set package 'webcam' build argument 'cmake_target' from command line to 'None'
[1.282s] Level 5:colcon.colcon_core.verb:set package 'webcam' build argument 'cmake_target_skip_unavailable' from command line to 'False'
[1.282s] Level 5:colcon.colcon_core.verb:set package 'webcam' build argument 'cmake_clean_cache' from command line to 'False'
[1.282s] Level 5:colcon.colcon_core.verb:set package 'webcam' build argument 'cmake_clean_first' from command line to 'False'
[1.282s] Level 5:colcon.colcon_core.verb:set package 'webcam' build argument 'cmake_force_configure' from command line to 'False'
[1.282s] Level 5:colcon.colcon_core.verb:set package 'webcam' build argument 'ament_cmake_args' from command line to 'None'
[1.282s] Level 5:colcon.colcon_core.verb:set package 'webcam' build argument 'catkin_cmake_args' from command line to 'None'
[1.282s] Level 5:colcon.colcon_core.verb:set package 'webcam' build argument 'catkin_skip_building_tests' from command line to 'False'
[1.282s] DEBUG:colcon.colcon_core.verb:Building package 'webcam' with the following arguments: {'ament_cmake_args': None, 'build_base': '/home/yahboom/roscourse_ws/build/webcam', 'catkin_cmake_args': None, 'catkin_skip_building_tests': False, 'cmake_args': None, 'cmake_clean_cache': False, 'cmake_clean_first': False, 'cmake_force_configure': False, 'cmake_target': None, 'cmake_target_skip_unavailable': False, 'install_base': '/home/yahboom/roscourse_ws/install/webcam', 'merge_install': False, 'path': '/home/yahboom/roscourse_ws/src/webcam', 'symlink_install': False, 'test_result_base': None}
[1.283s] Level 5:colcon.colcon_core.verb:set package 'python_turtle' build argument 'cmake_args' from command line to 'None'
[1.283s] Level 5:colcon.colcon_core.verb:set package 'python_turtle' build argument 'cmake_target' from command line to 'None'
[1.283s] Level 5:colcon.colcon_core.verb:set package 'python_turtle' build argument 'cmake_target_skip_unavailable' from command line to 'False'
[1.283s] Level 5:colcon.colcon_core.verb:set package 'python_turtle' build argument 'cmake_clean_cache' from command line to 'False'
[1.284s] Level 5:colcon.colcon_core.verb:set package 'python_turtle' build argument 'cmake_clean_first' from command line to 'False'
[1.284s] Level 5:colcon.colcon_core.verb:set package 'python_turtle' build argument 'cmake_force_configure' from command line to 'False'
[1.284s] Level 5:colcon.colcon_core.verb:set package 'python_turtle' build argument 'ament_cmake_args' from command line to 'None'
[1.284s] Level 5:colcon.colcon_core.verb:set package 'python_turtle' build argument 'catkin_cmake_args' from command line to 'None'
[1.284s] Level 5:colcon.colcon_core.verb:set package 'python_turtle' build argument 'catkin_skip_building_tests' from command line to 'False'
[1.284s] DEBUG:colcon.colcon_core.verb:Building package 'python_turtle' with the following arguments: {'ament_cmake_args': None, 'build_base': '/home/yahboom/roscourse_ws/build/python_turtle', 'catkin_cmake_args': None, 'catkin_skip_building_tests': False, 'cmake_args': None, 'cmake_clean_cache': False, 'cmake_clean_first': False, 'cmake_force_configure': False, 'cmake_target': None, 'cmake_target_skip_unavailable': False, 'install_base': '/home/yahboom/roscourse_ws/install/python_turtle', 'merge_install': False, 'path': '/home/yahboom/roscourse_ws/src/python_turtle', 'symlink_install': False, 'test_result_base': None}
[1.284s] INFO:colcon.colcon_core.executor:Executing jobs using 'parallel' executor
[1.286s] DEBUG:colcon.colcon_parallel_executor.executor.parallel:run_until_complete
[1.287s] INFO:colcon.colcon_ros.task.ament_cmake.build:Building ROS package in '/home/yahboom/roscourse_ws/src/turtle_interfaces' with build type 'ament_cmake'
[1.287s] INFO:colcon.colcon_cmake.task.cmake.build:Building CMake package in '/home/yahboom/roscourse_ws/src/turtle_interfaces'
[1.294s] INFO:colcon.colcon_core.plugin_system:Skipping extension 'colcon_core.shell.bat': Not used on non-Windows systems
[1.295s] INFO:colcon.colcon_core.shell:Skip shell extension 'powershell' for command environment: Not usable outside of PowerShell
[1.295s] DEBUG:colcon.colcon_core.shell:Skip shell extension 'dsv' for command environment
[1.328s] INFO:colcon.colcon_ros.task.ament_python.build:Building ROS package in '/home/yahboom/roscourse_ws/src/webcam' with build type 'ament_python'
[1.328s] Level 1:colcon.colcon_core.shell:create_environment_hook('webcam', 'ament_prefix_path')
[1.329s] INFO:colcon.colcon_core.shell:Creating environment hook '/home/yahboom/roscourse_ws/install/webcam/share/webcam/hook/ament_prefix_path.ps1'
[1.332s] INFO:colcon.colcon_core.shell:Creating environment descriptor '/home/yahboom/roscourse_ws/install/webcam/share/webcam/hook/ament_prefix_path.dsv'
[1.333s] INFO:colcon.colcon_core.shell:Creating environment hook '/home/yahboom/roscourse_ws/install/webcam/share/webcam/hook/ament_prefix_path.sh'
[1.336s] INFO:colcon.colcon_core.shell:Skip shell extension 'powershell' for command environment: Not usable outside of PowerShell
[1.336s] DEBUG:colcon.colcon_core.shell:Skip shell extension 'dsv' for command environment
[1.386s] DEBUG:colcon.colcon_core.event_handler.log_command:Invoking command in '/home/yahboom/roscourse_ws/build/turtle_interfaces': CMAKE_PREFIX_PATH=${CMAKE_PREFIX_PATH}:/home/yahboom/cartoros2/install/yahboomcar_nav:/home/yahboom/cartoros2/install/yahboomcar_ctrl:/home/yahboom/cartoros2/install/yahboom_visual:/home/yahboom/cartoros2/install/yahboom_dog_joint_state:/home/yahboom/cartoros2/install/yahboom_description:/home/yahboom/cartoros2/install/yahboom_color_identify_server:/home/yahboom/cartoros2/install/yahboom_bringup:/home/yahboom/cartoros2/install/yahboom_base:/home/yahboom/cartoros2/install/yahboom_app_save_map:/home/yahboom/cartoros2/install/update_map:/home/yahboom/cartoros2/install/rosboard:/home/yahboom/cartoros2/install/path_planner_server:/home/yahboom/cartoros2/install/nav2_simple_commander:/home/yahboom/cartoros2/install/nav2_gazebo_spawner:/home/yahboom/cartoros2/install/localization_server:/home/yahboom/cartoros2/install/laserscan_to_point_pulisher:/home/yahboom/yahboomcar_ws/install/yahboom_dog_example:/opt/ros/humble /usr/bin/cmake --build /home/yahboom/roscourse_ws/build/turtle_interfaces -- -j4 -l4
[2.706s] INFO:colcon.colcon_core.task.python.build:Building Python package in '/home/yahboom/roscourse_ws/src/webcam'
[2.708s] INFO:colcon.colcon_core.shell:Skip shell extension 'powershell' for command environment: Not usable outside of PowerShell
[2.708s] DEBUG:colcon.colcon_core.shell:Skip shell extension 'dsv' for command environment
[3.724s] DEBUG:colcon.colcon_core.event_handler.log_command:Invoked command in '/home/yahboom/roscourse_ws/build/turtle_interfaces' returned '0': CMAKE_PREFIX_PATH=${CMAKE_PREFIX_PATH}:/home/yahboom/cartoros2/install/yahboomcar_nav:/home/yahboom/cartoros2/install/yahboomcar_ctrl:/home/yahboom/cartoros2/install/yahboom_visual:/home/yahboom/cartoros2/install/yahboom_dog_joint_state:/home/yahboom/cartoros2/install/yahboom_description:/home/yahboom/cartoros2/install/yahboom_color_identify_server:/home/yahboom/cartoros2/install/yahboom_bringup:/home/yahboom/cartoros2/install/yahboom_base:/home/yahboom/cartoros2/install/yahboom_app_save_map:/home/yahboom/cartoros2/install/update_map:/home/yahboom/cartoros2/install/rosboard:/home/yahboom/cartoros2/install/path_planner_server:/home/yahboom/cartoros2/install/nav2_simple_commander:/home/yahboom/cartoros2/install/nav2_gazebo_spawner:/home/yahboom/cartoros2/install/localization_server:/home/yahboom/cartoros2/install/laserscan_to_point_pulisher:/home/yahboom/yahboomcar_ws/install/yahboom_dog_example:/opt/ros/humble /usr/bin/cmake --build /home/yahboom/roscourse_ws/build/turtle_interfaces -- -j4 -l4
[4.180s] DEBUG:colcon.colcon_core.event_handler.log_command:Invoking command in '/home/yahboom/roscourse_ws/src/webcam': PYTHONPATH=/home/yahboom/roscourse_ws/build/webcam/prefix_override:/home/yahboom/roscourse_ws/install/webcam/lib/python3.10/site-packages:${PYTHONPATH} /usr/bin/python3 -W ignore:setup.py install is deprecated setup.py egg_info --egg-base ../../build/webcam build --build-base /home/yahboom/roscourse_ws/build/webcam/build install --record /home/yahboom/roscourse_ws/build/webcam/install.log --single-version-externally-managed install_data
[5.026s] DEBUG:colcon.colcon_core.event_handler.log_command:Invoking command in '/home/yahboom/roscourse_ws/build/turtle_interfaces': CMAKE_PREFIX_PATH=${CMAKE_PREFIX_PATH}:/home/yahboom/cartoros2/install/yahboomcar_nav:/home/yahboom/cartoros2/install/yahboomcar_ctrl:/home/yahboom/cartoros2/install/yahboom_visual:/home/yahboom/cartoros2/install/yahboom_dog_joint_state:/home/yahboom/cartoros2/install/yahboom_description:/home/yahboom/cartoros2/install/yahboom_color_identify_server:/home/yahboom/cartoros2/install/yahboom_bringup:/home/yahboom/cartoros2/install/yahboom_base:/home/yahboom/cartoros2/install/yahboom_app_save_map:/home/yahboom/cartoros2/install/update_map:/home/yahboom/cartoros2/install/rosboard:/home/yahboom/cartoros2/install/path_planner_server:/home/yahboom/cartoros2/install/nav2_simple_commander:/home/yahboom/cartoros2/install/nav2_gazebo_spawner:/home/yahboom/cartoros2/install/localization_server:/home/yahboom/cartoros2/install/laserscan_to_point_pulisher:/home/yahboom/yahboomcar_ws/install/yahboom_dog_example:/opt/ros/humble /usr/bin/cmake --install /home/yahboom/roscourse_ws/build/turtle_interfaces
[5.265s] DEBUG:colcon.colcon_core.event_handler.log_command:Invoked command in '/home/yahboom/roscourse_ws/src/webcam' returned '0': PYTHONPATH=/home/yahboom/roscourse_ws/build/webcam/prefix_override:/home/yahboom/roscourse_ws/install/webcam/lib/python3.10/site-packages:${PYTHONPATH} /usr/bin/python3 -W ignore:setup.py install is deprecated setup.py egg_info --egg-base ../../build/webcam build --build-base /home/yahboom/roscourse_ws/build/webcam/build install --record /home/yahboom/roscourse_ws/build/webcam/install.log --single-version-externally-managed install_data
[5.275s] Level 1:colcon.colcon_core.environment:checking '/home/yahboom/roscourse_ws/install/webcam' for CMake module files
[5.276s] Level 1:colcon.colcon_core.environment:checking '/home/yahboom/roscourse_ws/install/webcam' for CMake config files
[5.278s] Level 1:colcon.colcon_core.environment:checking '/home/yahboom/roscourse_ws/install/webcam/lib'
[5.278s] Level 1:colcon.colcon_core.environment:checking '/home/yahboom/roscourse_ws/install/webcam/bin'
[5.278s] Level 1:colcon.colcon_core.environment:checking '/home/yahboom/roscourse_ws/install/webcam/lib/pkgconfig/webcam.pc'
[5.279s] Level 1:colcon.colcon_core.environment:checking '/home/yahboom/roscourse_ws/install/webcam/lib/python3.10/site-packages'
[5.279s] Level 1:colcon.colcon_core.shell:create_environment_hook('webcam', 'pythonpath')
[5.280s] INFO:colcon.colcon_core.shell:Creating environment hook '/home/yahboom/roscourse_ws/install/webcam/share/webcam/hook/pythonpath.ps1'
[5.281s] INFO:colcon.colcon_core.shell:Creating environment descriptor '/home/yahboom/roscourse_ws/install/webcam/share/webcam/hook/pythonpath.dsv'
[5.282s] INFO:colcon.colcon_core.shell:Creating environment hook '/home/yahboom/roscourse_ws/install/webcam/share/webcam/hook/pythonpath.sh'
[5.284s] Level 1:colcon.colcon_core.environment:checking '/home/yahboom/roscourse_ws/install/webcam/bin'
[5.284s] Level 1:colcon.colcon_core.environment:create_environment_scripts_only(webcam)
[5.285s] INFO:colcon.colcon_core.shell:Creating package script '/home/yahboom/roscourse_ws/install/webcam/share/webcam/package.ps1'
[5.288s] INFO:colcon.colcon_core.shell:Creating package descriptor '/home/yahboom/roscourse_ws/install/webcam/share/webcam/package.dsv'
[5.290s] INFO:colcon.colcon_core.shell:Creating package script '/home/yahboom/roscourse_ws/install/webcam/share/webcam/package.sh'
[5.292s] INFO:colcon.colcon_core.shell:Creating package script '/home/yahboom/roscourse_ws/install/webcam/share/webcam/package.bash'
[5.296s] INFO:colcon.colcon_core.shell:Creating package script '/home/yahboom/roscourse_ws/install/webcam/share/webcam/package.zsh'
[5.302s] Level 1:colcon.colcon_core.environment:create_file_with_runtime_dependencies(/home/yahboom/roscourse_ws/install/webcam/share/colcon-core/packages/webcam)
[5.320s] Level 1:colcon.colcon_core.environment:create_environment_scripts_only(turtle_interfaces)
[5.321s] Level 1:colcon.colcon_core.environment:checking '/home/yahboom/roscourse_ws/install/turtle_interfaces' for CMake module files
[5.323s] DEBUG:colcon.colcon_core.event_handler.log_command:Invoked command in '/home/yahboom/roscourse_ws/build/turtle_interfaces' returned '0': CMAKE_PREFIX_PATH=${CMAKE_PREFIX_PATH}:/home/yahboom/cartoros2/install/yahboomcar_nav:/home/yahboom/cartoros2/install/yahboomcar_ctrl:/home/yahboom/cartoros2/install/yahboom_visual:/home/yahboom/cartoros2/install/yahboom_dog_joint_state:/home/yahboom/cartoros2/install/yahboom_description:/home/yahboom/cartoros2/install/yahboom_color_identify_server:/home/yahboom/cartoros2/install/yahboom_bringup:/home/yahboom/cartoros2/install/yahboom_base:/home/yahboom/cartoros2/install/yahboom_app_save_map:/home/yahboom/cartoros2/install/update_map:/home/yahboom/cartoros2/install/rosboard:/home/yahboom/cartoros2/install/path_planner_server:/home/yahboom/cartoros2/install/nav2_simple_commander:/home/yahboom/cartoros2/install/nav2_gazebo_spawner:/home/yahboom/cartoros2/install/localization_server:/home/yahboom/cartoros2/install/laserscan_to_point_pulisher:/home/yahboom/yahboomcar_ws/install/yahboom_dog_example:/opt/ros/humble /usr/bin/cmake --install /home/yahboom/roscourse_ws/build/turtle_interfaces
[5.324s] Level 1:colcon.colcon_core.environment:checking '/home/yahboom/roscourse_ws/install/turtle_interfaces' for CMake config files
[5.325s] Level 1:colcon.colcon_core.shell:create_environment_hook('turtle_interfaces', 'cmake_prefix_path')
[5.326s] INFO:colcon.colcon_core.shell:Creating environment hook '/home/yahboom/roscourse_ws/install/turtle_interfaces/share/turtle_interfaces/hook/cmake_prefix_path.ps1'
[5.327s] INFO:colcon.colcon_core.shell:Creating environment descriptor '/home/yahboom/roscourse_ws/install/turtle_interfaces/share/turtle_interfaces/hook/cmake_prefix_path.dsv'
[5.328s] INFO:colcon.colcon_core.shell:Creating environment hook '/home/yahboom/roscourse_ws/install/turtle_interfaces/share/turtle_interfaces/hook/cmake_prefix_path.sh'
[5.330s] Level 1:colcon.colcon_core.environment:checking '/home/yahboom/roscourse_ws/install/turtle_interfaces/lib'
[5.330s] Level 1:colcon.colcon_core.shell:create_environment_hook('turtle_interfaces', 'ld_library_path_lib')
[5.331s] INFO:colcon.colcon_core.shell:Creating environment hook '/home/yahboom/roscourse_ws/install/turtle_interfaces/share/turtle_interfaces/hook/ld_library_path_lib.ps1'
[5.332s] INFO:colcon.colcon_core.shell:Creating environment descriptor '/home/yahboom/roscourse_ws/install/turtle_interfaces/share/turtle_interfaces/hook/ld_library_path_lib.dsv'
[5.333s] INFO:colcon.colcon_core.shell:Creating environment hook '/home/yahboom/roscourse_ws/install/turtle_interfaces/share/turtle_interfaces/hook/ld_library_path_lib.sh'
[5.334s] Level 1:colcon.colcon_core.environment:checking '/home/yahboom/roscourse_ws/install/turtle_interfaces/bin'
[5.334s] Level 1:colcon.colcon_core.environment:checking '/home/yahboom/roscourse_ws/install/turtle_interfaces/lib/pkgconfig/turtle_interfaces.pc'
[5.335s] Level 1:colcon.colcon_core.environment:checking '/home/yahboom/roscourse_ws/install/turtle_interfaces/lib/python3.10/site-packages'
[5.335s] Level 1:colcon.colcon_core.environment:checking '/home/yahboom/roscourse_ws/install/turtle_interfaces/bin'
[5.336s] INFO:colcon.colcon_core.shell:Creating package script '/home/yahboom/roscourse_ws/install/turtle_interfaces/share/turtle_interfaces/package.ps1'
[5.337s] INFO:colcon.colcon_core.shell:Creating package descriptor '/home/yahboom/roscourse_ws/install/turtle_interfaces/share/turtle_interfaces/package.dsv'
[5.339s] INFO:colcon.colcon_core.shell:Creating package script '/home/yahboom/roscourse_ws/install/turtle_interfaces/share/turtle_interfaces/package.sh'
[5.340s] INFO:colcon.colcon_core.shell:Creating package script '/home/yahboom/roscourse_ws/install/turtle_interfaces/share/turtle_interfaces/package.bash'
[5.341s] INFO:colcon.colcon_core.shell:Creating package script '/home/yahboom/roscourse_ws/install/turtle_interfaces/share/turtle_interfaces/package.zsh'
[5.342s] Level 1:colcon.colcon_core.environment:create_file_with_runtime_dependencies(/home/yahboom/roscourse_ws/install/turtle_interfaces/share/colcon-core/packages/turtle_interfaces)
[6.453s] Level 1:colcon.colcon_core.environment:create_environment_scripts_only(turtle_interfaces)
[6.453s] Level 1:colcon.colcon_core.environment:checking '/home/yahboom/roscourse_ws/install/turtle_interfaces' for CMake module files
[6.455s] Level 1:colcon.colcon_core.environment:checking '/home/yahboom/roscourse_ws/install/turtle_interfaces' for CMake config files
[6.457s] Level 1:colcon.colcon_core.shell:create_environment_hook('turtle_interfaces', 'cmake_prefix_path')
[6.457s] INFO:colcon.colcon_core.shell:Creating environment hook '/home/yahboom/roscourse_ws/install/turtle_interfaces/share/turtle_interfaces/hook/cmake_prefix_path.ps1'
[6.459s] INFO:colcon.colcon_core.shell:Creating environment descriptor '/home/yahboom/roscourse_ws/install/turtle_interfaces/share/turtle_interfaces/hook/cmake_prefix_path.dsv'
[6.461s] INFO:colcon.colcon_core.shell:Creating environment hook '/home/yahboom/roscourse_ws/install/turtle_interfaces/share/turtle_interfaces/hook/cmake_prefix_path.sh'
[6.463s] Level 1:colcon.colcon_core.environment:checking '/home/yahboom/roscourse_ws/install/turtle_interfaces/lib'
[6.463s] Level 1:colcon.colcon_core.shell:create_environment_hook('turtle_interfaces', 'ld_library_path_lib')
[6.463s] INFO:colcon.colcon_core.shell:Creating environment hook '/home/yahboom/roscourse_ws/install/turtle_interfaces/share/turtle_interfaces/hook/ld_library_path_lib.ps1'
[6.464s] INFO:colcon.colcon_core.shell:Creating environment descriptor '/home/yahboom/roscourse_ws/install/turtle_interfaces/share/turtle_interfaces/hook/ld_library_path_lib.dsv'
[6.467s] INFO:colcon.colcon_core.shell:Creating environment hook '/home/yahboom/roscourse_ws/install/turtle_interfaces/share/turtle_interfaces/hook/ld_library_path_lib.sh'
[6.468s] Level 1:colcon.colcon_core.environment:checking '/home/yahboom/roscourse_ws/install/turtle_interfaces/bin'
[6.469s] Level 1:colcon.colcon_core.environment:checking '/home/yahboom/roscourse_ws/install/turtle_interfaces/lib/pkgconfig/turtle_interfaces.pc'
[6.469s] Level 1:colcon.colcon_core.environment:checking '/home/yahboom/roscourse_ws/install/turtle_interfaces/lib/python3.10/site-packages'
[6.470s] Level 1:colcon.colcon_core.environment:checking '/home/yahboom/roscourse_ws/install/turtle_interfaces/bin'
[6.470s] INFO:colcon.colcon_core.shell:Creating package script '/home/yahboom/roscourse_ws/install/turtle_interfaces/share/turtle_interfaces/package.ps1'
[6.472s] INFO:colcon.colcon_core.shell:Creating package descriptor '/home/yahboom/roscourse_ws/install/turtle_interfaces/share/turtle_interfaces/package.dsv'
[6.473s] INFO:colcon.colcon_core.shell:Creating package script '/home/yahboom/roscourse_ws/install/turtle_interfaces/share/turtle_interfaces/package.sh'
[6.474s] INFO:colcon.colcon_core.shell:Creating package script '/home/yahboom/roscourse_ws/install/turtle_interfaces/share/turtle_interfaces/package.bash'
[6.475s] INFO:colcon.colcon_core.shell:Creating package script '/home/yahboom/roscourse_ws/install/turtle_interfaces/share/turtle_interfaces/package.zsh'
[6.476s] Level 1:colcon.colcon_core.environment:create_file_with_runtime_dependencies(/home/yahboom/roscourse_ws/install/turtle_interfaces/share/colcon-core/packages/turtle_interfaces)
[6.477s] INFO:colcon.colcon_ros.task.ament_python.build:Building ROS package in '/home/yahboom/roscourse_ws/src/python_turtle' with build type 'ament_python'
[6.478s] Level 1:colcon.colcon_core.shell:create_environment_hook('python_turtle', 'ament_prefix_path')
[6.478s] INFO:colcon.colcon_core.shell:Creating environment hook '/home/yahboom/roscourse_ws/install/python_turtle/share/python_turtle/hook/ament_prefix_path.ps1'
[6.480s] INFO:colcon.colcon_core.shell:Creating environment descriptor '/home/yahboom/roscourse_ws/install/python_turtle/share/python_turtle/hook/ament_prefix_path.dsv'
[6.481s] INFO:colcon.colcon_core.shell:Creating environment hook '/home/yahboom/roscourse_ws/install/python_turtle/share/python_turtle/hook/ament_prefix_path.sh'
[6.483s] INFO:colcon.colcon_core.shell:Skip shell extension 'powershell' for command environment: Not usable outside of PowerShell
[6.484s] DEBUG:colcon.colcon_core.shell:Skip shell extension 'dsv' for command environment
[7.490s] INFO:colcon.colcon_core.task.python.build:Building Python package in '/home/yahboom/roscourse_ws/src/python_turtle'
[7.491s] INFO:colcon.colcon_core.shell:Skip shell extension 'powershell' for command environment: Not usable outside of PowerShell
[7.491s] DEBUG:colcon.colcon_core.shell:Skip shell extension 'dsv' for command environment
[8.756s] DEBUG:colcon.colcon_core.event_handler.log_command:Invoking command in '/home/yahboom/roscourse_ws/src/python_turtle': AMENT_PREFIX_PATH=/home/yahboom/roscourse_ws/install/turtle_interfaces:${AMENT_PREFIX_PATH} CMAKE_PREFIX_PATH=/home/yahboom/roscourse_ws/install/turtle_interfaces:${CMAKE_PREFIX_PATH} LD_LIBRARY_PATH=/home/yahboom/roscourse_ws/install/turtle_interfaces/lib:/home/yahboom/cartoros2/install/yahboom_web_savmap_interfaces/lib:/home/yahboom/cartoros2/install/yahboom_msgs/lib:/home/yahboom/cartoros2/install/yahboom_color_identify_interfaces/lib:/home/yahboom/cartoros2/install/yahboom_attitude_record_interfaces/lib:/home/yahboom/cartoros2/install/nav2_smoother/lib:/home/yahboom/cartoros2/install/nav2_graceful_controller/lib:/home/yahboom/cartoros2/install/nav2_controller/lib:/home/yahboom/cartoros2/install/dwb_plugins/lib:/home/yahboom/cartoros2/install/dwb_critics/lib:/home/yahboom/cartoros2/install/dwb_core/lib:/home/yahboom/cartoros2/install/nav_2d_utils/lib:/home/yahboom/cartoros2/install/dwb_msgs/lib:/home/yahboom/cartoros2/install/nav_2d_msgs/lib:/home/yahboom/cartoros2/install/nav2_waypoint_follower/lib:/home/yahboom/cartoros2/install/nav2_theta_star_planner/lib:/home/yahboom/cartoros2/install/nav2_smac_planner/lib:/home/yahboom/cartoros2/install/nav2_rotation_shim_controller/lib:/home/yahboom/cartoros2/install/nav2_regulated_pure_pursuit_controller/lib:/home/yahboom/cartoros2/install/nav2_planner/lib:/home/yahboom/cartoros2/install/nav2_navfn_planner/lib:/home/yahboom/cartoros2/install/nav2_mppi_controller/lib:/home/yahboom/cartoros2/install/nav2_constrained_smoother/lib:/home/yahboom/cartoros2/install/nav2_bt_navigator/lib:/home/yahboom/cartoros2/install/nav2_behaviors/lib:/home/yahboom/cartoros2/install/nav2_collision_monitor/lib:/home/yahboom/cartoros2/install/costmap_queue/lib:/home/yahboom/cartoros2/install/nav2_costmap_2d/lib:/home/yahboom/cartoros2/install/nav2_voxel_grid/lib:/home/yahboom/cartoros2/install/nav2_velocity_smoother/lib:/home/yahboom/cartoros2/install/nav2_rviz_plugins/lib:/home/yahboom/cartoros2/install/nav2_map_server/lib:/home/yahboom/cartoros2/install/nav2_lifecycle_manager/lib:/home/yahboom/cartoros2/install/nav2_behavior_tree/lib:/home/yahboom/cartoros2/install/nav2_amcl/lib:/home/yahboom/cartoros2/install/nav2_util/lib:/home/yahboom/cartoros2/install/nav2_msgs/lib:/home/yahboom/cartoros2/install/image_color_lab/lib:/home/yahboom/cartoros2/install/dynamixel_sdk_custom_interfaces/lib:/home/yahboom/cartoros2/install/dynamixel_sdk/lib:/home/yahboom/cartoros2/install/csm/lib:/home/yahboom/cartoros2/install/champ_msgs/lib:/home/yahboom/cartoros2/install/cartographer_ros_msgs/lib:/home/yahboom/yahboomcar_ws/install/yahboom_dog_msgs/lib:/home/yahboom/yahboomcar_ws/install/dynamixel_sdk_custom_interfaces/lib:/home/yahboom/yahboomcar_ws/install/dynamixel_sdk/lib:/home/yahboom/yahboomcar_ws/install/champ_msgs/lib:/home/yahboom/gmapping_ws/install/openslam_gmapping/lib:/usr/lib/x86_64-linux-gnu/gazebo-11/plugins:/opt/ros/humble/opt/rviz_ogre_vendor/lib:/opt/ros/humble/lib/x86_64-linux-gnu:/opt/ros/humble/lib:/opt/ros/humble/include/std_msgs/std_msgs/msg/:/usr/lib/jvm/java-11-openjdk-amd64/lib/:/usr/lib/jvm/java-11-openjdk-amd64/lib/server/ PYTHONPATH=/home/yahboom/roscourse_ws/build/python_turtle/prefix_override:/home/yahboom/roscourse_ws/install/python_turtle/lib/python3.10/site-packages:/home/yahboom/roscourse_ws/install/turtle_interfaces/local/lib/python3.10/dist-packages:${PYTHONPATH} /usr/bin/python3 -W ignore:setup.py install is deprecated setup.py egg_info --egg-base ../../build/python_turtle build --build-base /home/yahboom/roscourse_ws/build/python_turtle/build install --record /home/yahboom/roscourse_ws/build/python_turtle/install.log --single-version-externally-managed install_data
[9.798s] Level 1:colcon.colcon_core.environment:checking '/home/yahboom/roscourse_ws/install/python_turtle' for CMake module files
[9.800s] DEBUG:colcon.colcon_core.event_handler.log_command:Invoked command in '/home/yahboom/roscourse_ws/src/python_turtle' returned '0': AMENT_PREFIX_PATH=/home/yahboom/roscourse_ws/install/turtle_interfaces:${AMENT_PREFIX_PATH} CMAKE_PREFIX_PATH=/home/yahboom/roscourse_ws/install/turtle_interfaces:${CMAKE_PREFIX_PATH} LD_LIBRARY_PATH=/home/yahboom/roscourse_ws/install/turtle_interfaces/lib:/home/yahboom/cartoros2/install/yahboom_web_savmap_interfaces/lib:/home/yahboom/cartoros2/install/yahboom_msgs/lib:/home/yahboom/cartoros2/install/yahboom_color_identify_interfaces/lib:/home/yahboom/cartoros2/install/yahboom_attitude_record_interfaces/lib:/home/yahboom/cartoros2/install/nav2_smoother/lib:/home/yahboom/cartoros2/install/nav2_graceful_controller/lib:/home/yahboom/cartoros2/install/nav2_controller/lib:/home/yahboom/cartoros2/install/dwb_plugins/lib:/home/yahboom/cartoros2/install/dwb_critics/lib:/home/yahboom/cartoros2/install/dwb_core/lib:/home/yahboom/cartoros2/install/nav_2d_utils/lib:/home/yahboom/cartoros2/install/dwb_msgs/lib:/home/yahboom/cartoros2/install/nav_2d_msgs/lib:/home/yahboom/cartoros2/install/nav2_waypoint_follower/lib:/home/yahboom/cartoros2/install/nav2_theta_star_planner/lib:/home/yahboom/cartoros2/install/nav2_smac_planner/lib:/home/yahboom/cartoros2/install/nav2_rotation_shim_controller/lib:/home/yahboom/cartoros2/install/nav2_regulated_pure_pursuit_controller/lib:/home/yahboom/cartoros2/install/nav2_planner/lib:/home/yahboom/cartoros2/install/nav2_navfn_planner/lib:/home/yahboom/cartoros2/install/nav2_mppi_controller/lib:/home/yahboom/cartoros2/install/nav2_constrained_smoother/lib:/home/yahboom/cartoros2/install/nav2_bt_navigator/lib:/home/yahboom/cartoros2/install/nav2_behaviors/lib:/home/yahboom/cartoros2/install/nav2_collision_monitor/lib:/home/yahboom/cartoros2/install/costmap_queue/lib:/home/yahboom/cartoros2/install/nav2_costmap_2d/lib:/home/yahboom/cartoros2/install/nav2_voxel_grid/lib:/home/yahboom/cartoros2/install/nav2_velocity_smoother/lib:/home/yahboom/cartoros2/install/nav2_rviz_plugins/lib:/home/yahboom/cartoros2/install/nav2_map_server/lib:/home/yahboom/cartoros2/install/nav2_lifecycle_manager/lib:/home/yahboom/cartoros2/install/nav2_behavior_tree/lib:/home/yahboom/cartoros2/install/nav2_amcl/lib:/home/yahboom/cartoros2/install/nav2_util/lib:/home/yahboom/cartoros2/install/nav2_msgs/lib:/home/yahboom/cartoros2/install/image_color_lab/lib:/home/yahboom/cartoros2/install/dynamixel_sdk_custom_interfaces/lib:/home/yahboom/cartoros2/install/dynamixel_sdk/lib:/home/yahboom/cartoros2/install/csm/lib:/home/yahboom/cartoros2/install/champ_msgs/lib:/home/yahboom/cartoros2/install/cartographer_ros_msgs/lib:/home/yahboom/yahboomcar_ws/install/yahboom_dog_msgs/lib:/home/yahboom/yahboomcar_ws/install/dynamixel_sdk_custom_interfaces/lib:/home/yahboom/yahboomcar_ws/install/dynamixel_sdk/lib:/home/yahboom/yahboomcar_ws/install/champ_msgs/lib:/home/yahboom/gmapping_ws/install/openslam_gmapping/lib:/usr/lib/x86_64-linux-gnu/gazebo-11/plugins:/opt/ros/humble/opt/rviz_ogre_vendor/lib:/opt/ros/humble/lib/x86_64-linux-gnu:/opt/ros/humble/lib:/opt/ros/humble/include/std_msgs/std_msgs/msg/:/usr/lib/jvm/java-11-openjdk-amd64/lib/:/usr/lib/jvm/java-11-openjdk-amd64/lib/server/ PYTHONPATH=/home/yahboom/roscourse_ws/build/python_turtle/prefix_override:/home/yahboom/roscourse_ws/install/python_turtle/lib/python3.10/site-packages:/home/yahboom/roscourse_ws/install/turtle_interfaces/local/lib/python3.10/dist-packages:${PYTHONPATH} /usr/bin/python3 -W ignore:setup.py install is deprecated setup.py egg_info --egg-base ../../build/python_turtle build --build-base /home/yahboom/roscourse_ws/build/python_turtle/build install --record /home/yahboom/roscourse_ws/build/python_turtle/install.log --single-version-externally-managed install_data
[9.801s] Level 1:colcon.colcon_core.environment:checking '/home/yahboom/roscourse_ws/install/python_turtle' for CMake config files
[9.802s] Level 1:colcon.colcon_core.environment:checking '/home/yahboom/roscourse_ws/install/python_turtle/lib'
[9.802s] Level 1:colcon.colcon_core.environment:checking '/home/yahboom/roscourse_ws/install/python_turtle/bin'
[9.803s] Level 1:colcon.colcon_core.environment:checking '/home/yahboom/roscourse_ws/install/python_turtle/lib/pkgconfig/python_turtle.pc'
[9.803s] Level 1:colcon.colcon_core.environment:checking '/home/yahboom/roscourse_ws/install/python_turtle/lib/python3.10/site-packages'
[9.804s] Level 1:colcon.colcon_core.shell:create_environment_hook('python_turtle', 'pythonpath')
[9.804s] INFO:colcon.colcon_core.shell:Creating environment hook '/home/yahboom/roscourse_ws/install/python_turtle/share/python_turtle/hook/pythonpath.ps1'
[9.805s] INFO:colcon.colcon_core.shell:Creating environment descriptor '/home/yahboom/roscourse_ws/install/python_turtle/share/python_turtle/hook/pythonpath.dsv'
[9.807s] INFO:colcon.colcon_core.shell:Creating environment hook '/home/yahboom/roscourse_ws/install/python_turtle/share/python_turtle/hook/pythonpath.sh'
[9.809s] Level 1:colcon.colcon_core.environment:checking '/home/yahboom/roscourse_ws/install/python_turtle/bin'
[9.809s] Level 1:colcon.colcon_core.environment:create_environment_scripts_only(python_turtle)
[9.810s] INFO:colcon.colcon_core.shell:Creating package script '/home/yahboom/roscourse_ws/install/python_turtle/share/python_turtle/package.ps1'
[9.812s] INFO:colcon.colcon_core.shell:Creating package descriptor '/home/yahboom/roscourse_ws/install/python_turtle/share/python_turtle/package.dsv'
[9.813s] INFO:colcon.colcon_core.shell:Creating package script '/home/yahboom/roscourse_ws/install/python_turtle/share/python_turtle/package.sh'
[9.814s] INFO:colcon.colcon_core.shell:Creating package script '/home/yahboom/roscourse_ws/install/python_turtle/share/python_turtle/package.bash'
[9.815s] INFO:colcon.colcon_core.shell:Creating package script '/home/yahboom/roscourse_ws/install/python_turtle/share/python_turtle/package.zsh'
[9.816s] Level 1:colcon.colcon_core.environment:create_file_with_runtime_dependencies(/home/yahboom/roscourse_ws/install/python_turtle/share/colcon-core/packages/python_turtle)
[9.817s] DEBUG:colcon.colcon_parallel_executor.executor.parallel:closing loop
[9.818s] DEBUG:colcon.colcon_parallel_executor.executor.parallel:loop closed
[9.818s] DEBUG:colcon.colcon_parallel_executor.executor.parallel:run_until_complete finished with '0'
[9.818s] DEBUG:colcon.colcon_core.event_reactor:joining thread
[9.839s] INFO:colcon.colcon_core.plugin_system:Skipping extension 'colcon_notification.desktop_notification.terminal_notifier': Not used on non-Darwin systems
[9.839s] INFO:colcon.colcon_core.plugin_system:Skipping extension 'colcon_notification.desktop_notification.win32': Not used on non-Windows systems
[9.839s] INFO:colcon.colcon_notification.desktop_notification:Sending desktop notification using 'notify2'
[9.871s] DEBUG:colcon.colcon_core.event_reactor:joined thread
[9.872s] INFO:colcon.colcon_core.shell:Creating prefix script '/home/yahboom/roscourse_ws/install/local_setup.ps1'
[9.874s] INFO:colcon.colcon_core.shell:Creating prefix util module '/home/yahboom/roscourse_ws/install/_local_setup_util_ps1.py'
[9.878s] INFO:colcon.colcon_core.shell:Creating prefix chain script '/home/yahboom/roscourse_ws/install/setup.ps1'
[9.894s] INFO:colcon.colcon_core.shell:Creating prefix script '/home/yahboom/roscourse_ws/install/local_setup.sh'
[9.896s] INFO:colcon.colcon_core.shell:Creating prefix util module '/home/yahboom/roscourse_ws/install/_local_setup_util_sh.py'
[9.897s] INFO:colcon.colcon_core.shell:Creating prefix chain script '/home/yahboom/roscourse_ws/install/setup.sh'
[9.912s] INFO:colcon.colcon_core.shell:Creating prefix script '/home/yahboom/roscourse_ws/install/local_setup.bash'
[9.914s] INFO:colcon.colcon_core.shell:Creating prefix chain script '/home/yahboom/roscourse_ws/install/setup.bash'
[9.931s] INFO:colcon.colcon_core.shell:Creating prefix script '/home/yahboom/roscourse_ws/install/local_setup.zsh'
[9.933s] INFO:colcon.colcon_core.shell:Creating prefix chain script '/home/yahboom/roscourse_ws/install/setup.zsh'
