[0.152s] Invoking command in '/home/yahboom/roscourse_ws/src/build/turtle_interfaces': CMAKE_PREFIX_PATH=${CMAKE_PREFIX_PATH}:/home/yahboom/roscourse_ws/src/install/webcam:/home/yahboom/roscourse_ws/src/install/python_turtle:/home/yahboom/cartoros2/install/yahboomcar_nav:/home/yahboom/cartoros2/install/yahboomcar_ctrl:/home/yahboom/cartoros2/install/yahboom_visual:/home/yahboom/cartoros2/install/yahboom_dog_joint_state:/home/yahboom/cartoros2/install/yahboom_description:/home/yahboom/cartoros2/install/yahboom_color_identify_server:/home/yahboom/cartoros2/install/yahboom_bringup:/home/yahboom/cartoros2/install/yahboom_base:/home/yahboom/cartoros2/install/yahboom_app_save_map:/home/yahboom/cartoros2/install/update_map:/home/yahboom/cartoros2/install/rosboard:/home/yahboom/cartoros2/install/path_planner_server:/home/yahboom/cartoros2/install/nav2_simple_commander:/home/yahboom/cartoros2/install/nav2_gazebo_spawner:/home/yahboom/cartoros2/install/localization_server:/home/yahboom/cartoros2/install/laserscan_to_point_pulisher:/home/yahboom/yahboomcar_ws/install/yahboom_dog_example:/opt/ros/humble /usr/bin/cmake --build /home/yahboom/roscourse_ws/src/build/turtle_interfaces -- -j4 -l4
[1.335s] [35m[1mConsolidate compiler generated dependencies of target turtle_interfaces__rosidl_generator_c[0m
[1.336s] [  2%] Built target turtle_interfaces__cpp
[1.337s] [ 12%] Built target turtle_interfaces__rosidl_generator_c
[1.337s] [ 12%] Built target ament_cmake_python_copy_turtle_interfaces
[1.337s] [35m[1mConsolidate compiler generated dependencies of target turtle_interfaces__rosidl_typesupport_introspection_cpp[0m
[1.337s] [35m[1mConsolidate compiler generated dependencies of target turtle_interfaces__rosidl_typesupport_fastrtps_cpp[0m
[1.337s] [35m[1mConsolidate compiler generated dependencies of target turtle_interfaces__rosidl_typesupport_cpp[0m
[1.337s] [35m[1mConsolidate compiler generated dependencies of target turtle_interfaces__rosidl_typesupport_fastrtps_c[0m
[1.338s] [ 23%] Built target turtle_interfaces__rosidl_typesupport_cpp
[1.338s] [ 34%] Built target turtle_interfaces__rosidl_typesupport_introspection_cpp
[1.338s] [ 44%] Built target turtle_interfaces__rosidl_typesupport_fastrtps_cpp
[1.338s] [ 55%] Built target turtle_interfaces__rosidl_typesupport_fastrtps_c
[1.338s] [35m[1mConsolidate compiler generated dependencies of target turtle_interfaces__rosidl_typesupport_introspection_c[0m
[1.341s] [35m[1mConsolidate compiler generated dependencies of target turtle_interfaces__rosidl_typesupport_c[0m
[1.342s] [ 65%] Built target turtle_interfaces__rosidl_typesupport_introspection_c
[1.342s] [ 76%] Built target turtle_interfaces__rosidl_typesupport_c
[1.381s] [ 76%] Built target turtle_interfaces
[1.520s] [ 78%] Built target turtle_interfaces__py
[1.607s] [35m[1mConsolidate compiler generated dependencies of target turtle_interfaces__rosidl_generator_py[0m
[1.713s] [ 87%] Built target turtle_interfaces__rosidl_generator_py
[1.804s] [35m[1mConsolidate compiler generated dependencies of target turtle_interfaces__rosidl_typesupport_fastrtps_c__pyext[0m
[1.804s] [35m[1mConsolidate compiler generated dependencies of target turtle_interfaces__rosidl_typesupport_introspection_c__pyext[0m
[1.812s] [35m[1mConsolidate compiler generated dependencies of target turtle_interfaces__rosidl_typesupport_c__pyext[0m
[1.903s] [ 91%] Built target turtle_interfaces__rosidl_typesupport_c__pyext
[1.914s] [ 95%] Built target turtle_interfaces__rosidl_typesupport_introspection_c__pyext
[1.939s] [100%] Built target turtle_interfaces__rosidl_typesupport_fastrtps_c__pyext
[2.113s] running egg_info
[2.115s] writing turtle_interfaces.egg-info/PKG-INFO
[2.116s] writing dependency_links to turtle_interfaces.egg-info/dependency_links.txt
[2.117s] writing top-level names to turtle_interfaces.egg-info/top_level.txt
[2.128s] reading manifest file 'turtle_interfaces.egg-info/SOURCES.txt'
[2.130s] writing manifest file 'turtle_interfaces.egg-info/SOURCES.txt'
[2.230s] [100%] Built target ament_cmake_python_build_turtle_interfaces_egg
[2.442s] Invoked command in '/home/yahboom/roscourse_ws/src/build/turtle_interfaces' returned '0': CMAKE_PREFIX_PATH=${CMAKE_PREFIX_PATH}:/home/yahboom/roscourse_ws/src/install/webcam:/home/yahboom/roscourse_ws/src/install/python_turtle:/home/yahboom/cartoros2/install/yahboomcar_nav:/home/yahboom/cartoros2/install/yahboomcar_ctrl:/home/yahboom/cartoros2/install/yahboom_visual:/home/yahboom/cartoros2/install/yahboom_dog_joint_state:/home/yahboom/cartoros2/install/yahboom_description:/home/yahboom/cartoros2/install/yahboom_color_identify_server:/home/yahboom/cartoros2/install/yahboom_bringup:/home/yahboom/cartoros2/install/yahboom_base:/home/yahboom/cartoros2/install/yahboom_app_save_map:/home/yahboom/cartoros2/install/update_map:/home/yahboom/cartoros2/install/rosboard:/home/yahboom/cartoros2/install/path_planner_server:/home/yahboom/cartoros2/install/nav2_simple_commander:/home/yahboom/cartoros2/install/nav2_gazebo_spawner:/home/yahboom/cartoros2/install/localization_server:/home/yahboom/cartoros2/install/laserscan_to_point_pulisher:/home/yahboom/yahboomcar_ws/install/yahboom_dog_example:/opt/ros/humble /usr/bin/cmake --build /home/yahboom/roscourse_ws/src/build/turtle_interfaces -- -j4 -l4
[3.599s] Invoking command in '/home/yahboom/roscourse_ws/src/build/turtle_interfaces': CMAKE_PREFIX_PATH=${CMAKE_PREFIX_PATH}:/home/yahboom/roscourse_ws/src/install/webcam:/home/yahboom/roscourse_ws/src/install/python_turtle:/home/yahboom/cartoros2/install/yahboomcar_nav:/home/yahboom/cartoros2/install/yahboomcar_ctrl:/home/yahboom/cartoros2/install/yahboom_visual:/home/yahboom/cartoros2/install/yahboom_dog_joint_state:/home/yahboom/cartoros2/install/yahboom_description:/home/yahboom/cartoros2/install/yahboom_color_identify_server:/home/yahboom/cartoros2/install/yahboom_bringup:/home/yahboom/cartoros2/install/yahboom_base:/home/yahboom/cartoros2/install/yahboom_app_save_map:/home/yahboom/cartoros2/install/update_map:/home/yahboom/cartoros2/install/rosboard:/home/yahboom/cartoros2/install/path_planner_server:/home/yahboom/cartoros2/install/nav2_simple_commander:/home/yahboom/cartoros2/install/nav2_gazebo_spawner:/home/yahboom/cartoros2/install/localization_server:/home/yahboom/cartoros2/install/laserscan_to_point_pulisher:/home/yahboom/yahboomcar_ws/install/yahboom_dog_example:/opt/ros/humble /usr/bin/cmake --install /home/yahboom/roscourse_ws/src/build/turtle_interfaces
[3.651s] -- Install configuration: ""
[3.655s] -- Up-to-date: /home/yahboom/roscourse_ws/src/install/turtle_interfaces/share/ament_index/resource_index/rosidl_interfaces/turtle_interfaces
[3.658s] -- Up-to-date: /home/yahboom/roscourse_ws/src/install/turtle_interfaces/include/turtle_interfaces/turtle_interfaces
[3.659s] -- Up-to-date: /home/yahboom/roscourse_ws/src/install/turtle_interfaces/include/turtle_interfaces/turtle_interfaces/srv
[3.661s] -- Up-to-date: /home/yahboom/roscourse_ws/src/install/turtle_interfaces/include/turtle_interfaces/turtle_interfaces/srv/detail
[3.661s] -- Up-to-date: /home/yahboom/roscourse_ws/src/install/turtle_interfaces/include/turtle_interfaces/turtle_interfaces/srv/detail/set_color__type_support.h
[3.661s] -- Up-to-date: /home/yahboom/roscourse_ws/src/install/turtle_interfaces/include/turtle_interfaces/turtle_interfaces/srv/detail/set_color__functions.h
[3.662s] -- Up-to-date: /home/yahboom/roscourse_ws/src/install/turtle_interfaces/include/turtle_interfaces/turtle_interfaces/srv/detail/set_pose__functions.h
[3.662s] -- Up-to-date: /home/yahboom/roscourse_ws/src/install/turtle_interfaces/include/turtle_interfaces/turtle_interfaces/srv/detail/set_color__functions.c
[3.664s] -- Up-to-date: /home/yahboom/roscourse_ws/src/install/turtle_interfaces/include/turtle_interfaces/turtle_interfaces/srv/detail/set_pose__struct.h
[3.664s] -- Up-to-date: /home/yahboom/roscourse_ws/src/install/turtle_interfaces/include/turtle_interfaces/turtle_interfaces/srv/detail/set_pose__type_support.h
[3.666s] -- Up-to-date: /home/yahboom/roscourse_ws/src/install/turtle_interfaces/include/turtle_interfaces/turtle_interfaces/srv/detail/set_color__struct.h
[3.666s] -- Up-to-date: /home/yahboom/roscourse_ws/src/install/turtle_interfaces/include/turtle_interfaces/turtle_interfaces/srv/detail/set_pose__functions.c
[3.666s] -- Up-to-date: /home/yahboom/roscourse_ws/src/install/turtle_interfaces/include/turtle_interfaces/turtle_interfaces/srv/set_pose.h
[3.667s] -- Up-to-date: /home/yahboom/roscourse_ws/src/install/turtle_interfaces/include/turtle_interfaces/turtle_interfaces/srv/set_color.h
[3.667s] -- Up-to-date: /home/yahboom/roscourse_ws/src/install/turtle_interfaces/include/turtle_interfaces/turtle_interfaces/msg
[3.667s] -- Up-to-date: /home/yahboom/roscourse_ws/src/install/turtle_interfaces/include/turtle_interfaces/turtle_interfaces/msg/detail
[3.667s] -- Up-to-date: /home/yahboom/roscourse_ws/src/install/turtle_interfaces/include/turtle_interfaces/turtle_interfaces/msg/detail/turtle_msg__functions.c
[3.667s] -- Up-to-date: /home/yahboom/roscourse_ws/src/install/turtle_interfaces/include/turtle_interfaces/turtle_interfaces/msg/detail/turtle_msg__type_support.h
[3.668s] -- Up-to-date: /home/yahboom/roscourse_ws/src/install/turtle_interfaces/include/turtle_interfaces/turtle_interfaces/msg/detail/turtle_msg__functions.h
[3.668s] -- Up-to-date: /home/yahboom/roscourse_ws/src/install/turtle_interfaces/include/turtle_interfaces/turtle_interfaces/msg/detail/turtle_msg__struct.h
[3.668s] -- Up-to-date: /home/yahboom/roscourse_ws/src/install/turtle_interfaces/include/turtle_interfaces/turtle_interfaces/msg/turtle_msg.h
[3.668s] -- Up-to-date: /home/yahboom/roscourse_ws/src/install/turtle_interfaces/include/turtle_interfaces/turtle_interfaces/msg/rosidl_generator_c__visibility_control.h
[3.669s] -- Up-to-date: /home/yahboom/roscourse_ws/src/install/turtle_interfaces/share/turtle_interfaces/environment/library_path.sh
[3.669s] -- Up-to-date: /home/yahboom/roscourse_ws/src/install/turtle_interfaces/share/turtle_interfaces/environment/library_path.dsv
[3.672s] -- Up-to-date: /home/yahboom/roscourse_ws/src/install/turtle_interfaces/lib/libturtle_interfaces__rosidl_generator_c.so
[3.673s] -- Up-to-date: /home/yahboom/roscourse_ws/src/install/turtle_interfaces/include/turtle_interfaces/turtle_interfaces
[3.673s] -- Up-to-date: /home/yahboom/roscourse_ws/src/install/turtle_interfaces/include/turtle_interfaces/turtle_interfaces/srv
[3.673s] -- Up-to-date: /home/yahboom/roscourse_ws/src/install/turtle_interfaces/include/turtle_interfaces/turtle_interfaces/srv/detail
[3.674s] -- Up-to-date: /home/yahboom/roscourse_ws/src/install/turtle_interfaces/include/turtle_interfaces/turtle_interfaces/srv/detail/set_color__rosidl_typesupport_fastrtps_c.h
[3.675s] -- Up-to-date: /home/yahboom/roscourse_ws/src/install/turtle_interfaces/include/turtle_interfaces/turtle_interfaces/srv/detail/set_pose__rosidl_typesupport_fastrtps_c.h
[3.675s] -- Up-to-date: /home/yahboom/roscourse_ws/src/install/turtle_interfaces/include/turtle_interfaces/turtle_interfaces/msg
[3.675s] -- Up-to-date: /home/yahboom/roscourse_ws/src/install/turtle_interfaces/include/turtle_interfaces/turtle_interfaces/msg/detail
[3.676s] -- Up-to-date: /home/yahboom/roscourse_ws/src/install/turtle_interfaces/include/turtle_interfaces/turtle_interfaces/msg/detail/turtle_msg__rosidl_typesupport_fastrtps_c.h
[3.676s] -- Up-to-date: /home/yahboom/roscourse_ws/src/install/turtle_interfaces/include/turtle_interfaces/turtle_interfaces/msg/rosidl_typesupport_fastrtps_c__visibility_control.h
[3.679s] -- Up-to-date: /home/yahboom/roscourse_ws/src/install/turtle_interfaces/lib/libturtle_interfaces__rosidl_typesupport_fastrtps_c.so
[3.682s] -- Up-to-date: /home/yahboom/roscourse_ws/src/install/turtle_interfaces/include/turtle_interfaces/turtle_interfaces
[3.682s] -- Up-to-date: /home/yahboom/roscourse_ws/src/install/turtle_interfaces/include/turtle_interfaces/turtle_interfaces/srv
[3.683s] -- Up-to-date: /home/yahboom/roscourse_ws/src/install/turtle_interfaces/include/turtle_interfaces/turtle_interfaces/srv/set_pose.hpp
[3.683s] -- Up-to-date: /home/yahboom/roscourse_ws/src/install/turtle_interfaces/include/turtle_interfaces/turtle_interfaces/srv/detail
[3.683s] -- Up-to-date: /home/yahboom/roscourse_ws/src/install/turtle_interfaces/include/turtle_interfaces/turtle_interfaces/srv/detail/set_color__struct.hpp
[3.683s] -- Up-to-date: /home/yahboom/roscourse_ws/src/install/turtle_interfaces/include/turtle_interfaces/turtle_interfaces/srv/detail/set_color__builder.hpp
[3.684s] -- Up-to-date: /home/yahboom/roscourse_ws/src/install/turtle_interfaces/include/turtle_interfaces/turtle_interfaces/srv/detail/set_pose__traits.hpp
[3.684s] -- Up-to-date: /home/yahboom/roscourse_ws/src/install/turtle_interfaces/include/turtle_interfaces/turtle_interfaces/srv/detail/set_color__traits.hpp
[3.684s] -- Up-to-date: /home/yahboom/roscourse_ws/src/install/turtle_interfaces/include/turtle_interfaces/turtle_interfaces/srv/detail/set_pose__builder.hpp
[3.684s] -- Up-to-date: /home/yahboom/roscourse_ws/src/install/turtle_interfaces/include/turtle_interfaces/turtle_interfaces/srv/detail/set_pose__struct.hpp
[3.684s] -- Up-to-date: /home/yahboom/roscourse_ws/src/install/turtle_interfaces/include/turtle_interfaces/turtle_interfaces/srv/set_color.hpp
[3.684s] -- Up-to-date: /home/yahboom/roscourse_ws/src/install/turtle_interfaces/include/turtle_interfaces/turtle_interfaces/msg
[3.685s] -- Up-to-date: /home/yahboom/roscourse_ws/src/install/turtle_interfaces/include/turtle_interfaces/turtle_interfaces/msg/detail
[3.685s] -- Up-to-date: /home/yahboom/roscourse_ws/src/install/turtle_interfaces/include/turtle_interfaces/turtle_interfaces/msg/detail/turtle_msg__traits.hpp
[3.685s] -- Up-to-date: /home/yahboom/roscourse_ws/src/install/turtle_interfaces/include/turtle_interfaces/turtle_interfaces/msg/detail/turtle_msg__struct.hpp
[3.685s] -- Up-to-date: /home/yahboom/roscourse_ws/src/install/turtle_interfaces/include/turtle_interfaces/turtle_interfaces/msg/detail/turtle_msg__builder.hpp
[3.686s] -- Up-to-date: /home/yahboom/roscourse_ws/src/install/turtle_interfaces/include/turtle_interfaces/turtle_interfaces/msg/turtle_msg.hpp
[3.686s] -- Up-to-date: /home/yahboom/roscourse_ws/src/install/turtle_interfaces/include/turtle_interfaces/turtle_interfaces
[3.686s] -- Up-to-date: /home/yahboom/roscourse_ws/src/install/turtle_interfaces/include/turtle_interfaces/turtle_interfaces/srv
[3.686s] -- Up-to-date: /home/yahboom/roscourse_ws/src/install/turtle_interfaces/include/turtle_interfaces/turtle_interfaces/srv/detail
[3.686s] -- Up-to-date: /home/yahboom/roscourse_ws/src/install/turtle_interfaces/include/turtle_interfaces/turtle_interfaces/srv/detail/set_color__rosidl_typesupport_fastrtps_cpp.hpp
[3.686s] -- Up-to-date: /home/yahboom/roscourse_ws/src/install/turtle_interfaces/include/turtle_interfaces/turtle_interfaces/srv/detail/set_pose__rosidl_typesupport_fastrtps_cpp.hpp
[3.687s] -- Up-to-date: /home/yahboom/roscourse_ws/src/install/turtle_interfaces/include/turtle_interfaces/turtle_interfaces/srv/detail/dds_fastrtps
[3.687s] -- Up-to-date: /home/yahboom/roscourse_ws/src/install/turtle_interfaces/include/turtle_interfaces/turtle_interfaces/msg
[3.687s] -- Up-to-date: /home/yahboom/roscourse_ws/src/install/turtle_interfaces/include/turtle_interfaces/turtle_interfaces/msg/detail
[3.687s] -- Up-to-date: /home/yahboom/roscourse_ws/src/install/turtle_interfaces/include/turtle_interfaces/turtle_interfaces/msg/detail/turtle_msg__rosidl_typesupport_fastrtps_cpp.hpp
[3.687s] -- Up-to-date: /home/yahboom/roscourse_ws/src/install/turtle_interfaces/include/turtle_interfaces/turtle_interfaces/msg/detail/dds_fastrtps
[3.687s] -- Up-to-date: /home/yahboom/roscourse_ws/src/install/turtle_interfaces/include/turtle_interfaces/turtle_interfaces/msg/rosidl_typesupport_fastrtps_cpp__visibility_control.h
[3.687s] -- Up-to-date: /home/yahboom/roscourse_ws/src/install/turtle_interfaces/lib/libturtle_interfaces__rosidl_typesupport_fastrtps_cpp.so
[3.688s] -- Up-to-date: /home/yahboom/roscourse_ws/src/install/turtle_interfaces/include/turtle_interfaces/turtle_interfaces
[3.688s] -- Up-to-date: /home/yahboom/roscourse_ws/src/install/turtle_interfaces/include/turtle_interfaces/turtle_interfaces/srv
[3.689s] -- Up-to-date: /home/yahboom/roscourse_ws/src/install/turtle_interfaces/include/turtle_interfaces/turtle_interfaces/srv/detail
[3.690s] -- Up-to-date: /home/yahboom/roscourse_ws/src/install/turtle_interfaces/include/turtle_interfaces/turtle_interfaces/srv/detail/set_color__type_support.c
[3.691s] -- Up-to-date: /home/yahboom/roscourse_ws/src/install/turtle_interfaces/include/turtle_interfaces/turtle_interfaces/srv/detail/set_pose__rosidl_typesupport_introspection_c.h
[3.691s] -- Up-to-date: /home/yahboom/roscourse_ws/src/install/turtle_interfaces/include/turtle_interfaces/turtle_interfaces/srv/detail/set_pose__type_support.c
[3.691s] -- Up-to-date: /home/yahboom/roscourse_ws/src/install/turtle_interfaces/include/turtle_interfaces/turtle_interfaces/srv/detail/set_color__rosidl_typesupport_introspection_c.h
[3.692s] -- Up-to-date: /home/yahboom/roscourse_ws/src/install/turtle_interfaces/include/turtle_interfaces/turtle_interfaces/msg
[3.692s] -- Up-to-date: /home/yahboom/roscourse_ws/src/install/turtle_interfaces/include/turtle_interfaces/turtle_interfaces/msg/detail
[3.692s] -- Up-to-date: /home/yahboom/roscourse_ws/src/install/turtle_interfaces/include/turtle_interfaces/turtle_interfaces/msg/detail/turtle_msg__rosidl_typesupport_introspection_c.h
[3.692s] -- Up-to-date: /home/yahboom/roscourse_ws/src/install/turtle_interfaces/include/turtle_interfaces/turtle_interfaces/msg/detail/turtle_msg__type_support.c
[3.693s] -- Up-to-date: /home/yahboom/roscourse_ws/src/install/turtle_interfaces/include/turtle_interfaces/turtle_interfaces/msg/rosidl_typesupport_introspection_c__visibility_control.h
[3.693s] -- Up-to-date: /home/yahboom/roscourse_ws/src/install/turtle_interfaces/lib/libturtle_interfaces__rosidl_typesupport_introspection_c.so
[3.699s] -- Up-to-date: /home/yahboom/roscourse_ws/src/install/turtle_interfaces/lib/libturtle_interfaces__rosidl_typesupport_c.so
[3.699s] -- Up-to-date: /home/yahboom/roscourse_ws/src/install/turtle_interfaces/include/turtle_interfaces/turtle_interfaces
[3.699s] -- Up-to-date: /home/yahboom/roscourse_ws/src/install/turtle_interfaces/include/turtle_interfaces/turtle_interfaces/srv
[3.699s] -- Up-to-date: /home/yahboom/roscourse_ws/src/install/turtle_interfaces/include/turtle_interfaces/turtle_interfaces/srv/detail
[3.700s] -- Up-to-date: /home/yahboom/roscourse_ws/src/install/turtle_interfaces/include/turtle_interfaces/turtle_interfaces/srv/detail/set_color__type_support.cpp
[3.700s] -- Up-to-date: /home/yahboom/roscourse_ws/src/install/turtle_interfaces/include/turtle_interfaces/turtle_interfaces/srv/detail/set_pose__rosidl_typesupport_introspection_cpp.hpp
[3.700s] -- Up-to-date: /home/yahboom/roscourse_ws/src/install/turtle_interfaces/include/turtle_interfaces/turtle_interfaces/srv/detail/set_pose__type_support.cpp
[3.700s] -- Up-to-date: /home/yahboom/roscourse_ws/src/install/turtle_interfaces/include/turtle_interfaces/turtle_interfaces/srv/detail/set_color__rosidl_typesupport_introspection_cpp.hpp
[3.700s] -- Up-to-date: /home/yahboom/roscourse_ws/src/install/turtle_interfaces/include/turtle_interfaces/turtle_interfaces/msg
[3.700s] -- Up-to-date: /home/yahboom/roscourse_ws/src/install/turtle_interfaces/include/turtle_interfaces/turtle_interfaces/msg/detail
[3.701s] -- Up-to-date: /home/yahboom/roscourse_ws/src/install/turtle_interfaces/include/turtle_interfaces/turtle_interfaces/msg/detail/turtle_msg__type_support.cpp
[3.701s] -- Up-to-date: /home/yahboom/roscourse_ws/src/install/turtle_interfaces/include/turtle_interfaces/turtle_interfaces/msg/detail/turtle_msg__rosidl_typesupport_introspection_cpp.hpp
[3.703s] -- Up-to-date: /home/yahboom/roscourse_ws/src/install/turtle_interfaces/lib/libturtle_interfaces__rosidl_typesupport_introspection_cpp.so
[3.709s] -- Up-to-date: /home/yahboom/roscourse_ws/src/install/turtle_interfaces/lib/libturtle_interfaces__rosidl_typesupport_cpp.so
[3.709s] -- Up-to-date: /home/yahboom/roscourse_ws/src/install/turtle_interfaces/share/turtle_interfaces/environment/pythonpath.sh
[3.709s] -- Up-to-date: /home/yahboom/roscourse_ws/src/install/turtle_interfaces/share/turtle_interfaces/environment/pythonpath.dsv
[3.710s] -- Up-to-date: /home/yahboom/roscourse_ws/src/install/turtle_interfaces/local/lib/python3.10/dist-packages/turtle_interfaces-0.0.0-py3.10.egg-info
[3.710s] -- Installing: /home/yahboom/roscourse_ws/src/install/turtle_interfaces/local/lib/python3.10/dist-packages/turtle_interfaces-0.0.0-py3.10.egg-info/top_level.txt
[3.710s] -- Installing: /home/yahboom/roscourse_ws/src/install/turtle_interfaces/local/lib/python3.10/dist-packages/turtle_interfaces-0.0.0-py3.10.egg-info/PKG-INFO
[3.711s] -- Installing: /home/yahboom/roscourse_ws/src/install/turtle_interfaces/local/lib/python3.10/dist-packages/turtle_interfaces-0.0.0-py3.10.egg-info/dependency_links.txt
[3.711s] -- Installing: /home/yahboom/roscourse_ws/src/install/turtle_interfaces/local/lib/python3.10/dist-packages/turtle_interfaces-0.0.0-py3.10.egg-info/SOURCES.txt
[3.711s] -- Up-to-date: /home/yahboom/roscourse_ws/src/install/turtle_interfaces/local/lib/python3.10/dist-packages/turtle_interfaces
[3.715s] -- Up-to-date: /home/yahboom/roscourse_ws/src/install/turtle_interfaces/local/lib/python3.10/dist-packages/turtle_interfaces/libturtle_interfaces__rosidl_generator_py.so
[3.716s] -- Up-to-date: /home/yahboom/roscourse_ws/src/install/turtle_interfaces/local/lib/python3.10/dist-packages/turtle_interfaces/_turtle_interfaces_s.ep.rosidl_typesupport_c.c
[3.716s] -- Up-to-date: /home/yahboom/roscourse_ws/src/install/turtle_interfaces/local/lib/python3.10/dist-packages/turtle_interfaces/srv
[3.717s] -- Up-to-date: /home/yahboom/roscourse_ws/src/install/turtle_interfaces/local/lib/python3.10/dist-packages/turtle_interfaces/srv/_set_color.py
[3.717s] -- Up-to-date: /home/yahboom/roscourse_ws/src/install/turtle_interfaces/local/lib/python3.10/dist-packages/turtle_interfaces/srv/_set_pose_s.c
[3.717s] -- Up-to-date: /home/yahboom/roscourse_ws/src/install/turtle_interfaces/local/lib/python3.10/dist-packages/turtle_interfaces/srv/__init__.py
[3.718s] -- Up-to-date: /home/yahboom/roscourse_ws/src/install/turtle_interfaces/local/lib/python3.10/dist-packages/turtle_interfaces/srv/_set_color_s.c
[3.718s] -- Up-to-date: /home/yahboom/roscourse_ws/src/install/turtle_interfaces/local/lib/python3.10/dist-packages/turtle_interfaces/srv/_set_pose.py
[3.719s] -- Up-to-date: /home/yahboom/roscourse_ws/src/install/turtle_interfaces/local/lib/python3.10/dist-packages/turtle_interfaces/turtle_interfaces_s__rosidl_typesupport_introspection_c.cpython-310-x86_64-linux-gnu.so
[3.719s] -- Up-to-date: /home/yahboom/roscourse_ws/src/install/turtle_interfaces/local/lib/python3.10/dist-packages/turtle_interfaces/__init__.py
[3.719s] -- Up-to-date: /home/yahboom/roscourse_ws/src/install/turtle_interfaces/local/lib/python3.10/dist-packages/turtle_interfaces/turtle_interfaces_s__rosidl_typesupport_fastrtps_c.cpython-310-x86_64-linux-gnu.so
[3.720s] -- Up-to-date: /home/yahboom/roscourse_ws/src/install/turtle_interfaces/local/lib/python3.10/dist-packages/turtle_interfaces/_turtle_interfaces_s.ep.rosidl_typesupport_introspection_c.c
[3.720s] -- Up-to-date: /home/yahboom/roscourse_ws/src/install/turtle_interfaces/local/lib/python3.10/dist-packages/turtle_interfaces/msg
[3.720s] -- Up-to-date: /home/yahboom/roscourse_ws/src/install/turtle_interfaces/local/lib/python3.10/dist-packages/turtle_interfaces/msg/_turtle_msg.py
[3.721s] -- Up-to-date: /home/yahboom/roscourse_ws/src/install/turtle_interfaces/local/lib/python3.10/dist-packages/turtle_interfaces/msg/__init__.py
[3.721s] -- Up-to-date: /home/yahboom/roscourse_ws/src/install/turtle_interfaces/local/lib/python3.10/dist-packages/turtle_interfaces/msg/_turtle_msg_s.c
[3.721s] -- Up-to-date: /home/yahboom/roscourse_ws/src/install/turtle_interfaces/local/lib/python3.10/dist-packages/turtle_interfaces/turtle_interfaces_s__rosidl_typesupport_c.cpython-310-x86_64-linux-gnu.so
[3.722s] -- Up-to-date: /home/yahboom/roscourse_ws/src/install/turtle_interfaces/local/lib/python3.10/dist-packages/turtle_interfaces/_turtle_interfaces_s.ep.rosidl_typesupport_fastrtps_c.c
[3.950s] Listing '/home/yahboom/roscourse_ws/src/install/turtle_interfaces/local/lib/python3.10/dist-packages/turtle_interfaces'...
[3.951s] Listing '/home/yahboom/roscourse_ws/src/install/turtle_interfaces/local/lib/python3.10/dist-packages/turtle_interfaces/msg'...
[3.951s] Listing '/home/yahboom/roscourse_ws/src/install/turtle_interfaces/local/lib/python3.10/dist-packages/turtle_interfaces/srv'...
[3.965s] -- Up-to-date: /home/yahboom/roscourse_ws/src/install/turtle_interfaces/local/lib/python3.10/dist-packages/turtle_interfaces/turtle_interfaces_s__rosidl_typesupport_fastrtps_c.cpython-310-x86_64-linux-gnu.so
[3.978s] -- Up-to-date: /home/yahboom/roscourse_ws/src/install/turtle_interfaces/local/lib/python3.10/dist-packages/turtle_interfaces/turtle_interfaces_s__rosidl_typesupport_introspection_c.cpython-310-x86_64-linux-gnu.so
[3.979s] -- Up-to-date: /home/yahboom/roscourse_ws/src/install/turtle_interfaces/local/lib/python3.10/dist-packages/turtle_interfaces/turtle_interfaces_s__rosidl_typesupport_c.cpython-310-x86_64-linux-gnu.so
[3.979s] -- Up-to-date: /home/yahboom/roscourse_ws/src/install/turtle_interfaces/lib/libturtle_interfaces__rosidl_generator_py.so
[3.979s] -- Up-to-date: /home/yahboom/roscourse_ws/src/install/turtle_interfaces/share/turtle_interfaces/srv/SetPose.idl
[3.979s] -- Up-to-date: /home/yahboom/roscourse_ws/src/install/turtle_interfaces/share/turtle_interfaces/srv/SetColor.idl
[3.980s] -- Up-to-date: /home/yahboom/roscourse_ws/src/install/turtle_interfaces/share/turtle_interfaces/msg/TurtleMsg.idl
[3.980s] -- Up-to-date: /home/yahboom/roscourse_ws/src/install/turtle_interfaces/share/turtle_interfaces/srv/SetPose.srv
[3.981s] -- Up-to-date: /home/yahboom/roscourse_ws/src/install/turtle_interfaces/share/turtle_interfaces/srv/SetPose_Request.msg
[3.981s] -- Up-to-date: /home/yahboom/roscourse_ws/src/install/turtle_interfaces/share/turtle_interfaces/srv/SetPose_Response.msg
[3.982s] -- Up-to-date: /home/yahboom/roscourse_ws/src/install/turtle_interfaces/share/turtle_interfaces/srv/SetColor.srv
[3.982s] -- Up-to-date: /home/yahboom/roscourse_ws/src/install/turtle_interfaces/share/turtle_interfaces/srv/SetColor_Request.msg
[3.982s] -- Up-to-date: /home/yahboom/roscourse_ws/src/install/turtle_interfaces/share/turtle_interfaces/srv/SetColor_Response.msg
[3.982s] -- Up-to-date: /home/yahboom/roscourse_ws/src/install/turtle_interfaces/share/turtle_interfaces/msg/TurtleMsg.msg
[3.982s] -- Up-to-date: /home/yahboom/roscourse_ws/src/install/turtle_interfaces/share/ament_index/resource_index/package_run_dependencies/turtle_interfaces
[3.984s] -- Up-to-date: /home/yahboom/roscourse_ws/src/install/turtle_interfaces/share/ament_index/resource_index/parent_prefix_path/turtle_interfaces
[3.986s] -- Up-to-date: /home/yahboom/roscourse_ws/src/install/turtle_interfaces/share/turtle_interfaces/environment/ament_prefix_path.sh
[3.988s] -- Up-to-date: /home/yahboom/roscourse_ws/src/install/turtle_interfaces/share/turtle_interfaces/environment/ament_prefix_path.dsv
[3.988s] -- Up-to-date: /home/yahboom/roscourse_ws/src/install/turtle_interfaces/share/turtle_interfaces/environment/path.sh
[3.989s] -- Up-to-date: /home/yahboom/roscourse_ws/src/install/turtle_interfaces/share/turtle_interfaces/environment/path.dsv
[3.991s] -- Up-to-date: /home/yahboom/roscourse_ws/src/install/turtle_interfaces/share/turtle_interfaces/local_setup.bash
[3.991s] -- Up-to-date: /home/yahboom/roscourse_ws/src/install/turtle_interfaces/share/turtle_interfaces/local_setup.sh
[3.991s] -- Up-to-date: /home/yahboom/roscourse_ws/src/install/turtle_interfaces/share/turtle_interfaces/local_setup.zsh
[3.992s] -- Up-to-date: /home/yahboom/roscourse_ws/src/install/turtle_interfaces/share/turtle_interfaces/local_setup.dsv
[3.992s] -- Installing: /home/yahboom/roscourse_ws/src/install/turtle_interfaces/share/turtle_interfaces/package.dsv
[3.994s] -- Up-to-date: /home/yahboom/roscourse_ws/src/install/turtle_interfaces/share/ament_index/resource_index/packages/turtle_interfaces
[4.001s] -- Up-to-date: /home/yahboom/roscourse_ws/src/install/turtle_interfaces/share/turtle_interfaces/cmake/export_turtle_interfaces__rosidl_generator_cExport.cmake
[4.001s] -- Up-to-date: /home/yahboom/roscourse_ws/src/install/turtle_interfaces/share/turtle_interfaces/cmake/export_turtle_interfaces__rosidl_generator_cExport-noconfig.cmake
[4.004s] -- Up-to-date: /home/yahboom/roscourse_ws/src/install/turtle_interfaces/share/turtle_interfaces/cmake/export_turtle_interfaces__rosidl_typesupport_fastrtps_cExport.cmake
[4.004s] -- Up-to-date: /home/yahboom/roscourse_ws/src/install/turtle_interfaces/share/turtle_interfaces/cmake/export_turtle_interfaces__rosidl_typesupport_fastrtps_cExport-noconfig.cmake
[4.006s] -- Up-to-date: /home/yahboom/roscourse_ws/src/install/turtle_interfaces/share/turtle_interfaces/cmake/export_turtle_interfaces__rosidl_generator_cppExport.cmake
[4.008s] -- Up-to-date: /home/yahboom/roscourse_ws/src/install/turtle_interfaces/share/turtle_interfaces/cmake/export_turtle_interfaces__rosidl_typesupport_fastrtps_cppExport.cmake
[4.009s] -- Up-to-date: /home/yahboom/roscourse_ws/src/install/turtle_interfaces/share/turtle_interfaces/cmake/export_turtle_interfaces__rosidl_typesupport_fastrtps_cppExport-noconfig.cmake
[4.011s] -- Up-to-date: /home/yahboom/roscourse_ws/src/install/turtle_interfaces/share/turtle_interfaces/cmake/turtle_interfaces__rosidl_typesupport_introspection_cExport.cmake
[4.011s] -- Up-to-date: /home/yahboom/roscourse_ws/src/install/turtle_interfaces/share/turtle_interfaces/cmake/turtle_interfaces__rosidl_typesupport_introspection_cExport-noconfig.cmake
[4.013s] -- Up-to-date: /home/yahboom/roscourse_ws/src/install/turtle_interfaces/share/turtle_interfaces/cmake/turtle_interfaces__rosidl_typesupport_cExport.cmake
[4.014s] -- Up-to-date: /home/yahboom/roscourse_ws/src/install/turtle_interfaces/share/turtle_interfaces/cmake/turtle_interfaces__rosidl_typesupport_cExport-noconfig.cmake
[4.015s] -- Up-to-date: /home/yahboom/roscourse_ws/src/install/turtle_interfaces/share/turtle_interfaces/cmake/turtle_interfaces__rosidl_typesupport_introspection_cppExport.cmake
[4.016s] -- Up-to-date: /home/yahboom/roscourse_ws/src/install/turtle_interfaces/share/turtle_interfaces/cmake/turtle_interfaces__rosidl_typesupport_introspection_cppExport-noconfig.cmake
[4.018s] -- Up-to-date: /home/yahboom/roscourse_ws/src/install/turtle_interfaces/share/turtle_interfaces/cmake/turtle_interfaces__rosidl_typesupport_cppExport.cmake
[4.019s] -- Up-to-date: /home/yahboom/roscourse_ws/src/install/turtle_interfaces/share/turtle_interfaces/cmake/turtle_interfaces__rosidl_typesupport_cppExport-noconfig.cmake
[4.022s] -- Up-to-date: /home/yahboom/roscourse_ws/src/install/turtle_interfaces/share/turtle_interfaces/cmake/export_turtle_interfaces__rosidl_generator_pyExport.cmake
[4.022s] -- Up-to-date: /home/yahboom/roscourse_ws/src/install/turtle_interfaces/share/turtle_interfaces/cmake/export_turtle_interfaces__rosidl_generator_pyExport-noconfig.cmake
[4.024s] -- Up-to-date: /home/yahboom/roscourse_ws/src/install/turtle_interfaces/share/turtle_interfaces/cmake/rosidl_cmake-extras.cmake
[4.024s] -- Up-to-date: /home/yahboom/roscourse_ws/src/install/turtle_interfaces/share/turtle_interfaces/cmake/ament_cmake_export_dependencies-extras.cmake
[4.025s] -- Up-to-date: /home/yahboom/roscourse_ws/src/install/turtle_interfaces/share/turtle_interfaces/cmake/ament_cmake_export_include_directories-extras.cmake
[4.026s] -- Up-to-date: /home/yahboom/roscourse_ws/src/install/turtle_interfaces/share/turtle_interfaces/cmake/ament_cmake_export_libraries-extras.cmake
[4.026s] -- Up-to-date: /home/yahboom/roscourse_ws/src/install/turtle_interfaces/share/turtle_interfaces/cmake/ament_cmake_export_targets-extras.cmake
[4.026s] -- Up-to-date: /home/yahboom/roscourse_ws/src/install/turtle_interfaces/share/turtle_interfaces/cmake/rosidl_cmake_export_typesupport_targets-extras.cmake
[4.027s] -- Up-to-date: /home/yahboom/roscourse_ws/src/install/turtle_interfaces/share/turtle_interfaces/cmake/rosidl_cmake_export_typesupport_libraries-extras.cmake
[4.027s] -- Up-to-date: /home/yahboom/roscourse_ws/src/install/turtle_interfaces/share/turtle_interfaces/cmake/turtle_interfacesConfig.cmake
[4.027s] -- Up-to-date: /home/yahboom/roscourse_ws/src/install/turtle_interfaces/share/turtle_interfaces/cmake/turtle_interfacesConfig-version.cmake
[4.028s] -- Up-to-date: /home/yahboom/roscourse_ws/src/install/turtle_interfaces/share/turtle_interfaces/package.xml
[4.035s] Invoked command in '/home/yahboom/roscourse_ws/src/build/turtle_interfaces' returned '0': CMAKE_PREFIX_PATH=${CMAKE_PREFIX_PATH}:/home/yahboom/roscourse_ws/src/install/webcam:/home/yahboom/roscourse_ws/src/install/python_turtle:/home/yahboom/cartoros2/install/yahboomcar_nav:/home/yahboom/cartoros2/install/yahboomcar_ctrl:/home/yahboom/cartoros2/install/yahboom_visual:/home/yahboom/cartoros2/install/yahboom_dog_joint_state:/home/yahboom/cartoros2/install/yahboom_description:/home/yahboom/cartoros2/install/yahboom_color_identify_server:/home/yahboom/cartoros2/install/yahboom_bringup:/home/yahboom/cartoros2/install/yahboom_base:/home/yahboom/cartoros2/install/yahboom_app_save_map:/home/yahboom/cartoros2/install/update_map:/home/yahboom/cartoros2/install/rosboard:/home/yahboom/cartoros2/install/path_planner_server:/home/yahboom/cartoros2/install/nav2_simple_commander:/home/yahboom/cartoros2/install/nav2_gazebo_spawner:/home/yahboom/cartoros2/install/localization_server:/home/yahboom/cartoros2/install/laserscan_to_point_pulisher:/home/yahboom/yahboomcar_ws/install/yahboom_dog_example:/opt/ros/humble /usr/bin/cmake --install /home/yahboom/roscourse_ws/src/build/turtle_interfaces
