[0.988s] Invoking command in '/home/yahboom/roscourse_ws/src/webcam': PYTHONPATH=/home/yahboom/roscourse_ws/build/webcam/prefix_override:/home/yahboom/roscourse_ws/install/webcam/lib/python3.10/site-packages:${PYTHONPATH} /usr/bin/python3 -W ignore:setup.py install is deprecated setup.py egg_info --egg-base ../../build/webcam build --build-base /home/yahboom/roscourse_ws/build/webcam/build install --record /home/yahboom/roscourse_ws/build/webcam/install.log --single-version-externally-managed install_data
[1.379s] running egg_info
[1.379s] writing ../../build/webcam/webcam.egg-info/PKG-INFO
[1.380s] writing dependency_links to ../../build/webcam/webcam.egg-info/dependency_links.txt
[1.380s] writing entry points to ../../build/webcam/webcam.egg-info/entry_points.txt
[1.380s] writing requirements to ../../build/webcam/webcam.egg-info/requires.txt
[1.381s] writing top-level names to ../../build/webcam/webcam.egg-info/top_level.txt
[1.383s] reading manifest file '../../build/webcam/webcam.egg-info/SOURCES.txt'
[1.384s] writing manifest file '../../build/webcam/webcam.egg-info/SOURCES.txt'
[1.384s] running build
[1.384s] running build_py
[1.385s] running install
[1.385s] running install_lib
[1.387s] running install_data
[1.387s] running install_egg_info
[1.390s] removing '/home/yahboom/roscourse_ws/install/webcam/lib/python3.10/site-packages/webcam-0.0.0-py3.10.egg-info' (and everything under it)
[1.390s] Copying ../../build/webcam/webcam.egg-info to /home/yahboom/roscourse_ws/install/webcam/lib/python3.10/site-packages/webcam-0.0.0-py3.10.egg-info
[1.391s] running install_scripts
[1.429s] Installing webcam_pub script to /home/yahboom/roscourse_ws/install/webcam/lib/webcam
[1.430s] Installing webcam_sub script to /home/yahboom/roscourse_ws/install/webcam/lib/webcam
[1.431s] writing list of installed files to '/home/yahboom/roscourse_ws/build/webcam/install.log'
[1.458s] Invoked command in '/home/yahboom/roscourse_ws/src/webcam' returned '0': PYTHONPATH=/home/yahboom/roscourse_ws/build/webcam/prefix_override:/home/yahboom/roscourse_ws/install/webcam/lib/python3.10/site-packages:${PYTHONPATH} /usr/bin/python3 -W ignore:setup.py install is deprecated setup.py egg_info --egg-base ../../build/webcam build --build-base /home/yahboom/roscourse_ws/build/webcam/build install --record /home/yahboom/roscourse_ws/build/webcam/install.log --single-version-externally-managed install_data
