[1.015s] Invoking command in '/home/yahboom/Desktop/lec9/intro_ws/src/python_parameters': PYTHONPATH=/home/yahboom/Desktop/lec9/intro_ws/build/python_parameters/prefix_override:/home/yahboom/Desktop/lec9/intro_ws/install/python_parameters/lib/python3.10/site-packages:${PYTHONPATH} /usr/bin/python3 -W ignore:setup.py install is deprecated setup.py egg_info --egg-base ../../build/python_parameters build --build-base /home/yahboom/Desktop/lec9/intro_ws/build/python_parameters/build install --record /home/yahboom/Desktop/lec9/intro_ws/build/python_parameters/install.log --single-version-externally-managed install_data
[1.385s] running egg_info
[1.386s] writing ../../build/python_parameters/python_parameters.egg-info/PKG-INFO
[1.387s] writing dependency_links to ../../build/python_parameters/python_parameters.egg-info/dependency_links.txt
[1.387s] writing entry points to ../../build/python_parameters/python_parameters.egg-info/entry_points.txt
[1.388s] writing requirements to ../../build/python_parameters/python_parameters.egg-info/requires.txt
[1.388s] writing top-level names to ../../build/python_parameters/python_parameters.egg-info/top_level.txt
[1.390s] reading manifest file '../../build/python_parameters/python_parameters.egg-info/SOURCES.txt'
[1.391s] writing manifest file '../../build/python_parameters/python_parameters.egg-info/SOURCES.txt'
[1.392s] running build
[1.392s] running build_py
[1.392s] running install
[1.393s] running install_lib
[1.395s] running install_data
[1.395s] copying launch/run_multi_launch.py -> /home/yahboom/Desktop/lec9/intro_ws/install/python_parameters/share/python_parameters/launch
[1.395s] running install_egg_info
[1.397s] removing '/home/yahboom/Desktop/lec9/intro_ws/install/python_parameters/lib/python3.10/site-packages/python_parameters-0.0.0-py3.10.egg-info' (and everything under it)
[1.398s] Copying ../../build/python_parameters/python_parameters.egg-info to /home/yahboom/Desktop/lec9/intro_ws/install/python_parameters/lib/python3.10/site-packages/python_parameters-0.0.0-py3.10.egg-info
[1.399s] running install_scripts
[1.424s] Installing minimal_param_node script to /home/yahboom/Desktop/lec9/intro_ws/install/python_parameters/lib/python_parameters
[1.425s] writing list of installed files to '/home/yahboom/Desktop/lec9/intro_ws/build/python_parameters/install.log'
[1.751s] Invoked command in '/home/yahboom/Desktop/lec9/intro_ws/src/python_parameters' returned '0': PYTHONPATH=/home/yahboom/Desktop/lec9/intro_ws/build/python_parameters/prefix_override:/home/yahboom/Desktop/lec9/intro_ws/install/python_parameters/lib/python3.10/site-packages:${PYTHONPATH} /usr/bin/python3 -W ignore:setup.py install is deprecated setup.py egg_info --egg-base ../../build/python_parameters build --build-base /home/yahboom/Desktop/lec9/intro_ws/build/python_parameters/build install --record /home/yahboom/Desktop/lec9/intro_ws/build/python_parameters/install.log --single-version-externally-managed install_data
