[0.812s] Invoking command in '/home/yahboom/Desktop/S26_RobotProgramming_Crystal/lab3/Ferrara/lab/roscourse_ws/src/webcam': PYTHONPATH=/home/yahboom/Desktop/S26_RobotProgramming_Crystal/lab3/Ferrara/lab/roscourse_ws/build/webcam/prefix_override:/home/yahboom/Desktop/S26_RobotProgramming_Crystal/lab3/Ferrara/lab/roscourse_ws/install/webcam/lib/python3.10/site-packages:${PYTHONPATH} /usr/bin/python3 -W ignore:setup.py install is deprecated setup.py egg_info --egg-base ../../build/webcam build --build-base /home/yahboom/Desktop/S26_RobotProgramming_Crystal/lab3/Ferrara/lab/roscourse_ws/build/webcam/build install --record /home/yahboom/Desktop/S26_RobotProgramming_Crystal/lab3/Ferrara/lab/roscourse_ws/build/webcam/install.log --single-version-externally-managed install_data
[1.066s] running egg_info
[1.067s] writing ../../build/webcam/webcam.egg-info/PKG-INFO
[1.067s] writing dependency_links to ../../build/webcam/webcam.egg-info/dependency_links.txt
[1.067s] writing entry points to ../../build/webcam/webcam.egg-info/entry_points.txt
[1.067s] writing requirements to ../../build/webcam/webcam.egg-info/requires.txt
[1.068s] writing top-level names to ../../build/webcam/webcam.egg-info/top_level.txt
[1.069s] reading manifest file '../../build/webcam/webcam.egg-info/SOURCES.txt'
[1.070s] writing manifest file '../../build/webcam/webcam.egg-info/SOURCES.txt'
[1.070s] running build
[1.070s] running build_py
[1.070s] running install
[1.071s] running install_lib
[1.072s] running install_data
[1.072s] running install_egg_info
[1.074s] removing '/home/yahboom/Desktop/S26_RobotProgramming_Crystal/lab3/Ferrara/lab/roscourse_ws/install/webcam/lib/python3.10/site-packages/webcam-0.0.0-py3.10.egg-info' (and everything under it)
[1.074s] Copying ../../build/webcam/webcam.egg-info to /home/yahboom/Desktop/S26_RobotProgramming_Crystal/lab3/Ferrara/lab/roscourse_ws/install/webcam/lib/python3.10/site-packages/webcam-0.0.0-py3.10.egg-info
[1.075s] running install_scripts
[1.095s] Installing webcam_pub script to /home/yahboom/Desktop/S26_RobotProgramming_Crystal/lab3/Ferrara/lab/roscourse_ws/install/webcam/lib/webcam
[1.095s] Installing webcam_sub script to /home/yahboom/Desktop/S26_RobotProgramming_Crystal/lab3/Ferrara/lab/roscourse_ws/install/webcam/lib/webcam
[1.095s] writing list of installed files to '/home/yahboom/Desktop/S26_RobotProgramming_Crystal/lab3/Ferrara/lab/roscourse_ws/build/webcam/install.log'
[1.130s] Invoked command in '/home/yahboom/Desktop/S26_RobotProgramming_Crystal/lab3/Ferrara/lab/roscourse_ws/src/webcam' returned '0': PYTHONPATH=/home/yahboom/Desktop/S26_RobotProgramming_Crystal/lab3/Ferrara/lab/roscourse_ws/build/webcam/prefix_override:/home/yahboom/Desktop/S26_RobotProgramming_Crystal/lab3/Ferrara/lab/roscourse_ws/install/webcam/lib/python3.10/site-packages:${PYTHONPATH} /usr/bin/python3 -W ignore:setup.py install is deprecated setup.py egg_info --egg-base ../../build/webcam build --build-base /home/yahboom/Desktop/S26_RobotProgramming_Crystal/lab3/Ferrara/lab/roscourse_ws/build/webcam/build install --record /home/yahboom/Desktop/S26_RobotProgramming_Crystal/lab3/Ferrara/lab/roscourse_ws/build/webcam/install.log --single-version-externally-managed install_data
