[0.890s] Invoking command in '/home/yahboom/Desktop/S26_RobotProgramming_Crystal/lab3/Ferrara/lab/roscourse_ws/build/webcam': PYTHONPATH=/home/yahboom/Desktop/S26_RobotProgramming_Crystal/lab3/Ferrara/lab/roscourse_ws/build/webcam/prefix_override:/home/yahboom/Desktop/S26_RobotProgramming_Crystal/lab3/Ferrara/lab/roscourse_ws/install/webcam/lib/python3.10/site-packages:${PYTHONPATH} /usr/bin/python3 -W ignore:setup.py install is deprecated setup.py develop --editable --build-directory /home/yahboom/Desktop/S26_RobotProgramming_Crystal/lab3/Ferrara/lab/roscourse_ws/build/webcam/build --no-deps symlink_data
[1.215s] running develop
[1.218s] /usr/lib/python3/dist-packages/setuptools/command/easy_install.py:158: EasyInstallDeprecationWarning: easy_install command is deprecated. Use build and pip and other standards-based tools.
[1.218s]   warnings.warn(
[1.391s] running egg_info
[1.391s] creating webcam.egg-info
[1.391s] writing webcam.egg-info/PKG-INFO
[1.391s] writing dependency_links to webcam.egg-info/dependency_links.txt
[1.393s] writing entry points to webcam.egg-info/entry_points.txt
[1.393s] writing requirements to webcam.egg-info/requires.txt
[1.393s] writing top-level names to webcam.egg-info/top_level.txt
[1.394s] writing manifest file 'webcam.egg-info/SOURCES.txt'
[1.395s] reading manifest file 'webcam.egg-info/SOURCES.txt'
[1.396s] writing manifest file 'webcam.egg-info/SOURCES.txt'
[1.397s] running build_ext
[1.397s] Creating /home/yahboom/Desktop/S26_RobotProgramming_Crystal/lab3/Ferrara/lab/roscourse_ws/install/webcam/lib/python3.10/site-packages/webcam.egg-link (link to .)
[1.398s] Installing webcam_pub script to /home/yahboom/Desktop/S26_RobotProgramming_Crystal/lab3/Ferrara/lab/roscourse_ws/install/webcam/lib/webcam
[1.398s] Installing webcam_sub script to /home/yahboom/Desktop/S26_RobotProgramming_Crystal/lab3/Ferrara/lab/roscourse_ws/install/webcam/lib/webcam
[1.399s] 
[1.399s] Installed /home/yahboom/Desktop/S26_RobotProgramming_Crystal/lab3/Ferrara/lab/roscourse_ws/build/webcam
[1.399s] running symlink_data
[1.399s] creating /home/yahboom/Desktop/S26_RobotProgramming_Crystal/lab3/Ferrara/lab/roscourse_ws/install/webcam/share/ament_index
[1.399s] creating /home/yahboom/Desktop/S26_RobotProgramming_Crystal/lab3/Ferrara/lab/roscourse_ws/install/webcam/share/ament_index/resource_index
[1.399s] creating /home/yahboom/Desktop/S26_RobotProgramming_Crystal/lab3/Ferrara/lab/roscourse_ws/install/webcam/share/ament_index/resource_index/packages
[1.399s] symbolically linking /home/yahboom/Desktop/S26_RobotProgramming_Crystal/lab3/Ferrara/lab/roscourse_ws/build/webcam/resource/webcam -> /home/yahboom/Desktop/S26_RobotProgramming_Crystal/lab3/Ferrara/lab/roscourse_ws/install/webcam/share/ament_index/resource_index/packages
[1.399s] symbolically linking /home/yahboom/Desktop/S26_RobotProgramming_Crystal/lab3/Ferrara/lab/roscourse_ws/build/webcam/package.xml -> /home/yahboom/Desktop/S26_RobotProgramming_Crystal/lab3/Ferrara/lab/roscourse_ws/install/webcam/share/webcam
[1.421s] Invoked command in '/home/yahboom/Desktop/S26_RobotProgramming_Crystal/lab3/Ferrara/lab/roscourse_ws/build/webcam' returned '0': PYTHONPATH=/home/yahboom/Desktop/S26_RobotProgramming_Crystal/lab3/Ferrara/lab/roscourse_ws/build/webcam/prefix_override:/home/yahboom/Desktop/S26_RobotProgramming_Crystal/lab3/Ferrara/lab/roscourse_ws/install/webcam/lib/python3.10/site-packages:${PYTHONPATH} /usr/bin/python3 -W ignore:setup.py install is deprecated setup.py develop --editable --build-directory /home/yahboom/Desktop/S26_RobotProgramming_Crystal/lab3/Ferrara/lab/roscourse_ws/build/webcam/build --no-deps symlink_data
