[0.771s] Invoking command in '/home/yahboom/roscourse_sim_ws/src/my_robot': PYTHONPATH=/home/yahboom/roscourse_sim_ws/build/my_robot/prefix_override:/home/yahboom/roscourse_sim_ws/install/my_robot/lib/python3.10/site-packages:${PYTHONPATH} /usr/bin/python3 -W ignore:setup.py install is deprecated setup.py egg_info --egg-base ../../build/my_robot build --build-base /home/yahboom/roscourse_sim_ws/build/my_robot/build install --record /home/yahboom/roscourse_sim_ws/build/my_robot/install.log --single-version-externally-managed install_data
[1.037s] running egg_info
[1.037s] creating ../../build/my_robot/my_robot.egg-info
[1.038s] writing ../../build/my_robot/my_robot.egg-info/PKG-INFO
[1.038s] writing dependency_links to ../../build/my_robot/my_robot.egg-info/dependency_links.txt
[1.038s] writing entry points to ../../build/my_robot/my_robot.egg-info/entry_points.txt
[1.038s] writing requirements to ../../build/my_robot/my_robot.egg-info/requires.txt
[1.038s] writing top-level names to ../../build/my_robot/my_robot.egg-info/top_level.txt
[1.038s] writing manifest file '../../build/my_robot/my_robot.egg-info/SOURCES.txt'
[1.039s] reading manifest file '../../build/my_robot/my_robot.egg-info/SOURCES.txt'
[1.040s] writing manifest file '../../build/my_robot/my_robot.egg-info/SOURCES.txt'
[1.041s] running build
[1.041s] running build_py
[1.041s] creating /home/yahboom/roscourse_sim_ws/build/my_robot/build
[1.041s] creating /home/yahboom/roscourse_sim_ws/build/my_robot/build/lib
[1.041s] creating /home/yahboom/roscourse_sim_ws/build/my_robot/build/lib/my_robot
[1.041s] copying my_robot/__init__.py -> /home/yahboom/roscourse_sim_ws/build/my_robot/build/lib/my_robot
[1.041s] running install
[1.042s] running install_lib
[1.042s] creating /home/yahboom/roscourse_sim_ws/install/my_robot/lib/python3.10/site-packages/my_robot
[1.042s] copying /home/yahboom/roscourse_sim_ws/build/my_robot/build/lib/my_robot/__init__.py -> /home/yahboom/roscourse_sim_ws/install/my_robot/lib/python3.10/site-packages/my_robot
[1.043s] byte-compiling /home/yahboom/roscourse_sim_ws/install/my_robot/lib/python3.10/site-packages/my_robot/__init__.py to __init__.cpython-310.pyc
[1.043s] running install_data
[1.043s] creating /home/yahboom/roscourse_sim_ws/install/my_robot/share/ament_index
[1.044s] creating /home/yahboom/roscourse_sim_ws/install/my_robot/share/ament_index/resource_index
[1.044s] creating /home/yahboom/roscourse_sim_ws/install/my_robot/share/ament_index/resource_index/packages
[1.044s] copying resource/my_robot -> /home/yahboom/roscourse_sim_ws/install/my_robot/share/ament_index/resource_index/packages
[1.044s] copying package.xml -> /home/yahboom/roscourse_sim_ws/install/my_robot/share/my_robot
[1.044s] running install_egg_info
[1.046s] Copying ../../build/my_robot/my_robot.egg-info to /home/yahboom/roscourse_sim_ws/install/my_robot/lib/python3.10/site-packages/my_robot-0.0.0-py3.10.egg-info
[1.047s] running install_scripts
[1.072s] writing list of installed files to '/home/yahboom/roscourse_sim_ws/build/my_robot/install.log'
[1.097s] Invoked command in '/home/yahboom/roscourse_sim_ws/src/my_robot' returned '0': PYTHONPATH=/home/yahboom/roscourse_sim_ws/build/my_robot/prefix_override:/home/yahboom/roscourse_sim_ws/install/my_robot/lib/python3.10/site-packages:${PYTHONPATH} /usr/bin/python3 -W ignore:setup.py install is deprecated setup.py egg_info --egg-base ../../build/my_robot build --build-base /home/yahboom/roscourse_sim_ws/build/my_robot/build install --record /home/yahboom/roscourse_sim_ws/build/my_robot/install.log --single-version-externally-managed install_data
