[3.894s] Invoking command in '/home/yahboom/roscourse_ws/src/webcam': PYTHONPATH=/home/yahboom/roscourse_ws/build/webcam/prefix_override:/home/yahboom/roscourse_ws/install/webcam/lib/python3.10/site-packages:${PYTHONPATH} /usr/bin/python3 -W ignore:setup.py install is deprecated setup.py egg_info --egg-base ../../build/webcam build --build-base /home/yahboom/roscourse_ws/build/webcam/build install --record /home/yahboom/roscourse_ws/build/webcam/install.log --single-version-externally-managed install_data
[5.104s] running egg_info
[5.106s] writing ../../build/webcam/webcam.egg-info/PKG-INFO
[5.109s] writing dependency_links to ../../build/webcam/webcam.egg-info/dependency_links.txt
[5.109s] writing entry points to ../../build/webcam/webcam.egg-info/entry_points.txt
[5.110s] writing requirements to ../../build/webcam/webcam.egg-info/requires.txt
[5.110s] writing top-level names to ../../build/webcam/webcam.egg-info/top_level.txt
[5.120s] reading manifest file '../../build/webcam/webcam.egg-info/SOURCES.txt'
[5.125s] writing manifest file '../../build/webcam/webcam.egg-info/SOURCES.txt'
[5.127s] running build
[5.127s] running build_py
[5.130s] running install
[5.134s] running install_lib
[5.141s] running install_data
[5.141s] running install_egg_info
[5.148s] removing '/home/yahboom/roscourse_ws/install/webcam/lib/python3.10/site-packages/webcam-0.0.0-py3.10.egg-info' (and everything under it)
[5.150s] Copying ../../build/webcam/webcam.egg-info to /home/yahboom/roscourse_ws/install/webcam/lib/python3.10/site-packages/webcam-0.0.0-py3.10.egg-info
[5.155s] running install_scripts
[5.264s] Installing webcam_pub script to /home/yahboom/roscourse_ws/install/webcam/lib/webcam
[5.265s] Installing webcam_sub script to /home/yahboom/roscourse_ws/install/webcam/lib/webcam
[5.265s] writing list of installed files to '/home/yahboom/roscourse_ws/build/webcam/install.log'
[5.345s] Invoked command in '/home/yahboom/roscourse_ws/src/webcam' returned '0': PYTHONPATH=/home/yahboom/roscourse_ws/build/webcam/prefix_override:/home/yahboom/roscourse_ws/install/webcam/lib/python3.10/site-packages:${PYTHONPATH} /usr/bin/python3 -W ignore:setup.py install is deprecated setup.py egg_info --egg-base ../../build/webcam build --build-base /home/yahboom/roscourse_ws/build/webcam/build install --record /home/yahboom/roscourse_ws/build/webcam/install.log --single-version-externally-managed install_data
