[0.893s] Invoking command in '/home/yahboom/Desktop/S26_RobotProgramming_Crystal/lab3/Carsto/Lab/resource_ws/src/webcam': PYTHONPATH=/home/yahboom/Desktop/S26_RobotProgramming_Crystal/lab3/Carsto/Lab/resource_ws/build/webcam/prefix_override:/home/yahboom/Desktop/S26_RobotProgramming_Crystal/lab3/Carsto/Lab/resource_ws/install/webcam/lib/python3.10/site-packages:${PYTHONPATH} /usr/bin/python3 -W ignore:setup.py install is deprecated setup.py egg_info --egg-base ../../build/webcam build --build-base /home/yahboom/Desktop/S26_RobotProgramming_Crystal/lab3/Carsto/Lab/resource_ws/build/webcam/build install --record /home/yahboom/Desktop/S26_RobotProgramming_Crystal/lab3/Carsto/Lab/resource_ws/build/webcam/install.log --single-version-externally-managed install_data
[1.259s] running egg_info
[1.260s] writing ../../build/webcam/webcam.egg-info/PKG-INFO
[1.260s] writing dependency_links to ../../build/webcam/webcam.egg-info/dependency_links.txt
[1.260s] writing entry points to ../../build/webcam/webcam.egg-info/entry_points.txt
[1.260s] writing requirements to ../../build/webcam/webcam.egg-info/requires.txt
[1.262s] writing top-level names to ../../build/webcam/webcam.egg-info/top_level.txt
[1.263s] reading manifest file '../../build/webcam/webcam.egg-info/SOURCES.txt'
[1.265s] writing manifest file '../../build/webcam/webcam.egg-info/SOURCES.txt'
[1.265s] running build
[1.265s] running build_py
[1.266s] running install
[1.266s] running install_lib
[1.267s] running install_data
[1.267s] running install_egg_info
[1.271s] removing '/home/yahboom/Desktop/S26_RobotProgramming_Crystal/lab3/Carsto/Lab/resource_ws/install/webcam/lib/python3.10/site-packages/webcam-0.0.0-py3.10.egg-info' (and everything under it)
[1.271s] Copying ../../build/webcam/webcam.egg-info to /home/yahboom/Desktop/S26_RobotProgramming_Crystal/lab3/Carsto/Lab/resource_ws/install/webcam/lib/python3.10/site-packages/webcam-0.0.0-py3.10.egg-info
[1.271s] running install_scripts
[1.297s] Installing webcam_pub script to /home/yahboom/Desktop/S26_RobotProgramming_Crystal/lab3/Carsto/Lab/resource_ws/install/webcam/lib/webcam
[1.297s] Installing webcam_sub script to /home/yahboom/Desktop/S26_RobotProgramming_Crystal/lab3/Carsto/Lab/resource_ws/install/webcam/lib/webcam
[1.298s] writing list of installed files to '/home/yahboom/Desktop/S26_RobotProgramming_Crystal/lab3/Carsto/Lab/resource_ws/build/webcam/install.log'
[1.773s] Invoked command in '/home/yahboom/Desktop/S26_RobotProgramming_Crystal/lab3/Carsto/Lab/resource_ws/src/webcam' returned '0': PYTHONPATH=/home/yahboom/Desktop/S26_RobotProgramming_Crystal/lab3/Carsto/Lab/resource_ws/build/webcam/prefix_override:/home/yahboom/Desktop/S26_RobotProgramming_Crystal/lab3/Carsto/Lab/resource_ws/install/webcam/lib/python3.10/site-packages:${PYTHONPATH} /usr/bin/python3 -W ignore:setup.py install is deprecated setup.py egg_info --egg-base ../../build/webcam build --build-base /home/yahboom/Desktop/S26_RobotProgramming_Crystal/lab3/Carsto/Lab/resource_ws/build/webcam/build install --record /home/yahboom/Desktop/S26_RobotProgramming_Crystal/lab3/Carsto/Lab/resource_ws/build/webcam/install.log --single-version-externally-managed install_data
